0 57 74 75 76 77 78 79 80 81 82 83 84 85 86 87 88 89 90 91 92 93 94 95 96 97 98 99 1 52 41 62 2 58 24 3 25 4 36 61 45 46 5 72 73 6 71 7 23 8 35 48 66 9 15 10 27 42 11 43 12 19 13 32 34 70 14 16 51 37 60 17 40 18 31 20 21 22 56 26 28 29 38 69 30 55 59 33 44 67 39 64 50 54 47 49 53 63 65 68
0 57
0 74
0 75
0 76
0 77
0 78
0 79
0 80
0 81
0 82
0 83
0 84
0 85
0 86
0 87
0 88
0 89
0 90
0 91
0 92
0 93
0 94
0 95
0 96
0 97
0 98
0 99
57 26
57 31
74 1
75 2
76 3
77 4
78 6
79 7
80 8
81 9
82 10
83 11
84 13
85 14
86 15
87 16
88 17
89 18
90 19
91 20
92 21
93 22
94 23
95 24
96 25
97 27
98 29
99 31
1 52
1 41
1 62
52 21
41 16
62 8
62 29
2 58
2 24
58 28
58 39
58 47
24 10
3 25
3 4
25 40
4 36
4 61
4 45
4 46
61 44
45 54
46 9
5 72
5 73
72 7
72 12
6 71
71 15
71 49
71 68
71 70
7 23
23 56
8 35
8 48
8 66
66 42
9 15
10 27
10 42
11 43
43 40
43 50
12 19
19 14
13 32
13 34
13 70
32 59
34 67
70 69
16 51
16 37
16 60
37 22
37 30
17 40
40 20
40 31
40 64
18 31
56 69
29 38
29 69
30 55
33 44
67 53
54 65
53 63