0 10 13 25 26 27 1 5 19 28 29 30 2 9 31 32 33 3 34 35 36 4 21 7 37 38 39 40 41 42 6 16 43 44 45 20 46 47 48 8 11 49 50 51 17 52 53 54 55 56 57 12 58 59 60 61 62 63 18 64 65 66 14 15 67 68 69 70 71 72 73 74 75 76 77 78 79 80 81 82 83 84 22 23 85 86 87 88 89 90 91 92 93 24 94 95 96 97 98 99
0 10
0 13
0 25
0 26
0 27
10 3
10 55
10 56
10 57
13 2
13 7
13 18
13 19
13 64
13 65
13 66
25 31
25 89
25 44
25 56
26 28
27 42
27 70
27 84
1 5
1 19
1 28
1 29
1 30
5 40
5 41
5 42
19 82
19 83
19 84
28 66
29 80
29 54
30 43
30 90
2 9
2 31
2 32
2 33
9 17
9 52
9 53
9 54
31 40
32 55
33 85
33 97
33 86
3 34
3 35
3 36
34 58
34 92
34 62
35 40
36 62
4 21
4 7
4 37
4 38
4 39
21 88
21 89
21 90
7 6
7 20
7 46
7 47
7 48
37 98
38 88
38 67
39 82
39 84
40 60
40 84
41 47
41 81
6 16
6 43
6 44
6 45
16 15
16 73
16 74
16 75
43 57
44 51
44 66
45 97
20 8
20 22
20 23
20 85
20 86
20 87
46 90
47 79
48 98
8 11
8 49
8 50
8 51
11 12
11 58
11 59
11 60
49 52
50 61
17 76
17 77
17 78
52 58
53 55
53 98
54 84
56 92
57 67
12 61
12 62
12 63
59 98
59 69
61 90
62 64
63 93
18 79
18 80
18 81
64 69
65 81
66 90
66 76
14 15
14 67
14 68
14 69
15 70
15 71
15 72
67 71
68 74
68 73
69 72
69 91
69 95
71 78
73 94
74 86
75 87
76 93
77 89
79 96
81 83
81 94
22 91
22 92
22 93
23 24
23 94
23 95
23 96
87 95
87 99
24 97
24 98
24 99
94 95