0 60 59 24 27 79 69 55 18 80 25 16 10 30 33 50 48 53 67 97 85 86 20 32 15 62 47 81 35 91 12 95 73 46 40 90 26 99 4 96 57 3 94 66 2 72 9 36 78 84 28 42 22 39 82 89 68 70 88 31 11 58 52 38 17 37 8 44 19 92 93 14 75 87 29 51 77 13 64 54 34 83 41 1 23 43 98 45 61 74 56 6 5 71 63 76 7 65 49 21
0 60
0 59
0 24
0 27
0 79
0 69
0 55
0 18
0 80
0 25
0 16
0 10
0 30
0 33
0 50
0 48
0 53
0 67
0 97
0 85
0 86
0 20
0 32
0 15
0 62
0 47
0 81
0 35
0 91
0 12
0 95
0 73
0 46
0 40
0 90
0 26
0 99
0 4
0 96
0 57
0 3
0 94
0 66
0 2
0 72
0 9
0 36
0 78
0 84
0 28
0 42
0 22
0 39
0 82
0 89
0 68
0 70
0 88
0 31
0 11
0 58
0 52
0 38
0 17
0 37
0 8
0 44
0 19
0 92
0 93
0 14
0 75
0 87
0 29
0 51
0 77
0 13
0 64
0 54
0 34
0 83
0 41
60 1
60 2
60 3
60 4
60 6
60 7
60 11
60 12
60 13
60 14
60 18
60 20
60 21
60 24
60 28
60 31
60 40
60 42
60 43
60 44
60 46
60 48
60 49
60 50
60 54
60 56
60 59
60 76
60 97
60 98
60 88
60 81
60 62
60 78
60 68
60 70
60 61
60 90
60 89
60 80
60 85
60 96
60 99
60 63
60 91
60 75
60 74
60 77
60 84
60 87
60 72
60 71
60 69
60 65
60 66
60 73
60 79
60 93
60 86
59 3
59 5
59 6
59 8
59 11
59 12
59 15
59 17
59 18
59 19
59 20
59 23
59 24
59 25
59 27
59 28
59 31
59 32
59 35
59 42
59 43
59 44
59 46
59 49
59 50
59 51
59 53
59 55
59 78
59 74
59 82
59 76
59 66
59 93
59 97
59 71
59 79
59 86
59 64
59 68
59 83
59 95
59 88
59 92
59 67
59 89
59 65
59 87
59 81
59 91
59 69
59 85
59 77
59 61
59 75
24 3
24 4
24 6
24 12
24 15
24 17
24 20
24 22
24 56
24 49
24 61
24 33
24 68
24 75
24 47
24 27
24 87
24 25
24 26
24 62
24 76
24 71
24 53
24 67
24 36
24 69
24 45
24 95
24 80
24 82
24 32
24 78
24 55
24 93
24 48
24 64
24 90
24 96
24 83
24 70
24 65
24 43
24 81
24 79
24 35
24 88
24 54
24 97
24 44
24 73
24 42
24 92
24 39
24 51
24 74
24 86
24 58
24 30
24 37
24 98
24 94
24 31
24 66
24 28
24 38
24 85
24 89
24 91
24 63
24 41
24 84
24 46
24 77
24 99
27 2
27 6
27 8
27 12
27 16
27 17
27 18
27 19
27 20
27 23
27 52
27 38
27 32
27 50
27 71
27 42
27 93
27 78
27 40
27 89
27 99
27 43
27 94
27 72
27 37
27 88
27 28
27 73
27 65
27 41
27 68
27 47
27 97
27 31
27 76
27 54
27 30
27 92
27 87
27 36
27 84
27 49
27 58
27 57
27 75
27 81
27 34
27 29
27 64
27 98
27 86
27 39
27 69
27 70
27 91
27 53
27 95
27 51
27 79
27 61
27 45
79 4
79 6
79 7
79 8
79 15
79 16
79 17
79 18
79 19
79 20
79 21
79 22
79 23
79 28
79 31
79 32
79 38
79 40
79 42
79 43
79 44
79 46
79 49
79 50
79 51
79 53
79 54
79 61
79 62
79 65
79 66
79 68
79 69
79 70
79 71
79 72
79 75
79 76
79 78
79 86
79 95
79 90
79 94
79 83
79 99
79 96
79 88
69 4
69 6
69 12
69 13
69 15
69 17
69 18
69 20
69 23
69 31
69 32
69 39
69 40
69 42
69 43
69 44
69 48
69 49
69 50
69 51
69 53
69 54
69 56
69 61
69 65
69 67
69 68
69 93
69 92
69 71
69 74
69 85
69 82
69 84
69 73
69 99
69 95
69 70
69 81
69 94
69 80
69 83
69 78
69 89
69 88
69 72
69 96
69 97
69 75
69 91
69 76
69 98
69 86
69 87
55 1
55 4
55 6
55 7
55 8
55 11
55 13
55 15
55 17
55 18
55 20
55 22
55 23
55 28
55 31
55 32
55 34
55 35
55 36
55 38
55 42
55 43
55 44
55 45
55 48
55 50
55 66
55 74
55 98
55 70
55 81
55 78
55 61
55 76
55 97
55 96
55 72
55 92
55 63
55 62
55 68
55 75
55 57
55 83
55 99
55 71
55 64
55 89
55 65
55 91
55 93
55 95
55 80
18 4
18 6
18 10
18 13
18 15
18 17
18 34
18 19
18 61
18 37
18 44
18 71
18 66
18 67
18 87
18 29
18 93
18 42
18 98
18 41
18 73
18 85
18 58
18 52
18 75
18 68
18 94
18 48
18 25
18 30
18 49
18 97
18 82
18 91
18 63
18 40
18 92
18 76
18 22
18 50
18 77
18 21
18 99
18 39
18 31
18 45
18 53
18 88
18 46
18 57
18 64
18 35
18 51
18 62
18 26
18 70
18 54
18 20
18 72
18 33
18 78
18 47
18 89
18 32
18 28
18 90
18 83
18 43
18 74
18 84
18 56
80 2
80 6
80 7
80 8
80 10
80 13
80 15
80 16
80 17
80 19
80 20
80 21
80 22
80 28
80 31
80 32
80 33
80 40
80 42
80 43
80 44
80 45
80 46
80 48
80 49
80 50
80 56
80 61
80 63
80 65
80 67
80 68
80 70
80 72
80 73
80 75
80 76
80 77
80 78
80 95
80 88
80 90
80 93
25 2
25 3
25 4
25 6
25 7
25 11
25 12
25 13
25 17
25 19
25 20
25 21
25 22
25 41
25 34
25 94
25 86
25 26
25 50
25 71
25 39
25 33
25 67
16 4
16 6
16 8
16 11
16 13
16 15
16 98
16 33
16 23
16 63
16 47
16 46
16 65
16 88
16 67
16 50
16 35
16 45
16 58
16 28
16 71
16 32
16 87
16 31
16 76
16 90
16 89
16 68
16 26
16 93
16 38
16 37
16 70
16 40
10 1
10 2
10 4
10 5
10 6
10 7
10 8
10 85
10 86
10 99
10 91
10 56
10 37
10 74
10 26
10 14
10 29
10 81
10 39
10 58
10 33
10 90
10 41
10 57
10 52
10 94
10 97
10 46
10 65
10 11
10 50
10 72
30 1
30 3
30 6
30 14
30 15
30 17
30 19
30 20
30 21
30 28
30 29
30 91
30 72
30 87
30 47
30 45
30 75
30 98
30 57
30 42
30 36
33 1
33 3
33 4
33 6
33 7
33 13
33 17
33 20
33 22
33 31
33 87
33 42
33 62
33 52
33 47
33 90
33 50
33 66
33 96
33 37
33 81
33 48
33 91
50 2
50 3
50 4
50 5
50 6
50 13
50 15
50 20
50 22
50 31
50 32
50 40
50 42
50 43
50 44
50 45
50 46
50 94
50 61
50 89
50 81
50 62
50 87
50 91
50 51
50 63
50 78
50 73
50 57
50 74
50 86
50 82
50 52
50 72
50 76
50 93
50 77
50 90
50 97
50 56
50 83
50 71
50 75
50 88
50 54
50 68
50 70
50 85
50 67
50 98
50 92
50 64
50 96
50 95
50 65
50 53
50 84
50 66
50 58
50 99
48 1
48 4
48 6
48 8
48 13
48 14
48 19
48 20
48 22
48 23
48 28
48 29
48 31
48 40
48 42
48 43
48 44
48 62
48 72
48 85
48 74
48 89
48 92
48 56
48 83
48 53
48 91
48 97
48 76
48 52
48 73
48 88
48 84
48 71
48 95
48 61
48 90
48 98
48 94
48 70
48 54
48 75
48 87
48 96
48 93
48 81
48 78
48 49
48 86
48 57
48 63
48 65
48 67
53 2
53 4
53 6
53 7
53 8
53 13
53 15
53 19
53 20
53 22
53 23
53 28
53 31
53 35
53 39
53 40
53 42
53 43
53 44
53 45
53 46
53 51
53 68
53 67
53 96
53 95
53 81
53 94
53 71
53 64
53 97
53 73
53 90
53 92
53 63
53 75
67 3
67 4
67 6
67 7
67 8
67 12
67 13
67 15
67 20
67 22
67 28
67 31
67 39
67 40
67 42
67 44
67 45
67 46
67 47
67 61
67 62
67 63
67 65
67 88
67 91
67 99
67 92
67 90
67 75
67 95
67 73
67 70
67 93
67 89
67 74
67 98
67 82
67 71
67 97
67 77
67 72
67 68
67 85
97 1
97 4
97 6
97 8
97 15
97 17
97 20
97 21
97 23
97 28
97 29
97 31
97 35
97 40
97 42
97 43
97 44
97 46
97 49
97 56
97 61
97 62
97 63
97 64
97 65
97 66
97 68
97 70
97 71
97 74
97 75
97 76
97 82
97 84
97 85
97 87
97 89
97 90
97 91
97 92
97 93
97 94
97 96
97 99
85 2
85 3
85 4
85 6
85 7
85 11
85 14
85 15
85 19
85 20
85 21
85 22
85 29
85 31
85 35
85 38
85 41
85 42
85 43
85 44
85 49
85 51
85 58
85 62
85 63
85 65
85 66
85 70
85 71
85 72
85 75
85 76
85 78
85 84
85 86
85 92
85 91
85 94
85 96
86 1
86 3
86 4
86 8
86 14
86 17
86 19
86 20
86 21
86 22
86 28
86 29
86 31
86 32
86 40
86 42
86 43
86 44
86 46
86 49
86 51
86 63
86 65
86 68
86 70
86 71
86 72
86 73
86 75
86 78
86 81
86 82
86 84
86 96
86 98
20 1
20 3
20 6
20 8
20 12
20 15
20 19
20 68
20 28
20 83
20 96
20 84
20 52
20 22
20 90
20 98
20 99
20 64
20 93
20 56
20 91
20 88
20 35
20 72
20 74
20 65
20 23
20 46
20 43
20 37
20 87
20 31
20 21
20 75
20 63
20 58
20 29
20 78
20 94
20 81
20 26
20 47
20 45
20 89
20 42
20 82
20 77
20 34
20 40
20 71
20 70
20 49
20 57
20 41
20 61
20 76
20 92
20 32
20 66
20 54
20 51
20 38
20 36
32 2
32 3
32 4
32 6
32 7
32 12
32 13
32 15
32 17
32 21
32 22
32 23
32 31
32 95
32 49
32 66
32 46
32 39
32 94
32 77
32 47
32 90
32 51
32 57
32 81
32 58
32 40
32 64
32 34
32 91
32 84
32 82
32 36
32 96
32 56
32 35
32 78
32 63
32 52
15 2
15 6
15 8
15 12
15 13
15 89
15 52
15 90
15 19
15 51
15 35
15 46
15 21
15 40
15 92
15 88
15 44
15 47
15 61
15 22
15 58
15 99
15 68
15 17
15 66
15 29
15 41
15 49
15 98
15 72
15 87
15 70
15 74
15 43
15 78
15 84
15 65
15 71
15 23
15 75
15 64
15 73
15 94
15 39
15 28
15 77
15 82
15 83
15 34
62 3
62 4
62 5
62 6
62 13
62 17
62 19
62 21
62 22
62 23
62 28
62 31
62 35
62 39
62 40
62 42
62 43
62 44
62 49
62 56
62 72
62 68
62 93
62 96
62 89
62 71
62 73
62 82
62 75
62 94
62 65
62 98
62 88
62 87
62 91
62 95
62 84
62 77
62 70
47 2
47 3
47 4
47 6
47 8
47 13
47 17
47 19
47 28
47 29
47 31
47 41
47 42
47 43
47 44
47 94
47 89
47 52
47 68
81 1
81 2
81 4
81 6
81 8
81 12
81 13
81 14
81 17
81 21
81 23
81 28
81 31
81 40
81 42
81 43
81 49
81 51
81 56
81 58
81 61
81 65
81 68
81 70
81 71
81 72
81 75
81 76
81 77
81 96
81 95
81 91
35 3
35 4
35 6
35 8
35 12
35 13
35 14
35 17
35 19
35 21
35 23
35 26
35 28
35 29
35 31
35 52
35 51
35 94
35 98
35 49
35 61
35 58
35 41
35 38
35 82
35 63
35 95
35 68
35 36
35 64
35 37
35 77
35 45
35 88
35 44
91 3
91 13
91 14
91 17
91 19
91 28
91 29
91 31
91 40
91 42
91 43
91 44
91 49
91 51
91 56
91 61
91 65
91 66
91 70
91 72
91 75
91 76
91 82
91 84
91 87
91 88
91 99
91 92
91 98
91 95
91 96
12 2
12 3
12 4
12 5
12 6
12 7
12 8
12 89
12 41
12 52
12 44
12 61
12 38
12 19
12 42
12 58
12 84
12 93
12 77
12 28
12 82
12 29
12 36
12 83
12 63
12 64
12 46
12 34
12 49
12 39
12 90
12 72
12 71
12 78
12 17
12 31
12 92
95 2
95 4
95 6
95 8
95 13
95 14
95 17
95 19
95 23
95 28
95 31
95 41
95 42
95 43
95 44
95 46
95 51
95 63
95 64
95 68
95 70
95 72
95 75
95 77
95 87
95 89
95 92
95 93
95 94
95 98
73 3
73 6
73 7
73 8
73 13
73 17
73 19
73 23
73 29
73 31
73 40
73 42
73 43
73 44
73 49
73 56
73 63
73 65
73 66
73 70
73 72
73 93
73 78
73 89
73 74
73 76
73 75
73 96
46 3
46 4
46 5
46 6
46 7
46 8
46 13
46 17
46 19
46 21
46 28
46 31
46 37
46 40
46 42
46 43
46 44
46 45
46 96
46 76
46 51
46 88
46 99
46 70
46 78
46 54
46 63
46 72
46 64
46 58
46 93
46 90
46 82
46 75
46 74
46 49
40 4
40 6
40 7
40 11
40 13
40 17
40 19
40 21
40 29
40 31
40 99
40 64
40 90
40 83
40 72
40 94
40 52
40 42
40 89
40 44
40 76
40 70
40 45
40 58
40 96
40 49
40 93
40 88
40 84
40 87
40 43
40 57
40 68
40 54
40 78
40 41
40 71
40 92
40 98
40 65
40 82
40 77
40 74
90 2
90 4
90 6
90 7
90 8
90 13
90 19
90 23
90 31
90 42
90 43
90 44
90 45
90 49
90 51
90 58
90 63
90 65
90 70
90 72
90 75
90 76
90 77
90 78
90 82
90 84
90 87
90 89
90 99
26 1
26 6
26 7
26 13
26 17
26 19
26 21
26 38
26 31
26 82
26 87
26 66
26 74
99 2
99 3
99 4
99 6
99 7
99 8
99 13
99 17
99 22
99 28
99 31
99 41
99 42
99 43
99 44
99 45
99 51
99 63
99 75
99 76
99 84
99 89
99 92
99 93
99 94
99 96
99 98
4 1
4 5
4 96
4 64
4 61
4 37
4 51
4 82
4 42
4 89
4 13
4 38
4 14
4 71
4 39
4 88
4 52
4 77
4 41
4 28
4 22
4 49
4 72
4 84
4 56
4 57
4 92
4 94
4 45
4 8
4 65
4 78
4 19
4 54
4 21
4 83
4 70
4 66
4 23
4 31
4 7
4 58
4 36
96 2
96 3
96 7
96 13
96 14
96 17
96 29
96 31
96 37
96 39
96 42
96 43
96 44
96 49
96 51
96 56
96 57
96 63
96 65
96 70
96 72
96 75
96 76
96 77
96 82
96 84
96 87
96 89
96 92
96 94
96 98
57 1
57 2
57 6
57 7
57 8
57 11
57 14
57 23
57 28
57 29
57 31
57 41
57 42
57 43
57 44
57 49
57 88
57 66
57 64
57 78
57 92
57 58
57 77
57 74
57 65
3 1
3 52
3 39
3 37
3 83
3 88
3 17
3 44
3 5
3 58
3 8
3 34
3 7
3 93
3 13
3 87
3 65
3 70
3 63
3 66
3 6
3 49
3 77
3 98
3 84
3 68
3 38
3 76
3 74
3 9
3 19
3 89
3 71
3 31
3 23
3 64
3 56
94 2
94 6
94 8
94 13
94 17
94 22
94 31
94 38
94 41
94 42
94 43
94 44
94 45
94 49
94 52
94 54
94 65
94 66
94 68
94 70
94 71
94 72
94 76
94 77
94 82
94 83
94 84
94 88
94 89
94 93
94 98
66 1
66 2
66 6
66 7
66 13
66 17
66 21
66 23
66 28
66 29
66 31
66 38
66 42
66 43
66 44
66 45
66 56
66 61
66 65
66 68
66 82
66 77
66 78
66 84
66 70
2 6
2 45
2 89
2 84
2 63
2 38
2 82
2 8
2 61
2 17
2 71
2 13
2 37
2 83
2 9
2 52
2 39
2 68
2 5
2 76
2 51
2 31
2 42
2 98
72 6
72 13
72 17
72 19
72 21
72 22
72 23
72 29
72 31
72 37
72 42
72 43
72 44
72 49
72 56
72 63
72 65
72 68
72 87
72 89
72 88
72 93
72 78
72 75
72 76
72 98
72 74
9 1
9 6
9 8
9 88
36 1
36 6
36 7
36 8
36 19
36 21
36 22
36 23
36 31
36 39
36 42
36 77
78 6
78 8
78 11
78 13
78 17
78 19
78 23
78 31
78 37
78 39
78 42
78 44
78 45
78 49
78 56
78 61
78 65
78 68
78 71
78 75
78 76
78 92
78 84
78 89
78 82
78 98
84 1
84 5
84 6
84 7
84 8
84 11
84 13
84 17
84 19
84 21
84 29
84 31
84 37
84 41
84 42
84 43
84 44
84 49
84 51
84 54
84 61
84 63
84 65
84 68
84 70
84 74
84 75
84 76
84 82
84 98
84 88
84 92
84 87
84 93
28 6
28 7
28 13
28 17
28 19
28 21
28 22
28 23
28 82
28 54
28 58
28 68
28 93
28 98
28 51
28 61
28 70
28 41
28 89
28 64
28 71
28 83
28 56
28 88
28 44
28 75
28 29
28 92
28 45
28 49
28 87
28 63
28 52
42 6
42 13
42 14
42 17
42 19
42 23
42 31
42 39
42 65
42 51
42 45
42 82
42 43
42 54
42 87
42 49
42 52
42 75
42 88
42 71
42 83
42 64
42 77
42 68
42 61
42 76
42 70
42 92
42 98
42 63
42 56
42 93
42 58
42 89
42 74
42 44
22 1
22 6
22 13
22 19
22 68
22 87
22 54
22 70
22 93
22 76
22 58
22 98
22 92
22 74
22 51
22 65
22 89
22 23
22 29
22 82
22 45
22 44
22 43
39 6
39 7
39 8
39 13
39 14
39 17
39 29
39 31
39 38
39 49
39 77
39 45
39 83
39 92
39 52
39 56
39 93
39 44
82 5
82 6
82 7
82 13
82 17
82 23
82 31
82 43
82 44
82 45
82 49
82 56
82 61
82 63
82 65
82 68
82 70
82 71
82 75
82 76
82 93
82 88
82 87
82 89
82 92
89 7
89 8
89 13
89 17
89 19
89 23
89 31
89 43
89 44
89 45
89 49
89 51
89 52
89 61
89 63
89 65
89 75
89 76
89 92
89 93
68 6
68 7
68 8
68 13
68 17
68 19
68 23
68 31
68 43
68 44
68 45
68 63
68 65
68 92
68 74
68 76
68 75
68 77
68 71
68 83
68 87
68 98
70 1
70 6
70 14
70 17
70 19
70 23
70 31
70 43
70 44
70 51
70 56
70 61
70 63
70 65
70 98
70 93
70 76
70 75
70 92
70 87
70 71
88 7
88 13
88 17
88 21
88 23
88 29
88 31
88 43
88 45
88 49
88 51
88 52
88 58
88 65
88 71
88 75
88 87
88 92
88 93
31 6
31 17
31 19
31 21
31 37
31 75
31 93
31 87
31 61
31 44
31 74
31 64
31 49
31 43
31 41
31 34
31 76
31 98
31 38
31 56
31 51
31 83
31 71
31 77
31 52
31 54
31 92
31 45
31 65
31 63
31 58
11 1
11 6
11 7
11 19
11 14
11 34
11 37
11 21
58 7
58 17
58 19
58 43
58 44
58 49
58 52
58 56
58 63
58 65
52 6
52 13
52 17
52 23
52 43
52 44
52 45
52 51
52 93
38 1
38 6
38 7
38 8
38 13
38 23
38 37
17 8
17 13
17 14
17 74
17 29
17 51
17 65
17 44
17 43
17 64
17 93
17 34
17 56
17 21
17 71
17 45
17 87
17 76
17 54
17 63
17 61
37 1
37 6
37 7
37 8
37 13
37 23
8 1
8 6
8 7
8 41
8 34
8 77
8 13
8 23
8 49
8 76
8 56
8 75
8 43
8 44
8 92
8 14
8 83
8 61
44 1
44 7
44 13
44 21
44 23
44 43
44 71
44 56
44 92
44 45
44 75
44 93
44 51
44 76
44 64
44 77
44 49
44 54
44 83
44 74
44 63
44 87
44 65
44 98
19 1
19 5
19 6
19 7
19 13
19 64
19 92
19 83
19 49
19 45
19 51
19 71
19 98
19 43
19 74
19 65
19 54
19 29
19 63
19 75
92 1
92 6
92 13
92 41
92 43
92 49
92 51
92 56
92 65
92 71
92 75
92 77
92 93
93 6
93 13
93 23
93 41
93 43
93 49
93 51
93 54
93 56
93 63
93 65
93 71
93 74
93 75
93 76
93 87
14 6
14 7
14 13
14 49
14 29
14 87
14 51
14 75
14 63
14 23
14 98
75 13
75 21
75 23
75 29
75 43
75 45
75 49
75 56
75 65
75 71
75 98
75 87
75 76
75 83
75 77
87 6
87 13
87 23
87 29
87 34
87 43
87 45
87 49
87 51
87 61
87 65
87 71
87 76
87 98
29 6
29 13
29 23
29 43
29 71
29 65
29 54
29 64
29 77
29 61
29 34
29 45
51 6
51 13
51 21
51 23
51 41
51 49
51 65
51 64
51 83
51 71
51 98
51 61
77 6
77 13
77 23
77 34
77 43
77 45
77 49
77 63
77 64
77 65
77 71
77 76
13 1
13 6
13 7
13 23
13 61
13 71
13 65
13 21
13 34
13 56
13 74
13 41
13 64
13 43
13 98
13 49
13 54
64 23
64 41
64 43
64 45
64 49
64 56
64 61
54 1
54 6
54 7
54 41
54 43
54 49
54 61
34 1
34 6
34 23
34 65
83 6
83 7
83 23
83 43
83 45
83 49
83 61
83 63
83 65
83 71
83 76
41 1
41 6
41 21
41 23
41 63
1 23
1 43
1 98
1 45
1 61
1 74
1 56
1 6
1 5
1 71
23 6
23 7
23 63
23 71
23 56
23 76
23 98
23 49
43 6
43 76
43 65
43 49
43 71
43 45
43 63
43 74
43 98
43 56
98 6
98 49
98 61
98 65
98 71
98 76
45 6
45 7
45 21
45 56
45 61
45 65
61 7
61 21
61 49
61 76
74 6
74 7
74 21
74 63
56 6
56 7
56 21
56 49
56 71
56 65
6 63
6 65
6 76
6 7
6 49
5 21
71 49
71 65
63 21
76 21
76 49
65 21
65 49
49 21