0 66 98 24 70 41 1 97 17 23 28 48 95 4 71 35 29 74 68 76 18 86 8 25 2 85 91 3 32 60 82 49 34 7 59 5 6 44 50 16 31 83 77 53 63 99 9 10 11 12 75 14 13 42 15 65 30 78 88 45 79 47 93 87 84 72 51 61 73 40 19 20 21 64 22 57 39 43 26 27 89 33 54 80 69 36 55 58 96 37 56 38 94 81 52 62 92 90 46 67
0 66
0 98
0 24
0 70
0 41
0 40
0 44
0 74
66 28
66 36
66 38
66 55
66 58
66 80
66 30
66 70
66 29
66 82
66 98
66 84
66 42
66 89
66 23
98 1
98 36
98 40
98 44
98 48
98 51
98 64
98 74
98 86
98 94
98 47
98 10
98 29
98 12
98 78
98 41
98 80
98 61
24 4
24 7
24 79
24 91
24 2
24 97
24 99
24 39
24 32
24 53
24 55
24 61
24 75
24 94
70 4
70 31
70 32
70 40
70 42
70 47
70 52
70 60
70 50
70 78
70 7
70 67
70 94
70 72
70 27
70 22
70 95
70 88
70 96
41 36
41 19
41 57
41 83
41 4
41 99
41 22
41 69
41 62
41 32
41 28
41 13
41 78
41 50
41 52
41 81
41 91
1 97
1 17
1 23
1 28
1 48
1 95
1 4
1 71
1 35
1 29
1 74
1 68
1 76
1 18
1 86
1 8
1 25
1 5
1 37
1 43
1 49
1 58
1 63
1 75
1 77
1 85
1 89
97 94
97 59
97 84
97 85
97 16
97 75
97 39
97 82
97 47
97 89
97 55
97 25
97 96
97 86
97 30
17 4
17 14
17 79
17 78
17 47
17 93
17 23
17 29
17 50
17 57
17 65
17 77
17 82
17 85
23 8
23 57
23 32
23 22
23 48
23 74
23 99
23 60
23 25
23 31
23 38
23 85
28 39
28 4
28 25
28 89
28 29
28 32
28 34
28 33
28 68
28 15
28 54
28 87
28 95
28 52
28 55
28 59
48 8
48 81
48 76
48 53
48 51
48 96
48 33
48 9
48 2
48 18
48 56
48 57
95 16
95 29
95 62
95 73
95 76
95 88
95 36
95 40
95 22
4 82
4 49
4 34
4 7
4 59
4 6
4 11
4 63
4 80
4 90
4 91
71 34
71 42
71 64
71 89
71 3
71 74
71 81
71 82
71 96
35 7
35 18
35 25
35 14
35 86
35 32
35 56
35 40
35 69
35 77
35 78
35 87
29 47
29 79
29 57
29 80
29 7
29 99
29 69
29 68
29 40
29 36
29 59
29 30
29 33
29 39
29 45
29 52
29 54
29 74
29 96
74 18
74 32
74 38
74 43
74 45
74 53
74 60
74 61
74 7
74 56
74 89
74 86
74 6
74 10
74 58
74 49
74 39
74 75
74 76
74 83
74 85
68 14
68 37
68 39
68 44
68 60
68 50
68 78
68 90
76 2
76 8
76 16
76 18
76 30
76 33
76 39
76 58
76 59
76 67
76 69
76 34
76 75
76 12
76 27
76 96
76 83
76 56
76 85
76 65
76 38
76 78
76 79
18 77
18 87
18 84
18 72
18 51
18 61
18 73
18 40
18 30
18 33
18 56
18 96
86 3
86 25
86 40
86 47
86 56
86 65
86 73
86 53
86 6
86 51
86 61
86 30
86 55
86 89
86 94
8 83
8 77
8 53
8 63
8 99
8 13
8 14
8 30
8 31
8 50
8 61
8 69
8 72
8 88
25 87
25 43
25 82
25 3
25 78
25 42
25 32
25 73
25 85
25 38
25 39
25 50
25 56
25 59
25 92
2 85
2 91
2 7
2 40
2 56
2 69
2 79
2 83
85 49
85 61
85 53
85 72
85 46
85 84
85 43
85 42
85 3
85 51
85 36
85 78
85 88
85 96
91 30
91 32
91 53
91 61
91 78
91 82
91 88
91 51
91 39
91 56
91 87
91 27
91 45
91 52
91 90
91 47
3 32
3 60
3 45
3 64
32 9
32 10
32 27
32 79
32 54
32 60
32 69
32 75
32 80
32 81
60 53
60 94
60 61
60 14
60 38
60 7
60 72
60 81
60 87
82 39
82 53
82 56
82 80
82 20
82 51
82 77
82 6
82 11
82 26
82 15
82 61
82 14
82 27
49 7
49 42
49 44
49 59
49 13
49 72
49 62
49 47
49 50
49 53
49 57
49 65
49 79
49 84
34 7
34 14
34 30
34 88
34 57
34 56
34 26
34 27
34 63
34 9
34 65
34 58
34 33
34 10
34 51
34 75
34 79
34 83
34 90
7 44
7 50
7 6
7 16
7 31
7 26
7 36
7 38
7 59
7 62
7 69
7 75
7 79
7 81
7 89
7 93
59 54
59 57
59 89
59 83
59 63
59 87
59 38
59 96
5 15
5 58
5 89
6 12
6 14
6 21
6 36
6 42
6 61
6 72
6 87
44 30
44 38
44 90
44 27
44 87
44 37
44 61
50 19
50 30
50 47
50 93
50 37
50 31
50 21
50 80
16 14
16 9
16 31
16 65
16 30
16 78
16 88
16 45
16 75
16 22
16 39
16 53
16 92
31 79
31 42
31 15
31 36
31 37
31 56
31 83
83 38
83 15
83 43
83 14
83 84
83 21
83 62
83 80
83 13
83 19
83 94
77 39
77 65
77 10
77 52
77 78
77 84
77 88
53 14
53 20
53 38
53 42
53 51
53 73
53 54
53 89
63 47
63 51
63 61
63 72
63 88
99 37
99 10
99 96
99 52
99 13
99 12
99 80
99 38
9 27
9 33
9 38
9 72
9 73
10 14
10 42
10 55
10 78
11 64
11 78
11 88
12 75
12 14
12 54
75 52
75 73
75 57
75 14
75 40
75 87
14 42
14 62
14 69
14 73
14 81
13 30
13 52
42 92
42 36
42 57
42 39
42 33
42 72
42 58
42 61
42 90
42 96
15 47
15 52
15 56
15 61
15 87
65 30
65 37
65 64
65 78
65 93
30 55
30 73
30 58
30 93
30 64
30 33
30 39
30 78
30 87
78 37
78 62
78 64
78 56
78 94
78 73
78 87
78 80
78 89
78 96
88 33
88 80
88 96
88 57
45 26
45 64
79 39
79 92
79 56
79 57
79 93
47 38
47 52
47 19
47 62
47 51
47 55
47 61
47 73
47 89
93 43
93 89
93 38
93 40
93 80
93 87
87 40
87 55
87 90
84 56
84 81
84 89
84 92
72 36
72 38
72 54
72 61
72 96
72 40
72 73
72 94
51 55
51 96
51 90
51 89
61 38
61 43
61 56
61 20
61 89
73 37
73 55
73 56
73 27
73 81
73 69
73 96
40 37
40 58
40 21
40 64
40 89
19 52
19 92
20 52
20 64
21 64
64 55
64 81
22 37
22 52
57 36
57 90
39 54
39 55
39 52
39 43
39 94
43 54
43 69
43 92
26 36
26 37
26 90
27 54
27 90
89 67
33 96
33 37
33 36
33 52
33 55
33 58
54 52
54 69
54 58
80 55
80 62
69 37
69 81
36 38
36 94
55 56
55 81
96 94
96 62
96 90
37 52
37 90
56 46
56 62
56 38
56 81
38 81
94 67
81 67
52 46
92 90