0 60 9 1 8 2 16 75 31 56 74 3 98 64 7 77 4 63 5 49 48 6 57 46 11 40 38 92 14 23 78 50 10 72 87 93 12 19 94 58 82 13 27 47 90 35 26 53 15 20 67 59 24 17 43 34 18 30 22 69 84 21 91 76 25 51 32 97 28 83 29 88 36 42 33 85 54 71 55 73 37 65 39 41 70 96 80 44 86 45 95 61 62 52 66 68 89 79 81 99
0 60
0 9
60 52
60 92
9 3
9 50
1 8
8 92
8 14
8 23
8 78
2 16
2 75
2 31
2 56
2 74
16 67
16 59
16 56
16 24
75 42
75 49
75 63
75 69
75 80
75 81
75 88
31 25
31 28
31 90
31 50
56 15
56 19
56 34
56 42
56 55
56 80
56 92
56 83
56 67
74 6
74 39
74 63
74 71
74 82
74 84
74 76
74 81
74 92
3 98
3 64
3 7
3 77
98 7
98 47
98 53
98 58
98 73
98 77
98 88
98 91
98 92
64 79
64 87
64 65
64 91
64 78
7 40
7 38
77 47
77 49
77 57
77 67
77 83
4 63
63 29
63 32
63 37
63 41
63 85
63 67
5 49
5 48
49 15
49 52
49 96
49 66
48 38
48 57
48 62
6 57
6 46
6 11
57 94
57 81
57 73
46 23
46 38
46 71
46 95
11 93
40 17
40 90
40 58
40 83
38 84
92 26
92 50
92 79
92 81
92 82
92 85
92 88
92 95
92 94
92 93
92 99
14 19
14 35
14 26
14 53
23 13
23 91
78 72
78 96
78 90
78 79
50 62
50 68
50 76
10 72
10 87
72 13
72 15
72 21
72 51
72 53
72 55
72 95
72 81
72 87
87 41
87 67
87 69
87 88
87 99
87 90
87 91
87 89
93 80
93 82
93 84
93 86
93 88
93 96
93 95
93 99
93 94
12 19
12 94
12 58
12 82
19 22
19 20
94 15
94 62
94 89
58 22
58 27
58 35
82 81
82 91
13 27
13 47
13 90
27 97
47 51
47 88
47 61
90 30
90 41
90 52
90 54
90 66
90 80
90 83
90 84
90 89
90 97
90 95
35 28
26 59
26 67
53 32
53 86
15 20
20 69
20 84
67 66
67 99
67 91
59 71
24 76
17 43
17 34
43 80
34 76
34 55
18 30
30 36
69 28
69 86
69 84
69 70
84 37
84 66
84 86
84 96
91 52
91 54
91 70
91 89
91 99
91 95
76 88
25 51
25 32
51 41
51 65
32 42
32 88
97 54
97 65
97 80
28 83
83 54
83 65
83 95
29 88
88 61
88 81
88 96
36 73
42 96
33 85
33 54
33 71
85 37
85 71
54 45
54 79
71 96
71 73
73 68
73 79
37 65
65 99
41 70
96 52
96 66
96 80
96 89
44 86
95 81
52 89
68 99
89 81
79 99