46 21 85 39 27 77 87 20 81 50 65 47 56 64 4 3 40 48 67 30 29 41 22 86 71 57 53 97 45 51 91 83 35 63 84 59 44 92 28 89 78 34 61 90 52 62 79 43 24 95 73 75 13 96 31 7 54 10 8 2 94 88 0 5 80 14 36 98 33 11 16 66 18 58 32 19 12 68 26 93 6 74 15 25 9 17 82 60 37 76 69 49 23 70 55 72 38 1 42 99
46 21
46 65
46 97
46 45
46 22
46 90
46 2
46 70
46 0
46 48
46 19
46 53
46 66
46 77
46 44
46 14
46 96
46 71
46 41
46 73
46 60
46 3
46 62
21 67
21 89
21 32
21 58
21 88
21 47
21 41
21 50
85 39
85 7
85 66
85 87
85 81
85 44
85 53
85 33
85 40
85 55
85 99
39 61
39 52
39 3
39 68
39 25
39 86
39 83
39 5
39 50
39 4
39 14
39 66
39 72
39 84
39 11
39 55
27 77
27 87
27 51
27 25
27 82
27 90
27 47
27 6
27 26
77 98
77 53
77 49
77 3
77 20
77 2
77 89
87 20
87 79
87 52
87 82
87 64
87 11
87 16
87 43
87 33
87 83
87 30
20 57
20 94
20 16
20 52
20 26
20 23
20 68
20 0
20 9
20 93
20 3
20 79
81 50
81 58
81 48
81 56
81 15
81 35
81 55
81 61
81 67
81 84
50 62
50 47
50 82
50 37
50 26
50 78
50 6
50 9
50 91
50 75
50 67
50 4
50 99
50 22
65 47
65 62
65 54
65 72
65 75
65 29
65 36
65 11
65 51
65 3
47 2
47 88
47 3
47 34
47 86
47 43
47 6
47 23
47 32
47 61
56 64
56 63
56 24
56 9
56 55
56 60
56 30
56 33
64 90
64 83
64 19
64 69
64 78
64 9
64 16
64 11
64 24
64 29
64 84
64 97
4 3
4 97
4 0
4 90
4 88
4 42
4 24
4 69
3 10
3 8
3 76
3 58
3 18
3 71
3 80
3 1
3 35
3 19
3 54
3 70
3 36
3 28
3 37
3 95
40 48
40 13
40 59
40 38
40 7
40 73
48 63
48 72
48 16
48 43
48 60
48 18
48 24
67 83
67 74
67 22
67 57
67 11
67 6
67 51
67 90
67 23
67 58
67 98
30 29
30 60
30 76
30 93
30 17
30 19
30 28
30 70
30 1
30 13
30 36
29 75
29 91
29 13
29 34
29 53
29 25
29 18
29 73
29 95
29 5
29 79
41 22
41 34
41 26
41 10
41 88
41 0
22 69
22 8
22 26
22 83
22 52
22 19
22 97
86 71
86 2
86 55
86 62
86 37
86 14
86 99
86 69
86 68
86 23
86 45
86 58
71 92
71 89
71 36
71 58
71 6
71 26
57 53
57 13
57 58
57 35
57 82
57 49
57 23
53 62
53 8
53 54
53 63
53 37
53 1
97 45
97 9
97 96
97 62
97 13
97 70
97 94
97 69
45 84
45 58
45 9
45 33
45 92
45 28
45 18
45 72
51 91
51 24
51 32
51 95
51 63
51 10
51 93
51 61
91 26
91 38
91 96
91 37
91 2
91 59
91 98
91 78
91 19
91 10
83 73
83 59
83 84
83 78
83 69
83 63
35 63
35 54
35 7
35 89
35 74
35 10
35 70
35 44
63 12
63 61
63 74
63 90
63 38
63 94
84 28
84 12
84 60
84 95
84 8
84 9
84 31
84 49
84 5
84 79
59 44
59 26
59 90
59 18
59 17
59 80
59 76
59 75
59 9
59 25
59 54
59 8
44 13
44 79
44 6
92 43
92 11
92 9
92 90
92 61
92 28
92 17
92 76
92 89
92 32
92 8
92 62
92 79
92 2
28 11
28 18
28 60
28 72
28 26
28 94
28 23
28 25
89 54
89 70
89 43
89 82
89 69
78 34
78 80
78 15
78 9
78 10
78 17
78 96
78 7
78 6
78 24
78 62
34 31
34 58
34 99
34 60
34 2
34 75
34 13
34 32
34 68
61 6
61 17
61 68
61 18
90 79
90 32
90 52
90 1
90 49
90 6
52 7
52 74
62 24
62 76
62 68
62 79
79 69
79 93
79 66
79 0
79 54
43 18
43 24
43 82
43 11
43 66
43 38
43 73
43 2
24 95
24 13
24 19
24 70
95 31
95 93
73 12
73 66
73 16
73 23
75 6
75 74
75 42
75 2
75 5
75 33
75 72
13 96
13 88
13 31
13 19
13 17
13 58
13 82
13 0
13 25
96 33
96 17
96 54
96 80
96 69
31 5
31 66
31 8
31 9
7 54
7 19
7 6
7 37
54 16
54 55
54 0
54 88
54 82
10 32
10 74
10 58
10 82
10 0
8 82
2 12
2 37
2 18
2 1
2 72
2 82
94 23
94 6
94 58
94 60
94 25
94 11
88 0
88 93
0 19
0 16
0 14
0 5
5 74
5 16
5 70
5 82
80 72
80 19
14 36
14 12
14 49
36 60
98 25
98 58
98 49
98 23
33 42
11 66
11 23
11 69
11 58
16 66
16 15
16 19
16 76
16 23
16 68
16 93
16 55
16 72
66 72
18 82
18 58
58 38
32 15
32 6
19 69
19 23
12 49
12 38
68 26
68 9
68 74
68 60
68 23
26 93
26 42
93 9
93 17
93 37
6 60
74 15
15 55
25 69
25 55
17 55
82 38
60 49
37 49
37 38
37 69
69 23
49 23
55 1
72 99
72 1