0 1 2 3 4 5 6 7 8 9 10 11 12 13 14 15 16 17 18 19 20 21 22 23 24 25 26 27 28 29 30 31 32 33 34 35 36 37 38 39 40 41 42 43 44 45 46 47 48 49 50 51 52 53 54 55 56 57 58 59 60 61 62 63 64 65 66 67 68 69 70 71 72 73 74 75 76 77 78 79 80 81 82 83 84 85 86 87 88 89 90 91 92 93 94 95 96 97 98 99
0 5
0 31
0 72
1 40
1 51
1 78
1 33
1 50
2 57
2 99
3 27
3 33
3 46
4 40
4 72
6 40
6 73
6 86
7 35
7 83
7 65
8 47
8 54
8 61
8 66
8 30
8 60
9 32
9 77
10 13
10 19
10 21
11 89
12 20
12 82
13 28
14 61
14 76
15 62
15 54
16 56
17 43
17 87
17 36
18 45
19 78
21 23
21 85
21 92
22 55
23 58
23 26
23 24
25 37
27 68
27 84
28 37
29 83
32 69
33 45
33 96
34 59
34 61
34 71
35 67
35 88
35 90
36 64
37 94
38 86
39 54
40 75
41 49
41 88
42 94
43 50
44 55
47 53
48 83
49 93
51 98
52 81
52 82
55 73
56 83
56 89
58 65
61 70
61 80
63 74
66 69
70 73
70 97
73 81
74 93
75 95
79 96
90 91
91 99