2 0 6 3 7 1 8 5 9 10 11 12 4 13 14 15 16 17 18 19 20 21 22 23 24 25 26 27 28 29 30 31 32 33 34 35 36 37 38 39 40 41 42 43 44 45 46 47 48 49 50 51 52 53 54 55 56 57 58 59 60 61 62 63 64 65 66 67 68 69 70 71 72 73 74 75 76 77 78 79 80 81 82 83 84 85 86 87 88 89 90 91 92 93 94 95 96 97 98 99
2 0
2 6
2 8
2 9
2 10
2 14
2 23
2 27
2 31
2 38
2 39
2 44
2 52
2 55
2 64
2 66
2 69
2 70
2 72
2 77
2 86
2 91
2 97
2 99
0 10
0 25
0 33
0 37
0 40
0 53
0 63
0 95
6 3
6 8
6 16
6 23
6 35
6 43
6 49
6 50
6 58
6 59
6 63
6 66
6 68
6 77
6 78
6 94
3 10
3 11
3 15
3 16
3 26
3 27
3 55
3 68
3 72
3 77
3 79
3 80
7 1
7 25
7 36
7 38
7 39
7 49
7 66
7 69
7 79
7 88
7 98
1 12
1 27
1 29
1 32
1 36
1 41
1 55
1 75
1 81
1 96
8 5
8 9
8 14
8 21
8 25
8 34
8 64
8 65
8 86
8 88
5 25
5 30
5 31
5 43
5 45
5 47
5 53
5 57
5 70
5 76
5 80
5 99
9 17
9 28
9 42
9 43
9 45
9 49
9 58
9 61
9 62
9 67
9 72
9 75
9 80
9 87
9 90
9 91
9 99
10 12
10 18
10 45
10 49
10 50
10 53
10 61
10 73
10 77
10 89
10 90
10 94
10 96
10 97
11 13
11 22
11 31
11 36
11 63
11 68
11 82
11 94
12 4
12 18
12 20
12 32
12 55
12 68
4 23
4 31
4 43
4 46
4 47
4 62
4 64
4 70
4 86
4 90
4 98
4 99
13 14
13 24
13 38
13 43
13 50
13 76
13 77
13 82
13 83
13 84
13 88
13 96
13 99
14 32
14 35
14 36
14 44
14 65
14 66
14 87
14 90
14 96
14 99
15 19
15 22
15 27
15 29
15 42
15 54
15 59
15 67
15 81
15 82
15 89
16 26
16 33
16 51
16 55
16 59
16 61
16 77
16 84
16 87
16 88
16 93
16 94
17 19
17 30
17 40
17 44
17 75
17 84
17 87
17 92
17 95
17 97
18 21
18 23
18 36
18 40
18 43
18 55
18 65
18 72
18 78
18 81
18 93
18 98
18 99
19 20
19 34
19 37
19 45
19 48
19 51
19 58
19 63
19 74
19 80
19 99
20 28
20 41
20 90
20 99
21 34
21 45
21 47
21 48
21 52
21 70
21 73
21 83
21 85
21 90
21 93
21 97
22 34
22 38
22 45
22 61
22 65
22 67
22 68
22 73
22 86
22 88
22 99
23 26
23 31
23 34
23 41
23 46
23 53
23 56
23 59
23 69
23 76
23 77
23 86
23 87
23 90
24 32
24 34
24 43
24 47
24 53
24 57
24 60
24 63
24 65
24 71
24 80
24 81
24 87
25 27
25 39
25 48
25 73
25 76
25 93
25 94
25 98
25 99
26 28
26 44
26 50
26 54
26 58
26 59
26 61
26 63
26 71
26 72
26 79
26 88
27 34
27 39
27 44
27 46
27 55
27 98
27 99
28 43
28 47
28 63
28 65
28 66
28 89
28 93
28 98
29 32
29 40
29 44
29 46
29 56
29 79
29 90
30 33
30 37
30 38
30 41
30 43
30 52
30 66
30 67
30 68
30 71
30 74
30 76
30 84
30 93
30 94
31 34
31 39
31 53
31 64
31 71
31 86
31 91
31 92
31 94
31 99
32 37
32 46
32 47
32 48
32 54
32 56
32 58
32 66
32 75
32 79
33 34
33 35
33 49
33 51
33 55
33 67
33 71
33 72
33 74
33 86
34 41
34 43
34 51
34 53
34 76
34 77
34 89
35 36
35 39
35 42
35 61
35 65
35 66
35 70
35 78
35 91
35 99
36 38
36 46
36 49
36 53
36 63
36 66
36 70
36 74
36 79
36 83
36 91
36 94
36 96
37 42
37 44
37 55
37 70
37 89
37 91
37 94
38 39
38 46
38 48
38 53
38 57
38 60
38 66
38 75
38 81
38 86
38 93
39 45
39 50
39 52
39 54
39 55
39 58
39 59
39 61
39 70
39 72
39 80
39 83
39 93
39 99
40 44
40 45
40 51
40 68
40 87
40 89
40 94
40 97
41 52
41 55
41 57
41 63
41 64
41 65
41 66
41 67
41 72
41 76
41 92
42 48
42 58
42 75
42 82
42 85
42 86
43 44
43 45
43 47
43 51
43 61
43 73
43 77
43 83
43 98
44 45
44 48
44 74
44 76
44 90
44 97
45 47
45 51
45 71
46 48
46 67
46 68
46 69
46 74
46 87
46 95
46 96
47 52
47 55
47 70
47 78
47 87
47 89
47 90
47 93
47 94
47 95
47 96
47 98
48 58
48 68
48 78
48 93
48 98
49 51
49 57
49 73
49 75
49 80
49 95
50 53
50 59
50 66
50 79
50 88
50 95
51 52
51 57
51 59
51 65
51 74
51 76
51 88
51 90
51 96
52 56
52 58
52 64
52 73
52 75
52 79
52 84
52 85
52 92
52 93
53 55
53 61
53 62
53 63
53 65
53 67
53 70
53 85
53 90
53 91
54 55
54 57
54 58
54 66
54 91
54 98
55 59
55 63
55 67
55 68
55 74
55 79
55 87
56 64
56 68
56 73
56 77
56 78
56 86
56 90
56 94
57 58
57 69
57 74
57 79
57 84
57 88
57 92
57 96
58 78
58 87
58 92
58 95
58 98
59 60
59 73
59 79
59 82
59 90
59 93
60 68
60 72
60 76
60 85
60 88
60 90
60 94
60 98
61 65
61 74
61 86
61 98
62 68
62 74
62 92
63 67
63 71
63 76
63 80
63 95
63 96
64 79
64 80
64 81
64 83
64 94
65 66
65 68
65 73
65 87
65 92
66 77
66 93
67 68
67 78
67 96
68 70
68 83
68 88
68 91
68 94
69 72
69 75
69 78
69 81
69 84
69 95
69 97
69 99
70 77
70 80
70 83
70 97
70 98
70 99
71 73
71 78
71 79
71 86
71 89
72 73
72 77
72 78
72 81
72 82
72 83
72 86
72 87
72 95
72 99
73 75
73 84
74 78
74 82
74 91
75 86
75 87
75 90
76 86
76 88
76 94
76 96
76 99
77 80
77 88
77 91
77 97
78 90
78 91
78 97
79 80
79 84
79 95
80 84
80 98
81 85
81 97
82 88
82 92
83 87
83 91
84 88
84 89
84 91
84 93
85 94
86 88
86 93
88 96
88 97
89 98
91 94
96 97
98 99