0 27 29 31 32 33 36 37 38 39 40 41 43 44 47 49 54 55 57 65 66 74 75 80 86 94 97 99 1 28 34 48 50 59 62 63 67 73 76 78 79 82 96 98 2 30 35 42 45 51 52 60 68 69 83 84 3 58 72 4 46 53 61 70 87 88 90 92 95 5 56 64 77 85 89 91 6 7 71 81 93 8 9 10 11 12 13 14 15 16 17 18 19 20 21 22 23 24 25 26
0 27
0 29
0 31
0 32
0 33
0 36
0 37
0 38
0 39
0 40
0 41
0 43
0 44
0 47
0 49
0 54
0 55
0 57
0 65
0 66
0 74
0 75
0 80
0 86
0 94
0 97
0 99
27 1
27 2
27 3
27 4
27 5
27 6
27 7
27 8
27 9
27 10
27 11
27 12
27 13
27 14
27 15
27 16
27 17
27 18
27 19
27 20
27 21
27 22
27 23
27 24
27 25
27 26
27 28
27 29
27 30
27 31
27 32
27 33
27 34
27 35
27 36
27 37
27 38
27 39
27 40
27 41
27 42
27 44
27 45
27 46
27 47
27 48
27 50
27 51
27 52
27 55
27 56
27 58
27 59
27 60
27 62
27 64
27 67
27 68
27 69
27 71
27 72
27 73
27 74
27 75
27 77
27 79
27 80
27 81
27 83
27 84
27 85
27 89
27 91
27 92
27 94
27 95
27 96
29 1
29 2
29 3
29 4
29 5
29 6
29 7
29 8
29 10
29 11
29 12
29 13
29 14
29 15
29 16
29 17
29 18
29 19
29 20
29 21
29 22
29 23
29 24
29 26
29 28
29 30
29 31
29 32
29 33
29 34
29 35
29 36
29 37
29 39
29 40
29 41
29 42
29 43
29 45
29 47
29 48
29 49
29 50
29 51
29 52
29 55
29 56
29 57
29 58
29 60
29 61
29 62
29 64
29 67
29 69
29 70
29 71
29 72
29 74
29 75
29 76
29 77
29 78
29 79
29 82
29 83
29 85
29 86
29 88
29 89
29 90
29 91
29 92
29 99
31 1
31 2
31 3
31 4
31 5
31 6
31 7
31 8
31 9
31 10
31 11
31 12
31 13
31 14
31 16
31 18
31 20
31 21
31 22
31 24
31 25
31 26
31 28
31 30
31 32
31 33
31 34
31 35
31 36
31 37
31 38
31 39
31 40
31 41
31 42
31 43
31 44
31 45
31 46
31 48
31 49
31 50
31 52
31 53
31 54
31 55
31 56
31 57
31 58
31 59
31 60
31 63
31 64
31 65
31 66
31 69
31 71
31 73
31 75
31 77
31 78
31 80
31 85
31 87
31 88
31 90
31 93
31 95
31 96
31 98
32 1
32 2
32 4
32 5
32 6
32 8
32 9
32 10
32 11
32 12
32 13
32 14
32 15
32 16
32 17
32 18
32 20
32 22
32 23
32 24
32 25
32 28
32 30
32 33
32 34
32 35
32 36
32 37
32 38
32 40
32 41
32 42
32 44
32 45
32 46
32 47
32 48
32 50
32 51
32 52
32 53
32 54
32 58
32 59
32 60
32 61
32 62
32 67
32 68
32 70
32 73
32 74
32 76
32 80
32 81
32 83
32 86
32 89
32 91
32 93
32 94
32 96
33 1
33 2
33 3
33 4
33 5
33 6
33 7
33 10
33 12
33 13
33 14
33 15
33 17
33 18
33 20
33 21
33 22
33 23
33 24
33 26
33 28
33 30
33 34
33 35
33 36
33 37
33 38
33 39
33 40
33 41
33 42
33 43
33 44
33 45
33 46
33 47
33 48
33 49
33 50
33 51
33 52
33 53
33 54
33 55
33 56
33 57
33 58
33 59
33 60
33 63
33 64
33 66
33 71
33 73
33 76
33 78
33 81
33 82
33 83
33 84
33 85
33 86
33 88
33 90
33 91
33 95
33 99
36 1
36 2
36 4
36 5
36 6
36 7
36 11
36 12
36 13
36 14
36 15
36 17
36 18
36 21
36 22
36 23
36 24
36 26
36 28
36 30
36 35
36 37
36 38
36 39
36 40
36 41
36 42
36 43
36 44
36 46
36 47
36 48
36 49
36 50
36 54
36 55
36 59
36 60
36 64
36 65
36 66
36 67
36 69
36 71
36 73
36 76
36 77
36 82
36 83
36 85
36 89
36 91
36 94
36 98
37 4
37 6
37 7
37 8
37 10
37 11
37 13
37 14
37 16
37 17
37 20
37 21
37 22
37 23
37 25
37 26
37 28
37 30
37 34
37 35
37 38
37 40
37 42
37 43
37 44
37 45
37 47
37 49
37 51
37 52
37 53
37 54
37 55
37 57
37 58
37 59
37 61
37 64
37 66
37 68
37 69
37 71
37 72
37 73
37 74
37 75
37 77
37 78
37 81
37 82
37 83
37 86
37 88
37 89
37 90
37 92
37 93
37 96
38 2
38 4
38 5
38 6
38 7
38 8
38 10
38 12
38 14
38 16
38 18
38 21
38 22
38 24
38 25
38 26
38 28
38 30
38 34
38 35
38 39
38 40
38 41
38 42
38 43
38 44
38 45
38 46
38 47
38 48
38 51
38 52
38 57
38 58
38 59
38 61
38 68
38 70
38 72
38 75
38 76
38 77
38 79
38 80
38 82
38 84
38 85
38 89
38 90
38 98
38 99
39 1
39 2
39 4
39 5
39 8
39 9
39 10
39 12
39 13
39 14
39 15
39 17
39 21
39 23
39 25
39 26
39 28
39 30
39 34
39 35
39 40
39 41
39 42
39 43
39 44
39 45
39 46
39 50
39 53
39 54
39 55
39 56
39 59
39 60
39 61
39 64
39 65
39 66
39 67
39 68
39 71
39 72
39 79
39 81
39 83
39 87
39 88
39 94
39 96
39 98
40 1
40 4
40 5
40 7
40 10
40 13
40 14
40 18
40 20
40 21
40 22
40 23
40 26
40 28
40 30
40 34
40 35
40 42
40 43
40 44
40 45
40 46
40 48
40 49
40 50
40 52
40 53
40 54
40 56
40 57
40 59
40 60
40 61
40 62
40 63
40 65
40 66
40 73
40 74
40 75
40 76
40 78
40 80
40 87
40 90
40 92
40 93
40 94
40 97
40 99
41 1
41 2
41 3
41 4
41 5
41 6
41 7
41 10
41 11
41 12
41 17
41 18
41 20
41 25
41 28
41 30
41 34
41 35
41 44
41 45
41 46
41 47
41 48
41 49
41 50
41 51
41 52
41 53
41 56
41 58
41 60
41 62
41 64
41 65
41 68
41 70
41 71
41 72
41 74
41 75
41 76
41 77
41 79
41 81
41 82
41 84
41 89
41 91
41 93
41 95
43 3
43 5
43 7
43 8
43 10
43 12
43 13
43 14
43 15
43 18
43 19
43 20
43 21
43 24
43 26
43 34
43 35
43 42
43 45
43 46
43 47
43 48
43 49
43 51
43 53
43 54
43 55
43 59
43 61
43 62
43 66
43 67
43 68
43 69
43 71
43 75
43 83
43 84
43 87
43 88
43 95
43 98
44 2
44 3
44 4
44 5
44 7
44 8
44 13
44 14
44 21
44 22
44 24
44 25
44 28
44 30
44 34
44 35
44 46
44 47
44 49
44 50
44 51
44 52
44 55
44 57
44 59
44 63
44 67
44 68
44 69
44 71
44 73
44 76
44 82
44 86
44 87
44 89
44 92
44 99
47 4
47 9
47 12
47 14
47 15
47 16
47 21
47 22
47 23
47 24
47 28
47 30
47 34
47 35
47 45
47 46
47 49
47 50
47 52
47 53
47 54
47 57
47 58
47 59
47 60
47 61
47 62
47 63
47 64
47 66
47 67
47 70
47 71
47 72
47 75
47 76
47 77
47 82
47 92
47 94
47 95
47 96
49 2
49 4
49 8
49 12
49 13
49 14
49 15
49 17
49 18
49 20
49 22
49 23
49 28
49 34
49 45
49 46
49 53
49 54
49 55
49 56
49 58
49 59
49 60
49 63
49 65
49 68
49 69
49 70
49 74
49 79
49 80
49 83
49 84
49 85
49 90
49 94
49 95
49 99
54 3
54 4
54 5
54 6
54 12
54 14
54 15
54 21
54 30
54 34
54 35
54 46
54 48
54 50
54 51
54 52
54 55
54 56
54 57
54 58
54 59
54 62
54 63
54 67
54 69
54 70
54 74
54 75
54 76
54 77
54 78
54 79
54 83
54 84
54 92
54 97
54 98
55 4
55 5
55 7
55 9
55 12
55 17
55 20
55 21
55 26
55 28
55 34
55 46
55 48
55 50
55 51
55 56
55 57
55 60
55 61
55 62
55 63
55 65
55 69
55 70
55 71
55 74
55 76
55 77
55 78
55 81
55 84
55 88
55 94
55 95
55 96
55 97
57 4
57 5
57 7
57 10
57 13
57 16
57 18
57 22
57 28
57 34
57 35
57 42
57 45
57 46
57 52
57 56
57 58
57 60
57 61
57 63
57 65
57 66
57 67
57 68
57 70
57 72
57 73
57 76
57 78
57 80
57 81
57 82
57 85
57 86
57 97
57 99
65 2
65 6
65 7
65 14
65 16
65 21
65 23
65 25
65 30
65 34
65 35
65 42
65 46
65 48
65 51
65 52
65 59
65 62
65 71
65 73
65 80
65 85
65 87
65 93
65 99
66 2
66 4
66 5
66 10
66 20
66 22
66 23
66 24
66 25
66 28
66 35
66 46
66 53
66 58
66 60
66 62
66 63
66 68
66 69
66 77
66 79
66 82
66 83
66 85
66 86
66 87
66 88
66 90
66 98
66 99
74 2
74 4
74 5
74 7
74 8
74 11
74 14
74 18
74 23
74 25
74 28
74 42
74 48
74 59
74 60
74 71
74 72
74 76
74 81
74 86
74 94
74 98
75 1
75 7
75 8
75 11
75 13
75 18
75 23
75 28
75 30
75 34
75 45
75 46
75 48
75 62
75 67
75 68
75 78
75 87
75 90
75 97
75 98
80 2
80 4
80 7
80 13
80 20
80 25
80 28
80 34
80 35
80 50
80 51
80 52
80 59
80 61
80 70
80 73
80 76
80 79
80 90
80 91
80 99
86 14
86 15
86 21
86 28
86 30
86 34
86 35
86 48
86 56
86 58
86 60
86 62
86 67
86 68
86 73
86 79
86 84
86 85
86 87
86 91
86 92
94 2
94 5
94 11
94 13
94 23
94 28
94 35
94 52
94 53
94 56
94 61
94 64
94 69
94 70
94 76
94 77
94 81
94 98
97 5
97 6
97 7
97 21
97 28
97 30
97 42
97 46
97 48
97 51
97 53
97 61
97 62
97 63
97 70
97 81
97 85
97 90
97 91
97 92
97 93
99 7
99 12
99 17
99 22
99 28
99 46
99 52
99 59
99 62
99 69
99 70
99 79
99 82
99 87
99 88
99 91
1 28
1 34
1 48
1 50
1 59
1 62
1 63
1 67
1 73
1 76
1 78
1 79
1 82
1 96
1 98
28 2
28 3
28 4
28 5
28 6
28 7
28 8
28 9
28 10
28 11
28 12
28 13
28 14
28 15
28 16
28 17
28 18
28 19
28 20
28 21
28 22
28 23
28 24
28 25
28 26
28 30
28 34
28 35
28 42
28 46
28 51
28 52
28 53
28 56
28 59
28 61
28 62
28 69
28 70
28 72
28 76
28 79
28 81
28 83
28 85
28 88
34 2
34 3
34 4
34 5
34 6
34 7
34 8
34 9
34 10
34 11
34 12
34 14
34 15
34 18
34 20
34 23
34 24
34 25
34 26
34 30
34 35
34 42
34 45
34 46
34 48
34 50
34 51
34 52
34 56
34 58
34 59
34 62
34 67
34 70
34 72
34 73
34 76
34 77
34 78
34 79
34 82
34 83
34 85
34 87
34 89
34 92
34 95
34 96
48 2
48 4
48 5
48 6
48 8
48 14
48 16
48 22
48 23
48 24
48 26
48 30
48 35
48 42
48 46
48 50
48 51
48 56
48 58
48 60
48 69
48 71
48 73
48 77
48 84
48 87
48 88
48 89
48 90
48 93
48 95
48 98
50 2
50 3
50 14
50 15
50 16
50 17
50 18
50 23
50 30
50 35
50 42
50 45
50 46
50 52
50 53
50 56
50 61
50 62
50 63
50 64
50 67
50 71
50 72
50 77
50 78
50 82
50 85
50 88
50 90
50 96
59 8
59 12
59 13
59 20
59 22
59 24
59 26
59 30
59 51
59 56
59 60
59 62
59 63
59 64
59 67
59 68
59 69
59 76
59 79
59 82
59 92
59 93
59 96
62 4
62 6
62 7
62 9
62 11
62 13
62 16
62 20
62 21
62 24
62 26
62 30
62 46
62 63
62 70
62 72
62 76
62 77
62 79
62 81
62 82
62 83
62 87
62 88
62 89
62 91
62 93
62 95
63 2
63 4
63 5
63 10
63 11
63 14
63 18
63 22
63 24
63 25
63 45
63 53
63 56
63 58
63 64
63 71
63 73
63 81
63 83
63 84
63 85
63 92
67 2
67 6
67 8
67 10
67 20
67 30
67 35
67 42
67 46
67 51
67 52
67 58
67 64
67 70
67 71
67 72
67 73
67 77
67 79
67 81
67 82
67 88
67 91
67 96
73 4
73 7
73 12
73 13
73 14
73 17
73 30
73 45
73 51
73 58
73 61
73 69
73 81
73 83
73 87
73 91
73 92
73 93
76 5
76 22
76 23
76 35
76 45
76 52
76 53
76 64
76 68
76 79
76 81
76 83
76 85
76 88
76 93
76 98
78 4
78 11
78 12
78 14
78 15
78 22
78 23
78 24
78 30
78 42
78 45
78 51
78 60
78 68
78 77
78 91
78 93
78 96
79 3
79 4
79 8
79 9
79 16
79 26
79 42
79 46
79 53
79 56
79 60
79 70
79 81
79 84
79 88
79 91
79 93
79 95
82 2
82 10
82 35
82 42
82 45
82 51
82 58
82 60
82 64
82 68
82 70
82 87
82 90
82 93
82 96
96 7
96 12
96 13
96 20
96 21
96 22
96 45
96 68
96 69
96 77
96 84
96 90
96 95
98 2
98 7
98 8
98 12
98 13
98 23
98 24
98 26
98 35
98 58
98 68
98 71
98 91
98 95
2 30
2 35
2 42
2 45
2 51
2 52
2 60
2 68
2 69
2 83
2 84
30 3
30 4
30 5
30 6
30 7
30 8
30 9
30 10
30 11
30 12
30 13
30 14
30 15
30 16
30 17
30 18
30 19
30 20
30 21
30 22
30 23
30 24
30 26
30 35
30 42
30 45
30 46
30 51
30 52
30 58
30 60
30 70
30 72
30 83
30 85
30 87
30 89
30 90
30 95
35 3
35 4
35 5
35 6
35 7
35 8
35 10
35 11
35 12
35 13
35 14
35 15
35 16
35 17
35 21
35 22
35 23
35 26
35 42
35 45
35 46
35 51
35 52
35 53
35 56
35 60
35 61
35 68
35 70
35 72
35 77
35 81
35 87
35 89
35 91
35 92
35 93
42 3
42 7
42 8
42 10
42 13
42 14
42 15
42 20
42 21
42 22
42 24
42 25
42 51
42 52
42 64
42 70
42 77
42 81
42 83
42 88
42 95
45 3
45 4
45 5
45 6
45 11
45 14
45 15
45 16
45 19
45 20
45 24
45 26
45 46
45 51
45 53
45 61
45 64
45 71
45 77
45 84
45 87
45 90
45 91
45 92
51 5
51 7
51 10
51 11
51 12
51 14
51 21
51 23
51 24
51 46
51 56
51 58
51 60
51 64
51 68
51 69
51 70
51 83
51 84
51 88
51 90
51 93
52 5
52 6
52 10
52 11
52 14
52 15
52 21
52 24
52 46
52 53
52 60
52 61
52 64
52 69
52 71
52 77
52 88
52 91
52 92
60 5
60 6
60 11
60 12
60 18
60 26
60 53
60 64
60 68
60 70
60 72
60 81
60 84
60 89
60 90
60 95
68 5
68 6
68 13
68 14
68 15
68 18
68 23
68 25
68 26
68 46
68 56
68 69
68 70
68 85
68 90
68 92
68 95
69 3
69 4
69 7
69 11
69 22
69 24
69 26
69 46
69 53
69 70
69 71
69 72
69 77
69 84
69 89
69 95
83 6
83 21
83 24
83 64
83 71
83 81
84 11
84 12
84 13
84 14
84 24
84 25
84 26
84 46
84 70
84 71
84 81
84 92
3 58
3 72
58 7
58 8
58 11
58 13
58 14
58 21
58 24
58 46
58 53
58 56
58 71
58 72
58 91
58 95
72 4
72 15
72 18
72 21
72 24
72 26
72 53
72 64
72 89
72 93
4 46
4 53
4 61
4 70
4 87
4 88
4 90
4 92
4 95
46 6
46 8
46 11
46 13
46 14
46 18
46 21
46 22
46 23
46 26
46 53
46 56
46 61
46 64
46 70
46 77
46 85
46 88
46 90
46 93
46 95
53 5
53 7
53 8
53 10
53 11
53 14
53 16
53 18
53 22
53 24
53 61
53 70
53 71
53 90
53 91
53 95
61 6
61 7
61 14
61 16
61 20
61 21
61 22
61 23
61 25
61 81
61 87
61 88
70 6
70 7
70 8
70 18
70 77
70 88
70 89
70 93
87 5
87 9
87 16
87 18
87 22
87 24
87 71
87 81
88 12
88 14
88 15
88 18
88 25
88 89
88 91
88 92
90 5
90 7
90 14
90 24
90 71
90 85
90 93
92 7
92 12
92 20
92 21
92 26
92 56
92 71
92 81
92 93
92 95
95 5
95 12
95 21
95 24
95 85
5 56
5 64
5 77
5 85
5 89
5 91
56 6
56 7
56 8
56 12
56 13
56 14
56 15
56 23
56 26
56 64
56 71
56 81
64 6
64 7
64 10
64 12
64 13
64 21
64 22
64 81
64 89
77 18
77 20
77 22
77 81
77 85
85 6
85 7
85 8
85 18
85 21
85 22
85 25
85 89
85 93
89 9
89 10
89 15
89 24
89 25
89 26
91 10
91 14
91 22
91 23
91 25
91 71
91 81
7 71
7 81
7 93
71 16
71 23
71 25
81 15
81 25
81 26
81 93
93 10
93 12
93 25