0 23 25 26 27 1 20 28 29 30 2 11 16 9 31 32 33 3 7 34 35 36 4 10 8 37 38 39 5 17 40 41 42 6 43 44 45 46 47 48 12 24 49 50 51 52 53 54 55 56 57 58 59 60 61 62 63 13 21 14 64 65 66 15 22 67 68 69 70 71 72 73 74 75 76 77 78 18 79 80 81 19 82 83 84 85 86 87 88 89 90 91 92 93 94 95 96 97 98 99
0 23
0 25
0 26
0 27
23 3
23 17
23 18
23 22
23 94
23 95
23 96
25 78
26 61
27 80
27 76
1 20
1 28
1 29
1 30
20 10
20 19
20 85
20 86
20 87
28 36
29 89
29 65
30 61
30 35
2 11
2 16
2 9
2 31
2 32
2 33
11 58
11 59
11 60
16 73
16 74
16 75
9 3
9 12
9 52
9 53
9 54
31 91
31 82
32 42
32 61
33 69
3 7
3 34
3 35
3 36
7 6
7 46
7 47
7 48
34 98
34 49
35 43
36 76
36 77
4 10
4 8
4 37
4 38
4 39
10 55
10 56
10 57
8 12
8 24
8 49
8 50
8 51
37 86
38 88
38 56
38 54
39 62
5 17
5 40
5 41
5 42
17 76
17 77
17 78
40 61
41 72
42 71
6 43
6 44
6 45
43 90
43 68
43 48
44 78
44 62
45 50
45 93
46 88
47 51
48 98
12 61
12 62
12 63
24 97
24 98
24 99
49 53
49 56
51 77
51 92
52 57
52 55
53 93
54 64
55 95
56 92
58 66
58 70
58 77
59 74
59 83
59 87
59 73
59 70
60 92
61 75
62 94
62 97
62 73
63 95
13 21
13 14
13 64
13 65
13 66
21 88
21 89
21 90
14 15
14 22
14 67
14 68
14 69
64 85
65 73
66 79
15 70
15 71
15 72
22 91
22 92
22 93
67 96
68 96
69 82
69 89
70 95
72 88
18 79
18 80
18 81
81 96
19 82
19 83
19 84
84 99
85 86
85 99