0 12 33 8 95 9 1 30 50 2 38 64 14 20 39 75 63 3 27 71 94 51 4 84 60 35 55 5 92 13 34 6 17 29 74 37 7 72 45 58 11 23 77 10 83 41 43 82 56 19 73 96 47 15 28 93 44 18 16 52 98 97 49 46 25 32 54 86 31 21 88 70 24 22 61 99 87 81 80 26 78 65 89 90 91 76 42 40 67 62 66 48 36 68 53 85 57 79 59 69
0 12
0 33
0 8
0 95
0 9
0 4
0 78
0 81
0 98
12 33
12 27
12 63
12 5
12 2
12 39
12 84
33 24
33 31
33 70
33 41
33 62
33 43
33 46
33 61
33 86
8 11
8 23
8 51
8 50
8 75
8 21
8 32
8 34
8 68
8 71
95 5
95 17
95 28
95 34
95 72
95 76
95 88
95 18
95 21
95 22
95 42
9 77
9 27
9 94
9 11
9 51
9 69
9 81
1 30
1 50
1 2
1 38
1 64
1 25
1 67
1 78
30 10
30 76
30 11
30 42
30 60
30 40
30 85
50 18
50 15
50 82
50 80
50 28
50 75
50 52
50 88
50 90
2 14
2 20
2 39
2 75
2 63
2 5
2 58
2 66
2 77
2 90
2 94
38 31
38 42
38 68
38 66
38 48
38 18
38 79
64 3
64 7
64 23
64 29
64 39
64 57
64 76
64 5
64 61
64 78
64 19
64 67
64 86
14 96
14 13
14 11
14 47
14 92
14 99
20 21
20 88
20 56
20 70
20 96
20 35
20 84
20 97
39 13
39 92
39 55
39 74
39 41
39 68
39 76
75 13
75 44
75 58
75 70
75 37
75 49
75 46
75 11
75 86
63 29
63 52
63 55
63 45
63 42
63 56
63 5
63 62
63 67
63 71
63 81
3 27
3 71
3 94
3 51
3 16
3 25
3 36
3 54
27 17
27 89
27 90
27 24
27 28
27 36
27 65
71 18
71 43
71 66
71 71
71 34
71 93
94 21
94 41
94 5
94 54
94 99
51 6
51 37
51 42
51 55
51 5
51 65
51 34
51 19
51 57
51 58
4 84
4 60
4 35
4 55
4 13
4 28
4 49
4 73
84 45
84 48
84 53
84 54
84 46
84 6
84 79
60 7
60 31
60 72
60 73
60 21
60 24
60 59
60 80
35 10
35 15
35 23
35 76
35 47
35 48
35 65
35 53
35 55
35 62
55 43
55 57
55 6
55 87
5 92
5 13
5 34
5 22
92 17
92 18
92 77
92 85
92 57
92 72
92 49
92 88
92 16
92 96
13 19
13 73
13 78
13 97
34 10
34 16
34 31
34 66
34 42
34 22
34 43
34 88
6 17
6 29
6 74
6 37
6 54
6 62
6 72
6 83
6 91
17 10
17 37
17 97
17 47
17 98
29 86
29 43
29 91
29 32
29 49
29 67
74 19
74 23
74 83
74 26
74 59
74 81
37 45
37 21
37 73
37 10
37 42
37 85
7 72
7 45
7 58
7 11
7 24
7 47
7 98
72 42
72 46
72 54
72 21
72 90
72 80
45 24
45 25
45 91
45 85
45 43
45 18
58 41
58 44
58 79
58 70
58 91
11 41
11 43
11 82
11 56
11 16
11 47
23 99
23 87
23 81
77 21
77 52
77 53
77 54
77 48
10 83
10 56
10 57
10 69
10 76
10 90
83 28
83 36
83 41
83 49
83 88
83 99
83 78
41 21
41 26
41 91
41 46
41 48
41 67
41 97
41 99
43 36
43 99
82 61
82 70
82 53
82 32
82 69
82 62
82 15
82 89
56 67
56 26
56 15
56 80
19 25
19 32
19 54
19 86
19 31
19 21
19 44
19 79
73 44
73 52
73 68
73 98
73 32
73 16
96 65
96 87
96 79
96 42
96 88
47 40
47 24
47 22
47 89
15 28
15 93
15 44
15 18
15 25
15 62
28 89
28 57
28 88
93 54
93 91
93 62
93 44
44 24
44 54
44 69
18 49
18 46
18 22
18 48
16 52
16 98
16 26
16 78
16 79
16 99
52 22
52 88
52 91
98 66
98 79
98 97
97 66
97 53
49 91
49 46
49 66
46 40
46 78
46 65
46 81
46 85
46 87
25 80
25 32
25 59
32 61
32 26
32 62
32 86
54 22
54 26
54 31
54 86
54 79
86 69
31 24
31 67
31 42
21 24
21 48
21 87
88 59
88 53
70 40
70 53
70 57
70 59
70 89
70 76
70 42
22 61
61 53
61 89
61 85
99 40
99 26
87 76
87 89
87 81
81 79
80 89
80 91
26 78
26 65
26 48
78 42
78 62
78 76
65 48
65 66
65 69
89 53
89 66
89 85
90 59
90 67
90 40
91 53
76 48
40 53
66 36
66 53
48 36
48 59
36 68
68 53
68 85
85 57
59 69