0 40 89 73 47 51 4 50 71 31 79 86 48 23 18 76 32 30 82 19 7 33 43 22 85 45 34 57 13 94 88 28 1 80 95 78 96 11 97 75 66 58 12 39 37 49 9 41 77 36 15 69 2 60 98 61 16 74 56 27 92 42 46 54 8 25 44 17 35 59 53 81 67 64 10 5 52 68 38 90 99 26 83 14 6 87 29 24 3 62 93 21 55 91 84 63 20 72 65 70
0 40
0 89
0 73
0 47
0 51
0 4
0 50
0 71
0 31
0 79
0 86
0 48
0 23
0 18
0 76
0 32
0 30
0 82
0 19
0 7
0 33
0 43
0 22
0 85
0 45
0 34
0 57
0 13
0 94
0 88
0 28
0 1
0 80
0 95
0 78
0 96
0 11
0 97
0 75
0 66
0 58
0 12
0 39
0 37
0 49
0 9
0 41
0 77
0 36
0 15
0 69
0 2
0 60
0 98
0 61
40 1
40 3
40 4
40 5
40 19
40 20
40 22
40 23
40 25
40 27
40 29
40 32
40 34
40 35
40 36
40 39
40 86
40 85
40 98
40 94
40 90
40 44
40 91
40 83
40 92
40 51
40 41
40 43
40 84
40 97
40 81
40 49
40 54
40 60
40 52
40 58
40 72
40 77
40 48
40 74
40 59
40 57
40 96
89 1
89 2
89 3
89 4
89 5
89 9
89 13
89 14
89 15
89 19
89 20
89 21
89 22
89 23
89 24
89 25
89 26
89 27
89 28
89 32
89 33
89 35
89 36
89 39
89 41
89 42
89 45
89 49
89 52
89 55
89 56
89 57
89 59
89 61
89 62
89 63
89 64
89 66
89 67
89 68
89 69
89 70
89 72
89 76
89 78
89 80
89 82
89 83
89 84
89 85
89 88
89 92
89 93
89 95
73 2
73 7
73 9
73 13
73 14
73 17
73 18
73 19
73 24
73 25
73 26
73 29
73 36
73 37
73 43
73 44
73 46
73 47
73 49
73 50
73 52
73 56
73 57
73 59
73 62
73 64
73 65
73 66
73 67
73 68
73 69
73 72
73 99
73 97
73 93
73 80
73 76
73 74
73 85
73 78
73 95
73 91
73 94
73 98
73 81
73 90
73 82
47 1
47 2
47 4
47 5
47 7
47 8
47 10
47 17
47 18
47 19
47 21
47 22
47 24
47 26
47 27
47 29
47 30
47 31
47 35
47 36
47 37
47 39
47 41
47 42
47 44
47 71
47 88
47 68
47 92
47 69
47 97
47 87
47 67
47 48
47 98
47 81
47 65
47 77
47 56
47 55
47 78
47 60
47 75
47 61
47 74
47 94
47 96
51 3
51 5
51 7
51 8
51 9
51 10
51 11
51 18
51 21
51 22
51 24
51 25
51 27
51 31
51 32
51 34
51 39
51 41
51 42
51 45
51 50
51 97
51 68
51 91
51 77
51 94
51 63
51 75
51 76
51 69
51 52
51 53
51 67
51 96
51 56
51 90
51 57
51 85
51 78
51 59
51 80
51 61
51 71
51 70
51 93
51 72
4 1
4 2
4 3
4 12
4 37
4 6
4 44
4 95
4 27
4 84
4 90
4 53
4 93
4 80
4 43
4 79
4 94
4 25
4 86
4 87
4 49
4 22
4 9
4 5
4 67
4 24
4 97
4 63
4 39
4 81
4 15
4 21
4 91
4 11
4 17
4 30
4 50
4 23
4 75
4 58
4 31
4 48
4 19
4 20
4 92
4 28
4 59
4 8
4 83
50 2
50 3
50 5
50 6
50 7
50 10
50 16
50 21
50 26
50 28
50 31
50 32
50 34
50 36
50 38
50 41
50 42
50 43
50 44
50 46
50 80
50 99
50 55
50 72
50 87
50 98
50 52
50 67
50 81
50 65
50 76
50 97
50 53
50 57
50 66
50 85
50 78
50 91
50 69
50 61
50 83
50 79
50 71
50 96
50 93
50 82
50 88
50 68
71 7
71 10
71 11
71 12
71 15
71 16
71 18
71 20
71 21
71 24
71 25
71 27
71 28
71 29
71 30
71 34
71 35
71 41
71 42
71 56
71 60
71 61
71 65
71 66
71 68
71 69
71 70
71 96
71 98
71 91
71 78
71 76
71 94
71 90
71 77
71 86
31 2
31 5
31 6
31 9
31 12
31 14
31 16
31 17
31 18
31 21
31 22
31 25
31 27
31 28
31 29
31 58
31 34
31 81
31 33
31 76
31 84
31 95
31 82
31 36
31 54
31 38
31 80
31 90
31 67
31 88
31 99
31 83
31 44
31 87
31 42
31 94
31 41
31 52
31 92
31 32
31 65
31 97
31 98
31 75
31 70
79 3
79 5
79 8
79 11
79 14
79 15
79 16
79 17
79 18
79 19
79 20
79 21
79 22
79 23
79 24
79 26
79 27
79 30
79 32
79 34
79 38
79 41
79 42
79 44
79 45
79 49
79 52
79 53
79 54
79 55
79 56
79 57
79 69
79 70
79 72
79 75
79 77
79 78
79 94
79 82
79 86
79 80
79 93
79 91
86 3
86 7
86 9
86 10
86 12
86 17
86 19
86 20
86 21
86 24
86 28
86 30
86 33
86 34
86 38
86 39
86 44
86 45
86 46
86 52
86 54
86 55
86 57
86 59
86 60
86 63
86 64
86 65
86 66
86 67
86 68
86 69
86 70
86 76
86 77
86 78
86 81
86 84
86 90
86 92
86 93
86 98
86 87
86 94
86 91
48 1
48 5
48 6
48 8
48 10
48 11
48 12
48 13
48 15
48 17
48 20
48 21
48 22
48 23
48 24
48 28
48 32
48 33
48 35
48 36
48 37
48 38
48 39
48 42
48 44
48 57
48 82
48 63
48 69
48 90
48 59
48 85
48 78
48 91
48 54
48 72
48 62
48 80
48 87
48 60
48 74
48 53
48 75
48 52
48 67
48 49
48 56
48 88
23 1
23 2
23 3
23 5
23 6
23 9
23 11
23 14
23 17
23 20
23 21
23 22
23 99
23 28
23 68
23 62
23 54
23 92
23 98
23 37
23 95
23 41
23 82
23 34
23 70
23 58
23 55
23 88
23 32
23 90
23 84
23 69
23 96
23 97
23 77
23 87
23 29
23 65
23 35
23 56
23 67
23 78
23 44
23 30
23 94
23 63
23 76
23 52
23 27
23 24
23 75
23 49
23 33
23 66
18 2
18 3
18 5
18 6
18 8
18 10
18 12
18 14
18 33
18 94
18 62
18 61
18 56
18 36
18 30
18 41
18 97
18 21
18 65
18 88
18 44
18 52
18 38
18 96
18 68
18 84
18 25
18 92
18 95
18 74
18 29
18 76
18 75
18 53
18 35
18 22
18 67
18 70
18 59
18 34
18 45
18 90
76 3
76 5
76 6
76 8
76 9
76 11
76 16
76 19
76 20
76 24
76 25
76 26
76 27
76 28
76 30
76 35
76 45
76 46
76 49
76 52
76 53
76 55
76 58
76 60
76 65
76 68
76 70
76 74
76 75
76 81
76 99
76 91
76 83
76 98
76 96
76 84
76 85
32 1
32 5
32 6
32 7
32 8
32 9
32 11
32 12
32 14
32 16
32 17
32 24
32 25
32 26
32 27
32 28
32 29
32 30
32 97
32 75
32 92
32 35
32 39
32 72
32 43
32 93
32 34
32 55
32 62
32 66
32 74
32 87
32 64
32 36
32 57
32 82
32 44
32 33
32 53
32 94
32 83
32 68
32 69
32 70
32 60
32 38
32 88
30 1
30 2
30 3
30 5
30 11
30 13
30 17
30 20
30 26
30 88
30 39
30 53
30 52
30 60
30 80
30 42
30 38
30 46
30 78
30 34
30 37
30 75
30 82
30 54
30 87
30 95
30 81
30 33
30 45
30 93
30 83
30 43
30 35
30 98
30 94
30 36
30 96
30 44
30 59
30 97
30 55
82 2
82 3
82 6
82 7
82 8
82 11
82 13
82 15
82 16
82 19
82 20
82 22
82 24
82 26
82 27
82 29
82 35
82 38
82 39
82 42
82 43
82 44
82 49
82 53
82 55
82 59
82 63
82 64
82 65
82 66
82 68
82 69
82 74
82 75
82 77
82 92
82 85
82 97
82 96
82 99
82 90
82 87
82 98
19 1
19 3
19 6
19 10
19 12
19 13
19 15
19 17
19 25
19 49
19 59
19 21
19 80
19 54
19 69
19 22
19 92
19 81
19 44
19 74
19 62
19 85
19 88
19 60
19 26
19 87
19 97
19 42
19 29
19 41
19 96
19 55
19 70
19 35
19 46
19 95
19 78
19 67
7 2
7 3
7 6
7 78
7 64
7 28
7 80
7 66
7 59
7 17
7 96
7 27
7 49
7 35
7 39
7 62
7 21
7 10
7 92
7 60
7 65
7 68
7 87
7 42
7 72
7 14
7 25
7 77
7 56
7 91
7 95
7 84
7 45
7 54
7 81
7 94
7 44
7 85
7 58
7 70
7 99
7 61
7 29
7 34
33 2
33 3
33 8
33 9
33 10
33 11
33 12
33 14
33 16
33 17
33 20
33 21
33 22
33 24
33 26
33 27
33 29
33 92
33 45
33 69
33 72
33 84
33 97
33 88
33 91
33 85
33 36
33 34
33 64
33 57
33 93
33 94
33 75
33 59
33 70
33 98
33 78
33 77
33 68
33 42
43 1
43 2
43 11
43 12
43 13
43 14
43 15
43 17
43 20
43 21
43 24
43 27
43 28
43 35
43 36
43 37
43 39
43 41
43 65
43 78
43 83
43 72
43 91
43 97
43 75
43 88
43 66
43 90
43 60
43 92
43 84
43 74
43 68
43 96
43 64
43 87
43 94
43 85
43 99
43 67
43 93
43 46
43 58
43 77
22 1
22 2
22 5
22 8
22 11
22 13
22 14
22 15
22 17
22 20
22 21
22 84
22 44
22 68
22 74
22 53
22 34
22 69
22 94
22 81
22 99
22 59
22 78
22 64
22 80
22 46
22 88
22 36
22 98
22 26
22 35
22 62
22 25
22 29
85 3
85 6
85 8
85 9
85 10
85 13
85 14
85 15
85 21
85 24
85 25
85 27
85 28
85 34
85 36
85 37
85 42
85 44
85 46
85 54
85 59
85 60
85 61
85 63
85 64
85 66
85 67
85 74
85 78
85 83
85 84
85 91
85 93
85 92
85 87
85 98
85 99
45 1
45 2
45 5
45 8
45 9
45 10
45 12
45 15
45 17
45 26
45 27
45 28
45 34
45 36
45 37
45 39
45 42
45 44
45 77
45 61
45 67
45 84
45 64
45 75
45 98
45 69
45 49
45 78
45 62
45 92
45 72
45 66
45 54
45 81
45 97
45 53
45 68
45 99
45 88
45 74
34 1
34 2
34 8
34 9
34 10
34 14
34 16
34 20
34 26
34 27
34 28
34 29
34 53
34 55
34 88
34 65
34 80
34 60
34 42
34 83
34 99
34 54
34 56
34 57
34 46
34 66
34 68
34 91
34 77
34 97
34 69
34 67
34 58
34 62
34 49
34 52
34 35
34 41
34 39
34 81
34 90
57 1
57 5
57 10
57 11
57 12
57 13
57 14
57 15
57 16
57 17
57 21
57 24
57 27
57 28
57 29
57 36
57 38
57 41
57 42
57 44
57 46
57 52
57 54
57 56
57 58
57 65
57 60
57 93
57 81
57 94
57 84
57 69
57 63
57 78
57 72
57 68
57 74
57 62
57 61
57 92
57 70
57 64
13 2
13 6
13 8
13 9
13 12
13 72
13 68
13 60
13 97
13 28
13 29
13 61
13 16
13 67
13 81
13 25
13 98
13 65
13 46
13 24
13 36
13 35
13 37
13 62
13 90
13 91
13 75
13 83
13 55
13 78
13 74
13 64
13 54
13 59
13 99
13 42
13 53
13 80
13 27
13 26
13 49
13 77
94 3
94 5
94 8
94 14
94 24
94 25
94 26
94 27
94 28
94 29
94 35
94 38
94 41
94 42
94 44
94 55
94 56
94 60
94 61
94 62
94 65
94 67
94 68
94 70
94 72
94 74
94 75
94 77
94 78
94 84
94 87
94 90
94 91
94 93
94 96
94 97
94 95
94 98
88 1
88 2
88 6
88 9
88 11
88 12
88 17
88 25
88 28
88 29
88 36
88 38
88 39
88 44
88 53
88 54
88 55
88 56
88 58
88 59
88 60
88 62
88 64
88 65
88 67
88 68
88 69
88 81
88 83
88 84
88 87
88 91
88 98
88 92
88 96
28 1
28 3
28 6
28 9
28 16
28 20
28 21
28 24
28 25
28 26
28 27
28 98
28 91
28 65
28 39
28 59
28 97
28 52
28 29
28 44
28 68
28 77
28 95
28 64
28 92
28 58
28 61
28 46
28 99
28 87
28 56
28 69
1 16
1 15
1 80
1 78
1 74
1 56
1 27
1 92
1 42
1 58
1 46
1 49
1 11
1 54
1 8
1 75
1 25
1 77
1 44
1 17
1 35
1 59
1 53
1 69
1 9
1 81
1 67
1 64
1 10
1 5
1 37
1 36
1 98
1 52
80 2
80 6
80 9
80 10
80 11
80 14
80 16
80 20
80 29
80 35
80 36
80 38
80 39
80 42
80 44
80 46
80 53
80 56
80 63
80 65
80 67
80 70
80 91
80 83
80 92
80 97
80 96
80 98
80 81
95 5
95 10
95 12
95 14
95 16
95 17
95 20
95 21
95 25
95 26
95 29
95 36
95 37
95 39
95 41
95 52
95 54
95 55
95 56
95 59
95 61
95 62
95 63
95 67
95 69
95 70
95 72
95 74
95 75
95 83
95 90
95 91
95 92
95 93
95 97
95 98
78 2
78 5
78 14
78 15
78 20
78 26
78 29
78 36
78 37
78 41
78 53
78 55
78 59
78 63
78 65
78 67
78 68
78 70
78 72
78 74
78 75
78 92
78 83
78 96
78 99
78 84
78 87
96 3
96 5
96 6
96 8
96 9
96 10
96 12
96 20
96 21
96 24
96 26
96 27
96 29
96 36
96 49
96 56
96 58
96 60
96 61
96 68
96 69
96 70
96 72
96 75
96 77
96 83
96 84
96 87
96 90
96 93
96 99
11 2
11 3
11 6
11 10
11 65
11 26
11 87
11 66
11 49
11 92
11 56
11 84
11 52
11 69
11 67
11 12
11 75
11 74
11 42
11 93
11 36
11 27
11 70
11 54
11 99
11 46
11 41
11 53
11 98
11 68
11 83
97 2
97 5
97 10
97 12
97 14
97 15
97 16
97 25
97 39
97 46
97 54
97 55
97 60
97 61
97 62
97 64
97 67
97 68
97 69
97 72
97 77
97 84
97 87
97 90
97 91
97 92
97 98
75 2
75 3
75 5
75 6
75 9
75 10
75 21
75 25
75 26
75 27
75 29
75 36
75 37
75 38
75 41
75 42
75 44
75 46
75 53
75 55
75 56
75 58
75 59
75 62
75 63
75 65
75 66
75 68
75 70
75 74
75 84
75 99
75 81
75 98
75 87
75 83
75 92
66 2
66 3
66 5
66 6
66 10
66 15
66 16
66 17
66 21
66 27
66 35
66 37
66 38
66 39
66 41
66 46
66 55
66 56
66 61
66 65
66 70
66 74
66 93
66 77
66 90
66 81
58 3
58 9
58 15
58 17
58 20
58 21
58 26
58 29
58 36
58 37
58 38
58 41
58 44
58 54
58 56
58 72
58 91
58 84
58 68
58 63
58 69
58 59
58 92
58 61
58 90
12 2
12 3
12 6
12 8
12 9
12 10
12 77
12 52
12 59
12 44
12 17
12 29
12 37
12 60
12 64
12 54
12 15
12 41
12 26
12 20
12 98
12 92
12 53
12 49
12 87
12 90
12 14
12 56
12 16
12 70
12 91
12 67
12 21
12 38
12 39
12 36
39 2
39 5
39 8
39 10
39 14
39 16
39 24
39 26
39 27
39 35
39 37
39 62
39 91
39 67
39 74
39 60
39 41
39 65
39 84
39 93
39 69
39 87
39 99
39 72
39 42
39 56
39 61
39 53
39 98
39 52
39 64
39 59
37 6
37 14
37 17
37 24
37 26
37 35
37 36
37 92
37 83
37 49
37 52
37 63
37 44
37 59
37 68
37 98
37 56
37 84
37 81
37 93
37 46
37 90
49 8
49 9
49 10
49 14
49 15
49 16
49 21
49 24
49 26
49 27
49 29
49 35
49 38
49 41
49 46
49 53
49 83
49 87
49 91
49 64
49 77
49 61
49 99
49 92
49 52
49 65
49 93
49 54
9 2
9 5
9 6
9 14
9 90
9 42
9 16
9 54
9 81
9 55
9 21
9 26
9 69
9 64
9 67
9 52
9 17
9 38
9 56
9 68
9 77
9 46
9 25
9 35
9 36
9 27
9 65
9 74
41 3
41 6
41 8
41 14
41 15
41 17
41 21
41 25
41 27
41 36
41 38
41 56
41 67
41 65
41 55
41 64
41 92
41 61
41 98
41 62
41 81
41 93
41 84
41 83
41 74
41 59
77 3
77 5
77 8
77 10
77 21
77 24
77 26
77 27
77 29
77 35
77 38
77 44
77 59
77 60
77 61
77 63
77 64
77 68
77 69
77 74
77 93
77 98
77 90
77 83
77 99
77 84
77 87
77 91
36 2
36 3
36 10
36 15
36 21
36 24
36 25
36 35
36 72
36 93
36 53
36 67
36 69
36 91
36 55
36 92
36 44
36 52
36 83
36 87
36 98
36 65
15 2
15 10
15 14
15 26
15 92
15 67
15 56
15 65
15 29
15 90
15 25
15 35
15 81
15 72
15 74
15 42
15 44
15 83
15 87
15 61
15 91
15 38
15 62
15 53
15 93
15 17
69 2
69 3
69 5
69 8
69 14
69 17
69 21
69 24
69 25
69 26
69 29
69 38
69 44
69 46
69 53
69 55
69 56
69 59
69 60
69 64
69 65
69 67
69 68
69 92
69 93
69 91
69 99
69 83
69 74
69 81
69 72
69 70
2 46
2 61
2 68
2 38
2 90
2 99
2 64
2 26
2 53
2 92
2 25
2 83
2 42
2 14
2 6
2 10
2 5
2 27
2 52
2 87
2 29
2 67
2 44
2 74
2 8
2 24
60 3
60 6
60 17
60 20
60 21
60 24
60 25
60 26
60 35
60 38
60 42
60 52
60 54
60 55
60 59
60 61
60 81
60 72
60 99
60 98
60 83
60 87
60 91
60 92
60 93
60 68
98 3
98 5
98 16
98 21
98 24
98 25
98 26
98 29
98 44
98 56
98 61
98 63
98 65
98 70
98 74
98 83
98 87
98 93
61 6
61 10
61 20
61 26
61 27
61 29
61 35
61 44
61 56
61 67
61 68
61 63
61 72
61 74
61 92
61 81
61 91
61 62
61 65
61 83
61 84
16 3
16 5
16 8
16 10
16 14
16 29
16 93
16 46
16 74
16 25
16 81
16 67
16 68
16 84
16 44
16 70
16 55
16 35
16 53
16 17
16 42
16 99
16 20
16 83
74 3
74 10
74 20
74 24
74 25
74 27
74 35
74 38
74 42
74 44
74 46
74 53
74 54
74 55
74 56
74 64
74 65
74 67
74 70
74 72
74 87
74 99
74 90
74 91
74 93
56 6
56 8
56 10
56 14
56 21
56 24
56 26
56 38
56 44
56 52
56 53
56 84
56 91
56 87
56 70
56 63
56 83
56 64
56 65
56 99
27 3
27 17
27 25
27 26
27 84
27 83
27 67
27 46
27 90
27 55
27 65
27 53
27 38
27 70
27 72
27 59
27 92
27 99
27 42
92 3
92 6
92 10
92 29
92 38
92 44
92 53
92 59
92 62
92 63
92 65
92 81
92 83
92 91
92 99
42 3
42 14
42 17
42 21
42 29
42 35
42 93
42 67
42 55
42 83
42 72
42 44
42 63
42 64
42 62
42 68
42 84
42 53
46 6
46 8
46 14
46 20
46 21
46 29
46 38
46 44
46 54
46 67
46 87
46 84
46 59
46 55
46 81
46 52
46 68
46 65
46 62
54 3
54 5
54 6
54 8
54 20
54 24
54 25
54 26
54 38
54 52
54 91
54 68
54 90
54 67
54 81
54 99
54 93
54 63
8 65
8 21
8 83
8 67
8 44
8 53
8 64
8 10
8 25
8 59
8 38
8 26
8 14
8 70
8 20
8 17
25 3
25 6
25 10
25 14
25 21
25 59
25 68
25 44
25 29
25 62
25 64
25 35
25 90
25 65
25 81
44 3
44 6
44 14
44 17
44 20
44 21
44 24
44 35
44 84
44 52
44 87
44 68
44 90
44 64
44 91
44 59
44 93
44 63
44 83
44 99
17 10
17 99
17 68
17 70
17 83
17 63
17 24
17 65
17 38
17 67
17 64
17 53
17 81
17 72
17 29
17 87
17 84
35 6
35 10
35 20
35 21
35 24
35 29
35 91
35 68
35 99
35 84
35 87
35 90
35 93
35 55
35 64
35 83
35 67
35 53
59 6
59 20
59 24
59 26
59 52
59 53
59 55
59 65
59 63
59 62
59 90
59 70
59 93
59 68
53 6
53 20
53 21
53 26
53 29
53 52
53 81
53 65
53 93
53 83
53 62
53 90
53 68
53 91
53 72
53 67
81 3
81 5
81 14
81 20
81 21
81 24
81 26
81 29
81 38
81 52
81 62
81 63
81 64
81 67
81 68
81 70
81 72
81 99
81 91
81 90
67 6
67 14
67 20
67 52
67 62
67 65
67 83
67 72
67 87
67 93
67 99
67 70
64 6
64 20
64 24
64 29
64 38
64 55
64 62
64 91
64 90
10 5
10 70
10 63
10 55
10 84
10 20
10 93
10 14
10 52
10 68
10 26
10 91
5 3
5 29
5 87
5 21
5 83
5 72
5 99
5 68
5 84
5 6
5 55
5 91
52 3
52 14
52 20
52 21
52 38
52 93
52 70
52 83
52 68
52 62
68 3
68 24
68 26
68 63
68 65
68 72
68 83
68 87
68 90
68 70
38 6
38 24
38 26
38 91
38 62
38 65
38 70
38 99
38 90
38 93
38 72
38 55
90 3
90 24
90 26
90 55
90 62
90 63
90 72
90 83
90 84
90 87
90 99
90 91
99 6
99 24
99 62
99 70
99 83
99 91
26 3
26 6
26 14
26 20
26 24
26 55
26 93
26 87
26 29
26 63
26 91
83 6
83 20
83 21
83 29
83 55
83 62
83 72
83 84
83 87
83 91
14 84
14 62
14 21
14 20
14 70
14 65
14 63
14 87
6 91
6 65
6 21
6 20
6 93
6 70
87 21
87 72
87 93
87 91
29 3
29 21
29 63
29 62
29 72
29 93
24 3
24 20
24 70
24 93
24 63
24 72
24 91
3 62
3 93
3 21
3 55
3 91
62 21
62 65
62 93
62 72
62 84
62 70
93 55
93 63
93 70
93 72
93 91
21 20
21 65
21 72
55 91
55 72
55 70
91 65
91 72
84 20
84 65
84 70
63 20
63 70
63 65
20 70