0 2 4 5 1 3 6 8 10 11 7 9 12 14 16 17 13 15 18 20 22 23 19 21 24 26 28 29 25 27 30 32 34 35 31 33 36 38 40 41 37 39 42 44 46 47 43 45 48 50 52 53 49 51 54 56 58 59 55 57 60 62 64 65 61 63 66 68 70 71 67 69 72 74 76 77 73 75 78 80 82 83 79 81 84 86 88 89 85 87 90 92 94 95 91 93
0 2
0 4
0 5
2 3
2 4
4 1
4 5
4 6
5 1
6 8
6 10
6 11
8 9
8 10
10 7
10 11
11 7
11 12
12 14
12 16
12 17
14 15
14 16
16 13
16 17
17 13
17 18
18 20
18 22
18 23
20 21
20 22
22 19
22 23
23 19
23 24
24 26
24 28
24 29
26 27
26 28
28 25
28 29
29 25
29 30
30 32
30 34
30 35
32 33
32 34
34 31
34 35
35 31
35 36
36 38
36 40
36 41
38 39
38 40
40 37
40 41
41 37
41 42
42 44
42 46
42 47
44 45
44 46
46 43
46 47
47 43
47 48
48 50
48 52
48 53
50 51
50 52
52 49
52 53
53 49
53 54
54 56
54 58
54 59
56 57
56 58
58 55
58 59
59 55
59 60
60 62
60 64
60 65
62 63
62 64
64 61
64 65
65 61
65 66
66 68
66 70
66 71
68 69
68 70
70 67
70 71
71 67
71 72
72 74
72 76
72 77
74 75
74 76
76 73
76 77
77 73
77 78
78 80
78 82
78 83
80 81
80 82
82 79
82 83
83 79
83 84
84 86
84 88
84 89
86 87
86 88
88 85
88 89
89 85
89 90
90 92
90 94
90 95
92 93
92 94
94 91
94 95
95 91