0 19 24 25 26 27 1 20 8 28 29 30 2 11 7 31 32 33 3 34 35 36 4 9 10 13 37 38 39 5 40 41 42 6 43 44 45 46 47 48 21 49 50 51 12 52 53 54 14 15 55 56 57 58 59 60 61 62 63 16 64 65 66 67 68 69 70 71 72 18 73 74 75 17 23 76 77 78 22 79 80 81 82 83 84 85 86 87 88 89 90 91 92 93 94 95 96 97 98 99
0 19
0 24
0 25
0 26
0 27
19 17
19 18
19 82
19 83
19 84
24 1
24 97
24 98
24 99
25 54
25 62
25 35
26 37
26 73
26 79
26 42
27 86
1 20
1 8
1 28
1 29
1 30
20 85
20 86
20 87
8 3
8 5
8 21
8 49
8 50
8 51
28 46
28 38
28 97
29 99
30 58
30 93
2 11
2 7
2 31
2 32
2 33
11 58
11 59
11 60
7 6
7 10
7 46
7 47
7 48
31 44
31 35
32 43
32 61
33 59
3 34
3 35
3 36
34 46
35 95
35 47
36 39
4 9
4 10
4 13
4 37
4 38
4 39
9 12
9 52
9 53
9 54
10 14
10 15
10 55
10 56
10 57
13 16
13 64
13 65
13 66
37 39
38 45
38 48
5 40
5 41
5 42
40 61
41 67
42 81
6 43
6 44
6 45
43 90
44 88
45 63
47 85
47 55
48 68
48 91
21 88
21 89
21 90
49 71
49 83
50 84
51 96
12 61
12 62
12 63
52 92
52 94
52 62
53 75
53 81
14 67
14 68
14 69
15 70
15 71
15 72
55 60
56 91
57 62
59 66
60 83
60 93
61 64
63 84
16 18
16 73
16 74
16 75
64 83
65 84
66 81
67 84
69 81
69 87
70 74
70 91
72 89
72 85
18 22
18 79
18 80
18 81
74 80
17 23
17 76
17 77
17 78
23 94
23 95
23 96
76 84
77 97
78 90
22 91
22 92
22 93
82 94
83 98
85 97
86 96
87 95
93 99
95 96