0 2 5 10 13 18 19 22 23 24 33 38 39 43 44 45 49 52 73 78 80 82 94 98 1 11 14 17 25 35 41 51 53 63 64 72 77 88 96 7 15 21 27 30 32 36 46 50 55 56 61 65 68 70 74 75 79 92 99 3 8 16 29 31 34 47 48 59 66 83 86 91 93 97 4 6 20 54 57 60 69 26 37 42 81 85 87 62 76 90 95 9 40 89 67 12 58 71 84 28
0 2
0 5
0 10
0 13
0 18
0 19
0 22
0 23
0 24
0 33
0 38
0 39
0 43
0 44
0 45
0 49
0 52
0 73
0 78
0 80
0 82
0 94
0 98
2 1
2 7
2 15
2 21
2 27
2 30
2 32
2 36
2 38
2 46
2 50
2 53
2 55
2 56
2 61
2 65
2 68
2 70
2 74
2 75
2 78
2 79
2 88
2 92
2 99
5 1
5 10
5 19
5 20
5 24
5 25
5 26
5 30
5 33
5 34
5 36
5 37
5 39
5 41
5 42
5 51
5 57
5 60
5 70
5 81
5 85
5 87
5 91
5 96
10 1
10 11
10 17
10 19
10 21
10 24
10 26
10 32
10 34
10 36
10 39
10 45
10 48
10 50
10 51
10 55
10 56
10 57
10 58
10 62
10 65
10 71
10 75
10 84
10 85
10 88
10 90
10 96
13 7
13 15
13 16
13 17
13 20
13 24
13 33
13 34
13 42
13 50
13 51
13 54
13 61
13 62
13 65
13 66
13 69
13 70
13 74
13 75
13 76
13 86
13 94
13 95
13 97
18 16
18 40
18 41
18 42
18 43
18 50
18 56
18 59
18 61
18 64
18 65
18 67
18 75
18 76
18 81
18 86
18 89
18 91
18 93
18 98
19 3
19 12
19 15
19 17
19 20
19 22
19 23
19 24
19 27
19 37
19 38
19 39
19 41
19 43
19 48
19 49
19 51
19 56
19 67
19 68
19 79
19 82
19 87
19 88
19 90
19 91
19 93
22 1
22 9
22 11
22 12
22 16
22 20
22 30
22 32
22 33
22 39
22 43
22 48
22 49
22 50
22 60
22 63
22 65
22 66
22 67
22 70
22 71
22 81
22 82
22 84
22 92
22 94
22 95
23 1
23 3
23 7
23 9
23 11
23 14
23 17
23 20
23 25
23 34
23 38
23 42
23 53
23 57
23 59
23 63
23 65
23 74
23 79
23 82
23 98
24 6
24 14
24 17
24 21
24 28
24 29
24 30
24 35
24 40
24 41
24 43
24 45
24 48
24 50
24 51
24 52
24 54
24 56
24 57
24 64
24 73
24 75
24 79
24 81
24 87
24 91
24 96
24 97
24 98
33 6
33 7
33 12
33 15
33 16
33 17
33 26
33 27
33 28
33 36
33 40
33 50
33 52
33 58
33 61
33 66
33 68
33 71
33 73
33 74
33 84
33 86
33 93
38 8
38 14
38 17
38 44
38 55
38 61
38 62
38 72
38 74
38 79
38 82
38 85
38 86
38 94
38 97
38 99
39 3
39 6
39 8
39 20
39 25
39 32
39 36
39 37
39 41
39 45
39 46
39 48
39 55
39 57
39 58
39 59
39 61
39 65
39 67
39 68
39 71
39 75
39 85
39 90
39 92
39 96
43 3
43 4
43 8
43 12
43 16
43 17
43 21
43 31
43 37
43 47
43 48
43 52
43 54
43 55
43 59
43 60
43 64
43 73
43 78
43 80
43 84
43 89
43 91
43 94
44 1
44 4
44 16
44 26
44 47
44 52
44 53
44 57
44 66
44 70
44 71
44 72
44 73
44 77
44 85
44 86
44 96
45 4
45 7
45 9
45 11
45 15
45 16
45 17
45 30
45 31
45 41
45 53
45 54
45 56
45 61
45 63
45 64
45 68
45 70
45 72
45 74
45 75
45 76
45 80
45 83
45 91
49 11
49 15
49 29
49 32
49 35
49 46
49 47
49 48
49 50
49 51
49 62
49 64
49 65
49 69
49 75
49 76
49 77
49 81
49 83
49 84
49 85
49 89
49 90
49 96
49 98
52 11
52 16
52 17
52 27
52 29
52 36
52 37
52 46
52 53
52 63
52 64
52 65
52 66
52 70
52 71
52 75
52 82
52 85
52 88
52 93
52 96
52 97
73 6
73 9
73 15
73 20
73 35
73 40
73 42
73 48
73 50
73 54
73 59
73 62
73 65
73 66
73 71
73 77
73 79
73 80
73 85
73 88
73 95
73 96
78 14
78 37
78 40
78 50
78 51
78 53
78 58
78 63
78 65
78 68
78 74
78 76
80 4
80 8
80 12
80 27
80 35
80 36
80 40
80 41
80 48
80 64
80 66
80 69
80 71
80 72
80 76
80 77
80 79
80 86
80 88
80 91
80 92
82 9
82 11
82 21
82 26
82 28
82 29
82 31
82 32
82 34
82 37
82 68
82 72
82 76
82 92
82 96
82 97
94 7
94 9
94 21
94 25
94 28
94 34
94 51
94 66
94 75
94 85
94 86
94 90
94 96
98 3
98 8
98 16
98 25
98 29
98 31
98 34
98 37
98 40
98 55
98 58
98 61
98 62
98 63
98 65
98 69
98 72
98 74
98 76
98 89
98 96
1 11
1 14
1 17
1 25
1 35
1 41
1 51
1 53
1 63
1 64
1 72
1 77
1 88
1 96
11 14
11 16
11 17
11 35
11 50
11 53
11 61
11 64
11 67
11 76
11 77
11 88
11 99
14 7
14 12
14 29
14 37
14 46
14 55
14 64
14 67
14 72
14 75
14 77
14 79
14 81
14 84
14 90
17 7
17 12
17 32
17 41
17 46
17 55
17 56
17 57
17 58
17 59
17 62
17 64
17 67
17 76
17 81
17 84
17 86
17 89
17 91
17 92
17 99
25 8
25 26
25 27
25 29
25 31
25 32
25 42
25 48
25 53
25 56
25 57
25 58
25 59
25 60
25 66
25 70
25 74
25 76
25 85
25 89
25 91
25 96
25 97
35 6
35 9
35 16
35 26
35 28
35 34
35 50
35 55
35 56
35 57
35 61
35 63
35 81
35 84
35 88
35 90
41 6
41 12
41 15
41 27
41 53
41 58
41 63
41 65
41 67
41 68
41 70
41 71
41 75
41 79
41 85
41 86
41 91
41 95
51 12
51 29
51 48
51 56
51 59
51 60
51 62
51 64
51 67
51 70
51 77
51 79
51 84
53 4
53 12
53 16
53 20
53 21
53 28
53 31
53 42
53 46
53 59
53 65
53 75
53 76
53 84
53 91
53 96
53 99
63 9
63 16
63 20
63 26
63 27
63 28
63 34
63 37
63 46
63 47
63 58
63 71
63 74
63 75
63 77
63 87
63 96
64 4
64 7
64 15
64 29
64 54
64 68
64 70
64 76
64 79
64 86
64 89
64 93
64 96
72 7
72 40
72 50
72 57
72 60
72 65
72 69
72 84
72 92
77 6
77 12
77 16
77 21
77 26
77 27
77 28
77 29
77 36
77 40
77 57
77 60
77 62
77 65
77 67
77 75
77 76
77 85
77 88
77 90
77 93
77 99
88 8
88 16
88 20
88 26
88 31
88 32
88 36
88 50
88 55
88 60
88 61
88 89
88 90
88 95
88 96
88 97
96 7
96 9
96 26
96 27
96 28
96 30
96 32
96 34
96 36
96 37
96 40
96 46
96 55
96 59
96 60
96 61
96 68
96 74
96 89
96 92
7 4
7 6
7 9
7 16
7 21
7 29
7 32
7 34
7 37
7 40
7 47
7 50
7 57
7 69
7 74
7 87
7 89
7 93
15 8
15 12
15 16
15 37
15 48
15 55
15 60
15 66
15 74
15 79
15 84
15 87
15 90
15 93
15 99
21 4
21 9
21 16
21 20
21 31
21 34
21 36
21 37
21 42
21 47
21 58
21 67
21 76
21 87
21 89
21 93
21 95
27 3
27 40
27 48
27 56
27 57
27 58
27 62
27 65
27 67
27 69
27 71
27 75
27 76
27 79
27 81
27 90
27 92
30 20
30 31
30 34
30 55
30 57
30 67
30 70
30 81
30 92
32 3
32 9
32 12
32 26
32 40
32 47
32 65
32 71
32 74
32 87
32 90
32 97
36 3
36 4
36 9
36 12
36 16
36 31
36 48
36 56
36 59
36 60
36 62
36 65
36 67
36 79
36 81
36 83
36 86
36 93
36 97
36 99
46 3
46 29
46 37
46 50
46 59
46 71
46 75
46 76
46 81
46 93
46 95
50 6
50 20
50 40
50 42
50 47
50 54
50 58
50 60
50 62
50 66
50 67
50 70
50 81
50 83
50 92
50 93
55 6
55 9
55 20
55 28
55 29
55 31
55 34
55 58
55 60
55 61
55 69
55 71
55 75
55 83
56 3
56 29
56 59
56 61
56 81
56 85
56 89
56 90
56 93
61 4
61 6
61 16
61 28
61 37
61 48
61 54
61 59
61 67
61 69
61 71
61 83
61 84
61 87
61 90
61 91
61 93
65 3
65 16
65 20
65 26
65 40
65 70
65 79
65 84
65 91
65 95
65 99
68 3
68 4
68 9
68 34
68 42
68 47
68 54
68 62
68 67
68 70
68 76
68 84
68 89
68 91
68 97
70 4
70 6
70 31
70 60
74 12
74 31
74 62
74 75
74 92
75 3
75 26
75 42
75 66
75 79
75 87
75 90
75 93
75 97
79 31
79 34
79 58
79 69
79 85
79 91
79 99
92 6
92 9
92 12
92 16
92 28
92 31
92 40
92 42
92 58
92 62
99 4
99 6
99 26
99 28
99 47
99 54
99 60
99 62
99 76
99 81
99 84
99 85
99 87
99 89
99 91
99 93
3 8
3 16
3 29
3 31
3 34
3 47
3 48
3 59
3 66
3 83
3 86
3 91
3 93
3 97
8 4
8 16
8 20
8 54
8 59
8 60
8 66
8 67
8 69
8 76
8 85
8 90
8 91
16 4
16 26
16 31
16 34
16 48
16 59
16 62
16 87
16 89
16 90
16 93
29 20
29 26
29 28
29 40
29 54
29 60
29 66
29 67
29 93
31 6
31 40
31 42
31 48
31 54
31 57
31 59
31 66
31 83
31 84
31 87
31 90
31 93
34 4
34 6
34 12
34 28
34 54
34 59
34 62
34 81
34 86
34 91
47 26
47 40
47 59
47 71
47 83
47 89
47 91
47 93
47 95
48 4
48 6
48 9
48 12
48 26
48 28
48 37
48 57
48 59
48 67
48 71
48 83
48 90
48 91
48 93
59 4
59 12
59 81
59 86
59 89
59 90
59 97
66 4
66 6
66 9
66 58
66 60
66 62
66 67
66 71
66 83
66 90
83 4
83 20
83 26
83 86
83 89
83 95
86 6
86 20
86 37
86 57
86 69
86 81
86 89
86 90
86 95
91 6
91 26
91 42
91 54
91 62
91 76
91 87
91 90
91 95
91 97
93 28
93 40
93 42
93 57
93 69
93 76
93 81
93 89
93 90
93 95
97 9
97 20
97 60
97 62
97 84
97 87
4 6
4 20
4 54
4 57
4 60
4 69
6 57
6 62
6 76
6 85
6 90
6 95
20 12
20 57
20 58
20 62
20 67
20 76
20 81
20 89
54 84
57 26
57 37
57 69
57 81
57 87
57 89
60 28
60 42
60 90
69 28
69 37
69 42
69 71
69 76
26 40
26 81
37 9
37 12
37 40
37 62
37 76
37 85
42 12
42 71
42 89
42 90
81 9
81 58
81 67
81 71
81 85
81 89
85 12
85 28
85 62
85 76
85 87
87 76
62 28
62 58
62 76
76 67
76 89
76 90
76 95
90 12
90 28
90 67
95 9
9 12
9 89
40 12
40 28
40 67
89 28
67 71
67 84
12 71
58 71
58 84
71 28