0 3 4 6 9 16 20 21 22 23 25 26 29 30 32 33 35 36 38 43 44 49 51 52 53 59 60 64 65 67 69 71 72 73 74 76 77 80 81 82 84 89 90 93 94 96 99 1 5 7 10 11 12 13 14 17 18 27 28 31 39 40 41 45 47 48 50 54 57 58 61 70 75 79 85 87 88 91 92 95 98 2 19 24 34 46 55 62 63 66 68 78 83 86 15 37 42 56 8 97
0 3
0 4
0 6
0 9
0 16
0 20
0 21
0 22
0 23
0 25
0 26
0 29
0 30
0 32
0 33
0 35
0 36
0 38
0 43
0 44
0 49
0 51
0 52
0 53
0 59
0 60
0 64
0 65
0 67
0 69
0 71
0 72
0 73
0 74
0 76
0 77
0 80
0 81
0 82
0 84
0 89
0 90
0 93
0 94
0 96
0 99
3 2
3 4
3 7
3 10
3 11
3 15
3 19
3 22
3 23
3 26
3 27
3 29
3 30
3 31
3 32
3 34
3 35
3 36
3 37
3 39
3 40
3 41
3 42
3 47
3 50
3 53
3 55
3 56
3 57
3 58
3 59
3 63
3 64
3 65
3 66
3 67
3 68
3 69
3 70
3 75
3 76
3 77
3 78
3 80
3 81
3 83
3 84
3 85
3 86
3 88
3 90
3 91
3 94
3 96
3 98
4 2
4 7
4 8
4 10
4 12
4 17
4 18
4 19
4 20
4 21
4 22
4 23
4 24
4 26
4 27
4 28
4 29
4 31
4 34
4 36
4 40
4 41
4 44
4 46
4 48
4 49
4 50
4 53
4 55
4 56
4 57
4 58
4 60
4 62
4 63
4 64
4 65
4 67
4 69
4 70
4 71
4 72
4 77
4 83
4 85
4 86
4 88
4 90
4 91
4 93
4 94
4 95
4 97
4 99
6 5
6 10
6 15
6 19
6 20
6 23
6 24
6 27
6 28
6 30
6 31
6 33
6 36
6 37
6 39
6 40
6 43
6 44
6 48
6 50
6 52
6 53
6 56
6 57
6 58
6 61
6 63
6 65
6 67
6 71
6 72
6 75
6 76
6 77
6 78
6 81
6 82
6 85
6 88
6 91
6 94
6 96
6 98
6 99
9 2
9 10
9 13
9 16
9 22
9 24
9 33
9 38
9 40
9 46
9 48
9 53
9 56
9 60
9 62
9 65
9 68
9 69
9 70
9 72
9 73
9 76
9 84
9 87
9 89
9 91
9 92
9 94
9 96
16 1
16 2
16 5
16 8
16 10
16 13
16 14
16 17
16 19
16 20
16 23
16 26
16 28
16 31
16 32
16 34
16 35
16 37
16 38
16 39
16 40
16 43
16 50
16 51
16 52
16 53
16 55
16 59
16 64
16 66
16 67
16 68
16 72
16 73
16 78
16 80
16 82
16 84
16 85
16 91
16 93
16 96
16 97
16 98
16 99
20 1
20 7
20 8
20 14
20 15
20 17
20 18
20 19
20 21
20 22
20 24
20 26
20 28
20 30
20 31
20 32
20 34
20 35
20 36
20 37
20 39
20 40
20 41
20 43
20 44
20 46
20 47
20 49
20 50
20 51
20 54
20 55
20 61
20 63
20 64
20 65
20 70
20 72
20 73
20 75
20 76
20 82
20 86
20 89
20 91
20 93
20 95
21 5
21 7
21 8
21 11
21 13
21 14
21 18
21 22
21 24
21 25
21 30
21 32
21 35
21 36
21 38
21 42
21 44
21 47
21 50
21 51
21 53
21 54
21 55
21 56
21 58
21 59
21 61
21 62
21 63
21 65
21 66
21 69
21 72
21 73
21 79
21 81
21 82
21 83
21 85
21 91
21 94
21 95
21 99
22 7
22 8
22 11
22 14
22 17
22 18
22 19
22 25
22 27
22 30
22 31
22 32
22 39
22 42
22 44
22 45
22 46
22 47
22 48
22 49
22 50
22 53
22 54
22 58
22 62
22 67
22 68
22 69
22 71
22 77
22 80
22 81
22 82
22 84
22 87
22 90
22 91
22 93
22 94
22 97
22 99
23 2
23 5
23 7
23 8
23 11
23 12
23 13
23 15
23 17
23 19
23 26
23 27
23 28
23 29
23 31
23 32
23 33
23 34
23 35
23 40
23 42
23 45
23 48
23 50
23 51
23 53
23 59
23 61
23 62
23 63
23 65
23 66
23 68
23 70
23 72
23 73
23 74
23 76
23 77
23 78
23 79
23 80
23 83
23 87
23 88
23 90
23 92
23 93
23 94
23 96
23 97
23 98
25 2
25 8
25 10
25 11
25 12
25 13
25 24
25 27
25 28
25 29
25 30
25 32
25 33
25 34
25 35
25 36
25 39
25 40
25 41
25 42
25 45
25 46
25 48
25 49
25 52
25 55
25 56
25 61
25 63
25 67
25 69
25 70
25 72
25 74
25 76
25 77
25 78
25 79
25 81
25 84
25 85
25 88
25 96
25 99
26 1
26 5
26 8
26 10
26 11
26 14
26 15
26 17
26 24
26 29
26 31
26 32
26 35
26 36
26 37
26 41
26 42
26 45
26 46
26 47
26 49
26 51
26 52
26 53
26 54
26 56
26 59
26 62
26 63
26 67
26 74
26 77
26 78
26 79
26 83
26 87
26 89
26 91
26 97
26 98
26 99
29 1
29 2
29 5
29 10
29 12
29 13
29 15
29 31
29 32
29 33
29 34
29 36
29 39
29 41
29 42
29 45
29 46
29 49
29 50
29 51
29 52
29 54
29 55
29 56
29 57
29 58
29 60
29 62
29 68
29 70
29 72
29 75
29 77
29 79
29 82
29 86
29 91
29 92
29 93
29 95
29 97
29 98
29 99
30 2
30 5
30 8
30 11
30 12
30 14
30 15
30 17
30 18
30 27
30 28
30 32
30 46
30 49
30 52
30 55
30 56
30 57
30 58
30 60
30 61
30 63
30 65
30 70
30 73
30 74
30 75
30 76
30 77
30 78
30 82
30 84
30 87
30 89
30 92
30 93
30 96
30 99
32 8
32 10
32 13
32 14
32 19
32 27
32 33
32 35
32 36
32 37
32 38
32 41
32 43
32 45
32 51
32 52
32 53
32 55
32 56
32 57
32 58
32 59
32 61
32 62
32 63
32 64
32 65
32 67
32 68
32 70
32 74
32 77
32 83
32 89
32 91
32 95
32 98
33 2
33 5
33 10
33 11
33 24
33 31
33 36
33 37
33 38
33 40
33 41
33 44
33 45
33 46
33 47
33 49
33 50
33 51
33 52
33 57
33 59
33 61
33 62
33 68
33 70
33 72
33 74
33 75
33 79
33 82
33 84
33 86
33 88
33 92
33 93
33 94
33 96
33 97
33 99
35 7
35 10
35 11
35 14
35 15
35 24
35 28
35 31
35 36
35 37
35 39
35 42
35 43
35 44
35 49
35 50
35 51
35 54
35 55
35 56
35 59
35 62
35 63
35 65
35 67
35 70
35 71
35 74
35 76
35 79
35 82
35 83
35 86
35 89
35 91
35 92
35 93
35 97
35 99
36 1
36 2
36 5
36 7
36 10
36 13
36 14
36 18
36 19
36 28
36 31
36 37
36 41
36 43
36 45
36 46
36 47
36 48
36 50
36 54
36 56
36 57
36 58
36 60
36 64
36 65
36 67
36 72
36 76
36 78
36 80
36 82
36 84
36 89
36 91
36 92
36 94
36 95
36 96
36 98
38 2
38 5
38 8
38 10
38 14
38 15
38 18
38 19
38 27
38 31
38 34
38 39
38 40
38 42
38 43
38 44
38 51
38 52
38 53
38 54
38 59
38 65
38 66
38 70
38 72
38 75
38 77
38 78
38 79
38 80
38 81
38 83
38 86
38 87
38 88
38 90
38 91
38 92
38 94
38 95
38 96
43 1
43 10
43 12
43 13
43 15
43 17
43 27
43 28
43 31
43 34
43 40
43 41
43 44
43 45
43 52
43 58
43 63
43 65
43 66
43 67
43 72
43 73
43 75
43 76
43 77
43 79
43 81
43 82
43 86
43 87
43 88
43 89
43 90
43 91
43 93
43 94
43 95
43 97
43 98
43 99
44 1
44 2
44 5
44 10
44 11
44 18
44 19
44 24
44 28
44 31
44 40
44 41
44 42
44 46
44 47
44 52
44 55
44 56
44 57
44 58
44 61
44 62
44 66
44 68
44 70
44 73
44 74
44 78
44 79
44 81
44 82
44 83
44 85
44 86
44 88
44 90
44 92
44 94
44 97
49 8
49 15
49 24
49 28
49 34
49 37
49 41
49 45
49 46
49 51
49 53
49 54
49 59
49 62
49 63
49 64
49 67
49 68
49 71
49 75
49 76
49 79
49 80
49 82
49 83
49 84
49 89
49 90
49 93
49 94
51 1
51 5
51 8
51 10
51 15
51 24
51 28
51 34
51 37
51 39
51 41
51 42
51 45
51 46
51 47
51 50
51 53
51 56
51 57
51 60
51 61
51 62
51 65
51 66
51 67
51 68
51 69
51 70
51 72
51 73
51 75
51 76
51 78
51 79
51 80
51 82
51 83
51 84
51 85
51 86
51 87
51 90
51 97
52 1
52 5
52 7
52 8
52 10
52 11
52 12
52 13
52 14
52 18
52 24
52 34
52 37
52 41
52 45
52 53
52 54
52 55
52 57
52 59
52 62
52 63
52 66
52 67
52 70
52 71
52 72
52 73
52 75
52 77
52 79
52 81
52 82
52 86
52 87
52 88
52 91
52 93
52 94
52 96
52 97
52 98
53 1
53 2
53 5
53 7
53 8
53 10
53 11
53 12
53 18
53 19
53 31
53 34
53 37
53 40
53 41
53 50
53 55
53 59
53 60
53 63
53 64
53 67
53 69
53 70
53 71
53 73
53 74
53 78
53 79
53 82
53 84
53 86
53 87
53 88
53 89
53 91
53 92
53 97
59 1
59 5
59 8
59 10
59 11
59 12
59 14
59 31
59 37
59 40
59 42
59 47
59 54
59 56
59 57
59 60
59 63
59 64
59 66
59 69
59 70
59 71
59 73
59 75
59 77
59 78
59 80
59 85
59 87
59 88
59 89
59 91
59 93
59 95
59 96
60 1
60 7
60 10
60 11
60 12
60 15
60 24
60 27
60 28
60 39
60 40
60 41
60 42
60 45
60 46
60 47
60 48
60 50
60 54
60 55
60 57
60 64
60 67
60 68
60 69
60 70
60 72
60 73
60 75
60 76
60 77
60 79
60 83
60 84
60 92
60 95
60 97
60 98
64 5
64 7
64 11
64 12
64 13
64 18
64 19
64 24
64 27
64 28
64 34
64 39
64 40
64 48
64 54
64 58
64 62
64 63
64 67
64 68
64 73
64 76
64 77
64 78
64 79
64 85
64 86
64 88
64 89
64 90
64 91
64 95
64 96
64 97
64 98
64 99
65 2
65 5
65 7
65 11
65 12
65 15
65 17
65 18
65 19
65 24
65 27
65 31
65 34
65 40
65 42
65 46
65 48
65 55
65 57
65 62
65 66
65 69
65 70
65 71
65 72
65 74
65 75
65 76
65 77
65 78
65 81
65 82
65 85
65 87
65 91
65 94
65 95
65 96
67 1
67 8
67 14
67 17
67 27
67 28
67 34
67 37
67 39
67 41
67 42
67 54
67 55
67 57
67 61
67 63
67 66
67 70
67 75
67 76
67 80
67 83
67 85
67 86
67 88
67 89
67 91
67 92
67 94
67 99
69 1
69 8
69 18
69 24
69 27
69 37
69 40
69 41
69 42
69 45
69 46
69 47
69 58
69 62
69 63
69 68
69 72
69 73
69 74
69 82
69 83
69 85
69 91
69 94
69 96
69 97
69 98
69 99
71 2
71 7
71 8
71 13
71 14
71 15
71 17
71 18
71 19
71 24
71 28
71 34
71 39
71 40
71 45
71 46
71 48
71 50
71 56
71 57
71 58
71 61
71 66
71 70
71 74
71 76
71 77
71 78
71 79
71 80
71 82
71 83
71 85
71 86
71 90
71 91
71 93
71 96
71 98
71 99
72 2
72 5
72 7
72 11
72 12
72 13
72 27
72 34
72 37
72 39
72 45
72 48
72 50
72 54
72 56
72 57
72 58
72 62
72 63
72 68
72 70
72 74
72 77
72 78
72 79
72 80
72 83
72 87
72 89
72 90
72 92
72 93
72 94
72 96
72 99
73 2
73 10
73 13
73 19
73 28
73 31
73 37
73 39
73 40
73 42
73 45
73 47
73 48
73 54
73 56
73 57
73 62
73 63
73 66
73 70
73 75
73 76
73 77
73 79
73 80
73 83
73 85
73 87
73 91
73 94
73 96
73 97
74 1
74 5
74 7
74 8
74 12
74 17
74 19
74 24
74 27
74 31
74 39
74 40
74 42
74 47
74 54
74 55
74 56
74 57
74 58
74 62
74 63
74 70
74 81
74 82
74 83
74 84
74 85
74 86
74 89
74 92
74 93
74 94
74 95
74 96
76 2
76 5
76 7
76 10
76 19
76 31
76 39
76 42
76 47
76 50
76 55
76 57
76 70
76 75
76 80
76 82
76 83
76 85
76 86
76 92
76 94
76 95
76 98
76 99
77 2
77 7
77 11
77 12
77 19
77 24
77 31
77 34
77 37
77 41
77 45
77 47
77 50
77 56
77 58
77 62
77 63
77 66
77 80
77 81
77 84
77 91
77 93
77 95
77 97
80 5
80 7
80 10
80 11
80 12
80 13
80 17
80 18
80 24
80 27
80 31
80 34
80 42
80 45
80 47
80 50
80 56
80 61
80 62
80 70
80 75
80 82
80 83
80 85
80 86
80 88
80 91
80 92
80 94
80 97
80 98
81 2
81 5
81 7
81 8
81 11
81 15
81 17
81 18
81 19
81 27
81 28
81 31
81 40
81 45
81 47
81 50
81 54
81 57
81 58
81 63
81 68
81 70
81 75
81 78
81 79
81 83
81 84
81 85
81 86
81 87
81 89
81 91
81 92
81 94
81 96
81 99
82 5
82 7
82 11
82 13
82 14
82 15
82 24
82 28
82 31
82 37
82 39
82 41
82 42
82 47
82 48
82 54
82 55
82 68
82 70
82 75
82 79
82 83
82 86
82 88
82 91
82 93
82 94
82 95
82 98
84 1
84 5
84 7
84 14
84 19
84 37
84 40
84 41
84 42
84 45
84 47
84 48
84 50
84 55
84 56
84 61
84 62
84 68
84 75
84 83
84 86
84 87
84 91
84 92
84 94
84 96
89 7
89 8
89 10
89 11
89 13
89 14
89 18
89 31
89 40
89 45
89 47
89 48
89 56
89 57
89 61
89 62
89 63
89 66
89 75
89 78
89 79
89 83
89 85
89 86
89 88
89 91
89 95
89 97
90 1
90 2
90 5
90 7
90 8
90 10
90 11
90 13
90 15
90 17
90 18
90 19
90 28
90 41
90 42
90 48
90 55
90 61
90 68
90 86
90 87
90 92
90 94
90 95
90 96
90 97
90 98
90 99
93 2
93 7
93 8
93 11
93 12
93 18
93 27
93 28
93 34
93 40
93 42
93 45
93 47
93 54
93 55
93 61
93 62
93 78
93 79
93 83
93 86
93 91
93 94
93 95
93 97
94 1
94 2
94 5
94 7
94 10
94 11
94 13
94 14
94 18
94 19
94 27
94 31
94 34
94 37
94 40
94 41
94 42
94 47
94 50
94 54
94 57
94 58
94 62
94 63
94 68
94 70
94 75
94 78
94 79
94 83
94 86
94 88
94 91
94 97
94 99
96 7
96 12
96 13
96 19
96 24
96 28
96 34
96 37
96 40
96 41
96 45
96 46
96 54
96 55
96 57
96 63
96 66
96 79
96 83
96 86
96 91
96 92
96 95
96 97
96 98
96 99
99 1
99 2
99 8
99 10
99 12
99 13
99 14
99 17
99 28
99 34
99 37
99 39
99 40
99 41
99 42
99 47
99 48
99 55
99 58
99 62
99 63
99 66
99 70
99 75
99 78
99 79
99 83
99 87
99 91
99 92
99 95
99 97
99 98
1 5
1 7
1 10
1 11
1 12
1 13
1 14
1 17
1 18
1 27
1 28
1 31
1 39
1 40
1 41
1 45
1 47
1 48
1 50
1 54
1 57
1 58
1 61
1 70
1 75
1 79
1 85
1 87
1 88
1 91
1 92
1 95
1 98
5 2
5 7
5 11
5 12
5 14
5 17
5 18
5 19
5 24
5 31
5 34
5 37
5 39
5 40
5 42
5 45
5 46
5 47
5 48
5 50
5 62
5 78
5 83
5 88
5 91
5 95
5 97
5 98
7 2
7 14
7 17
7 18
7 19
7 31
7 42
7 46
7 48
7 54
7 55
7 56
7 57
7 58
7 63
7 66
7 70
7 79
7 83
7 86
7 87
7 92
7 95
7 97
10 8
10 13
10 14
10 15
10 17
10 18
10 19
10 28
10 31
10 37
10 39
10 42
10 45
10 46
10 48
10 63
10 66
10 68
10 75
10 79
10 86
10 92
11 2
11 15
11 17
11 28
11 34
11 42
11 45
11 47
11 54
11 61
11 62
11 70
11 78
11 85
11 86
11 92
11 98
12 14
12 17
12 18
12 24
12 27
12 40
12 41
12 45
12 48
12 50
12 54
12 55
12 56
12 57
12 58
12 61
12 62
12 63
12 68
12 70
12 79
12 83
12 85
12 86
12 87
12 88
12 91
12 92
12 98
13 2
13 17
13 28
13 34
13 39
13 42
13 46
13 47
13 56
13 57
13 63
13 66
13 70
13 75
13 83
13 85
13 86
13 87
13 91
13 92
13 95
13 98
14 8
14 17
14 24
14 28
14 31
14 37
14 39
14 48
14 54
14 56
14 57
14 66
14 68
14 70
14 78
14 79
14 83
14 85
14 86
14 87
14 91
14 92
14 95
17 2
17 15
17 19
17 24
17 28
17 40
17 46
17 55
17 56
17 57
17 61
17 79
17 85
17 88
17 95
18 8
18 27
18 39
18 41
18 46
18 47
18 54
18 55
18 56
18 57
18 58
18 62
18 63
18 70
18 83
18 86
18 87
18 88
18 91
27 8
27 19
27 24
27 34
27 39
27 54
27 55
27 56
27 57
27 58
27 61
27 62
27 63
27 66
27 79
27 83
27 88
27 98
28 31
28 39
28 40
28 41
28 42
28 47
28 50
28 54
28 55
28 56
28 58
28 63
28 68
28 79
28 85
28 86
28 87
28 88
28 91
28 92
28 95
28 97
31 15
31 24
31 39
31 41
31 47
31 61
31 62
31 63
31 68
31 78
31 83
31 88
31 91
31 97
39 2
39 8
39 19
39 40
39 41
39 42
39 48
39 54
39 55
39 57
39 58
39 61
39 62
39 63
39 66
39 70
39 75
39 78
39 79
39 85
39 86
39 87
39 88
39 95
40 15
40 19
40 34
40 37
40 45
40 46
40 47
40 48
40 50
40 55
40 57
40 58
40 68
40 70
40 75
40 79
40 85
40 86
40 88
40 92
40 97
40 98
41 24
41 42
41 46
41 48
41 50
41 56
41 63
41 66
41 70
41 75
41 79
41 83
41 86
41 87
41 88
41 92
41 97
41 98
45 2
45 8
45 24
45 37
45 46
45 48
45 50
45 56
45 58
45 75
45 79
45 83
45 85
45 86
45 87
45 95
45 97
45 98
47 8
47 19
47 24
47 48
47 54
47 55
47 56
47 57
47 58
47 66
47 70
47 75
47 78
47 83
47 86
47 87
48 2
48 8
48 15
48 19
48 24
48 37
48 42
48 46
48 55
48 57
48 63
48 66
48 75
48 86
48 87
48 92
48 97
48 98
50 15
50 19
50 24
50 42
50 56
50 63
50 66
50 70
50 75
50 78
50 79
50 83
50 85
50 86
50 87
50 88
50 91
50 97
54 2
54 24
54 37
54 55
54 56
54 62
54 70
54 79
54 85
54 86
54 88
54 98
57 19
57 42
57 46
57 55
57 56
57 66
57 68
57 75
57 78
57 83
57 87
57 88
57 92
57 98
58 8
58 19
58 24
58 37
58 46
58 55
58 56
58 61
58 62
58 70
58 75
58 78
58 83
58 85
58 86
58 87
58 91
58 92
58 95
58 98
61 2
61 8
61 24
61 34
61 42
61 46
61 56
61 62
61 66
61 70
61 86
61 87
61 88
61 91
61 92
61 95
61 97
61 98
70 2
70 8
70 42
70 66
70 75
70 78
70 85
70 86
70 88
70 91
70 95
70 98
75 8
75 15
75 24
75 55
75 56
75 63
75 78
75 83
75 86
75 87
75 91
75 95
75 97
79 2
79 15
79 24
79 34
79 42
79 46
79 56
79 62
79 68
79 87
79 88
79 91
79 95
79 98
85 8
85 24
85 42
85 46
85 55
85 56
85 68
85 83
85 86
85 95
85 98
87 2
87 8
87 15
87 24
87 37
87 55
87 56
87 62
87 66
87 83
87 92
87 97
87 98
88 2
88 19
88 37
88 46
88 62
88 68
88 83
88 86
88 91
88 92
88 97
91 2
91 8
91 15
91 24
91 42
91 63
91 66
91 83
91 86
91 97
92 15
92 24
92 37
92 68
92 78
92 97
92 98
95 2
95 15
95 19
95 24
95 34
95 42
95 55
95 63
95 66
95 78
95 86
95 97
98 8
98 24
98 34
98 37
98 55
98 62
98 68
98 78
98 86
98 97
2 19
2 24
2 34
2 46
2 55
2 62
2 63
2 66
2 68
2 78
2 83
2 86
19 24
19 37
19 42
19 46
19 55
19 56
19 83
24 34
24 37
24 55
24 62
24 63
24 68
24 86
34 42
34 56
34 63
34 66
34 83
34 86
34 97
46 15
46 42
46 55
46 56
46 83
46 97
55 15
55 37
55 42
55 56
55 86
55 97
62 8
62 15
62 37
62 56
62 83
62 86
62 97
63 8
63 66
63 78
63 83
66 8
66 86
68 8
68 15
68 37
68 56
68 78
68 86
68 97
78 8
78 37
78 42
78 83
78 86
78 97
83 8
83 15
83 37
83 86
83 97
86 8
86 37
86 42
86 56
86 97
15 37
15 42
15 56
37 97
42 8
42 56
56 8
56 97
8 97