0 1 3 8 9 12 16 17 19 23 25 26 27 30 33 40 41 42 45 48 54 56 59 64 66 67 70 71 73 80 82 84 85 86 87 91 98 99 4 6 7 11 13 18 20 22 24 29 31 35 37 43 46 47 52 53 55 57 60 62 68 74 78 83 89 90 94 95 2 5 10 15 21 32 36 38 39 50 69 81 88 92 14 28 34 44 61 72 93 96 49 51 58 75 76 77 79 63 97 65
0 1
0 3
0 8
0 9
0 12
0 16
0 17
0 19
0 23
0 25
0 26
0 27
0 30
0 33
0 40
0 41
0 42
0 45
0 48
0 54
0 56
0 59
0 64
0 66
0 67
0 70
0 71
0 73
0 80
0 82
0 84
0 85
0 86
0 87
0 91
0 98
0 99
1 4
1 6
1 7
1 8
1 11
1 13
1 18
1 20
1 22
1 24
1 25
1 26
1 27
1 29
1 31
1 35
1 37
1 41
1 43
1 46
1 47
1 52
1 53
1 55
1 57
1 59
1 60
1 62
1 64
1 67
1 68
1 70
1 73
1 74
1 78
1 83
1 87
1 89
1 90
1 94
1 95
3 2
3 4
3 11
3 12
3 13
3 14
3 20
3 21
3 24
3 25
3 28
3 30
3 32
3 33
3 34
3 35
3 36
3 43
3 44
3 45
3 46
3 47
3 56
3 57
3 59
3 61
3 72
3 80
3 81
3 82
3 87
3 88
3 93
3 95
3 96
3 98
3 99
8 4
8 5
8 6
8 15
8 16
8 18
8 19
8 20
8 22
8 30
8 31
8 32
8 33
8 34
8 35
8 36
8 43
8 44
8 45
8 46
8 47
8 48
8 51
8 57
8 64
8 65
8 66
8 70
8 71
8 72
8 76
8 79
8 82
8 83
8 92
8 93
8 94
8 95
8 96
8 98
9 2
9 7
9 11
9 13
9 19
9 23
9 26
9 30
9 31
9 32
9 33
9 34
9 35
9 42
9 45
9 46
9 47
9 48
9 49
9 55
9 58
9 60
9 61
9 64
9 66
9 67
9 68
9 74
9 75
9 76
9 78
9 80
9 83
9 84
9 92
9 93
9 96
9 99
12 11
12 15
12 17
12 27
12 28
12 35
12 36
12 40
12 41
12 49
12 50
12 54
12 57
12 60
12 63
12 67
12 74
12 75
12 78
12 81
12 84
12 86
12 95
12 96
12 97
16 5
16 11
16 21
16 23
16 24
16 28
16 32
16 36
16 38
16 39
16 42
16 43
16 46
16 48
16 49
16 54
16 55
16 59
16 60
16 61
16 69
16 71
16 75
16 76
16 77
16 79
16 80
16 81
16 82
16 83
16 85
16 87
16 94
17 5
17 6
17 13
17 14
17 18
17 24
17 26
17 32
17 36
17 40
17 41
17 42
17 44
17 46
17 48
17 51
17 54
17 56
17 60
17 61
17 63
17 64
17 70
17 71
17 72
17 73
17 74
17 75
17 77
17 79
17 81
17 83
17 84
17 88
17 91
17 93
17 94
17 95
17 96
17 97
17 99
19 4
19 5
19 7
19 10
19 11
19 14
19 18
19 23
19 29
19 33
19 34
19 36
19 45
19 46
19 49
19 52
19 53
19 55
19 58
19 61
19 64
19 65
19 69
19 70
19 75
19 78
19 80
19 83
19 84
19 85
19 86
19 88
19 91
19 94
19 95
23 13
23 14
23 15
23 18
23 21
23 24
23 26
23 28
23 32
23 33
23 34
23 35
23 41
23 45
23 49
23 52
23 53
23 55
23 56
23 57
23 58
23 61
23 62
23 66
23 73
23 74
23 75
23 76
23 80
23 82
23 83
23 85
23 86
23 89
23 95
23 98
23 99
25 2
25 13
25 14
25 20
25 21
25 22
25 27
25 28
25 29
25 32
25 34
25 36
25 40
25 43
25 44
25 45
25 47
25 48
25 53
25 57
25 58
25 61
25 65
25 73
25 74
25 75
25 80
25 81
25 83
25 84
25 86
25 88
25 89
25 93
25 94
25 97
25 99
26 2
26 5
26 10
26 11
26 14
26 18
26 21
26 22
26 27
26 28
26 29
26 31
26 32
26 33
26 34
26 35
26 37
26 38
26 40
26 41
26 42
26 43
26 44
26 45
26 47
26 48
26 51
26 52
26 54
26 56
26 57
26 58
26 60
26 63
26 66
26 68
26 69
26 72
26 73
26 76
26 77
26 78
26 79
26 85
26 86
26 87
26 90
26 91
26 92
26 96
27 2
27 4
27 5
27 6
27 7
27 14
27 15
27 18
27 29
27 31
27 32
27 35
27 36
27 38
27 40
27 41
27 42
27 45
27 48
27 50
27 51
27 52
27 54
27 58
27 61
27 64
27 65
27 68
27 69
27 70
27 71
27 74
27 75
27 78
27 86
27 87
27 89
27 93
27 94
27 98
30 2
30 7
30 11
30 20
30 24
30 28
30 31
30 32
30 34
30 36
30 38
30 39
30 42
30 43
30 44
30 47
30 51
30 52
30 54
30 58
30 59
30 60
30 62
30 72
30 75
30 76
30 80
30 84
30 88
30 90
30 91
30 93
30 96
30 98
30 99
33 4
33 5
33 6
33 7
33 10
33 11
33 15
33 20
33 21
33 22
33 29
33 32
33 34
33 35
33 37
33 39
33 40
33 41
33 44
33 45
33 46
33 49
33 50
33 55
33 59
33 60
33 63
33 70
33 71
33 72
33 76
33 77
33 78
33 86
33 89
33 91
33 93
33 95
33 98
40 2
40 5
40 10
40 11
40 13
40 20
40 21
40 29
40 32
40 34
40 39
40 42
40 45
40 46
40 47
40 48
40 49
40 50
40 54
40 63
40 69
40 70
40 74
40 92
40 95
40 98
41 5
41 11
41 13
41 15
41 22
41 32
41 34
41 37
41 42
41 43
41 44
41 46
41 48
41 49
41 52
41 55
41 56
41 57
41 58
41 60
41 61
41 63
41 64
41 67
41 70
41 71
41 74
41 75
41 76
41 77
41 79
41 82
41 84
41 86
41 87
41 89
41 90
41 91
41 92
41 94
41 97
41 99
42 7
42 11
42 21
42 34
42 38
42 45
42 46
42 48
42 49
42 51
42 53
42 56
42 57
42 59
42 60
42 62
42 71
42 73
42 75
42 78
42 83
42 85
42 86
42 88
42 90
42 91
42 95
42 96
42 98
45 2
45 7
45 10
45 18
45 22
45 29
45 31
45 32
45 34
45 36
45 37
45 38
45 46
45 49
45 50
45 52
45 53
45 56
45 62
45 65
45 67
45 77
45 80
45 82
45 83
45 87
45 92
45 93
45 96
45 97
45 98
48 2
48 4
48 5
48 7
48 15
48 18
48 21
48 24
48 28
48 31
48 35
48 37
48 39
48 44
48 51
48 52
48 55
48 58
48 61
48 63
48 64
48 72
48 78
48 82
48 88
48 89
48 92
48 98
54 2
54 5
54 7
54 10
54 13
54 14
54 15
54 21
54 22
54 24
54 29
54 36
54 37
54 43
54 44
54 51
54 52
54 57
54 59
54 63
54 64
54 70
54 71
54 75
54 76
54 79
54 83
54 84
54 87
54 89
54 91
54 93
54 96
54 97
56 2
56 10
56 11
56 13
56 20
56 21
56 24
56 29
56 32
56 34
56 35
56 36
56 37
56 38
56 43
56 44
56 46
56 47
56 51
56 55
56 59
56 60
56 62
56 66
56 67
56 68
56 71
56 72
56 73
56 74
56 76
56 77
56 78
56 82
56 83
56 87
56 89
56 90
56 92
56 93
56 97
56 99
59 2
59 6
59 7
59 11
59 14
59 18
59 20
59 22
59 31
59 34
59 37
59 39
59 44
59 47
59 49
59 52
59 58
59 60
59 66
59 70
59 73
59 74
59 76
59 79
59 82
59 85
59 86
59 87
59 91
59 97
59 99
64 6
64 7
64 11
64 14
64 28
64 29
64 31
64 34
64 36
64 38
64 39
64 44
64 50
64 51
64 57
64 63
64 68
64 69
64 70
64 72
64 73
64 75
64 77
64 78
64 79
64 80
64 83
64 91
64 97
66 4
66 7
66 13
66 14
66 22
66 24
66 29
66 31
66 37
66 46
66 47
66 49
66 50
66 51
66 58
66 61
66 67
66 69
66 71
66 73
66 77
66 78
66 80
66 81
66 82
66 84
66 87
66 91
66 94
66 96
66 98
67 2
67 4
67 5
67 7
67 14
67 20
67 28
67 29
67 36
67 38
67 43
67 46
67 50
67 55
67 60
67 62
67 63
67 68
67 69
67 71
67 72
67 73
67 74
67 76
67 77
67 81
67 85
67 86
67 88
67 90
67 92
67 94
67 95
67 99
70 13
70 15
70 20
70 21
70 22
70 28
70 29
70 32
70 43
70 44
70 50
70 51
70 60
70 65
70 71
70 73
70 74
70 87
70 89
70 90
70 91
70 93
70 94
70 97
70 99
71 4
71 6
71 7
71 10
71 11
71 21
71 24
71 28
71 35
71 36
71 43
71 49
71 50
71 51
71 58
71 60
71 62
71 63
71 69
71 77
71 78
71 79
71 83
71 92
71 99
73 7
73 11
73 20
73 22
73 24
73 28
73 31
73 37
73 39
73 46
73 47
73 49
73 58
73 61
73 68
73 69
73 77
73 78
73 80
73 81
73 83
73 85
73 88
73 90
73 97
80 7
80 10
80 14
80 18
80 21
80 31
80 32
80 34
80 35
80 43
80 50
80 51
80 58
80 65
80 68
80 72
80 75
80 76
80 79
80 81
80 82
80 84
80 86
80 87
80 88
80 89
80 90
80 91
80 93
80 96
80 99
82 7
82 10
82 11
82 13
82 14
82 21
82 24
82 32
82 37
82 39
82 46
82 50
82 52
82 65
82 75
82 78
82 85
82 91
82 92
82 97
84 2
84 4
84 11
84 13
84 14
84 21
84 22
84 24
84 29
84 31
84 34
84 35
84 37
84 43
84 44
84 46
84 47
84 50
84 58
84 65
84 69
84 78
84 79
84 85
84 87
84 88
84 90
84 91
84 98
85 5
85 6
85 10
85 11
85 13
85 22
85 31
85 32
85 35
85 37
85 39
85 46
85 47
85 52
85 58
85 60
85 61
85 62
85 63
85 72
85 74
85 75
85 79
85 81
85 83
85 88
85 91
85 92
85 93
86 7
86 11
86 15
86 20
86 21
86 22
86 28
86 29
86 36
86 38
86 39
86 43
86 44
86 46
86 47
86 52
86 55
86 57
86 60
86 61
86 63
86 65
86 68
86 76
86 89
86 91
86 95
86 98
87 2
87 4
87 6
87 7
87 14
87 15
87 18
87 20
87 21
87 31
87 35
87 37
87 49
87 50
87 52
87 53
87 57
87 58
87 63
87 68
87 76
87 78
87 81
87 88
87 90
87 91
87 94
87 95
87 98
91 2
91 5
91 6
91 14
91 20
91 21
91 22
91 24
91 29
91 35
91 37
91 38
91 46
91 49
91 52
91 61
91 62
91 65
91 69
91 77
91 79
91 81
91 83
91 89
91 90
91 92
91 96
98 4
98 18
98 22
98 32
98 35
98 39
98 43
98 49
98 51
98 53
98 63
98 75
98 89
98 92
98 94
98 95
99 2
99 6
99 15
99 20
99 21
99 24
99 28
99 29
99 32
99 36
99 43
99 44
99 46
99 51
99 57
99 58
99 60
99 61
99 62
99 69
99 74
99 75
99 76
99 77
99 83
99 88
99 90
99 93
4 10
4 14
4 15
4 20
4 21
4 28
4 31
4 35
4 37
4 38
4 44
4 49
4 51
4 58
4 61
4 68
4 69
4 72
4 74
4 75
4 76
4 78
4 95
6 11
6 13
6 15
6 18
6 22
6 29
6 37
6 46
6 49
6 51
6 53
6 58
6 60
6 62
6 63
6 68
6 74
6 75
6 79
6 81
6 83
6 89
6 90
6 93
6 95
6 96
6 97
7 5
7 10
7 11
7 18
7 20
7 28
7 34
7 35
7 36
7 37
7 39
7 44
7 46
7 50
7 52
7 53
7 55
7 57
7 62
7 65
7 68
7 74
7 75
7 76
7 90
7 92
7 95
11 5
11 13
11 15
11 18
11 22
11 24
11 29
11 31
11 35
11 38
11 46
11 49
11 53
11 55
11 57
11 63
11 65
11 69
11 72
11 75
11 77
11 79
11 92
11 93
11 94
11 97
13 14
13 20
13 21
13 28
13 32
13 35
13 37
13 43
13 49
13 51
13 52
13 57
13 58
13 60
13 62
13 90
13 94
13 96
13 97
18 2
18 5
18 10
18 22
18 29
18 31
18 32
18 34
18 46
18 49
18 57
18 61
18 62
18 65
18 68
18 76
18 78
18 79
18 81
18 90
18 92
18 96
20 2
20 14
20 22
20 28
20 34
20 35
20 38
20 39
20 47
20 50
20 51
20 55
20 57
20 60
20 61
20 78
20 79
20 81
20 83
20 90
20 92
20 93
20 96
22 5
22 10
22 14
22 21
22 28
22 31
22 38
22 43
22 46
22 49
22 55
22 57
22 60
22 61
22 62
22 68
22 69
22 75
22 78
22 88
22 89
22 93
24 2
24 15
24 21
24 29
24 31
24 32
24 38
24 43
24 49
24 68
24 74
24 90
24 97
29 15
29 34
29 36
29 39
29 44
29 49
29 53
29 55
29 57
29 65
29 69
29 72
29 81
29 88
29 92
29 93
29 94
29 95
31 10
31 35
31 47
31 61
31 62
31 65
31 75
31 77
31 81
31 83
31 88
31 95
31 97
35 2
35 5
35 10
35 15
35 37
35 39
35 43
35 46
35 47
35 49
35 50
35 53
35 55
35 57
35 61
35 62
35 63
35 65
35 68
35 72
35 74
35 75
35 76
35 89
35 92
35 93
37 32
37 34
37 38
37 39
37 43
37 44
37 46
37 47
37 49
37 51
37 55
37 58
37 77
37 79
37 83
37 88
37 89
37 93
43 10
43 21
43 32
43 36
43 39
43 44
43 46
43 52
43 53
43 57
43 58
43 60
43 61
43 63
43 65
43 72
43 77
43 90
43 96
46 5
46 10
46 15
46 32
46 34
46 38
46 50
46 52
46 55
46 58
46 72
46 76
46 77
46 79
46 92
46 93
46 96
47 10
47 14
47 28
47 34
47 36
47 38
47 53
47 62
47 68
47 75
47 77
47 78
47 79
47 88
47 90
47 93
47 97
52 5
52 14
52 15
52 34
52 36
52 49
52 55
52 57
52 60
52 65
52 76
52 78
52 88
52 94
52 95
52 96
53 2
53 15
53 32
53 34
53 49
53 50
53 55
53 60
53 61
53 65
53 69
53 75
53 78
53 92
53 93
55 5
55 15
55 39
55 44
55 49
55 51
55 57
55 58
55 60
55 63
55 65
55 69
55 72
55 74
55 76
55 77
55 79
55 94
55 96
55 97
57 2
57 5
57 10
57 15
57 21
57 28
57 34
57 39
57 44
57 58
57 60
57 62
57 63
57 74
57 75
57 76
57 78
57 79
60 14
60 15
60 32
60 34
60 38
60 44
60 58
60 61
60 62
60 63
60 74
60 75
60 78
60 88
60 89
60 90
60 96
60 97
62 14
62 15
62 32
62 34
62 38
62 50
62 63
62 72
62 75
62 78
62 79
62 81
62 83
62 90
62 95
62 96
62 97
68 10
68 21
68 32
68 39
68 50
68 51
68 58
68 63
68 74
68 75
68 77
68 81
68 93
68 95
68 97
74 2
74 5
74 14
74 21
74 34
74 36
74 63
74 65
74 75
74 77
74 81
74 88
74 89
74 92
74 93
74 94
74 95
74 96
74 97
78 2
78 5
78 14
78 34
78 36
78 39
78 51
78 58
78 65
78 76
78 83
78 90
78 93
78 94
78 95
78 96
83 2
83 5
83 10
83 28
83 32
83 36
83 39
83 49
83 51
83 58
83 61
83 65
83 72
83 75
83 76
83 79
83 88
83 89
83 90
83 93
83 96
83 97
89 2
89 10
89 21
89 32
89 44
89 49
89 50
89 51
89 63
89 65
89 69
89 72
89 75
89 92
89 94
89 95
90 14
90 32
90 36
90 39
90 72
90 79
90 92
90 94
94 2
94 5
94 21
94 36
94 38
94 39
94 44
94 50
94 51
94 58
94 69
94 72
94 75
94 81
95 10
95 21
95 39
95 49
95 51
95 63
95 65
95 69
95 76
95 77
95 79
95 81
95 92
95 96
2 5
2 10
2 15
2 21
2 32
2 36
2 38
2 39
2 50
2 69
2 81
2 88
2 92
5 15
5 34
5 38
5 49
5 50
5 69
5 75
5 76
5 77
5 79
5 81
5 92
10 15
10 32
10 36
10 38
10 39
10 49
10 72
10 79
10 81
15 38
15 39
15 49
15 58
15 63
15 69
15 76
15 97
21 36
21 49
21 50
21 58
21 63
21 72
21 75
21 76
21 88
21 93
21 96
21 97
32 28
32 34
32 39
32 50
32 58
32 61
32 65
32 81
32 96
36 38
36 44
36 51
36 69
36 77
36 79
36 97
38 28
38 50
38 51
38 58
38 65
38 72
38 76
38 81
38 88
38 92
38 93
39 14
39 34
39 49
39 58
39 61
39 63
39 69
39 77
39 88
39 93
50 49
50 51
50 63
50 65
50 72
50 79
50 96
50 97
69 34
69 44
69 51
69 63
69 72
69 76
69 77
69 79
69 81
81 28
81 58
81 63
81 65
81 75
81 76
81 92
81 93
81 96
88 28
88 34
88 44
88 51
88 65
88 72
88 75
88 76
88 96
88 97
92 28
92 34
92 44
92 49
92 61
92 63
92 77
92 79
14 49
14 72
14 75
14 77
28 44
28 51
28 61
28 63
28 65
28 76
28 97
34 44
34 51
34 63
34 72
34 75
34 79
34 96
44 51
44 76
44 96
61 51
61 75
61 96
72 58
72 63
72 75
93 63
93 65
96 63
96 97
49 51
49 63
49 75
49 77
49 97
51 58
51 63
58 75
58 76
58 97
75 63
75 65
77 79
63 65