0 2 3 4 6 7 77 54 73 65 1 10 22 61 76 5 9 21 80 95 8 48 84 23 33 25 17 40 94 31 11 44 64 20 69 78 43 12 81 75 90 93 13 14 15 16 18 24 50 70 19 53 45 51 63 96 83 89 29 74 36 98 87 27 28 60 26 30 47 82 55 62 71 32 38 92 34 35 37 57 41 39 59 67 72 97 49 52 91 42 88 46 58 66 56 85 68 79 86 99
0 2
0 3
0 4
0 6
0 7
0 77
0 54
0 73
0 65
0 1
0 10
0 22
0 61
0 76
2 1
2 3
2 5
2 6
2 8
2 9
2 48
2 84
2 23
2 33
3 5
3 7
3 8
3 9
3 76
3 25
3 17
3 40
3 94
4 7
4 8
4 9
4 22
4 31
4 11
6 1
6 8
6 20
6 69
6 33
7 1
7 8
7 78
7 43
7 84
77 41
77 70
77 72
77 78
77 79
77 91
54 27
54 36
54 43
54 44
54 52
54 55
54 85
73 24
73 57
73 70
73 71
73 72
73 74
73 75
73 76
73 78
65 60
65 63
65 66
65 67
65 68
65 69
1 5
1 9
1 1
1 61
1 21
1 80
1 95
10 5
10 13
10 14
10 15
10 16
10 18
10 23
10 11
10 24
10 50
10 70
22 8
22 9
22 20
22 24
22 25
22 26
22 29
61 8
61 27
61 29
61 60
61 67
61 68
61 69
61 87
61 71
61 82
76 16
76 57
76 70
76 71
76 72
76 74
76 75
76 78
5 8
5 9
5 11
5 44
5 64
9 8
9 11
9 75
9 90
9 93
21 18
21 23
21 25
21 26
21 27
21 28
21 29
21 30
80 15
80 23
80 34
80 35
80 42
80 74
80 81
80 87
80 91
95 29
95 91
95 92
95 96
95 99
8 11
8 12
8 31
8 81
48 31
48 42
48 44
48 45
48 46
48 75
84 35
84 62
84 64
84 83
84 88
84 89
84 92
23 20
23 25
23 26
23 47
23 82
23 69
33 30
33 31
33 36
33 37
33 38
33 60
33 67
33 83
25 17
25 26
25 28
25 62
25 40
25 47
25 50
25 51
25 60
17 13
17 14
17 19
40 15
40 42
40 43
40 44
40 50
40 88
40 63
94 63
94 67
94 90
94 92
94 93
94 96
94 97
94 98
31 12
31 34
31 35
31 38
31 90
31 43
11 12
11 14
11 19
11 90
11 53
11 20
11 45
11 51
11 63
44 41
44 45
44 46
44 47
44 49
64 62
64 67
64 68
64 69
64 81
20 15
20 24
20 27
20 28
20 29
20 60
69 26
69 30
69 62
69 66
69 68
78 14
78 28
78 32
78 70
78 71
78 74
78 90
43 27
43 35
43 41
43 42
43 46
43 43
43 90
43 81
12 13
12 14
12 15
12 16
12 19
12 96
81 16
81 28
81 62
81 83
81 85
81 86
81 87
75 62
75 63
75 70
75 72
75 93
90 47
90 86
90 91
90 92
90 93
90 97
93 24
93 74
93 97
93 99
13 15
13 16
13 18
13 19
13 83
14 15
14 18
14 89
15 18
15 19
15 29
15 74
15 36
15 53
15 98
16 19
16 74
16 87
18 19
24 27
24 28
24 29
24 30
24 55
50 32
50 47
50 51
50 52
50 53
50 56
50 59
50 70
70 34
70 71
70 74
70 79
53 51
53 55
53 56
53 57
53 58
53 59
45 42
45 47
45 49
45 82
51 37
51 46
51 49
51 56
51 57
51 59
63 34
63 60
63 98
96 34
96 62
96 68
96 91
96 97
96 98
83 85
83 87
83 88
83 89
89 62
89 82
89 88
89 97
29 28
29 92
74 42
74 72
74 79
74 86
36 32
36 34
36 35
36 38
36 39
36 52
36 62
98 66
98 92
87 59
87 82
87 85
87 86
27 28
27 55
28 26
28 32
28 38
60 35
60 37
60 47
60 66
60 67
26 71
26 47
30 34
30 35
30 37
30 32
30 57
30 41
47 37
47 42
82 32
82 85
82 86
82 88
55 52
55 56
55 58
55 71
62 41
62 66
71 34
71 52
71 58
71 79
71 72
32 39
32 59
38 34
38 91
92 42
92 67
92 91
34 35
34 39
34 72
35 37
35 97
35 49
37 39
37 41
37 52
57 52
57 56
57 59
41 49
41 91
67 56
67 68
72 79
97 99
49 42
52 56
52 58
91 66
91 99
42 46
42 58
88 85
88 86
46 66
58 56
66 68
85 86