0 32 34 38 36 68 69 70 71 72 73 74 75 76 77 78 79 80 81 82 83 84 85 86 87 88 89 90 91 92 93 94 95 96 97 98 99 1 30 2 67 3 43 4 19 50 37 48 5 39 6 7 8 20 9 66 14 10 11 41 55 45 12 47 23 28 13 15 27 59 16 60 17 22 18 29 46 21 35 57 26 24 25 63 54 44 31 33 53 42 51 40 64 65 61 62 49 52 56 58
0 36
0 32
0 87
0 98
0 38
0 92
0 89
0 91
0 99
0 69
0 95
0 94
0 70
0 79
0 77
0 72
0 90
0 71
0 34
0 84
0 74
34 53
38 7
38 64
38 65
38 25
36 42
36 18
36 6
36 31
36 51
36 93
68 1
73 8
75 10
76 11
78 14
80 17
81 19
82 20
83 21
85 23
86 26
88 31
92 35
95 39
96 40
97 41
1 30
30 2
30 44
2 67
67 33
3 43
43 21
4 19
4 37
4 48
4 50
37 28
37 40
48 8
48 62
5 39
39 55
39 14
8 20
20 29
20 46
9 14
9 66
66 59
14 13
10 11
11 55
11 41
11 45
12 28
12 23
12 47
23 26
28 54
15 27
15 59
59 57
16 60
60 51
17 22
22 57
21 35
35 33
57 52
57 62
26 63
24 25
54 56
44 61
64 58
49 52