0 7 1 33 34 35 36 37 38 39 40 41 42 43 44 45 46 47 48 49 50 51 52 2 53 54 55 56 57 58 59 60 61 62 63 64 65 66 67 68 69 70 71 29 8 72 73 74 75 76 77 78 79 80 81 82 83 84 85 86 87 88 89 90 3 18 91 92 93 94 95 96 97 98 99 4 30 17 5 10 6 12 21 26 9 13 11 24 27 14 15 16 32 19 20 22 23 25 28 31
0 7
0 1
0 33
0 34
0 35
0 36
0 37
0 38
0 39
0 40
0 41
0 42
0 43
0 44
0 45
0 46
0 47
0 48
0 49
0 50
0 51
0 52
7 17
7 58
7 76
1 2
1 33
1 53
1 54
1 55
1 56
1 57
1 58
1 59
1 60
1 61
1 62
1 63
1 64
1 65
1 66
1 67
1 68
1 69
1 70
1 71
34 2
35 3
36 6
37 8
38 9
39 11
40 14
41 17
42 18
43 19
44 20
45 21
46 24
47 25
48 26
49 27
50 28
51 29
52 32
2 29
2 8
2 53
2 72
2 73
2 74
2 75
2 76
2 77
2 78
2 79
2 80
2 81
2 82
2 83
2 84
2 85
2 86
2 87
2 88
2 89
2 90
54 3
55 4
56 5
57 6
59 9
60 10
61 13
62 14
63 18
64 19
65 22
66 23
67 24
68 25
69 28
70 29
71 31
29 10
29 88
8 21
8 26
72 3
73 4
74 5
75 6
77 9
78 10
79 12
80 13
81 15
82 17
83 19
84 23
85 25
86 26
87 28
89 30
90 31
3 18
3 91
3 92
3 93
3 94
3 95
3 96
3 97
3 98
3 99
18 6
18 15
18 32
91 5
92 6
93 9
94 10
95 11
96 13
97 14
98 15
99 16
4 30
4 17
30 16
30 31
5 10
6 12
12 27
21 9
21 14
21 22
26 19
9 13
11 24
24 20
24 27
32 28
19 20
22 23
23 25