0 1 2 3 4 5 6 7 8 9 10 11 12 13 14 15 16 17 18 19 20 21 22 23 24 25 26 27 28 29 30 31 32 33 34 35 36 37 38 39 40 41 42 43 44 45 46 47 48 49 50 51 52 53 54 55 56 57 58 59 60 61 62 63 64 65 66 67 68 69 70 71 72 73 74 75 76 77 78 79 80 81 82 83 84 85 86 87 88 89 90 91 92 93 94 95 96 97 98 99
0 1
0 2
0 3
1 2
1 4
2 3
2 4
2 5
2 6
3 6
4 5
4 7
5 6
5 7
6 7
7 8
7 9
7 10
8 9
8 11
9 10
9 11
9 12
9 13
10 13
11 12
11 14
12 13
12 14
13 14
14 15
14 16
14 17
15 16
15 18
16 17
16 18
16 19
16 20
17 20
18 19
18 21
19 20
19 21
20 21
21 22
21 23
21 24
22 23
22 25
23 24
23 25
23 26
23 27
24 27
25 26
25 28
26 27
26 28
27 28
28 29
28 30
28 31
29 30
29 32
30 31
30 32
30 33
30 34
31 34
32 33
32 35
33 34
33 35
34 35
35 36
35 37
35 38
36 37
36 39
37 38
37 39
37 40
37 41
38 41
39 40
39 42
40 41
40 42
41 42
42 43
42 44
42 45
43 44
43 46
44 45
44 46
44 47
44 48
45 48
46 47
46 49
47 48
47 49
48 49
49 50
49 51
49 52
50 51
50 53
51 52
51 53
51 54
51 55
52 55
53 54
53 56
54 55
54 56
55 56
56 57
56 58
56 59
57 58
57 60
58 59
58 60
58 61
58 62
59 62
60 61
60 63
61 62
61 63
62 63
63 64
63 65
63 66
64 65
64 67
65 66
65 67
65 68
65 69
66 69
67 68
67 70
68 69
68 70
69 70
70 71
70 72
70 73
71 72
71 74
72 73
72 74
72 75
72 76
73 76
74 75
74 77
75 76
75 77
76 77
77 78
77 79
77 80
78 79
78 81
79 80
79 81
79 82
79 83
80 83
81 82
81 84
82 83
82 84
83 84
84 85
84 86
84 87
85 86
85 88
86 87
86 88
86 89
86 90
87 90
88 89
88 91
89 90
89 91
90 91
91 92
91 93
91 94
92 93
92 95
93 94
93 95
93 96
93 97
94 97
95 96
95 98
96 97
96 98
97 98
98 99