0 1 2 3 23 40 97 64 68 37 63 6 85 5 61 58 11 10 92 28 21 53 54 77 91 75 90 35 51 39 88 33 56 62 69 32 46 13 9 76 73 52 71 30 27 93 8 14 96 19 98 41 70 65 7 25 57 82 84 83 4 55 15 50 78 22 74 94 86 60 81 45 89 34 17 49 29 67 66 99 48 12 16 43 24 36 87 31 26 72 44 80 42 20 38 47 79 59 18 95
0 1
0 2
0 3
0 23
0 40
0 97
0 64
0 68
0 37
0 63
0 6
0 85
0 5
0 61
0 58
0 11
0 10
0 92
0 28
0 21
0 53
0 54
0 77
0 91
0 75
0 90
0 35
0 51
0 39
0 88
0 33
0 56
0 62
0 69
0 32
0 46
0 13
0 9
0 76
0 73
0 52
0 71
0 30
0 27
0 93
0 8
0 14
0 96
0 19
0 98
0 41
0 70
0 65
0 7
0 0
1 77
1 25
1 73
1 10
1 57
1 28
1 82
1 54
1 33
1 84
1 83
1 4
1 55
1 85
1 35
1 76
1 15
1 50
1 70
1 68
1 78
1 22
1 61
1 74
1 96
1 94
1 86
1 64
1 60
1 93
1 81
1 8
1 21
1 23
1 40
1 69
1 45
1 89
1 37
1 19
1 34
1 14
1 39
1 17
1 6
1 30
1 49
1 56
1 29
1 67
1 66
1 99
1 48
1 27
1 12
1 16
1 43
1 24
1 36
1 1
2 4
2 6
2 67
2 76
2 83
2 87
2 40
2 92
2 46
2 8
2 28
2 11
2 52
2 10
2 60
2 53
2 43
2 88
2 23
2 32
2 31
2 48
2 84
2 64
2 56
2 86
2 30
2 27
2 35
2 26
2 72
2 29
2 63
2 22
2 33
2 12
2 14
2 34
2 21
2 62
2 44
2 80
2 25
2 49
2 77
2 17
2 13
2 68
2 61
2 15
2 9
2 42
2 2
3 7
3 8
3 14
3 20
3 56
3 52
3 32
3 38
3 49
3 54
3 57
3 47
3 67
3 6
3 77
3 66
3 97
3 24
3 75
3 40
3 79
3 68
3 76
3 29
3 78
3 45
3 85
3 27
3 48
3 65
3 88
3 93
3 84
3 92
3 31
3 37
3 16
3 60
3 81
3 33
3 59
3 34
3 11
3 44
3 80
3 42
3 62
3 94
3 55
3 9
3 71
3 87
3 72
3 25
3 58
3 91
3 18
3 82
3 21
3 73
3 3
23 5
23 7
23 8
23 9
23 12
23 13
23 15
23 16
23 17
23 18
23 19
23 22
23 26
23 89
23 63
23 88
23 60
23 39
23 98
23 90
23 67
23 36
23 62
23 92
23 38
23 25
23 27
23 86
23 49
23 68
23 70
23 69
23 30
23 35
23 94
23 75
23 97
23 71
23 43
23 64
23 48
23 74
23 95
23 66
23 47
23 81
23 31
23 29
23 79
23 57
23 93
23 50
23 82
23 83
23 78
23 23
40 7
40 12
40 15
40 16
40 17
40 24
40 26
40 29
40 30
40 32
40 34
40 38
40 51
40 49
40 69
40 71
40 86
40 89
40 62
40 56
40 46
40 76
40 73
40 63
40 78
40 70
40 50
40 59
40 64
40 52
40 91
40 75
40 65
40 99
40 81
40 88
40 60
40 87
40 48
40 79
40 74
40 61
40 44
40 47
40 95
40 43
40 72
40 92
40 53
40 68
40 67
40 82
40 40
97 5
97 6
97 9
97 11
97 14
97 15
97 16
97 18
97 20
97 21
97 25
97 30
97 31
97 32
97 33
97 35
97 37
97 38
97 41
97 42
97 44
97 47
97 48
97 49
97 50
97 51
97 53
97 55
97 59
97 61
97 63
97 64
97 66
97 70
97 71
97 73
97 74
97 77
97 78
97 79
97 80
97 83
97 84
97 85
97 86
97 87
97 89
97 90
97 91
97 92
97 93
97 94
97 99
97 98
97 97
64 6
64 7
64 8
64 10
64 15
64 16
64 18
64 19
64 20
64 21
64 24
64 25
64 26
64 27
64 28
64 29
64 33
64 34
64 36
64 38
64 43
64 46
64 47
64 48
64 49
64 52
64 54
64 55
64 56
64 58
64 59
64 60
64 63
64 77
64 99
64 67
64 74
64 83
64 76
64 69
64 96
64 84
64 98
64 90
64 73
64 91
64 88
64 89
64 70
64 64
68 5
68 6
68 8
68 9
68 10
68 11
68 12
68 13
68 16
68 18
68 19
68 22
68 24
68 25
68 27
68 29
68 30
68 31
68 32
68 33
68 35
68 36
68 37
68 39
68 42
68 43
68 45
68 48
68 49
68 50
68 51
68 52
68 53
68 54
68 56
68 57
68 61
68 63
68 65
68 66
68 67
68 91
68 79
68 69
68 73
68 93
68 70
68 95
68 89
68 92
68 90
68 78
68 71
68 72
68 87
68 68
37 4
37 5
37 7
37 8
37 9
37 10
37 12
37 13
37 15
37 16
37 17
37 18
37 19
37 22
37 24
37 25
37 26
37 27
37 28
37 29
37 32
37 34
37 83
37 86
37 58
37 41
37 92
37 89
37 80
37 44
37 74
37 98
37 39
37 55
37 81
37 72
37 84
37 79
37 62
37 99
37 88
37 56
37 67
37 95
37 94
37 91
37 47
37 85
37 45
37 96
37 48
37 87
37 60
37 63
37 37
63 4
63 7
63 9
63 11
63 12
63 13
63 16
63 17
63 18
63 19
63 20
63 21
63 22
63 24
63 25
63 27
63 28
63 30
63 32
63 36
63 38
63 39
63 43
63 46
63 50
63 55
63 56
63 57
63 59
63 60
63 62
63 76
63 69
63 80
63 82
63 72
63 88
63 73
63 92
63 87
63 91
63 79
63 93
63 96
63 77
63 94
63 83
63 99
63 85
63 84
63 90
63 71
63 65
63 63
6 4
6 5
6 16
6 58
6 91
6 94
6 76
6 41
6 95
6 24
6 12
6 39
6 44
6 61
6 18
6 8
6 98
6 83
6 31
6 93
6 65
6 59
6 43
6 10
6 62
6 73
6 22
6 79
6 13
6 11
6 50
6 72
6 32
6 87
6 20
6 30
6 15
6 69
6 28
6 34
6 78
6 80
6 77
6 35
6 49
6 90
6 70
6 56
6 54
6 88
6 86
6 38
6 26
6 33
6 85
6 74
6 46
6 6
85 4
85 5
85 7
85 8
85 9
85 11
85 12
85 15
85 16
85 18
85 19
85 22
85 24
85 26
85 27
85 28
85 29
85 30
85 31
85 34
85 36
85 43
85 45
85 46
85 48
85 49
85 54
85 55
85 56
85 57
85 59
85 60
85 61
85 66
85 69
85 72
85 73
85 75
85 76
85 77
85 81
85 82
85 83
85 84
85 95
85 93
85 87
85 94
85 99
85 85
5 4
5 65
5 71
5 18
5 87
5 81
5 12
5 21
5 24
5 79
5 58
5 61
5 33
5 32
5 99
5 88
5 77
5 16
5 90
5 29
5 36
5 76
5 73
5 45
5 54
5 60
5 7
5 94
5 41
5 83
5 56
5 34
5 27
5 75
5 11
5 57
5 14
5 20
5 89
5 69
5 84
5 39
5 74
5 59
5 98
5 50
5 31
5 72
5 8
5 91
5 55
5 13
5 30
5 49
5 5
61 4
61 7
61 9
61 12
61 15
61 17
61 18
61 19
61 21
61 22
61 24
61 26
61 27
61 28
61 30
61 32
61 34
61 41
61 42
61 43
61 45
61 46
61 47
61 48
61 49
61 50
61 52
61 53
61 56
61 57
61 59
61 60
61 65
61 62
61 95
61 93
61 91
61 96
61 83
61 77
61 66
61 70
61 75
61 82
61 69
61 99
61 74
61 90
61 92
61 94
61 89
61 78
61 67
61 81
61 61
58 8
58 9
58 10
58 11
58 12
58 13
58 14
58 16
58 18
58 19
58 20
58 21
58 22
58 24
58 26
58 30
58 31
58 32
58 34
58 35
58 39
58 41
58 45
58 46
58 47
58 48
58 49
58 50
58 55
58 56
58 57
58 69
58 70
58 67
58 99
58 59
58 89
58 96
58 88
58 84
58 71
58 94
58 66
58 95
58 86
58 60
58 93
58 87
58 91
58 79
58 92
58 73
58 98
58 65
58 77
58 81
58 82
58 90
58 72
58 76
58 58
11 7
11 8
11 10
11 17
11 69
11 74
11 89
11 53
11 13
11 15
11 49
11 96
11 99
11 50
11 90
11 62
11 94
11 80
11 95
11 93
11 39
11 22
11 91
11 18
11 35
11 44
11 66
11 30
11 81
11 86
11 41
11 48
11 26
11 72
11 21
11 98
11 87
11 73
11 16
11 52
11 31
11 75
11 60
11 29
11 55
11 56
11 88
11 70
11 71
11 12
11 67
11 11
10 4
10 7
10 8
10 9
10 19
10 22
10 49
10 57
10 55
10 77
10 43
10 87
10 45
10 76
10 15
10 89
10 70
10 29
10 31
10 14
10 69
10 27
10 39
10 20
10 38
10 51
10 98
10 46
10 81
10 18
10 35
10 79
10 25
10 82
10 94
10 91
10 17
10 48
10 60
10 47
10 34
10 50
10 36
10 41
10 16
10 80
10 30
10 21
10 73
10 13
10 53
10 72
10 65
10 86
10 10
92 4
92 7
92 8
92 13
92 14
92 16
92 17
92 18
92 19
92 20
92 22
92 24
92 29
92 30
92 31
92 32
92 33
92 34
92 36
92 38
92 41
92 45
92 46
92 47
92 48
92 50
92 51
92 52
92 56
92 60
92 62
92 69
92 70
92 73
92 75
92 76
92 79
92 81
92 82
92 83
92 84
92 86
92 87
92 89
92 90
92 91
92 99
92 98
92 93
92 96
92 92
28 4
28 8
28 9
28 12
28 13
28 14
28 15
28 16
28 17
28 18
28 19
28 25
28 26
28 27
28 50
28 69
28 70
28 47
28 49
28 74
28 29
28 79
28 32
28 30
28 87
28 33
28 80
28 81
28 65
28 53
28 66
28 36
28 89
28 51
28 41
28 96
28 62
28 38
28 73
28 43
28 52
28 77
28 54
28 72
28 31
28 84
28 60
28 88
28 55
28 94
28 42
28 99
28 28
21 4
21 9
21 13
21 14
21 18
21 19
21 55
21 98
21 46
21 53
21 25
21 47
21 33
21 62
21 78
21 77
21 81
21 45
21 82
21 59
21 32
21 67
21 69
21 24
21 71
21 88
21 89
21 66
21 70
21 79
21 86
21 34
21 73
21 65
21 76
21 87
21 91
21 38
21 83
21 72
21 26
21 90
21 29
21 84
21 49
21 51
21 57
21 60
21 31
21 21
53 8
53 9
53 12
53 14
53 15
53 16
53 18
53 19
53 20
53 25
53 27
53 30
53 31
53 33
53 35
53 36
53 38
53 45
53 46
53 51
53 89
53 80
53 55
53 75
53 73
53 69
53 67
53 77
53 79
53 88
53 57
53 60
53 96
53 86
53 94
53 81
53 65
53 82
53 66
53 93
53 62
53 54
53 53
54 4
54 8
54 12
54 13
54 14
54 15
54 16
54 19
54 20
54 22
54 26
54 29
54 31
54 33
54 36
54 38
54 41
54 43
54 44
54 46
54 48
54 50
54 51
54 93
54 98
54 87
54 99
54 95
54 81
54 57
54 88
54 55
54 67
54 59
54 56
54 89
54 74
54 90
54 69
54 70
54 82
54 80
54 60
54 83
54 84
54 65
54 72
54 62
54 76
54 91
54 54
77 4
77 7
77 12
77 13
77 16
77 18
77 20
77 24
77 29
77 30
77 31
77 32
77 34
77 35
77 38
77 39
77 44
77 45
77 46
77 47
77 48
77 51
77 52
77 55
77 56
77 59
77 60
77 62
77 65
77 69
77 71
77 72
77 74
77 75
77 76
77 96
77 91
77 87
77 89
77 84
77 78
77 94
77 81
77 83
77 95
77 77
91 7
91 8
91 9
91 12
91 16
91 17
91 19
91 20
91 24
91 25
91 26
91 29
91 30
91 31
91 34
91 35
91 38
91 39
91 41
91 42
91 43
91 44
91 46
91 47
91 50
91 51
91 55
91 57
91 59
91 62
91 65
91 69
91 70
91 71
91 76
91 78
91 79
91 80
91 82
91 83
91 84
91 86
91 87
91 88
91 89
91 94
91 98
91 99
91 91
75 12
75 13
75 14
75 16
75 17
75 18
75 19
75 20
75 22
75 25
75 26
75 29
75 30
75 31
75 32
75 34
75 35
75 36
75 38
75 41
75 42
75 44
75 45
75 46
75 48
75 49
75 50
75 51
75 52
75 60
75 65
75 67
75 69
75 72
75 73
75 74
75 76
75 83
75 86
75 79
75 87
75 81
75 84
75 82
75 80
75 88
75 75
90 4
90 7
90 12
90 15
90 17
90 19
90 22
90 24
90 26
90 27
90 31
90 33
90 35
90 38
90 39
90 42
90 44
90 45
90 46
90 49
90 52
90 55
90 56
90 57
90 60
90 62
90 65
90 66
90 69
90 71
90 72
90 73
90 74
90 76
90 78
90 81
90 83
90 84
90 86
90 93
90 99
90 98
90 90
35 4
35 8
35 12
35 16
35 18
35 19
35 20
35 22
35 24
35 26
35 27
35 33
35 34
35 50
35 60
35 87
35 46
35 86
35 66
35 43
35 89
35 93
35 76
35 39
35 56
35 47
35 42
35 65
35 45
35 96
35 73
35 80
35 57
35 41
35 79
35 98
35 38
35 74
35 55
35 36
35 35
51 8
51 9
51 13
51 14
51 17
51 19
51 20
51 24
51 26
51 29
51 32
51 33
51 38
51 42
51 44
51 45
51 46
51 47
51 50
51 87
51 95
51 76
51 83
51 94
51 52
51 80
51 78
51 70
51 84
51 82
51 74
51 66
51 55
51 51
39 4
39 7
39 9
39 12
39 14
39 16
39 17
39 18
39 20
39 24
39 25
39 26
39 32
39 36
39 38
39 82
39 66
39 78
39 43
39 79
39 46
39 48
39 94
39 84
39 95
39 76
39 69
39 71
39 98
39 70
39 41
39 96
39 44
39 74
39 62
39 73
39 99
39 49
39 93
39 47
39 89
39 81
39 55
39 65
39 39
88 4
88 8
88 12
88 14
88 15
88 17
88 18
88 19
88 20
88 24
88 26
88 27
88 29
88 30
88 31
88 33
88 36
88 38
88 41
88 44
88 45
88 46
88 47
88 48
88 57
88 62
88 67
88 69
88 70
88 71
88 74
88 76
88 79
88 83
88 84
88 86
88 87
88 99
88 96
88 94
88 98
88 93
88 88
33 4
33 8
33 9
33 15
33 16
33 17
33 18
33 25
33 29
33 30
33 47
33 44
33 87
33 80
33 82
33 79
33 57
33 55
33 73
33 65
33 86
33 89
33 78
33 46
33 56
33 49
33 45
33 52
33 36
33 93
33 71
33 84
33 81
33 94
33 48
33 34
33 98
33 42
33 38
33 72
33 33
56 4
56 8
56 12
56 13
56 15
56 16
56 22
56 24
56 25
56 26
56 30
56 31
56 32
56 38
56 41
56 42
56 43
56 46
56 47
56 48
56 52
56 55
56 78
56 62
56 72
56 69
56 66
56 70
56 59
56 96
56 82
56 76
56 65
56 57
56 87
56 93
56 73
56 56
62 7
62 8
62 9
62 12
62 13
62 16
62 17
62 18
62 19
62 20
62 22
62 24
62 25
62 30
62 31
62 34
62 36
62 38
62 41
62 42
62 43
62 45
62 46
62 47
62 48
62 49
62 57
62 59
62 60
62 87
62 84
62 95
62 93
62 67
62 82
62 73
62 99
62 65
62 78
62 70
62 62
69 4
69 7
69 8
69 9
69 12
69 17
69 19
69 20
69 22
69 24
69 26
69 27
69 29
69 36
69 38
69 41
69 43
69 45
69 47
69 48
69 49
69 55
69 66
69 98
69 74
69 70
69 78
69 72
69 86
69 79
69 89
69 83
69 95
69 84
69 69
32 7
32 9
32 15
32 16
32 19
32 25
32 26
32 29
32 38
32 89
32 82
32 42
32 66
32 70
32 74
32 34
32 98
32 87
32 59
32 86
32 45
32 43
32 94
32 44
32 72
32 71
32 47
32 65
32 84
32 52
32 79
32 95
32 60
32 36
32 32
46 4
46 7
46 8
46 12
46 13
46 14
46 15
46 17
46 20
46 25
46 26
46 27
46 34
46 36
46 42
46 43
46 44
46 79
46 70
46 93
46 82
46 47
46 72
46 76
46 57
46 99
46 78
46 98
46 80
46 73
46 67
46 89
46 52
46 66
46 65
46 48
46 94
46 59
46 46
13 4
13 8
13 9
13 42
13 78
13 99
13 34
13 80
13 93
13 19
13 86
13 57
13 79
13 45
13 14
13 26
13 47
13 31
13 60
13 30
13 16
13 41
13 76
13 44
13 82
13 48
13 66
13 87
13 36
13 72
13 52
13 81
13 22
13 43
13 17
13 74
13 65
13 13
9 4
9 7
9 8
9 24
9 27
9 25
9 43
9 72
9 47
9 80
9 17
9 84
9 14
9 34
9 52
9 29
9 12
9 26
9 71
9 96
9 66
9 19
9 49
9 60
9 57
9 45
9 67
9 87
9 31
9 16
9 50
9 48
9 89
9 83
9 44
9 81
9 79
9 15
9 9
76 4
76 7
76 16
76 17
76 19
76 20
76 24
76 27
76 29
76 34
76 36
76 38
76 41
76 42
76 44
76 45
76 47
76 48
76 49
76 55
76 57
76 59
76 60
76 66
76 67
76 72
76 73
76 74
76 99
76 86
76 82
76 80
76 95
76 83
76 94
76 98
76 79
76 76
73 4
73 7
73 8
73 15
73 16
73 17
73 18
73 20
73 24
73 26
73 27
73 29
73 41
73 42
73 43
73 45
73 47
73 48
73 50
73 59
73 65
73 66
73 67
73 71
73 72
73 96
73 82
73 74
73 99
73 89
73 79
73 80
73 81
73 73
52 4
52 7
52 12
52 14
52 16
52 17
52 18
52 19
52 24
52 27
52 31
52 36
52 42
52 45
52 47
52 48
52 49
52 50
52 66
52 71
52 94
52 86
52 98
52 99
52 93
52 67
52 96
52 72
52 87
52 65
52 70
52 79
52 81
52 55
52 78
52 52
71 4
71 8
71 14
71 15
71 16
71 17
71 19
71 20
71 22
71 25
71 27
71 29
71 30
71 34
71 36
71 38
71 41
71 42
71 45
71 48
71 49
71 50
71 59
71 60
71 65
71 66
71 67
71 70
71 82
71 84
71 80
71 83
71 74
71 72
71 98
71 94
71 87
71 89
71 95
71 71
30 12
30 14
30 17
30 18
30 19
30 20
30 22
30 24
30 25
30 27
30 29
30 31
30 45
30 89
30 55
30 74
30 43
30 41
30 36
30 83
30 49
30 72
30 79
30 82
30 87
30 95
30 50
30 42
30 44
30 86
30 84
30 80
30 34
30 93
30 94
30 96
30 65
30 81
30 30
27 4
27 8
27 12
27 14
27 15
27 17
27 20
27 22
27 24
27 25
27 26
27 34
27 95
27 89
27 70
27 49
27 41
27 99
27 38
27 60
27 48
27 57
27 78
27 45
27 59
27 98
27 83
27 81
27 65
27 47
27 93
27 87
27 66
27 82
27 29
27 43
27 36
27 27
93 7
93 14
93 17
93 18
93 20
93 22
93 25
93 26
93 29
93 31
93 34
93 38
93 41
93 42
93 44
93 45
93 47
93 48
93 49
93 50
93 55
93 59
93 65
93 67
93 72
93 79
93 80
93 81
93 83
93 84
93 86
93 87
93 89
93 99
93 95
93 93
8 4
8 7
8 12
8 20
8 31
8 25
8 94
8 26
8 49
8 84
8 18
8 65
8 60
8 96
8 50
8 55
8 67
8 57
8 14
8 47
8 79
8 83
8 45
8 15
8 74
8 98
8 41
8 95
8 43
8 17
8 59
8 29
8 8
14 4
14 7
14 12
14 18
14 60
14 94
14 89
14 24
14 16
14 72
14 87
14 17
14 45
14 99
14 43
14 57
14 82
14 20
14 38
14 80
14 34
14 67
14 81
14 29
14 95
14 44
14 70
14 36
14 47
14 49
14 98
14 14
96 4
96 7
96 15
96 17
96 18
96 19
96 20
96 24
96 25
96 26
96 34
96 36
96 38
96 41
96 42
96 43
96 44
96 45
96 47
96 49
96 50
96 55
96 57
96 65
96 66
96 67
96 70
96 72
96 74
96 78
96 80
96 81
96 84
96 89
96 95
96 99
96 96
19 4
19 12
19 15
19 17
19 18
19 67
19 57
19 36
19 29
19 99
19 82
19 95
19 89
19 44
19 94
19 26
19 86
19 38
19 47
19 43
19 59
19 70
19 49
19 42
19 45
19 87
19 34
19 41
19 66
19 84
19 60
19 83
19 65
19 80
19 19
98 4
98 7
98 18
98 20
98 26
98 31
98 36
98 41
98 42
98 44
98 47
98 48
98 49
98 55
98 57
98 60
98 66
98 67
98 79
98 80
98 81
98 82
98 83
98 84
98 86
98 94
98 95
98 99
98 98
41 7
41 12
41 15
41 18
41 20
41 24
41 25
41 26
41 31
41 34
41 36
41 38
41 66
41 45
41 89
41 72
41 81
41 47
41 60
41 48
41 50
41 87
41 67
41 84
41 83
41 82
41 78
41 49
41 59
41 94
41 74
41 41
70 7
70 15
70 17
70 18
70 20
70 22
70 24
70 25
70 29
70 31
70 38
70 42
70 43
70 44
70 45
70 48
70 50
70 57
70 59
70 65
70 81
70 78
70 80
70 84
70 82
70 72
70 70
65 4
65 12
65 15
65 20
65 22
65 24
65 25
65 26
65 29
65 34
65 36
65 38
65 42
65 44
65 45
65 47
65 49
65 55
65 57
65 59
65 74
65 94
65 80
65 81
65 82
65 78
65 87
65 86
65 95
65 72
65 66
65 65
7 4
7 15
7 34
7 49
7 83
7 24
7 72
7 12
7 81
7 20
7 84
7 43
7 78
7 66
7 99
7 89
7 17
7 57
7 25
7 59
7 47
7 22
7 45
7 48
7 42
7 86
7 7
25 4
25 12
25 15
25 18
25 24
25 38
25 50
25 83
25 55
25 72
25 82
25 95
25 74
25 94
25 42
25 78
25 60
25 31
25 43
25 47
25 45
25 44
25 80
25 49
25 34
25 25
57 12
57 15
57 18
57 20
57 22
57 24
57 26
57 29
57 34
57 36
57 42
57 43
57 44
57 45
57 48
57 55
57 86
57 83
57 99
57 78
57 89
57 59
57 57
82 4
82 16
82 17
82 24
82 29
82 31
82 34
82 36
82 43
82 44
82 47
82 50
82 55
82 60
82 66
82 67
82 74
82 81
82 87
82 95
82 89
82 99
82 83
82 84
82 82
84 17
84 18
84 22
84 26
84 29
84 34
84 38
84 42
84 44
84 45
84 47
84 50
84 59
84 60
84 66
84 72
84 78
84 79
84 80
84 81
84 83
84 86
84 95
84 99
84 94
84 87
84 84
83 12
83 15
83 17
83 18
83 20
83 22
83 24
83 26
83 31
83 36
83 42
83 43
83 44
83 45
83 47
83 48
83 49
83 50
83 66
83 67
83 72
83 74
83 78
83 80
83 87
83 94
83 99
83 89
83 95
83 83
4 59
4 80
4 87
4 45
4 50
4 95
4 34
4 20
4 74
4 43
4 29
4 44
4 99
4 38
4 72
4 42
4 36
4 31
4 26
4 48
4 15
4 94
4 17
4 79
4 4
55 12
55 15
55 16
55 17
55 18
55 20
55 22
55 24
55 26
55 31
55 36
55 38
55 42
55 44
55 45
55 49
55 78
55 95
55 79
55 74
55 72
55 67
55 94
55 87
55 66
55 86
55 81
55 89
55 55
15 12
15 29
15 60
15 95
15 48
15 24
15 31
15 74
15 45
15 87
15 36
15 34
15 81
15 18
15 16
15 42
15 26
15 67
15 43
15 20
15 59
15 72
15 79
15 15
50 12
50 18
50 20
50 22
50 36
50 42
50 45
50 47
50 48
50 99
50 79
50 86
50 87
50 59
50 72
50 66
50 95
50 67
50 50
78 17
78 18
78 22
78 24
78 31
78 34
78 44
78 45
78 47
78 49
78 60
78 72
78 74
78 86
78 95
78 89
78 94
78 81
78 99
78 78
22 12
22 16
22 17
22 81
22 31
22 80
22 42
22 86
22 99
22 59
22 24
22 34
22 38
22 43
22 72
22 67
22 45
22 79
22 89
22 29
22 47
22 22
74 12
74 16
74 17
74 24
74 26
74 31
74 36
74 38
74 42
74 43
74 44
74 45
74 48
74 49
74 59
74 60
74 66
74 67
74 72
74 94
74 95
74 79
74 81
74 74
94 12
94 16
94 18
94 20
94 24
94 26
94 29
94 34
94 36
94 47
94 49
94 59
94 60
94 66
94 87
94 99
94 94
86 16
86 17
86 26
86 31
86 34
86 36
86 42
86 43
86 44
86 47
86 48
86 49
86 66
86 79
86 80
86 81
86 87
86 99
86 86
60 12
60 18
60 20
60 24
60 26
60 36
60 38
60 42
60 43
60 44
60 48
60 49
60 59
60 81
60 72
60 80
60 60
81 12
81 17
81 18
81 20
81 24
81 26
81 29
81 34
81 36
81 42
81 44
81 45
81 49
81 59
81 66
81 67
81 72
81 80
81 95
81 89
81 81
45 16
45 18
45 24
45 36
45 44
45 72
45 79
45 87
45 66
45 80
45 59
45 67
45 47
45 49
45 95
45 45
89 12
89 16
89 20
89 24
89 26
89 34
89 36
89 42
89 44
89 47
89 48
89 59
89 66
89 72
89 79
89 87
89 95
89 99
89 89
34 12
34 16
34 17
34 18
34 20
34 26
34 31
34 36
34 66
34 44
34 48
34 47
34 38
34 42
34 95
34 99
34 34
17 59
17 43
17 44
17 87
17 95
17 99
17 29
17 26
17 47
17 79
17 42
17 72
17 49
17 80
17 67
17 17
49 12
49 20
49 24
49 29
49 36
49 42
49 44
49 48
49 66
49 87
49 67
49 72
49 99
49 49
29 12
29 16
29 18
29 24
29 26
29 44
29 31
29 95
29 47
29 99
29 80
29 29
67 12
67 16
67 18
67 20
67 31
67 38
67 42
67 43
67 44
67 59
67 66
67 99
67 79
67 87
67 72
67 80
67 95
67 67
66 16
66 18
66 20
66 24
66 38
66 42
66 43
66 48
66 99
66 72
66 87
66 79
66 66
99 12
99 16
99 18
99 20
99 24
99 26
99 31
99 36
99 42
99 44
99 47
99 48
99 72
99 79
99 87
99 99
48 18
48 20
48 26
48 38
48 42
48 44
48 79
48 72
48 87
48 48
12 38
12 36
12 20
12 18
12 80
12 87
12 47
12 95
12 72
12 59
12 42
12 12
16 36
16 31
16 72
16 87
16 42
16 20
16 18
16 26
16 38
16 80
16 47
16 16
43 18
43 24
43 31
43 36
43 38
43 42
43 95
43 79
43 80
43 87
43 59
43 43
24 18
24 38
24 95
24 31
24 80
24 79
24 36
24 26
24 42
24 44
24 87
24 72
24 24
36 18
36 20
36 44
36 38
36 87
36 79
36 95
36 72
36 59
36 36
87 20
87 38
87 42
87 47
87 59
87 72
87 79
87 80
87 87
31 20
31 26
31 38
31 95
31 42
31 59
31 72
31 44
31 31
26 20
26 38
26 42
26 95
26 47
26 72
26 26
72 18
72 20
72 38
72 47
72 59
72 79
72 95
72 72
44 38
44 42
44 95
44 80
44 59
44 47
44 44
80 20
80 38
80 59
80 79
80 80
42 38
42 47
42 79
42 42
20 18
20 79
20 38
20 59
20 20
38 95
38 59
38 79
38 47
38 38
47 18
47 79
47 95
47 47
79 18
79 59
79 95
79 79
59 18
59 95
59 59
18 18
95 95