0 1 2 3 4 5 6 7 8 9 10 11 12 13 14 15 16 17 18 19 20 21 22 23 24 25 26 27 28 29 30 31 32 33 34 35 36 37 38 39 40 41 42 43 44 45 46 47 48 49 50 51 52 53 54 55 56 57 58 59 60 61 62 63 64 65 66 67 68 69 70 71 72 73 74 75 76 77 78 79 80 81 82 83 84 85 86 87 88 89 90 91 92 93 94 95 96 97 98
0 34
0 19
0 4
0 8
0 33
1 35
2 37
2 15
3 39
3 27
3 40
4 42
4 24
5 43
5 44
5 11
5 26
6 15
6 46
7 47
7 48
8 49
8 29
8 27
9 51
9 52
10 53
10 54
11 23
11 56
11 29
12 58
12 57
12 28
13 59
14 61
14 22
14 62
14 18
15 31
15 63
15 21
16 66
16 32
17 67
17 68
17 27
18 24
19 72
19 71
20 73
20 28
20 74
21 75
21 30
22 77
22 32
22 78
23 80
24 82
24 81
25 84
25 83
27 88
27 87
28 89
28 90
29 91
30 93
31 96
32 97
32 98
33 35
34 36
38 40
41 43
45 47
46 48
49 51
50 52
53 55
54 56
57 59
58 60
61 63
62 64
65 67
69 71
70 72
74 76
77 79
82 84
85 87
86 88
89 91
90 92
93 95
94 96