0 10 12 35 54 75 78 83 85 1 25 38 44 48 82 90 92 2 14 17 28 47 55 61 62 64 68 70 88 3 4 19 32 46 21 23 5 13 24 40 63 80 6 31 42 65 66 81 7 74 79 99 8 41 43 76 9 50 72 77 98 26 30 57 60 69 84 11 16 18 27 39 89 93 15 56 73 91 97 51 95 33 86 49 59 96 20 29 87 94 58 22 45 52 34 37 53 36 71 67
0 10
0 12
0 35
0 54
0 75
0 78
0 83
0 85
10 19
10 21
10 23
10 26
10 30
10 32
10 57
10 60
10 61
10 69
10 76
10 77
10 84
12 7
12 15
12 56
12 73
12 81
12 88
12 91
12 97
35 9
35 16
35 23
35 41
35 56
35 60
35 64
35 68
35 70
35 72
35 97
35 99
54 1
54 2
54 15
54 24
54 26
54 30
54 31
54 46
54 48
54 51
54 52
54 56
54 57
54 74
54 75
54 84
54 94
75 8
75 20
75 66
75 71
75 93
78 5
78 17
78 33
78 49
78 72
78 97
83 39
83 50
83 57
83 87
83 96
83 99
85 5
85 31
85 33
85 53
85 63
85 81
85 88
1 25
1 38
1 44
1 48
1 82
1 90
1 92
25 9
25 24
25 27
25 39
25 51
25 88
25 91
38 2
38 15
38 27
38 29
38 59
38 66
38 92
44 6
44 14
44 15
44 41
44 51
44 56
44 72
44 73
44 84
44 96
48 7
48 9
48 11
48 53
48 62
48 71
48 74
48 80
82 4
82 13
82 36
82 52
82 53
82 70
90 17
90 18
90 33
90 34
90 56
90 57
90 59
90 68
90 95
92 2
92 4
92 27
92 43
92 55
92 60
92 65
92 67
92 69
92 70
92 74
92 76
92 89
2 14
2 17
2 28
2 47
2 55
2 61
2 62
2 64
2 68
2 70
2 88
14 3
14 6
14 15
14 16
14 28
14 66
14 77
14 95
17 5
17 7
17 32
17 50
17 76
17 96
28 4
28 5
28 15
28 27
28 39
28 56
28 62
28 96
47 8
47 15
47 22
47 26
47 42
47 49
47 58
47 88
47 89
47 96
55 7
55 26
55 27
55 56
55 64
55 65
55 71
55 73
55 76
61 6
61 8
61 30
61 57
61 65
62 9
62 11
62 15
62 22
62 27
62 41
62 63
62 66
62 67
62 76
62 77
62 89
62 99
64 24
64 43
64 46
64 66
64 67
64 68
64 77
68 3
68 46
68 56
68 58
68 87
70 34
70 40
70 96
70 99
88 11
88 27
88 33
88 37
88 41
88 99
3 4
3 19
3 32
3 46
4 21
4 23
19 9
19 50
19 51
19 57
19 74
19 89
19 96
19 99
32 7
32 37
32 65
32 66
32 87
32 89
32 91
32 94
46 27
46 42
46 43
46 45
46 52
46 69
46 71
21 15
21 31
21 33
21 58
21 94
23 20
23 45
23 81
5 13
5 24
5 40
5 63
5 80
13 51
13 80
24 52
24 63
24 76
24 80
24 96
24 98
40 6
40 20
40 22
40 26
40 49
40 65
40 66
40 74
40 76
40 81
40 87
40 95
40 96
63 15
63 81
63 98
80 7
80 8
80 39
80 56
80 57
6 31
6 42
6 65
6 66
6 81
31 76
31 79
31 84
42 77
65 29
65 43
65 53
65 79
65 93
66 15
66 20
66 26
66 34
66 45
66 56
66 72
66 81
66 89
66 96
66 98
81 8
81 9
81 51
7 74
7 79
7 99
74 15
74 45
74 89
79 16
79 41
79 45
79 57
79 59
79 95
79 99
99 9
99 11
99 16
99 18
99 49
99 51
99 71
99 84
99 87
99 94
99 96
8 41
8 43
8 76
41 15
41 33
41 53
41 73
41 84
43 60
43 72
43 95
76 49
76 50
76 97
9 50
9 72
9 77
9 98
50 11
50 71
50 73
72 11
72 36
77 16
77 29
77 39
77 60
98 91
26 16
26 27
26 34
26 56
26 91
26 94
30 53
30 86
57 11
57 39
57 60
57 73
57 93
60 45
60 53
60 89
60 95
60 97
69 18
69 67
69 84
69 96
69 97
84 58
84 71
84 87
84 95
84 97
11 16
11 18
11 27
11 39
11 89
11 93
16 15
16 33
16 49
16 59
18 93
27 34
27 37
27 53
27 86
39 15
39 93
89 36
89 58
89 86
89 93
93 20
93 22
93 29
93 94
15 33
15 86
56 29
56 53
56 94
56 95
73 22
73 33
73 36
73 58
73 67
91 67
91 86
97 45
51 29
95 36
33 59
86 96
59 34
96 58
20 29
20 87
20 94
29 53
87 37
94 67
58 53
22 45
34 53