0 4 12 1 18 19 37 9 43 36 14 33 20 31 3 25 13 49 45 39 6 57 46 41 24 29 54 28 47 55 48 88 83 89 86 75 74 80 67 81 87 66 99 53 85 82 23 2 26 10 32 16 22 27 30 65 60 35 72 76 40 56 44 51 61 69 52 84 11 5 17 38 62 42 70 59 64 95 93 96 7 15 63 34 58 21 50 71 77 8 92 79 78 90 94 97 68 73 91 98
0 35
0 24
4 6
12 13
1 81
1 99
1 93
18 43
18 44
19 79
37 46
9 26
9 29
43 38
43 94
36 41
14 75
33 25
20 87
20 41
20 57
31 35
3 49
3 17
3 73
25 68
25 55
13 71
13 89
45 23
45 17
39 5
39 80
6 7
57 76
57 10
46 5
46 30
46 71
46 83
41 74
24 61
24 15
24 81
24 62
24 52
29 40
54 97
28 77
47 53
47 62
55 78
48 84
88 30
83 68
89 63
89 77
89 95
89 91
86 34
86 30
75 59
67 73
81 42
81 16
81 21
81 66
85 60
82 79
82 92
82 8
2 11
2 15
26 32
26 84
16 5
16 22
22 44
27 90
27 11
27 69
65 98
65 79
60 42
60 58
72 59
72 50
72 98
76 95
56 64
51 98
61 97
84 5
17 62
70 7
64 63
95 50
93 96
7 73