78 50 7 6 58 73 85 75 69 47 36 32 79 55 60 41 13 31 26 23 19 1 18 42 15 49 25 0 63 68 9 10 28 21 93 72 56 70 34 67 35 39 54 53 91 66 65 83 82 52 37 40 64 11 76 90 84 81 45 74 62 29 51 77 71 61 88 92 38 43 22 48 20 57 17 14 16 30 3 8 2 46 86 89 44 59 5 12 87 27 24 33 4 80
78 50
78 6
78 44
78 73
78 82
78 60
78 23
78 39
78 8
78 61
78 56
78 16
78 22
78 65
78 31
78 87
78 58
78 88
78 43
78 19
78 4
78 59
78 12
78 66
78 48
78 76
78 1
78 10
78 2
78 52
78 83
78 9
78 13
78 11
78 25
78 86
78 85
78 80
78 54
78 47
78 84
78 53
78 15
78 20
78 40
78 35
78 69
78 92
78 5
78 17
78 81
78 91
78 3
78 0
78 93
78 51
78 14
78 29
78 34
78 49
78 68
78 33
78 72
78 45
78 55
78 46
78 90
78 79
78 26
50 7
50 85
50 36
50 79
50 63
50 37
50 38
50 1
50 68
50 29
50 32
50 0
50 54
50 70
50 19
50 26
50 30
50 58
50 43
50 59
50 82
50 51
50 45
50 6
50 64
50 48
50 10
50 87
50 21
50 20
50 72
50 84
50 88
50 3
50 12
50 35
50 77
50 39
50 80
50 91
50 86
50 49
50 83
50 17
50 74
50 13
50 25
50 69
50 47
50 57
50 2
50 93
50 81
50 73
50 46
50 65
50 44
50 22
50 60
50 76
50 24
50 5
50 16
50 34
50 61
50 41
50 23
50 33
50 52
50 15
50 40
7 73
7 75
7 47
7 60
7 59
7 76
7 29
7 88
7 81
7 11
7 6
7 5
7 12
7 40
7 30
7 67
7 13
7 1
7 21
7 25
7 61
7 87
7 54
7 2
7 16
7 32
7 77
7 62
7 65
7 42
7 82
7 0
7 9
7 38
7 22
7 53
7 10
7 18
7 15
7 71
7 70
7 49
7 55
7 86
7 84
7 69
7 28
7 39
7 90
7 72
7 51
7 37
7 83
7 52
7 66
7 74
7 85
7 34
7 64
7 4
7 8
7 92
7 31
7 23
7 44
7 20
7 68
7 57
7 56
7 80
7 26
7 46
7 24
7 27
6 58
6 32
6 2
6 10
6 31
6 1
6 52
6 69
6 29
6 34
6 25
6 35
6 45
6 11
6 66
6 27
6 68
6 36
6 56
6 5
6 46
6 14
6 90
6 75
6 59
6 93
6 61
6 85
6 43
6 37
6 22
6 26
6 8
6 3
6 63
6 17
6 48
6 91
6 23
6 51
6 42
6 38
6 47
6 44
6 60
6 80
6 89
6 53
6 41
6 33
6 20
6 9
6 79
6 77
6 4
6 83
6 65
6 70
6 49
6 55
6 19
6 72
6 74
6 62
6 0
6 81
6 15
6 30
6 39
6 40
6 18
6 12
6 73
58 69
58 41
58 23
58 18
58 42
58 25
58 57
58 30
58 21
58 45
58 31
58 10
58 73
58 71
58 24
58 85
58 14
58 19
58 92
58 87
58 67
58 44
58 52
58 43
58 76
58 72
58 32
58 37
58 16
58 9
58 20
58 80
58 2
58 60
58 27
58 35
58 12
58 22
58 54
58 36
58 81
58 48
58 51
58 33
58 77
58 62
58 65
58 70
58 5
58 56
58 4
58 82
58 64
58 46
58 29
58 38
58 55
58 53
58 74
58 47
58 34
58 1
58 63
58 15
58 89
58 11
58 61
58 59
58 28
58 84
58 88
58 39
73 28
73 0
73 22
73 63
73 37
73 47
73 24
73 27
73 16
73 82
73 83
73 92
73 90
73 4
73 30
73 18
73 55
73 42
73 36
73 41
73 81
73 11
73 62
73 43
73 20
73 19
73 21
73 12
73 89
73 46
73 60
73 85
73 67
73 66
73 77
73 71
73 86
73 70
73 3
73 45
73 5
73 8
73 91
73 15
73 80
73 40
73 59
73 2
73 52
73 39
73 79
73 61
73 23
73 25
73 74
73 72
73 48
73 35
73 57
73 87
73 17
73 44
73 84
73 10
85 67
85 16
85 61
85 38
85 48
85 43
85 88
85 10
85 71
85 25
85 13
85 90
85 14
85 56
85 53
85 45
85 49
85 74
85 37
85 35
85 69
85 24
85 39
85 82
85 3
85 9
85 36
85 63
85 32
85 62
85 47
85 31
85 51
85 80
85 59
85 15
85 5
85 19
85 17
85 18
85 26
85 79
85 57
85 30
85 34
85 83
85 92
85 68
85 27
85 1
85 65
85 86
85 41
85 89
85 40
85 0
85 76
85 21
85 93
85 84
85 52
85 75
85 28
85 33
75 13
75 82
75 52
75 25
75 43
75 44
75 47
75 16
75 20
75 59
75 61
75 62
75 79
75 55
75 88
75 26
75 0
75 37
75 83
75 89
75 34
75 77
75 9
75 12
75 5
75 39
75 24
75 30
75 53
75 2
75 38
75 18
75 67
75 91
75 8
75 74
75 17
75 76
75 66
75 57
75 11
75 71
75 56
75 70
75 54
75 28
75 41
75 72
75 31
75 40
75 10
75 68
75 29
75 64
75 69
75 14
75 45
75 23
75 84
75 36
75 60
75 87
75 92
75 90
75 49
69 63
69 61
69 91
69 80
69 77
69 72
69 87
69 15
69 0
69 46
69 47
69 21
69 57
69 81
69 79
69 56
69 9
69 43
69 88
69 22
69 70
69 29
69 84
69 86
69 48
69 53
69 64
69 40
69 30
69 52
69 4
69 25
69 33
69 26
69 17
69 28
69 45
69 38
69 59
69 89
69 83
69 2
69 27
69 68
69 31
69 54
69 44
69 76
69 16
69 74
69 12
69 34
69 55
69 3
69 35
69 93
69 42
69 10
69 14
69 67
47 48
47 41
47 15
47 38
47 93
47 35
47 79
47 65
47 37
47 43
47 40
47 34
47 21
47 13
47 2
47 45
47 54
47 56
47 57
47 92
47 0
47 53
47 51
47 36
47 83
47 71
47 44
47 70
47 72
47 46
47 91
47 5
47 25
47 10
47 62
47 76
47 28
47 80
47 12
47 67
47 16
47 9
47 61
47 27
47 59
47 64
47 81
47 14
47 68
47 33
47 31
47 26
47 11
47 63
47 74
47 42
47 32
47 87
47 20
47 86
47 19
36 55
36 34
36 43
36 65
36 11
36 74
36 3
36 15
36 70
36 83
36 20
36 49
36 84
36 17
36 86
36 27
36 63
36 82
36 67
36 79
36 33
36 56
36 9
36 87
36 60
36 48
36 42
36 31
36 12
36 35
36 52
36 59
36 25
36 77
36 40
36 30
36 32
36 71
36 18
36 8
36 23
36 24
36 72
36 92
36 10
36 89
36 22
36 26
36 57
36 38
36 80
36 1
36 76
36 16
36 5
36 68
36 0
36 4
36 45
36 61
36 2
32 19
32 40
32 11
32 14
32 10
32 37
32 13
32 67
32 3
32 74
32 39
32 45
32 38
32 33
32 66
32 89
32 46
32 30
32 65
32 17
32 43
32 8
32 70
32 42
32 4
32 61
32 92
32 1
32 5
32 22
32 26
32 64
32 27
32 52
32 0
32 60
32 79
32 71
32 80
32 29
32 72
32 86
32 16
32 68
32 87
32 35
32 23
32 25
32 18
32 63
32 76
32 62
32 49
32 21
32 54
32 51
32 24
32 82
32 53
32 34
32 15
32 2
32 31
32 44
32 93
32 59
32 90
32 84
32 77
32 55
32 83
32 48
79 26
79 28
79 82
79 37
79 38
79 57
79 41
79 46
79 11
79 71
79 12
79 72
79 64
79 44
79 62
79 70
79 15
79 87
79 49
79 23
79 34
79 3
79 35
79 48
79 67
79 83
79 8
79 40
79 63
79 68
79 33
79 4
79 60
79 55
79 16
79 29
79 27
79 21
79 0
79 45
79 14
79 30
79 1
79 59
79 86
79 31
79 19
79 84
79 43
79 93
79 52
79 20
79 80
79 76
55 56
55 43
55 34
55 1
55 19
55 65
55 63
55 82
55 3
55 45
55 80
55 42
55 81
55 59
55 89
55 14
55 83
55 23
55 77
55 76
55 92
55 71
55 87
55 93
55 9
55 33
55 90
55 74
55 30
55 40
55 66
55 51
55 10
55 61
55 21
55 25
55 35
55 13
55 84
55 11
55 38
55 86
55 39
55 26
55 8
55 29
55 53
55 17
55 16
55 60
55 48
55 20
55 70
55 28
55 15
55 64
55 46
55 18
55 91
55 2
55 68
55 31
55 41
55 5
55 88
55 62
55 12
60 49
60 10
60 91
60 11
60 59
60 1
60 90
60 12
60 30
60 14
60 92
60 81
60 52
60 54
60 46
60 16
60 8
60 23
60 88
60 53
60 3
60 17
60 57
60 25
60 86
60 63
60 51
60 56
60 43
60 9
60 34
60 65
60 26
60 72
60 74
60 68
60 29
60 71
60 19
60 37
60 38
60 28
60 41
60 84
60 40
60 48
60 15
60 31
60 22
60 70
60 2
60 44
60 0
60 77
60 20
60 62
60 24
60 80
60 64
60 18
60 42
41 31
41 81
41 80
41 19
41 11
41 13
41 83
41 77
41 16
41 56
41 87
41 4
41 30
41 23
41 39
41 33
41 82
41 63
41 37
41 24
41 14
41 40
41 66
41 45
41 86
41 12
41 61
41 27
41 53
41 1
41 26
41 59
41 72
41 76
41 84
41 68
41 74
41 89
41 91
41 48
41 5
41 0
41 28
41 10
41 20
41 15
41 57
41 49
41 71
41 34
41 90
41 46
41 8
41 35
41 43
41 54
41 92
13 15
13 54
13 88
13 27
13 44
13 61
13 63
13 51
13 43
13 19
13 10
13 16
13 90
13 59
13 25
13 34
13 38
13 20
13 83
13 76
13 1
13 53
13 9
13 70
13 67
13 68
13 86
13 82
13 48
13 30
13 12
13 18
13 89
13 46
13 62
13 87
13 66
13 42
13 92
13 91
13 28
13 26
13 49
13 2
13 74
13 45
13 52
13 93
13 0
13 72
13 35
13 24
13 14
13 65
13 81
13 77
13 3
13 17
13 39
13 37
13 57
13 4
13 8
31 34
31 35
31 66
31 33
31 40
31 29
31 92
31 24
31 61
31 77
31 18
31 80
31 44
31 30
31 53
31 12
31 65
31 4
31 46
31 16
31 21
31 86
31 39
31 81
31 26
31 0
31 63
31 56
31 67
31 20
31 14
31 2
31 64
31 3
31 45
31 43
31 37
31 1
31 42
31 19
31 27
31 59
31 87
31 74
31 49
31 84
31 90
31 51
31 28
31 38
26 57
26 2
26 84
26 40
26 28
26 76
26 20
26 70
26 81
26 42
26 33
26 51
26 83
26 22
26 91
26 21
26 11
26 65
26 15
26 1
26 43
26 9
26 53
26 44
26 64
26 4
26 45
26 23
26 27
26 3
26 38
26 72
26 90
26 52
26 18
26 56
26 25
26 5
26 49
26 0
26 39
26 14
26 68
26 89
26 92
26 37
26 61
26 35
26 19
26 30
26 8
26 93
26 12
26 82
26 46
26 59
26 74
26 62
23 0
23 92
23 71
23 68
23 56
23 3
23 16
23 42
23 45
23 62
23 48
23 82
23 37
23 14
23 1
23 67
23 29
23 21
23 24
23 87
23 81
23 53
23 30
23 74
23 86
23 80
23 54
23 59
23 49
23 12
23 61
23 52
23 40
23 38
23 91
23 5
23 18
23 19
23 70
23 43
23 72
23 88
23 11
23 35
23 20
23 76
23 33
23 46
23 77
23 22
23 8
23 57
23 28
23 93
23 63
23 44
23 39
23 2
19 1
19 72
19 86
19 17
19 28
19 43
19 2
19 65
19 82
19 56
19 14
19 68
19 35
19 59
19 42
19 77
19 74
19 20
19 10
19 44
19 0
19 25
19 29
19 52
19 11
19 88
19 39
19 33
19 37
19 8
19 53
19 76
19 9
19 24
19 34
19 70
19 30
19 22
19 64
19 83
19 67
19 46
19 61
19 40
19 92
19 71
19 66
19 18
19 15
19 3
19 90
19 21
19 63
19 16
19 62
1 92
1 80
1 5
1 76
1 39
1 62
1 81
1 57
1 20
1 16
1 53
1 91
1 70
1 48
1 65
1 71
1 66
1 2
1 3
1 68
1 90
1 30
1 17
1 86
1 12
1 82
1 64
1 61
1 63
1 27
1 21
1 74
1 89
1 34
1 67
1 54
1 38
1 11
1 14
1 9
1 18
1 52
1 0
1 49
1 43
1 40
1 72
1 29
1 8
1 24
1 15
1 33
1 46
1 28
1 45
1 22
18 68
18 14
18 91
18 65
18 45
18 40
18 30
18 84
18 49
18 43
18 61
18 25
18 86
18 72
18 56
18 51
18 62
18 67
18 27
18 15
18 48
18 17
18 28
18 38
18 52
18 8
18 16
18 22
18 54
18 64
18 82
18 53
18 2
18 90
18 88
18 34
18 92
18 42
18 24
18 71
18 0
18 66
18 11
18 80
18 74
18 83
18 21
18 76
18 46
18 87
18 5
18 70
18 33
18 10
18 39
18 20
42 93
42 65
42 17
42 82
42 83
42 49
42 76
42 90
42 38
42 88
42 80
42 39
42 72
42 71
42 51
42 16
42 30
42 54
42 86
42 81
42 4
42 24
42 61
42 9
42 53
42 21
42 59
42 33
42 87
42 28
42 2
42 62
42 5
42 56
42 63
42 10
42 45
42 14
42 46
42 43
42 44
42 15
42 66
42 8
42 37
42 68
42 74
42 20
42 34
42 91
42 92
42 27
42 35
42 70
42 0
15 74
15 52
15 46
15 20
15 89
15 90
15 81
15 59
15 91
15 54
15 33
15 38
15 3
15 67
15 76
15 51
15 12
15 64
15 53
15 93
15 62
15 61
15 16
15 34
15 37
15 83
15 44
15 87
15 72
15 65
15 86
15 17
15 21
15 22
15 24
15 35
15 70
15 0
15 56
15 49
15 77
15 29
15 4
15 92
15 63
15 5
15 8
15 66
15 10
15 9
15 30
15 57
15 84
49 91
49 21
49 82
49 43
49 93
49 48
49 59
49 17
49 53
49 34
49 45
49 12
49 89
49 80
49 66
49 46
49 72
49 22
49 54
49 8
49 29
49 76
49 70
49 38
49 4
49 24
49 10
49 35
49 90
49 77
49 87
49 37
49 81
49 0
49 27
49 9
49 64
49 14
49 61
49 51
49 52
49 62
49 30
49 2
49 11
49 67
49 16
49 74
49 20
49 83
49 40
49 44
49 57
49 39
49 71
25 21
25 45
25 22
25 81
25 39
25 20
25 87
25 9
25 68
25 11
25 72
25 24
25 33
25 40
25 77
25 48
25 70
25 57
25 74
25 52
25 30
25 56
25 54
25 83
25 17
25 34
25 8
25 51
25 63
25 28
25 66
25 86
25 91
25 44
25 27
25 38
25 16
25 65
25 59
25 5
25 4
25 80
25 64
25 71
25 84
25 46
25 62
25 93
25 53
0 9
0 83
0 30
0 62
0 46
0 27
0 34
0 33
0 92
0 74
0 20
0 63
0 90
0 10
0 45
0 17
0 59
0 64
0 71
0 68
0 38
0 67
0 54
0 93
0 84
0 29
0 87
0 51
0 44
0 21
0 76
0 81
0 22
0 77
0 4
0 70
0 89
0 53
0 86
0 80
0 66
0 14
0 91
0 72
0 37
0 2
0 88
0 16
0 82
63 90
63 12
63 16
63 30
63 45
63 53
63 71
63 39
63 66
63 51
63 34
63 44
63 64
63 93
63 28
63 29
63 74
63 8
63 10
63 67
63 14
63 88
63 17
63 24
63 92
63 21
63 68
63 54
63 35
63 77
63 59
63 80
63 2
63 72
63 37
63 40
63 83
63 65
63 76
63 91
63 61
63 11
63 27
63 86
63 3
63 46
63 5
63 52
63 84
63 38
63 56
63 48
63 22
68 70
68 39
68 43
68 17
68 5
68 87
68 20
68 64
68 9
68 48
68 81
68 44
68 28
68 91
68 53
68 76
68 46
68 62
68 4
68 22
68 54
68 67
68 35
68 38
68 90
68 27
68 10
68 45
68 57
68 52
68 80
68 83
68 3
68 14
68 40
68 74
68 24
68 21
68 82
68 65
68 51
68 8
68 93
68 29
68 56
68 59
9 89
9 12
9 56
9 84
9 28
9 30
9 72
9 71
9 8
9 35
9 90
9 70
9 2
9 93
9 24
9 10
9 81
9 64
9 86
9 92
9 5
9 87
9 57
9 20
9 82
9 3
9 91
9 52
9 51
9 39
9 17
9 4
9 53
9 67
9 44
9 27
9 37
9 34
9 16
9 14
9 65
9 66
9 83
9 33
9 61
9 11
9 48
10 71
10 43
10 93
10 90
10 56
10 45
10 12
10 72
10 77
10 57
10 82
10 16
10 34
10 44
10 14
10 35
10 39
10 11
10 21
10 91
10 38
10 22
10 40
10 33
10 4
10 3
10 52
10 8
10 46
10 20
10 17
10 88
10 65
10 84
10 81
10 64
10 61
10 5
10 67
10 30
10 92
10 70
10 89
10 27
10 86
10 48
10 24
10 62
10 74
10 53
10 28
28 2
28 20
28 82
28 62
28 74
28 84
28 48
28 89
28 70
28 3
28 39
28 56
28 12
28 5
28 46
28 80
28 92
28 71
28 29
28 72
28 43
28 33
28 93
28 77
28 57
28 59
28 22
28 45
28 64
28 67
28 76
28 44
28 30
28 87
28 27
28 90
28 8
28 88
28 51
28 37
28 83
28 66
28 38
28 16
28 11
28 21
28 4
28 52
28 53
28 86
28 91
21 3
21 72
21 54
21 87
21 67
21 8
21 45
21 88
21 51
21 89
21 65
21 27
21 30
21 66
21 4
21 33
21 52
21 48
21 56
21 93
21 40
21 34
21 37
21 80
21 17
21 22
21 53
21 82
21 81
21 71
21 39
21 29
21 92
21 59
21 62
21 57
21 77
21 91
21 61
21 24
21 86
21 12
21 14
21 74
21 2
21 46
93 64
93 20
93 24
93 43
93 14
93 59
93 39
93 35
93 52
93 22
93 33
93 37
93 74
93 89
93 80
93 57
93 29
93 40
93 77
93 16
93 3
93 91
93 8
93 83
93 46
93 56
93 17
93 90
93 67
93 87
93 88
93 76
93 72
93 38
93 2
93 65
93 92
93 54
93 34
93 44
93 86
93 82
93 61
93 4
93 30
93 81
93 53
93 48
93 27
72 53
72 87
72 83
72 33
72 35
72 89
72 43
72 17
72 51
72 12
72 56
72 14
72 77
72 8
72 22
72 92
72 4
72 20
72 66
72 61
72 45
72 16
72 11
72 84
72 44
72 48
72 24
72 5
72 64
72 3
72 90
72 76
72 54
72 74
72 29
72 65
72 86
72 70
72 57
72 37
72 40
72 34
72 27
72 39
72 30
72 91
72 80
72 62
56 12
56 59
56 43
56 84
56 62
56 66
56 24
56 35
56 88
56 90
56 81
56 29
56 54
56 57
56 33
56 39
56 86
56 89
56 70
56 61
56 34
56 45
56 80
56 16
56 30
56 92
56 44
56 53
56 40
56 67
56 83
56 38
56 20
56 64
56 11
56 5
56 22
56 74
56 4
56 14
56 37
70 61
70 89
70 16
70 38
70 2
70 45
70 91
70 84
70 22
70 30
70 57
70 82
70 76
70 62
70 54
70 27
70 81
70 39
70 14
70 51
70 11
70 65
70 4
70 88
70 37
70 35
70 29
70 17
70 33
70 64
70 74
70 46
70 77
70 92
70 52
70 71
70 53
70 44
70 24
70 59
70 8
70 87
34 39
34 17
34 44
34 65
34 88
34 59
34 22
34 4
34 48
34 80
34 67
34 76
34 83
34 54
34 62
34 24
34 90
34 46
34 51
34 27
34 81
34 92
34 38
34 43
34 74
34 57
34 12
34 89
34 37
34 45
34 2
34 35
34 52
34 33
34 87
34 84
34 53
34 77
34 29
34 11
34 71
34 3
34 16
67 76
67 11
67 88
67 71
67 61
67 92
67 39
67 46
67 64
67 43
67 48
67 17
67 51
67 87
67 53
67 5
67 27
67 62
67 33
67 81
67 24
67 86
67 14
67 40
67 65
67 66
67 84
67 38
67 37
67 35
67 90
67 22
67 82
67 2
67 29
67 83
67 3
67 57
67 52
35 62
35 52
35 81
35 37
35 8
35 88
35 43
35 22
35 48
35 39
35 24
35 91
35 29
35 53
35 46
35 5
35 74
35 16
35 45
35 3
35 27
35 92
35 40
35 11
35 4
35 77
35 30
35 51
35 65
35 54
35 14
35 82
35 59
35 90
35 76
35 44
35 17
35 2
35 64
35 38
35 83
35 61
35 20
35 71
35 87
39 22
39 5
39 76
39 37
39 3
39 86
39 64
39 17
39 52
39 57
39 89
39 30
39 77
39 16
39 80
39 87
39 91
39 71
39 20
39 82
39 38
39 8
39 92
39 46
39 24
39 62
39 53
39 40
39 48
39 27
39 84
39 12
39 90
39 66
39 29
39 88
39 11
39 2
39 14
39 4
39 59
39 51
39 43
39 81
54 81
54 12
54 88
54 30
54 51
54 2
54 90
54 62
54 3
54 5
54 83
54 16
54 66
54 52
54 43
54 64
54 33
54 82
54 86
54 22
54 74
54 92
54 46
54 76
54 57
54 80
54 84
54 53
54 87
54 20
54 71
54 11
54 91
54 8
54 89
54 38
54 61
54 14
54 77
53 52
53 89
53 90
53 22
53 66
53 64
53 27
53 57
53 44
53 8
53 92
53 24
53 2
53 17
53 51
53 40
53 48
53 71
53 80
53 16
53 81
53 11
53 5
53 86
53 4
53 65
53 14
53 12
53 84
53 61
53 87
53 38
53 77
53 37
53 88
53 46
53 30
53 20
53 74
53 45
53 91
91 17
91 16
91 33
91 38
91 4
91 12
91 83
91 74
91 11
91 87
91 3
91 88
91 71
91 92
91 62
91 45
91 27
91 52
91 89
91 66
91 44
91 90
91 22
91 86
91 48
91 82
91 51
91 2
91 46
91 64
91 8
91 14
91 30
91 76
91 65
91 24
91 61
91 5
91 29
91 20
91 84
66 29
66 5
66 52
66 11
66 43
66 37
66 59
66 92
66 46
66 3
66 57
66 64
66 14
66 74
66 80
66 17
66 24
66 71
66 77
66 81
66 4
66 33
66 62
66 83
66 51
66 27
66 16
66 86
66 12
66 48
66 88
66 65
66 20
66 2
66 87
66 22
65 92
65 71
65 12
65 62
65 22
65 3
65 52
65 11
65 45
65 2
65 64
65 20
65 8
65 5
65 61
65 43
65 84
65 14
65 37
65 82
65 27
65 77
65 51
65 81
65 4
65 90
65 74
65 16
65 33
65 30
65 17
65 46
65 59
65 76
65 29
65 57
65 48
65 44
83 48
83 62
83 14
83 30
83 29
83 44
83 92
83 12
83 46
83 38
83 81
83 61
83 33
83 74
83 22
83 5
83 20
83 40
83 37
83 43
83 4
83 71
83 90
83 77
83 86
83 64
83 87
82 62
82 77
82 4
82 5
82 61
82 20
82 64
82 8
82 44
82 16
82 3
82 48
82 90
82 89
82 92
82 71
82 59
82 17
82 38
82 87
82 27
82 22
82 24
82 74
82 40
82 43
82 76
82 2
82 80
82 29
82 52
82 33
82 11
82 45
82 57
82 46
82 14
82 51
52 90
52 20
52 81
52 8
52 74
52 4
52 3
52 24
52 62
52 33
52 12
52 38
52 76
52 57
52 43
52 14
52 88
52 5
52 27
52 64
52 2
52 86
52 48
52 44
52 80
52 61
52 40
52 45
52 89
52 87
52 46
52 37
52 92
37 84
37 27
37 14
37 80
37 74
37 87
37 89
37 38
37 57
37 76
37 81
37 88
37 62
37 71
37 46
37 3
37 16
37 45
37 40
37 30
37 20
37 92
37 33
37 17
37 77
37 90
37 5
37 11
37 51
37 12
37 8
37 44
37 29
37 24
37 22
37 59
37 4
37 64
37 86
40 33
40 3
40 45
40 27
40 86
40 2
40 89
40 8
40 17
40 64
40 14
40 48
40 90
40 80
40 5
40 77
40 11
40 76
40 22
40 44
40 71
40 92
40 59
40 88
40 57
40 16
40 43
40 81
40 29
40 51
40 46
40 12
64 76
64 57
64 74
64 3
64 33
64 29
64 2
64 43
64 77
64 45
64 81
64 44
64 12
64 61
64 8
64 90
64 11
64 48
64 92
64 22
64 87
64 80
64 14
64 24
64 38
64 88
64 51
64 27
64 46
64 89
64 5
64 17
11 46
11 17
11 33
11 88
11 27
11 51
11 2
11 38
11 48
11 62
11 77
11 43
11 90
11 45
11 16
11 8
11 76
11 80
11 20
11 86
11 22
11 89
11 81
11 12
11 24
11 5
11 61
11 57
11 71
11 30
76 46
76 45
76 4
76 89
76 22
76 86
76 20
76 59
76 61
76 74
76 51
76 16
76 43
76 33
76 5
76 71
76 87
76 90
76 84
76 14
76 62
76 80
76 17
76 44
76 77
76 3
76 38
76 12
76 57
90 43
90 20
90 17
90 84
90 45
90 62
90 24
90 27
90 59
90 29
90 88
90 77
90 87
90 86
90 48
90 44
90 74
90 38
90 4
90 3
90 16
90 61
90 2
90 5
90 33
90 12
84 3
84 88
84 30
84 5
84 59
84 46
84 87
84 43
84 86
84 8
84 71
84 17
84 57
84 27
84 22
84 45
84 38
84 61
84 81
84 51
84 77
84 29
84 89
84 33
84 14
84 44
84 80
84 4
84 62
84 24
84 16
84 74
84 12
81 44
81 77
81 43
81 29
81 59
81 4
81 61
81 24
81 87
81 8
81 3
81 86
81 14
81 12
81 5
81 33
81 89
81 74
81 71
81 88
81 48
81 46
81 2
81 80
45 51
45 71
45 92
45 24
45 4
45 38
45 12
45 59
45 17
45 77
45 89
45 30
45 20
45 33
45 86
45 87
45 16
45 2
45 44
45 22
45 74
45 88
45 46
45 27
45 8
45 3
45 29
45 48
45 80
45 43
45 14
74 48
74 8
74 22
74 2
74 38
74 44
74 20
74 86
74 87
74 77
74 92
74 89
74 24
74 62
74 5
74 46
74 59
74 61
74 43
74 80
74 14
74 17
74 29
74 51
74 16
74 12
74 33
62 59
62 17
62 71
62 2
62 80
62 22
62 4
62 30
62 20
62 24
62 44
62 87
62 14
62 8
62 46
62 3
62 5
62 27
62 29
62 88
62 86
62 51
62 33
62 89
62 16
62 43
62 48
62 92
62 12
29 57
29 92
29 87
29 16
29 80
29 38
29 8
29 44
29 12
29 46
29 22
29 77
29 17
29 3
29 86
29 4
29 2
29 20
29 14
29 51
29 33
29 27
51 92
51 86
51 44
51 89
51 2
51 48
51 38
51 77
51 33
51 17
51 57
51 59
51 4
51 14
51 12
51 27
51 88
51 80
51 16
51 3
51 43
51 71
51 8
51 5
51 61
51 30
77 86
77 17
77 89
77 88
77 12
77 48
77 80
77 71
77 43
77 38
77 14
77 16
77 44
77 5
77 3
77 8
77 30
77 4
77 27
77 22
77 61
77 57
71 88
71 8
71 57
71 24
71 12
71 59
71 80
71 43
71 4
71 27
71 5
71 89
71 20
71 86
71 17
71 44
71 3
71 61
71 30
71 38
71 92
71 14
71 33
71 2
61 22
61 14
61 17
61 46
61 87
61 38
61 89
61 20
61 80
61 12
61 2
61 92
61 59
61 4
61 44
61 8
61 27
61 3
61 16
61 24
61 43
88 80
88 27
88 16
88 22
88 92
88 3
88 48
88 12
88 30
88 89
88 57
88 87
88 20
88 59
88 46
88 24
88 17
88 38
88 2
92 16
92 8
92 33
92 38
92 30
92 24
92 59
92 46
92 5
92 43
92 86
92 89
92 22
92 48
92 87
92 12
92 17
92 27
92 2
92 20
38 46
38 14
38 48
38 22
38 44
38 86
38 3
38 2
38 57
38 20
38 30
38 80
38 12
38 89
38 16
38 4
38 8
38 33
38 87
43 80
43 8
43 89
43 24
43 30
43 2
43 27
43 14
43 59
43 33
43 44
43 86
43 87
43 48
43 17
43 46
43 3
43 5
43 22
43 16
22 8
22 57
22 16
22 44
22 5
22 48
22 27
22 14
22 86
22 2
22 30
22 46
22 80
22 12
22 59
22 89
22 24
22 17
22 33
48 24
48 20
48 14
48 17
48 2
48 30
48 89
48 46
48 44
48 57
48 87
48 27
48 3
48 5
48 59
48 12
48 4
48 33
48 16
48 86
20 33
20 30
20 59
20 14
20 27
20 24
20 89
20 57
20 44
20 8
20 86
20 17
20 16
57 14
57 2
57 16
57 89
57 5
57 24
57 12
57 86
57 80
57 59
57 27
57 44
57 30
17 89
17 5
17 27
17 8
17 33
17 30
17 24
17 14
17 3
17 16
17 4
17 2
17 80
17 87
14 5
14 30
14 80
14 59
14 3
14 24
14 8
14 16
14 89
14 2
14 86
16 33
16 4
16 8
16 30
16 46
16 80
16 59
16 3
16 89
16 5
16 24
16 27
16 87
16 2
30 24
30 27
30 46
30 8
30 87
30 2
30 59
30 12
30 4
30 44
30 86
30 3
30 89
30 33
30 5
3 24
3 59
3 12
3 80
3 46
3 8
3 33
3 44
8 24
8 12
8 86
8 33
8 80
8 4
8 59
8 89
8 5
8 46
8 2
2 59
2 87
2 33
2 89
2 46
2 4
2 12
2 27
2 86
2 5
46 24
46 27
46 4
46 33
46 12
46 44
46 5
46 89
46 59
86 5
86 27
86 87
86 44
86 80
86 89
86 59
86 24
86 33
86 4
89 44
89 27
89 80
89 33
89 4
89 12
44 87
44 24
44 27
44 4
44 5
44 12
44 33
44 80
44 59
59 27
59 87
59 4
59 33
59 24
59 5
5 12
5 27
5 4
5 33
12 24
12 27
12 33
12 4
12 80
87 80
87 33
87 24
27 80
27 4
24 4
33 4