0 34 43 1 35 44 2 36 45 3 37 40 46 4 30 38 41 47 5 31 39 42 48 6 32 49 7 33 8 9 10 53 11 54 12 55 13 50 56 14 51 57 15 52 58 16 59 17 18 19 20 63 21 64 22 65 23 60 66 24 61 67 25 62 68 26 69 27 28 29 73 74 75 70 76 71 77 72 78 79 83 84 85 80 86 81 87 82 88 89 93 94 95 90 96 91 97 92 98 99
0 34
0 43
34 8
34 60
34 68
34 71
34 77
43 6
43 17
43 77
43 80
43 86
1 35
1 44
35 9
35 61
35 69
35 72
35 78
44 7
44 10
44 18
44 70
44 78
44 81
44 87
2 36
2 45
36 62
36 73
36 79
45 8
45 11
45 19
45 71
45 79
45 82
45 88
3 37
3 40
3 46
37 63
37 74
40 14
40 74
40 83
46 9
46 12
46 72
46 83
46 89
4 30
4 38
4 41
4 47
30 64
30 73
38 64
38 75
41 15
41 75
41 84
47 13
47 73
47 84
5 31
5 39
5 42
5 48
31 65
31 74
39 65
39 76
42 16
42 76
42 85
48 14
48 74
48 85
6 32
6 49
32 66
32 75
49 15
49 75
49 86
7 33
33 67
33 70
33 76
10 53
53 16
53 27
53 87
53 90
53 96
11 54
54 17
54 20
54 28
54 80
54 88
54 91
54 97
12 55
55 18
55 21
55 29
55 81
55 89
55 92
55 98
13 50
13 56
50 24
50 84
50 93
56 19
56 22
56 82
56 93
56 99
14 51
14 57
51 25
51 85
51 94
57 23
57 83
57 94
15 52
15 58
52 26
52 86
52 95
58 24
58 84
58 95
16 59
59 25
59 85
59 96
20 63
63 26
63 97
21 64
64 27
64 90
64 98
22 65
65 28
65 91
65 99
23 60
23 66
60 94
66 29
66 92
24 61
24 67
61 95
67 93
25 62
25 68
62 96
68 94
26 69
69 95