0 21 25 26 27 6 15 20 32 3 10 34 35 36 4 13 9 39 5 41 17 45 7 11 47 48 52 12 55 56 57 60 63 22 23 64 24 67 18 71 72 74 76 77 19 79 80 81 83 84 86 88 89 90 91 93 96 97 98 99
0 25
0 27
21 88
21 89
21 90
25 26
25 89
27 32
6 45
15 71
15 72
20 86
32 60
3 34
3 35
3 36
10 55
10 57
34 41
35 89
35 97
35 81
36 39
4 39
13 64
9 52
5 41
17 76
17 77
45 96
45 56
7 47
7 48
11 60
47 99
48 67
52 79
12 63
55 86
55 93
56 93
63 81
22 93
23 96
64 79
24 98
24 99
18 79
18 80
18 81
72 84
74 83
76 90
19 83
81 91
83 88
83 99
84 90
90 93