0 49 1 91 52 30 66 9 76 62 84 26 92 33 14 94 34 7 51 95 85 23 97 75 35 4 29 50 18 6 89 47 90 72 5 28 37 70 3 24 54 40 21 77 22 2 38 46 45 31 71 16 80 82 96 73 25 86 65 61 57 55 67 53 19 17 32 41 87 8 13 64 99 43 27 88 58 78 63 15 83 36 10 20 60 79 11 68 98 74 59 56 12 42 44 48 81 93 39 69
0 49
0 1
0 91
0 52
0 30
0 66
0 9
0 76
0 62
0 84
0 26
0 92
0 33
0 14
0 94
0 34
0 7
0 51
0 95
0 85
0 23
0 97
0 75
0 35
0 4
0 8
0 12
0 13
0 19
0 21
0 22
0 29
0 32
0 38
0 40
0 41
0 42
0 43
0 46
0 47
0 50
0 55
0 61
0 64
0 69
0 74
0 78
0 80
0 81
0 83
0 86
0 87
49 5
49 8
49 24
49 30
49 35
49 36
49 37
49 12
49 75
49 26
49 20
49 45
49 50
49 34
49 78
49 76
49 48
49 90
49 80
49 60
49 74
49 67
49 27
49 91
49 40
49 58
49 73
49 38
49 99
49 89
49 86
49 57
49 53
49 56
49 64
49 65
49 68
49 72
49 77
49 81
49 83
49 87
49 93
49 94
49 96
1 29
1 50
1 23
1 18
1 6
1 33
1 89
1 47
1 75
1 7
1 92
1 90
1 72
1 5
1 28
1 37
1 70
1 3
1 24
1 54
1 40
1 21
1 77
1 4
1 22
1 2
1 9
1 12
1 14
1 19
1 30
1 34
1 35
1 36
1 46
1 51
1 53
1 57
1 60
1 61
1 62
1 65
1 67
1 74
1 81
1 82
1 83
1 86
1 91
1 94
1 96
1 98
91 7
91 13
91 21
91 24
91 27
91 31
91 39
91 40
91 45
91 48
91 50
91 51
91 54
91 55
91 60
91 62
91 63
91 66
91 68
91 69
91 78
91 82
91 84
91 86
91 87
91 88
91 89
91 90
91 98
91 3
91 73
91 12
91 70
91 93
91 97
91 92
91 10
91 38
91 72
91 23
91 8
91 33
91 42
91 56
91 15
91 28
91 76
91 95
91 99
91 44
91 47
91 79
91 94
52 6
52 10
52 18
52 22
52 23
52 31
52 33
52 39
52 40
52 41
52 44
52 45
52 50
52 51
52 98
52 36
52 82
52 81
52 17
52 84
52 79
52 90
52 76
52 55
52 72
52 95
52 77
52 19
52 37
52 34
52 25
52 43
52 3
52 70
52 42
52 89
52 46
52 2
52 94
52 59
52 63
52 65
52 71
52 74
52 75
52 88
52 93
52 99
30 2
30 3
30 7
30 8
30 11
30 27
30 13
30 70
30 84
30 51
30 96
30 69
30 57
30 28
30 45
30 36
30 97
30 83
30 80
30 76
30 65
30 24
30 89
30 21
30 53
30 22
30 93
30 81
30 15
30 31
30 32
30 43
30 44
30 46
30 56
30 63
30 67
30 71
30 72
30 77
30 78
30 82
30 88
30 95
30 98
30 99
66 2
66 3
66 4
66 5
66 6
66 15
66 19
66 22
66 28
66 38
66 41
66 43
66 44
66 45
66 47
66 54
66 56
66 58
66 77
66 83
66 72
66 88
66 86
66 51
66 37
66 61
66 85
66 81
66 10
66 13
66 75
66 7
66 78
66 90
66 67
66 48
66 40
66 46
66 18
66 99
66 20
66 8
66 84
66 89
66 92
66 98
9 6
9 8
9 36
9 12
9 54
9 50
9 85
9 14
9 51
9 88
9 42
9 84
9 44
9 95
9 56
9 90
9 46
9 28
9 16
9 99
9 48
9 81
9 98
9 79
9 94
9 61
9 15
9 25
9 29
9 35
9 39
9 43
9 59
9 62
9 63
9 67
9 69
9 71
9 73
9 76
9 83
9 86
9 89
76 4
76 12
76 14
76 16
76 20
76 23
76 27
76 28
76 32
76 36
76 42
76 51
76 54
76 55
76 61
76 62
76 63
76 65
76 67
76 69
76 29
76 5
76 64
76 48
76 99
76 59
76 33
76 96
76 57
76 71
76 15
76 18
76 8
76 83
76 75
76 2
76 98
76 88
76 43
76 26
76 81
76 72
76 87
76 6
76 82
76 89
76 90
76 93
76 95
76 97
62 10
62 13
62 16
62 17
62 19
62 20
62 29
62 35
62 36
62 37
62 38
62 45
62 46
62 51
62 56
62 57
62 59
62 60
62 61
62 63
62 78
62 11
62 42
62 84
62 54
62 94
62 87
62 43
62 15
62 81
62 58
62 22
62 44
62 99
62 68
62 41
62 23
62 3
62 53
62 85
62 65
62 70
62 71
62 77
62 79
62 88
62 92
62 93
62 95
62 98
84 3
84 4
84 8
84 11
84 12
84 17
84 21
84 22
84 23
84 25
84 28
84 29
84 33
84 34
84 35
84 40
84 41
84 43
84 47
84 48
84 51
84 58
84 63
84 64
84 68
84 69
84 70
84 78
84 89
84 80
84 87
84 14
84 88
84 20
84 85
84 6
84 72
84 44
84 65
84 10
84 61
84 26
84 60
84 27
84 74
84 75
84 16
84 77
84 94
84 7
84 92
84 98
84 99
26 2
26 3
26 5
26 7
26 10
26 14
26 16
26 18
26 24
26 25
26 82
26 98
26 39
26 60
26 64
26 20
26 90
26 71
26 42
26 40
26 34
26 69
26 96
26 46
26 65
26 11
26 59
26 4
26 8
26 12
26 43
26 99
26 67
26 47
26 19
26 33
26 35
26 36
26 44
26 51
26 55
26 57
26 58
26 72
26 78
26 80
26 81
26 86
26 89
26 93
26 94
26 95
92 3
92 12
92 16
92 19
92 21
92 25
92 28
92 32
92 41
92 46
92 48
92 50
92 51
92 53
92 56
92 57
92 60
92 65
92 68
92 70
92 79
92 80
92 81
92 88
92 90
92 72
92 40
92 11
92 20
92 69
92 93
92 47
92 7
92 27
92 29
92 22
92 94
92 75
92 24
92 14
92 33
92 38
92 44
92 64
92 98
92 4
92 58
92 43
92 97
33 5
33 7
33 10
33 14
33 17
33 20
33 23
33 29
33 31
33 85
33 12
33 42
33 73
33 79
33 95
33 53
33 99
33 21
33 69
33 90
33 58
33 22
33 87
33 15
33 32
33 74
33 51
33 13
33 56
33 45
33 96
33 34
33 36
33 44
33 46
33 63
33 72
33 75
33 81
33 89
33 94
14 7
14 12
14 54
14 20
14 63
14 25
14 10
14 70
14 15
14 89
14 81
14 73
14 22
14 6
14 37
14 86
14 40
14 32
14 67
14 39
14 2
14 46
14 16
14 17
14 18
14 29
14 31
14 38
14 42
14 44
14 45
14 48
14 64
14 65
14 77
14 80
14 82
14 83
14 85
14 90
14 93
14 95
14 97
94 8
94 10
94 12
94 13
94 23
94 27
94 36
94 37
94 47
94 69
94 73
94 74
94 78
94 79
94 80
94 93
94 68
94 16
94 54
94 50
94 59
94 32
94 56
94 90
94 24
94 35
94 72
94 98
94 58
94 44
94 85
94 81
94 42
94 60
94 97
94 70
94 96
34 6
34 7
34 12
34 16
34 19
34 25
34 85
34 40
34 98
34 59
34 36
34 41
34 13
34 29
34 23
34 75
34 87
34 68
34 11
34 55
34 69
34 79
34 51
34 37
34 47
34 95
34 99
34 93
34 42
34 45
34 46
34 56
34 58
34 61
34 64
34 65
34 67
34 70
34 77
34 82
34 96
7 2
7 8
7 53
7 11
7 58
7 50
7 68
7 16
7 47
7 25
7 71
7 97
7 98
7 78
7 74
7 87
7 18
7 40
7 51
7 67
7 12
7 19
7 22
7 23
7 28
7 32
7 35
7 37
7 41
7 48
7 54
7 60
7 65
7 69
7 72
7 73
7 79
7 80
7 85
7 86
7 88
7 89
7 90
7 95
51 2
51 6
51 10
51 12
51 16
51 21
51 23
51 24
51 32
51 40
51 43
51 44
51 48
51 13
51 68
51 42
51 47
51 11
51 71
51 35
51 96
51 59
51 80
51 41
51 89
51 29
51 67
51 17
51 75
51 15
51 53
51 54
51 55
51 57
51 60
51 61
51 64
51 69
51 73
51 74
51 78
51 82
51 87
51 99
95 5
95 24
95 31
95 32
95 39
95 40
95 46
95 47
95 48
95 54
95 56
95 67
95 69
95 71
95 85
95 90
95 83
95 59
95 42
95 82
95 35
95 19
95 55
95 89
95 16
95 57
95 22
95 36
95 29
95 43
95 11
95 50
95 68
95 81
95 65
95 97
95 99
85 8
85 15
85 18
85 24
85 25
85 45
85 46
85 47
85 50
85 55
85 59
85 64
85 69
85 70
85 75
85 83
85 28
85 78
85 10
85 42
85 86
85 23
85 2
85 88
85 93
85 40
85 80
85 21
85 29
85 43
85 89
85 17
85 99
85 65
85 57
85 6
85 22
85 56
85 87
23 2
23 3
23 6
23 8
23 18
23 19
23 21
23 93
23 89
23 22
23 43
23 24
23 77
23 44
23 81
23 59
23 69
23 50
23 53
23 40
23 20
23 99
23 80
23 25
23 45
23 29
23 36
23 37
23 48
23 56
23 57
23 60
23 68
23 70
23 72
23 73
23 83
23 86
23 98
97 3
97 17
97 21
97 22
97 31
97 35
97 36
97 41
97 42
97 44
97 47
97 50
97 54
97 58
97 63
97 77
97 83
97 87
97 96
97 74
97 27
97 37
97 12
97 64
97 53
97 72
97 24
97 73
97 11
97 25
97 2
97 38
97 88
97 45
97 98
97 39
97 90
97 57
97 8
97 29
97 99
75 5
75 10
75 16
75 18
75 19
75 22
75 41
75 43
75 44
75 45
75 56
75 59
75 61
75 63
75 65
75 73
75 64
75 50
75 69
75 87
75 98
75 20
75 2
75 70
75 77
75 25
75 74
75 80
75 4
75 38
75 57
75 79
75 39
75 88
75 24
75 93
75 58
75 11
75 81
75 83
35 6
35 16
35 20
35 21
35 27
35 28
35 29
35 77
35 90
35 89
35 31
35 98
35 56
35 88
35 79
35 22
35 40
35 53
35 72
35 36
35 99
35 86
35 13
35 43
35 47
35 48
35 54
35 57
35 74
35 83
35 96
4 96
4 40
4 65
4 57
4 90
4 41
4 87
4 67
4 8
4 61
4 32
4 13
4 64
4 77
4 80
4 25
4 54
4 89
4 99
4 43
4 24
4 27
4 15
4 16
4 17
4 20
4 29
4 31
4 38
4 44
4 53
4 56
4 58
4 59
4 68
4 73
4 74
4 83
4 86
4 88
29 3
29 6
29 11
29 17
29 18
29 20
29 21
29 27
29 15
29 45
29 38
29 64
29 55
29 71
29 57
29 59
29 2
29 72
29 16
29 87
29 61
29 42
29 60
29 68
29 37
29 40
29 46
29 56
29 67
29 69
29 79
29 82
29 83
29 86
29 89
29 93
29 96
29 99
50 5
50 13
50 20
50 28
50 31
50 39
50 44
50 46
50 37
50 12
50 45
50 27
50 53
50 89
50 74
50 80
50 2
50 83
50 41
50 22
50 40
50 71
50 68
50 8
50 19
50 70
50 17
50 54
50 57
50 61
50 77
50 79
50 88
50 90
50 99
18 3
18 11
18 16
18 70
18 22
18 77
18 28
18 46
18 27
18 40
18 2
18 63
18 67
18 57
18 6
18 83
18 8
18 82
18 72
18 55
18 79
18 20
18 38
18 39
18 58
18 60
18 64
18 69
18 73
18 81
18 87
18 88
18 89
18 96
18 99
6 5
6 10
6 99
6 64
6 20
6 83
6 63
6 40
6 24
6 16
6 54
6 86
6 60
6 27
6 88
6 90
6 57
6 79
6 8
6 15
6 17
6 19
6 25
6 28
6 37
6 58
6 61
6 67
6 68
6 72
6 73
6 81
6 82
6 87
89 3
89 8
89 10
89 11
89 16
89 22
89 24
89 28
89 37
89 40
89 45
89 47
89 56
89 58
89 64
89 65
89 70
89 77
89 81
89 86
89 87
89 55
89 53
89 69
89 74
89 90
89 2
89 78
89 83
89 82
89 88
89 17
89 12
89 42
89 21
89 67
89 31
89 99
47 2
47 5
47 10
47 15
47 17
47 28
47 32
47 41
47 46
47 63
47 27
47 19
47 59
47 56
47 39
47 87
47 96
47 37
47 55
47 73
47 48
47 12
47 42
47 69
47 54
47 58
47 60
47 72
47 78
47 83
47 86
90 3
90 5
90 38
90 39
90 40
90 41
90 42
90 43
90 44
90 48
90 55
90 56
90 59
90 60
90 64
90 67
90 72
90 74
90 79
90 80
90 82
90 87
90 88
90 96
90 71
90 45
90 54
90 63
90 15
90 73
90 46
90 86
90 2
90 37
90 8
90 65
90 22
90 77
90 11
90 57
90 20
72 12
72 17
72 19
72 25
72 28
72 38
72 46
72 48
72 55
72 61
72 63
72 67
72 39
72 88
72 15
72 86
72 80
72 31
72 8
72 58
72 69
72 11
72 21
72 73
72 41
72 54
72 40
72 57
72 79
72 87
72 93
72 96
72 98
72 99
5 2
5 3
5 43
5 88
5 19
5 58
5 57
5 78
5 63
5 15
5 17
5 54
5 83
5 99
5 71
5 36
5 86
5 8
5 11
5 22
5 25
5 28
5 38
5 42
5 46
5 48
5 53
5 64
5 68
5 70
5 77
5 96
5 98
28 8
28 12
28 15
28 19
28 40
28 11
28 42
28 27
28 37
28 63
28 86
28 36
28 60
28 43
28 44
28 13
28 58
28 31
28 39
28 54
28 61
28 64
28 69
28 74
28 77
28 88
28 96
37 12
37 13
37 15
37 16
37 19
37 32
37 17
37 10
37 81
37 68
37 63
37 80
37 31
37 42
37 87
37 57
37 83
37 36
37 71
37 48
37 44
37 65
37 40
37 41
37 43
37 46
37 53
37 61
37 64
37 82
37 88
37 99
70 3
70 11
70 13
70 36
70 54
70 56
70 57
70 58
70 59
70 63
70 67
70 12
70 88
70 46
70 16
70 99
70 68
70 20
70 77
70 10
70 98
70 61
70 82
70 87
70 8
70 32
70 2
70 39
70 71
70 73
70 74
70 78
3 61
3 57
3 38
3 55
3 71
3 31
3 40
3 67
3 53
3 19
3 17
3 32
3 12
3 20
3 22
3 27
3 36
3 43
3 48
3 56
3 58
3 59
3 65
3 68
3 74
3 80
3 81
3 87
3 88
3 98
24 2
24 15
24 21
24 93
24 43
24 65
24 63
24 69
24 78
24 54
24 71
24 42
24 57
24 45
24 79
24 40
24 61
24 67
24 64
24 36
24 77
24 25
24 27
24 53
24 59
24 80
24 82
24 88
54 2
54 11
54 31
54 32
54 39
54 44
54 53
54 46
54 22
54 15
54 63
54 16
54 61
54 48
54 13
54 99
54 38
54 59
54 64
54 25
54 55
54 69
54 79
54 93
40 11
40 13
40 15
40 19
40 21
40 25
40 38
40 39
40 64
40 74
40 73
40 48
40 67
40 59
40 16
40 10
40 31
40 65
40 17
40 36
40 55
40 61
40 88
40 2
40 41
40 42
40 44
40 68
40 69
40 71
40 80
40 83
40 86
40 99
21 2
21 8
21 10
21 17
21 19
21 74
21 88
21 79
21 20
21 73
21 45
21 53
21 16
21 22
21 15
21 57
21 81
21 80
21 60
21 43
21 68
21 78
21 83
21 87
21 96
21 98
77 8
77 17
77 20
77 27
77 42
77 45
77 48
77 53
77 57
77 58
77 63
77 64
77 67
77 71
77 74
77 55
77 99
77 86
77 36
77 69
77 73
77 98
77 79
77 16
77 41
77 78
77 44
77 15
77 32
77 60
77 81
77 82
77 88
22 10
22 19
22 80
22 44
22 81
22 67
22 13
22 74
22 2
22 64
22 60
22 16
22 36
22 55
22 96
22 53
22 8
22 25
22 42
22 46
22 56
22 58
22 61
22 73
22 93
22 98
2 38
2 46
2 45
2 31
2 71
2 16
2 80
2 82
2 96
2 73
2 25
2 86
2 65
2 13
2 36
2 41
2 55
2 57
2 59
2 60
2 64
2 81
2 87
2 88
2 99
38 11
38 12
38 13
38 57
38 88
38 61
38 19
38 32
38 64
38 56
38 96
38 10
38 82
38 36
38 17
38 81
38 58
38 16
38 41
38 42
38 44
38 65
38 67
38 79
38 99
46 12
46 17
46 20
46 31
46 36
46 43
46 45
46 87
46 13
46 73
46 96
46 11
46 64
46 57
46 42
46 39
46 44
46 53
46 60
46 61
46 78
46 79
46 86
46 93
45 13
45 20
45 31
45 44
45 98
45 11
45 42
45 69
45 43
45 53
45 74
45 64
45 25
45 73
45 15
45 56
45 93
45 55
45 59
45 68
45 78
45 83
31 12
31 13
31 68
31 15
31 78
31 8
31 73
31 88
31 98
31 87
31 59
31 96
31 48
31 61
31 36
31 39
31 43
31 53
31 60
31 63
31 67
31 69
31 71
31 79
31 80
31 93
71 16
71 20
71 32
71 39
71 41
71 44
71 63
71 81
71 64
71 17
71 79
71 67
71 36
71 65
71 60
71 88
71 93
71 69
71 13
71 99
71 86
71 58
71 53
71 73
71 82
16 8
16 10
16 15
16 87
16 36
16 17
16 73
16 68
16 39
16 99
16 44
16 79
16 60
16 67
16 58
16 27
16 32
16 43
16 53
16 57
16 59
16 78
16 80
16 96
16 98
80 8
80 15
80 20
80 36
80 39
80 48
80 53
80 58
80 68
80 73
80 74
80 87
80 17
80 44
80 60
80 59
80 10
80 78
80 81
80 67
80 42
80 56
80 11
80 69
80 98
82 12
82 25
82 27
82 32
82 36
82 55
82 56
82 59
82 65
82 68
82 78
82 81
82 83
82 99
82 96
82 79
82 44
82 93
82 67
82 60
82 53
82 13
82 19
96 17
96 19
96 32
96 42
96 48
96 55
96 56
96 57
96 59
96 68
96 73
96 78
96 79
96 86
96 87
96 27
96 67
96 58
96 20
96 36
96 63
96 43
96 61
96 12
96 10
96 53
96 65
96 99
73 10
73 15
73 32
73 53
73 57
73 61
73 68
73 69
73 12
73 64
73 78
73 88
73 41
73 11
73 83
73 67
73 81
73 43
73 58
73 74
73 79
73 86
73 93
25 15
25 17
25 20
25 74
25 86
25 83
25 63
25 81
25 36
25 78
25 39
25 8
25 32
25 43
25 27
25 65
25 93
25 99
86 11
86 13
86 19
86 36
86 39
86 41
86 43
86 48
86 55
86 64
86 68
86 74
86 98
86 87
86 58
86 57
86 20
86 99
86 79
86 83
86 61
86 93
65 10
65 11
65 13
65 27
65 36
65 41
65 48
65 55
65 58
65 60
65 56
65 19
65 57
65 78
65 12
65 8
65 15
65 93
65 43
65 64
65 67
65 68
65 83
65 87
65 98
61 8
61 10
61 20
61 41
61 48
61 55
61 17
61 59
61 79
61 69
61 32
61 39
61 81
61 83
61 43
61 60
61 63
61 78
61 98
57 11
57 17
57 19
57 27
57 42
57 43
57 87
57 98
57 48
57 10
57 81
57 64
57 15
57 78
57 83
57 13
57 68
57 59
57 79
57 93
57 99
55 12
55 13
55 15
55 19
55 27
55 42
55 20
55 63
55 93
55 88
55 58
55 99
55 43
55 79
55 98
55 48
55 56
55 59
55 60
55 81
67 8
67 20
67 39
67 43
67 56
67 59
67 60
67 83
67 64
67 69
67 13
67 42
67 78
67 68
67 87
67 27
67 48
67 74
67 81
67 98
53 10
53 11
53 15
53 17
53 43
53 69
53 88
53 68
53 99
53 59
53 83
53 48
53 41
53 39
53 8
53 81
19 10
19 83
19 13
19 17
19 41
19 36
19 39
19 42
19 56
19 64
19 69
19 79
17 42
17 41
17 81
17 48
17 74
17 58
17 10
17 15
17 39
17 64
17 78
32 8
32 27
32 88
32 87
32 15
32 99
32 48
32 74
32 93
32 81
32 36
32 20
32 39
32 42
32 44
32 56
32 59
32 60
41 11
41 13
41 15
41 27
41 12
41 58
41 93
41 59
41 69
41 8
41 44
41 42
41 79
41 81
87 10
87 27
87 42
87 44
87 58
87 59
87 69
87 79
87 81
87 83
87 39
87 15
87 98
87 60
87 20
87 12
87 99
87 43
87 36
8 83
8 10
8 59
8 74
8 56
8 63
8 11
8 42
8 44
8 58
8 64
8 78
8 79
8 81
8 93
8 99
13 11
13 60
13 81
13 88
13 36
13 44
13 20
13 68
13 64
13 93
13 42
13 63
13 74
13 99
64 11
64 20
64 39
64 48
64 60
64 63
64 99
64 56
64 59
64 69
64 15
64 27
64 74
64 79
64 83
64 88
64 98
99 11
99 20
99 42
99 58
99 59
99 63
99 93
99 74
99 88
99 27
99 60
99 10
43 20
43 27
43 36
43 79
43 81
43 11
43 42
43 59
43 83
43 88
43 48
43 56
43 63
43 74
43 78
43 93
27 15
27 79
27 48
27 63
27 12
27 58
27 10
27 36
27 39
27 44
27 68
27 69
27 81
27 98
88 12
88 42
88 58
88 59
88 78
88 83
88 74
88 56
88 36
88 93
88 11
88 48
88 81
88 98
58 15
58 48
58 79
58 12
58 36
58 11
58 68
58 60
58 63
58 93
58 98
78 11
78 12
78 39
78 68
78 74
78 10
78 83
78 79
78 44
78 59
63 10
63 12
63 15
63 36
63 39
63 42
63 44
63 56
63 60
63 69
63 48
63 74
63 20
63 11
63 68
15 10
15 36
15 98
15 79
15 39
15 81
15 44
15 74
83 10
83 59
83 68
83 20
83 12
83 60
83 81
83 36
83 98
36 20
36 93
36 74
36 68
36 44
36 69
10 42
10 48
10 81
10 98
10 56
10 74
10 79
20 12
20 69
20 44
20 48
20 42
20 98
20 56
20 60
60 12
60 48
60 79
60 93
60 56
60 74
60 98
79 42
79 48
79 68
79 74
79 12
79 98
79 44
79 11
79 81
11 48
11 68
11 56
11 59
11 42
11 93
68 39
68 42
68 74
68 69
68 98
98 48
98 81
98 56
98 74
74 42
74 48
74 69
74 81
74 39
59 44
59 81
59 12
59 93
12 42
12 69
12 81
44 81
44 93
48 93
81 39
81 93
93 39
39 69