0 1 11 5 2 25 26 27 8 28 29 30 6 24 31 32 33 3 16 14 34 35 36 4 10 37 38 39 15 23 40 41 42 43 44 45 7 9 46 47 48 49 50 51 18 52 53 54 55 56 57 58 59 60 12 21 61 62 63 13 22 64 65 66 20 67 68 69 70 71 72 73 74 75 17 76 77 78 79 80 81 19 82 83 84 85 86 87 88 89 90 91 92 93 94 95 96 97 98 99
0 1
0 11
0 5
0 2
0 25
0 26
0 27
1 8
1 28
1 29
1 30
11 58
11 59
11 60
5 15
5 23
5 40
5 41
5 42
2 6
2 24
2 31
2 32
2 33
25 43
26 80
26 90
26 29
27 49
27 93
27 32
8 49
8 50
8 51
28 81
28 51
28 34
29 66
29 37
30 48
6 43
6 44
6 45
24 18
24 97
24 98
24 99
31 40
31 67
32 42
32 75
33 64
33 63
33 57
33 73
3 16
3 14
3 34
3 35
3 36
16 10
16 73
16 74
16 75
14 7
14 20
14 21
14 67
14 68
14 69
34 75
34 65
35 62
35 49
36 42
4 10
4 37
4 38
4 39
10 55
10 56
10 57
37 84
38 56
39 93
15 70
15 71
15 72
23 94
23 95
23 96
40 41
42 60
43 73
44 45
44 77
44 94
44 99
7 9
7 46
7 47
7 48
9 18
9 52
9 53
9 54
46 95
47 80
48 67
50 59
51 85
51 91
18 79
18 80
18 81
52 67
53 74
53 55
54 96
54 87
55 61
55 90
56 77
57 98
58 65
58 94
59 84
59 93
60 78
12 21
12 61
12 62
12 63
21 13
21 88
21 89
21 90
61 82
63 87
13 22
13 64
13 65
13 66
22 91
22 92
22 93
64 68
64 70
20 17
20 19
20 85
20 86
20 87
67 92
67 95
69 97
69 98
70 83
71 72
72 87
73 91
17 76
17 77
17 78
76 90
78 89
79 95
79 85
80 88
19 82
19 83
19 84
86 95