0 1 6 7 2 8 3 4 5 10 11 12 9 14 20 13 15 18 19 21 22 23 17 16 24 26 29 25 31 34 35 28 27 33 32 30 36 37 42 43 44 39 38 41 40 46 47 48 45 95 52 51 50 49 53 54 56 57 58 55 75 63 59 60 61 62 64 66 65 68 69 70 73 72 67 71 98 74 78 76 77 81 82 85 86 90 89 93 94 87 91 92 97 96 79 80 83 84 88
0 1
0 6
0 7
1 6
1 7
6 7
6 12
7 2
2 8
8 9
8 14
3 4
4 5
4 10
4 11
4 9
5 10
5 11
10 11
11 16
11 49
12 13
12 19
12 18
9 14
14 20
20 13
20 15
13 18
13 19
13 26
15 21
18 19
19 24
21 22
22 23
22 17
22 16
22 29
23 16
23 17
17 16
24 25
24 31
24 30
26 33
26 32
26 31
29 34
29 35
29 28
29 51
29 50
25 31
25 30
31 30
34 35
34 28
34 41
35 28
28 27
27 33
32 39
32 38
30 36
36 37
36 42
36 43
37 42
37 43
37 44
42 43
44 38
44 95
39 38
39 46
41 40
41 46
41 47
41 52
40 47
40 46
46 47
46 48
46 45
47 48
95 96
52 54
52 55
51 54
51 57
50 54
50 56
49 53
49 54
53 57
53 56
54 58
56 58
56 55
56 63
57 55
57 58
58 75
55 87
63 60
59 60
60 61
60 64
61 62
61 64
61 66
62 98
64 68
64 67
66 65
65 68
68 69
69 70
70 73
73 72
73 76
72 67
67 71
98 78
98 74
98 86
98 94
74 78
76 77
77 81
81 82
82 85
82 86
86 90
90 89
90 93
93 94
87 91
87 84
91 92
91 96
92 97
79 80
80 83
80 88
83 84