0 1 2 3 4 18 6 5 7 8 9 10 12 13 11 72 17 71 14 15 16 19 20 21 22 55 23 30 29 25 28 24 26 27 32 31 54 33 34 35 36 37 38 40 39 48 41 42 43 45 44 46 47 49 50 52 51 53 56 57 58 59 75 61 60 74 62 73 70 69 76 63 64 67 68 66 65
0 1
1 2
2 3
3 4
3 18
4 6
18 72
18 17
6 5
6 7
6 8
7 11
8 9
8 10
8 12
10 17
10 14
12 13
12 11
12 14
11 16
72 71
17 71
14 15
14 16
16 19
19 20
20 21
20 55
21 22
22 23
22 30
22 29
55 57
23 29
23 25
23 28
30 29
30 31
29 32
25 24
25 28
25 26
28 26
28 27
26 27
27 32
32 33
31 54
54 56
33 34
33 35
33 36
36 37
37 38
38 40
40 39
40 48
40 41
39 42
48 47
48 49
48 50
41 43
42 45
43 44
43 46
45 44
45 47
46 50
47 49
47 50
50 52
50 51
52 51
51 53
56 65
56 57
57 58
58 59
58 61
59 75
59 60
61 60
61 70
60 74
60 62
60 73
62 73
62 76
73 69
70 69
70 76
70 67
69 68
76 63
76 64
76 68
67 68
67 66
68 65
66 65