14 8 9 79 54 51 40 22 89 95 57 23 96 67 18 29 75 50 98 72 55 25 45 68 11 70 48 88 58 90 49 5 17 30 86 36 53 87 52 73 20 66 4 6 10 61 7 84 3 46 94 41 93 0 83 12 26 27 21 64 77 65 60 39 35 47 16 2 63 43 76 28 33 85 37 82 1 99 34 19 31 15 38 78 81 62 24 74 92 32 13 71 69 42 56 97 44 80 59 91
14 8
14 9
14 79
14 54
14 51
14 40
14 22
14 89
14 95
14 57
14 23
14 96
14 67
14 18
14 29
14 75
14 50
14 98
14 72
14 55
14 25
14 45
14 68
14 11
14 70
14 21
14 69
14 33
14 34
14 82
14 28
14 37
14 4
14 93
14 61
14 35
14 15
14 83
14 56
14 85
14 16
14 17
14 64
14 49
14 81
14 62
14 91
14 87
14 0
14 47
14 10
14 65
14 59
14 88
8 79
8 27
8 52
8 82
8 86
8 12
8 1
8 43
8 24
8 11
8 68
8 77
8 31
8 64
8 40
8 74
8 9
8 2
8 71
8 92
8 72
8 96
8 45
8 58
8 84
8 51
8 30
8 81
8 29
8 60
8 98
8 33
8 94
8 91
8 70
8 36
8 28
8 62
8 5
8 6
8 95
8 83
8 56
8 85
8 87
8 26
8 0
8 47
8 32
8 10
8 65
8 78
8 22
8 59
9 94
9 84
9 21
9 53
9 34
9 57
9 1
9 99
9 4
9 44
9 55
9 13
9 56
9 85
9 97
9 80
9 75
9 98
9 81
9 67
9 62
9 31
9 0
9 59
9 16
9 36
9 28
9 38
9 46
9 90
9 29
9 50
9 5
9 33
9 71
9 47
9 30
9 60
9 10
9 2
9 7
9 41
9 6
9 32
9 92
79 76
79 28
79 0
79 86
79 33
79 43
79 5
79 85
79 46
79 52
79 88
79 66
79 37
79 12
79 82
79 1
79 90
79 99
79 34
79 49
79 87
79 55
79 45
79 89
79 21
79 19
79 40
79 53
79 72
79 18
79 4
79 15
79 13
79 54
79 20
79 17
79 64
79 39
79 81
79 60
79 71
79 3
79 73
79 23
79 26
79 41
79 6
79 32
79 78
79 92
79 30
54 42
54 33
54 18
54 86
54 12
54 28
54 70
54 1
54 4
54 44
54 61
54 84
54 21
54 81
54 23
54 90
54 7
54 31
54 27
54 0
54 69
54 41
54 65
54 45
54 80
54 17
54 82
54 39
54 97
54 11
54 36
54 73
54 94
54 49
54 67
54 93
54 87
54 47
54 34
54 20
54 30
54 51
54 63
54 77
54 60
54 3
54 16
54 64
54 40
54 62
54 71
54 26
54 10
54 59
54 72
51 84
51 33
51 34
51 52
51 12
51 36
51 70
51 43
51 4
51 24
51 11
51 93
51 68
51 55
51 83
51 85
51 31
51 80
51 40
51 75
51 39
51 67
51 71
51 3
51 87
51 23
51 7
51 0
51 76
51 38
51 66
51 48
51 63
51 2
51 94
51 90
51 17
51 32
51 58
51 10
51 96
51 25
51 30
51 20
51 91
51 99
51 49
51 29
51 61
51 59
51 72
51 92
51 5
40 94
40 84
40 53
40 89
40 27
40 18
40 52
40 37
40 1
40 43
40 4
40 13
40 85
40 45
40 20
40 97
40 80
40 35
40 21
40 77
40 33
40 59
40 81
40 15
40 2
40 93
40 96
40 49
40 58
40 87
40 5
40 11
40 36
40 98
40 22
40 64
40 41
40 29
40 7
40 67
40 75
40 70
40 6
40 71
40 46
40 39
40 25
40 38
40 47
40 10
40 78
22 84
22 42
22 89
22 82
22 95
22 4
22 24
22 93
22 58
22 35
22 77
22 45
22 31
22 64
22 98
22 81
22 62
22 91
22 87
22 7
22 0
22 41
22 66
22 39
22 2
22 49
22 99
22 19
22 26
22 5
22 68
22 21
22 92
22 11
22 86
22 17
22 29
22 25
22 18
22 55
22 43
22 32
22 72
22 73
22 10
22 78
22 80
89 94
89 53
89 84
89 33
89 77
89 24
89 21
89 83
89 92
89 6
89 63
89 41
89 4
89 66
89 96
89 12
89 0
89 3
89 15
89 44
89 81
89 56
89 60
89 70
89 20
89 82
89 95
89 57
89 86
89 28
89 1
89 43
89 99
89 50
89 58
89 68
89 29
89 97
89 31
89 80
89 17
89 49
89 75
89 39
89 74
89 65
89 59
95 27
95 34
95 82
95 93
95 97
95 61
95 42
95 75
95 65
95 0
95 21
95 46
95 56
95 70
95 3
95 76
95 55
95 81
95 57
95 63
95 18
95 11
95 24
95 80
95 72
95 84
95 83
95 88
95 5
95 50
95 86
95 52
95 12
95 36
95 4
95 44
95 19
95 68
95 35
95 13
95 85
95 17
95 96
95 60
95 91
95 73
95 23
95 7
95 26
95 25
95 6
95 66
95 10
95 78
57 21
57 53
57 42
57 69
57 33
57 46
57 16
57 36
57 1
57 43
57 12
57 70
57 17
57 72
57 50
57 49
57 76
57 75
57 0
57 60
57 37
57 67
57 39
57 77
57 55
57 7
57 3
57 74
57 47
57 26
57 78
57 11
57 15
57 56
57 97
57 31
57 80
57 90
57 2
57 91
57 38
57 10
57 92
57 5
23 18
23 82
23 86
23 36
23 70
23 1
23 11
23 15
23 55
23 83
23 56
23 20
23 97
23 31
23 17
23 96
23 62
23 3
23 91
23 73
23 13
23 80
23 88
23 78
23 92
23 10
23 60
23 87
23 28
23 76
23 50
23 85
23 49
23 77
23 98
23 52
23 6
23 43
23 69
23 48
23 66
23 24
23 45
23 65
23 16
23 5
23 75
23 74
23 37
23 33
23 25
23 32
23 59
23 72
23 63
96 48
96 84
96 53
96 69
96 34
96 52
96 82
96 99
96 50
96 58
96 19
96 61
96 29
96 35
96 83
96 85
96 45
96 31
96 90
96 49
96 75
96 67
96 24
96 56
96 93
96 88
96 60
96 65
96 7
96 25
96 0
96 18
96 11
96 59
96 15
96 28
96 21
96 26
96 94
96 30
96 10
96 4
96 86
96 37
96 98
96 87
96 76
96 47
96 66
96 78
96 63
67 94
67 84
67 69
67 18
67 37
67 24
67 93
67 50
67 58
67 44
67 68
67 29
67 35
67 15
67 55
67 83
67 56
67 85
67 20
67 31
67 80
67 17
67 81
67 61
67 27
67 64
67 87
67 5
67 28
67 36
67 4
67 99
67 3
67 88
67 71
67 70
67 92
67 2
67 76
67 59
67 7
67 60
67 25
67 47
67 90
67 32
67 65
67 73
67 46
67 78
67 30
67 63
18 84
18 42
18 33
18 49
18 3
18 17
18 27
18 62
18 75
18 78
18 1
18 94
18 12
18 13
18 88
18 58
18 71
18 29
18 82
18 43
18 83
18 28
18 69
18 30
18 64
18 59
18 76
18 35
18 73
18 11
18 63
18 86
18 37
18 4
18 93
18 50
18 44
18 15
18 55
18 77
18 56
18 45
18 97
18 90
18 74
18 91
18 26
18 38
18 47
18 66
18 10
18 65
18 72
18 5
29 94
29 27
29 33
29 86
29 4
29 50
29 19
29 61
29 25
29 5
29 36
29 53
29 35
29 46
29 43
29 69
29 45
29 97
29 58
29 59
29 52
29 90
29 72
29 26
29 93
29 3
29 48
29 81
29 2
29 73
29 85
29 0
29 75
29 32
29 49
29 20
29 15
29 83
29 60
29 62
29 7
29 38
29 65
29 92
29 63
75 48
75 94
75 53
75 27
75 34
75 1
75 93
75 19
75 68
75 15
75 83
75 85
75 45
75 20
75 97
75 16
75 17
75 90
75 70
75 56
75 92
75 77
75 26
75 3
75 12
75 87
75 10
75 2
75 31
75 80
75 86
75 60
75 28
75 33
75 35
75 73
75 72
75 74
75 71
75 0
75 76
75 47
75 6
75 66
75 78
75 63
50 94
50 21
50 69
50 33
50 52
50 86
50 12
50 28
50 70
50 1
50 43
50 99
50 11
50 93
50 16
50 0
50 44
50 76
50 30
50 19
50 59
50 48
50 66
50 7
50 61
50 98
50 41
50 55
50 38
50 31
50 77
50 37
50 92
50 68
50 10
50 64
50 4
50 15
50 60
50 26
50 5
50 45
50 58
50 2
50 35
50 49
50 17
50 13
50 97
50 80
50 90
50 74
50 81
50 87
50 25
50 65
50 78
50 63
98 94
98 84
98 53
98 52
98 1
98 99
98 4
98 11
98 93
98 19
98 35
98 55
98 83
98 13
98 45
98 20
98 64
98 16
98 47
98 33
98 91
98 63
98 71
98 62
98 66
98 28
98 76
98 70
98 86
98 44
98 32
98 12
98 82
98 77
98 97
98 7
98 68
98 88
98 49
98 46
98 34
98 60
98 0
98 38
98 72
98 92
72 53
72 27
72 33
72 82
72 36
72 4
72 11
72 93
72 58
72 44
72 55
72 83
72 56
72 85
72 31
72 80
72 17
72 49
72 81
72 60
72 62
72 2
72 71
72 73
72 7
72 0
72 47
72 6
72 66
72 32
72 59
72 28
72 45
72 78
72 42
72 61
72 97
72 99
72 39
72 26
72 84
72 69
72 24
72 20
72 25
72 63
55 48
55 69
55 33
55 34
55 82
55 28
55 36
55 37
55 43
55 99
55 93
55 35
55 91
55 24
55 64
55 1
55 2
55 61
55 81
55 52
55 38
55 76
55 85
55 74
55 62
55 58
55 10
55 12
55 7
55 4
55 15
55 77
55 19
55 31
55 42
55 46
55 87
55 26
55 47
55 66
55 65
55 30
25 48
25 84
25 53
25 42
25 27
25 34
25 1
25 24
25 44
25 61
25 68
25 77
25 13
25 45
25 20
25 16
25 80
25 49
25 62
25 71
25 26
25 0
25 82
25 70
25 56
25 97
25 30
25 11
25 43
25 64
25 81
25 59
25 63
25 74
25 37
25 46
25 21
25 94
25 17
25 93
25 78
25 19
25 32
25 10
45 94
45 84
45 86
45 12
45 28
45 70
45 1
45 99
45 58
45 35
45 77
45 13
45 85
45 46
45 59
45 44
45 2
45 48
45 30
45 7
45 68
45 93
45 66
45 65
45 42
45 5
45 27
45 16
45 73
45 33
45 88
45 64
45 49
45 74
45 81
45 71
45 0
45 76
45 6
45 10
45 78
68 69
68 34
68 82
68 86
68 28
68 36
68 70
68 24
68 11
68 93
68 66
68 1
68 60
68 59
68 37
68 4
68 90
68 6
68 84
68 30
68 61
68 41
68 80
68 65
68 64
68 2
68 56
68 27
68 73
68 48
68 21
68 35
68 81
68 46
68 63
68 47
68 42
68 32
68 77
68 85
68 20
68 17
68 49
68 71
68 91
68 87
68 78
68 92
11 84
11 42
11 69
11 34
11 82
11 28
11 36
11 70
11 24
11 78
11 86
11 19
11 71
11 64
11 48
11 90
11 4
11 17
11 59
11 65
11 15
11 21
11 91
11 27
11 33
11 73
11 44
11 41
11 30
11 87
11 12
11 13
11 46
11 35
11 3
11 83
11 93
11 16
11 56
11 85
11 97
11 31
11 74
11 60
11 38
11 66
11 88
70 21
70 53
70 69
70 27
70 33
70 52
70 13
70 4
70 42
70 38
70 77
70 2
70 46
70 28
70 64
70 71
70 85
70 6
70 16
70 15
70 1
70 37
70 83
70 65
70 5
70 20
70 41
70 30
70 44
70 7
70 32
70 84
70 86
70 93
70 58
70 19
70 31
70 90
70 74
70 76
70 10
70 78
48 88
48 58
48 90
48 49
48 5
48 17
48 30
48 86
48 36
48 53
48 87
48 52
48 73
48 20
48 66
48 4
48 6
48 10
48 61
48 7
48 84
48 3
48 46
48 27
48 34
48 82
48 28
48 37
48 1
48 43
48 35
48 77
48 13
48 56
48 31
48 80
48 64
48 62
48 41
48 38
48 32
48 92
48 63
88 84
88 21
88 27
88 36
88 1
88 4
88 24
88 19
88 35
88 15
88 83
88 31
88 80
88 90
88 39
88 91
88 87
88 7
88 26
88 10
88 65
88 92
88 30
88 38
88 60
88 16
88 62
88 56
88 32
88 0
88 3
88 81
88 78
88 59
88 13
88 5
88 74
88 20
88 43
88 69
58 42
58 34
58 12
58 43
58 32
58 39
58 7
58 62
58 73
58 65
58 38
58 82
58 97
58 41
58 86
58 1
58 76
58 78
58 91
58 69
58 27
58 61
58 28
58 2
58 99
58 5
58 52
58 3
58 71
58 19
58 77
58 56
58 85
58 31
58 74
58 81
58 60
58 26
58 0
58 46
58 92
90 94
90 93
90 61
90 20
90 97
90 80
90 76
90 46
90 43
90 53
90 82
90 91
90 81
90 38
90 49
90 74
90 69
90 66
90 39
90 0
90 30
90 84
90 34
90 62
90 99
90 63
90 2
90 71
90 7
90 41
90 6
90 10
90 65
90 78
49 94
49 84
49 53
49 52
49 36
49 1
49 43
49 99
49 93
49 19
49 61
49 83
49 56
49 97
49 64
49 13
49 65
49 34
49 46
49 6
49 26
49 15
49 10
49 82
49 31
49 85
49 21
49 32
49 80
49 7
49 39
49 92
49 35
49 77
49 47
49 24
49 81
49 87
49 0
49 41
49 38
49 66
49 78
49 63
5 94
5 84
5 53
5 42
5 34
5 52
5 86
5 4
5 24
5 44
5 19
5 61
5 35
5 77
5 13
5 56
5 20
5 16
5 31
5 74
5 81
5 62
5 2
5 71
5 7
5 38
5 47
5 10
5 78
5 30
5 93
5 26
5 73
5 63
5 59
5 60
5 99
5 12
5 15
5 39
5 21
5 3
5 27
17 69
17 33
17 82
17 28
17 4
17 24
17 44
17 35
17 15
17 56
17 85
17 80
17 65
17 94
17 10
17 31
17 66
17 92
17 2
17 41
17 34
17 19
17 74
17 38
17 53
17 78
17 37
17 39
17 7
17 26
17 32
17 30
17 63
30 21
30 27
30 33
30 86
30 12
30 99
30 19
30 35
30 15
30 16
30 71
30 73
30 0
30 41
30 76
30 10
30 65
30 78
30 59
30 92
30 85
30 39
30 46
30 32
30 2
30 66
30 20
30 69
30 52
30 60
30 31
30 7
30 80
30 63
30 62
30 26
30 56
86 94
86 84
86 53
86 27
86 34
86 38
86 74
86 39
86 32
86 77
86 46
86 91
86 43
86 63
86 10
86 76
86 19
86 37
86 44
86 0
86 28
86 1
86 62
86 82
86 69
86 20
86 33
86 87
86 60
86 56
86 21
86 24
86 93
86 13
86 97
86 31
86 26
86 41
86 66
86 92
36 94
36 84
36 12
36 28
36 24
36 31
36 66
36 3
36 42
36 74
36 77
36 60
36 35
36 19
36 34
36 53
36 85
36 38
36 44
36 43
36 65
36 27
36 78
36 64
36 83
36 80
36 91
36 87
36 73
36 6
36 63
53 94
53 1
53 61
53 19
53 78
53 69
53 33
53 28
53 10
53 66
53 71
53 74
53 47
53 42
53 81
53 85
53 62
53 12
53 65
53 82
53 56
53 76
53 15
53 27
53 52
53 37
53 4
53 44
53 77
53 83
53 97
53 16
53 60
53 3
53 41
53 38
53 6
53 92
87 84
87 27
87 37
87 43
87 99
87 93
87 61
87 13
87 85
87 20
87 31
87 64
87 62
87 2
87 3
87 41
87 63
87 91
87 71
87 24
87 77
87 74
87 76
87 4
87 0
87 38
87 7
87 10
87 65
87 35
87 19
87 6
87 32
87 26
87 46
87 66
87 78
87 59
52 84
52 27
52 16
52 24
52 92
52 7
52 4
52 99
52 77
52 39
52 6
52 1
52 73
52 33
52 78
52 28
52 32
52 41
52 10
52 26
52 81
52 97
52 63
52 91
52 47
52 66
52 83
52 46
52 82
52 37
52 44
52 19
52 15
52 13
52 56
52 85
52 20
52 64
52 60
52 62
52 2
52 71
52 59
73 28
73 99
73 4
73 44
73 56
73 20
73 16
73 71
73 1
73 61
73 19
73 31
73 69
73 65
73 38
73 62
73 13
73 83
73 97
73 85
73 66
73 7
73 26
73 0
73 46
73 76
73 10
20 12
20 43
20 99
20 4
20 24
20 93
20 19
20 61
20 35
20 63
20 15
20 46
20 31
20 37
20 44
20 47
20 7
20 6
20 39
20 42
20 64
20 38
20 41
20 83
20 94
20 71
20 77
20 1
20 82
20 28
20 97
20 74
20 2
20 3
20 26
20 65
66 94
66 84
66 27
66 33
66 43
66 4
66 24
66 44
66 83
66 97
66 31
66 39
66 2
66 3
66 0
66 6
66 12
66 16
66 41
66 76
66 46
66 35
66 56
66 19
66 61
66 10
66 13
66 42
66 93
66 59
66 65
4 84
4 33
4 28
4 1
4 34
4 24
4 0
4 2
4 81
4 35
4 93
4 16
4 91
4 99
4 26
4 44
4 12
4 63
4 69
4 77
4 46
4 80
4 39
4 60
4 62
4 3
4 7
4 41
4 32
6 69
6 27
6 82
6 12
6 37
6 1
6 24
6 93
6 44
6 35
6 15
6 56
6 85
6 97
6 64
6 81
6 60
6 71
6 3
6 41
6 47
6 10
6 84
6 74
6 28
6 0
6 13
6 21
6 99
6 32
6 76
10 94
10 84
10 21
10 69
10 34
10 28
10 37
10 61
10 35
10 15
10 13
10 39
10 60
10 46
10 76
10 47
10 32
10 44
10 12
10 63
10 81
10 83
10 93
10 91
10 24
10 1
10 92
10 31
10 42
10 64
10 97
10 65
10 43
10 78
10 41
10 26
10 59
61 21
61 42
61 69
61 33
61 28
61 1
61 43
61 27
61 84
61 78
61 3
61 46
61 32
61 85
61 80
61 44
61 19
61 60
61 92
61 47
61 35
61 65
61 13
61 56
61 31
61 2
61 71
61 7
61 26
61 0
61 76
61 63
7 94
7 21
7 27
7 33
7 28
7 1
7 99
7 35
7 15
7 83
7 13
7 31
7 64
7 60
7 2
7 74
7 91
7 85
7 34
7 41
7 37
7 26
7 16
7 93
7 78
7 77
7 80
84 94
84 26
84 41
84 93
84 31
84 15
84 3
84 85
84 33
84 38
84 39
84 78
84 28
84 81
84 62
84 60
84 83
84 24
84 74
84 47
84 16
84 92
84 0
84 12
84 21
84 69
84 27
84 82
84 43
84 35
84 13
84 91
84 46
3 33
3 34
3 37
3 1
3 24
3 19
3 15
3 83
3 13
3 56
3 97
3 16
3 39
3 2
3 71
3 69
3 59
3 74
3 81
3 42
3 27
3 65
3 35
3 38
3 62
3 28
3 41
3 78
3 91
3 26
3 46
3 76
3 92
46 82
46 1
46 44
46 35
46 77
46 13
46 31
46 64
46 39
46 74
46 81
46 60
46 0
46 41
46 76
46 43
46 32
46 59
46 91
46 38
46 63
46 97
46 93
46 37
46 33
46 34
46 65
46 78
46 92
94 41
94 93
94 0
94 83
94 12
94 26
94 27
94 21
94 64
94 77
94 65
94 60
94 39
94 35
94 47
94 16
94 2
94 63
94 43
94 69
94 28
94 37
94 1
94 99
94 44
94 13
94 85
94 31
94 74
94 62
94 78
94 92
41 21
41 34
41 37
41 99
41 15
41 97
41 60
41 62
41 2
41 26
41 0
41 32
41 44
41 69
41 83
41 93
41 78
41 16
41 63
41 38
41 47
41 65
93 21
93 42
93 69
93 35
93 33
93 15
93 43
93 1
93 64
93 92
93 80
93 63
93 78
93 56
93 81
93 37
93 38
93 39
93 74
93 62
93 91
93 0
93 47
93 32
93 59
0 33
0 12
0 99
0 24
0 44
0 19
0 15
0 77
0 97
0 74
0 2
0 71
0 91
0 56
0 26
0 83
0 69
0 37
0 34
0 16
0 64
0 92
83 27
83 33
83 82
83 24
83 19
83 77
83 85
83 35
83 38
83 26
83 81
83 60
83 71
83 56
83 91
83 37
83 92
83 76
83 32
83 69
83 63
83 78
12 69
12 34
12 32
12 56
12 27
12 35
12 77
12 1
12 44
12 2
12 81
12 76
12 60
12 38
12 74
12 19
12 31
12 91
12 47
12 92
12 63
26 69
26 82
26 1
26 99
26 19
26 97
26 16
26 64
26 81
26 35
26 37
26 63
26 15
26 71
26 78
26 44
26 28
26 80
26 62
26 42
26 76
26 59
27 32
27 85
27 82
27 65
27 33
27 60
27 71
27 59
27 97
27 78
27 56
27 34
27 64
27 39
27 31
27 37
27 21
27 92
27 13
27 28
27 44
27 19
27 77
27 16
27 91
27 76
27 47
21 65
21 32
21 92
21 99
21 13
21 76
21 81
21 38
21 1
21 82
21 71
21 33
21 43
21 16
21 78
21 28
21 69
21 85
21 62
21 59
64 34
64 82
64 44
64 77
64 16
64 80
64 42
64 60
64 15
64 35
64 19
64 43
64 69
64 38
64 56
64 39
64 62
64 47
64 32
64 78
64 59
64 92
77 82
77 37
77 44
77 47
77 59
77 42
77 28
77 15
77 69
77 56
77 1
77 63
77 62
77 2
77 76
77 16
77 13
77 97
77 74
77 60
77 38
77 32
65 69
65 33
65 37
65 99
65 24
65 15
65 85
65 16
65 80
65 39
65 74
65 81
65 60
65 71
65 32
65 97
65 76
65 63
65 19
65 78
60 69
60 34
60 82
60 28
60 37
60 16
60 80
60 39
60 81
60 31
60 1
60 63
60 24
60 42
60 59
60 74
60 99
60 38
60 62
60 15
60 56
60 19
60 32
39 42
39 69
39 34
39 37
39 24
39 15
39 13
39 97
39 80
39 33
39 62
39 76
39 99
39 31
39 47
39 59
39 35
39 91
39 82
39 2
39 81
39 32
35 82
35 37
35 43
35 19
35 28
35 91
35 33
35 38
35 24
35 80
35 78
35 76
35 81
35 85
35 62
35 97
35 16
35 31
35 74
35 2
35 32
47 42
47 82
47 28
47 1
47 43
47 99
47 24
47 44
47 56
47 85
47 97
47 80
47 74
47 81
47 62
47 13
47 69
47 63
47 59
16 34
16 43
16 99
16 15
16 92
16 32
16 63
16 80
16 59
16 74
16 42
16 31
16 81
16 91
16 78
2 42
2 82
2 37
2 1
2 99
2 44
2 56
2 85
2 92
2 34
2 28
2 33
2 31
2 74
2 63
2 59
2 71
2 91
2 76
63 69
63 37
63 1
63 43
63 44
63 15
63 13
63 56
63 85
63 31
63 74
63 81
63 78
63 28
63 62
63 32
63 76
43 42
43 33
43 28
43 37
43 1
43 92
43 80
43 74
43 38
43 32
43 69
43 85
43 59
43 62
43 15
43 82
43 24
43 19
43 56
43 31
76 42
76 33
76 34
76 82
76 1
76 99
76 44
76 13
76 56
76 85
76 81
76 71
76 91
76 62
76 80
76 19
76 92
76 38
76 78
28 34
28 82
28 62
28 13
28 80
28 74
28 37
28 24
28 99
28 31
28 42
28 59
28 97
28 44
28 19
28 15
28 81
28 32
33 42
33 80
33 15
33 92
33 32
33 1
33 99
33 91
33 81
33 19
33 34
33 82
33 24
33 44
33 13
33 62
85 37
85 1
85 99
85 24
85 78
85 82
85 74
85 81
85 71
85 34
85 15
85 32
85 42
85 69
85 31
85 80
85 62
85 59
85 92
37 19
37 97
37 82
37 92
37 59
37 91
37 99
37 80
37 1
37 24
37 56
37 31
37 71
82 80
82 34
82 56
82 97
82 71
82 99
82 42
82 13
82 81
82 19
82 91
82 1
82 62
82 24
82 31
82 32
82 59
1 69
1 34
1 19
1 71
1 97
1 91
1 80
1 38
1 59
1 31
1 13
1 44
1 81
99 69
99 97
99 34
99 24
99 32
99 38
99 44
99 31
99 74
99 62
99 71
99 78
99 59
34 42
34 69
34 92
34 13
34 62
34 32
34 80
34 24
34 44
34 97
34 74
34 38
19 44
19 42
19 56
19 81
19 15
19 31
19 74
19 62
19 71
19 32
19 78
19 59
31 24
31 44
31 13
31 97
31 74
31 32
31 15
31 62
31 91
31 38
31 78
15 69
15 24
15 44
15 80
15 38
15 42
15 97
15 13
15 32
15 62
15 71
15 56
15 59
38 42
38 97
38 81
38 74
38 32
38 69
38 91
78 24
78 13
78 56
78 62
78 71
78 59
78 74
78 92
78 42
78 69
81 13
81 56
81 97
81 91
81 59
81 92
81 71
81 62
81 32
62 44
62 74
62 80
62 13
62 91
62 97
62 24
62 32
24 69
24 44
24 71
24 32
24 59
24 80
24 56
24 74
24 13
74 13
74 56
74 80
74 44
74 71
74 92
92 13
92 56
92 71
92 32
92 59
92 91
32 13
32 97
32 80
32 91
32 69
13 69
13 44
13 42
13 59
13 80
13 56
13 97
71 69
71 44
71 56
69 97
69 80
69 44
69 56
42 97
42 56
56 44
56 91
56 97
56 59
97 44
97 80
44 91
44 59
80 59
80 91
59 91