0 29 32 33 51 56 76 1 27 38 79 2 4 13 40 41 52 70 77 3 47 53 63 5 31 39 6 12 28 46 50 57 7 17 83 8 14 44 54 66 9 22 65 67 10 34 61 64 69 72 86 11 16 84 94 80 15 62 73 90 95 26 85 42 60 99 18 19 81 20 71 89 21 30 23 87 97 24 37 25 78 48 75 58 68 92 35 55 36 96 98 91 43 45 49 59 93 74 82 88
0 29
0 32
0 33
0 51
0 56
0 76
29 13
29 56
29 57
29 76
29 84
32 12
32 23
32 44
32 69
32 77
33 22
33 40
33 78
33 87
33 90
33 95
51 55
51 69
51 74
51 85
56 18
56 19
56 64
76 23
76 31
76 37
76 64
76 70
76 73
76 91
76 96
1 27
1 38
1 79
27 5
27 16
27 41
38 18
38 90
79 10
79 34
79 62
79 64
79 80
79 84
79 90
2 4
2 13
2 40
2 41
2 52
2 70
2 77
4 53
4 63
13 15
13 22
13 28
13 44
13 62
13 72
13 73
13 80
13 90
13 94
13 95
40 8
40 25
40 69
40 90
40 92
40 98
41 30
41 52
41 77
41 86
52 36
52 54
52 69
52 75
70 16
70 31
70 42
70 45
70 46
70 64
70 84
77 18
77 39
77 60
77 75
77 85
3 47
47 22
47 25
47 53
47 85
47 94
53 50
53 87
53 96
63 78
5 31
5 39
31 14
31 25
31 58
31 68
31 92
39 15
39 78
39 87
6 12
6 28
6 46
6 50
6 57
12 80
12 83
28 10
28 14
28 16
28 48
28 65
28 84
28 89
46 16
46 49
46 87
50 42
50 45
50 75
57 21
57 60
57 80
57 92
57 93
7 17
7 83
17 15
17 73
17 99
83 24
83 81
8 14
8 44
8 54
8 66
14 26
14 72
44 10
44 16
44 55
44 66
44 95
44 97
54 26
54 78
54 82
54 84
66 21
66 88
9 22
9 65
9 67
22 30
22 71
22 84
65 49
65 62
65 71
65 92
65 98
67 19
10 34
10 61
10 64
10 69
10 72
10 86
34 16
34 58
61 16
61 24
61 30
61 42
61 60
61 84
64 16
64 85
64 94
69 62
69 82
69 91
69 98
86 23
86 42
86 74
86 98
11 16
11 84
11 94
16 42
16 60
16 85
84 21
84 36
84 45
84 99
94 24
94 59
94 96
80 74
15 85
62 81
62 87
73 68
73 92
90 30
95 42
95 87
95 93
95 97
85 78
42 25
42 91
99 20
99 71
99 87
19 81
81 48
81 59
20 71
20 89
71 30
71 78
71 87
71 91
89 78
30 75
23 87
23 97
24 37
37 55
37 96
25 78
78 74
48 36
48 59
48 93
75 74
75 88
58 36
68 35
68 49
68 74
92 49
35 55
36 96
98 43
91 45
43 45