0 4 21 26 27 28 29 30 31 32 33 34 35 36 37 38 39 40 41 42 43 44 45 46 47 1 2 48 49 50 51 52 53 54 55 56 57 58 59 60 61 62 63 64 65 3 9 66 67 68 69 70 71 72 73 74 75 76 77 78 79 80 81 82 83 84 6 85 86 87 88 89 90 91 92 93 94 95 96 97 98 99 10 5 7 22 8 16 11 13 12 15 25 24 14 19 17 20 18 23
0 4
0 21
0 26
0 27
0 28
0 29
0 30
0 31
0 32
0 33
0 34
0 35
0 36
0 37
0 38
0 39
0 40
0 41
0 42
0 43
0 44
0 45
0 46
0 47
4 9
4 10
4 29
4 67
21 23
21 43
21 61
21 81
21 96
26 1
27 2
28 3
30 6
31 7
32 8
33 9
34 10
35 11
36 12
37 13
38 15
39 17
40 18
41 19
42 20
44 22
45 23
46 24
47 25
1 2
1 48
1 49
1 50
1 51
1 52
1 53
1 54
1 55
1 56
1 57
1 58
1 59
1 60
1 61
1 62
1 63
1 64
1 65
2 3
2 9
2 66
2 67
2 68
2 69
2 70
2 71
2 72
2 73
2 74
2 75
2 76
2 77
2 78
2 79
2 80
2 81
2 82
2 83
2 84
48 3
49 5
50 6
51 7
52 8
53 9
54 10
55 11
56 13
57 15
58 16
59 17
60 19
62 22
63 23
64 24
65 25
3 6
3 66
3 85
3 86
3 87
3 88
3 89
3 90
3 91
3 92
3 93
3 94
3 95
3 96
3 97
3 98
3 99
9 72
68 5
69 6
70 7
71 8
73 10
74 11
75 15
76 16
77 17
78 18
79 19
80 20
82 22
83 23
84 24
6 85
86 7
87 10
88 11
89 13
90 14
91 15
92 16
93 18
94 19
95 20
97 22
98 23
99 24
5 7
5 22
22 18
22 25
8 16
16 15
11 13
13 24
12 15
12 25
15 19
25 20
25 24
14 19
17 20
18 23