0 52 15 55 26 58 41 36 20 51 73 50 71 29 70 62 53 6 33 21 56 42 16 44 69 12 32 23 2 28 11 37 66 39 67 40 48 14 27 1 43 24 13 46 9 17 60 64 5 30 34 47 45 49 54 25 61 74 22 19 63 8 59 65 35 3 7 10 72 31 57 4 68 18 38
0 52
52 47
52 43
52 10
52 9
52 29
15 64
15 19
55 54
26 10
58 68
58 49
41 13
36 9
20 53
51 18
73 64
50 29
50 46
71 19
29 13
29 66
70 49
70 1
70 18
62 45
62 49
53 60
53 57
53 48
53 7
6 3
33 4
21 74
21 32
56 49
56 54
42 49
42 37
42 44
16 64
16 28
44 39
69 23
69 22
12 65
32 5
2 54
11 63
37 13
37 67
37 65
39 22
39 34
67 27
67 5
40 60
14 72
27 61
43 8
24 46
13 63
17 25
60 59
64 57
30 57
45 4
49 19
25 19
22 38
63 31
63 35
63 3
72 68