0 1 2 3 4 5 6 7 8 9 10 11 12 13 14 15 16 17 18 19 20 21 22 23 24 25 26 27 28 29 30 31 32 33 34 35 36 37 38 39 40 41 42 43 44 45 46 47 48 49 50 51 52 53 54 55 56 57 58 59 60 61 62 63 64 65 66 67 68 69 70 71 72 73 74 75 76 77 78 79 80 81 82 83 84 85 86 87 88 89 90 91 92 93 94 95 96 97 98
0 33
0 3
0 34
1 36
1 17
2 38
2 37
2 30
2 5
3 39
3 14
3 40
4 41
4 16
4 25
4 42
5 44
5 43
5 23
5 13
6 46
6 21
6 45
7 47
7 48
7 22
8 49
8 50
9 52
9 14
10 53
10 54
10 25
11 55
11 56
12 17
12 58
12 57
12 19
12 27
13 60
13 59
14 61
14 16
14 62
15 63
15 29
16 65
17 67
17 24
17 68
18 69
18 70
19 72
19 71
20 73
20 74
20 28
21 76
21 75
21 26
22 78
22 31
22 77
24 82
25 84
25 26
25 83
27 87
27 88
27 32
28 90
29 91
29 92
30 93
31 96
32 97
32 98
33 35
42 44
46 48
49 51
50 52
54 56
57 59
61 63
62 64
66 68
70 72
74 76
77 79
78 80
81 83
85 87
86 88
89 91
93 95
94 96