0 30 61 79 80 84 1 28 64 67 72 87 2 5 13 55 66 85 3 8 23 31 63 89 4 7 9 45 52 65 44 90 6 12 54 92 22 41 46 40 50 69 86 10 29 39 88 11 14 60 91 25 77 19 71 17 73 78 15 21 27 16 43 49 36 18 38 81 47 20 42 82 37 48 33 56 70 24 74 68 26 58 62 57 83 32 34 75 35 51 76 53 59
0 30
0 61
0 79
0 80
0 84
30 6
30 13
30 16
30 62
61 12
61 15
61 46
61 48
79 51
79 82
79 86
79 90
80 13
80 43
80 75
80 76
84 25
84 26
84 40
84 42
1 28
1 64
1 67
1 72
1 87
28 36
28 52
28 57
28 58
64 11
64 14
64 22
64 72
67 63
67 68
67 81
67 85
72 74
72 87
72 91
87 33
87 59
87 89
2 5
2 13
2 55
2 66
2 85
5 8
5 44
5 52
5 90
13 19
13 71
55 27
55 39
55 58
55 59
66 47
66 56
66 57
66 76
85 7
85 24
85 26
3 8
3 23
3 31
3 63
3 89
8 22
8 41
8 46
23 29
23 36
23 41
23 70
31 32
31 39
31 40
31 44
63 15
63 17
63 77
89 6
89 7
89 24
4 7
4 9
4 45
4 52
4 65
7 44
7 92
9 40
9 50
9 69
9 86
45 50
45 65
45 73
45 92
52 25
52 33
65 20
65 34
65 41
44 10
44 38
90 11
90 42
90 59
6 12
6 54
6 92
12 25
12 77
12 92
54 20
54 32
54 68
54 77
92 76
22 33
22 56
22 60
41 71
41 76
46 10
46 24
46 81
40 18
40 38
50 38
50 48
50 56
69 19
69 33
69 53
69 57
86 18
86 29
86 82
10 29
10 39
10 88
29 24
29 83
39 20
39 21
88 70
11 14
11 60
11 91
14 17
14 73
14 78
60 19
60 34
60 37
91 18
91 35
91 68
25 43
25 68
77 16
77 53
19 47
19 81
71 51
71 53
71 57
17 15
17 36
17 49
73 48
73 62
73 70
78 16
78 43
78 47
78 74
15 21
15 27
21 37
21 47
21 48
27 26
27 49
27 62
16 43
16 49
43 74
49 35
49 38
36 34
36 83
18 38
18 81
81 26
47 35
20 42
20 82
42 34
42 70
82 35
82 62
37 32
37 51
37 75
48 83
33 32
56 59
56 74
70 62
24 74
68 75
26 58
58 51
58 75
57 76
83 32
83 35
34 75
51 53
53 59