0 5 8 10 15 17 19 27 28 33 34 37 46 47 49 50 1 6 7 9 13 18 21 24 25 30 54 56 60 66 67 69 84 85 2 26 41 57 92 3 16 29 38 70 75 77 80 4 11 12 14 42 51 76 96 97 20 22 23 48 53 62 99 35 36 44 65 73 88 94 98 43 59 61 82 31 39 32 55 86 52 72 83 89 95 93 40 71 68 78 63 45 90 91 58 79 64 81 87 74
0 27
0 33
0 47
0 50
5 22
5 14
5 46
8 1
8 11
10 19
15 12
15 14
15 18
17 63
17 67
17 16
19 98
19 90
28 43
33 25
33 26
33 43
33 44
33 80
34 13
37 20
49 59
1 7
1 13
1 84
6 65
6 44
6 98
6 35
6 94
9 20
9 55
9 13
9 48
9 23
13 61
13 85
18 68
21 53
21 66
21 70
21 60
24 88
24 23
25 36
25 79
30 45
30 20
54 58
54 59
54 96
56 48
60 22
67 20
69 16
2 92
2 26
26 64
26 42
26 83
41 99
57 35
3 77
29 72
38 52
75 87
75 4
77 20
4 12
4 97
4 76
11 99
11 32
12 35
12 31
14 89
42 40
51 63
20 39
20 91
23 95
62 81
62 73
99 35
43 82
59 61
61 86
32 78
32 93
52 79
52 81
72 90
40 74
71 78