0 1 2 3 4 5 6 7 8 9 10 11 12 13 14 15 16 17 18 19 20 21 22 23 24 25 26 27 28 29 30 31 32 33 34 35 36 37 38 39 40 41 42 43 44 45 46 47 48 49 50 51 52 53 54 55 56 57 58 59 60 61 62 63 64 65 66 67 68 69 70 71 72 73 74 75 76 77 78 79 80 81 82 83 84 85 86 87 88 89 90 91 92 93 94 95 96 97 98
0 12
0 25
0 11
1 5
1 35
1 17
1 36
2 38
2 26
2 37
3 39
3 40
3 32
4 41
4 20
4 9
4 10
5 44
5 14
5 28
5 6
6 31
7 48
7 47
7 11
8 49
8 18
8 50
9 51
9 52
9 22
11 56
11 55
12 27
12 57
13 59
13 60
13 20
14 26
14 61
15 63
15 64
15 21
16 65
16 66
17 68
17 67
18 70
18 69
18 29
19 28
19 71
20 25
20 73
21 76
22 24
22 77
23 27
23 26
23 79
23 80
24 82
25 84
25 83
25 30
26 86
26 85
27 87
27 88
29 92
29 91
30 93
31 96
31 95
32 97
32 98
33 35
34 36
38 40
41 43
42 44
45 47
46 48
49 51
53 55
54 56
58 60
61 63
62 64
66 68
70 72
73 75
74 76
78 80
81 83
89 91
90 92
94 96