0 1 2 3 4 5 6 7 8 9 10 11 12 13 14 15 16 17 18 19 20 21 22 23 24 25 26 27 28 29 30 31 32 33 34 35 36 37 38 39 40 41 42 43 44 45 46 47 48 49 50 51 52 53 54 55 56 57 58 59 60 61 62 63 64 65 66 67 68 69 70 71 72 73 74 75 76 77 78 79 80 81 82 83 84 85 86 87 88 89 90 91 92 93 94 95 96 97 98 99
0 3
0 10
0 16
0 29
1 19
2 87
2 47
2 82
3 4
5 18
6 26
6 29
7 66
8 63
8 98
8 60
8 12
9 70
9 37
9 86
10 38
11 13
11 73
11 30
12 38
12 88
12 17
12 68
13 62
14 67
14 51
15 51
15 93
17 49
18 44
19 24
19 71
20 34
20 55
20 43
21 33
21 53
21 67
22 85
23 78
25 51
25 96
25 94
27 86
28 90
31 62
32 69
33 69
33 95
34 96
35 79
35 69
36 72
36 56
36 42
36 64
36 74
38 85
39 81
39 51
40 69
40 63
40 80
40 54
41 42
44 92
45 90
45 65
46 63
48 54
49 66
50 87
52 66
52 91
53 99
55 76
56 60
57 74
57 77
58 61
58 63
58 90
59 67
62 90
62 84
64 75
70 78
70 88
71 89
83 87
83 96
85 97
88 89
92 95