0 2 3 4 9 10 11 15 19 20 21 22 27 28 29 32 33 35 36 37 41 43 44 46 49 52 53 54 57 59 62 64 67 68 69 71 72 73 75 76 79 81 83 84 85 87 88 92 93 94 98 99 1 12 13 16 18 24 38 39 45 48 51 55 61 63 65 74 77 78 80 82 89 7 8 23 34 58 95 96 97 5 6 17 25 30 42 50 66 70 90 91 26 31 40 60 56 86 47 14
0 2
0 3
0 4
0 9
0 10
0 11
0 15
0 19
0 20
0 21
0 22
0 27
0 28
0 29
0 32
0 33
0 35
0 36
0 37
0 41
0 43
0 44
0 46
0 49
0 52
0 53
0 54
0 57
0 59
0 62
0 64
0 67
0 68
0 69
0 71
0 72
0 73
0 75
0 76
0 79
0 81
0 83
0 84
0 85
0 87
0 88
0 92
0 93
0 94
0 98
0 99
2 1
2 3
2 4
2 7
2 8
2 9
2 11
2 12
2 16
2 19
2 20
2 21
2 22
2 23
2 29
2 33
2 34
2 36
2 39
2 41
2 43
2 44
2 46
2 48
2 49
2 52
2 54
2 58
2 59
2 63
2 64
2 71
2 72
2 73
2 76
2 77
2 83
2 84
2 87
2 88
2 92
2 95
2 96
2 97
3 5
3 6
3 11
3 13
3 15
3 16
3 17
3 18
3 20
3 23
3 24
3 25
3 28
3 29
3 30
3 33
3 35
3 36
3 38
3 41
3 42
3 44
3 50
3 51
3 52
3 62
3 63
3 64
3 65
3 66
3 67
3 68
3 69
3 70
3 73
3 76
3 79
3 80
3 81
3 82
3 83
3 87
3 88
3 90
3 91
3 93
3 94
3 95
3 97
3 99
4 5
4 6
4 15
4 17
4 22
4 23
4 25
4 26
4 28
4 31
4 32
4 33
4 36
4 40
4 43
4 44
4 45
4 46
4 51
4 54
4 55
4 59
4 60
4 61
4 62
4 63
4 64
4 65
4 67
4 68
4 69
4 75
4 76
4 77
4 78
4 81
4 82
4 84
4 88
4 89
4 91
4 94
4 96
4 98
9 6
9 7
9 10
9 11
9 12
9 16
9 21
9 26
9 28
9 29
9 31
9 35
9 44
9 46
9 49
9 51
9 53
9 56
9 58
9 62
9 63
9 65
9 67
9 68
9 71
9 72
9 77
9 78
9 79
9 82
9 86
9 88
9 91
9 92
9 95
9 96
9 99
10 5
10 11
10 12
10 14
10 15
10 21
10 22
10 24
10 25
10 26
10 28
10 30
10 31
10 33
10 34
10 35
10 37
10 41
10 42
10 43
10 45
10 46
10 50
10 51
10 52
10 56
10 59
10 60
10 62
10 64
10 71
10 72
10 73
10 74
10 75
10 78
10 81
10 84
10 85
10 86
10 88
10 89
10 91
10 92
11 5
11 8
11 14
11 15
11 21
11 26
11 29
11 31
11 32
11 35
11 37
11 38
11 40
11 43
11 44
11 48
11 49
11 52
11 56
11 57
11 63
11 65
11 66
11 69
11 71
11 72
11 78
11 79
11 80
11 82
11 84
11 86
11 87
11 89
11 94
11 95
11 97
11 99
15 1
15 7
15 8
15 12
15 13
15 14
15 21
15 24
15 25
15 26
15 27
15 28
15 29
15 30
15 31
15 39
15 40
15 50
15 52
15 53
15 54
15 59
15 60
15 61
15 62
15 63
15 64
15 65
15 66
15 68
15 70
15 71
15 72
15 73
15 75
15 76
15 78
15 86
15 87
15 89
15 90
15 92
15 93
15 97
15 98
19 5
19 7
19 12
19 13
19 14
19 17
19 18
19 21
19 23
19 24
19 25
19 27
19 28
19 29
19 30
19 33
19 34
19 35
19 36
19 39
19 40
19 41
19 43
19 45
19 47
19 52
19 54
19 58
19 59
19 62
19 63
19 64
19 68
19 69
19 70
19 72
19 73
19 75
19 76
19 78
19 79
19 80
19 81
19 82
19 84
19 86
19 87
19 88
19 90
19 91
19 93
19 95
19 98
20 5
20 6
20 7
20 8
20 12
20 14
20 16
20 17
20 21
20 23
20 25
20 26
20 27
20 31
20 32
20 33
20 34
20 35
20 40
20 45
20 46
20 47
20 50
20 51
20 56
20 57
20 60
20 61
20 64
20 67
20 70
20 73
20 76
20 79
20 80
20 82
20 85
20 91
20 92
20 95
20 96
20 99
21 1
21 16
21 17
21 22
21 30
21 31
21 36
21 37
21 41
21 43
21 45
21 49
21 50
21 55
21 60
21 63
21 66
21 67
21 68
21 69
21 70
21 71
21 74
21 77
21 78
21 79
21 80
21 81
21 82
21 85
21 86
21 90
21 91
21 93
21 97
21 98
21 99
22 1
22 5
22 6
22 7
22 12
22 16
22 17
22 23
22 26
22 27
22 32
22 36
22 37
22 39
22 43
22 44
22 48
22 51
22 52
22 53
22 54
22 56
22 57
22 59
22 60
22 61
22 62
22 63
22 66
22 70
22 71
22 72
22 74
22 75
22 76
22 79
22 82
22 85
22 87
22 91
22 93
22 95
22 97
22 99
27 7
27 14
27 17
27 18
27 23
27 24
27 25
27 28
27 29
27 31
27 33
27 34
27 36
27 39
27 46
27 47
27 48
27 50
27 54
27 57
27 59
27 61
27 64
27 77
27 78
27 79
27 81
27 84
27 85
27 88
27 89
27 91
27 94
27 97
28 5
28 8
28 12
28 13
28 16
28 18
28 25
28 26
28 30
28 33
28 36
28 38
28 39
28 41
28 42
28 43
28 45
28 46
28 48
28 49
28 50
28 51
28 53
28 55
28 58
28 59
28 60
28 61
28 66
28 67
28 68
28 69
28 72
28 74
28 76
28 83
28 84
28 85
28 87
28 89
28 93
28 94
28 95
28 97
28 98
28 99
29 1
29 12
29 13
29 14
29 23
29 25
29 26
29 31
29 32
29 34
29 37
29 39
29 40
29 42
29 43
29 44
29 46
29 47
29 51
29 52
29 53
29 54
29 55
29 57
29 62
29 64
29 66
29 67
29 69
29 70
29 71
29 76
29 78
29 80
29 86
29 88
29 91
29 93
29 96
29 97
29 98
29 99
32 1
32 5
32 6
32 7
32 8
32 12
32 13
32 18
32 30
32 31
32 34
32 35
32 36
32 37
32 40
32 46
32 51
32 53
32 56
32 57
32 62
32 64
32 65
32 66
32 67
32 71
32 72
32 74
32 75
32 76
32 77
32 79
32 81
32 85
32 88
32 89
32 90
32 91
32 92
32 94
32 98
32 99
33 1
33 6
33 8
33 14
33 17
33 18
33 25
33 26
33 31
33 34
33 37
33 39
33 41
33 45
33 46
33 51
33 52
33 53
33 56
33 58
33 60
33 61
33 63
33 65
33 67
33 68
33 69
33 72
33 73
33 75
33 77
33 78
33 81
33 83
33 85
33 86
33 89
33 94
33 96
33 97
35 1
35 12
35 13
35 14
35 16
35 36
35 38
35 39
35 41
35 44
35 45
35 47
35 49
35 50
35 52
35 53
35 55
35 60
35 64
35 66
35 67
35 68
35 72
35 73
35 74
35 75
35 78
35 79
35 80
35 83
35 85
35 86
35 88
35 89
35 90
35 91
35 92
35 95
35 96
35 97
35 98
36 5
36 6
36 16
36 26
36 30
36 31
36 34
36 37
36 39
36 40
36 41
36 43
36 48
36 50
36 51
36 52
36 53
36 55
36 57
36 59
36 65
36 68
36 75
36 76
36 77
36 78
36 81
36 83
36 84
36 87
36 89
36 90
36 91
36 92
36 93
36 95
36 96
36 97
36 99
37 1
37 8
37 14
37 23
37 24
37 26
37 30
37 34
37 41
37 43
37 44
37 48
37 49
37 51
37 52
37 55
37 57
37 60
37 62
37 64
37 67
37 70
37 73
37 80
37 81
37 82
37 83
37 85
37 86
37 87
37 90
37 91
37 92
37 96
37 97
37 98
37 99
41 5
41 12
41 14
41 23
41 25
41 31
41 40
41 43
41 48
41 50
41 59
41 60
41 61
41 65
41 68
41 71
41 72
41 73
41 78
41 79
41 82
41 84
41 85
41 87
41 89
41 91
41 92
41 93
41 99
43 1
43 6
43 12
43 13
43 14
43 17
43 18
43 25
43 30
43 38
43 39
43 40
43 44
43 45
43 46
43 47
43 49
43 52
43 53
43 55
43 58
43 59
43 60
43 62
43 63
43 64
43 66
43 68
43 69
43 70
43 71
43 73
43 79
43 80
43 82
43 83
43 86
43 88
43 93
43 94
43 95
43 97
43 99
44 1
44 6
44 8
44 12
44 14
44 16
44 17
44 18
44 23
44 30
44 38
44 39
44 42
44 45
44 47
44 52
44 54
44 55
44 58
44 59
44 63
44 64
44 66
44 67
44 69
44 72
44 73
44 77
44 78
44 79
44 82
44 85
44 86
44 89
44 91
44 96
44 99
46 1
46 12
46 14
46 16
46 24
46 25
46 38
46 42
46 47
46 48
46 49
46 50
46 53
46 56
46 64
46 68
46 71
46 73
46 76
46 78
46 79
46 83
46 84
46 87
46 89
46 90
46 91
46 94
46 99
49 6
49 7
49 8
49 18
49 23
49 25
49 26
49 34
49 38
49 40
49 45
49 47
49 50
49 51
49 53
49 54
49 59
49 61
49 64
49 67
49 75
49 79
49 80
49 81
49 82
49 83
49 85
49 88
49 89
49 91
49 93
49 95
49 98
49 99
52 5
52 6
52 7
52 14
52 16
52 17
52 18
52 23
52 24
52 30
52 34
52 38
52 39
52 45
52 47
52 48
52 54
52 62
52 63
52 66
52 71
52 73
52 74
52 75
52 78
52 80
52 81
52 84
52 85
52 89
52 91
52 92
52 95
53 1
53 7
53 8
53 16
53 23
53 26
53 30
53 39
53 40
53 45
53 51
53 54
53 56
53 57
53 58
53 60
53 62
53 63
53 64
53 66
53 67
53 69
53 70
53 72
53 74
53 76
53 77
53 80
53 82
53 83
53 85
53 86
53 87
53 90
53 93
53 94
53 98
54 1
54 5
54 6
54 7
54 12
54 14
54 18
54 23
54 24
54 25
54 38
54 40
54 42
54 50
54 58
54 62
54 64
54 65
54 66
54 68
54 72
54 73
54 75
54 77
54 78
54 80
54 82
54 84
54 85
54 90
54 92
54 94
54 95
54 96
54 98
57 5
57 6
57 7
57 16
57 18
57 25
57 26
57 30
57 39
57 40
57 42
57 48
57 51
57 61
57 62
57 64
57 67
57 69
57 70
57 72
57 74
57 80
57 83
57 84
57 86
57 88
57 90
57 92
57 94
57 95
59 1
59 5
59 7
59 12
59 13
59 16
59 17
59 18
59 25
59 26
59 30
59 31
59 38
59 39
59 40
59 42
59 60
59 62
59 66
59 69
59 70
59 71
59 72
59 73
59 76
59 80
59 81
59 82
59 84
59 85
59 87
59 94
59 95
59 98
62 1
62 5
62 6
62 7
62 13
62 16
62 24
62 30
62 31
62 34
62 38
62 39
62 42
62 58
62 61
62 63
62 64
62 66
62 68
62 69
62 74
62 76
62 78
62 79
62 80
62 82
62 83
62 84
62 85
62 89
62 91
62 92
62 93
62 98
64 6
64 7
64 8
64 12
64 13
64 14
64 16
64 17
64 18
64 24
64 25
64 31
64 34
64 38
64 40
64 45
64 48
64 50
64 55
64 58
64 66
64 67
64 70
64 82
64 87
64 91
67 1
67 5
67 7
67 14
67 17
67 24
67 25
67 30
67 38
67 40
67 45
67 47
67 48
67 58
67 61
67 63
67 65
67 66
67 69
67 71
67 73
67 74
67 75
67 77
67 78
67 85
67 86
67 89
67 90
67 91
67 92
67 93
67 98
67 99
68 1
68 6
68 7
68 13
68 14
68 16
68 17
68 18
68 23
68 24
68 26
68 30
68 34
68 39
68 45
68 48
68 56
68 61
68 63
68 65
68 66
68 72
68 73
68 75
68 86
68 87
68 88
68 90
68 95
68 96
68 97
69 1
69 7
69 8
69 12
69 13
69 25
69 26
69 31
69 42
69 45
69 48
69 58
69 74
69 76
69 78
69 81
69 84
69 85
69 90
69 91
69 95
69 97
69 98
71 6
71 7
71 8
71 13
71 14
71 16
71 17
71 18
71 23
71 24
71 38
71 40
71 51
71 55
71 60
71 65
71 66
71 73
71 76
71 77
71 78
71 79
71 81
71 82
71 87
71 88
71 89
71 94
72 5
72 8
72 13
72 14
72 30
72 38
72 42
72 45
72 56
72 58
72 60
72 61
72 73
72 77
72 78
72 81
72 82
72 86
72 94
72 96
72 98
73 1
73 8
73 12
73 14
73 18
73 25
73 26
73 30
73 31
73 39
73 51
73 55
73 56
73 60
73 63
73 65
73 74
73 75
73 77
73 79
73 80
73 81
73 82
73 83
73 86
73 87
73 88
73 94
73 95
73 96
75 5
75 6
75 7
75 13
75 16
75 17
75 23
75 25
75 34
75 39
75 47
75 48
75 50
75 55
75 56
75 63
75 70
75 77
75 81
75 82
75 83
75 85
75 87
75 90
75 92
75 94
75 95
75 98
75 99
76 1
76 6
76 7
76 8
76 12
76 13
76 14
76 23
76 26
76 34
76 38
76 40
76 45
76 47
76 48
76 50
76 55
76 56
76 60
76 61
76 63
76 65
76 70
76 80
76 83
76 85
76 86
76 90
76 91
76 94
76 96
79 1
79 6
79 7
79 13
79 16
79 25
79 26
79 34
79 38
79 39
79 45
79 47
79 50
79 51
79 55
79 56
79 61
79 63
79 82
79 83
79 84
79 85
79 86
79 88
79 90
79 92
79 96
79 97
79 99
81 1
81 6
81 13
81 17
81 23
81 34
81 38
81 40
81 45
81 55
81 58
81 60
81 61
81 63
81 65
81 70
81 77
81 82
81 83
81 85
81 86
81 90
81 91
81 92
81 93
81 95
81 96
81 97
81 99
83 1
83 6
83 8
83 16
83 18
83 23
83 24
83 25
83 26
83 31
83 34
83 39
83 45
83 47
83 50
83 61
83 63
83 70
83 77
83 78
83 80
83 82
83 85
83 89
83 90
83 93
83 94
83 95
83 98
83 99
84 7
84 13
84 14
84 18
84 24
84 25
84 26
84 39
84 42
84 48
84 50
84 51
84 55
84 56
84 61
84 66
84 70
84 74
84 78
84 86
84 87
84 91
84 93
84 94
84 95
84 97
84 98
84 99
85 1
85 5
85 6
85 7
85 14
85 16
85 26
85 30
85 31
85 39
85 40
85 45
85 47
85 50
85 55
85 58
85 60
85 61
85 63
85 70
85 80
85 82
85 90
85 91
85 92
85 95
85 96
85 97
85 98
87 1
87 8
87 14
87 17
87 23
87 24
87 26
87 30
87 31
87 34
87 39
87 42
87 48
87 50
87 55
87 61
87 66
87 74
87 77
87 80
87 82
87 86
87 91
87 92
87 93
87 98
88 5
88 8
88 16
88 17
88 18
88 23
88 24
88 25
88 26
88 30
88 38
88 39
88 40
88 42
88 45
88 47
88 55
88 56
88 58
88 60
88 63
88 70
88 77
88 80
88 82
88 90
88 91
88 94
88 96
88 97
88 98
92 1
92 5
92 6
92 7
92 8
92 16
92 17
92 25
92 26
92 38
92 39
92 42
92 45
92 50
92 51
92 56
92 58
92 63
92 66
92 70
92 74
92 77
92 95
93 6
93 8
93 14
93 16
93 24
93 26
93 31
93 38
93 39
93 45
93 47
93 51
93 61
93 66
93 70
93 78
93 86
93 91
93 98
94 1
94 6
94 7
94 12
94 13
94 26
94 40
94 51
94 55
94 61
94 63
94 74
94 78
94 80
94 91
94 95
94 96
94 97
94 98
98 1
98 6
98 7
98 12
98 23
98 31
98 38
98 40
98 42
98 47
98 51
98 56
98 60
98 61
98 65
98 70
98 78
98 80
98 86
98 96
98 99
99 5
99 6
99 7
99 12
99 18
99 23
99 25
99 26
99 30
99 34
99 38
99 39
99 45
99 47
99 48
99 51
99 58
99 60
99 61
99 65
99 66
99 74
99 78
99 82
99 89
99 90
99 95
99 96
99 97
1 12
1 13
1 16
1 18
1 24
1 38
1 39
1 45
1 48
1 51
1 55
1 61
1 63
1 65
1 74
1 77
1 78
1 80
1 82
1 89
12 5
12 6
12 7
12 8
12 14
12 18
12 34
12 42
12 48
12 50
12 51
12 60
12 61
12 63
12 65
12 74
12 77
12 80
12 82
12 97
13 6
13 8
13 14
13 18
13 24
13 25
13 26
13 30
13 31
13 40
13 42
13 48
13 50
13 51
13 60
13 61
13 65
13 77
13 82
13 86
13 89
13 91
13 95
13 96
13 97
16 6
16 7
16 8
16 14
16 18
16 23
16 25
16 26
16 30
16 34
16 38
16 40
16 45
16 55
16 56
16 58
16 61
16 65
16 66
16 82
16 97
18 5
18 8
18 17
18 24
18 25
18 30
18 38
18 40
18 45
18 47
18 50
18 51
18 55
18 56
18 58
18 65
18 77
18 78
18 80
18 82
18 89
18 90
18 91
18 96
24 6
24 8
24 26
24 39
24 45
24 47
24 51
24 61
24 65
24 74
24 78
24 89
24 91
24 96
24 97
38 5
38 7
38 17
38 26
38 30
38 31
38 39
38 45
38 51
38 55
38 56
38 60
38 61
38 65
38 66
38 70
38 74
38 80
38 82
38 86
38 95
38 97
39 6
39 7
39 17
39 23
39 25
39 47
39 51
39 55
39 58
39 60
39 61
39 65
39 80
39 90
39 95
39 97
45 5
45 6
45 17
45 23
45 31
45 40
45 51
45 55
45 56
45 58
45 65
45 77
45 80
45 90
45 91
45 95
45 96
45 97
48 5
48 8
48 30
48 31
48 34
48 42
48 47
48 70
48 74
48 77
48 90
51 14
51 23
51 26
51 30
51 40
51 47
51 50
51 58
51 63
51 65
51 70
51 78
51 80
51 82
51 86
51 91
51 97
55 8
55 14
55 17
55 26
55 31
55 40
55 50
55 58
55 60
55 61
55 63
55 65
55 66
55 70
55 74
55 77
55 78
55 82
55 90
55 91
55 95
55 96
61 7
61 8
61 17
61 23
61 26
61 31
61 34
61 40
61 47
61 56
61 65
61 86
61 95
61 96
61 97
63 5
63 6
63 7
63 17
63 23
63 25
63 30
63 31
63 34
63 56
63 58
63 60
63 66
63 86
63 89
63 90
65 5
65 8
65 17
65 42
65 56
65 60
65 70
65 77
65 78
65 80
65 82
65 86
65 90
65 95
65 96
74 6
74 7
74 8
74 17
74 34
74 42
74 47
74 50
74 56
74 60
74 78
74 80
74 90
74 91
74 95
74 97
77 5
77 8
77 14
77 25
77 30
77 34
77 47
77 60
77 66
77 82
77 86
77 89
77 91
77 95
78 5
78 6
78 7
78 14
78 17
78 30
78 31
78 50
78 66
78 70
78 80
78 82
78 86
78 89
78 91
78 95
80 5
80 6
80 7
80 8
80 14
80 17
80 31
80 34
80 47
80 50
80 58
80 66
80 82
80 86
80 89
80 90
80 96
82 5
82 8
82 17
82 30
82 31
82 34
82 40
82 47
82 50
82 89
82 90
82 91
89 5
89 7
89 8
89 14
89 26
89 30
89 34
89 40
89 42
89 47
89 56
89 58
89 66
89 90
89 96
7 5
7 6
7 8
7 14
7 25
7 26
7 31
7 34
7 40
7 47
7 56
7 86
7 90
7 91
8 5
8 14
8 17
8 26
8 30
8 47
8 50
8 90
8 95
8 97
23 17
23 40
23 56
23 66
23 90
23 91
34 6
34 25
34 47
34 56
34 60
34 66
34 90
58 5
58 25
58 40
58 42
58 47
58 70
58 86
58 97
95 25
95 40
95 42
95 56
95 97
96 5
96 6
96 14
96 17
96 25
96 30
96 47
96 56
96 90
97 5
97 6
97 14
97 25
97 26
97 30
97 31
97 47
97 60
97 66
97 70
97 90
5 6
5 25
5 26
5 31
5 42
5 50
5 56
5 66
5 86
6 25
6 30
6 40
6 42
6 47
6 56
6 60
6 70
6 86
6 90
17 26
17 31
17 40
17 47
17 50
17 60
17 66
17 70
17 90
17 91
25 26
25 30
25 31
25 40
25 42
25 60
25 66
25 91
30 31
30 40
30 56
30 66
30 70
30 86
42 26
42 56
42 60
42 90
50 14
50 70
50 86
66 14
66 26
66 31
66 56
66 70
66 86
66 90
66 91
70 31
70 56
70 91
90 31
90 56
90 60
91 26
91 40
91 47
91 86
26 14
26 31
26 47
31 40
31 60
31 86
40 47
40 60
60 47
60 86
56 14
56 47
56 86