0 1 10 2 3 4 5 6 14 7 8 9 19 11 20 12 13 15 16 27 17 18 29 21 30 22 23 31 24 25 26 28 39 40 32 33 34 35 36 37 49 38 41 50 42 43 44 45 46 51 47 48 59 60 52 53 54 55 56 65 57 58 69 61 70 62 63 64 66 67 77 68 79 71 80 72 73 74 75 76 78 89 81 90 82 83 84 85 86 87 99 88 91 92 93 94 95 96 97 98
0 1
0 10
1 2
10 11
10 20
2 3
3 4
4 5
5 6
5 14
6 7
14 13
14 15
7 8
8 9
9 19
19 18
19 29
11 12
20 21
20 30
12 13
15 16
15 27
16 17
27 26
27 28
17 18
29 28
29 39
21 22
30 31
30 40
22 23
22 31
23 24
31 32
24 25
25 26
39 38
39 49
40 41
40 50
32 33
34 35
35 36
36 37
36 49
37 38
49 48
49 59
41 42
50 51
50 60
42 43
43 44
44 45
45 46
45 51
46 47
51 52
47 48
59 58
59 69
60 61
60 70
52 53
53 54
54 55
55 56
55 65
56 57
65 64
65 66
57 58
69 68
69 79
61 62
70 71
70 80
62 63
63 64
66 67
66 77
67 68
77 76
77 78
79 78
79 89
71 72
80 73
80 81
80 90
72 73
73 74
75 76
89 88
89 99
81 82
90 91
82 83
83 84
84 85
85 86
86 87
86 99
87 88
99 98
91 92
92 93
93 94
94 95
95 96
96 97
97 98