79 12 96 40 29 74 37 60 38 91 76 6 39 89 10 52 54 15 65 82 42 97 80 8 88 17 7 55 98 77 99 3 21 67 57 78 48 83 56 49 68 50 81 41 24 19 28 64 46 18 1 43 51 75 66 9 20 73 71 44 59 27 72 36 95 25 58 30 0 16 90 61 92 23 62 2 47 34 35 45 53 85 33 11 86 93 26 94 87 31 32 13 22 4 69 70 5 14 84 63
79 12
79 29
79 37
79 76
79 65
79 1
79 50
79 4
79 24
79 67
79 77
12 96
12 60
12 91
12 22
12 67
12 32
12 15
12 77
12 87
12 66
12 51
96 40
96 39
96 52
96 7
96 9
96 2
96 23
96 21
96 26
40 77
40 71
40 68
40 43
40 47
40 27
40 0
40 44
29 74
29 89
29 8
29 17
29 57
29 84
29 25
29 81
29 34
29 43
29 80
74 24
74 35
74 13
74 68
74 82
74 42
74 48
37 38
37 78
37 53
37 4
37 92
37 90
60 54
60 21
60 43
60 77
38 10
38 98
38 15
38 91
38 51
38 46
91 6
91 88
91 3
91 48
91 50
91 92
91 14
91 52
91 47
91 63
91 97
91 89
91 58
76 82
76 43
76 47
76 33
76 90
76 83
76 14
6 73
6 23
6 5
6 94
6 77
6 43
6 0
6 71
6 59
6 68
6 45
6 64
39 75
39 13
39 10
39 69
39 48
39 84
39 62
39 5
89 55
89 46
89 51
89 23
89 0
10 80
10 87
10 85
10 66
10 88
10 71
10 18
10 73
52 67
52 83
52 59
52 94
52 24
52 64
52 21
52 2
52 25
52 11
54 15
54 36
54 70
54 78
15 42
15 99
65 97
65 43
65 86
65 68
65 88
65 36
65 18
65 19
82 85
82 46
82 83
82 77
42 61
42 99
42 69
42 2
97 68
97 64
97 90
97 88
97 41
97 21
97 75
97 13
80 19
80 71
80 47
80 43
8 36
8 81
8 84
8 34
88 21
88 70
88 71
17 71
17 23
17 27
17 61
17 21
7 98
7 25
7 9
7 51
55 41
55 25
55 81
55 4
55 23
55 14
98 56
98 85
98 5
98 53
77 49
77 86
77 64
77 25
99 31
99 0
99 27
3 31
3 61
3 64
21 36
21 23
21 28
21 32
21 2
21 19
67 28
67 43
67 36
57 20
57 5
57 59
78 81
78 34
78 73
78 43
48 62
48 87
48 63
48 33
48 86
48 46
83 94
83 36
83 59
83 75
83 63
83 73
83 87
83 49
49 66
49 47
49 35
49 93
68 18
68 63
68 46
68 94
68 25
50 32
50 94
50 81
81 61
81 24
81 51
81 62
41 16
24 66
24 16
24 5
24 2
24 0
24 1
19 71
19 33
19 73
19 9
28 18
28 61
64 9
64 44
64 69
64 16
64 62
64 93
46 45
46 14
18 45
18 0
18 72
18 22
18 90
18 87
18 26
1 27
1 26
1 61
43 72
43 95
43 34
43 58
43 23
51 93
51 30
75 16
75 44
75 27
75 35
75 73
75 32
66 30
66 70
66 58
66 14
66 22
66 53
9 90
9 86
9 16
20 22
20 25
20 84
20 70
73 25
73 47
71 16
44 33
59 58
59 4
59 5
59 92
59 63
27 5
27 93
27 14
27 35
72 0
36 31
36 86
95 87
25 2
25 69
25 33
58 32
58 61
58 5
58 33
30 33
0 93
0 53
16 2
61 33
61 35
61 13
92 85
92 2
23 4
62 86
62 85
62 11
62 47
2 94
34 69
34 93
34 86
35 26
35 94
35 87
35 31
45 5
53 11
85 31
85 32
33 13
11 93
11 5
86 94
93 26
26 63
32 70
32 22