0 9 15 25 26 27 1 19 22 4 28 29 30 2 14 23 31 32 33 3 34 35 36 7 37 38 39 5 21 20 40 41 42 6 16 43 44 45 46 47 48 8 18 49 50 51 11 52 53 54 10 55 56 57 58 59 60 12 61 62 63 13 24 64 65 66 67 68 69 70 71 72 73 74 75 17 76 77 78 79 80 81 82 83 84 85 86 87 88 89 90 91 92 93 94 95 96 97 98 99
0 9
0 15
0 25
0 26
0 27
9 11
9 52
9 53
9 54
15 8
15 70
15 71
15 72
25 42
26 28
27 93
27 95
1 19
1 22
1 4
1 28
1 29
1 30
19 82
19 83
19 84
22 10
22 91
22 92
22 93
4 7
4 37
4 38
4 39
28 65
28 86
28 50
29 59
29 87
29 36
30 72
30 83
2 14
2 23
2 31
2 32
2 33
14 5
14 8
14 67
14 68
14 69
23 3
23 13
23 94
23 95
23 96
31 87
32 56
32 33
32 52
33 69
33 35
3 34
3 35
3 36
34 36
34 38
34 76
35 41
36 73
36 47
7 20
7 46
7 47
7 48
37 60
37 44
38 79
38 98
39 92
39 94
39 85
5 21
5 20
5 40
5 41
5 42
21 17
21 88
21 89
21 90
20 85
20 86
20 87
40 55
41 89
42 92
6 16
6 43
6 44
6 45
16 24
16 73
16 74
16 75
43 93
44 95
44 70
45 85
45 56
46 88
46 61
47 67
48 78
48 84
8 18
8 49
8 50
8 51
18 12
18 79
18 80
18 81
49 86
50 74
51 81
51 90
11 58
11 59
11 60
52 75
53 85
54 82
10 55
10 56
10 57
55 66
55 82
57 64
57 71
57 73
58 88
60 82
12 61
12 62
12 63
61 75
62 79
63 97
63 70
63 99
13 24
13 64
13 65
13 66
24 97
24 98
24 99
67 90
68 97
70 75
74 91
17 76
17 77
17 78
76 82
77 98
80 90
81 91
82 84
83 98
89 96