0 1 2 3 4 5 6 7 8 9 10 11 12 13 14 15 16 17 18 19 20 21 22 23 24 25 26 27 28 29 30 31 32 33 34 35 36 37 38 39 40 41 42 43 44 45 46 47 48 49 50 51 52 53 54 55 56 57 58 59 60 61 62 63 64 65 66 67 68 69 70 71 72 73 74 75 76 77 78 79 80 81 82 83 84 85 86 87 88 89 90 91 92 93 94 95 96 97 98 99
0 1
0 99
0 35
0 30
0 88
0 90
0 42
0 7
0 37
0 65
0 32
0 17
1 2
1 56
1 83
1 72
1 97
1 58
1 36
1 50
1 61
1 66
1 20
1 62
1 53
1 14
1 10
2 3
2 31
2 69
2 53
3 4
3 45
3 95
3 26
3 91
3 89
3 94
3 61
4 5
4 17
4 46
4 23
4 47
4 40
4 57
4 30
4 39
4 75
5 6
5 26
5 72
5 64
5 68
5 83
5 71
5 10
5 28
5 77
5 13
6 7
6 35
6 21
6 16
6 84
6 17
6 23
6 68
6 81
6 97
7 8
7 11
7 15
7 29
7 40
8 9
8 11
8 85
8 21
8 64
8 32
8 80
8 34
8 40
8 49
8 58
8 28
9 10
9 81
9 39
9 42
10 11
10 68
10 36
10 41
10 24
10 97
10 85
10 39
10 46
10 74
10 19
10 60
11 12
11 22
11 49
11 20
11 38
11 95
11 21
11 68
11 69
11 31
11 79
12 13
12 95
12 33
12 36
12 80
12 15
13 14
13 91
13 72
13 23
13 85
13 44
13 37
13 29
14 15
14 38
14 32
14 29
14 79
14 51
14 45
14 59
14 36
15 16
15 67
15 49
15 28
15 17
15 82
15 79
15 74
15 89
15 71
15 54
15 93
15 21
15 40
16 17
16 40
16 76
16 72
16 65
17 18
17 81
17 94
17 63
17 73
17 91
17 23
17 19
17 60
17 33
18 19
18 60
18 70
18 65
18 85
18 69
18 29
18 50
19 20
19 23
19 67
19 35
19 34
19 94
19 31
19 95
19 90
19 54
20 21
20 74
20 90
20 97
21 22
21 39
21 45
21 88
21 72
21 96
22 23
22 56
22 84
22 25
22 71
22 32
22 55
22 86
22 75
22 34
22 92
22 93
22 73
23 24
23 73
23 84
24 25
24 64
24 91
24 55
24 80
24 28
24 52
24 88
25 26
25 72
25 83
25 35
25 58
25 52
25 98
25 39
26 27
26 60
26 46
26 55
26 38
26 47
27 28
27 52
27 32
27 36
27 86
27 53
27 33
27 55
28 29
28 46
28 73
28 53
28 62
28 90
29 30
29 44
29 88
29 77
29 60
30 31
30 96
30 89
30 97
30 32
30 60
30 86
30 85
30 90
30 72
30 61
31 32
31 90
31 34
31 51
31 79
31 65
31 98
32 33
32 34
32 81
32 35
32 54
32 96
32 50
32 80
32 85
32 74
32 93
32 73
33 34
33 81
33 43
33 60
34 35
34 83
34 46
34 58
34 63
34 73
34 38
34 42
34 93
35 36
35 49
35 48
35 86
35 70
35 96
35 56
36 37
36 56
36 57
36 51
36 86
36 44
36 64
36 94
37 38
37 48
37 44
37 72
37 88
37 54
37 97
37 60
37 71
38 39
38 61
38 80
38 53
38 66
38 69
39 40
39 94
39 53
39 56
39 44
39 58
39 46
39 49
39 50
39 45
40 41
40 85
40 87
40 98
41 42
41 83
41 79
42 43
42 45
42 58
42 83
42 73
42 51
42 75
42 94
42 56
43 44
43 87
43 58
43 94
43 72
43 91
43 80
43 75
44 45
44 76
44 91
44 59
44 82
44 65
44 93
44 70
45 46
45 87
45 61
45 49
45 86
46 47
46 84
46 72
46 87
46 48
46 58
46 90
47 48
47 77
47 49
47 87
47 92
48 49
48 62
48 74
48 57
48 84
48 63
48 70
48 71
48 93
49 50
49 94
49 98
49 51
49 82
49 71
49 80
50 51
50 80
50 60
50 88
50 65
50 77
51 52
51 85
52 53
52 92
52 78
52 55
53 54
53 99
53 98
54 55
54 65
54 57
54 84
54 66
54 92
55 56
55 94
55 69
56 57
56 89
56 99
57 58
57 96
57 62
57 92
57 76
57 60
58 59
58 86
58 80
59 60
59 83
59 96
59 70
59 82
59 95
59 91
60 61
60 87
60 75
60 76
60 83
61 62
61 73
62 63
62 70
62 77
62 72
62 78
62 95
63 64
63 88
63 78
63 84
63 97
63 74
63 82
64 65
64 99
65 66
65 85
65 80
65 99
66 67
66 97
66 88
66 92
66 76
67 68
67 81
67 91
67 71
68 69
69 70
69 94
69 96
70 71
70 88
70 90
70 84
70 87
70 79
70 91
71 72
71 87
71 92
71 78
71 74
72 73
72 82
72 93
72 85
72 74
73 74
73 85
74 75
74 84
75 76
75 77
75 90
75 98
75 97
75 84
76 77
76 96
76 83
76 82
76 90
77 78
77 88
78 79
78 80
79 80
80 81
80 93
81 82
81 88
82 83
83 84
84 85
84 89
85 86
86 87
86 88
87 88
87 93
88 89
88 94
89 90
89 91
89 99
90 91
90 97
91 92
92 93
93 94
94 95
95 96
96 97
97 98
98 99