0 1 4 5 3 11 8 12 10 6 9 2 7 13 16 20 15 14 38 24 49 50 28 33 36 27 43 23 19 29 17 30 18 22 37 21 39 25 46 26 31 44 32 34 41 35 40 47 45 42 48
0 1
0 9
0 50
0 21
1 4
1 5
1 3
1 11
1 8
1 30
4 8
4 10
4 6
4 2
4 7
4 32
4 37
4 40
5 12
5 6
5 10
3 37
8 12
6 35
6 50
9 2
2 35
2 38
2 50
7 29
13 16
13 20
13 15
13 42
13 48
13 50
20 37
20 46
15 49
15 50
14 38
14 24
14 18
38 43
38 47
38 34
24 31
24 45
49 48
50 18
50 29
50 34
50 36
50 48
50 17
28 33
28 17
28 26
28 35
33 23
33 25
33 48
36 27
36 40
36 17
27 26
43 40
23 48
23 22
19 29
19 26
19 35
19 37
17 30
17 42
30 42
18 22
18 37
37 25
21 39
39 32
25 46
46 47
31 44
44 42
34 41
41 40
40 45
45 48