0 49 1 5 2 65 3 51 4 61 74 6 64 7 36 8 12 9 32 10 90 11 18 13 14 42 15 71 16 45 17 40 81 19 70 20 56 21 33 22 23 24 25 85 26 27 63 28 31 29 41 30 72 69 34 35 62 37 38 39 43 44 46 73 47 48 50 84 60 52 53 54 55 89 87 57 58 59 86 82 66 67 68 75 93 76 77 78 79 80 83 88 91 92 94
0 49
0 26
0 1
49 45
49 4
49 48
49 50
1 5
1 2
5 74
5 78
5 4
5 6
2 65
2 88
2 93
2 3
65 45
65 64
65 66
3 51
3 4
51 24
51 60
51 50
51 52
4 61
4 54
4 87
61 53
61 60
61 62
74 21
74 73
74 75
6 64
6 7
64 82
64 63
7 36
7 92
7 8
36 62
36 43
36 35
36 37
8 12
8 30
8 9
12 12
12 76
12 11
12 13
9 32
9 13
9 81
9 10
32 30
32 31
32 33
10 90
10 11
90 57
90 15
90 89
90 91
11 18
11 23
11 34
11 44
11 52
18 81
18 17
18 19
13 14
14 42
14 67
14 72
14 15
42 40
42 70
42 69
42 41
42 43
15 71
15 39
15 82
15 16
71 93
71 70
71 72
16 45
16 53
16 17
45 44
45 46
17 40
40 35
40 39
40 41
81 79
81 80
81 82
19 70
19 20
70 22
70 31
70 69
20 56
20 21
56 87
56 55
56 57
21 33
21 22
33 69
33 34
22 23
23 89
23 24
24 48
24 83
24 25
25 85
25 26
85 50
85 84
85 86
26 41
26 91
26 27
27 63
27 28
63 63
63 62
28 31
28 73
28 29
31 72
31 30
29 41
29 30
41 66
30 59
72 73
69 68
34 35
35 58
35 62
37 38
37 47
38 39
43 44
46 73
46 47
73 84
47 86
47 48
50 84
84 83
60 86
60 59
52 53
53 54
54 75
54 94
54 55
55 89
89 77
89 88
87 86
87 88
57 58
58 59
82 83
66 67
67 68
68 75
75 76
93 92
93 94
76 77
77 80
77 78
78 79
79 80
91 92