0 8 38 13 40 41 42 43 44 45 46 47 48 49 50 51 52 53 54 55 56 57 58 59 60 61 62 63 64 65 66 67 68 69 1 16 70 71 72 73 74 75 76 77 78 79 80 81 82 83 84 85 86 87 88 89 90 91 92 93 94 95 96 97 98 2 31 20 35 99 3 26 10 28 4 6 25 30 5 7 14 9 36 11 17 18 39 12 29 22 15 19 37 21 23 24 33 27 34 32
0 8
0 38
0 13
0 40
0 41
0 42
0 43
0 44
0 45
0 46
0 47
0 48
0 49
0 50
0 51
0 52
0 53
0 54
0 55
0 56
0 57
0 58
0 59
0 60
0 61
0 62
0 63
0 64
0 65
0 66
0 67
0 68
0 69
8 14
8 45
8 75
38 69
38 97
13 4
13 7
13 79
40 2
41 4
42 5
43 6
44 7
46 9
47 10
48 12
49 14
50 15
51 16
52 17
53 19
54 20
55 21
56 22
57 23
58 25
59 26
60 27
61 28
62 29
63 30
64 32
65 33
66 34
67 35
68 36
1 16
1 70
1 71
1 72
1 73
1 74
1 75
1 76
1 77
1 78
1 79
1 80
1 81
1 82
1 83
1 84
1 85
1 86
1 87
1 88
1 89
1 90
1 91
1 92
1 93
1 94
1 95
1 96
1 97
1 98
16 39
70 3
71 4
72 5
73 6
74 7
76 9
77 11
78 12
80 14
81 15
82 17
83 18
84 19
85 21
86 23
87 24
88 26
89 27
90 28
91 30
92 31
93 33
94 35
95 36
96 37
98 39
2 31
2 20
2 35
2 99
31 29
31 32
20 19
20 37
35 9
35 34
99 3
3 26
3 10
3 28
10 36
28 34
28 39
4 6
4 25
4 30
6 5
25 23
25 24
30 11
14 22
11 17
11 18
11 39
18 15
39 27
12 29
29 21
24 33