0 17 18 23 24 30 34 39 55 59 60 64 71 78 79 92 1 2 8 9 13 16 19 21 27 31 49 58 66 68 81 86 91 94 10 20 25 29 38 46 48 51 52 61 69 73 76 82 90 96 3 26 43 57 70 80 95 4 5 7 12 47 74 84 87 99 6 11 14 15 41 44 53 67 88 93 98 35 40 45 63 89 33 50 83 97 65 85 22 28 56 77 32 36 42 37 72 75 62 54
0 17
0 18
0 23
0 24
0 30
0 34
0 39
0 55
0 59
0 60
0 64
0 71
0 78
0 79
0 92
17 1
17 4
17 15
17 27
17 32
17 33
17 42
17 49
17 53
17 70
17 74
17 80
17 85
17 94
17 98
18 6
18 15
18 29
18 33
18 37
18 40
18 42
18 43
18 44
18 45
18 63
18 67
18 68
18 75
18 78
18 79
18 88
18 91
18 92
23 7
23 13
23 25
23 28
23 31
23 39
23 46
23 50
23 57
23 61
23 64
23 85
23 88
23 94
24 3
24 6
24 14
24 41
24 55
24 57
24 65
24 68
24 87
24 88
24 89
24 90
24 91
30 3
30 5
30 8
30 20
30 32
30 37
30 52
30 53
30 54
30 65
30 73
30 76
30 90
30 91
30 93
30 94
30 95
34 2
34 7
34 9
34 11
34 13
34 22
34 50
34 55
34 59
34 64
34 67
34 73
34 78
34 81
34 88
34 89
39 6
39 8
39 16
39 19
39 36
39 38
39 41
39 45
39 50
39 51
39 57
39 62
39 69
39 71
39 72
39 77
39 84
39 91
55 5
55 15
55 21
55 26
55 35
55 48
55 54
55 56
55 60
55 63
55 68
55 72
55 78
55 83
55 86
59 7
59 8
59 12
59 19
59 20
59 26
59 47
59 49
59 60
59 61
59 62
59 74
59 78
59 80
59 90
59 91
59 92
59 99
60 13
60 41
60 61
60 64
60 65
60 69
60 73
60 76
60 82
60 94
64 1
64 2
64 4
64 5
64 10
64 27
64 32
64 36
64 44
64 57
64 61
64 63
64 65
64 66
64 72
64 74
64 78
64 81
64 82
71 9
71 20
71 33
71 36
71 37
71 40
71 54
71 84
71 91
78 4
78 7
78 16
78 19
78 20
78 21
78 25
78 28
78 32
78 33
78 36
78 40
78 49
78 57
78 68
78 69
78 75
78 76
78 89
79 1
79 4
79 7
79 11
79 13
79 27
79 29
79 35
79 36
79 50
79 51
79 68
79 91
79 96
92 5
92 9
92 16
92 20
92 27
92 28
92 31
92 42
92 50
92 62
92 69
92 82
92 94
1 2
1 8
1 9
1 13
1 16
1 19
1 21
1 27
1 31
1 49
1 58
1 66
1 68
1 81
1 86
1 91
1 94
2 10
2 20
2 21
2 25
2 29
2 38
2 46
2 48
2 51
2 52
2 61
2 69
2 73
2 76
2 82
2 90
2 96
8 6
8 7
8 9
8 41
8 46
8 50
8 52
8 65
8 67
8 68
8 81
8 82
8 83
8 85
8 91
8 98
9 7
9 16
9 20
9 22
9 26
9 28
9 33
9 43
9 44
9 49
9 51
9 56
9 58
9 65
9 74
13 3
13 4
13 5
13 11
13 12
13 28
13 33
13 36
13 44
13 52
13 65
13 77
13 82
13 90
13 91
16 3
16 5
16 11
16 14
16 26
16 37
16 43
16 47
16 51
16 61
16 65
16 66
16 72
16 80
16 88
16 97
19 6
19 7
19 11
19 12
19 20
19 22
19 36
19 38
19 41
19 44
19 62
19 65
19 85
19 90
21 6
21 12
21 20
21 33
21 44
21 47
21 48
21 56
21 68
21 70
21 75
21 76
21 84
21 94
27 20
27 36
27 45
27 58
27 68
27 70
27 80
27 85
27 90
27 96
27 97
27 99
31 5
31 14
31 32
31 35
31 40
31 43
31 44
31 46
31 48
31 56
31 69
31 72
31 88
31 89
31 91
31 95
31 98
49 4
49 28
49 57
49 63
49 76
49 80
49 85
49 93
49 97
58 5
58 14
58 29
58 67
58 69
58 73
58 74
58 82
58 95
58 98
66 22
66 40
66 45
66 46
66 50
66 53
66 56
66 61
66 63
66 65
66 70
66 77
66 85
66 93
66 94
68 6
68 15
68 26
68 37
68 38
68 43
68 47
68 51
68 52
68 61
68 63
68 77
68 80
68 96
68 98
81 5
81 11
81 14
81 20
81 29
81 41
81 44
81 46
81 50
81 53
81 82
81 98
86 11
86 12
86 25
86 45
86 56
86 80
86 82
86 84
86 88
91 28
91 32
91 38
91 42
91 44
91 61
91 65
91 74
91 82
94 3
94 38
94 42
94 45
94 67
94 82
94 84
94 88
10 11
10 25
10 43
10 73
10 87
10 95
10 99
20 3
20 4
20 25
20 26
20 28
20 32
20 33
20 41
20 47
20 61
20 62
20 88
20 89
20 99
25 5
25 7
25 26
25 32
25 35
25 42
25 54
25 57
25 76
25 77
25 89
25 93
29 7
29 22
29 32
29 35
29 36
29 40
29 43
29 47
29 48
29 83
29 87
38 3
38 51
38 53
38 57
38 73
38 76
38 77
38 84
38 89
38 98
46 5
46 35
46 36
46 41
46 43
46 44
46 48
46 52
46 56
46 74
46 76
46 77
46 85
46 97
46 99
48 11
48 22
48 33
48 41
48 43
48 57
48 73
48 97
48 99
51 3
51 14
51 35
51 42
51 43
51 50
51 57
51 63
51 73
51 83
51 99
52 6
52 15
52 22
52 26
52 50
52 61
52 77
52 90
52 99
61 5
61 26
61 28
61 33
61 37
61 40
61 43
61 54
61 62
61 63
61 67
61 69
61 73
61 75
61 76
61 77
61 82
61 98
69 70
69 82
69 87
69 89
69 98
73 12
73 22
73 35
73 40
73 43
73 44
73 45
73 47
73 88
76 6
76 11
76 35
76 45
76 67
76 70
76 72
76 74
76 82
76 89
76 93
76 95
82 4
82 5
82 12
82 40
82 70
82 77
82 90
90 12
90 14
90 15
90 22
90 36
90 40
90 43
90 44
90 84
90 89
90 95
90 97
90 98
90 99
96 35
96 43
96 44
96 47
96 53
96 67
96 75
96 89
3 26
3 43
3 57
3 70
3 80
3 95
26 14
26 15
26 22
26 37
26 54
43 4
43 7
43 15
43 50
43 57
43 72
43 75
43 84
43 93
43 99
57 6
57 33
57 35
57 44
57 65
57 75
57 88
57 93
57 98
70 47
70 83
70 93
80 12
80 14
80 15
80 35
80 42
80 45
80 67
95 4
95 5
95 14
95 36
95 47
95 56
95 65
95 77
95 98
4 5
4 7
4 12
4 47
4 74
4 84
4 87
4 99
5 6
5 11
5 14
5 15
5 41
5 44
5 53
5 67
5 74
5 88
5 93
5 98
7 6
7 33
7 40
7 50
7 83
7 97
12 11
12 15
12 32
12 53
12 99
47 6
47 32
47 35
47 36
47 44
47 62
47 67
47 83
47 88
47 98
47 99
74 28
74 40
74 54
74 77
74 85
74 87
74 93
84 15
84 41
84 42
84 53
84 75
84 89
84 99
87 32
87 44
87 63
87 72
87 85
99 22
99 33
99 40
99 77
99 83
99 88
6 35
6 40
6 45
6 53
6 63
6 67
6 89
6 93
6 98
11 22
11 35
11 41
11 77
11 83
11 89
14 42
14 45
14 65
14 88
15 37
15 85
41 54
41 67
44 40
44 45
44 53
44 65
44 72
44 75
44 83
44 88
53 35
53 54
53 97
67 35
67 36
67 42
67 56
88 32
88 63
93 22
93 36
93 37
93 40
93 89
98 33
98 40
35 28
35 45
35 50
40 42
40 62
40 63
40 89
40 97
45 50
63 54
63 62
63 65
63 75
63 83
33 37
33 54
33 65
33 72
33 85
50 22
50 36
50 65
50 77
50 97
83 32
83 65
83 77
83 97
97 32
97 54
65 75
85 37
85 77
22 32
22 37
28 54
56 62
77 37
36 72
42 62
62 54