0 2 1 4 5 21 88 3 76 7 9 10 44 92 11 48 6 90 8 16 49 12 20 95 14 51 13 17 50 91 19 22 75 15 79 23 96 18 28 26 27 45 93 55 43 53 24 25 81 38 42 46 35 39 41 31 40 58 32 80 29 30 74 77 33 34 94 64 36 37 54 52 59 68 69 56 71 47 82 60 61 62 89 73 72 67 63 66 57 65 78 98 84 70 86 85 83 87 99 97
0 2
2 3
2 4
2 76
1 4
1 5
1 21
1 88
4 11
4 48
5 6
5 90
21 14
21 20
21 43
88 55
3 7
3 9
3 10
3 44
3 76
3 92
7 6
7 49
9 20
9 44
9 95
10 14
10 20
10 51
44 43
11 13
11 17
11 51
48 89
6 8
6 16
8 12
8 49
12 50
12 91
14 15
14 79
13 19
13 22
13 75
17 18
17 28
50 73
50 91
19 15
19 22
19 23
19 55
22 45
22 53
22 55
15 23
15 96
23 24
23 25
23 81
96 67
96 71
96 97
18 26
18 27
18 45
18 93
28 29
28 30
26 31
26 40
26 58
27 31
27 32
27 80
45 53
55 46
55 60
55 63
43 46
43 82
53 33
24 38
24 42
24 46
25 35
25 39
25 41
81 41
38 39
38 56
42 47
46 47
35 36
35 37
35 54
39 56
39 71
41 52
31 77
40 58
32 33
32 34
32 94
80 94
30 74
33 64
34 64
64 84
36 52
36 59
37 54
37 68
37 69
54 67
52 72
59 65
59 78
69 85
69 86
56 66
47 60
47 61
47 62
60 61
61 62
62 98
72 84
67 57
67 86
66 70
65 78
78 85
98 87
70 83
70 87
87 99