0 1 2 5 4 3 26 27 28 13 29 40 39 30 35 36 37 38 16 14 19 12 7 6 11 8 9 10 15 21 20 23 25 24 22 32 33 31 34 17 18 45 44 43 42 41 46 47 48 49 50 51 55 52 74 53 56 54 58 60 61 73 57 70 59 68 62 67 69 66 63 64 65 71 72 75 76 77 78 79
0 1
0 3
0 6
0 17
1 2
1 3
1 26
2 5
2 77
5 4
5 13
5 12
4 3
4 7
26 27
27 28
28 13
28 29
13 16
13 14
29 40
29 39
29 30
30 35
30 19
30 31
30 34
30 77
35 36
36 37
37 38
38 24
38 22
16 14
14 19
14 15
19 20
12 7
12 11
12 65
7 6
6 8
6 9
6 55
11 8
8 10
9 10
9 17
10 15
15 21
15 75
21 20
21 23
20 22
20 32
23 25
23 24
23 76
22 69
32 33
32 31
32 78
33 34
17 18
17 45
17 46
18 41
18 79
45 44
44 43
44 52
43 42
42 41
46 47
46 49
47 48
48 72
50 51
50 55
51 52
51 74
51 75
55 54
52 53
74 53
53 56
56 73
56 57
56 58
54 58
54 60
54 61
58 59
60 59
60 67
61 69
61 66
57 70
57 59
70 68
70 76
59 68
59 62
68 63
62 63
62 64
62 65
67 66
67 78
69 71
66 64
66 71
64 65
65 71
71 72
78 79