0 1 2 4 5 6 7 8 9 10 25 12 11 13 14 15 16 18 17 19 20 21 22 23 24 3 26 27 28 29 30 31 32 33 34 35 49 36 37 38 39 40 42 41 43 44 45 46 47 48 70 50 51 52 54 55 56 57 58 59 60 75 62 61 63 64 65 66 68 67 69 71 72 73 74 53 79 76 77 78 80 81 82 83 84 85 99 86 87 88 89 90 92 91 93 94 95 96 97 98
0 1
0 2
0 4
0 5
1 4
1 98
2 18
2 68
4 9
5 6
5 7
5 8
6 7
6 8
7 8
7 15
7 39
8 11
9 10
10 25
10 12
25 20
25 26
25 27
25 28
25 29
12 11
12 13
13 14
14 15
14 23
14 24
15 16
16 18
18 17
18 19
18 21
19 20
19 44
20 21
20 3
20 63
21 22
22 23
22 24
23 39
24 38
24 87
26 28
27 70
28 33
29 30
29 31
29 32
30 31
30 32
31 32
32 35
33 34
33 35
34 49
34 36
34 42
35 36
49 45
36 37
37 38
38 39
38 47
39 40
40 42
42 41
42 43
42 45
44 45
46 47
46 48
70 69
70 71
70 53
50 51
50 52
50 54
50 55
51 54
54 59
55 56
55 57
55 58
56 57
56 58
57 58
57 65
57 89
58 61
59 60
60 75
60 62
75 76
75 77
75 78
75 79
62 61
62 63
63 64
64 65
64 73
64 74
65 66
66 68
68 67
68 69
68 71
69 94
69 84
71 72
71 79
72 73
72 74
74 88
79 80
79 81
79 82
76 78
78 83
80 81
80 82
81 82
82 85
83 84
83 85
84 99
84 86
84 92
85 86
99 95
86 87
87 88
88 89
88 97
89 90
90 92
92 91
92 93
92 95
94 95
96 97
96 98