0 49 84 29 1 15 86 80 2 74 76 3 44 10 4 52 5 47 6 53 35 7 13 41 58 8 46 9 78 81 11 65 12 26 37 14 85 16 54 83 17 18 19 79 20 30 38 21 31 22 45 62 23 71 24 75 25 27 32 28 42 61 33 90 34 67 91 36 92 63 39 40 43 68 48 50 89 51 55 56 72 57 59 66 60 77 88 64 73 69 82 70 87
0 49
0 84
0 29
0 5
0 31
0 47
49 46
49 50
49 57
84 25
84 56
84 82
29 61
29 73
29 92
1 15
1 86
1 80
1 40
1 62
15 58
15 47
15 32
15 72
86 83
86 55
86 64
80 41
80 45
2 74
2 76
2 25
2 41
2 50
2 83
74 63
74 65
74 90
76 62
3 44
3 10
3 42
44 36
44 41
44 21
44 68
44 65
44 77
10 9
10 78
10 81
10 31
4 52
4 42
4 48
52 9
52 91
52 64
52 73
5 47
5 18
5 67
5 83
47 11
47 46
47 54
6 53
6 35
6 28
53 25
35 67
35 91
35 75
7 13
7 41
7 58
7 9
13 14
13 45
41 89
58 18
58 26
8 46
46 20
46 79
46 23
46 71
9 78
9 67
78 23
78 27
78 83
78 82
81 30
81 73
81 72
81 88
81 91
11 65
11 87
65 45
65 91
65 25
65 56
12 26
12 37
12 17
12 34
26 21
37 16
37 89
14 85
85 82
85 75
16 54
16 83
16 30
16 87
54 23
54 68
83 55
83 87
83 88
83 89
83 90
17 38
17 88
18 73
19 79
19 21
19 36
19 70
79 88
79 91
79 24
79 33
20 30
20 38
20 27
30 25
21 31
21 43
21 66
21 68
31 36
22 45
22 62
45 89
62 87
23 71
71 92
24 75
75 69
25 63
27 32
28 42
28 34
28 63
42 92
61 92
61 77
33 90
90 66
90 72
91 39
91 66
36 92
36 63
92 39
63 56
43 51
68 48
68 73
50 89
51 55
51 56
56 72
72 64
57 73
59 66
60 77
60 88
64 70
69 82