0 23 25 26 27 1 8 19 16 28 29 30 2 31 32 33 3 5 34 35 36 4 20 37 38 39 12 18 40 41 42 6 14 43 44 45 7 24 46 47 48 49 50 51 9 21 52 53 54 10 13 15 55 56 57 11 17 58 59 60 61 62 63 64 65 66 67 68 69 22 70 71 72 73 74 75 76 77 78 79 80 81 82 83 84 85 86 87 88 89 90 91 92 93 94 95 96 97 98 99
0 23
0 25
0 26
0 27
23 2
23 20
23 94
23 95
23 96
25 60
25 45
26 47
27 68
1 8
1 19
1 16
1 28
1 29
1 30
8 49
8 50
8 51
19 4
19 10
19 82
19 83
19 84
16 17
16 73
16 74
16 75
28 71
28 30
29 42
29 81
30 74
2 31
2 32
2 33
31 64
31 85
31 75
31 98
32 83
33 99
3 5
3 34
3 35
3 36
5 12
5 18
5 40
5 41
5 42
34 90
34 77
35 44
35 40
35 99
36 97
4 20
4 37
4 38
4 39
20 21
20 85
20 86
20 87
37 98
37 68
38 66
39 57
39 61
39 48
12 11
12 61
12 62
12 63
18 24
18 79
18 80
18 81
40 47
40 69
41 73
41 53
42 59
6 14
6 43
6 44
6 45
14 13
14 67
14 68
14 69
43 74
43 55
43 69
45 87
45 94
45 81
7 24
7 46
7 47
7 48
24 97
24 98
24 99
46 66
46 86
48 55
49 66
50 51
51 92
9 21
9 52
9 53
9 54
21 88
21 89
21 90
52 78
53 83
53 57
54 96
54 97
54 70
10 13
10 15
10 55
10 56
10 57
13 64
13 65
13 66
15 22
15 70
15 71
15 72
55 89
56 97
11 17
11 58
11 59
11 60
17 76
17 77
17 78
58 98
61 81
62 97
63 98
65 69
67 80
68 94
69 84
22 91
22 92
22 93
70 80
72 80
74 88
75 92
76 86
76 82
77 94
78 97
79 87
80 83
82 99
86 95
91 93
93 97