0 10 25 26 27 1 28 29 30 2 6 31 32 33 3 22 23 11 34 35 36 4 5 37 38 39 19 40 41 42 16 43 44 45 7 20 46 47 48 8 18 49 50 51 9 12 52 53 54 55 56 57 58 59 60 61 62 63 13 17 64 65 66 14 21 67 68 69 15 70 71 72 73 74 75 76 77 78 24 79 80 81 82 83 84 85 86 87 88 89 90 91 92 93 94 95 96 97 98 99
0 10
0 25
0 26
0 27
10 1
10 7
10 55
10 56
10 57
25 85
25 87
25 78
25 29
26 45
26 62
27 31
27 42
1 28
1 29
1 30
28 95
29 44
30 65
30 51
30 70
30 88
2 6
2 31
2 32
2 33
6 11
6 16
6 43
6 44
6 45
31 46
31 49
31 40
32 39
33 35
3 22
3 23
3 11
3 34
3 35
3 36
22 4
22 9
22 91
22 92
22 93
23 94
23 95
23 96
11 58
11 59
11 60
34 64
35 39
35 54
36 81
36 94
4 5
4 37
4 38
4 39
5 19
5 40
5 41
5 42
37 49
38 50
38 95
19 15
19 21
19 82
19 83
19 84
40 62
40 90
41 61
42 73
42 97
16 8
16 73
16 74
16 75
43 78
44 84
44 47
7 20
7 46
7 47
7 48
20 24
20 85
20 86
20 87
47 91
48 76
48 62
8 18
8 49
8 50
8 51
18 24
18 79
18 80
18 81
49 72
51 71
9 12
9 52
9 53
9 54
12 61
12 62
12 63
52 96
52 54
53 81
54 92
54 80
55 60
55 70
56 88
57 88
58 97
59 66
59 82
59 75
61 93
63 91
13 17
13 64
13 65
13 66
17 14
17 76
17 77
17 78
64 65
14 21
14 67
14 68
14 69
21 88
21 89
21 90
67 93
67 89
68 69
68 70
15 70
15 71
15 72
70 75
74 98
74 79
75 86
77 97
77 94
78 79
24 97
24 98
24 99
80 95
81 83
84 94
88 95
88 94
89 90
91 99