0 1 2 3 4 5 6 7 8 9 10 11 12 13 14 15 16 17 18 19 20 21 22 23 24 25 26 27 28 29 30 31 32 33 34 35 36 37 38 39 40 41 42 43 44 45 46 47 48 49 50 51 52 53 54 55 56 57 58 59 60 61 62 63 64 65 66 67 68 69 70 71 72 73 74 75 76 77 78 79 80 81 82 83 84 85 86 87 88 89 90 91 92 93 94 95 96 97 98
0 34
0 21
0 3
0 33
1 18
1 12
1 35
2 29
2 37
3 40
3 39
4 42
4 9
4 19
5 25
5 15
5 43
6 46
6 22
7 19
7 48
7 47
8 9
8 50
9 52
9 51
10 54
10 53
11 21
11 56
11 30
12 58
13 59
13 60
13 27
14 18
14 61
15 63
15 64
16 65
17 68
17 24
17 67
18 70
18 69
18 25
19 71
19 20
20 30
20 73
20 74
21 75
22 77
22 26
22 78
23 30
24 82
25 29
25 84
25 27
25 83
26 85
26 86
27 88
27 87
28 32
28 90
28 89
29 91
30 93
31 95
31 96
32 98
32 97
34 36
38 40
41 43
42 44
45 47
46 48
49 51
53 55
54 56
57 59
62 64
65 67
66 68
69 71
70 72
74 76
77 79
78 80
81 83
82 84
89 91
90 92
93 95
94 96