0 57 61 55 70 71 72 73 74 75 76 77 78 79 80 81 82 83 84 85 86 87 88 89 90 91 92 93 94 95 96 97 98 99 1 29 39 45 2 7 3 66 47 4 46 5 28 6 54 68 31 8 10 9 25 37 11 20 67 12 21 13 53 41 14 56 15 44 16 26 17 18 30 64 19 40 27 69 50 22 51 23 24 65 58 32 33 35 34 36 49 38 59 42 43 52 63 48 60 62
0 57
0 61
0 55
0 70
0 71
0 72
0 73
0 74
0 75
0 76
0 77
0 78
0 79
0 80
0 81
0 82
0 83
0 84
0 85
0 86
0 87
0 88
0 89
0 90
0 91
0 92
0 93
0 94
0 95
0 96
0 97
0 98
0 99
57 21
61 36
55 8
55 42
70 1
71 3
72 5
73 6
74 7
75 8
76 9
77 10
78 11
79 14
80 15
81 16
82 17
83 18
84 20
85 21
86 23
87 24
88 26
89 27
90 28
91 30
92 31
93 32
94 33
95 35
96 36
97 37
98 38
99 41
1 29
1 39
1 45
39 32
45 24
45 68
45 46
2 7
7 31
7 46
3 66
3 47
47 64
47 63
4 46
46 19
46 25
46 52
5 28
28 10
28 19
28 41
6 54
6 68
31 58
8 10
10 37
9 25
11 20
11 67
67 34
67 38
12 21
21 14
21 50
13 53
13 41
53 23
53 63
41 59
14 56
56 62
15 44
44 27
16 26
26 65
17 18
17 30
17 64
19 40
19 27
19 69
69 51
22 51
51 43
65 60
65 62
32 33
32 35
36 49
49 38
48 60