0 54 58 94 95 44 7 47 11 91 53 17 37 72 77 12 61 22 20 51 70 99 28 8 66 50 55 4 5 82 89 10 69 26 98 52 74 43 18 85 2 39 31 1 14 78 36 86 96 56 19 63 40 49 21 3 64 32 41 84 97 13 79 34 71 33 73 93 9 30 83 60 59 75 57 48 87 16 15 80 45 24 68 29 76 67 25 92 6 23 81 90 88 65 27 62 42 46 38 35
0 54
0 58
0 94
0 95
0 44
0 7
0 47
0 11
0 91
0 53
0 17
0 37
0 72
0 77
0 12
0 61
0 22
0 20
0 51
0 70
0 99
0 28
0 8
0 66
0 50
0 55
0 4
0 5
0 82
0 89
0 10
0 69
0 26
0 98
0 52
0 74
0 43
0 18
0 85
0 2
0 39
0 31
54 1
54 4
54 5
54 11
54 12
54 15
54 16
54 18
54 26
54 30
54 34
54 35
54 36
54 38
54 40
54 49
54 52
54 64
54 62
54 87
54 56
54 74
54 97
54 66
54 61
54 75
54 71
54 88
54 78
54 69
54 90
54 73
54 99
54 86
54 96
54 98
54 81
54 83
54 67
54 57
58 2
58 6
58 9
58 16
58 19
58 20
58 22
58 27
58 30
58 34
58 36
58 42
58 43
58 48
58 49
58 53
58 55
58 93
58 71
58 77
58 83
58 68
58 86
58 76
58 64
58 88
58 94
58 66
94 9
94 10
94 13
94 16
94 21
94 26
94 28
94 30
94 31
94 32
94 34
94 35
94 37
94 38
94 41
94 42
94 46
94 49
94 50
94 51
94 59
94 60
94 61
94 62
94 63
94 68
94 70
94 71
94 75
94 76
94 77
94 78
94 81
94 83
94 91
94 93
95 6
95 9
95 11
95 12
95 16
95 17
95 19
95 21
95 22
95 23
95 25
95 26
95 27
95 38
95 39
95 40
95 41
95 43
95 44
95 51
95 57
95 60
95 71
95 72
95 73
95 77
95 78
95 83
95 90
95 93
95 98
95 97
44 1
44 3
44 4
44 8
44 9
44 10
44 12
44 22
44 24
44 26
44 27
44 30
44 33
44 35
44 37
44 42
44 43
44 47
44 91
44 90
44 75
44 74
44 63
44 82
44 65
44 51
44 96
44 99
44 66
44 48
44 46
7 1
7 2
7 83
7 65
7 69
7 96
7 19
7 81
7 62
7 82
7 47
7 8
7 42
7 29
7 21
7 24
7 64
7 93
7 13
7 88
7 31
7 23
7 14
7 27
7 15
7 63
7 26
7 90
7 97
47 1
47 4
47 13
47 15
47 18
47 22
47 23
47 25
47 34
47 38
47 40
47 41
47 45
47 67
47 92
47 76
47 73
47 52
47 78
47 64
47 65
47 71
47 89
47 56
47 55
47 49
47 72
47 87
47 81
11 1
11 6
11 10
11 96
11 26
11 79
11 77
11 51
11 53
11 37
11 52
11 71
11 18
11 70
11 65
11 15
11 28
11 67
11 45
11 61
11 25
11 55
11 84
11 42
11 31
11 49
11 36
11 87
91 3
91 4
91 10
91 17
91 19
91 20
91 21
91 23
91 28
91 29
91 31
91 36
91 38
91 45
91 46
91 48
91 53
91 55
91 57
91 69
91 75
91 76
91 85
91 86
91 98
91 99
91 96
53 1
53 6
53 9
53 18
53 19
53 24
53 25
53 26
53 29
53 32
53 39
53 40
53 45
53 49
53 50
53 51
53 52
53 98
53 67
53 80
53 78
53 64
53 85
53 70
53 92
53 77
53 55
53 63
53 86
53 81
17 6
17 13
17 14
17 82
17 59
17 50
17 86
17 67
17 73
17 64
17 69
17 29
17 33
17 80
17 83
17 49
17 61
17 39
17 77
17 87
17 99
17 93
17 42
17 89
17 51
17 40
37 3
37 5
37 9
37 14
37 19
37 20
37 23
37 33
37 36
37 86
37 63
37 42
37 41
37 52
37 51
37 45
37 62
37 99
37 65
37 90
37 64
37 80
37 97
37 76
37 71
37 46
37 78
37 67
37 70
72 10
72 13
72 16
72 19
72 20
72 24
72 26
72 27
72 31
72 32
72 33
72 36
72 39
72 41
72 42
72 48
72 49
72 52
72 56
72 59
72 64
72 68
72 96
72 97
72 76
72 99
72 82
72 87
77 8
77 9
77 12
77 15
77 19
77 25
77 26
77 27
77 34
77 36
77 38
77 41
77 43
77 46
77 52
77 59
77 62
77 67
77 69
77 96
77 87
77 79
77 78
77 80
77 86
77 93
12 1
12 2
12 5
12 9
12 69
12 63
12 52
12 42
12 31
12 82
12 99
12 85
12 13
12 71
12 38
12 34
12 40
12 61
12 46
12 98
12 41
12 55
12 64
12 29
12 96
12 35
12 80
61 2
61 9
61 14
61 16
61 18
61 24
61 25
61 26
61 30
61 33
61 34
61 35
61 41
61 43
61 48
61 51
61 52
61 55
61 56
61 57
61 60
61 80
61 87
61 84
61 86
61 67
61 90
61 89
61 96
61 63
61 98
22 4
22 6
22 13
22 40
22 51
22 98
22 42
22 24
22 96
22 78
22 90
22 33
22 49
22 55
22 38
22 41
22 48
22 52
22 25
22 97
22 57
22 65
20 2
20 3
20 9
20 15
20 18
20 19
20 69
20 64
20 56
20 63
20 57
20 90
20 38
20 73
20 25
20 27
20 35
20 75
20 80
20 30
20 71
20 76
20 97
20 41
20 96
20 34
20 24
20 87
20 74
20 78
20 70
20 93
20 31
20 52
51 5
51 6
51 10
51 13
51 18
51 23
51 27
51 29
51 30
51 31
51 35
51 38
51 40
51 43
51 45
51 46
51 48
51 88
51 52
51 83
51 97
51 98
51 66
51 56
51 86
51 93
51 73
51 76
51 78
51 84
51 79
51 60
51 89
70 1
70 5
70 9
70 24
70 27
70 29
70 30
70 38
70 46
70 49
70 56
70 62
70 63
70 67
70 82
70 89
70 83
70 93
70 87
70 90
70 78
70 76
70 81
99 3
99 4
99 9
99 16
99 23
99 34
99 36
99 41
99 43
99 48
99 50
99 55
99 57
99 59
99 62
99 64
99 68
99 73
99 75
99 78
99 81
99 85
99 86
99 89
99 93
99 97
28 1
28 3
28 5
28 8
28 10
28 16
28 18
28 23
28 25
28 27
28 60
28 74
28 80
28 82
28 52
28 45
28 64
28 85
28 39
28 62
28 41
28 84
28 56
28 93
8 1
8 6
8 18
8 63
8 31
8 23
8 46
8 40
8 85
8 60
8 67
8 52
8 16
8 50
8 97
8 64
8 34
8 88
8 49
8 71
8 80
8 82
66 1
66 2
66 3
66 10
66 14
66 23
66 24
66 27
66 29
66 38
66 40
66 42
66 43
66 50
66 52
66 62
66 63
66 85
66 92
66 86
66 89
66 68
66 97
66 67
66 79
66 83
66 81
50 1
50 10
50 13
50 15
50 18
50 19
50 25
50 33
50 34
50 35
50 41
50 48
50 49
50 75
50 97
50 92
50 56
50 79
50 62
50 73
50 64
50 84
50 86
50 59
50 83
50 98
50 68
50 88
55 4
55 6
55 9
55 10
55 13
55 15
55 21
55 30
55 32
55 33
55 36
55 38
55 39
55 45
55 46
55 84
55 82
55 93
55 86
55 79
55 87
55 63
55 75
55 80
4 3
4 10
4 68
4 48
4 87
4 34
4 36
4 18
4 56
4 78
4 29
4 13
4 33
4 63
4 79
4 76
4 14
4 67
4 30
4 80
4 74
4 83
4 60
4 39
4 97
4 64
5 2
5 3
5 25
5 92
5 87
5 75
5 68
5 33
5 21
5 6
5 23
5 83
5 81
5 14
5 9
5 97
5 18
5 90
5 69
5 24
5 67
5 82
5 30
5 43
5 63
5 88
5 74
5 80
5 32
5 60
5 34
82 1
82 2
82 9
82 19
82 31
82 36
82 42
82 49
82 56
82 60
82 63
82 67
82 71
82 80
82 81
82 92
82 88
82 86
89 6
89 9
89 14
89 15
89 16
89 24
89 25
89 26
89 27
89 29
89 32
89 33
89 36
89 38
89 43
89 46
89 56
89 65
89 68
89 74
89 75
89 80
89 84
89 87
89 96
89 93
89 98
10 3
10 46
10 40
10 86
10 19
10 88
10 25
10 18
10 93
10 71
10 49
10 69
10 68
10 63
10 87
10 67
10 52
10 23
10 15
10 41
10 13
10 73
10 76
10 32
10 42
10 79
69 6
69 14
69 18
69 21
69 27
69 29
69 31
69 39
69 49
69 56
69 60
69 90
69 76
69 74
69 78
69 81
69 87
69 93
69 80
69 79
26 1
26 3
26 23
26 24
26 81
26 88
26 76
26 38
26 98
26 40
26 46
26 80
26 85
26 87
26 74
26 92
26 68
26 52
26 79
26 56
26 93
26 62
26 67
26 49
26 71
26 41
98 1
98 3
98 9
98 13
98 15
98 16
98 25
98 29
98 32
98 39
98 56
98 57
98 60
98 64
98 67
98 71
98 74
98 79
98 80
98 87
98 90
98 93
52 2
52 3
52 14
52 15
52 18
52 25
52 31
52 39
52 48
52 71
52 86
52 64
52 88
52 65
52 90
52 59
52 63
52 56
52 60
52 80
74 14
74 24
74 29
74 30
74 33
74 36
74 38
74 45
74 48
74 56
74 59
74 79
74 83
74 75
74 87
74 80
74 97
43 1
43 13
43 14
43 23
43 25
43 30
43 36
43 38
43 42
43 68
43 65
43 60
43 62
43 64
43 59
43 90
43 96
43 67
43 93
43 71
43 56
43 78
18 13
18 45
18 64
18 78
18 90
18 48
18 34
18 73
18 62
18 39
18 86
18 56
18 59
18 68
18 33
18 65
18 81
18 19
18 76
18 93
18 88
85 3
85 9
85 13
85 19
85 27
85 32
85 36
85 40
85 46
85 56
85 65
85 67
85 75
85 83
85 84
85 93
85 96
85 92
2 13
2 84
2 41
2 79
2 34
2 71
2 33
2 19
2 73
2 93
2 9
2 96
2 30
2 83
2 60
2 59
2 75
2 57
2 48
2 3
2 63
2 40
39 19
39 30
39 31
39 46
39 49
39 56
39 93
39 80
39 92
39 87
39 67
39 62
39 78
39 45
39 96
31 21
31 25
31 27
31 30
31 49
31 79
31 56
31 92
31 57
31 90
31 88
31 60
31 75
31 33
31 40
31 65
31 42
31 76
31 80
1 14
1 78
1 36
1 86
1 96
1 56
1 19
1 63
1 40
1 49
1 21
1 3
1 64
1 32
1 41
1 84
1 97
14 75
14 41
14 88
14 81
14 59
14 93
14 32
14 30
14 36
14 63
14 29
14 79
14 90
14 42
14 21
14 19
14 34
14 97
78 9
78 21
78 24
78 29
78 30
78 36
78 41
78 42
78 45
78 59
78 62
78 63
78 68
78 75
78 76
78 90
78 83
78 80
78 87
78 96
36 9
36 15
36 21
36 25
36 30
36 34
36 68
36 60
36 73
36 87
36 49
36 57
36 56
36 80
36 42
36 90
36 81
36 86
36 40
86 3
86 13
86 27
86 29
86 34
86 35
86 40
86 42
86 48
86 59
86 62
86 67
86 68
86 76
86 81
86 97
86 96
96 3
96 9
96 13
96 16
96 21
96 23
96 25
96 29
96 30
96 35
96 38
96 48
96 56
96 57
96 60
96 62
96 64
96 67
96 79
96 84
56 9
56 21
56 24
56 29
56 42
56 45
56 48
56 49
56 59
56 90
56 88
56 73
56 80
56 92
19 6
19 9
19 13
19 71
19 73
19 80
19 90
19 29
19 87
19 76
19 65
19 62
19 49
19 24
19 88
19 97
19 46
19 93
19 41
19 84
19 75
19 32
63 3
63 6
63 15
63 24
63 27
63 33
63 40
63 42
63 48
63 49
63 60
63 97
63 64
63 90
63 75
63 81
63 71
40 9
40 13
40 25
40 33
40 34
40 35
40 57
40 64
40 49
40 46
40 80
40 42
40 65
40 83
49 15
49 24
49 29
49 30
49 33
49 34
49 38
49 41
49 42
49 45
49 46
49 84
49 79
49 67
49 92
49 73
49 76
49 75
21 13
21 16
21 60
21 87
21 23
21 59
21 83
21 57
21 30
21 79
21 80
21 73
21 76
21 65
21 93
21 97
21 33
21 67
21 46
21 34
3 84
3 87
3 41
3 32
3 16
3 71
3 73
3 15
3 80
3 45
3 24
64 6
64 13
64 29
64 34
64 45
64 59
64 60
64 87
64 79
64 90
64 93
64 84
64 92
32 16
32 25
32 29
32 30
32 76
32 48
32 42
32 97
32 93
32 45
32 88
32 34
32 35
41 15
41 24
41 27
41 29
41 81
41 45
41 46
41 65
41 71
41 42
41 97
41 87
41 93
84 9
84 16
84 24
84 29
84 34
84 35
84 42
84 46
84 48
84 57
84 62
84 68
84 76
84 81
84 92
97 15
97 25
97 34
97 35
97 42
97 68
97 73
97 80
97 81
97 83
97 92
13 29
13 48
13 27
13 46
13 42
13 92
13 59
13 83
13 45
13 76
13 90
13 25
13 35
79 24
79 29
79 33
79 38
79 42
79 45
79 48
79 60
79 65
79 87
79 92
34 24
34 25
34 27
34 29
34 73
34 87
34 60
34 90
34 67
34 88
34 57
34 92
34 75
71 6
71 16
71 25
71 27
71 30
71 35
71 38
71 48
71 60
71 92
71 88
33 9
33 24
33 92
33 83
33 38
33 93
33 42
33 87
33 73
33 45
73 6
73 38
73 46
73 57
73 59
73 65
73 67
73 92
73 93
73 87
93 23
93 29
93 46
93 57
93 62
93 65
93 76
93 80
93 81
93 88
9 29
9 38
9 67
9 45
9 59
9 35
9 62
9 75
9 83
9 42
9 46
30 83
30 75
30 88
30 87
30 80
30 38
83 23
83 24
83 38
83 42
83 45
83 46
83 62
83 67
83 75
83 76
60 6
60 23
60 25
60 27
60 29
60 45
60 48
60 75
60 65
60 67
60 62
60 81
59 16
59 24
59 38
59 42
59 45
59 48
59 67
59 92
59 88
59 76
59 90
59 87
75 29
75 38
75 46
75 67
75 68
75 87
75 80
75 88
75 90
75 81
57 6
57 42
57 45
57 46
57 67
57 81
57 88
48 23
48 35
48 45
48 90
48 76
48 81
48 68
87 15
87 38
87 45
87 62
87 65
87 92
87 88
16 15
16 76
16 25
16 80
16 46
15 29
15 62
15 65
15 25
15 92
15 24
15 42
80 24
80 29
80 42
80 45
80 62
80 67
80 76
80 90
80 88
45 24
45 29
45 65
45 46
45 62
24 23
24 67
24 62
24 92
24 29
24 76
24 46
24 88
24 81
68 29
68 42
68 62
68 65
68 67
68 90
29 27
29 81
29 92
29 38
29 76
76 6
76 27
76 46
76 65
76 90
67 25
67 38
25 6
25 35
25 42
25 88
92 23
92 62
92 81
92 88
6 65
6 81
6 27
6 23
23 81
23 42
81 46
81 62
81 88
88 35
88 46
88 65
65 38
65 46
27 35
27 42
42 38
42 46
46 35
38 35