0 26 88 20 30 33 74 36 76 80 83 34 24 41 89 86 55 45 64 56 18 10 43 9 98 4 66 71 79 22 73 72 81 91 29 6 7 87 59 99 62 65 52 75 39 69 77 23 25 11 14 47 1 32 70 8 96 21 16 3 63 12 13 31 94 53 5 60 54 48 57 38 51 28 78 93 84 50 61 58 19 37 85 35 27 46 90 40 15 2 92 97 49 82 44 42 67 68 17 95
0 26
0 88
0 20
0 30
0 33
0 74
0 36
0 76
0 80
0 83
0 34
0 24
0 41
0 89
0 86
0 55
0 45
0 64
0 56
0 18
0 10
0 43
0 9
0 98
0 4
0 66
0 71
0 79
0 22
0 73
0 72
0 81
0 91
0 29
0 6
0 7
0 87
0 59
0 99
0 62
0 65
0 52
0 75
0 39
0 69
0 77
0 23
0 25
0 11
0 14
0 47
0 1
0 32
0 70
0 8
0 96
0 21
0 16
0 3
0 63
0 12
0 13
0 31
0 94
0 53
0 5
0 60
0 54
0 48
0 57
0 38
0 51
0 28
0 78
0 93
0 84
0 50
0 61
0 58
0 19
0 37
0 2
0 35
0 42
0 46
0 67
0 85
0 92
0 95
0 97
26 2
26 4
26 5
26 6
26 8
26 11
26 16
26 17
26 23
26 24
26 25
26 14
26 32
26 19
26 51
26 54
26 66
26 84
26 83
26 92
26 33
26 81
26 78
26 80
26 38
26 15
26 36
26 95
26 96
26 82
26 34
26 94
26 72
26 90
26 63
26 79
26 74
26 46
26 77
26 88
26 75
26 89
26 61
26 67
26 53
26 45
26 43
26 71
26 12
26 58
26 20
26 60
26 97
26 30
26 22
26 47
26 29
26 86
26 73
26 10
26 21
26 50
26 98
26 69
26 35
26 87
26 7
26 48
26 13
26 65
26 44
26 70
26 18
26 28
26 42
26 1
26 3
26 59
26 99
26 57
26 41
26 27
26 40
26 55
26 91
26 49
26 52
26 37
26 85
26 39
26 68
88 1
88 2
88 4
88 5
88 6
88 8
88 11
88 16
88 17
88 20
88 23
88 27
88 32
88 35
88 37
88 40
88 42
88 43
88 44
88 48
88 49
88 51
88 52
88 55
88 58
88 59
88 63
88 66
88 68
88 69
88 71
88 73
88 74
88 75
88 76
88 78
88 80
88 84
88 87
88 25
88 92
88 93
88 9
88 86
88 41
88 46
88 83
88 36
88 60
88 7
88 12
88 47
88 13
88 77
88 85
88 64
88 22
88 96
88 38
88 54
88 94
88 62
88 70
88 30
88 97
88 57
88 65
88 19
88 98
88 45
88 31
88 81
88 89
88 91
88 95
20 1
20 2
20 4
20 5
20 6
20 7
20 8
20 9
20 15
20 16
20 17
20 18
20 94
20 62
20 39
20 82
20 48
20 23
20 89
20 45
20 51
20 28
20 77
20 99
20 80
20 72
20 37
20 53
20 67
20 56
20 35
20 11
20 21
20 73
20 74
20 25
20 13
20 85
20 57
20 68
20 58
20 49
20 41
20 86
20 12
20 33
20 60
20 78
20 92
20 66
20 65
20 50
20 90
20 96
20 81
20 46
20 83
20 97
20 19
20 10
20 3
20 43
20 79
20 30
20 38
20 14
20 32
20 55
20 36
20 22
20 27
20 34
20 42
20 47
20 59
20 61
20 63
20 64
20 69
20 70
20 71
20 76
20 84
20 93
20 95
20 98
30 1
30 2
30 4
30 5
30 6
30 7
30 8
30 11
30 13
30 15
30 16
30 17
30 19
30 25
30 27
30 28
30 29
30 10
30 83
30 32
30 37
30 39
30 41
30 42
30 43
30 44
30 46
30 47
30 51
30 52
30 54
30 58
30 59
30 60
30 61
30 62
30 66
30 67
30 68
30 69
30 70
30 71
30 74
30 76
30 78
30 81
30 82
30 84
30 86
30 92
30 93
30 94
30 95
30 96
30 97
30 98
33 2
33 5
33 8
33 9
33 11
33 15
33 17
33 18
33 22
33 23
33 25
33 27
33 29
33 32
33 48
33 31
33 4
33 50
33 53
33 52
33 19
33 14
33 77
33 79
33 65
33 28
33 1
33 38
33 66
33 84
33 58
33 81
33 72
33 71
33 39
33 41
33 83
33 73
33 97
33 37
33 42
33 43
33 44
33 46
33 49
33 51
33 55
33 59
33 61
33 63
33 67
33 68
33 69
33 70
33 74
33 78
33 85
33 86
33 91
33 92
33 94
33 95
33 98
33 99
74 2
74 4
74 5
74 8
74 9
74 11
74 12
74 13
74 14
74 15
74 16
74 17
74 18
74 22
74 23
74 27
74 31
74 32
74 37
74 39
74 42
74 43
74 44
74 45
74 46
74 51
74 55
74 59
74 63
74 64
74 66
74 67
74 68
74 73
74 83
74 99
74 19
74 25
74 75
74 62
74 95
74 6
74 36
74 77
74 24
74 85
74 80
74 48
74 84
74 47
74 58
74 72
74 53
74 98
74 89
74 35
74 90
74 70
74 87
74 50
74 34
74 92
74 71
74 79
74 86
74 3
74 69
74 61
74 40
74 94
74 7
74 21
74 49
74 52
74 28
74 78
74 81
74 93
36 1
36 4
36 5
36 6
36 8
36 11
36 14
36 15
36 16
36 17
36 22
36 23
36 25
36 31
36 44
36 9
36 46
36 52
36 21
36 71
36 49
36 7
36 68
36 81
36 73
36 57
36 13
36 37
36 39
36 42
36 43
36 51
36 55
36 59
36 61
36 62
36 63
36 64
36 69
36 70
36 75
36 76
36 77
36 78
36 84
36 85
36 86
36 87
36 89
36 92
36 94
36 95
36 96
36 97
76 1
76 2
76 5
76 6
76 8
76 11
76 15
76 16
76 17
76 22
76 23
76 25
76 27
76 31
76 32
76 34
76 37
76 39
76 41
76 42
76 43
76 45
76 48
76 49
76 51
76 52
76 53
76 54
76 55
76 56
76 58
76 59
76 64
76 65
76 67
76 68
76 69
76 70
76 71
76 73
76 81
76 97
76 3
76 72
76 10
76 91
76 60
76 92
76 96
76 94
76 4
76 85
76 29
76 93
76 63
76 84
76 89
76 87
76 95
76 19
76 47
76 18
76 78
76 9
76 35
76 86
76 61
76 24
76 7
76 12
76 13
76 28
76 50
76 90
76 57
76 38
80 1
80 2
80 6
80 8
80 11
80 14
80 16
80 17
80 23
80 25
80 27
80 32
80 37
80 38
80 41
80 42
80 43
80 45
80 46
80 48
80 49
80 51
80 55
80 58
80 59
80 61
80 63
80 64
80 68
80 69
80 70
80 71
80 73
80 75
80 77
80 78
80 53
80 60
80 35
80 34
80 66
80 19
80 87
80 86
80 98
80 99
80 18
80 39
80 90
80 89
80 65
80 15
80 3
80 54
80 95
80 83
80 24
80 84
80 85
80 92
80 96
80 97
83 2
83 4
83 5
83 6
83 8
83 10
83 15
83 17
83 19
83 22
83 23
83 29
83 31
83 32
83 34
83 38
83 39
83 42
83 43
83 44
83 46
83 47
83 51
83 55
83 58
83 59
83 62
83 64
83 67
83 68
83 69
83 71
83 73
83 75
83 77
83 72
83 49
83 11
83 90
83 14
83 37
83 41
83 89
83 66
83 92
83 25
83 87
83 81
83 91
83 70
83 12
83 95
83 13
83 21
83 54
83 57
83 18
83 82
83 99
83 48
83 27
83 86
83 7
83 52
83 96
83 63
83 9
83 84
83 85
83 94
83 97
83 98
34 2
34 4
34 5
34 6
34 7
34 8
34 10
34 11
34 12
34 13
34 14
34 16
34 17
34 18
34 23
34 25
34 27
34 28
34 32
34 77
34 91
34 51
34 43
34 96
34 94
34 61
34 56
34 3
34 63
34 69
34 44
34 47
34 60
34 22
34 53
34 55
34 78
34 19
34 92
34 31
34 99
34 52
34 15
34 39
34 79
34 89
34 82
34 21
34 68
34 50
34 37
34 41
34 42
34 46
34 57
34 59
34 64
34 71
34 72
34 73
34 81
34 85
34 87
34 97
24 2
24 5
24 8
24 11
24 16
24 17
24 23
24 3
24 63
24 39
24 81
24 37
24 78
24 25
24 31
24 32
24 35
24 38
24 41
24 42
24 46
24 48
24 51
24 53
24 54
24 55
24 59
24 64
24 68
24 69
24 70
24 71
24 73
24 75
24 77
24 84
24 86
24 89
24 92
24 94
24 95
24 99
41 2
41 5
41 6
41 8
41 9
41 17
41 22
41 25
41 27
41 28
41 32
41 35
41 39
41 96
41 45
41 67
41 68
41 85
41 79
41 61
41 1
41 44
41 63
41 14
41 64
41 89
41 52
41 86
41 62
41 12
41 77
41 3
41 69
41 57
41 11
41 40
41 93
41 65
41 42
41 70
41 55
41 73
41 75
41 66
41 37
41 60
41 98
41 49
41 43
41 15
41 10
41 90
41 38
41 18
41 56
41 58
41 87
41 95
41 72
41 54
41 81
41 71
41 50
41 59
41 46
41 48
41 51
41 78
41 84
41 91
41 92
41 94
41 99
89 1
89 2
89 4
89 6
89 8
89 11
89 12
89 14
89 15
89 16
89 17
89 18
89 19
89 23
89 27
89 29
89 37
89 39
89 43
89 46
89 49
89 51
89 55
89 58
89 59
89 63
89 64
89 68
89 69
89 70
89 71
89 73
89 77
89 78
89 81
89 82
89 84
89 85
89 86
89 57
89 47
89 40
89 22
89 93
89 13
89 91
89 92
89 94
89 95
89 96
89 98
86 2
86 4
86 5
86 6
86 8
86 14
86 16
86 17
86 18
86 23
86 25
86 27
86 29
86 31
86 32
86 37
86 39
86 42
86 43
86 44
86 49
86 51
86 53
86 55
86 58
86 59
86 64
86 65
86 67
86 68
86 69
86 71
86 73
86 75
86 78
86 81
86 84
86 90
86 82
86 98
86 48
86 96
86 7
86 9
86 28
86 61
86 52
86 35
86 85
86 70
86 94
86 79
86 45
86 77
86 21
86 47
86 95
86 56
86 46
86 1
86 10
86 3
86 72
86 62
86 38
86 99
86 97
86 19
86 91
86 92
55 1
55 2
55 4
55 5
55 6
55 8
55 11
55 16
55 17
55 18
55 22
55 23
55 27
55 31
55 32
55 42
55 43
55 46
55 47
55 49
55 51
55 68
55 69
55 65
55 10
55 60
55 75
55 44
55 90
55 62
55 63
55 67
55 54
55 96
55 93
55 50
55 12
55 87
55 98
55 82
55 9
55 72
55 78
55 37
55 79
55 99
55 38
55 58
55 15
55 7
55 56
55 45
55 91
55 3
55 85
55 21
55 95
55 29
55 61
55 19
55 48
55 13
55 92
55 35
55 71
55 14
55 73
55 25
55 57
55 53
55 94
55 52
55 59
55 97
55 40
55 28
55 64
55 81
55 66
55 70
55 39
55 77
55 84
45 1
45 2
45 7
45 8
45 9
45 16
45 17
45 18
45 22
45 23
45 25
45 32
45 39
45 42
45 43
45 44
45 64
45 56
45 94
45 87
45 73
45 65
45 37
45 51
45 15
45 67
45 12
45 85
45 52
45 27
45 3
45 92
45 4
45 31
45 91
45 48
45 49
45 58
45 59
45 61
45 63
45 68
45 69
45 72
45 77
45 78
45 81
45 84
45 95
45 98
64 2
64 4
64 5
64 6
64 8
64 12
64 14
64 16
64 18
64 22
64 23
64 25
64 27
64 31
64 32
64 37
64 39
64 42
64 43
64 44
64 46
64 48
64 51
64 59
64 61
64 63
64 66
64 85
64 78
64 82
64 54
64 98
64 21
64 96
64 68
64 19
64 79
64 28
64 17
64 3
64 29
64 92
64 81
64 77
64 52
64 94
64 7
64 35
64 95
64 99
64 60
64 75
64 84
64 93
64 53
64 9
64 73
64 67
64 69
64 70
64 71
64 90
56 2
56 4
56 5
56 6
56 8
56 11
56 12
56 13
56 15
56 17
56 23
56 31
56 32
56 37
56 39
56 42
56 43
56 44
56 46
56 49
56 51
56 52
56 40
56 53
56 93
56 58
56 59
56 61
56 63
56 67
56 68
56 71
56 73
56 75
56 78
56 81
56 84
56 91
56 92
56 94
56 95
56 96
56 97
18 2
18 4
18 6
18 8
18 11
18 15
18 16
18 17
18 61
18 1
18 5
18 94
18 71
18 28
18 60
18 93
18 48
18 73
18 32
18 65
18 99
18 40
18 19
18 46
18 23
18 85
18 62
18 21
18 10
18 72
18 77
18 27
18 25
18 96
18 84
18 97
18 42
18 63
18 35
18 13
18 12
18 75
18 51
18 87
18 81
18 59
18 31
18 39
18 43
18 44
18 49
18 52
18 67
18 68
18 69
18 78
18 92
18 95
18 98
10 1
10 2
10 4
10 5
10 8
10 9
10 25
10 11
10 16
10 17
10 23
10 29
10 32
10 37
10 39
10 42
10 43
10 46
10 48
10 49
10 51
10 54
10 58
10 59
10 61
10 68
10 69
10 70
10 75
10 78
10 81
10 84
10 92
10 94
10 95
10 97
10 99
43 1
43 2
43 5
43 8
43 9
43 15
43 16
43 17
43 19
43 22
43 23
43 25
43 28
43 32
43 39
43 40
43 42
43 51
43 96
43 79
43 78
43 75
43 44
43 13
43 48
43 57
43 66
43 46
43 29
43 77
43 7
43 3
43 11
43 60
43 62
43 85
43 12
43 93
43 72
43 69
43 95
43 35
43 94
43 27
43 90
43 67
43 63
43 92
43 82
43 68
43 84
43 97
43 98
43 65
43 37
43 54
43 81
43 31
43 49
43 70
43 38
43 87
43 61
43 53
43 50
43 71
43 91
43 73
43 52
43 21
43 58
43 47
43 4
43 99
43 59
9 4
9 5
9 8
9 47
9 66
9 71
9 7
9 32
9 57
9 98
9 87
9 29
9 49
9 77
9 73
9 3
9 16
9 51
9 67
9 27
9 28
9 2
9 62
9 19
9 11
9 12
9 13
9 15
9 17
9 23
9 39
9 42
9 46
9 48
9 52
9 54
9 58
9 59
9 68
9 69
9 78
9 79
9 81
9 85
9 91
9 92
9 93
9 94
9 95
9 99
98 1
98 2
98 5
98 8
98 11
98 15
98 16
98 17
98 22
98 23
98 25
98 29
98 31
98 32
98 35
98 39
98 40
98 42
98 46
98 48
98 49
98 51
98 58
98 59
98 61
98 63
98 66
98 67
98 68
98 69
98 70
98 71
98 72
98 77
98 78
98 79
98 84
98 91
98 92
98 94
98 95
98 3
98 44
98 50
98 21
98 54
98 97
98 7
98 99
98 73
98 57
98 14
98 19
98 90
98 82
98 47
98 12
98 28
98 96
98 81
98 27
4 2
4 92
4 85
4 96
4 63
4 65
4 23
4 31
4 17
4 58
4 73
4 70
4 68
4 77
4 16
4 62
4 49
4 48
4 14
4 79
4 7
4 46
4 15
4 61
4 8
4 57
4 42
4 84
4 27
4 19
4 60
4 95
4 69
4 38
4 44
4 91
4 87
4 22
4 75
4 97
4 94
4 67
4 11
4 3
4 29
4 90
4 99
4 25
4 59
4 13
4 51
4 39
4 50
4 37
4 81
4 5
4 6
4 21
4 32
4 35
4 47
4 52
4 71
4 78
66 2
66 5
66 6
66 8
66 11
66 17
66 21
66 22
66 23
66 27
66 29
66 32
66 37
66 42
66 46
66 47
66 49
66 51
66 52
66 59
66 60
66 61
66 62
66 63
66 1
66 92
66 78
66 16
66 58
66 35
66 84
66 40
66 93
66 25
66 68
66 69
66 70
66 71
66 75
66 77
66 81
66 87
66 91
66 94
66 95
71 1
71 2
71 5
71 6
71 8
71 11
71 16
71 17
71 23
71 28
71 32
71 39
71 42
71 44
71 48
71 49
71 51
71 58
71 59
71 63
71 67
71 69
71 22
71 15
71 94
71 79
71 78
71 35
71 96
71 57
71 62
71 21
71 72
71 91
71 85
71 70
71 7
71 12
71 52
71 90
71 46
71 99
71 60
71 68
71 73
71 53
71 97
71 3
71 75
71 54
71 81
71 38
71 50
71 27
71 61
71 31
71 92
71 14
71 40
71 25
71 82
71 65
71 77
71 87
71 84
71 95
79 2
79 8
79 11
79 16
79 17
79 22
79 23
79 29
79 31
79 37
79 39
79 40
79 42
79 46
79 48
79 49
79 51
79 58
79 59
79 61
79 63
79 68
79 69
79 73
79 77
79 78
79 57
79 75
79 84
79 92
79 93
79 94
79 95
79 96
79 99
22 1
22 2
22 5
22 6
22 8
22 16
22 95
22 92
22 53
22 68
22 51
22 15
22 3
22 28
22 99
22 52
22 67
22 90
22 49
22 35
22 23
22 48
22 40
22 59
22 7
22 65
22 77
22 78
22 81
22 11
22 38
22 50
22 93
22 27
22 29
22 31
22 37
22 42
22 46
22 47
22 58
22 63
22 75
22 84
22 85
22 87
22 94
22 96
73 1
73 5
73 6
73 7
73 8
73 11
73 13
73 14
73 15
73 16
73 17
73 27
73 29
73 39
73 42
73 46
73 48
73 49
73 50
73 51
73 58
73 59
73 61
73 63
73 67
73 68
73 69
73 19
73 87
73 3
73 85
73 90
73 78
73 25
73 97
73 77
73 93
73 2
73 31
73 53
73 37
73 12
73 32
73 65
73 70
73 75
73 81
73 84
73 92
73 94
73 95
73 96
72 1
72 3
72 5
72 6
72 8
72 11
72 12
72 15
72 17
72 23
72 25
72 27
72 28
72 29
72 32
72 37
72 39
72 42
72 48
72 49
72 51
72 52
72 54
72 59
72 60
72 61
72 67
72 68
72 69
72 81
72 87
72 16
72 2
72 65
72 13
72 77
72 78
72 85
72 93
72 94
72 95
72 96
72 97
81 2
81 5
81 6
81 8
81 12
81 15
81 17
81 19
81 23
81 27
81 29
81 32
81 42
81 44
81 48
81 51
81 52
81 54
81 58
81 59
81 62
81 63
81 68
81 77
81 78
81 60
81 69
81 28
81 1
81 95
81 93
81 57
81 70
81 14
81 47
81 35
81 50
81 46
81 13
81 31
81 87
81 84
81 38
81 90
81 67
81 96
81 61
81 49
81 53
81 91
81 85
81 7
81 92
81 99
81 75
81 11
81 94
91 1
91 2
91 5
91 6
91 8
91 11
91 15
91 16
91 23
91 27
91 29
91 31
91 32
91 35
91 37
91 39
91 42
91 46
91 49
91 51
91 52
91 58
91 59
91 60
91 63
91 67
91 68
91 69
91 75
91 84
91 62
91 78
91 38
91 57
91 12
91 40
91 90
91 95
91 92
91 94
91 96
91 99
29 2
29 5
29 6
29 7
29 8
29 11
29 15
29 16
29 19
29 25
29 28
29 59
29 69
29 60
29 78
29 53
29 93
29 77
29 54
29 51
29 48
29 3
29 70
29 82
29 38
29 58
29 14
29 97
29 47
29 99
29 92
29 96
29 90
29 62
29 27
29 35
29 84
29 37
29 50
29 94
29 75
29 21
29 1
29 32
29 39
29 42
29 46
29 61
29 68
29 85
29 95
6 3
6 5
6 87
6 39
6 54
6 97
6 8
6 60
6 82
6 75
6 99
6 90
6 37
6 15
6 85
6 61
6 7
6 57
6 77
6 62
6 2
6 65
6 58
6 48
6 78
6 59
6 19
6 17
6 50
6 94
6 96
6 14
6 31
6 44
6 25
6 23
6 69
6 46
6 93
6 53
6 67
6 63
6 38
6 40
6 11
6 16
6 27
6 32
6 35
6 47
6 49
6 51
6 68
6 84
6 92
6 95
7 2
7 5
7 65
7 23
7 99
7 25
7 62
7 87
7 28
7 3
7 21
7 58
7 69
7 8
7 11
7 12
7 16
7 17
7 27
7 37
7 39
7 46
7 49
7 51
7 52
7 59
7 61
7 63
7 67
7 68
7 82
7 84
7 85
7 92
7 94
7 95
7 96
87 2
87 5
87 8
87 11
87 15
87 16
87 17
87 23
87 25
87 27
87 32
87 39
87 42
87 46
87 48
87 49
87 51
87 58
87 61
87 62
87 63
87 68
87 69
87 78
87 84
87 85
87 60
87 92
87 38
87 21
87 53
87 57
87 94
87 95
87 99
59 1
59 2
59 5
59 8
59 14
59 16
59 17
59 23
59 27
59 32
59 37
59 42
59 46
59 48
59 51
59 58
59 67
59 97
59 60
59 40
59 62
59 15
59 99
59 70
59 82
59 63
59 77
59 90
59 49
59 35
59 84
59 94
59 78
59 44
59 13
59 19
59 3
59 96
59 69
59 52
59 54
59 11
59 21
59 47
59 93
59 92
59 31
59 75
59 65
59 12
59 39
59 57
59 85
59 50
59 61
59 53
59 28
59 95
59 68
99 1
99 2
99 5
99 8
99 16
99 17
99 23
99 25
99 27
99 32
99 37
99 39
99 42
99 44
99 46
99 48
99 51
99 58
99 60
99 61
99 65
99 68
99 75
99 78
99 85
99 92
99 94
99 95
99 96
99 97
99 90
99 84
99 40
99 12
99 38
99 28
99 93
99 52
99 70
99 3
62 2
62 5
62 8
62 11
62 12
62 14
62 16
62 17
62 25
62 27
62 32
62 39
62 42
62 46
62 48
62 51
62 52
62 15
62 57
62 31
62 50
62 85
62 95
62 65
62 38
62 61
62 84
62 90
62 78
62 67
62 47
62 44
62 35
62 28
62 63
62 69
62 77
62 92
62 94
65 1
65 2
65 5
65 8
65 11
65 12
65 16
65 23
65 32
65 35
65 37
65 44
65 46
65 47
65 48
65 49
65 51
65 52
65 58
65 61
65 63
65 13
65 14
65 42
65 69
65 82
65 67
65 68
65 75
65 78
65 92
65 94
65 95
65 97
52 2
52 5
52 8
52 14
52 15
52 16
52 17
52 23
52 25
52 27
52 31
52 32
52 39
52 42
52 46
52 48
52 51
52 70
52 12
52 19
52 97
52 47
52 67
52 54
52 28
52 93
52 53
52 77
52 92
52 38
52 61
52 35
52 11
52 90
52 69
52 37
52 95
52 1
52 58
52 63
52 75
52 78
52 84
52 85
52 94
75 2
75 5
75 8
75 12
75 16
75 17
75 23
75 25
75 32
75 42
75 44
75 46
75 48
75 49
75 51
75 54
75 58
75 60
75 63
75 67
75 68
75 38
75 53
75 47
75 39
75 61
75 69
75 11
75 14
75 92
75 1
75 35
75 82
75 3
75 15
75 27
75 93
75 78
75 37
75 21
75 77
75 94
75 95
39 2
39 5
39 8
39 11
39 15
39 17
39 19
39 27
39 28
39 31
39 32
39 35
39 37
39 95
39 53
39 57
39 61
39 38
39 12
39 70
39 13
39 90
39 82
39 44
39 78
39 97
39 77
39 92
39 48
39 63
39 58
39 42
39 84
39 96
39 25
39 16
39 85
39 69
39 68
39 23
39 51
39 50
39 93
39 46
39 67
39 47
39 40
39 49
39 94
69 1
69 2
69 5
69 8
69 11
69 17
69 23
69 25
69 27
69 32
69 37
69 42
69 44
69 46
69 48
69 51
69 54
69 58
69 61
69 63
69 67
69 68
69 31
69 13
69 57
69 3
69 16
69 84
69 60
69 12
69 78
69 93
69 15
69 50
69 85
69 40
69 82
69 94
69 35
69 95
69 92
69 38
69 53
69 14
69 77
77 2
77 5
77 8
77 11
77 15
77 16
77 17
77 19
77 23
77 27
77 31
77 32
77 35
77 37
77 42
77 44
77 48
77 49
77 51
77 58
77 61
77 63
77 12
77 60
77 25
77 93
77 82
77 70
77 13
77 78
77 84
77 92
77 94
77 95
77 96
23 2
23 8
23 11
23 17
23 19
23 1
23 92
23 28
23 60
23 37
23 21
23 70
23 95
23 31
23 53
23 78
23 63
23 93
23 25
23 3
23 51
23 5
23 46
23 54
23 13
23 44
23 67
23 16
23 57
23 68
23 85
23 40
23 35
23 32
23 27
23 48
23 49
23 84
23 94
23 96
25 2
25 5
25 8
25 11
25 14
25 16
25 17
25 19
25 63
25 46
25 57
25 84
25 70
25 47
25 27
25 51
25 37
25 96
25 48
25 60
25 28
25 93
25 38
25 78
25 53
25 49
25 31
25 92
25 44
25 94
25 54
25 40
25 97
25 85
25 32
25 35
25 58
25 61
25 67
25 68
25 82
25 95
11 1
11 2
11 5
11 8
11 92
11 90
11 68
11 19
11 40
11 12
11 50
11 60
11 17
11 97
11 67
11 93
11 3
11 61
11 21
11 84
11 15
11 63
11 35
11 32
11 70
11 31
11 95
11 53
11 54
11 28
11 37
11 82
11 16
11 51
11 78
11 96
11 57
11 14
11 27
11 38
11 42
11 46
11 48
11 49
11 58
11 85
11 94
14 1
14 2
14 5
14 37
14 63
14 85
14 84
14 3
14 94
14 44
14 13
14 31
14 16
14 8
14 17
14 19
14 27
14 42
14 46
14 51
14 58
14 61
14 67
14 68
14 92
14 95
14 96
14 97
47 1
47 2
47 8
47 12
47 15
47 16
47 32
47 38
47 42
47 46
47 95
47 27
47 63
47 48
47 51
47 53
47 58
47 67
47 70
47 78
47 84
47 85
47 94
47 96
47 97
1 28
1 5
1 37
1 70
1 85
1 13
1 51
1 53
1 3
1 31
1 35
1 48
1 78
1 63
1 50
1 21
1 27
1 60
1 46
1 90
1 40
1 8
1 58
1 15
1 2
1 16
1 32
1 42
1 44
1 49
1 61
1 67
1 68
1 84
1 92
1 93
1 94
1 95
1 96
32 2
32 5
32 8
32 15
32 16
32 17
32 60
32 57
32 44
32 70
32 38
32 37
32 94
32 40
32 19
32 28
32 35
32 49
32 95
32 93
32 42
32 21
32 53
32 46
32 63
32 90
32 13
32 27
32 51
32 50
32 78
32 3
32 82
32 12
32 58
32 68
32 96
32 54
32 48
32 61
32 67
32 84
32 92
32 97
70 2
70 5
70 8
70 16
70 17
70 27
70 37
70 42
70 44
70 46
70 48
70 51
70 54
70 67
70 68
70 57
70 61
70 92
70 13
70 93
70 35
70 12
70 31
70 97
70 63
70 78
70 84
70 85
70 94
70 95
70 96
8 2
8 5
8 37
8 94
8 97
8 50
8 53
8 31
8 96
8 93
8 57
8 15
8 63
8 16
8 58
8 51
8 78
8 28
8 67
8 92
8 3
8 46
8 17
8 82
8 13
8 84
8 42
8 44
8 27
8 35
8 48
8 21
8 54
8 61
8 95
8 38
8 68
8 90
8 60
8 19
8 12
8 40
8 85
8 49
96 2
96 5
96 16
96 17
96 19
96 27
96 31
96 44
96 46
96 48
96 49
96 51
96 58
96 68
96 78
96 84
96 85
96 92
96 94
96 95
96 54
96 13
96 97
96 35
96 40
96 60
96 63
96 90
21 2
21 5
21 16
21 17
21 19
21 58
21 50
21 38
21 27
21 28
21 31
21 37
21 44
21 46
21 48
21 49
21 51
21 63
21 78
21 82
21 84
21 85
21 90
21 92
21 94
21 95
21 97
16 5
16 57
16 53
16 90
16 31
16 17
16 61
16 40
16 38
16 54
16 63
16 51
16 95
16 35
16 67
16 50
16 19
16 46
16 13
16 82
16 94
16 68
16 58
16 12
16 93
16 27
16 84
16 15
16 28
16 85
16 42
16 48
16 78
16 49
16 37
16 92
3 2
3 38
3 31
3 5
3 15
3 17
3 28
3 37
3 42
3 44
3 46
3 49
3 51
3 54
3 58
3 63
3 67
3 68
3 78
3 82
3 92
3 93
3 94
3 95
63 2
63 5
63 17
63 27
63 28
63 31
63 37
63 42
63 44
63 48
63 49
63 51
63 61
63 68
63 82
63 54
63 40
63 97
63 50
63 15
63 95
63 85
63 19
63 53
63 60
63 94
63 57
63 92
63 84
63 78
63 67
12 2
12 5
12 44
12 28
12 90
12 42
12 68
12 40
12 31
12 84
12 15
12 17
12 27
12 37
12 46
12 49
12 51
12 58
12 61
12 67
12 85
12 92
12 94
12 95
12 97
13 2
13 5
13 28
13 85
13 17
13 27
13 31
13 37
13 42
13 44
13 46
13 48
13 49
13 51
13 58
13 60
13 61
13 68
13 78
13 92
13 94
13 95
31 2
31 5
31 17
31 27
31 28
31 53
31 44
31 82
31 15
31 95
31 60
31 35
31 40
31 38
31 90
31 67
31 48
31 19
31 94
31 85
31 92
31 61
31 84
31 78
31 37
31 42
31 46
31 51
31 58
94 2
94 15
94 17
94 27
94 28
94 35
94 48
94 49
94 53
94 58
94 68
94 78
94 82
94 84
94 92
94 93
94 51
94 19
94 38
94 5
94 42
94 60
94 97
94 54
94 57
94 50
94 46
94 67
94 95
94 44
94 90
94 61
94 85
94 40
53 2
53 5
53 27
53 37
53 40
53 44
53 46
53 48
53 51
53 54
53 58
53 60
53 67
53 68
53 78
53 82
53 84
53 92
53 95
5 2
5 50
5 57
5 58
5 93
5 35
5 44
5 60
5 40
5 92
5 67
5 95
5 54
5 37
5 61
5 46
5 85
5 38
5 78
5 19
5 82
5 68
5 90
5 17
5 15
5 49
5 42
5 28
5 51
5 84
5 97
60 17
60 27
60 38
60 42
60 46
60 48
60 49
60 51
60 54
60 37
60 57
60 15
60 92
60 19
60 90
60 85
60 97
60 68
60 78
60 84
60 95
54 2
54 15
54 17
54 27
54 35
54 37
54 42
54 46
54 48
54 49
54 51
54 28
54 90
54 50
54 58
54 61
54 92
54 85
54 67
54 68
54 78
54 95
54 97
48 2
48 17
48 28
48 35
48 37
48 42
48 46
48 51
48 84
48 78
48 67
48 95
48 19
48 97
48 58
48 15
48 57
48 82
48 38
48 61
48 85
48 40
48 93
48 90
48 68
48 49
48 27
48 44
48 92
57 2
57 15
57 17
57 27
57 35
57 37
57 40
57 42
57 46
57 49
57 51
57 58
57 68
57 78
57 84
57 85
57 92
57 93
57 95
57 97
38 2
38 17
38 27
38 35
38 37
38 68
38 78
38 93
38 40
38 42
38 44
38 46
38 49
38 51
38 58
38 67
38 84
38 85
38 92
38 95
38 97
51 2
51 17
51 19
51 27
51 28
51 37
51 42
51 46
51 49
51 50
51 93
51 35
51 78
51 84
51 95
51 58
51 68
51 90
51 61
51 15
51 82
51 97
51 92
51 67
51 85
51 44
28 2
28 15
28 19
28 27
28 46
28 82
28 44
28 50
28 40
28 42
28 35
28 37
28 49
28 58
28 61
28 67
28 68
28 78
28 84
28 92
28 95
78 2
78 17
78 19
78 27
78 37
78 42
78 46
78 49
78 67
78 68
78 44
78 61
78 95
78 90
78 58
78 84
78 82
78 35
78 50
78 40
78 92
78 93
78 97
78 85
93 2
93 15
93 17
93 27
93 37
93 42
93 46
93 49
93 58
93 67
93 68
93 84
93 85
93 92
93 90
93 82
93 95
84 2
84 17
84 19
84 37
84 42
84 58
84 68
84 27
84 61
84 35
84 50
84 44
84 67
84 46
84 90
84 95
84 15
84 82
84 92
84 49
84 40
84 85
84 97
50 2
50 17
50 27
50 40
50 42
50 46
50 49
50 67
50 85
50 92
50 95
50 97
61 2
61 15
61 17
61 37
61 42
61 58
61 85
61 67
61 92
61 97
61 90
61 49
61 82
61 44
61 19
61 68
61 95
58 2
58 27
58 42
58 46
58 49
58 68
58 82
58 35
58 92
58 15
58 17
58 90
58 85
58 95
58 97
58 67
58 44
58 37
19 2
19 17
19 49
19 40
19 85
19 92
19 46
19 95
19 27
19 37
19 42
19 67
19 68
37 2
37 15
37 27
37 90
37 44
37 85
37 49
37 67
37 92
37 95
37 46
37 42
37 68
37 97
85 2
85 17
85 44
85 46
85 67
85 68
85 15
85 49
85 92
85 82
85 90
85 95
35 2
35 15
35 17
35 27
35 46
35 95
35 49
35 42
35 67
35 68
35 92
27 2
27 17
27 40
27 46
27 92
27 95
27 15
27 42
27 97
27 68
27 67
27 49
27 44
27 90
46 2
46 17
46 42
46 67
46 92
46 44
46 90
46 40
46 95
46 97
46 82
46 68
46 49
90 2
90 15
90 17
90 42
90 44
90 49
90 67
90 68
90 92
90 95
40 2
40 15
40 82
40 42
40 67
40 68
40 92
40 95
15 2
15 42
15 97
15 44
15 82
15 67
15 68
15 49
15 92
15 95
2 92
2 97
2 49
2 82
2 44
2 42
2 67
2 68
2 17
2 95
92 17
92 49
92 68
92 67
92 95
92 82
92 44
92 97
97 42
97 44
97 49
97 67
97 95
97 82
97 68
49 17
49 42
49 44
49 82
49 68
49 67
49 95
82 17
82 42
82 67
82 68
82 95
44 17
44 42
44 67
44 68
44 95
42 17
42 67
42 68
42 95
67 17
67 68
67 95
68 17
68 95
17 95