0 87 59 51 77 38 70 63 64 18 54 48 27 80 79 13 35 28 30 36 81 31 21 90 45 99 43 92 12 3 69 11 86 1 96 55 4 2 20 32 97 65 93 60 89 57 94 41 7 47 74 46 62 49 10 9 76 14 34 8 19 67 85 83 24 37 33 25 88 40 5 78 98 44 58 26 39 71 73 68 23 29 22 50 91 66 82 17 84 95 61 15 16 42 6 56 75 53 52 72
0 87
0 59
0 51
0 77
0 38
0 70
0 63
0 64
0 18
87 64
87 19
87 17
87 15
87 42
87 98
87 93
87 6
87 80
87 66
87 56
87 76
87 97
87 89
87 75
87 68
87 53
87 69
87 52
87 72
87 31
59 54
59 48
59 27
59 70
59 80
59 79
59 64
59 63
59 13
51 35
51 28
51 30
51 36
51 81
51 31
51 21
51 90
51 45
77 99
77 43
77 92
77 12
77 3
77 69
77 11
77 86
77 1
38 96
38 12
38 35
38 55
38 86
38 4
38 2
38 20
38 32
70 97
70 65
70 1
70 96
70 93
70 60
70 89
70 57
63 21
63 97
63 94
63 41
63 7
63 60
63 48
63 47
64 74
64 46
64 62
64 90
64 49
64 10
64 9
64 76
18 14
18 41
18 60
18 34
18 8
18 54
18 55
18 28
18 69
54 19
54 78
54 3
54 98
54 69
54 44
54 92
54 79
48 83
48 17
48 55
48 49
48 25
48 33
48 11
48 35
27 62
27 1
27 76
27 75
27 92
27 86
27 49
27 96
27 12
80 83
80 43
80 5
80 73
80 55
80 6
80 57
80 61
80 34
79 29
79 50
79 97
79 34
79 14
79 89
79 4
79 72
13 62
13 8
13 36
13 89
13 53
13 25
13 84
13 31
13 12
35 42
35 44
35 45
35 57
35 21
35 49
35 98
28 37
28 17
28 69
28 7
28 36
28 8
28 86
28 66
30 67
30 24
30 17
30 74
30 98
30 84
30 44
30 2
30 8
36 99
36 5
36 82
36 56
36 25
36 20
36 31
81 67
81 85
81 17
81 32
81 66
81 95
81 61
81 34
81 96
31 47
31 50
31 73
31 44
31 95
31 72
31 65
21 43
21 29
21 95
21 16
21 10
21 94
21 72
90 19
90 1
90 23
90 29
90 71
90 74
90 22
90 12
45 5
45 60
45 23
45 34
45 78
45 94
45 72
45 65
99 17
99 74
99 8
99 47
99 41
99 96
99 88
99 10
43 19
43 12
43 11
43 20
43 50
43 98
43 91
92 67
92 74
92 73
92 44
92 66
92 75
92 61
12 29
12 1
12 14
12 72
3 37
3 93
3 95
3 34
3 91
3 86
3 72
3 65
69 11
69 23
69 14
69 4
69 53
69 65
11 29
11 42
11 8
11 10
11 68
11 84
86 41
86 40
86 16
86 52
86 58
1 47
1 6
1 39
1 16
1 66
96 23
96 82
96 49
96 68
96 53
55 74
55 42
55 26
55 46
55 23
55 78
4 85
4 74
4 5
4 75
4 84
4 58
4 94
2 15
2 25
2 95
2 61
2 46
2 16
2 50
2 88
20 62
20 23
20 95
20 16
20 97
20 34
20 53
32 17
32 5
32 7
32 40
32 94
32 50
32 71
32 84
97 60
97 98
97 9
97 66
97 56
97 58
65 24
65 73
65 98
65 88
65 72
93 83
93 62
93 42
93 61
93 66
93 88
93 46
93 94
60 50
60 42
60 22
60 78
60 46
89 37
89 98
89 44
89 56
89 14
89 7
89 91
57 16
57 76
57 46
57 39
57 53
57 71
57 84
94 83
94 37
94 68
94 52
41 17
41 47
41 91
41 10
41 40
41 14
7 83
7 5
7 82
7 91
7 53
7 22
47 15
47 91
47 44
47 82
47 95
74 17
74 73
74 14
46 83
46 56
46 78
46 71
62 15
62 29
62 40
62 84
62 61
49 44
49 75
49 68
49 61
49 22
10 24
10 50
10 9
10 91
10 52
9 83
9 37
9 42
9 98
9 71
9 76
9 68
76 67
76 85
76 24
76 40
76 56
76 22
14 5
14 56
14 58
34 85
34 83
34 56
8 24
8 6
8 26
8 61
19 67
19 85
19 83
19 24
19 37
67 33
67 25
67 88
67 40
67 5
85 58
85 24
85 26
85 39
85 71
83 73
24 68
24 73
24 5
37 33
37 66
37 25
37 82
33 29
33 50
33 75
33 88
33 22
33 84
33 39
25 82
25 26
25 53
25 78
88 44
88 68
88 39
88 52
40 15
40 26
40 61
40 23
5 15
78 29
78 26
78 52
78 58
98 42
98 91
44 6
58 73
58 16
58 91
58 52
26 73
26 23
26 82
26 75
39 82
39 95
39 75
39 68
39 22
71 50
71 16
71 66
71 52
73 15
68 75
68 84
23 29
23 42
29 15
22 16
22 66
22 72
50 15
91 56
66 6
82 6
82 95
84 53
95 6
61 52
16 6