0 1 2 3 4 6 8 10 11 12 13 14 15 16 18 19 20 22 23 25 28 31 33 37 38 45 47 48 50 54 55 56 57 58 60 61 62 64 65 66 74 75 76 78 80 81 82 83 84 85 86 87 88 89 90 91 92 93 95 97 99 5 9 24 29 30 40 44 49 52 53 63 71 77 79 94 96 17 27 34 43 59 68 70 72 73 98 7 21 32 35 41 42 46 51 67 69 36 39 26
0 1
0 2
0 3
0 4
0 6
0 8
0 10
0 11
0 12
0 13
0 14
0 15
0 16
0 18
0 19
0 20
0 22
0 23
0 25
0 28
0 31
0 33
0 37
0 38
0 45
0 47
0 48
0 50
0 54
0 55
0 56
0 57
0 58
0 60
0 61
0 62
0 64
0 65
0 66
0 74
0 75
0 76
0 78
0 80
0 81
0 82
0 83
0 84
0 85
0 86
0 87
0 88
0 89
0 90
0 91
0 92
0 93
0 95
0 97
0 99
1 2
1 4
1 5
1 9
1 12
1 13
1 14
1 16
1 19
1 23
1 24
1 29
1 30
1 31
1 33
1 38
1 40
1 44
1 47
1 49
1 50
1 52
1 53
1 54
1 56
1 57
1 58
1 61
1 63
1 64
1 65
1 71
1 74
1 77
1 78
1 79
1 81
1 86
1 88
1 89
1 91
1 93
1 94
1 96
1 99
2 4
2 5
2 8
2 10
2 12
2 13
2 15
2 17
2 18
2 19
2 22
2 24
2 25
2 27
2 31
2 33
2 34
2 37
2 38
2 40
2 43
2 45
2 49
2 52
2 53
2 55
2 56
2 57
2 58
2 59
2 61
2 62
2 63
2 68
2 70
2 71
2 72
2 73
2 75
2 76
2 78
2 80
2 82
2 85
2 86
2 87
2 88
2 89
2 90
2 91
2 93
2 95
2 98
3 6
3 7
3 8
3 9
3 12
3 13
3 14
3 15
3 16
3 17
3 19
3 21
3 23
3 24
3 25
3 28
3 29
3 32
3 34
3 35
3 37
3 41
3 42
3 45
3 46
3 47
3 49
3 51
3 52
3 53
3 54
3 57
3 58
3 59
3 60
3 62
3 66
3 67
3 69
3 70
3 71
3 72
3 75
3 76
3 78
3 79
3 86
3 87
3 89
3 94
3 96
3 97
4 5
4 8
4 9
4 12
4 14
4 15
4 16
4 18
4 21
4 22
4 28
4 29
4 32
4 34
4 35
4 36
4 37
4 38
4 42
4 45
4 50
4 51
4 52
4 53
4 54
4 59
4 62
4 63
4 64
4 67
4 69
4 70
4 71
4 74
4 75
4 77
4 81
4 82
4 85
4 86
4 87
4 88
4 90
4 91
4 92
4 95
4 99
6 7
6 8
6 13
6 15
6 17
6 20
6 22
6 24
6 27
6 28
6 29
6 32
6 33
6 35
6 36
6 41
6 42
6 43
6 45
6 55
6 56
6 57
6 60
6 62
6 64
6 66
6 67
6 68
6 69
6 70
6 73
6 74
6 75
6 77
6 78
6 79
6 80
6 81
6 82
6 83
6 84
6 86
6 87
6 89
6 90
6 92
6 96
6 97
6 98
6 99
8 9
8 11
8 14
8 15
8 17
8 23
8 24
8 27
8 28
8 35
8 37
8 39
8 40
8 41
8 42
8 46
8 48
8 52
8 53
8 55
8 59
8 61
8 64
8 65
8 67
8 68
8 71
8 72
8 73
8 75
8 76
8 78
8 79
8 81
8 82
8 84
8 86
8 87
8 89
8 90
8 91
8 92
8 93
8 95
8 96
8 97
10 5
10 7
10 11
10 12
10 16
10 17
10 18
10 20
10 24
10 28
10 29
10 32
10 33
10 34
10 36
10 37
10 41
10 43
10 45
10 46
10 47
10 48
10 52
10 53
10 54
10 55
10 56
10 57
10 59
10 60
10 61
10 63
10 66
10 73
10 75
10 76
10 77
10 81
10 86
10 87
10 88
10 91
10 97
10 98
11 9
11 12
11 13
11 15
11 16
11 17
11 18
11 19
11 20
11 21
11 22
11 23
11 24
11 25
11 26
11 31
11 32
11 33
11 35
11 38
11 39
11 42
11 43
11 44
11 46
11 48
11 49
11 51
11 52
11 54
11 56
11 57
11 59
11 64
11 68
11 69
11 70
11 72
11 73
11 75
11 79
11 84
11 92
11 94
11 96
11 98
12 5
12 9
12 14
12 15
12 16
12 17
12 22
12 29
12 30
12 31
12 33
12 34
12 36
12 37
12 39
12 43
12 48
12 50
12 52
12 54
12 57
12 59
12 63
12 64
12 66
12 67
12 70
12 72
12 75
12 77
12 79
12 80
12 81
12 85
12 86
12 87
12 88
12 89
12 93
12 95
12 97
12 98
12 99
13 7
13 9
13 14
13 16
13 20
13 22
13 24
13 30
13 31
13 32
13 34
13 35
13 41
13 42
13 43
13 44
13 49
13 50
13 51
13 52
13 55
13 57
13 62
13 65
13 66
13 67
13 71
13 72
13 73
13 74
13 75
13 80
13 82
13 83
13 85
13 92
13 93
13 94
13 97
13 99
14 7
14 15
14 21
14 22
14 25
14 26
14 27
14 28
14 30
14 32
14 40
14 46
14 48
14 50
14 51
14 52
14 55
14 58
14 59
14 64
14 65
14 66
14 67
14 68
14 73
14 79
14 80
14 81
14 82
14 86
14 89
14 90
14 91
14 93
14 94
14 96
14 97
14 99
15 5
15 16
15 17
15 19
15 22
15 25
15 27
15 29
15 32
15 38
15 39
15 42
15 43
15 44
15 51
15 53
15 54
15 55
15 56
15 57
15 58
15 60
15 61
15 64
15 65
15 68
15 71
15 73
15 76
15 78
15 82
15 83
15 86
15 87
15 88
15 89
15 90
15 91
15 95
15 98
16 5
16 7
16 17
16 18
16 22
16 23
16 24
16 26
16 27
16 29
16 32
16 33
16 34
16 35
16 37
16 38
16 39
16 40
16 42
16 44
16 46
16 47
16 48
16 52
16 53
16 56
16 57
16 59
16 60
16 61
16 62
16 64
16 65
16 66
16 68
16 70
16 71
16 72
16 74
16 75
16 76
16 77
16 78
16 85
16 86
16 88
16 89
16 90
16 91
16 92
16 93
16 94
16 97
18 5
18 17
18 20
18 23
18 26
18 27
18 29
18 34
18 36
18 37
18 42
18 43
18 44
18 49
18 50
18 51
18 52
18 53
18 54
18 55
18 56
18 58
18 60
18 63
18 65
18 67
18 71
18 72
18 74
18 76
18 77
18 78
18 80
18 81
18 84
18 94
18 96
19 5
19 7
19 20
19 21
19 22
19 26
19 27
19 28
19 29
19 31
19 32
19 35
19 36
19 37
19 38
19 39
19 40
19 41
19 42
19 44
19 45
19 46
19 47
19 48
19 49
19 50
19 53
19 55
19 57
19 59
19 62
19 63
19 64
19 67
19 68
19 69
19 70
19 73
19 74
19 75
19 76
19 78
19 79
19 80
19 82
19 85
19 86
19 89
19 90
19 92
19 93
19 96
19 97
19 99
20 7
20 9
20 17
20 22
20 25
20 26
20 28
20 29
20 31
20 32
20 34
20 36
20 41
20 45
20 46
20 47
20 49
20 50
20 51
20 52
20 54
20 55
20 56
20 58
20 59
20 62
20 65
20 66
20 67
20 68
20 69
20 70
20 72
20 73
20 77
20 78
20 82
20 84
20 85
20 86
20 87
20 88
20 90
20 91
20 94
20 95
20 96
20 97
20 99
22 21
22 24
22 28
22 30
22 31
22 32
22 33
22 34
22 35
22 36
22 40
22 43
22 44
22 49
22 55
22 57
22 64
22 67
22 69
22 72
22 74
22 75
22 77
22 79
22 81
22 83
22 89
22 91
22 93
22 95
22 97
23 5
23 7
23 9
23 17
23 21
23 25
23 26
23 27
23 28
23 29
23 31
23 34
23 35
23 37
23 43
23 44
23 45
23 51
23 52
23 53
23 54
23 55
23 57
23 58
23 59
23 61
23 63
23 68
23 72
23 73
23 76
23 78
23 79
23 80
23 81
23 83
23 85
23 92
23 93
23 94
23 97
23 99
25 7
25 9
25 17
25 21
25 24
25 28
25 29
25 31
25 34
25 36
25 37
25 41
25 44
25 45
25 46
25 47
25 49
25 51
25 52
25 56
25 57
25 60
25 61
25 62
25 65
25 66
25 67
25 68
25 69
25 72
25 73
25 76
25 77
25 79
25 80
25 82
25 83
25 84
25 85
25 87
25 91
25 95
25 97
25 98
25 99
28 24
28 26
28 27
28 35
28 36
28 40
28 41
28 43
28 49
28 50
28 51
28 55
28 56
28 57
28 59
28 62
28 66
28 67
28 68
28 69
28 72
28 74
28 76
28 77
28 79
28 80
28 81
28 82
28 83
28 85
28 86
28 87
28 88
28 89
28 91
28 93
28 94
28 97
28 98
31 7
31 17
31 29
31 30
31 32
31 34
31 35
31 36
31 38
31 39
31 40
31 43
31 45
31 46
31 48
31 51
31 55
31 56
31 58
31 59
31 60
31 61
31 62
31 64
31 69
31 70
31 73
31 74
31 75
31 77
31 78
31 79
31 80
31 81
31 82
31 83
31 86
31 88
31 90
31 91
31 94
31 95
33 7
33 21
33 27
33 29
33 30
33 32
33 34
33 36
33 38
33 39
33 40
33 41
33 42
33 46
33 47
33 48
33 50
33 51
33 52
33 53
33 54
33 56
33 57
33 58
33 59
33 61
33 63
33 65
33 67
33 68
33 70
33 72
33 73
33 77
33 79
33 81
33 83
33 85
33 87
33 89
33 90
33 94
33 97
33 98
37 7
37 9
37 21
37 26
37 27
37 30
37 32
37 34
37 39
37 43
37 44
37 46
37 49
37 51
37 52
37 53
37 54
37 56
37 57
37 61
37 68
37 70
37 72
37 74
37 76
37 77
37 78
37 80
37 81
37 83
37 86
37 87
37 88
37 89
37 91
37 92
37 94
37 98
37 99
38 5
38 7
38 9
38 17
38 30
38 34
38 39
38 40
38 42
38 44
38 45
38 46
38 49
38 53
38 54
38 55
38 58
38 60
38 63
38 68
38 69
38 71
38 72
38 74
38 75
38 76
38 79
38 81
38 82
38 84
38 86
38 88
38 93
38 94
38 98
38 99
45 5
45 7
45 9
45 17
45 24
45 27
45 36
45 40
45 41
45 43
45 44
45 48
45 55
45 57
45 60
45 66
45 69
45 70
45 74
45 75
45 76
45 77
45 78
45 80
45 81
45 84
45 85
45 86
45 89
45 92
45 93
45 95
45 96
45 97
45 99
47 7
47 9
47 17
47 24
47 26
47 27
47 30
47 36
47 40
47 41
47 50
47 52
47 53
47 54
47 56
47 60
47 63
47 65
47 70
47 72
47 73
47 75
47 78
47 79
47 80
47 81
47 82
47 84
47 85
47 86
47 87
47 91
47 92
47 94
47 96
47 98
48 9
48 24
48 26
48 29
48 39
48 40
48 41
48 43
48 46
48 49
48 50
48 51
48 52
48 53
48 54
48 55
48 57
48 58
48 59
48 61
48 62
48 66
48 67
48 69
48 70
48 71
48 72
48 78
48 80
48 81
48 85
48 93
48 94
48 97
50 7
50 17
50 21
50 24
50 27
50 34
50 35
50 42
50 43
50 44
50 49
50 51
50 54
50 55
50 60
50 62
50 64
50 65
50 66
50 67
50 69
50 73
50 74
50 77
50 79
50 80
50 84
50 87
50 91
50 93
50 94
50 95
50 97
50 99
54 7
54 21
54 27
54 29
54 34
54 35
54 39
54 44
54 46
54 49
54 51
54 52
54 53
54 55
54 56
54 57
54 59
54 60
54 62
54 63
54 65
54 67
54 68
54 70
54 71
54 73
54 74
54 75
54 79
54 81
54 84
54 86
54 87
54 88
54 91
54 93
54 96
54 98
54 99
55 17
55 21
55 24
55 26
55 27
55 29
55 30
55 32
55 36
55 41
55 42
55 43
55 44
55 53
55 57
55 58
55 59
55 64
55 66
55 68
55 71
55 73
55 79
55 81
55 83
55 85
55 86
55 90
55 93
55 95
55 96
56 9
56 17
56 21
56 26
56 27
56 30
56 34
56 35
56 36
56 39
56 40
56 42
56 46
56 51
56 60
56 61
56 62
56 63
56 65
56 66
56 67
56 68
56 71
56 74
56 77
56 79
56 80
56 82
56 83
56 84
56 86
56 88
56 89
56 91
56 97
56 98
57 5
57 7
57 9
57 24
57 26
57 27
57 29
57 30
57 35
57 36
57 40
57 42
57 44
57 52
57 53
57 59
57 63
57 64
57 66
57 68
57 69
57 75
57 78
57 80
57 84
57 85
57 86
57 88
57 91
57 92
57 93
57 95
57 96
57 97
58 9
58 17
58 21
58 26
58 27
58 29
58 30
58 40
58 41
58 43
58 51
58 52
58 53
58 61
58 62
58 64
58 65
58 66
58 68
58 71
58 73
58 76
58 79
58 80
58 81
58 86
58 87
58 89
58 90
58 93
58 95
58 96
58 99
60 9
60 17
60 21
60 26
60 27
60 30
60 32
60 36
60 40
60 41
60 42
60 51
60 52
60 53
60 59
60 68
60 71
60 72
60 73
60 74
60 76
60 83
60 85
60 86
60 90
60 91
60 95
60 96
61 5
61 7
61 21
61 24
61 26
61 27
61 34
61 36
61 40
61 42
61 44
61 51
61 53
61 62
61 65
61 66
61 68
61 74
61 75
61 76
61 78
61 80
61 81
61 83
61 84
61 92
61 95
61 96
61 97
62 5
62 17
62 24
62 32
62 35
62 39
62 40
62 41
62 42
62 43
62 51
62 53
62 64
62 66
62 68
62 69
62 70
62 71
62 77
62 79
62 80
62 81
62 82
62 84
62 85
62 88
62 93
62 94
62 97
62 98
64 5
64 7
64 9
64 17
64 24
64 29
64 30
64 32
64 39
64 43
64 44
64 46
64 65
64 67
64 68
64 69
64 74
64 75
64 78
64 80
64 81
64 82
64 84
64 87
64 93
64 95
64 97
64 99
65 9
65 17
65 21
65 27
65 29
65 34
65 35
65 42
65 43
65 44
65 46
65 51
65 52
65 63
65 66
65 67
65 68
65 71
65 74
65 75
65 76
65 81
65 94
65 99
66 5
66 7
66 9
66 17
66 21
66 24
66 26
66 29
66 30
66 32
66 39
66 41
66 42
66 43
66 46
66 51
66 52
66 59
66 67
66 68
66 69
66 73
66 74
66 75
66 79
66 80
66 82
66 84
66 85
66 89
66 91
66 92
66 95
66 96
66 98
74 7
74 24
74 26
74 27
74 34
74 35
74 36
74 40
74 41
74 42
74 43
74 44
74 49
74 51
74 52
74 67
74 68
74 69
74 70
74 72
74 73
74 75
74 76
74 77
74 80
74 81
74 82
74 84
74 87
74 88
74 89
74 91
74 93
74 94
74 95
74 99
75 5
75 9
75 21
75 26
75 29
75 32
75 34
75 35
75 41
75 42
75 44
75 46
75 52
75 53
75 71
75 72
75 73
75 78
75 79
75 80
75 81
75 82
75 83
75 86
75 92
75 93
75 94
75 97
75 98
76 5
76 9
76 17
76 26
76 27
76 34
76 36
76 39
76 41
76 44
76 46
76 52
76 67
76 68
76 69
76 72
76 79
76 88
76 92
76 94
76 97
76 99
78 5
78 7
78 24
78 26
78 29
78 30
78 35
78 36
78 39
78 41
78 46
78 49
78 69
78 71
78 73
78 80
78 82
78 84
78 88
78 89
78 90
78 93
78 95
78 96
80 7
80 17
80 24
80 26
80 27
80 35
80 36
80 39
80 43
80 44
80 53
80 59
80 67
80 68
80 69
80 73
80 81
80 82
80 83
80 88
80 89
80 91
80 93
80 95
80 97
80 99
81 5
81 9
81 29
81 34
81 35
81 44
81 46
81 53
81 59
81 63
81 69
81 70
81 71
81 72
81 77
81 82
81 83
81 85
81 86
81 87
81 88
81 89
81 93
81 94
82 7
82 29
82 32
82 39
82 40
82 42
82 43
82 51
82 53
82 59
82 63
82 68
82 72
82 79
82 84
82 85
82 86
82 87
82 88
82 89
82 94
82 96
82 98
83 9
83 26
83 27
83 35
83 36
83 40
83 44
83 46
83 49
83 59
83 68
83 69
83 70
83 71
83 77
83 79
83 84
83 85
83 87
83 88
83 90
83 91
83 92
83 93
83 94
83 96
83 98
84 7
84 17
84 21
84 32
84 34
84 40
84 41
84 43
84 44
84 51
84 63
84 67
84 72
84 73
84 77
84 79
84 85
84 90
84 93
84 94
84 98
85 9
85 24
85 27
85 29
85 32
85 35
85 36
85 41
85 46
85 49
85 52
85 63
85 67
85 69
85 71
85 72
85 73
85 79
85 86
85 87
85 89
85 91
85 92
85 94
85 95
85 96
85 98
86 9
86 17
86 21
86 27
86 32
86 34
86 36
86 43
86 52
86 53
86 68
86 69
86 77
86 87
86 89
86 93
86 94
86 95
86 97
86 99
87 5
87 21
87 24
87 27
87 30
87 35
87 41
87 42
87 43
87 46
87 49
87 52
87 53
87 59
87 69
87 72
87 77
87 79
87 90
87 92
87 93
87 94
87 96
88 9
88 17
88 21
88 24
88 26
88 32
88 35
88 36
88 39
88 40
88 42
88 43
88 49
88 53
88 67
88 70
88 71
88 92
88 94
88 95
88 97
88 98
88 99
89 5
89 7
89 17
89 27
89 29
89 34
89 36
89 41
89 42
89 43
89 44
89 51
89 52
89 68
89 71
89 73
89 77
89 79
89 92
89 94
89 95
89 98
90 7
90 17
90 21
90 24
90 27
90 29
90 32
90 36
90 41
90 42
90 43
90 44
90 49
90 52
90 59
90 68
90 69
90 71
90 77
90 93
90 94
90 96
90 97
90 99
91 7
91 9
91 17
91 26
91 29
91 32
91 36
91 40
91 51
91 53
91 63
91 71
91 92
91 94
91 98
92 5
92 17
92 24
92 26
92 30
92 36
92 40
92 42
92 49
92 51
92 52
92 59
92 63
92 68
92 70
92 71
92 72
92 73
92 77
92 95
92 96
92 97
92 98
93 7
93 27
93 29
93 30
93 32
93 34
93 35
93 39
93 40
93 42
93 44
93 46
93 51
93 52
93 53
93 68
93 70
93 72
93 77
93 94
93 95
93 97
95 5
95 7
95 9
95 26
95 27
95 29
95 32
95 36
95 39
95 40
95 42
95 43
95 44
95 49
95 52
95 59
95 68
95 69
95 70
95 77
95 98
97 7
97 9
97 24
97 27
97 40
97 41
97 44
97 53
97 63
97 69
97 72
97 73
97 94
99 5
99 7
99 9
99 17
99 21
99 30
99 34
99 39
99 41
99 42
99 44
99 51
99 71
99 73
99 77
99 79
99 94
99 96
5 7
5 21
5 29
5 30
5 34
5 35
5 36
5 41
5 42
5 43
5 44
5 53
5 71
5 72
5 73
5 77
5 79
9 17
9 27
9 29
9 32
9 34
9 35
9 36
9 41
9 43
9 44
9 46
9 51
9 52
9 53
9 63
9 67
9 68
9 69
9 77
9 79
24 21
24 26
24 29
24 32
24 34
24 36
24 40
24 41
24 43
24 49
24 51
24 52
24 63
24 69
24 70
24 71
24 73
24 94
24 98
29 17
29 21
29 30
29 34
29 36
29 42
29 43
29 46
29 51
29 53
29 59
29 63
29 68
29 77
29 96
29 98
30 7
30 27
30 34
30 35
30 39
30 40
30 42
30 44
30 49
30 51
30 63
30 67
30 69
30 70
30 71
30 72
30 73
30 79
30 94
30 96
40 7
40 17
40 26
40 27
40 32
40 34
40 35
40 36
40 39
40 41
40 42
40 43
40 46
40 68
40 72
40 79
40 94
40 96
44 7
44 26
44 32
44 36
44 42
44 43
44 46
44 52
44 67
44 71
44 72
44 73
44 94
44 96
44 98
49 17
49 27
49 32
49 34
49 35
49 36
49 41
49 42
49 43
49 59
49 63
49 69
49 71
49 79
49 98
52 17
52 26
52 27
52 36
52 41
52 42
52 46
52 51
52 53
52 67
52 68
52 73
52 94
53 7
53 17
53 26
53 27
53 32
53 34
53 35
53 41
53 63
53 67
53 68
53 71
53 72
53 77
53 79
53 94
53 96
53 98
63 17
63 21
63 35
63 41
63 42
63 43
63 46
63 67
63 68
63 70
63 71
63 72
63 73
63 77
63 94
63 96
63 98
71 7
71 26
71 36
71 43
71 46
71 51
71 68
71 72
71 79
71 94
77 7
77 21
77 32
77 35
77 36
77 39
77 41
77 42
77 59
77 69
77 70
77 72
77 73
77 79
79 7
79 21
79 27
79 32
79 34
79 39
79 41
79 43
79 68
79 70
94 7
94 17
94 21
94 27
94 32
94 34
94 36
94 41
94 42
94 43
94 51
94 59
94 67
94 70
94 72
94 98
96 7
96 17
96 21
96 27
96 34
96 36
96 46
96 59
96 67
96 68
96 72
17 7
17 26
17 27
17 34
17 35
17 43
17 46
17 59
17 68
17 70
27 26
27 36
27 43
27 51
27 67
27 68
27 69
27 72
27 73
27 98
34 7
34 32
34 42
34 43
34 46
34 51
34 59
34 68
34 72
34 73
43 21
43 32
43 39
43 59
43 68
43 69
43 70
43 73
43 98
59 32
59 39
59 41
59 42
59 46
59 67
59 70
68 7
68 21
68 26
68 32
68 35
68 42
68 51
68 67
68 69
68 72
70 26
70 32
70 35
70 41
70 67
70 69
70 72
70 73
72 7
72 21
72 26
72 35
72 36
72 39
72 42
72 51
72 67
72 73
72 98
73 26
73 32
73 35
73 36
73 39
98 32
98 36
98 42
98 46
98 67
98 69
7 21
7 32
7 36
7 42
7 46
7 67
7 69
21 26
21 35
21 39
21 42
21 46
21 51
21 67
32 26
32 36
32 42
32 46
32 51
32 67
35 39
35 41
35 42
35 51
35 69
41 51
42 36
42 46
42 67
46 26
46 36
46 51
46 67
46 69
51 26
51 36
51 67
67 36
67 69
69 26
69 36
69 39