0 1 2 4 6 7 8 11 12 16 19 21 25 27 31 33 36 38 40 41 42 43 45 46 54 57 59 60 61 63 67 68 70 73 74 79 81 82 83 84 87 88 90 94 95 3 13 14 17 20 22 26 28 29 32 37 50 52 53 58 62 65 66 77 86 89 91 92 5 9 10 15 24 34 47 48 71 75 78 80 23 30 35 49 64 69 72 85 93 44 51 56 18 76 55 39
0 1
0 2
0 4
0 6
0 7
0 8
0 11
0 12
0 16
0 19
0 21
0 25
0 27
0 31
0 33
0 36
0 38
0 40
0 41
0 42
0 43
0 45
0 46
0 54
0 57
0 59
0 60
0 61
0 63
0 67
0 68
0 70
0 73
0 74
0 79
0 81
0 82
0 83
0 84
0 87
0 88
0 90
0 94
0 95
0 5
0 10
0 14
0 15
0 17
0 22
0 28
0 30
0 34
0 47
0 50
0 52
0 55
0 56
0 58
0 64
0 65
0 69
0 75
0 76
0 77
0 78
0 89
0 93
1 2
1 3
1 7
1 12
1 13
1 14
1 16
1 17
1 19
1 20
1 22
1 25
1 26
1 27
1 28
1 29
1 31
1 32
1 33
1 37
1 40
1 41
1 43
1 50
1 52
1 53
1 54
1 57
1 58
1 59
1 61
1 62
1 63
1 65
1 66
1 67
1 68
1 70
1 74
1 77
1 79
1 82
1 86
1 88
1 89
1 91
1 92
1 94
1 8
1 10
1 18
1 23
1 24
1 30
1 34
1 35
1 36
1 39
1 42
1 44
1 45
1 47
1 48
1 51
1 64
1 69
1 71
1 72
1 75
1 81
1 83
1 84
1 87
1 93
2 3
2 4
2 5
2 6
2 7
2 8
2 9
2 10
2 11
2 13
2 15
2 20
2 22
2 24
2 28
2 29
2 34
2 36
2 37
2 38
2 42
2 43
2 45
2 47
2 48
2 50
2 52
2 58
2 59
2 60
2 61
2 65
2 68
2 70
2 71
2 74
2 75
2 78
2 79
2 80
2 82
2 84
2 87
2 89
2 90
2 91
2 92
2 12
2 14
2 16
2 18
2 19
2 26
2 27
2 30
2 31
2 32
2 35
2 39
2 46
2 49
2 54
2 55
2 63
2 67
2 72
2 76
2 77
2 83
2 85
2 86
2 88
2 94
2 95
4 5
4 6
4 9
4 10
4 11
4 12
4 13
4 14
4 19
4 20
4 23
4 26
4 27
4 35
4 37
4 40
4 43
4 46
4 47
4 48
4 49
4 50
4 52
4 53
4 57
4 59
4 61
4 64
4 65
4 67
4 69
4 70
4 72
4 75
4 78
4 79
4 82
4 83
4 85
4 86
4 87
4 88
4 89
4 93
4 8
4 15
4 16
4 21
4 22
4 24
4 28
4 32
4 36
4 41
4 55
4 58
4 60
4 62
4 68
4 71
4 73
4 77
4 80
4 84
4 90
4 94
6 5
6 7
6 11
6 12
6 13
6 16
6 17
6 18
6 21
6 23
6 25
6 27
6 29
6 30
6 31
6 32
6 33
6 35
6 36
6 37
6 38
6 41
6 42
6 43
6 47
6 48
6 53
6 59
6 61
6 65
6 67
6 71
6 72
6 74
6 75
6 76
6 77
6 78
6 79
6 80
6 81
6 83
6 84
6 86
6 89
6 91
6 92
6 20
6 22
6 24
6 26
6 28
6 34
6 46
6 49
6 50
6 55
6 56
6 58
6 60
6 62
6 63
6 64
6 66
6 68
6 82
6 87
6 93
6 94
6 95
7 5
7 10
7 11
7 14
7 15
7 17
7 20
7 21
7 23
7 24
7 25
7 26
7 28
7 29
7 30
7 31
7 34
7 35
7 37
7 41
7 43
7 44
7 50
7 55
7 57
7 58
7 61
7 64
7 66
7 67
7 68
7 69
7 71
7 74
7 76
7 78
7 81
7 83
7 84
7 85
7 86
7 90
7 91
7 92
7 8
7 9
7 13
7 16
7 19
7 36
7 38
7 40
7 46
7 47
7 49
7 51
7 52
7 53
7 54
7 56
7 60
7 65
7 70
7 72
7 80
7 82
7 88
7 93
7 94
8 3
8 5
8 10
8 11
8 12
8 14
8 24
8 26
8 27
8 30
8 31
8 33
8 34
8 35
8 36
8 37
8 39
8 42
8 43
8 45
8 46
8 49
8 50
8 53
8 58
8 59
8 60
8 62
8 63
8 65
8 74
8 75
8 76
8 78
8 80
8 82
8 83
8 88
8 89
8 90
8 92
8 93
8 94
8 95
8 15
8 19
8 20
8 21
8 28
8 29
8 38
8 41
8 47
8 52
8 68
8 69
8 72
8 73
8 77
8 79
8 81
8 84
8 86
8 87
11 5
11 9
11 12
11 15
11 16
11 17
11 18
11 20
11 23
11 24
11 25
11 26
11 30
11 31
11 33
11 37
11 40
11 41
11 42
11 44
11 46
11 49
11 54
11 56
11 57
11 63
11 64
11 70
11 74
11 75
11 78
11 81
11 82
11 84
11 86
11 87
11 89
11 92
11 95
11 21
11 22
11 29
11 36
11 38
11 45
11 47
11 50
11 51
11 55
11 58
11 59
11 60
11 61
11 62
11 67
11 72
11 79
11 83
11 85
11 88
11 91
12 3
12 5
12 9
12 10
12 13
12 15
12 16
12 18
12 20
12 23
12 26
12 27
12 30
12 32
12 34
12 36
12 37
12 38
12 40
12 44
12 47
12 53
12 56
12 59
12 60
12 61
12 62
12 66
12 70
12 73
12 77
12 79
12 81
12 86
12 87
12 88
12 93
12 17
12 19
12 21
12 22
12 25
12 28
12 33
12 35
12 42
12 43
12 45
12 49
12 50
12 51
12 52
12 55
12 58
12 67
12 69
12 72
12 76
12 78
12 80
12 83
12 84
12 85
12 95
16 10
16 14
16 15
16 3
16 9
16 13
16 17
16 18
16 19
16 21
16 22
16 24
16 28
16 31
16 34
16 38
16 39
16 40
16 41
16 42
16 48
16 52
16 53
16 54
16 57
16 59
16 64
16 66
16 69
16 72
16 73
16 74
16 76
16 77
16 79
16 83
16 84
16 85
16 86
16 88
16 89
16 90
16 91
16 95
16 25
16 26
16 27
16 30
16 35
16 44
16 45
16 46
16 47
16 51
16 56
16 58
16 60
16 61
16 62
16 70
16 71
16 81
16 93
19 9
19 10
19 3
19 5
19 18
19 20
19 21
19 22
19 26
19 30
19 33
19 34
19 35
19 36
19 37
19 42
19 43
19 44
19 49
19 50
19 51
19 60
19 61
19 63
19 64
19 68
19 69
19 72
19 75
19 78
19 79
19 81
19 82
19 84
19 87
19 90
19 23
19 27
19 28
19 29
19 38
19 39
19 41
19 52
19 53
19 54
19 56
19 58
19 62
19 65
19 66
19 71
19 74
19 80
19 83
19 85
19 88
19 89
19 94
19 95
21 3
21 9
21 14
21 15
21 17
21 18
21 5
21 10
21 20
21 22
21 24
21 27
21 29
21 30
21 32
21 33
21 35
21 42
21 43
21 44
21 45
21 47
21 49
21 53
21 54
21 56
21 58
21 62
21 68
21 69
21 70
21 71
21 74
21 77
21 79
21 80
21 81
21 84
21 85
21 87
21 88
21 89
21 90
21 94
21 25
21 26
21 28
21 34
21 38
21 39
21 41
21 48
21 50
21 51
21 59
21 61
21 63
21 65
21 67
21 72
21 73
21 78
21 82
21 83
21 91
21 92
21 93
25 3
25 5
25 10
25 13
25 14
25 17
25 18
25 20
25 22
25 23
25 28
25 29
25 32
25 33
25 34
25 37
25 38
25 40
25 42
25 43
25 47
25 48
25 55
25 56
25 58
25 60
25 61
25 62
25 64
25 67
25 73
25 74
25 75
25 76
25 79
25 82
25 91
25 26
25 27
25 30
25 41
25 45
25 46
25 49
25 50
25 51
25 53
25 54
25 63
25 69
25 71
25 72
25 77
25 78
25 80
25 81
25 86
25 87
25 88
25 93
25 95
27 3
27 5
27 15
27 17
27 18
27 20
27 23
27 26
27 32
27 35
27 41
27 43
27 47
27 54
27 55
27 56
27 57
27 58
27 60
27 61
27 62
27 63
27 64
27 66
27 67
27 69
27 71
27 76
27 78
27 79
27 80
27 81
27 85
27 86
27 88
27 89
27 90
27 91
27 92
27 93
27 94
27 31
27 33
27 37
27 38
27 40
27 42
27 46
27 52
27 59
27 68
27 73
27 75
27 84
27 87
31 9
31 14
31 15
31 20
31 22
31 24
31 26
31 28
31 29
31 30
31 5
31 17
31 32
31 35
31 36
31 43
31 44
31 47
31 48
31 51
31 52
31 55
31 57
31 58
31 61
31 62
31 63
31 64
31 65
31 67
31 68
31 69
31 70
31 71
31 72
31 77
31 80
31 81
31 85
31 86
31 88
31 90
31 91
31 92
31 93
31 33
31 34
31 37
31 38
31 39
31 41
31 45
31 46
31 49
31 50
31 53
31 54
31 59
31 60
31 66
31 73
31 74
31 75
31 79
31 82
31 83
31 84
31 87
33 9
33 10
33 13
33 15
33 20
33 22
33 23
33 24
33 26
33 29
33 17
33 18
33 28
33 30
33 32
33 34
33 36
33 40
33 42
33 44
33 46
33 51
33 53
33 54
33 56
33 60
33 62
33 64
33 73
33 74
33 75
33 76
33 77
33 78
33 80
33 82
33 83
33 85
33 86
33 88
33 89
33 91
33 93
33 94
33 95
33 38
33 39
33 43
33 52
33 57
33 58
33 61
33 66
33 70
33 79
33 81
33 84
33 87
33 90
36 5
36 9
36 10
36 13
36 14
36 17
36 18
36 22
36 24
36 35
36 26
36 28
36 29
36 38
36 39
36 40
36 45
36 48
36 51
36 52
36 53
36 56
36 57
36 60
36 61
36 66
36 67
36 69
36 70
36 72
36 74
36 75
36 76
36 78
36 81
36 84
36 85
36 87
36 92
36 94
36 95
36 37
36 42
36 43
36 47
36 49
36 54
36 55
36 58
36 62
36 63
36 65
36 77
36 80
36 82
36 83
36 89
38 3
38 5
38 13
38 18
38 20
38 23
38 28
38 32
38 34
38 37
38 10
38 24
38 26
38 29
38 41
38 42
38 43
38 44
38 46
38 47
38 48
38 50
38 51
38 52
38 53
38 54
38 55
38 57
38 61
38 62
38 63
38 64
38 68
38 69
38 70
38 73
38 74
38 77
38 79
38 80
38 83
38 87
38 88
38 90
38 91
38 94
38 95
38 45
38 58
38 59
38 60
38 66
38 71
38 75
38 81
38 82
38 84
38 86
38 89
38 93
40 5
40 17
40 23
40 24
40 26
40 32
40 10
40 13
40 14
40 15
40 18
40 35
40 37
40 39
40 41
40 45
40 46
40 48
40 49
40 50
40 52
40 53
40 56
40 61
40 63
40 64
40 66
40 67
40 68
40 71
40 72
40 73
40 76
40 77
40 78
40 80
40 81
40 82
40 83
40 84
40 87
40 88
40 90
40 91
40 92
40 93
40 95
40 44
40 47
40 51
40 54
40 60
40 62
40 69
40 70
40 75
40 79
40 85
40 94
41 3
41 14
41 15
41 17
41 18
41 20
41 28
41 29
41 32
41 37
41 39
41 9
41 10
41 13
41 22
41 23
41 24
41 30
41 34
41 35
41 43
41 44
41 46
41 47
41 49
41 50
41 51
41 52
41 53
41 55
41 57
41 59
41 61
41 62
41 63
41 64
41 65
41 68
41 70
41 71
41 73
41 78
41 83
41 84
41 85
41 86
41 90
41 93
41 94
41 95
41 42
41 48
41 54
41 56
41 60
41 66
41 69
41 72
41 75
41 76
41 77
41 79
41 82
41 89
41 92
42 5
42 10
42 13
42 14
42 17
42 18
42 22
42 23
42 28
42 29
42 35
42 9
42 15
42 24
42 37
42 39
42 44
42 46
42 49
42 50
42 51
42 55
42 56
42 60
42 64
42 67
42 68
42 69
42 74
42 75
42 77
42 79
42 80
42 82
42 84
42 85
42 88
42 90
42 95
42 43
42 47
42 52
42 54
42 57
42 59
42 62
42 70
42 71
42 72
42 76
42 94
43 3
43 14
43 15
43 18
43 22
43 24
43 28
43 30
43 32
43 37
43 39
43 5
43 10
43 13
43 20
43 23
43 34
43 45
43 49
43 51
43 53
43 55
43 59
43 61
43 62
43 66
43 69
43 70
43 71
43 72
43 75
43 77
43 83
43 84
43 85
43 86
43 87
43 91
43 92
43 94
43 46
43 48
43 54
43 60
43 63
43 68
43 76
43 78
43 79
43 80
43 81
43 82
43 88
43 90
43 93
43 95
45 13
45 14
45 15
45 17
45 18
45 23
45 24
45 26
45 30
45 32
45 34
45 44
45 28
45 29
45 46
45 47
45 48
45 49
45 54
45 56
45 57
45 59
45 64
45 65
45 66
45 67
45 69
45 70
45 74
45 75
45 78
45 80
45 82
45 83
45 89
45 91
45 92
45 93
45 53
45 60
45 61
45 62
45 63
45 68
45 71
45 76
45 81
45 84
45 85
45 88
46 3
46 5
46 13
46 15
46 23
46 26
46 28
46 32
46 34
46 35
46 37
46 10
46 14
46 18
46 20
46 24
46 29
46 30
46 39
46 49
46 50
46 53
46 57
46 58
46 59
46 60
46 61
46 63
46 64
46 71
46 74
46 75
46 77
46 78
46 79
46 84
46 85
46 86
46 89
46 90
46 91
46 92
46 93
46 95
46 48
46 54
46 55
46 62
46 65
46 67
46 68
46 69
46 70
46 73
46 80
46 81
46 87
46 88
54 5
54 10
54 17
54 18
54 20
54 23
54 28
54 32
54 39
54 47
54 48
54 51
54 52
54 53
54 3
54 9
54 13
54 15
54 22
54 30
54 34
54 37
54 44
54 49
54 50
54 57
54 58
54 69
54 70
54 71
54 74
54 77
54 79
54 80
54 82
54 83
54 84
54 85
54 86
54 89
54 94
54 55
54 59
54 60
54 63
54 65
54 67
54 68
54 76
54 81
54 87
54 88
54 90
54 91
54 92
54 95
57 3
57 10
57 13
57 15
57 17
57 20
57 22
57 23
57 26
57 29
57 34
57 35
57 39
57 44
57 49
57 51
57 52
57 28
57 30
57 53
57 62
57 66
57 69
57 70
57 73
57 74
57 75
57 76
57 80
57 81
57 83
57 84
57 85
57 86
57 88
57 89
57 90
57 92
57 59
57 60
57 61
57 63
57 68
57 72
57 78
57 79
57 82
57 87
57 91
57 94
57 95
59 3
59 5
59 9
59 13
59 14
59 15
59 17
59 22
59 24
59 26
59 29
59 30
59 34
59 37
59 39
59 48
59 50
59 51
59 55
59 58
59 10
59 18
59 20
59 23
59 32
59 35
59 53
59 56
59 60
59 62
59 63
59 64
59 65
59 67
59 68
59 71
59 72
59 74
59 77
59 78
59 79
59 85
59 87
59 88
59 89
59 90
59 91
59 93
59 94
59 61
59 73
59 75
59 76
59 82
59 83
59 86
59 92
60 9
60 10
60 14
60 15
60 17
60 18
60 20
60 22
60 23
60 24
60 34
60 37
60 47
60 48
60 3
60 5
60 26
60 28
60 29
60 39
60 44
60 50
60 52
60 53
60 62
60 65
60 66
60 68
60 69
60 70
60 72
60 73
60 74
60 77
60 78
60 79
60 82
60 83
60 84
60 85
60 87
60 88
60 93
60 95
60 61
60 63
60 64
60 67
60 75
60 81
60 86
61 3
61 5
61 10
61 14
61 17
61 24
61 26
61 29
61 32
61 35
61 37
61 39
61 44
61 47
61 48
61 49
61 50
61 53
61 56
61 13
61 15
61 22
61 23
61 28
61 51
61 52
61 58
61 62
61 64
61 65
61 67
61 69
61 73
61 74
61 75
61 80
61 84
61 87
61 88
61 91
61 93
61 95
61 68
61 77
61 78
61 79
61 81
61 86
61 89
63 5
63 13
63 14
63 15
63 18
63 24
63 26
63 28
63 30
63 32
63 34
63 37
63 39
63 44
63 50
63 53
63 56
63 9
63 20
63 22
63 47
63 48
63 52
63 55
63 62
63 67
63 74
63 75
63 76
63 77
63 78
63 79
63 80
63 81
63 82
63 83
63 88
63 89
63 91
63 92
63 93
63 94
63 95
63 73
63 87
63 90
67 3
67 5
67 14
67 17
67 22
67 24
67 26
67 28
67 29
67 32
67 35
67 39
67 47
67 50
67 51
67 53
67 55
67 58
67 64
67 65
67 9
67 15
67 37
67 48
67 56
67 66
67 68
67 69
67 71
67 74
67 78
67 80
67 83
67 87
67 88
67 90
67 91
67 94
67 95
67 70
67 73
67 75
67 79
67 85
67 86
67 92
67 93
68 5
68 9
68 15
68 18
68 20
68 22
68 28
68 29
68 34
68 35
68 37
68 44
68 48
68 50
68 51
68 53
68 55
68 56
68 64
68 13
68 14
68 23
68 24
68 30
68 32
68 47
68 52
68 58
68 62
68 65
68 66
68 70
68 71
68 72
68 73
68 75
68 78
68 80
68 81
68 82
68 83
68 90
68 91
68 92
68 93
68 94
68 95
68 76
68 77
68 79
68 84
68 85
68 87
68 88
68 89
70 3
70 10
70 13
70 15
70 17
70 20
70 22
70 24
70 26
70 28
70 29
70 30
70 34
70 35
70 37
70 39
70 44
70 48
70 50
70 53
70 55
70 56
70 58
70 64
70 66
70 69
70 5
70 18
70 47
70 49
70 51
70 62
70 72
70 73
70 78
70 79
70 80
70 83
70 84
70 86
70 90
70 91
70 93
70 94
70 95
70 71
70 75
70 76
70 77
70 81
70 85
70 88
73 3
73 5
73 13
73 14
73 18
73 20
73 24
73 28
73 29
73 37
73 49
73 50
73 51
73 58
73 64
73 65
73 66
73 72
73 10
73 17
73 23
73 26
73 30
73 34
73 35
73 39
73 52
73 56
73 69
73 76
73 80
73 82
73 85
73 86
73 87
73 88
73 89
73 90
73 92
73 93
73 74
73 79
74 3
74 9
74 10
74 13
74 17
74 20
74 29
74 30
74 32
74 44
74 49
74 58
74 62
74 65
74 69
74 71
74 15
74 18
74 22
74 24
74 26
74 28
74 34
74 35
74 37
74 39
74 47
74 48
74 50
74 51
74 52
74 55
74 64
74 72
74 75
74 77
74 79
74 83
74 85
74 86
74 87
74 89
74 91
74 93
74 76
74 80
74 81
74 84
74 88
74 94
79 3
79 5
79 9
79 22
79 23
79 26
79 28
79 29
79 30
79 47
79 48
79 49
79 51
79 52
79 58
79 62
79 65
79 69
79 71
79 72
79 76
79 77
79 78
79 13
79 18
79 20
79 32
79 53
79 56
79 66
79 75
79 80
79 81
79 88
79 89
79 94
79 86
79 87
79 90
79 93
79 95
81 9
81 13
81 23
81 24
81 28
81 29
81 34
81 37
81 39
81 44
81 48
81 49
81 51
81 53
81 56
81 58
81 62
81 72
81 75
81 80
81 3
81 5
81 18
81 20
81 26
81 32
81 47
81 50
81 55
81 64
81 65
81 66
81 69
81 71
81 77
81 78
81 82
81 83
81 84
81 85
81 86
81 87
81 90
81 92
81 93
81 94
81 89
82 3
82 9
82 14
82 15
82 17
82 18
82 20
82 23
82 24
82 26
82 28
82 29
82 35
82 37
82 44
82 53
82 56
82 58
82 62
82 64
82 66
82 71
82 72
82 77
82 78
82 80
82 13
82 30
82 34
82 39
82 47
82 50
82 52
82 69
82 75
82 85
82 87
82 88
82 90
82 92
82 93
82 94
82 83
82 84
82 89
83 3
83 5
83 15
83 17
83 18
83 26
83 28
83 29
83 30
83 32
83 37
83 47
83 51
83 53
83 55
83 56
83 62
83 66
83 69
83 72
83 77
83 80
83 9
83 10
83 22
83 23
83 39
83 44
83 48
83 50
83 64
83 71
83 76
83 78
83 85
83 88
83 89
83 90
83 91
83 93
83 94
83 84
83 87
84 3
84 9
84 10
84 13
84 14
84 15
84 20
84 22
84 23
84 24
84 26
84 29
84 32
84 34
84 35
84 37
84 39
84 48
84 49
84 50
84 51
84 52
84 53
84 56
84 58
84 64
84 65
84 69
84 76
84 77
84 78
84 80
84 17
84 18
84 28
84 30
84 44
84 47
84 55
84 71
84 86
84 87
84 88
84 90
84 91
84 93
84 95
84 94
87 3
87 9
87 13
87 14
87 15
87 17
87 18
87 20
87 24
87 26
87 28
87 30
87 39
87 48
87 49
87 50
87 51
87 52
87 53
87 55
87 56
87 58
87 62
87 65
87 72
87 76
87 78
87 86
87 5
87 10
87 22
87 23
87 29
87 32
87 34
87 47
87 64
87 66
87 71
87 75
87 77
87 80
87 88
87 89
87 91
87 90
87 92
87 94
88 3
88 9
88 14
88 17
88 18
88 20
88 24
88 32
88 47
88 50
88 51
88 52
88 53
88 55
88 56
88 58
88 62
88 65
88 69
88 72
88 76
88 77
88 78
88 5
88 10
88 15
88 23
88 26
88 28
88 29
88 34
88 39
88 48
88 49
88 64
88 71
88 85
88 86
88 90
88 91
88 92
88 95
90 3
90 5
90 9
90 13
90 18
90 20
90 22
90 23
90 24
90 26
90 34
90 35
90 39
90 44
90 47
90 49
90 53
90 55
90 56
90 62
90 64
90 65
90 66
90 69
90 71
90 72
90 75
90 77
90 85
90 89
90 10
90 15
90 28
90 29
90 30
90 50
90 58
90 76
90 80
90 93
90 95
90 94
94 9
94 10
94 17
94 24
94 35
94 37
94 39
94 44
94 48
94 50
94 51
94 53
94 55
94 58
94 64
94 65
94 72
94 75
94 78
94 85
94 86
94 89
94 91
94 92
94 93
94 3
94 5
94 18
94 22
94 23
94 26
94 28
94 32
94 47
94 49
94 52
94 69
94 71
94 77
94 80
94 95
95 5
95 9
95 13
95 15
95 18
95 44
95 51
95 52
95 55
95 64
95 65
95 66
95 71
95 72
95 77
95 85
95 86
95 91
95 93
95 10
95 20
95 24
95 30
95 34
95 35
95 37
95 48
95 50
95 62
95 69
95 78
95 80
3 5
3 9
3 13
3 23
3 26
3 30
3 35
3 37
3 47
3 49
3 50
3 53
3 64
3 65
3 66
3 69
3 72
3 75
3 78
3 85
3 92
3 93
3 10
3 17
3 20
3 22
3 24
3 28
3 29
3 32
3 48
3 51
3 55
3 58
3 62
3 86
3 89
3 91
13 5
13 9
13 10
13 15
13 17
13 18
13 22
13 23
13 24
13 28
13 29
13 32
13 44
13 50
13 53
13 58
13 62
13 64
13 72
13 80
13 20
13 30
13 35
13 37
13 39
13 47
13 49
13 55
13 56
13 65
13 76
13 77
13 86
13 89
13 91
14 10
14 9
14 18
14 20
14 22
14 23
14 26
14 28
14 48
14 52
14 53
14 56
14 58
14 62
14 64
14 65
14 66
14 72
14 75
14 76
14 77
14 85
14 89
14 15
14 17
14 24
14 37
14 50
14 51
14 69
14 91
14 92
14 93
17 5
17 10
17 18
17 26
17 28
17 30
17 32
17 35
17 37
17 39
17 44
17 49
17 50
17 51
17 52
17 55
17 62
17 65
17 66
17 77
17 80
17 86
17 89
17 92
17 93
17 20
17 22
17 23
17 48
17 53
17 58
17 64
17 71
17 72
17 76
17 78
17 85
17 91
20 10
20 5
20 9
20 15
20 22
20 23
20 26
20 35
20 44
20 50
20 51
20 52
20 53
20 72
20 77
20 80
20 85
20 86
20 24
20 28
20 30
20 34
20 37
20 39
20 47
20 48
20 56
20 62
20 66
20 71
20 75
20 78
22 5
22 15
22 10
22 23
22 24
22 26
22 29
22 30
22 32
22 37
22 39
22 44
22 49
22 50
22 51
22 56
22 64
22 75
22 76
22 77
22 78
22 80
22 86
22 34
22 47
22 48
22 52
22 53
22 55
22 58
22 62
22 66
22 69
22 71
22 92
26 5
26 9
26 15
26 24
26 18
26 23
26 29
26 30
26 32
26 34
26 44
26 48
26 49
26 51
26 53
26 55
26 56
26 58
26 62
26 64
26 65
26 66
26 69
26 71
26 75
26 77
26 93
26 28
26 35
26 50
26 72
26 78
26 89
26 92
28 15
28 24
28 5
28 9
28 18
28 29
28 30
28 32
28 34
28 35
28 39
28 44
28 47
28 48
28 50
28 51
28 52
28 55
28 56
28 58
28 65
28 66
28 72
28 75
28 76
28 77
28 85
28 86
28 91
28 92
28 93
28 37
28 53
28 64
28 71
28 89
29 9
29 15
29 10
29 18
29 32
29 34
29 44
29 49
29 51
29 52
29 53
29 62
29 65
29 66
29 72
29 77
29 89
29 92
29 30
29 35
29 50
29 55
29 69
29 71
29 76
29 78
29 85
29 86
32 15
32 18
32 23
32 24
32 5
32 9
32 10
32 35
32 37
32 39
32 44
32 47
32 48
32 52
32 56
32 62
32 66
32 75
32 80
32 85
32 89
32 51
32 65
32 76
32 77
32 78
32 93
37 10
37 34
37 15
37 23
37 35
37 44
37 47
37 48
37 50
37 51
37 52
37 53
37 62
37 65
37 66
37 71
37 75
37 76
37 80
37 91
37 92
37 49
37 55
37 56
37 64
37 69
37 77
37 78
37 86
37 93
50 15
50 23
50 24
50 49
50 10
50 30
50 39
50 47
50 48
50 51
50 52
50 65
50 69
50 72
50 75
50 78
50 89
50 91
50 92
50 53
50 56
50 62
50 64
50 66
50 71
50 77
50 86
52 15
52 18
52 30
52 44
52 9
52 10
52 23
52 39
52 47
52 48
52 51
52 56
52 72
52 75
52 77
52 85
52 89
52 91
52 55
52 58
52 65
52 76
52 86
53 10
53 24
53 34
53 35
53 39
53 44
53 48
53 9
53 15
53 23
53 49
53 62
53 64
53 65
53 69
53 75
53 76
53 89
53 93
53 56
53 71
53 72
53 78
53 85
53 86
58 5
58 9
58 10
58 18
58 23
58 34
58 35
58 39
58 44
58 48
58 55
58 15
58 24
58 49
58 51
58 56
58 66
58 72
58 75
58 76
58 80
58 89
58 91
58 92
58 62
58 69
58 77
58 86
62 5
62 9
62 24
62 30
62 34
62 48
62 49
62 10
62 15
62 23
62 35
62 39
62 44
62 47
62 55
62 65
62 72
62 76
62 85
62 86
62 91
62 64
62 71
62 77
62 89
62 92
65 18
65 23
65 24
65 30
65 34
65 47
65 48
65 49
65 64
65 10
65 15
65 39
65 55
65 56
65 66
65 71
65 76
65 77
65 78
65 85
65 91
65 92
65 93
65 69
65 75
65 80
65 86
66 15
66 18
66 24
66 35
66 48
66 49
66 55
66 56
66 64
66 10
66 34
66 39
66 51
66 69
66 72
66 75
66 76
66 78
66 80
66 85
66 92
66 93
66 71
66 86
66 89
66 91
77 5
77 9
77 30
77 34
77 35
77 51
77 55
77 56
77 69
77 72
77 75
77 15
77 18
77 23
77 24
77 39
77 47
77 48
77 76
77 78
77 80
77 85
77 86
77 89
77 91
77 92
86 5
86 10
86 24
86 34
86 44
86 49
86 56
86 69
86 71
86 76
86 78
86 80
86 85
86 35
86 48
86 55
86 75
86 89
86 93
89 5
89 15
89 23
89 35
89 49
89 55
89 56
89 69
89 80
89 10
89 18
89 24
89 30
89 48
89 64
89 72
89 85
89 91
89 92
89 93
91 5
91 18
91 30
91 34
91 35
91 39
91 47
91 49
91 51
91 55
91 69
91 71
91 72
91 75
91 78
91 80
91 10
91 15
91 24
91 56
91 64
91 76
91 93
92 9
92 18
92 23
92 30
92 35
92 48
92 75
92 80
92 85
92 10
92 34
92 39
92 44
92 47
92 51
92 55
92 64
92 76
92 78
92 93
5 9
5 15
5 23
5 35
5 44
5 47
5 48
5 51
5 56
5 71
5 72
5 78
5 80
5 10
5 24
5 49
5 69
5 75
5 93
9 15
9 18
9 24
9 47
9 49
9 56
9 64
9 69
9 71
9 72
9 76
9 78
9 80
9 85
9 10
9 44
9 48
9 51
9 55
10 44
10 47
10 64
10 72
10 76
10 78
10 80
10 93
10 75
10 85
15 23
15 24
15 35
15 39
15 51
15 69
15 75
15 76
15 78
15 30
15 34
15 49
15 64
15 85
24 18
24 30
24 34
24 35
24 39
24 55
24 56
24 64
24 69
24 71
24 72
24 75
24 85
24 93
24 47
24 48
24 49
24 76
24 78
34 18
34 35
34 39
34 44
34 48
34 49
34 51
34 55
34 56
34 64
34 72
34 80
34 69
34 71
34 75
34 85
47 35
47 39
47 23
47 44
47 56
47 64
47 69
47 72
47 76
47 80
47 49
47 71
47 78
48 30
48 35
48 44
48 23
48 49
48 51
48 56
48 69
48 71
48 75
48 78
48 80
48 85
48 55
48 64
48 72
71 18
71 39
71 44
71 56
71 64
71 69
71 72
71 76
71 85
71 78
75 18
75 23
75 30
75 39
75 44
75 49
75 51
75 55
75 56
75 69
75 72
75 78
75 85
75 76
78 30
78 49
78 51
78 55
78 69
78 76
78 23
78 39
78 72
78 80
78 85
80 18
80 23
80 30
80 51
80 55
80 64
80 69
80 76
80 35
80 39
80 44
80 72
80 85
80 93
23 18
23 35
23 51
23 55
23 69
23 72
23 85
23 93
23 30
23 39
23 64
30 18
30 44
30 49
30 64
30 72
30 93
30 55
30 56
30 76
30 85
35 18
35 39
35 44
35 55
35 49
35 56
35 64
35 72
35 93
49 44
49 18
49 51
49 55
49 64
49 76
49 85
49 56
49 72
49 93
64 44
64 55
64 18
64 39
64 51
64 69
64 72
64 76
64 85
64 93
69 18
69 39
69 44
69 55
69 51
69 56
69 72
69 76
69 85
72 18
72 39
72 51
72 55
72 56
72 76
72 93
85 39
85 44
85 55
85 56
85 51
85 76
85 93
93 55
93 56
93 18
93 39
93 51
44 39
44 55
51 18
51 55
51 56
56 18
56 55
56 76
18 39
18 55
76 55
76 39