0 1 2 3 4 5 6 7 8 9 10 11 12 13 14 15 16 17 18 19 20 21 22 23 24 25 26 27 28 29 30 31 32 33 34 35 36 37 38 39 40 41 42 43 44 45 46 47 48 49 50 51 52 53 54 55 56 57 58 59 60 61 62 63 64 65 66 67 68 69 70 71 72 73 74 75 76 77 78 79 80 81 82 83 84 85 86 87 88 89 90 91 92 93 94 95 96 97 98 99
0 17
0 48
0 31
1 76
1 45
2 55
3 52
3 72
4 37
5 64
5 80
5 86
6 30
7 80
8 87
8 33
8 78
9 78
10 39
10 80
10 95
11 38
12 74
12 75
12 56
12 46
13 76
13 51
14 56
15 84
15 26
15 42
16 99
17 60
18 49
18 95
19 45
20 23
20 26
21 41
21 93
22 82
22 97
23 54
23 52
24 62
25 29
26 35
26 43
26 41
27 35
28 92
28 71
28 34
29 38
29 98
30 32
30 64
32 36
33 53
35 46
36 67
37 63
37 61
38 69
39 87
39 76
40 96
41 63
44 79
44 59
47 77
48 71
48 91
48 55
50 72
52 99
55 81
56 70
57 62
58 95
58 89
60 70
60 66
62 64
63 88
65 82
68 69
70 96
71 82
73 82
73 83
75 76
76 94
77 94
77 85
79 80
88 90
93 98