0 1 2 3 4 5 6 7 8 9 10 11 12 13 14 15 16 17 18 19 20 21 22 23 24 25 26 27 28 29 30 31 32 33 34 35 36 37 38 39 40 41 42 43 44 45 46 47 48 49 50 51 52 53 54 55 56 57 58 59 60 61 62 63 64 65 66 67 68 69 70 71 72 73 74 75 76 77
0 1
0 63
0 70
0 25
0 35
0 75
0 15
0 49
0 41
0 27
1 2
1 71
1 41
1 62
1 77
2 3
3 4
3 36
4 5
5 6
5 15
6 7
6 21
7 8
7 70
8 9
8 24
8 52
9 10
9 20
9 21
9 45
10 11
10 31
11 12
11 35
11 21
11 75
12 13
13 14
14 15
15 16
15 43
15 47
16 17
17 18
18 19
19 20
20 21
20 43
20 41
21 22
21 41
21 35
21 27
21 77
21 63
22 23
22 42
22 38
22 74
23 24
23 35
23 31
24 25
24 31
24 76
25 26
25 38
26 27
26 60
27 28
27 33
28 29
28 37
29 30
30 31
31 32
32 33
33 34
34 35
35 36
35 70
36 37
36 56
37 38
38 39
38 41
39 40
40 41
41 42
42 43
43 44
43 77
44 45
45 46
45 65
46 47
47 48
48 49
48 67
49 50
49 64
50 51
50 75
51 52
51 65
51 58
52 53
53 54
54 55
55 56
55 68
56 57
57 58
58 59
58 70
59 60
59 64
60 61
61 62
61 68
62 63
63 64
63 77
64 65
65 66
66 67
67 68
68 69
68 77
69 70
69 74
70 71
71 72
72 73
73 74
74 75
75 76
76 77