0 9 10 26 27 28 29 30 31 32 33 34 35 36 37 38 39 40 41 42 1 21 43 44 45 46 47 48 49 50 51 52 53 54 55 56 57 58 59 60 61 2 24 22 62 63 64 65 66 67 68 69 70 71 72 73 74 75 76 77 78 3 11 79 80 81 82 83 84 85 86 87 88 89 90 91 92 93 4 14 5 25 94 95 96 97 98 99 13 6 7 8 19 20 18 12 16 15 17 23
0 9
0 10
0 26
0 27
0 28
0 29
0 30
0 31
0 32
0 33
0 34
0 35
0 36
0 37
0 38
0 39
0 40
0 41
0 42
9 20
9 33
9 48
9 66
9 81
9 98
10 3
10 18
10 49
10 67
10 82
10 99
26 1
27 2
28 3
29 5
30 6
31 7
32 8
34 11
35 12
36 14
37 16
38 17
39 21
40 22
41 23
42 25
1 21
1 43
1 44
1 45
1 46
1 47
1 48
1 49
1 50
1 51
1 52
1 53
1 54
1 55
1 56
1 57
1 58
1 59
1 60
1 61
21 4
21 58
21 75
43 2
44 3
45 4
46 5
47 8
50 13
51 14
52 15
53 16
54 17
55 18
56 19
57 20
59 22
60 23
61 25
2 24
2 22
2 62
2 63
2 64
2 65
2 66
2 67
2 68
2 69
2 70
2 71
2 72
2 73
2 74
2 75
2 76
2 77
2 78
24 7
24 17
24 78
24 92
22 3
22 6
22 19
22 76
22 90
62 3
63 5
64 7
65 8
68 11
69 13
70 14
71 15
72 16
73 19
74 20
77 23
3 11
3 79
3 80
3 81
3 82
3 83
3 84
3 85
3 86
3 87
3 88
3 89
3 90
3 91
3 92
3 93
79 4
80 8
83 12
84 13
85 14
86 17
87 18
88 19
89 20
91 23
93 25
4 14
4 5
4 25
4 94
4 95
4 96
4 97
4 98
4 99
14 12
5 13
5 94
25 23
95 6
96 7
97 8
13 16
8 19
19 15
19 16