0 1 2 3 4 5 6 7 8 9 10 11 12 13 14 15 16 17 18 19 20 21 22 23 24 25 26 27 28 29 30 31 32 33 34 35 36 37 38 39 40 41 42 43 44 45 46 47 48 49 50 51 52 53 54 55 56 57 58 59 60 61 62 63 64 65 66 67 68 69 70 71 72 73 74 75 76 77 78 79 80 81 82 83 84 85 86 87 88 89 90 91 92 93 94 95 96 97 98
0 12
1 28
1 13
1 35
1 36
2 37
2 19
2 38
3 39
3 32
3 29
3 40
3 15
4 32
4 41
4 9
5 44
5 43
5 12
6 45
6 46
7 48
7 47
7 26
7 25
8 49
9 51
9 52
10 11
10 32
10 53
10 54
11 21
12 57
12 58
13 60
13 27
13 17
13 24
13 59
14 62
15 63
15 30
15 64
16 31
16 66
16 65
17 68
18 19
18 70
19 22
19 31
19 71
20 73
20 28
20 74
21 76
22 77
22 78
23 28
23 79
24 81
24 82
25 83
26 86
27 88
27 87
28 89
28 90
29 92
31 95
31 96
32 98
32 97
33 35
34 36
37 39
41 43
42 44
45 47
49 51
50 52
53 55
54 56
61 63
62 64
65 67
69 71
70 72
73 75
78 80
82 84
85 87
86 88
89 91
90 92
93 95
94 96