0 93 52 24 37 89 74 63 6 45 53 56 10 58 67 72 98 71 59 15 35 12 41 83 81 76 49 17 64 16 30 46 33 1 4 7 36 85 19 8 42 57 66 40 31 87 80 68 34 79 75 96 97 39 47 43 28 3 2 13 73 14 44 70 62 92 51 38 77 95 26 48 86 91 90 55 29 5 18 54 60 27 84 32 9 21 88 61 99 94 78 65 69 50 11 22 82 23 20 25
0 93
0 52
0 24
0 37
0 89
0 74
0 63
0 6
0 45
0 53
0 56
0 10
0 58
0 67
0 72
0 98
0 71
0 59
0 15
0 35
0 12
0 41
0 83
0 81
0 76
0 49
0 17
0 64
0 16
0 30
0 46
0 33
0 1
0 2
0 3
0 4
0 7
0 8
0 9
0 11
0 14
0 18
0 20
0 22
0 25
0 28
0 32
0 34
0 36
0 39
0 40
0 42
0 43
0 44
0 47
0 48
0 51
0 61
0 62
0 66
0 68
0 70
0 77
0 84
0 85
0 87
0 88
0 91
0 95
0 96
0 99
93 2
93 3
93 5
93 8
93 15
93 16
93 17
93 19
93 20
93 35
93 38
93 42
93 46
93 48
93 51
93 52
93 59
93 60
93 61
93 63
93 69
93 71
93 72
93 74
93 75
93 78
93 80
93 82
93 84
93 90
93 91
93 28
93 27
93 86
93 14
93 45
93 89
93 33
93 57
93 41
93 7
93 65
93 34
93 36
93 58
93 67
93 49
93 18
93 73
93 94
93 54
93 85
93 83
93 4
93 40
93 79
93 13
93 29
93 66
93 77
93 26
93 22
93 47
93 6
93 95
52 1
52 6
52 10
52 14
52 17
52 19
52 20
52 21
52 22
52 32
52 33
52 35
52 36
52 41
52 47
52 24
52 45
52 86
52 63
52 89
52 2
52 40
52 25
52 95
52 28
52 13
52 84
52 68
52 49
52 34
52 39
52 76
52 42
52 11
52 18
52 61
52 73
52 48
52 23
52 91
52 38
52 30
52 53
52 59
52 60
52 64
52 67
52 71
52 72
52 74
52 75
52 78
52 79
52 80
52 83
52 85
52 97
52 98
52 99
24 1
24 2
24 5
24 6
24 10
24 11
24 14
24 18
24 21
24 51
24 41
24 7
24 99
24 32
24 81
24 92
24 77
24 72
24 61
24 26
24 71
24 82
24 23
24 25
24 20
24 86
24 16
24 33
24 78
24 54
24 22
24 95
24 96
24 3
24 48
24 45
24 27
24 94
24 64
24 35
24 37
24 43
24 47
24 57
24 58
24 60
24 66
24 67
24 68
24 69
24 70
24 74
24 75
24 79
24 80
24 83
24 84
24 85
24 87
24 98
37 9
37 12
37 18
37 20
37 25
37 27
37 30
37 35
37 19
37 54
37 21
37 1
37 71
37 70
37 39
37 86
37 72
37 96
37 60
37 10
37 95
37 99
37 29
37 40
37 23
37 81
37 65
37 63
37 79
37 48
37 53
37 28
37 3
37 66
37 78
37 42
37 43
37 46
37 47
37 55
37 56
37 57
37 58
37 62
37 67
37 74
37 75
37 76
37 82
37 84
37 87
37 89
89 6
89 9
89 10
89 13
89 15
89 16
89 19
89 21
89 22
89 25
89 34
89 35
89 36
89 41
89 44
89 46
89 57
89 63
89 65
89 66
89 70
89 71
89 72
89 79
89 81
89 82
89 83
89 85
89 88
89 18
89 28
89 68
89 67
89 56
89 75
89 32
89 11
89 94
89 76
89 74
89 78
89 53
89 4
89 17
89 8
89 50
89 14
89 5
89 62
89 60
89 49
89 12
89 92
89 43
89 26
89 30
89 87
89 42
89 29
89 58
89 33
89 97
89 99
74 1
74 3
74 13
74 16
74 22
74 29
74 30
74 33
74 38
74 43
74 45
74 47
74 49
74 56
74 58
74 59
74 60
74 66
74 68
74 71
74 72
74 73
74 41
74 8
74 5
74 32
74 23
74 76
74 44
74 79
74 55
74 69
74 34
74 92
74 70
74 27
74 98
74 14
74 6
74 67
74 18
74 19
74 10
74 91
74 35
74 95
74 80
74 62
74 21
74 39
74 64
74 46
74 86
74 12
74 78
74 54
74 9
74 53
74 4
74 36
74 25
74 84
74 88
74 90
74 94
74 96
74 99
63 4
63 5
63 6
63 8
63 14
63 17
63 18
63 19
63 22
63 26
63 28
63 36
63 38
63 41
63 42
63 43
63 44
63 45
63 47
63 53
63 57
63 58
63 61
63 62
63 15
63 21
63 55
63 60
63 31
63 3
63 85
63 54
63 23
63 99
63 72
63 65
63 88
63 77
63 94
63 40
63 34
63 27
63 86
63 35
63 79
63 2
63 83
63 20
63 75
63 51
63 32
63 69
63 1
63 46
63 64
63 66
63 70
63 71
63 73
63 80
63 87
63 90
63 92
63 95
63 97
6 1
6 3
6 42
6 86
6 50
6 64
6 34
6 40
6 54
6 11
6 22
6 31
6 76
6 2
6 94
6 95
6 43
6 55
6 49
6 56
6 98
6 79
6 62
6 19
6 99
6 18
6 13
6 48
6 17
6 90
6 44
6 75
6 92
6 82
6 59
6 46
6 7
6 9
6 23
6 20
6 21
6 16
6 12
6 14
6 15
6 25
6 29
6 33
6 35
6 41
6 47
6 51
6 53
6 57
6 58
6 60
6 69
6 72
6 78
6 81
6 87
6 88
6 91
6 96
45 16
45 17
45 18
45 19
45 21
45 23
45 27
45 32
45 33
45 34
45 36
45 39
45 41
45 42
45 48
45 81
45 82
45 94
45 38
45 84
45 30
45 96
45 62
45 25
45 28
45 91
45 58
45 57
45 44
45 14
45 5
45 60
45 65
45 49
45 47
45 90
45 73
45 13
45 54
45 9
45 2
45 83
45 86
45 4
45 69
45 15
45 53
45 55
45 59
45 64
45 66
45 67
45 68
45 70
45 76
45 78
45 85
45 88
45 98
53 5
53 13
53 14
53 21
53 27
53 32
53 33
53 34
53 36
53 38
53 48
53 49
53 50
53 51
53 22
53 47
53 90
53 41
53 43
53 46
53 76
53 10
53 72
53 26
53 59
53 94
53 96
53 31
53 98
53 20
53 64
53 35
53 92
53 54
53 86
53 40
53 30
53 61
53 25
53 66
53 1
53 3
53 29
53 83
53 7
53 28
53 55
53 56
53 57
53 58
53 60
53 65
53 69
53 71
53 75
53 78
53 79
53 80
53 81
53 82
53 84
53 85
53 87
53 99
56 1
56 3
56 4
56 10
56 12
56 14
56 31
56 33
56 34
56 35
56 42
56 47
56 50
56 51
56 85
56 43
56 49
56 8
56 21
56 60
56 81
56 30
56 20
56 54
56 23
56 25
56 59
56 11
56 78
56 87
56 41
56 69
56 55
56 66
56 61
56 82
56 83
56 5
56 38
56 32
56 65
56 22
56 27
56 28
56 16
56 18
56 13
56 62
56 64
56 68
56 71
56 73
56 75
56 76
56 77
56 79
56 84
56 86
56 90
56 92
56 96
56 98
56 99
10 1
10 2
10 3
10 9
10 94
10 4
10 51
10 32
10 91
10 66
10 77
10 47
10 86
10 81
10 83
10 30
10 85
10 8
10 11
10 97
10 58
10 44
10 68
10 38
10 22
10 87
10 5
10 50
10 95
10 15
10 98
10 19
10 17
10 23
10 61
10 12
10 14
10 16
10 18
10 20
10 25
10 27
10 29
10 31
10 33
10 35
10 39
10 40
10 41
10 42
10 43
10 46
10 49
10 57
10 59
10 60
10 62
10 70
10 71
10 73
10 78
10 79
10 82
10 84
10 88
10 92
10 99
58 1
58 3
58 5
58 7
58 11
58 22
58 28
58 30
58 33
58 35
58 38
58 46
58 47
58 51
58 55
58 57
58 83
58 16
58 43
58 36
58 78
58 66
58 27
58 44
58 40
58 97
58 54
58 4
58 48
58 21
58 20
58 92
58 12
58 41
58 8
58 75
58 19
58 86
58 23
58 15
58 34
58 68
58 60
58 62
58 64
58 67
58 69
58 70
58 72
58 73
58 79
58 81
58 82
58 84
58 87
58 94
58 95
58 98
67 1
67 2
67 3
67 4
67 9
67 17
67 20
67 23
67 26
67 31
67 32
67 33
67 38
67 39
67 40
67 41
67 42
67 50
67 60
67 62
67 66
67 14
67 19
67 78
67 69
67 22
67 94
67 88
67 8
67 27
67 73
67 83
67 76
67 35
67 13
67 25
67 12
67 5
67 97
67 68
67 59
67 21
67 84
67 75
67 80
67 81
67 82
67 85
67 91
67 95
67 98
67 99
72 4
72 8
72 11
72 13
72 14
72 26
72 28
72 32
72 35
72 36
72 39
72 40
72 43
72 44
72 46
72 48
72 57
72 60
72 62
72 17
72 16
72 47
72 79
72 29
72 95
72 94
72 34
72 21
72 75
72 85
72 38
72 9
72 1
72 68
72 69
72 59
72 42
72 51
72 30
72 81
72 88
72 25
72 66
72 90
72 49
72 27
72 12
72 54
72 50
72 73
72 77
72 78
72 80
72 82
72 83
72 84
72 87
72 92
72 97
72 99
98 3
98 7
98 11
98 12
98 13
98 14
98 16
98 17
98 18
98 21
98 22
98 27
98 28
98 31
98 33
98 41
98 42
98 46
98 54
98 57
98 62
98 64
98 71
98 77
98 84
98 87
98 88
98 91
98 94
98 39
98 34
98 86
98 23
98 96
98 20
98 85
98 38
98 70
98 65
98 15
98 44
98 61
98 43
98 49
98 92
98 80
98 35
98 40
98 78
98 1
98 81
98 36
98 9
98 4
71 9
71 17
71 21
71 22
71 27
71 29
71 31
71 32
71 35
71 40
71 46
71 54
71 57
71 59
71 61
71 65
71 70
71 13
71 3
71 14
71 20
71 50
71 33
71 5
71 15
71 26
71 95
71 19
71 11
71 39
71 12
71 38
71 77
71 23
71 25
71 36
71 62
71 83
71 48
71 55
71 97
71 42
71 92
71 44
71 4
71 1
71 68
71 2
71 30
71 60
71 51
71 41
71 34
71 96
71 85
71 86
71 90
71 94
71 99
59 2
59 3
59 13
59 15
59 19
59 26
59 27
59 32
59 36
59 38
59 39
59 41
59 42
59 43
59 46
59 47
59 48
59 51
59 57
59 33
59 22
59 66
59 79
59 29
59 9
59 12
59 1
59 11
59 35
59 21
59 20
59 5
59 25
59 14
59 70
59 31
59 83
59 17
59 91
59 55
59 49
59 16
59 60
59 61
59 62
59 64
59 68
59 75
59 76
59 82
59 84
59 86
59 87
59 94
59 96
59 97
59 99
15 4
15 5
15 8
15 12
15 81
15 42
15 97
15 57
15 87
15 36
15 73
15 27
15 92
15 18
15 48
15 84
15 9
15 13
15 17
15 41
15 88
15 29
15 82
15 3
15 77
15 78
15 11
15 85
15 30
15 14
15 7
15 20
15 22
15 25
15 32
15 33
15 35
15 38
15 43
15 46
15 50
15 55
15 60
15 61
15 62
15 66
15 70
15 75
15 83
15 86
15 90
15 96
35 1
35 4
35 20
35 23
35 41
35 18
35 38
35 66
35 25
35 16
35 11
35 49
35 85
35 69
35 50
35 73
35 96
35 47
35 76
35 2
35 79
35 97
35 31
35 32
35 34
35 68
35 29
35 60
35 80
35 36
35 3
35 39
35 61
35 17
35 40
35 42
35 44
35 51
35 54
35 55
35 57
35 64
35 70
35 78
35 83
35 84
35 87
35 99
12 2
12 8
12 1
12 65
12 4
12 54
12 62
12 27
12 11
12 26
12 61
12 44
12 55
12 7
12 13
12 25
12 90
12 29
12 50
12 69
12 78
12 83
12 46
12 95
12 79
12 20
12 47
12 64
12 86
12 42
12 38
12 87
12 16
12 18
12 19
12 21
12 22
12 23
12 31
12 33
12 34
12 39
12 43
12 48
12 49
12 51
12 57
12 68
12 73
12 76
12 81
12 84
12 91
12 92
12 94
12 96
12 99
41 3
41 4
41 11
41 14
41 17
41 18
41 19
41 27
41 33
41 36
41 64
41 78
41 2
41 46
41 48
41 60
41 21
41 26
41 16
41 32
41 5
41 54
41 31
41 34
41 30
41 73
41 95
41 20
41 99
41 94
41 43
41 44
41 82
41 83
41 57
41 55
41 65
41 66
41 69
41 70
41 75
41 77
41 86
41 87
41 88
41 90
41 91
83 5
83 7
83 8
83 18
83 21
83 25
83 29
83 34
83 36
83 39
83 42
83 44
83 55
83 57
83 61
83 62
83 75
83 76
83 78
83 79
83 80
83 27
83 85
83 95
83 97
83 22
83 51
83 50
83 40
83 77
83 66
83 46
83 54
83 84
83 33
83 1
83 68
83 96
83 20
83 16
83 43
83 86
83 88
83 90
83 92
83 94
83 99
81 3
81 9
81 11
81 13
81 16
81 22
81 23
81 29
81 30
81 40
81 43
81 46
81 50
81 54
81 55
81 60
81 61
81 70
81 76
81 77
81 78
81 79
81 20
81 66
81 2
81 47
81 42
81 94
81 36
81 51
81 31
81 57
81 75
81 65
81 33
81 38
81 34
81 87
81 64
81 48
81 69
81 18
81 25
81 7
81 26
81 82
81 84
81 86
81 92
81 97
81 99
76 3
76 7
76 9
76 14
76 17
76 27
76 31
76 32
76 34
76 38
76 40
76 46
76 47
76 48
76 50
76 54
76 55
76 64
76 73
76 75
76 92
76 80
76 39
76 57
76 26
76 79
76 8
76 60
76 11
76 82
76 29
76 22
76 30
76 88
76 5
76 42
76 68
76 16
76 43
76 19
76 77
76 78
76 86
76 91
76 95
76 96
76 97
49 16
49 17
49 20
49 21
49 25
49 27
49 28
49 31
49 34
49 36
49 38
49 39
49 43
49 46
49 29
49 91
49 30
49 32
49 55
49 40
49 51
49 79
49 73
49 87
49 48
49 65
49 44
49 3
49 95
49 42
49 99
49 11
49 13
49 26
49 4
49 82
49 14
49 96
49 97
49 85
49 5
49 8
49 50
49 54
49 57
49 61
49 62
49 64
49 70
49 75
49 80
49 86
49 90
49 92
49 94
17 1
17 5
17 14
17 16
17 27
17 2
17 48
17 84
17 29
17 9
17 80
17 3
17 36
17 47
17 20
17 44
17 75
17 92
17 78
17 64
17 38
17 26
17 13
17 4
17 11
17 66
17 99
17 79
17 85
17 18
17 21
17 23
17 28
17 31
17 33
17 42
17 43
17 50
17 51
17 57
17 60
17 68
17 70
17 73
17 87
17 91
17 94
17 97
64 1
64 2
64 4
64 8
64 14
64 22
64 28
64 31
64 33
64 34
64 39
64 40
64 44
64 47
64 48
64 60
64 50
64 94
64 43
64 51
64 36
64 18
64 5
64 96
64 13
64 7
64 42
64 16
64 97
64 70
64 65
64 23
64 99
64 61
64 27
64 29
64 38
64 66
64 68
64 69
64 73
64 75
64 77
64 78
64 80
64 82
64 84
64 86
64 91
64 92
64 95
16 7
16 8
16 9
16 77
16 4
16 91
16 2
16 70
16 32
16 30
16 84
16 14
16 5
16 78
16 11
16 26
16 92
16 28
16 39
16 51
16 13
16 3
16 99
16 20
16 22
16 25
16 27
16 29
16 34
16 36
16 40
16 42
16 46
16 47
16 55
16 60
16 61
16 65
16 68
16 75
16 79
16 82
16 85
16 87
16 88
16 95
16 97
30 1
30 13
30 14
30 19
30 22
30 23
30 25
30 11
30 51
30 80
30 8
30 47
30 90
30 73
30 34
30 91
30 26
30 38
30 44
30 2
30 42
30 40
30 48
30 27
30 85
30 3
30 97
30 96
30 33
30 5
30 88
30 28
30 65
30 46
30 54
30 55
30 60
30 61
30 66
30 69
30 75
30 84
30 94
30 95
30 99
46 5
46 8
46 13
46 14
46 21
46 32
46 33
46 38
46 40
46 43
46 20
46 47
46 48
46 28
46 25
46 31
46 50
46 42
46 1
46 22
46 70
46 86
46 79
46 27
46 39
46 94
46 44
46 7
46 90
46 84
46 4
46 54
46 75
46 51
46 65
46 66
46 78
46 91
46 92
46 95
46 97
46 99
33 1
33 4
33 5
33 8
33 13
33 19
33 21
33 26
33 27
33 11
33 84
33 9
33 29
33 39
33 77
33 57
33 25
33 85
33 94
33 78
33 92
33 20
33 31
33 79
33 14
33 60
33 99
33 34
33 69
33 32
33 75
33 3
33 23
33 40
33 42
33 48
33 61
33 65
33 66
33 70
33 86
33 95
1 4
1 7
1 36
1 85
1 19
1 8
1 42
1 57
1 66
1 40
1 31
1 87
1 80
1 68
1 34
1 79
1 75
1 96
1 97
1 39
1 47
1 43
1 28
1 3
1 2
1 9
1 13
1 14
1 18
1 22
1 25
1 44
1 50
1 54
1 86
1 88
1 91
1 92
1 95
1 99
4 2
4 54
4 60
4 77
4 44
4 90
4 39
4 27
4 43
4 84
4 66
4 62
4 51
4 29
4 32
4 91
4 18
4 9
4 21
4 36
4 88
4 55
4 3
4 5
4 7
4 11
4 14
4 20
4 23
4 25
4 28
4 34
4 38
4 40
4 47
4 50
4 61
4 73
4 78
4 82
4 85
4 87
4 92
4 95
7 3
7 18
7 23
7 21
7 73
7 31
7 5
7 54
7 8
7 75
7 94
7 20
7 61
7 2
7 95
7 28
7 47
7 65
7 99
7 13
7 22
7 32
7 42
7 43
7 44
7 57
7 62
7 66
7 79
7 82
7 84
7 87
7 90
7 92
36 3
36 14
36 18
36 21
36 32
36 34
36 13
36 31
36 66
36 22
36 11
36 9
36 8
36 65
36 54
36 20
36 91
36 5
36 95
36 94
36 88
36 86
36 61
36 55
36 25
36 43
36 39
36 26
36 23
36 97
36 40
36 2
36 19
36 69
36 44
36 47
36 50
36 70
36 73
36 77
36 79
36 80
36 87
36 90
36 92
85 2
85 5
85 8
85 20
85 25
85 27
85 29
85 31
85 34
85 39
85 42
85 44
85 47
85 54
85 61
85 65
85 68
85 69
85 75
85 79
85 3
85 66
85 13
85 73
85 19
85 26
85 70
85 32
85 22
85 82
85 57
85 51
85 96
85 40
85 80
85 28
85 23
85 92
85 84
85 38
85 48
85 87
85 91
85 97
85 99
19 8
19 18
19 91
19 68
19 34
19 88
19 50
19 54
19 77
19 20
19 96
19 51
19 95
19 40
19 87
19 5
19 79
19 42
19 57
19 2
19 80
19 9
19 55
19 25
19 21
19 23
19 27
19 28
19 31
19 38
19 43
19 47
19 60
19 61
19 62
19 78
19 84
19 92
19 94
19 97
8 2
8 3
8 86
8 5
8 25
8 29
8 31
8 70
8 55
8 65
8 68
8 73
8 77
8 87
8 50
8 61
8 97
8 78
8 20
8 13
8 18
8 66
8 43
8 84
8 23
8 90
8 51
8 11
8 21
8 26
8 27
8 28
8 32
8 38
8 48
8 60
8 69
8 80
8 82
8 94
8 99
42 5
42 9
42 14
42 23
42 27
42 28
42 29
42 34
42 39
42 43
42 47
42 95
42 61
42 48
42 60
42 54
42 40
42 80
42 99
42 97
42 18
42 77
42 2
42 73
42 11
42 38
42 44
42 50
42 55
42 62
42 65
42 75
42 78
42 79
42 86
42 87
42 88
42 91
42 92
42 96
57 2
57 5
57 26
57 27
57 28
57 29
57 39
57 11
57 90
57 92
57 91
57 13
57 20
57 3
57 54
57 21
57 84
57 69
57 97
57 38
57 78
57 86
57 66
57 32
57 44
57 75
57 62
57 18
57 88
57 14
57 61
57 68
57 70
57 77
57 79
57 80
57 94
66 2
66 5
66 14
66 20
66 23
66 25
66 28
66 31
66 43
66 44
66 47
66 48
66 55
66 51
66 94
66 77
66 82
66 39
66 80
66 21
66 95
66 38
66 62
66 79
66 34
66 96
66 18
66 26
66 9
66 40
66 68
66 69
66 75
66 78
66 86
66 87
66 91
66 92
66 99
40 2
40 3
40 5
40 25
40 28
40 29
40 31
40 32
40 39
40 75
40 18
40 34
40 86
40 62
40 65
40 14
40 9
40 54
40 68
40 94
40 78
40 80
40 79
40 51
40 38
40 22
40 13
40 91
40 90
40 95
40 47
40 48
40 97
40 43
40 20
40 50
40 60
40 69
40 70
40 84
40 88
40 92
40 96
31 3
31 5
31 9
31 18
31 20
31 78
31 28
31 23
31 38
31 21
31 80
31 43
31 39
31 82
31 25
31 88
31 32
31 92
31 90
31 27
31 2
31 11
31 22
31 44
31 50
31 54
31 55
31 60
31 61
31 68
31 70
31 86
31 91
31 94
31 95
31 97
87 2
87 20
87 23
87 27
87 28
87 32
87 38
87 51
87 54
87 55
87 60
87 65
87 69
87 82
87 86
87 96
87 97
87 39
87 90
87 50
87 78
87 91
87 80
87 43
87 75
87 3
87 62
87 70
87 79
87 29
87 77
87 13
87 94
87 95
80 5
80 9
80 18
80 20
80 23
80 25
80 27
80 34
80 38
80 47
80 48
80 60
80 61
80 79
80 2
80 68
80 88
80 78
80 11
80 69
80 43
80 97
80 99
80 94
80 90
80 77
80 70
80 29
80 50
80 84
80 82
80 86
80 92
80 95
68 5
68 9
68 26
68 28
68 32
68 39
68 43
68 47
68 54
68 23
68 94
68 22
68 20
68 29
68 90
68 86
68 91
68 95
68 44
68 13
68 62
68 34
68 3
68 27
68 21
68 2
68 88
68 55
68 69
68 73
68 75
68 77
68 78
68 96
68 97
34 11
34 21
34 26
34 90
34 91
34 77
34 88
34 22
34 44
34 51
34 97
34 47
34 18
34 27
34 5
34 28
34 20
34 50
34 39
34 43
34 48
34 70
34 73
34 75
34 78
34 79
34 84
34 92
34 96
34 99
79 3
79 13
79 20
79 22
79 25
79 43
79 50
79 51
79 60
79 69
79 70
79 75
79 78
79 18
79 91
79 14
79 73
79 44
79 54
79 39
79 94
79 28
79 61
79 2
79 23
79 77
79 26
79 65
79 92
79 55
79 82
79 5
79 84
79 88
79 95
79 96
75 5
75 14
75 18
75 20
75 22
75 26
75 27
75 39
75 61
75 28
75 32
75 62
75 44
75 60
75 2
75 9
75 82
75 73
75 51
75 92
75 54
75 69
75 77
75 86
75 90
75 91
75 94
75 95
75 97
75 99
96 5
96 13
96 22
96 28
96 29
96 39
96 47
96 51
96 54
96 55
96 61
96 62
96 65
96 78
96 82
96 84
96 86
96 91
96 95
96 44
96 99
96 11
96 27
96 43
96 92
96 14
96 20
96 50
96 48
96 38
96 32
96 97
96 70
96 9
96 23
96 60
97 3
97 13
97 21
97 27
97 28
97 38
97 50
97 54
97 55
97 60
97 65
97 73
97 84
97 86
97 70
97 5
97 2
97 26
97 69
97 39
97 62
97 20
97 88
97 14
39 2
39 3
39 11
39 18
39 25
39 27
39 28
39 29
39 32
39 88
39 23
39 70
39 92
39 95
39 22
39 54
39 44
39 77
39 73
39 99
39 20
39 5
39 26
39 48
39 43
39 47
39 60
39 62
39 65
39 69
39 82
39 84
39 90
39 91
47 2
47 9
47 20
47 21
47 26
47 32
47 61
47 94
47 43
47 44
47 14
47 29
47 51
47 18
47 5
47 28
47 77
47 22
47 99
47 60
47 69
47 55
47 65
47 70
47 78
47 84
47 88
47 90
47 91
47 95
43 3
43 5
43 11
43 13
43 18
43 22
43 25
43 26
43 28
43 32
43 73
43 55
43 69
43 70
43 14
43 92
43 84
43 20
43 2
43 91
43 50
43 60
43 61
43 62
43 82
43 94
43 95
28 2
28 9
28 14
28 21
28 22
28 26
28 25
28 73
28 3
28 18
28 11
28 65
28 78
28 62
28 77
28 84
28 88
28 5
28 50
28 82
28 86
28 27
28 60
28 13
28 51
28 29
28 44
28 55
28 69
28 70
28 90
28 91
28 99
3 95
3 26
3 48
3 86
3 51
3 91
3 90
3 13
3 55
3 29
3 5
3 18
3 9
3 22
3 44
3 54
3 60
3 65
3 70
3 77
3 92
3 94
2 13
2 73
2 14
2 44
2 70
2 62
2 92
2 51
2 38
2 77
2 5
2 11
2 20
2 22
2 23
2 25
2 26
2 29
2 32
2 48
2 50
2 60
2 65
2 84
2 86
2 88
2 90
2 94
2 95
2 99
13 50
13 55
13 18
13 86
13 61
13 65
13 22
13 14
13 70
13 69
13 48
13 82
13 54
13 60
13 23
13 25
13 26
13 27
13 62
13 77
13 84
13 88
13 90
13 92
13 94
13 95
73 9
73 18
73 22
73 26
73 44
73 60
73 61
73 65
73 69
73 70
73 50
73 23
73 20
73 14
73 48
73 5
73 91
73 55
73 11
73 77
73 51
73 21
73 29
73 94
73 84
73 78
73 88
73 90
73 92
73 95
73 99
14 5
14 9
14 23
14 29
14 11
14 50
14 22
14 20
14 77
14 78
14 27
14 65
14 25
14 32
14 48
14 51
14 54
14 60
14 62
14 70
14 88
14 90
14 95
14 99
44 5
44 20
44 26
44 78
44 23
44 65
44 11
44 88
44 48
44 99
44 60
44 69
44 54
44 82
44 38
44 92
44 29
44 77
44 18
44 21
44 91
44 50
44 61
44 62
44 70
44 84
44 90
70 18
70 26
70 55
70 61
70 65
70 9
70 27
70 62
70 21
70 22
70 86
70 90
70 25
70 60
70 48
70 23
70 88
70 78
70 84
70 92
70 94
70 95
62 26
62 51
62 54
62 29
62 27
62 94
62 84
62 23
62 25
62 92
62 99
62 22
62 55
62 5
62 65
62 60
62 77
62 78
62 82
62 88
62 90
62 91
92 20
92 22
92 23
92 38
92 54
92 78
92 82
92 88
92 91
92 25
92 48
92 51
92 50
92 18
92 21
92 95
92 94
92 99
51 11
51 18
51 21
51 22
51 27
51 32
51 38
51 54
51 9
51 88
51 48
51 84
51 77
51 61
51 55
51 20
51 95
51 60
51 65
51 82
51 91
51 99
38 5
38 11
38 18
38 23
38 26
38 29
38 90
38 60
38 32
38 20
38 91
38 95
38 54
38 94
38 25
38 55
38 48
38 78
38 84
38 86
38 88
38 99
77 9
77 11
77 18
77 20
77 22
77 26
77 65
77 29
77 27
77 61
77 88
77 54
77 90
77 25
77 48
77 86
77 21
77 82
77 84
77 91
77 99
95 5
95 9
95 18
95 20
95 25
95 32
95 90
95 94
95 78
95 61
95 21
95 82
95 27
95 55
95 84
95 29
95 88
95 86
95 11
95 69
26 11
26 18
26 20
26 21
26 22
26 32
26 55
26 88
26 25
26 27
26 61
26 65
26 84
26 90
26 91
26 94
48 18
48 20
48 21
48 22
48 32
48 78
48 5
48 69
48 27
48 90
48 84
48 25
48 94
48 54
48 55
48 60
48 61
48 82
48 86
48 88
86 9
86 11
86 21
86 50
86 61
86 78
86 82
86 25
86 94
86 69
86 99
86 54
86 29
86 88
86 27
86 32
86 60
91 9
91 22
91 29
91 65
91 84
91 69
91 23
91 54
91 82
91 5
91 94
90 9
90 21
90 29
90 32
90 55
90 60
90 65
90 84
90 25
90 78
90 94
90 18
90 50
90 27
90 22
90 82
90 5
90 20
90 99
55 9
55 11
55 18
55 20
55 21
55 23
55 25
55 27
55 32
55 61
55 65
55 88
55 29
55 82
55 94
55 78
55 5
55 69
55 60
55 84
29 18
29 20
29 22
29 27
29 25
29 82
29 23
29 11
29 21
29 50
29 60
29 61
29 69
29 84
29 99
5 61
5 60
5 99
5 94
5 78
5 65
5 69
5 32
5 18
5 20
5 22
5 27
5 82
18 11
18 99
18 20
18 25
18 9
18 27
18 65
18 23
18 60
18 94
18 61
18 21
18 32
18 78
54 11
54 20
54 21
54 22
54 25
54 32
54 82
54 9
54 23
54 61
54 65
54 27
54 99
54 60
54 78
54 84
54 88
54 94
60 9
60 22
60 32
60 69
60 94
60 50
60 61
60 27
60 11
60 25
60 65
60 78
60 82
60 84
60 88
60 99
27 9
27 21
27 22
27 25
27 78
27 94
27 32
27 65
27 69
27 84
27 88
84 20
84 25
84 82
84 21
84 65
84 32
84 78
84 23
84 99
84 69
84 22
32 11
32 22
32 61
32 94
32 65
32 21
32 82
32 25
32 23
32 69
32 88
32 99
9 99
9 88
9 11
9 20
9 21
9 23
9 50
9 61
9 65
9 78
21 23
21 65
21 25
21 69
88 22
88 23
88 25
88 61
88 69
88 20
88 11
88 65
88 82
88 99
88 94
61 25
61 94
61 20
61 69
61 99
99 22
99 94
99 65
99 78
99 11
99 69
99 82
99 25
94 78
94 23
94 20
94 65
94 22
78 22
78 23
78 25
78 65
78 69
78 50
78 82
65 22
65 50
65 25
65 20
65 69
65 82
69 50
69 25
69 23
50 25
50 20
50 22
11 22
11 20
11 25
22 20
22 82
22 25
22 23
82 25
23 20
23 25
20 25