0 85 1 90 67 3 33 6 10 98 2 18 99 34 65 46 87 53 52 48 72 56 69 35 28 4 32 26 63 95 82 43 89 76 66 78 17 61 70 19 8 20 93 31 14 39 41 29 24 68 5 73 22 40 37 13 62 55 94 7 11 15 9 64 97 23 36 83 58 44 51 81 79 49 74 45 84 92 75 96 21 12 77 80 38 16 71 60 27 47 91 86 59 57 25 30 54 42 88 50
0 85
85 1
85 19
85 24
85 32
85 33
85 37
85 55
85 73
1 90
1 67
1 3
1 33
1 6
1 10
1 98
1 2
1 18
1 99
1 34
1 65
1 46
1 87
1 53
1 52
1 48
90 3
90 10
90 11
90 12
90 73
90 99
67 8
67 11
67 12
67 14
67 17
67 26
67 40
67 48
67 49
67 53
67 54
67 55
67 60
67 63
67 66
67 69
67 94
67 81
67 71
67 97
67 72
67 82
3 35
3 28
3 10
3 4
3 99
3 32
3 26
3 63
3 95
3 82
3 43
3 89
3 76
3 66
3 78
3 17
3 61
3 70
3 56
3 19
3 8
3 20
3 93
3 31
3 14
3 46
3 53
3 39
3 52
3 41
3 29
3 24
3 68
33 2
33 5
33 7
33 9
33 10
33 20
33 65
33 52
33 98
33 89
33 94
33 56
33 69
33 37
33 93
33 53
6 5
6 53
6 72
6 55
6 56
10 4
10 5
10 8
10 69
10 49
10 19
10 98
10 46
10 65
10 74
10 56
10 34
10 45
10 64
10 97
10 11
10 99
10 84
10 87
10 41
10 72
10 23
10 92
10 75
10 48
10 96
10 21
10 12
10 77
10 61
98 5
98 11
98 53
98 56
98 72
2 72
2 56
2 69
18 9
18 11
18 75
18 56
18 32
18 65
18 31
18 87
18 96
99 4
99 12
99 15
99 22
99 24
99 25
99 41
99 44
99 47
99 51
99 54
99 55
99 56
99 66
99 69
99 79
99 95
34 19
34 32
34 69
34 46
65 11
65 24
65 37
65 52
65 62
46 5
46 13
46 26
46 37
46 73
46 63
46 96
46 60
46 69
46 48
46 53
46 84
87 11
87 15
87 22
87 29
87 36
87 37
87 38
87 47
87 48
87 56
87 69
87 80
87 95
53 5
53 14
53 23
53 28
53 30
53 32
53 39
53 79
53 88
53 72
53 78
53 83
53 82
53 56
53 77
53 54
53 71
52 11
52 12
52 17
52 20
52 22
52 27
52 31
52 32
52 38
52 60
52 84
52 69
52 72
52 86
52 56
52 63
52 96
52 58
52 64
52 88
52 54
48 5
48 9
48 73
48 82
72 4
72 15
72 19
72 24
72 32
72 35
72 37
72 38
72 44
72 62
72 64
72 96
72 95
72 93
56 16
56 19
56 22
56 26
56 27
56 30
56 31
56 36
56 54
56 62
56 92
56 82
56 73
56 58
56 80
56 75
56 88
56 69
56 61
69 9
69 11
69 12
69 15
69 19
69 25
69 27
69 28
69 31
69 32
69 41
69 42
69 43
69 50
69 55
69 61
69 82
69 78
69 75
69 86
69 76
69 97
69 81
69 84
69 88
69 94
35 32
35 37
28 11
28 32
4 19
4 32
32 5
32 11
32 13
32 16
32 24
32 25
32 27
32 68
32 64
32 57
32 47
32 54
32 55
32 37
32 81
32 95
32 42
32 60
32 94
32 41
32 77
32 78
32 73
26 5
26 19
63 11
63 24
63 55
63 76
63 96
95 11
95 19
95 82
95 89
82 9
82 24
82 30
82 31
82 45
82 49
82 57
82 75
43 89
89 5
89 24
89 37
89 49
76 19
76 24
76 55
76 73
66 19
78 19
78 96
17 5
17 11
17 24
61 12
61 19
61 96
70 55
19 7
19 11
19 59
19 37
19 20
19 23
19 21
19 27
19 57
19 73
19 64
8 9
20 5
93 5
93 9
31 9
31 73
14 62
14 55
41 12
29 11
29 12
24 11
24 16
24 40
24 77
24 37
24 73
24 94
24 96
68 5
68 11
5 73
5 22
5 40
5 37
5 13
5 62
5 55
5 94
73 21
73 51
73 54
73 59
22 55
40 55
40 96
37 7
37 15
37 27
37 62
37 59
37 49
37 96
37 55
37 42
37 88
62 12
62 25
62 36
62 54
62 55
62 60
55 25
55 36
55 42
55 51
55 77
55 84
55 74
55 64
55 60
55 94
94 9
7 11
7 15
11 80
11 77
11 38
11 16
11 23
11 71
11 36
11 60
11 79
11 83
15 60
15 83
15 49
9 64
9 97
9 23
9 36
9 83
9 58
9 44
9 51
9 81
9 79
23 12
58 96
96 16
96 38
96 42
96 54
96 57
96 60
96 80
96 91
12 27
12 47
12 91
12 86