0 1 2 3 4 5 6 7 8 9 10 11 12 13 14 15 16 17 18 19 20 21 22 23 24 25 26 27 28 29 30 31 32 33 34 35 36 37 38 39 40 41 42 43 44 45 46 47 48 49 50 51 52 53 54 55 56 57 58 59 60 61 62 63 64 65 66 67 68 69 70 71 72 73 74 75 76 77 78 79 80 81 82 83 84 85 86 87 88 89 90 91 92 93 94 95 96 97 98 99
0 1
0 19
0 50
0 86
0 56
0 25
0 37
0 80
0 79
0 3
0 8
0 28
1 2
1 17
1 11
1 68
1 85
1 97
1 19
1 39
1 98
1 35
1 62
2 3
2 17
2 57
2 94
2 93
2 56
2 18
2 82
2 61
2 45
2 27
2 72
3 4
3 89
3 39
3 19
3 26
3 67
3 95
3 20
3 80
3 53
4 5
4 13
4 68
4 44
4 92
4 90
4 35
4 97
4 70
4 22
4 91
4 40
4 73
4 23
4 94
5 6
5 83
5 74
5 73
5 78
5 92
5 13
5 79
5 95
5 39
5 58
5 98
5 12
5 15
5 44
5 20
6 7
6 98
6 44
6 48
6 71
6 58
6 27
6 95
7 8
7 99
7 51
7 28
7 78
7 63
7 50
7 69
8 9
8 84
8 13
8 95
8 32
8 41
8 24
9 10
9 73
9 57
9 46
9 99
9 65
9 60
9 31
9 11
9 61
9 37
9 34
9 63
10 11
10 62
10 92
10 50
10 83
10 25
10 66
10 28
10 81
10 12
10 41
10 67
10 91
10 77
11 12
11 43
11 45
11 47
11 58
11 17
11 82
11 33
11 63
11 62
11 85
11 98
12 13
12 99
12 72
12 63
12 31
12 59
12 28
12 68
12 30
12 98
12 26
12 58
12 60
12 89
12 74
13 14
13 34
13 37
13 75
13 23
13 31
13 74
13 54
13 58
13 87
13 28
13 88
14 15
14 56
14 90
14 92
14 38
14 59
14 95
14 88
14 55
14 57
14 69
14 61
14 91
14 48
14 47
15 16
15 68
15 75
15 99
15 56
15 80
15 52
15 51
15 81
16 17
16 75
16 73
16 61
16 51
16 27
16 57
16 72
16 71
17 18
17 34
17 66
17 27
17 39
17 37
17 95
17 88
17 30
17 67
18 19
18 90
18 72
18 71
18 98
18 79
18 33
18 82
18 39
18 96
18 83
18 62
19 20
19 64
19 92
19 67
19 88
19 93
19 32
19 60
19 30
19 62
19 71
19 91
19 44
19 76
20 21
20 80
20 33
20 34
20 89
20 44
20 76
21 22
21 53
21 99
21 83
21 75
21 64
21 52
21 77
21 32
22 23
22 80
22 62
22 89
23 24
23 66
23 70
23 60
23 73
23 48
23 68
23 95
23 31
23 90
23 33
24 25
24 43
24 27
24 79
24 64
25 26
25 49
25 77
25 62
25 34
25 48
25 87
25 98
25 58
25 31
26 27
26 72
26 60
26 54
26 95
26 42
26 89
26 34
26 76
27 28
27 81
27 91
27 34
27 65
27 54
27 47
27 45
27 90
27 61
27 32
27 33
28 29
28 95
28 62
28 73
28 65
28 82
28 86
28 36
29 30
29 41
29 66
30 31
30 66
30 47
30 51
30 69
30 54
30 67
30 88
31 32
31 66
31 47
31 37
31 71
31 61
32 33
32 98
32 82
32 95
32 96
32 70
32 55
32 79
32 91
33 34
33 93
33 91
33 61
33 79
34 35
34 73
34 52
34 94
34 93
34 59
34 61
35 36
35 71
35 46
35 88
35 97
35 89
36 37
36 94
36 55
36 50
36 88
36 78
36 51
36 52
36 48
36 95
37 38
37 91
37 72
37 42
37 69
37 64
37 39
37 98
37 76
37 43
37 68
37 95
37 40
38 39
38 52
38 87
38 94
38 60
38 84
39 40
39 95
39 79
39 67
39 54
39 99
39 77
39 56
39 72
39 64
40 41
40 99
40 58
40 43
40 70
40 66
40 44
40 53
41 42
41 58
41 61
41 83
41 43
41 86
41 89
41 63
41 80
41 47
41 69
41 88
42 43
42 57
42 98
42 77
42 59
42 60
42 76
42 69
43 44
43 97
43 63
43 90
43 70
44 45
44 96
44 75
44 80
44 73
44 71
44 54
45 46
45 95
45 88
45 60
45 59
45 50
45 82
45 90
45 93
45 62
46 47
46 51
46 71
46 65
46 72
46 90
47 48
47 64
47 55
47 49
47 50
47 81
47 74
48 49
48 85
48 80
48 65
48 98
48 90
48 61
49 50
49 54
49 97
49 57
49 85
50 51
50 70
50 92
50 79
51 52
51 72
51 67
51 60
51 93
51 55
52 53
52 92
52 68
52 57
52 78
52 83
52 88
52 94
53 54
53 72
53 99
53 60
53 55
53 56
53 95
54 55
54 94
54 59
54 72
55 56
55 94
55 64
55 80
55 93
56 57
56 72
56 78
56 64
56 65
56 59
56 88
57 58
57 69
57 86
57 68
57 78
57 64
58 59
58 72
58 98
58 90
59 60
59 81
59 93
59 98
60 61
60 64
60 72
60 69
60 84
60 74
60 70
60 68
61 62
61 67
61 73
61 70
62 63
62 72
62 85
62 99
62 87
62 95
62 89
63 64
63 82
63 74
63 66
63 97
63 70
63 77
64 65
64 67
64 66
64 82
64 69
65 66
66 67
66 91
66 88
66 98
67 68
67 89
67 95
67 69
67 91
68 69
68 86
68 87
69 70
69 93
69 96
70 71
70 85
70 87
71 72
71 83
71 98
71 89
72 73
72 99
72 98
72 83
72 97
72 91
72 95
72 90
72 92
73 74
73 93
73 97
73 88
73 90
74 75
74 87
74 80
74 84
74 90
75 76
75 91
75 92
75 82
76 77
76 90
76 97
77 78
77 82
77 79
77 97
78 79
78 97
78 87
78 83
78 86
79 80
80 81
80 82
80 84
81 82
81 86
81 92
82 83
83 84
83 86
83 89
84 85
84 88
84 86
84 97
85 86
85 97
86 87
86 89
87 88
88 89
89 90
89 97
90 91
90 95
91 92
91 93
92 93
92 99
93 94
93 97
94 95
94 99
95 96
95 97
96 97
97 98
98 99