0 1 2 3 4 5 6 7 8 9 10 11 12 13 14 15 16 17 18 19 20 21 22 23 24 25 26 27 28 29 30 31 32 33 34 35 36 37 38 39 40 41 42 43 44 45 46 47 48 49 50 51 52 53 54 55 56 57 58 59 60 61 62 63 64 65 66 67 68 69 70 71 72 73 74 75 76 77 78 79 80 81 82 83 84 85 86 87 88 89 90 91 92 93 94 95 96 97 98 99
0 1
0 17
1 2
1 37
1 25
2 3
2 89
2 19
3 4
4 5
4 68
4 4
5 6
6 7
6 30
6 45
7 8
7 79
7 76
8 9
8 62
8 31
8 28
9 10
9 64
9 27
9 43
9 62
10 11
10 43
10 69
11 12
11 83
12 13
13 14
13 63
14 15
14 94
14 51
15 16
16 17
16 57
16 68
17 18
17 26
18 19
18 42
19 20
20 21
20 70
21 22
22 23
22 92
22 56
23 24
23 99
24 25
24 89
24 82
24 87
24 27
24 40
25 26
25 74
25 33
25 84
26 27
26 52
26 43
27 28
28 29
28 52
28 71
29 30
29 72
30 31
31 32
31 81
32 33
32 95
32 66
33 34
33 45
34 35
34 37
35 36
35 93
36 37
36 72
37 38
38 39
38 42
38 46
38 98
38 79
39 40
39 70
40 41
40 52
40 66
41 42
42 43
42 97
43 44
43 75
43 84
43 58
43 90
44 45
45 46
45 85
45 83
46 47
46 72
46 94
46 64
46 81
46 54
47 48
47 60
48 49
49 50
49 84
49 60
50 51
51 52
52 53
52 77
53 54
53 67
54 55
54 74
55 56
56 57
56 70
57 58
57 79
58 59
58 81
58 82
58 67
59 60
59 97
60 61
61 62
62 63
63 64
64 65
65 66
65 87
66 67
67 68
68 69
68 96
69 70
69 96
69 73
70 71
70 88
71 72
71 94
72 73
73 74
73 80
74 75
74 94
74 90
75 76
75 80
76 77
76 91
77 78
78 79
79 80
80 81
80 93
81 82
82 83
83 84
84 85
84 93
84 92
85 86
85 97
86 87
87 88
88 89
88 91
89 90
90 91
91 92
92 93
93 94
94 95
95 96
96 97
97 98
98 99