0 2 55 61 62 63 64 65 66 67 68 69 70 71 72 73 74 75 76 77 78 79 80 81 82 83 84 85 86 87 88 89 90 91 92 93 94 95 96 97 98 99 1 38 58 28 3 6 20 4 21 31 5 14 42 7 59 8 37 9 10 43 11 34 50 12 29 13 15 17 16 18 56 22 19 25 53 23 24 27 54 51 26 30 35 33 47 57 44 32 39 36 40 45 46 52 41 49 60 48
0 2
0 55
0 61
0 62
0 63
0 64
0 65
0 66
0 67
0 68
0 69
0 70
0 71
0 72
0 73
0 74
0 75
0 76
0 77
0 78
0 79
0 80
0 81
0 82
0 83
0 84
0 85
0 86
0 87
0 88
0 89
0 90
0 91
0 92
0 93
0 94
0 95
0 96
0 97
0 98
0 99
2 28
2 62
55 9
55 25
61 1
63 5
64 6
65 7
66 8
67 9
68 10
69 11
70 12
71 13
72 14
73 17
74 18
75 19
76 20
77 21
78 22
79 23
80 24
81 25
82 26
83 27
84 29
85 30
86 31
87 32
88 33
89 34
90 35
91 36
92 37
93 38
94 39
95 40
96 41
97 42
98 43
99 44
1 38
1 58
38 19
58 9
28 15
3 6
3 20
20 25
4 21
4 31
31 44
5 14
5 42
14 17
42 24
42 49
7 59
59 36
59 48
8 37
37 45
37 46
37 52
10 43
43 60
11 34
11 50
34 29
50 41
50 57
12 29
13 15
16 18
18 56
18 22
22 53
25 23
25 54
25 51
53 32
53 57
24 27
27 35
27 33
27 47
27 57
54 36
51 32
26 30
30 35
33 39
44 60
36 40
46 49
52 60