69 1 58 40 3 4 13 17 36 57 5 55 38 43 23 46 10 85 95 24 12 22 83 89 14 52 63 65 66 76 27 77 18 62 19 78 96 21 35 75 97 48 29 30 31 32 33 99 74 92 73 47 44 82 71 50 94 64
69 35
1 58
58 40
40 18
3 13
4 17
4 57
13 83
13 89
17 77
36 31
57 55
57 75
57 76
57 89
57 94
57 97
5 55
55 30
55 82
38 27
38 31
43 48
43 52
43 82
23 24
46 22
10 85
10 95
85 18
85 66
95 73
24 12
24 14
24 21
24 75
22 63
89 31
14 63
52 44
52 71
65 47
65 64
66 78
66 96
77 64
18 62
62 29
19 78
78 30
96 50
35 74
75 74
31 32
32 99
33 74
33 92