0 5 12 19 23 28 31 33 34 36 37 58 64 66 75 78 89 95 97 1 4 9 25 41 43 52 67 72 73 80 83 98 99 2 14 18 40 42 45 53 55 62 69 82 84 87 93 3 13 27 47 60 74 79 96 8 11 16 20 22 26 29 56 57 71 90 92 21 30 32 38 44 49 50 51 59 63 86 88 6 24 39 54 68 94 7 77 10 48 65 70 91 46 85 15 35 76 17 81 61
0 5
0 12
0 19
0 23
0 28
0 31
0 33
0 34
0 36
0 37
0 58
0 64
0 66
0 75
0 78
0 89
0 95
0 97
5 13
5 21
5 26
5 30
5 32
5 36
5 38
5 41
5 44
5 49
5 50
5 51
5 53
5 59
5 60
5 63
5 64
5 67
5 72
5 74
5 78
5 82
5 86
5 88
5 93
5 97
12 11
12 13
12 14
12 15
12 20
12 21
12 24
12 26
12 38
12 39
12 42
12 43
12 55
12 66
12 69
12 70
12 72
12 74
12 79
12 86
12 88
12 96
19 3
19 6
19 8
19 9
19 17
19 23
19 31
19 32
19 35
19 36
19 41
19 43
19 46
19 50
19 51
19 58
19 61
19 71
19 74
19 87
23 1
23 9
23 11
23 21
23 24
23 32
23 37
23 39
23 42
23 44
23 57
23 59
23 63
23 64
23 68
23 71
23 77
23 83
23 92
23 97
28 1
28 4
28 7
28 9
28 13
28 25
28 29
28 30
28 34
28 41
28 44
28 51
28 54
28 57
28 66
28 69
28 73
28 74
28 75
28 77
28 88
28 97
31 2
31 7
31 8
31 9
31 13
31 15
31 18
31 20
31 34
31 41
31 43
31 47
31 52
31 58
31 63
31 89
31 90
31 97
33 2
33 29
33 34
33 38
33 41
33 44
33 45
33 58
33 62
33 64
33 68
33 72
33 79
33 82
33 85
33 91
33 92
33 93
33 99
34 8
34 9
34 17
34 27
34 29
34 43
34 45
34 47
34 64
34 70
34 72
34 77
34 78
34 80
34 83
34 87
34 95
34 99
36 3
36 18
36 20
36 22
36 25
36 26
36 37
36 39
36 40
36 45
36 51
36 54
36 72
36 74
36 77
36 78
36 80
36 84
36 96
36 97
37 1
37 20
37 24
37 30
37 48
37 50
37 56
37 60
37 62
37 70
37 82
37 83
37 85
37 88
37 95
37 99
58 1
58 2
58 6
58 7
58 8
58 10
58 16
58 18
58 20
58 29
58 44
58 45
58 52
58 62
58 67
58 79
58 81
58 86
58 90
64 1
64 2
64 9
64 16
64 25
64 35
64 63
64 68
64 70
64 73
64 79
64 88
64 96
64 97
66 4
66 8
66 18
66 26
66 30
66 39
66 40
66 42
66 46
66 52
66 54
66 60
66 65
66 70
66 72
66 77
66 78
66 80
66 81
66 92
66 94
75 10
75 18
75 20
75 29
75 44
75 46
75 60
75 65
75 67
75 84
75 96
78 7
78 14
78 15
78 22
78 29
78 39
78 46
78 49
78 54
78 57
78 59
78 60
78 72
78 89
78 94
78 97
78 99
89 3
89 6
89 13
89 16
89 17
89 25
89 26
89 60
89 72
89 76
89 81
89 87
89 95
89 99
95 4
95 30
95 35
95 54
95 59
95 62
95 79
95 88
95 90
95 91
95 97
97 1
97 6
97 7
97 9
97 10
97 14
97 42
97 49
97 69
97 74
97 92
97 98
1 4
1 9
1 25
1 41
1 43
1 52
1 67
1 72
1 73
1 80
1 83
1 98
1 99
4 8
4 9
4 11
4 13
4 16
4 20
4 22
4 26
4 29
4 40
4 42
4 56
4 57
4 67
4 71
4 83
4 90
4 92
9 13
9 14
9 26
9 43
9 45
9 48
9 56
9 65
9 67
9 70
9 80
9 83
9 91
9 92
9 98
9 99
25 6
25 8
25 14
25 15
25 20
25 21
25 27
25 30
25 35
25 43
25 45
25 48
25 56
25 57
25 63
25 69
25 85
25 93
25 96
25 98
25 99
41 26
41 29
41 30
41 32
41 46
41 49
41 52
41 56
41 67
41 69
41 72
41 79
41 82
41 83
41 86
43 13
43 15
43 16
43 24
43 30
43 39
43 48
43 53
43 55
43 59
43 60
43 61
43 65
43 69
43 76
43 81
43 83
52 2
52 10
52 45
52 47
52 54
52 62
52 71
67 11
67 15
67 18
67 40
67 44
67 46
67 48
67 51
67 63
67 65
67 73
67 77
67 81
67 83
67 90
67 93
67 94
72 6
72 10
72 14
72 18
72 50
72 51
72 62
72 79
72 83
72 84
72 85
73 8
73 17
73 22
73 24
73 50
73 51
73 57
73 60
73 63
73 79
73 81
73 86
73 94
80 6
80 26
80 27
80 38
80 42
80 48
80 50
80 57
80 74
80 77
80 87
80 90
80 92
83 6
83 18
83 26
83 32
83 49
83 50
83 63
83 79
83 82
83 87
83 98
98 7
98 21
98 24
98 26
98 29
98 38
98 44
98 47
98 57
98 59
98 69
98 70
98 74
98 76
98 77
98 84
98 94
99 6
99 7
99 15
99 35
99 45
99 46
99 50
99 68
99 69
99 81
99 82
99 91
99 92
2 14
2 18
2 40
2 42
2 45
2 53
2 55
2 62
2 69
2 82
2 84
2 87
2 93
14 15
14 29
14 35
14 38
14 49
14 53
14 56
14 68
14 82
14 84
14 94
18 22
18 29
18 42
18 47
18 48
18 63
18 74
18 79
18 81
18 82
18 84
18 91
40 20
40 21
40 22
40 26
40 32
40 45
40 48
40 51
40 69
40 70
40 77
40 90
40 91
42 6
42 10
42 21
42 45
42 48
42 53
42 63
42 65
42 76
42 79
42 86
42 92
45 11
45 20
45 54
45 55
45 57
45 65
45 68
45 69
45 79
45 85
45 92
53 15
53 17
53 21
53 39
53 46
53 49
53 63
53 65
53 71
53 77
53 82
53 84
53 93
53 94
55 7
55 10
55 16
55 20
55 21
55 22
55 30
55 38
55 47
55 48
55 57
55 70
55 76
55 77
55 79
55 92
62 3
62 7
62 15
62 17
62 24
62 48
62 51
62 65
62 70
62 76
62 77
62 85
62 86
62 93
62 96
69 7
69 15
69 24
69 26
69 29
69 35
69 63
69 79
69 82
82 11
82 17
82 20
82 24
82 27
82 30
82 32
82 35
82 50
82 65
82 68
82 71
82 85
82 93
84 3
84 8
84 27
84 30
84 32
84 38
84 50
84 61
84 63
84 71
84 77
84 79
84 96
87 7
87 13
87 15
87 29
87 35
87 49
87 68
87 81
87 90
87 96
93 11
93 29
93 38
93 39
93 60
93 70
93 71
3 13
3 27
3 47
3 60
3 74
3 79
3 96
13 11
13 22
13 24
13 26
13 27
13 32
13 35
13 65
13 76
13 79
27 6
27 7
27 15
27 39
27 47
27 48
27 49
27 54
27 60
27 70
27 71
27 92
47 8
47 11
47 38
47 51
47 54
47 74
60 10
60 11
60 24
60 29
60 30
60 35
60 46
60 48
60 49
60 50
60 51
60 57
60 79
60 94
74 17
74 21
74 22
74 24
74 26
74 29
74 32
74 54
74 71
74 86
74 92
74 94
74 96
79 6
79 11
79 15
79 17
79 38
79 39
79 61
79 63
79 76
79 85
79 86
96 6
96 8
96 15
96 30
96 32
96 38
96 39
96 50
96 56
96 57
96 65
96 77
96 86
96 88
96 90
96 91
96 94
8 10
8 16
8 24
8 30
8 50
8 57
8 68
8 77
8 88
8 92
11 10
11 21
11 29
11 32
11 48
11 49
11 63
11 85
11 86
11 90
16 30
16 35
16 49
16 56
16 63
16 77
16 91
20 32
20 38
20 46
20 56
20 68
22 6
22 24
22 38
22 39
22 46
22 59
22 70
22 71
22 90
26 7
26 10
26 17
26 30
26 39
26 48
26 54
26 57
26 71
26 81
26 86
26 91
29 6
29 15
29 17
29 30
29 63
29 81
29 94
56 10
56 39
56 49
56 54
56 71
56 76
56 85
56 92
57 15
57 50
57 61
57 65
57 85
57 86
57 94
71 6
71 17
71 30
71 38
71 61
71 70
90 17
90 24
90 38
90 48
90 88
90 94
92 21
92 24
92 35
92 54
92 88
21 7
21 10
21 38
21 81
21 91
30 6
30 10
30 44
30 59
30 81
30 91
32 7
32 10
32 17
32 46
32 50
32 54
32 68
32 81
38 15
38 44
38 51
38 59
38 63
38 65
38 81
38 94
44 39
44 65
44 68
44 77
44 81
44 91
49 54
50 15
50 48
50 54
50 59
50 65
50 68
51 10
51 15
51 17
51 24
51 46
51 85
51 91
51 94
59 35
59 46
59 61
59 76
59 81
59 85
59 88
63 6
63 10
63 46
86 6
86 15
86 24
86 35
86 91
88 6
88 17
88 39
88 54
88 76
88 91
6 24
6 39
6 54
6 68
6 94
24 10
24 39
24 61
24 85
39 10
39 70
39 94
54 17
54 77
54 81
54 85
68 7
68 94
94 48
94 61
94 81
94 91
7 77
77 46
77 48
77 76
77 91
10 46
10 65
10 91
48 61
48 76
65 15
65 35
65 85
70 76
91 46
91 61
91 76
91 81
46 76
46 85
85 61
15 17
15 81
35 81