80 0 12 42 55 22 78 15 97 7 98 85 16 79 43 75 72 31 91 47 13 89 21 70 54 4 6 5 96 86 20 41 33 68 77 58 88 60 2 1 53 56 14 50 71 73 44 34 23 82 90 84 39 66 52 61 74 8 36 35 64 18 10 65 62 3 59 26 27 37 30 63 51 45 25 83 32 28 17 67 9 94 49 48 46 95 76 57 93 38 11 92 87 69 40 24 19 81 29
80 0
80 1
80 3
80 6
80 7
80 8
80 9
80 11
80 12
80 14
80 17
80 18
80 19
80 20
80 21
80 22
80 23
80 24
80 25
80 26
80 32
80 33
80 34
80 35
80 36
80 37
80 39
80 41
80 42
80 43
80 44
80 45
80 46
80 47
80 48
80 50
80 51
80 52
80 54
80 55
80 56
80 57
80 58
80 59
80 60
80 61
80 63
80 64
80 65
80 67
80 69
80 70
80 72
80 75
80 77
80 79
80 97
80 87
80 95
80 94
80 90
80 86
80 88
80 83
80 82
80 89
80 93
80 98
80 96
80 91
80 84
80 85
0 12
0 42
0 55
0 22
0 78
0 15
0 97
0 7
0 98
0 85
0 16
0 79
0 43
0 75
0 72
0 31
0 91
0 47
0 13
0 89
0 21
0 70
0 54
0 4
0 6
0 5
0 96
0 86
0 20
0 41
0 33
0 68
0 77
0 58
0 88
0 60
0 2
0 1
0 53
0 56
0 14
0 50
0 71
0 73
0 44
0 34
0 23
0 82
0 90
0 84
0 39
0 66
0 52
0 61
0 74
0 8
0 36
0 35
0 64
0 18
0 10
0 65
0 62
0 3
0 59
0 26
0 27
0 37
0 30
0 63
12 1
12 4
12 5
12 6
12 8
12 10
12 11
12 77
12 16
12 81
12 83
12 45
12 21
12 26
12 54
12 75
12 40
12 93
12 19
12 43
12 33
12 62
12 46
12 29
12 82
12 28
12 18
12 68
12 90
12 60
12 66
12 25
12 97
12 55
12 20
12 96
12 87
12 32
12 61
12 38
12 76
12 79
12 64
12 57
12 15
12 85
12 78
12 91
12 74
12 71
12 63
12 13
12 56
12 41
12 86
12 30
12 59
12 51
12 52
12 48
12 31
12 47
12 67
12 50
42 1
42 2
42 3
42 4
42 7
42 8
42 9
42 10
42 14
42 15
42 16
42 19
42 20
42 21
42 23
42 24
42 25
42 28
42 29
42 31
42 34
42 36
42 38
42 39
42 91
42 65
42 72
42 50
42 45
42 85
42 71
42 89
42 48
42 58
42 64
42 95
42 59
42 94
42 79
42 46
42 44
42 87
42 61
42 97
42 78
42 93
42 55
42 74
42 77
42 96
42 68
42 98
42 84
42 69
42 81
42 86
42 92
42 83
42 90
42 53
55 1
55 2
55 3
55 4
55 5
55 6
55 7
55 9
55 10
55 11
55 13
55 14
55 15
55 16
55 17
55 18
55 19
55 20
55 21
55 22
55 23
55 24
55 25
55 26
55 27
55 28
55 31
55 32
55 34
55 35
55 37
55 38
55 40
55 41
55 43
55 44
55 45
55 46
55 47
55 48
55 51
55 52
55 53
55 54
55 87
55 57
55 68
55 73
55 65
55 64
55 67
55 69
55 86
55 95
55 79
55 74
55 66
55 92
55 85
55 89
55 97
55 94
55 60
55 77
55 56
55 91
55 58
55 82
55 88
55 72
55 78
55 70
55 61
55 71
22 2
22 3
22 5
22 7
22 9
22 10
22 11
22 14
22 17
22 18
22 19
22 21
22 59
22 68
22 65
22 46
22 39
22 61
22 74
22 36
22 34
22 91
22 78
22 25
22 41
22 70
22 84
22 53
22 86
22 49
22 48
22 76
22 32
22 63
22 83
22 23
22 95
22 29
22 35
22 97
22 93
22 67
22 90
22 73
22 92
22 28
22 40
22 26
22 45
22 77
22 82
22 43
22 50
22 62
22 47
22 57
22 66
22 64
22 85
22 33
22 24
22 89
22 75
22 72
22 69
22 38
22 30
22 96
22 37
22 94
78 4
78 5
78 6
78 7
78 8
78 10
78 11
78 14
78 16
78 17
78 18
78 19
78 20
78 25
78 26
78 29
78 31
78 32
78 33
78 36
78 37
78 44
78 48
78 49
78 50
78 51
78 52
78 53
78 54
78 56
78 58
78 59
78 61
78 62
78 63
78 64
78 65
78 66
78 67
78 68
78 69
78 70
78 73
78 75
78 76
78 77
78 81
78 82
78 93
78 95
78 91
78 96
78 87
78 85
78 86
78 89
78 88
78 83
78 92
78 98
78 84
78 97
15 3
15 4
15 5
15 6
15 7
15 8
15 10
15 11
15 14
15 31
15 46
15 43
15 16
15 72
15 93
15 38
15 70
15 24
15 21
15 69
15 75
15 48
15 52
15 95
15 65
15 28
15 66
15 90
15 25
15 96
15 79
15 94
15 81
15 92
15 61
15 45
15 23
15 17
15 68
15 67
15 18
15 33
15 84
15 49
15 63
15 91
15 88
15 73
15 44
15 97
15 26
15 54
15 64
15 76
15 50
15 20
15 77
15 35
15 40
15 62
15 19
15 89
15 57
15 74
15 34
15 85
97 2
97 5
97 6
97 7
97 8
97 9
97 10
97 11
97 13
97 14
97 16
97 17
97 18
97 20
97 21
97 23
97 26
97 28
97 29
97 30
97 31
97 32
97 34
97 35
97 36
97 37
97 38
97 39
97 41
97 43
97 44
97 45
97 46
97 47
97 48
97 49
97 50
97 51
97 53
97 54
97 56
97 57
97 58
97 59
97 60
97 61
97 63
97 64
97 65
97 66
97 67
97 68
97 70
97 71
97 72
97 73
97 74
97 75
97 76
97 77
97 79
97 81
97 82
97 83
97 84
97 86
97 87
97 88
97 89
97 91
97 92
97 93
97 94
97 95
97 96
97 98
7 1
7 3
7 5
7 90
7 88
7 98
7 14
7 64
7 45
7 85
7 27
7 53
7 70
7 81
7 44
7 23
7 48
7 73
7 31
7 47
7 77
7 94
7 82
7 50
7 24
7 38
7 51
7 52
7 71
7 59
7 41
7 79
7 66
7 18
7 30
7 33
7 25
7 40
7 17
7 62
7 95
7 11
7 84
7 46
7 61
7 72
7 39
7 75
7 21
7 29
7 13
7 58
7 19
7 86
7 57
7 74
7 76
7 68
7 20
7 60
7 54
7 28
7 65
7 56
98 2
98 5
98 6
98 8
98 9
98 10
98 11
98 14
98 18
98 19
98 20
98 23
98 24
98 25
98 28
98 29
98 30
98 33
98 34
98 35
98 37
98 38
98 39
98 40
98 41
98 43
98 44
98 45
98 46
98 47
98 49
98 50
98 52
98 53
98 54
98 56
98 58
98 60
98 61
98 62
98 63
98 64
98 65
98 66
98 67
98 69
98 70
98 71
98 72
98 76
98 77
98 81
98 83
98 84
98 85
98 86
98 87
98 89
98 90
98 92
98 93
98 94
98 95
98 96
85 1
85 2
85 3
85 4
85 5
85 6
85 8
85 10
85 11
85 13
85 14
85 16
85 17
85 18
85 19
85 20
85 21
85 24
85 27
85 28
85 29
85 30
85 31
85 32
85 33
85 34
85 35
85 37
85 38
85 39
85 40
85 41
85 43
85 44
85 45
85 46
85 47
85 48
85 51
85 52
85 54
85 58
85 59
85 60
85 61
85 62
85 63
85 64
85 66
85 67
85 68
85 69
85 70
85 72
85 74
85 75
85 76
85 77
85 79
85 81
85 82
85 84
85 87
85 94
85 89
85 90
85 91
85 93
85 95
85 86
85 92
16 2
16 6
16 8
16 9
16 10
16 11
16 14
16 81
16 88
16 82
16 47
16 79
16 44
16 48
16 71
16 64
16 33
16 24
16 94
16 39
16 56
16 86
16 49
16 68
16 23
16 29
16 41
16 84
16 35
16 51
16 50
16 72
16 66
16 57
16 52
16 89
16 36
16 53
16 67
16 90
16 65
16 17
16 37
16 91
16 59
16 63
16 58
16 95
16 73
16 31
16 93
16 21
16 70
16 46
16 34
16 32
16 26
16 45
16 74
16 19
16 61
16 25
16 27
16 96
16 38
16 20
16 62
79 1
79 3
79 4
79 5
79 6
79 8
79 9
79 13
79 14
79 19
79 20
79 21
79 23
79 24
79 25
79 26
79 29
79 30
79 31
79 32
79 33
79 34
79 35
79 38
79 39
79 40
79 41
79 44
79 46
79 47
79 50
79 51
79 52
79 53
79 54
79 56
79 57
79 58
79 59
79 60
79 63
79 64
79 65
79 66
79 68
79 70
79 71
79 73
79 74
79 76
79 77
79 90
79 84
79 83
79 92
79 81
79 89
79 91
79 95
79 86
79 87
79 82
43 2
43 5
43 8
43 9
43 10
43 11
43 13
43 14
43 18
43 21
43 23
43 25
43 26
43 27
43 28
43 29
43 33
43 35
43 36
43 37
43 38
43 41
43 63
43 93
43 92
43 73
43 45
43 49
43 95
43 53
43 51
43 58
43 84
43 47
43 66
43 90
43 62
43 94
43 88
43 64
43 61
43 52
43 74
43 44
43 89
43 75
43 60
43 83
43 96
43 54
43 86
43 67
43 87
43 59
43 69
43 68
43 70
43 46
75 2
75 3
75 4
75 5
75 6
75 9
75 10
75 11
75 14
75 17
75 18
75 19
75 21
75 23
75 24
75 26
75 27
75 29
75 30
75 31
75 32
75 33
75 34
75 35
75 36
75 37
75 38
75 40
75 45
75 47
75 48
75 50
75 51
75 52
75 56
75 57
75 58
75 59
75 60
75 61
75 63
75 65
75 67
75 68
75 69
75 70
75 71
75 72
75 73
75 74
75 93
75 91
75 76
75 90
75 94
75 92
75 86
75 83
75 77
75 96
75 81
75 84
75 82
72 1
72 4
72 5
72 6
72 8
72 9
72 10
72 14
72 18
72 19
72 20
72 21
72 24
72 25
72 26
72 27
72 28
72 29
72 30
72 31
72 32
72 33
72 35
72 36
72 37
72 39
72 40
72 41
72 45
72 46
72 47
72 49
72 50
72 51
72 52
72 54
72 57
72 58
72 59
72 60
72 61
72 62
72 63
72 66
72 67
72 68
72 69
72 70
72 77
72 92
72 90
72 88
72 81
72 94
72 91
72 82
72 96
72 84
72 87
72 86
72 93
72 95
72 76
72 73
72 83
31 1
31 2
31 3
31 4
31 5
31 6
31 11
31 13
31 14
31 17
31 19
31 20
31 23
31 25
31 26
31 27
31 28
31 96
31 88
31 32
31 69
31 52
31 59
31 82
31 67
31 47
31 60
31 44
31 83
31 63
31 50
31 41
31 91
31 45
31 86
31 84
31 56
31 53
31 71
31 66
31 65
31 46
31 62
31 58
31 95
31 48
31 70
31 36
31 89
31 61
31 38
31 57
31 40
31 33
31 35
31 92
31 51
31 77
31 76
31 87
91 2
91 4
91 5
91 6
91 8
91 9
91 10
91 11
91 14
91 17
91 18
91 19
91 21
91 23
91 24
91 25
91 26
91 27
91 28
91 29
91 30
91 33
91 35
91 36
91 38
91 39
91 41
91 44
91 45
91 46
91 47
91 49
91 50
91 51
91 52
91 53
91 54
91 56
91 57
91 58
91 59
91 60
91 62
91 63
91 64
91 66
91 68
91 69
91 70
91 71
91 73
91 74
91 77
91 81
91 82
91 83
91 84
91 87
91 88
91 89
91 90
91 96
91 95
91 92
47 1
47 2
47 3
47 4
47 5
47 6
47 8
47 9
47 10
47 11
47 13
47 14
47 18
47 20
47 21
47 23
47 24
47 25
47 26
47 27
47 28
47 29
47 32
47 33
47 36
47 37
47 38
47 40
47 44
47 45
47 46
47 77
47 69
47 54
47 68
47 82
47 67
47 61
47 70
47 49
47 92
47 65
47 87
47 93
47 53
47 66
47 73
47 60
47 57
47 94
47 90
47 86
47 50
47 63
47 62
47 81
47 83
47 71
47 95
47 96
47 56
47 76
47 51
13 2
13 3
13 4
13 5
13 8
13 9
13 10
13 11
13 18
13 33
13 73
13 24
13 63
13 48
13 58
13 56
13 60
13 86
13 39
13 66
13 38
13 88
13 51
13 95
13 69
13 28
13 26
13 44
13 90
13 83
13 59
13 76
13 21
13 40
13 68
13 23
13 64
13 81
13 41
13 35
13 52
13 53
13 93
13 94
13 62
13 36
13 77
13 27
13 67
13 17
13 70
13 46
89 2
89 3
89 4
89 5
89 6
89 8
89 9
89 10
89 14
89 18
89 19
89 20
89 21
89 23
89 24
89 25
89 26
89 27
89 29
89 30
89 32
89 34
89 35
89 36
89 37
89 38
89 39
89 41
89 44
89 45
89 46
89 48
89 49
89 52
89 53
89 54
89 56
89 57
89 60
89 61
89 63
89 64
89 65
89 67
89 68
89 69
89 70
89 73
89 74
89 76
89 81
89 82
89 83
89 86
89 87
89 88
89 90
89 95
89 92
89 94
21 2
21 3
21 4
21 5
21 6
21 8
21 9
21 10
21 11
21 18
21 20
21 64
21 45
21 87
21 71
21 62
21 76
21 24
21 86
21 67
21 83
21 63
21 39
21 37
21 90
21 38
21 46
21 25
21 94
21 81
21 93
21 53
21 28
21 88
21 29
21 65
21 84
21 51
21 33
21 73
21 52
21 30
21 61
21 50
21 23
21 27
21 60
21 95
21 66
21 59
21 96
21 92
21 70
70 3
70 5
70 6
70 8
70 9
70 11
70 20
70 23
70 24
70 26
70 27
70 29
70 30
70 33
70 36
70 37
70 38
70 39
70 40
70 41
70 44
70 45
70 46
70 48
70 49
70 50
70 51
70 57
70 59
70 60
70 62
70 65
70 66
70 67
70 68
70 69
70 84
70 76
70 73
70 92
70 81
70 88
70 77
70 74
70 95
70 96
70 87
70 82
70 83
54 1
54 2
54 3
54 5
54 6
54 9
54 11
54 14
54 18
54 19
54 20
54 25
54 26
54 27
54 29
54 30
54 33
54 34
54 35
54 36
54 37
54 38
54 39
54 40
54 41
54 45
54 46
54 48
54 49
54 50
54 51
54 52
54 53
54 74
54 68
54 65
54 71
54 94
54 95
54 58
54 90
54 67
54 96
54 86
54 61
54 92
54 82
54 62
54 88
54 59
54 63
54 83
54 64
54 81
54 93
54 77
54 84
54 69
54 57
4 1
4 2
4 3
4 45
4 61
4 59
4 66
4 29
4 96
4 95
4 76
4 8
4 52
4 64
4 25
4 58
4 65
4 14
4 63
4 87
4 36
4 19
4 34
4 41
4 46
4 92
4 11
4 28
4 32
4 37
4 90
4 84
4 50
4 27
4 6
4 20
4 81
4 33
4 88
4 49
4 40
4 67
4 17
4 39
4 35
4 68
4 56
4 62
4 24
4 48
4 26
4 44
4 57
4 71
4 51
6 2
6 5
6 63
6 65
6 53
6 48
6 60
6 41
6 35
6 28
6 90
6 19
6 8
6 40
6 59
6 77
6 29
6 39
6 46
6 51
6 87
6 74
6 27
6 88
6 50
6 9
6 34
6 69
6 84
6 25
6 92
6 37
6 49
6 10
6 66
6 17
6 83
6 95
6 56
6 82
6 30
6 96
5 1
5 2
5 92
5 94
5 9
5 83
5 36
5 52
5 35
5 90
5 29
5 53
5 61
5 48
5 88
5 37
5 57
5 76
5 67
5 74
5 20
5 59
5 10
5 60
5 51
5 40
5 84
5 82
5 95
5 86
5 96
5 17
5 24
5 33
5 71
5 44
5 18
5 41
5 19
5 87
5 81
5 25
5 65
5 27
5 11
5 28
5 45
5 26
5 66
5 8
5 68
5 32
96 2
96 3
96 8
96 9
96 10
96 11
96 14
96 17
96 18
96 19
96 23
96 24
96 25
96 27
96 30
96 32
96 36
96 37
96 38
96 40
96 41
96 44
96 45
96 46
96 48
96 50
96 52
96 53
96 57
96 58
96 60
96 61
96 62
96 63
96 64
96 65
96 66
96 67
96 68
96 71
96 73
96 74
96 76
96 77
96 81
96 82
96 83
96 84
96 86
96 87
96 90
96 94
96 95
86 1
86 10
86 11
86 14
86 17
86 18
86 19
86 23
86 24
86 26
86 27
86 28
86 29
86 30
86 32
86 33
86 35
86 36
86 37
86 39
86 40
86 41
86 44
86 49
86 50
86 51
86 52
86 53
86 58
86 59
86 60
86 61
86 62
86 64
86 65
86 66
86 67
86 68
86 69
86 73
86 74
86 76
86 77
86 83
86 92
86 94
86 90
20 1
20 2
20 3
20 8
20 11
20 17
20 19
20 74
20 94
20 29
20 28
20 81
20 84
20 62
20 38
20 45
20 63
20 65
20 36
20 50
20 49
20 51
20 57
20 66
20 46
20 24
20 64
20 30
20 27
20 26
20 83
20 32
20 67
20 76
20 71
20 82
20 95
20 88
20 23
20 56
20 58
20 61
20 93
20 34
20 69
20 87
20 48
20 35
20 52
20 77
20 53
20 25
20 90
41 1
41 2
41 3
41 9
41 10
41 17
41 19
41 23
41 24
41 25
41 26
41 27
41 30
41 32
41 33
41 34
41 35
41 36
41 37
41 39
41 93
41 69
41 68
41 76
41 57
41 65
41 45
41 51
41 46
41 50
41 84
41 63
41 74
41 92
41 64
41 56
41 71
41 62
41 77
41 66
41 59
41 53
41 60
41 44
41 73
41 82
33 1
33 2
33 8
33 10
33 11
33 14
33 17
33 19
33 25
33 26
33 27
33 29
33 30
33 32
33 34
33 57
33 37
33 59
33 64
33 73
33 84
33 88
33 66
33 40
33 49
33 90
33 77
33 50
33 76
33 45
33 67
33 46
33 69
33 93
33 92
33 60
33 38
33 56
33 58
33 83
33 71
33 74
33 36
33 94
33 61
33 95
33 87
68 1
68 2
68 3
68 8
68 10
68 17
68 18
68 19
68 23
68 25
68 26
68 27
68 28
68 29
68 32
68 34
68 35
68 37
68 40
68 44
68 45
68 46
68 49
68 50
68 51
68 52
68 56
68 57
68 59
68 60
68 61
68 62
68 63
68 65
68 66
68 67
68 71
68 73
68 88
68 69
68 94
68 87
68 92
68 90
68 82
68 83
68 84
77 1
77 2
77 3
77 9
77 10
77 11
77 17
77 18
77 19
77 23
77 24
77 25
77 26
77 27
77 29
77 30
77 34
77 36
77 37
77 38
77 40
77 44
77 45
77 46
77 48
77 49
77 50
77 51
77 53
77 56
77 57
77 59
77 61
77 62
77 64
77 65
77 66
77 67
77 69
77 71
77 73
77 74
77 94
77 92
77 82
77 81
77 88
77 83
77 93
77 95
77 87
58 1
58 2
58 9
58 14
58 17
58 19
58 23
58 24
58 25
58 26
58 27
58 28
58 29
58 30
58 34
58 35
58 36
58 38
58 39
58 40
58 44
58 45
58 46
58 48
58 49
58 52
58 53
58 57
58 90
58 60
58 69
58 73
58 61
58 81
58 66
58 59
58 71
58 88
58 67
58 95
58 82
58 92
58 63
58 87
58 93
58 83
58 62
88 1
88 2
88 8
88 9
88 10
88 11
88 14
88 17
88 18
88 19
88 23
88 24
88 25
88 26
88 28
88 29
88 30
88 35
88 36
88 37
88 38
88 39
88 44
88 45
88 46
88 48
88 49
88 50
88 51
88 52
88 53
88 56
88 59
88 60
88 63
88 65
88 66
88 69
88 71
88 73
88 81
88 84
88 87
88 92
88 93
88 94
88 90
60 1
60 2
60 3
60 8
60 14
60 17
60 18
60 19
60 23
60 24
60 25
60 26
60 27
60 30
60 32
60 34
60 36
60 37
60 38
60 39
60 45
60 48
60 50
60 52
60 56
60 57
60 59
60 62
60 74
60 81
60 66
60 90
60 83
60 87
60 63
60 69
60 67
60 64
60 84
60 82
60 76
60 65
2 1
2 49
2 19
2 84
2 48
2 51
2 3
2 9
2 90
2 50
2 69
2 46
2 82
2 37
2 30
2 24
2 17
2 28
2 61
2 8
2 32
2 57
2 14
2 10
2 59
2 18
2 39
2 52
2 87
2 35
2 81
2 94
2 93
2 34
2 76
2 65
2 67
2 74
2 92
2 38
2 56
2 45
1 39
1 51
1 3
1 45
1 53
1 90
1 25
1 61
1 83
1 32
1 8
1 35
1 73
1 28
1 17
1 18
1 67
1 9
1 94
1 49
1 26
1 14
1 48
1 52
1 62
1 74
1 46
1 36
1 95
1 27
1 10
1 76
1 57
1 93
1 71
1 82
1 59
1 44
1 38
1 84
1 11
1 92
1 87
1 69
1 40
1 24
1 23
53 3
53 8
53 9
53 10
53 11
53 14
53 17
53 18
53 23
53 27
53 28
53 29
53 32
53 34
53 36
53 37
53 38
53 39
53 40
53 45
53 46
53 50
53 51
53 52
53 56
53 76
53 95
53 63
53 64
53 59
53 81
53 62
53 83
53 57
53 87
53 92
53 73
53 74
53 66
53 71
56 3
56 8
56 9
56 10
56 14
56 17
56 19
56 24
56 25
56 27
56 28
56 29
56 30
56 32
56 34
56 35
56 36
56 37
56 38
56 39
56 40
56 44
56 46
56 48
56 49
56 52
56 92
56 63
56 67
56 94
56 82
56 76
56 74
56 71
56 90
56 65
56 69
56 61
56 64
56 57
56 87
56 84
14 3
14 9
14 93
14 64
14 66
14 19
14 57
14 25
14 18
14 65
14 37
14 87
14 26
14 83
14 34
14 45
14 81
14 84
14 61
14 30
14 51
14 28
14 59
14 67
14 39
14 38
14 82
14 44
14 40
14 46
14 90
14 62
14 73
14 35
14 36
14 32
50 8
50 18
50 24
50 25
50 26
50 27
50 29
50 30
50 35
50 37
50 38
50 40
50 44
50 46
50 66
50 65
50 59
50 76
50 81
50 94
50 63
50 52
50 69
50 92
50 74
50 93
71 3
71 9
71 10
71 11
71 18
71 19
71 23
71 24
71 25
71 26
71 27
71 28
71 29
71 30
71 34
71 35
71 36
71 37
71 40
71 44
71 45
71 46
71 48
71 49
71 51
71 52
71 57
71 59
71 62
71 63
71 64
71 65
71 66
71 69
71 82
71 73
71 81
71 87
71 90
71 84
71 95
71 76
71 83
71 92
73 8
73 9
73 10
73 11
73 17
73 18
73 19
73 23
73 26
73 28
73 30
73 32
73 35
73 37
73 38
73 40
73 44
73 46
73 49
73 51
73 52
73 59
73 61
73 62
73 63
73 65
73 67
73 93
73 74
73 83
73 92
73 95
73 90
73 82
73 84
73 94
73 76
44 3
44 8
44 9
44 10
44 11
44 17
44 18
44 19
44 24
44 25
44 27
44 28
44 29
44 30
44 34
44 36
44 37
44 38
44 39
44 40
44 51
44 45
44 49
44 94
44 52
44 81
44 69
44 48
44 92
44 87
44 67
44 76
44 90
44 84
44 83
44 95
44 93
44 63
44 46
34 3
34 8
34 9
34 10
34 11
34 18
34 19
34 23
34 24
34 25
34 27
34 28
34 30
34 32
34 64
34 95
34 94
34 92
34 39
34 63
34 35
34 87
34 67
34 59
34 61
34 52
34 37
34 83
34 84
34 57
34 46
34 45
34 82
34 93
34 69
34 74
34 90
34 40
34 81
23 3
23 9
23 17
23 51
23 28
23 69
23 59
23 46
23 66
23 32
23 92
23 93
23 94
23 57
23 67
23 63
23 38
23 40
23 64
23 25
23 84
23 35
23 81
23 90
23 76
23 82
23 39
23 37
23 45
23 36
23 30
23 61
23 24
23 95
82 3
82 9
82 10
82 11
82 19
82 24
82 27
82 28
82 30
82 32
82 35
82 40
82 46
82 49
82 51
82 57
82 59
82 62
82 63
82 64
82 65
82 66
82 67
82 69
82 81
82 87
82 83
82 94
82 95
82 92
82 90
82 93
90 8
90 10
90 11
90 17
90 19
90 24
90 25
90 26
90 27
90 29
90 30
90 32
90 35
90 36
90 38
90 39
90 40
90 49
90 51
90 57
90 59
90 61
90 62
90 63
90 65
90 74
90 81
90 84
90 87
90 94
90 93
90 92
84 3
84 8
84 9
84 10
84 11
84 18
84 19
84 24
84 25
84 26
84 27
84 28
84 29
84 30
84 32
84 36
84 37
84 40
84 46
84 48
84 49
84 51
84 57
84 59
84 62
84 63
84 64
84 65
84 66
84 67
84 81
84 92
84 93
84 87
84 95
39 3
39 8
39 9
39 10
39 11
39 17
39 18
39 19
39 24
39 25
39 26
39 27
39 28
39 35
39 36
39 38
39 51
39 76
39 65
39 46
39 92
39 57
39 45
39 64
39 59
39 74
39 61
39 62
39 69
39 83
39 93
39 87
39 40
39 49
39 95
39 94
39 67
66 3
66 8
66 9
66 10
66 18
66 19
66 27
66 28
66 29
66 30
66 35
66 36
66 37
66 38
66 40
66 46
66 49
66 51
66 52
66 59
66 61
66 62
66 63
66 65
66 94
66 74
66 87
66 93
66 95
66 83
66 67
66 81
66 76
52 3
52 8
52 9
52 10
52 11
52 18
52 19
52 24
52 25
52 28
52 29
52 30
52 32
52 35
52 38
52 46
52 49
52 51
52 57
52 69
52 59
52 94
52 67
52 65
52 76
52 63
52 81
52 83
52 64
52 74
61 3
61 8
61 11
61 18
61 19
61 26
61 28
61 30
61 32
61 35
61 36
61 37
61 38
61 45
61 46
61 48
61 49
61 57
61 59
61 92
61 94
61 69
61 81
61 74
61 65
61 87
61 62
61 64
74 3
74 8
74 9
74 11
74 19
74 24
74 25
74 27
74 29
74 30
74 35
74 36
74 37
74 40
74 45
74 49
74 51
74 57
74 59
74 63
74 64
74 65
74 67
74 69
74 81
74 87
74 95
74 76
74 83
74 93
74 94
8 3
8 83
8 36
8 26
8 59
8 69
8 81
8 65
8 92
8 9
8 94
8 49
8 51
8 32
8 48
8 24
8 67
8 38
8 35
8 46
8 30
8 76
8 62
8 64
8 27
8 45
8 63
8 10
8 17
8 57
8 95
8 40
8 11
8 87
36 3
36 9
36 11
36 18
36 26
36 28
36 29
36 30
36 37
36 94
36 92
36 83
36 64
36 49
36 65
36 57
36 81
36 95
36 45
36 93
36 40
36 51
36 87
36 76
36 63
35 3
35 11
35 17
35 18
35 19
35 24
35 25
35 26
35 27
35 28
35 30
35 38
35 93
35 87
35 37
35 76
35 46
35 69
35 65
35 62
35 51
35 67
35 45
35 64
35 63
35 59
64 3
64 9
64 10
64 17
64 19
64 25
64 26
64 27
64 29
64 30
64 38
64 40
64 45
64 48
64 49
64 51
64 57
64 63
64 92
64 93
64 94
64 83
64 67
64 69
64 95
18 3
18 9
18 10
18 11
18 17
18 92
18 25
18 83
18 57
18 87
18 62
18 94
18 95
18 45
18 93
18 24
18 37
18 48
18 30
18 76
18 19
18 51
18 46
18 29
18 38
18 65
18 27
18 28
18 49
10 3
10 9
10 87
10 76
10 45
10 83
10 11
10 92
10 27
10 26
10 57
10 37
10 29
10 59
10 62
10 19
10 63
10 46
10 69
10 40
10 24
10 67
65 3
65 9
65 11
65 17
65 19
65 25
65 26
65 27
65 28
65 29
65 30
65 32
65 37
65 46
65 48
65 49
65 57
65 59
65 62
65 63
65 83
65 81
65 87
65 94
62 9
62 11
62 17
62 19
62 24
62 25
62 26
62 27
62 29
62 40
62 45
62 46
62 48
62 49
62 57
62 59
62 94
62 76
62 95
62 87
62 63
62 92
62 69
62 67
62 81
3 30
3 48
3 92
3 9
3 51
3 27
3 37
3 87
3 95
3 69
3 28
3 19
3 83
3 17
3 38
3 11
3 32
3 46
3 59
3 76
3 29
3 67
3 57
3 25
3 81
3 93
3 24
3 40
59 9
59 24
59 25
59 27
59 28
59 29
59 30
59 32
59 38
59 40
59 45
59 46
59 48
59 49
59 51
59 57
59 93
59 81
59 87
59 94
59 67
59 63
59 83
26 11
26 17
26 19
26 24
26 76
26 63
26 87
26 92
26 94
26 46
26 29
26 48
26 83
26 28
26 45
26 40
26 38
26 49
26 32
26 95
26 81
27 17
27 19
27 24
27 38
27 30
27 32
27 49
27 83
27 37
27 69
27 67
27 51
27 92
27 48
27 57
27 95
27 29
27 87
27 81
27 45
27 28
27 46
37 9
37 11
37 17
37 19
37 25
37 28
37 29
37 30
37 32
37 94
37 83
37 46
37 92
37 51
37 69
37 87
37 49
37 48
37 40
37 38
37 67
37 95
37 45
30 9
30 17
30 19
30 24
30 25
30 28
30 29
30 76
30 32
30 94
30 87
30 63
30 38
30 81
30 51
30 45
30 67
30 92
30 95
63 9
63 11
63 17
63 24
63 25
63 28
63 29
63 45
63 46
63 57
63 93
63 81
63 69
63 83
63 94
63 67
63 87
63 76
51 9
51 11
51 17
51 24
51 25
51 28
51 29
51 38
51 40
51 45
51 46
51 48
51 49
51 81
51 69
51 93
51 87
51 67
51 95
51 83
51 94
45 9
45 17
45 24
45 25
45 28
45 29
45 32
45 38
45 40
45 95
45 93
45 69
45 81
45 49
45 57
25 11
25 17
25 19
25 24
25 32
25 93
25 46
25 40
25 49
25 67
25 29
25 81
25 48
25 87
25 95
25 76
25 94
83 9
83 19
83 24
83 28
83 29
83 32
83 40
83 46
83 48
83 49
83 67
83 76
83 81
83 87
83 95
83 93
83 94
83 92
32 9
32 17
32 19
32 28
32 29
32 92
32 94
32 48
32 95
32 87
32 57
32 76
32 46
32 81
32 40
32 49
28 11
28 17
28 19
28 24
28 48
28 92
28 40
28 81
28 76
28 69
28 67
28 87
28 29
17 9
17 11
17 40
17 69
17 92
17 19
17 49
17 93
17 95
17 67
17 46
17 38
17 81
17 24
17 48
67 9
67 19
67 24
67 29
67 38
67 40
67 46
67 48
67 49
67 76
67 95
67 93
67 87
67 69
67 81
9 40
9 92
9 57
9 29
9 95
9 81
9 69
9 49
9 48
9 46
9 38
9 11
9 94
94 11
94 19
94 38
94 49
94 57
94 87
94 92
94 93
94 95
49 11
49 19
49 24
49 29
49 38
49 40
49 48
49 57
49 81
49 95
49 76
49 93
49 87
48 11
48 19
48 29
48 40
48 46
48 92
48 95
48 69
48 76
48 87
46 11
46 19
46 24
46 29
46 38
46 87
46 81
46 95
46 93
46 69
95 19
95 24
95 29
95 38
95 40
95 57
95 81
95 87
95 93
76 19
76 29
76 38
76 40
76 92
76 81
57 11
57 19
57 24
57 38
57 40
57 92
57 93
57 81
57 87
93 11
93 19
93 24
93 69
93 81
93 87
93 92
38 29
38 69
38 81
38 92
38 87
11 29
11 92
11 87
11 19
92 19
92 24
92 29
92 40
92 69
92 81
92 87
87 19
87 24
87 29
87 40
87 69
87 81
69 40
69 81
40 19
40 29
40 81
24 81
24 29
19 81
81 29