0 1 75 33 97 49 14 74 12 26 30 2 98 3 82 50 65 27 71 59 70 4 22 5 81 89 6 63 41 88 84 13 96 19 7 40 66 53 9 10 29 8 38 87 45 68 83 79 93 11 64 58 62 35 85 55 20 92 67 76 48 25 15 16 21 60 47 37 72 17 90 18 39 56 24 32 23 28 91 61 54 43 42 69 77 94 44 73 57 80 31 52 78 34 36 95 86 46 51 99
0 1
0 75
0 33
0 97
0 49
0 14
0 74
0 12
0 26
0 30
1 2
1 98
75 4
75 6
75 37
75 39
75 51
75 53
75 59
75 69
75 74
75 76
75 98
75 80
33 21
33 32
33 34
33 38
33 60
33 84
97 7
97 28
97 51
97 61
97 77
97 79
97 80
97 84
97 86
97 87
97 96
97 98
49 2
49 5
49 18
49 27
49 34
49 40
49 41
49 48
49 50
49 85
49 61
49 63
49 55
49 91
49 65
49 62
14 13
14 15
14 58
74 27
74 28
74 29
74 48
74 53
74 55
74 66
74 73
74 93
74 80
74 96
74 77
74 85
74 98
12 6
12 11
12 13
12 85
12 55
12 59
12 50
12 20
12 92
12 67
12 76
12 87
26 23
26 25
26 27
26 28
26 77
26 65
26 79
26 71
26 63
26 88
30 24
30 29
30 31
30 42
30 72
30 66
30 52
2 3
2 82
2 50
2 65
2 27
2 71
2 59
2 70
98 32
98 63
98 66
98 69
98 76
98 77
98 78
98 79
98 81
98 82
98 83
98 84
98 85
98 86
98 87
98 99
3 4
3 22
82 36
82 37
82 56
82 58
82 62
82 65
82 78
82 80
82 81
82 83
82 90
82 94
82 91
82 95
82 86
50 5
50 19
50 35
50 51
50 60
50 71
65 16
65 22
65 41
65 42
65 57
65 64
65 66
65 91
65 67
65 92
65 71
65 73
65 95
27 17
27 20
27 28
27 79
27 94
27 85
27 44
27 73
27 92
71 9
71 18
71 24
71 44
71 51
71 55
71 62
71 70
71 72
71 84
71 96
71 91
59 19
59 24
59 25
59 58
59 60
59 84
59 86
59 66
59 68
59 77
59 67
59 96
59 92
70 23
70 35
70 44
70 62
70 69
70 91
4 5
4 81
4 89
22 19
22 21
22 23
22 64
22 28
22 88
22 91
5 6
5 63
5 41
5 88
5 84
5 13
5 96
5 19
81 15
81 32
81 36
81 42
81 57
81 63
81 66
81 76
81 79
81 80
81 91
81 88
81 94
81 85
81 89
81 84
81 86
81 92
89 9
89 32
89 40
89 51
89 56
89 57
89 66
89 69
89 76
89 79
89 87
89 88
89 90
6 7
6 40
6 66
6 96
6 53
6 9
6 10
6 29
63 57
63 60
63 62
63 64
63 87
63 80
63 79
63 92
63 84
63 67
41 23
41 40
41 42
41 88
41 95
41 60
41 56
41 77
88 39
88 48
88 60
88 62
88 67
88 79
88 80
88 83
88 85
88 87
84 10
84 28
84 38
84 39
84 44
84 52
84 57
84 61
84 67
84 76
84 79
84 83
84 85
84 93
84 95
84 94
84 96
84 92
13 58
13 48
13 25
13 20
96 35
96 36
96 43
96 51
96 57
96 61
96 64
96 78
96 80
96 85
96 86
96 95
19 17
19 18
19 20
19 92
7 8
7 38
40 24
40 39
40 66
40 53
40 72
40 56
66 25
66 45
66 52
66 67
66 77
53 25
53 36
53 52
53 54
53 87
53 91
53 57
9 8
9 10
9 93
10 11
10 64
10 29
10 58
10 62
10 35
29 21
29 28
29 62
29 80
29 83
8 87
8 45
8 68
8 83
8 79
38 15
38 21
38 24
38 37
38 39
38 73
87 15
87 35
87 43
87 55
87 57
87 61
87 86
87 92
45 44
45 46
45 58
68 17
68 34
68 44
68 51
68 54
68 67
68 69
68 77
68 93
83 11
83 15
83 56
83 62
83 76
83 95
83 85
79 17
79 39
79 52
79 61
79 69
79 76
79 78
79 80
79 85
79 91
93 16
93 17
93 25
93 44
93 72
93 78
93 85
93 92
93 94
64 17
64 21
64 25
64 67
64 95
64 86
64 85
64 73
64 76
58 57
58 69
62 35
62 37
62 61
62 95
62 90
62 77
35 16
35 24
35 34
35 36
35 42
35 44
35 90
85 16
85 21
85 51
85 67
85 72
85 76
85 86
85 92
85 90
55 32
55 46
55 54
55 56
55 73
20 21
20 56
92 80
92 86
92 91
67 56
67 69
67 86
67 95
67 76
67 80
76 16
76 37
76 43
76 56
76 77
76 78
76 80
48 18
48 47
48 54
25 24
25 42
25 69
25 72
25 54
15 16
15 21
15 60
15 47
15 37
15 72
16 17
16 90
21 24
21 32
60 17
60 36
60 47
60 61
47 46
37 36
72 73
17 18
17 39
90 43
90 61
90 86
90 91
39 24
39 32
39 42
39 52
56 57
56 94
56 77
56 86
24 23
24 43
32 31
23 91
23 61
23 54
28 42
28 57
91 43
91 73
91 78
91 80
54 36
54 80
43 42
43 44
43 94
43 73
42 44
42 95
69 36
69 51
69 78
69 77
77 78
77 95
94 57
94 78
94 80
94 86
94 95
44 31
44 86
73 36
57 34
57 51
57 78
80 86
80 95
31 78
52 51
52 95
36 95
46 51