0 14 5 8 25 26 27 1 15 4 28 29 30 2 3 31 32 33 12 34 35 36 23 37 38 39 17 40 41 42 6 19 10 43 44 45 7 11 20 46 47 48 13 16 49 50 51 9 21 52 53 54 55 56 57 58 59 60 61 62 63 64 65 66 67 68 69 70 71 72 18 24 73 74 75 76 77 78 79 80 81 82 83 84 85 86 87 88 89 90 22 91 92 93 94 95 96 97 98 99
0 14
0 5
0 8
0 25
0 26
0 27
14 20
14 67
14 68
14 69
5 17
5 40
5 41
5 42
8 13
8 16
8 49
8 50
8 51
25 27
25 45
25 69
25 76
25 88
26 55
26 98
1 15
1 4
1 28
1 29
1 30
15 70
15 71
15 72
4 23
4 37
4 38
4 39
28 73
28 46
29 43
29 68
30 45
2 3
2 31
2 32
2 33
3 12
3 34
3 35
3 36
31 92
32 64
32 81
32 37
33 47
12 6
12 61
12 62
12 63
34 59
34 74
34 54
35 44
35 82
35 59
36 38
36 69
23 19
23 94
23 95
23 96
37 54
39 47
39 52
17 10
17 76
17 77
17 78
40 57
40 97
41 61
42 80
6 19
6 10
6 43
6 44
6 45
19 82
19 83
19 84
10 55
10 56
10 57
45 67
7 11
7 20
7 46
7 47
7 48
11 21
11 58
11 59
11 60
20 85
20 86
20 87
46 56
46 72
47 68
48 53
13 64
13 65
13 66
16 18
16 24
16 73
16 74
16 75
49 92
49 90
50 93
51 90
51 77
9 21
9 52
9 53
9 54
21 88
21 89
21 90
52 85
52 94
53 93
53 55
54 92
56 61
57 89
58 75
59 71
60 71
62 98
62 74
63 68
64 65
66 90
70 96
72 99
18 79
18 80
18 81
24 22
24 97
24 98
24 99
73 94
73 77
75 84
75 96
75 76
78 80
78 79
78 83
79 97
83 99
86 91
86 95
86 90
87 91
88 97
22 91
22 92
22 93