0 27 11 57 1 2 3 4 5 6 7 8 9 10 12 13 14 15 16 17 18 19 20 21 22 23 24 25 26 28 29 30 31 32 33 34 35 36 37 38 39 40 41 42 43 44 45 46 47 48 49 50 51 52 53 54 55 56 58 59 60 61 62 63 64 65 66 67 68 69 70 71 72 73 74 75
0 27
0 11
0 57
0 1
0 2
0 3
0 4
0 5
0 6
0 7
0 8
0 9
0 10
0 12
0 13
0 14
0 15
0 16
0 17
0 18
0 19
0 20
0 21
0 22
0 23
0 24
0 25
0 26
0 28
0 29
0 30
0 31
0 32
0 33
0 34
0 35
0 36
0 37
0 38
0 39
0 40
0 41
0 42
0 43
0 44
0 45
0 46
0 47
0 48
0 49
0 50
0 51
0 52
0 53
0 54
0 55
0 56
0 58
0 59
0 60
0 61
0 62
0 63
0 64
0 65
0 66
0 67
0 68
0 69
0 70
0 71
0 72
0 73
0 74
0 75
27 53
57 44
1 19
1 31
1 70
2 10
2 4
3 61
3 43
3 75
5 43
5 34
5 69
6 59
7 55
7 25
7 74
8 23
8 50
9 37
9 14
10 53
12 51
13 37
13 60
14 55
15 39
16 47
17 71
18 63
18 19
18 37
18 38
19 45
20 33
21 60
22 64
22 53
23 60
23 29
23 47
24 53
25 32
25 36
25 73
26 54
28 66
30 39
32 49
33 64
35 42
35 52
36 64
38 39
38 58
38 71
40 52
41 52
42 59
42 62
45 54
46 58
46 72
48 70
50 56
50 67
51 70
51 65
52 59
59 61
63 64
66 73
68 74