0 3 4 10 17 18 23 28 33 47 66 72 1 5 7 11 15 20 25 42 52 69 89 2 34 6 8 12 13 16 31 37 38 43 44 45 48 53 55 59 64 70 75 82 95 9 21 24 56 67 71 91 93 14 19 22 27 30 36 39 41 49 51 58 83 40 73 85 88 99 29 74 97 35 92 57 68 76 26 65 32 46 60 63 77 78 87 90 98 50 54 61 84 96 94 81 62 79 80 86
0 3
0 28
0 72
0 23
3 59
3 48
3 75
3 43
4 93
4 21
4 18
4 7
4 24
10 92
17 1
18 82
18 54
28 79
28 6
28 38
28 83
28 94
33 58
33 12
47 46
66 68
66 13
72 98
1 89
1 5
1 52
1 42
5 58
5 14
5 16
5 19
5 51
5 22
11 21
11 15
11 34
11 49
15 2
15 30
20 12
20 21
25 26
69 70
69 90
69 9
8 71
8 99
8 95
8 88
12 31
12 76
13 44
13 39
37 81
37 92
37 27
37 46
37 91
37 55
38 64
44 27
45 90
53 63
59 82
70 21
82 96
9 97
21 74
56 36
56 80
67 19
14 77
14 99
14 78
14 32
14 60
14 63
27 98
27 41
27 35
27 62
27 40
36 87
36 29
39 61
73 77
85 46
99 65
97 26
57 77
26 87
46 86
50 86
84 80