0 1 2 3 4 5 6 7 8 9 10 11 12 13 14 15 16 17 18 19 20 21 22 23 24 25 26 27 28 29 30 31 32 33 34 35 36 37 38 39 40 41 42 43 44 45 46 47 48 49 50 51 52 53 54 55 56 57 58 59 60 61 62 63 64 65 66 67 68 69 70 71 72 73 74 75 76 77 78 79 80 81 82 83 84 85 86 87 88 89 90 91 92 93 94 95 96 97 98
0 34
0 30
1 36
1 35
1 30
1 5
1 21
2 7
2 8
2 38
3 26
3 40
3 39
3 19
4 41
4 5
4 24
5 43
5 44
6 18
6 29
6 45
7 48
7 25
8 50
8 49
8 22
9 51
9 20
9 52
9 22
10 53
10 54
10 25
11 56
11 32
11 55
12 58
12 57
13 59
13 60
13 31
13 30
14 62
14 29
15 28
15 63
16 65
16 66
17 67
17 30
19 71
19 72
20 74
21 75
22 78
22 28
22 77
23 80
23 30
24 82
24 81
25 84
26 85
26 86
27 88
28 89
29 91
29 92
30 94
31 95
31 96
32 98
32 97
33 35
37 39
38 40
42 44
45 47
46 48
54 56
58 60
61 63
62 64
65 67
66 68
69 71
70 72
73 75
74 76
77 79
81 83
82 84
85 87
86 88
89 91
90 92
93 95