0 1 4 5 6 7 11 12 13 14 17 18 19 24 28 30 31 32 35 36 39 40 42 43 45 46 49 50 53 54 59 61 64 66 67 68 70 71 77 80 81 84 85 86 90 91 92 95 96 99 2 3 9 15 16 20 21 26 27 29 37 41 44 47 48 51 56 57 58 62 63 69 73 76 79 82 93 94 8 10 33 38 52 75 78 88 89 23 34 60 72 83 98 25 55 65 22 87 74 97
0 1
0 4
0 5
0 6
0 7
0 11
0 12
0 13
0 14
0 17
0 18
0 19
0 24
0 28
0 30
0 31
0 32
0 35
0 36
0 39
0 40
0 42
0 43
0 45
0 46
0 49
0 50
0 53
0 54
0 59
0 61
0 64
0 66
0 67
0 68
0 70
0 71
0 77
0 80
0 81
0 84
0 85
0 86
0 90
0 91
0 92
0 95
0 96
0 99
1 2
1 3
1 7
1 9
1 11
1 14
1 15
1 16
1 18
1 20
1 21
1 26
1 27
1 28
1 29
1 30
1 31
1 32
1 35
1 37
1 39
1 40
1 41
1 42
1 44
1 45
1 46
1 47
1 48
1 49
1 50
1 51
1 53
1 54
1 56
1 57
1 58
1 59
1 62
1 63
1 69
1 73
1 76
1 77
1 79
1 82
1 84
1 85
1 90
1 91
1 93
1 94
1 95
1 96
1 99
4 3
4 5
4 6
4 8
4 10
4 11
4 12
4 14
4 18
4 19
4 20
4 21
4 23
4 25
4 27
4 28
4 30
4 34
4 35
4 36
4 38
4 39
4 40
4 43
4 45
4 48
4 49
4 50
4 51
4 52
4 53
4 54
4 55
4 57
4 58
4 60
4 61
4 62
4 63
4 65
4 67
4 70
4 77
4 85
4 86
4 88
4 89
4 90
4 91
4 92
4 93
4 95
4 96
4 98
4 99
5 2
5 6
5 9
5 12
5 13
5 18
5 19
5 21
5 24
5 27
5 29
5 30
5 32
5 33
5 34
5 37
5 38
5 42
5 43
5 45
5 46
5 47
5 48
5 49
5 50
5 51
5 53
5 54
5 57
5 59
5 62
5 63
5 64
5 67
5 69
5 70
5 73
5 75
5 76
5 80
5 82
5 83
5 85
5 88
5 89
5 91
5 99
6 2
6 7
6 9
6 11
6 12
6 14
6 15
6 20
6 22
6 24
6 25
6 29
6 30
6 31
6 33
6 35
6 37
6 38
6 39
6 40
6 41
6 47
6 50
6 55
6 57
6 60
6 62
6 63
6 66
6 67
6 71
6 75
6 77
6 78
6 80
6 81
6 82
6 83
6 86
6 87
6 88
6 89
6 92
6 94
6 95
7 8
7 12
7 14
7 16
7 17
7 20
7 21
7 23
7 24
7 30
7 32
7 33
7 36
7 37
7 39
7 40
7 41
7 42
7 43
7 46
7 47
7 49
7 52
7 54
7 56
7 57
7 59
7 61
7 63
7 64
7 67
7 68
7 71
7 74
7 77
7 78
7 80
7 81
7 84
7 89
7 90
7 91
7 93
7 94
7 95
7 96
11 2
11 8
11 10
11 13
11 14
11 15
11 17
11 18
11 19
11 20
11 21
11 23
11 25
11 27
11 29
11 31
11 33
11 34
11 35
11 36
11 38
11 39
11 41
11 43
11 44
11 56
11 61
11 62
11 63
11 64
11 67
11 68
11 69
11 70
11 72
11 73
11 77
11 78
11 80
11 81
11 82
11 83
11 86
11 89
11 90
11 92
11 93
11 94
11 97
11 99
12 2
12 3
12 8
12 14
12 15
12 16
12 19
12 20
12 21
12 22
12 23
12 26
12 27
12 29
12 31
12 32
12 33
12 34
12 35
12 36
12 39
12 41
12 42
12 43
12 45
12 46
12 49
12 52
12 54
12 56
12 58
12 59
12 60
12 61
12 63
12 65
12 67
12 68
12 71
12 72
12 73
12 74
12 75
12 76
12 78
12 79
12 83
12 84
12 88
12 89
12 91
12 93
12 94
12 95
12 96
12 97
12 98
12 99
13 2
13 3
13 10
13 14
13 15
13 16
13 21
13 23
13 24
13 25
13 26
13 27
13 28
13 29
13 31
13 33
13 35
13 36
13 37
13 39
13 40
13 43
13 46
13 47
13 49
13 53
13 58
13 59
13 61
13 63
13 64
13 67
13 68
13 69
13 71
13 72
13 75
13 76
13 78
13 79
13 80
13 86
13 87
13 89
13 90
13 93
13 95
13 98
14 3
14 8
14 16
14 17
14 19
14 20
14 23
14 25
14 26
14 29
14 30
14 31
14 32
14 33
14 34
14 35
14 36
14 37
14 38
14 39
14 40
14 41
14 46
14 48
14 52
14 53
14 54
14 55
14 57
14 59
14 60
14 61
14 62
14 63
14 64
14 66
14 67
14 68
14 71
14 72
14 73
14 74
14 77
14 78
14 81
14 82
14 84
14 86
14 88
14 90
14 91
14 95
14 98
14 99
17 2
17 3
17 15
17 18
17 19
17 20
17 23
17 24
17 25
17 26
17 27
17 28
17 31
17 34
17 43
17 45
17 46
17 49
17 50
17 51
17 52
17 53
17 54
17 55
17 56
17 57
17 58
17 59
17 62
17 64
17 65
17 68
17 69
17 70
17 71
17 72
17 73
17 74
17 75
17 76
17 78
17 80
17 82
17 85
17 86
17 89
17 91
17 92
17 93
17 98
17 99
18 2
18 16
18 19
18 20
18 22
18 23
18 25
18 28
18 29
18 31
18 33
18 34
18 44
18 48
18 50
18 51
18 52
18 53
18 54
18 59
18 62
18 63
18 64
18 65
18 66
18 67
18 68
18 70
18 72
18 74
18 77
18 79
18 82
18 87
18 89
18 92
18 94
18 96
18 98
18 99
19 2
19 3
19 10
19 15
19 20
19 22
19 23
19 25
19 26
19 27
19 28
19 29
19 30
19 31
19 32
19 35
19 37
19 40
19 41
19 42
19 43
19 46
19 48
19 49
19 51
19 54
19 59
19 60
19 62
19 63
19 64
19 66
19 69
19 70
19 73
19 74
19 76
19 81
19 82
19 86
19 88
19 90
19 91
19 94
19 96
19 97
19 98
19 99
24 3
24 8
24 9
24 10
24 15
24 21
24 22
24 25
24 27
24 28
24 29
24 30
24 33
24 35
24 38
24 39
24 41
24 46
24 47
24 48
24 50
24 54
24 55
24 56
24 58
24 60
24 63
24 64
24 66
24 67
24 68
24 71
24 73
24 75
24 76
24 77
24 78
24 80
24 83
24 85
24 88
24 89
24 95
24 97
28 2
28 8
28 9
28 10
28 15
28 16
28 20
28 23
28 29
28 30
28 31
28 33
28 35
28 38
28 40
28 43
28 44
28 45
28 46
28 47
28 49
28 53
28 54
28 56
28 58
28 59
28 60
28 61
28 63
28 64
28 65
28 66
28 67
28 70
28 73
28 75
28 80
28 81
28 82
28 83
28 87
28 89
28 96
28 97
30 8
30 9
30 10
30 15
30 16
30 20
30 21
30 23
30 25
30 26
30 27
30 31
30 34
30 35
30 37
30 38
30 42
30 43
30 45
30 46
30 48
30 49
30 50
30 51
30 53
30 56
30 57
30 59
30 63
30 66
30 69
30 70
30 74
30 78
30 80
30 84
30 85
30 86
30 87
30 88
30 89
30 90
30 92
30 93
30 94
30 98
30 99
31 2
31 3
31 9
31 15
31 16
31 20
31 25
31 33
31 34
31 36
31 38
31 40
31 41
31 42
31 43
31 44
31 47
31 48
31 49
31 51
31 53
31 54
31 55
31 58
31 60
31 62
31 63
31 64
31 67
31 68
31 69
31 70
31 72
31 74
31 76
31 77
31 79
31 80
31 81
31 84
31 86
31 87
31 88
31 89
31 90
31 92
31 96
31 98
32 2
32 3
32 8
32 10
32 21
32 26
32 33
32 35
32 36
32 39
32 40
32 43
32 44
32 45
32 47
32 49
32 51
32 53
32 57
32 62
32 63
32 66
32 67
32 69
32 70
32 75
32 76
32 77
32 81
32 83
32 86
32 89
32 91
32 92
32 95
32 97
32 98
35 2
35 3
35 10
35 16
35 21
35 22
35 29
35 33
35 34
35 36
35 38
35 40
35 41
35 42
35 45
35 46
35 47
35 48
35 54
35 55
35 61
35 63
35 64
35 66
35 67
35 69
35 71
35 73
35 74
35 76
35 79
35 80
35 82
35 83
35 84
35 86
35 92
35 94
35 95
35 96
35 98
35 99
36 2
36 3
36 10
36 20
36 21
36 22
36 23
36 25
36 34
36 38
36 42
36 43
36 44
36 46
36 47
36 49
36 50
36 51
36 52
36 53
36 54
36 58
36 61
36 63
36 64
36 68
36 69
36 70
36 72
36 73
36 75
36 80
36 81
36 84
36 91
36 93
36 94
36 97
39 8
39 15
39 20
39 21
39 22
39 29
39 33
39 42
39 43
39 46
39 47
39 48
39 53
39 54
39 55
39 56
39 59
39 60
39 61
39 62
39 66
39 67
39 69
39 70
39 72
39 73
39 74
39 76
39 77
39 79
39 80
39 93
39 97
39 99
40 8
40 9
40 15
40 16
40 22
40 37
40 44
40 45
40 47
40 50
40 51
40 57
40 58
40 60
40 61
40 62
40 63
40 64
40 67
40 69
40 71
40 73
40 75
40 77
40 78
40 81
40 82
40 85
40 87
40 89
40 92
40 95
40 96
40 97
40 98
42 2
42 8
42 9
42 10
42 21
42 22
42 38
42 41
42 45
42 47
42 49
42 51
42 52
42 53
42 54
42 55
42 57
42 59
42 61
42 63
42 66
42 68
42 70
42 73
42 75
42 78
42 79
42 81
42 82
42 85
42 89
42 90
42 91
42 92
42 93
42 94
42 95
42 96
43 3
43 10
43 16
43 20
43 21
43 23
43 26
43 27
43 34
43 37
43 41
43 45
43 46
43 48
43 51
43 55
43 59
43 60
43 61
43 62
43 64
43 65
43 67
43 71
43 72
43 73
43 74
43 76
43 77
43 79
43 80
43 83
43 84
43 85
43 86
43 87
43 88
43 94
43 96
43 97
43 98
43 99
45 8
45 9
45 15
45 16
45 20
45 22
45 23
45 27
45 34
45 38
45 41
45 46
45 47
45 48
45 49
45 50
45 52
45 54
45 56
45 58
45 62
45 63
45 64
45 65
45 66
45 67
45 69
45 71
45 73
45 75
45 76
45 79
45 82
45 83
45 86
45 87
45 91
45 96
46 2
46 8
46 9
46 10
46 15
46 20
46 21
46 22
46 26
46 27
46 29
46 48
46 52
46 58
46 59
46 60
46 62
46 70
46 72
46 73
46 76
46 77
46 79
46 81
46 82
46 84
46 86
46 88
46 91
46 93
46 94
46 97
46 98
49 2
49 3
49 8
49 9
49 10
49 21
49 22
49 27
49 38
49 41
49 44
49 47
49 52
49 56
49 59
49 60
49 61
49 62
49 63
49 64
49 65
49 67
49 69
49 73
49 74
49 78
49 80
49 82
49 91
49 92
49 94
49 95
49 96
49 98
50 9
50 10
50 15
50 16
50 21
50 23
50 26
50 33
50 41
50 44
50 47
50 48
50 51
50 53
50 54
50 57
50 58
50 59
50 60
50 61
50 62
50 63
50 64
50 66
50 67
50 69
50 71
50 72
50 73
50 76
50 78
50 79
50 80
50 84
50 85
50 88
50 89
50 90
50 92
50 95
50 97
50 98
50 99
53 2
53 8
53 10
53 16
53 23
53 26
53 27
53 29
53 33
53 34
53 37
53 38
53 44
53 48
53 52
53 55
53 56
53 57
53 59
53 61
53 62
53 63
53 67
53 69
53 70
53 72
53 73
53 74
53 77
53 79
53 80
53 81
53 84
53 85
53 88
53 89
53 94
53 95
53 96
53 99
54 2
54 9
54 10
54 16
54 20
54 21
54 22
54 23
54 25
54 33
54 37
54 56
54 57
54 58
54 61
54 66
54 67
54 69
54 70
54 74
54 75
54 77
54 78
54 79
54 80
54 84
54 85
54 86
54 87
54 89
54 91
54 94
54 95
54 96
54 97
54 98
54 99
59 9
59 10
59 15
59 20
59 21
59 33
59 38
59 44
59 48
59 56
59 57
59 60
59 61
59 62
59 63
59 64
59 65
59 67
59 69
59 71
59 73
59 76
59 77
59 78
59 79
59 80
59 81
59 82
59 84
59 85
59 87
59 90
59 92
59 93
59 94
59 96
59 98
59 99
61 3
61 8
61 9
61 10
61 15
61 20
61 21
61 22
61 37
61 38
61 41
61 44
61 55
61 62
61 64
61 66
61 67
61 69
61 70
61 74
61 75
61 76
61 77
61 78
61 79
61 80
61 82
61 83
61 85
61 86
61 89
61 91
61 93
61 94
61 95
61 96
61 98
64 2
64 3
64 8
64 9
64 16
64 25
64 48
64 51
64 52
64 55
64 56
64 58
64 60
64 66
64 67
64 69
64 71
64 73
64 77
64 80
64 81
64 84
64 85
64 88
64 89
64 90
64 91
64 93
64 95
64 96
64 97
66 2
66 3
66 9
66 20
66 21
66 22
66 33
66 44
66 47
66 56
66 58
66 60
66 65
66 71
66 72
66 73
66 76
66 79
66 80
66 82
66 83
66 84
66 88
66 89
66 94
66 96
66 97
67 8
67 22
67 23
67 25
67 27
67 33
67 34
67 48
67 52
67 55
67 58
67 60
67 68
67 76
67 77
67 80
67 81
67 84
67 86
67 89
67 90
67 92
67 95
67 96
68 8
68 20
68 23
68 26
68 27
68 48
68 51
68 55
68 56
68 58
68 60
68 62
68 69
68 72
68 73
68 75
68 78
68 85
68 88
68 91
68 92
68 93
68 94
68 95
68 97
70 3
70 9
70 15
70 16
70 20
70 23
70 37
70 38
70 41
70 52
70 55
70 57
70 60
70 62
70 65
70 71
70 73
70 75
70 79
70 81
70 86
70 89
70 90
70 91
70 92
70 96
70 98
70 99
71 2
71 3
71 10
71 20
71 23
71 25
71 26
71 27
71 38
71 51
71 55
71 58
71 60
71 62
71 72
71 73
71 75
71 76
71 77
71 81
71 84
71 85
71 89
71 90
71 93
71 95
77 3
77 9
77 15
77 16
77 20
77 21
77 23
77 25
77 27
77 38
77 41
77 44
77 48
77 52
77 55
77 56
77 57
77 58
77 62
77 74
77 76
77 78
77 80
77 81
77 82
77 85
77 87
77 91
77 93
77 97
80 8
80 10
80 21
80 22
80 25
80 26
80 38
80 51
80 52
80 55
80 57
80 58
80 60
80 62
80 65
80 72
80 74
80 76
80 79
80 83
80 84
80 86
80 89
80 91
80 94
81 3
81 9
81 10
81 16
81 22
81 25
81 26
81 27
81 29
81 33
81 34
81 38
81 44
81 52
81 62
81 63
81 65
81 69
81 72
81 73
81 74
81 76
81 78
81 82
81 83
81 87
81 88
81 90
81 92
81 93
81 97
81 98
84 2
84 9
84 15
84 26
84 27
84 33
84 34
84 37
84 41
84 47
84 48
84 58
84 60
84 62
84 65
84 74
84 76
84 82
84 86
84 87
84 89
84 90
84 94
84 95
84 96
84 97
84 98
84 99
85 2
85 3
85 8
85 20
85 21
85 23
85 26
85 27
85 29
85 33
85 34
85 38
85 41
85 47
85 51
85 55
85 60
85 62
85 75
85 82
85 86
85 88
85 89
85 90
85 92
85 94
85 95
85 98
85 99
86 2
86 8
86 9
86 16
86 25
86 26
86 58
86 60
86 62
86 63
86 69
86 75
86 78
86 79
86 82
86 83
86 87
86 88
86 89
86 90
86 91
86 92
86 94
86 95
86 96
86 98
90 3
90 9
90 10
90 15
90 22
90 23
90 25
90 26
90 27
90 29
90 33
90 34
90 41
90 44
90 51
90 56
90 57
90 60
90 62
90 63
90 69
90 73
90 75
90 76
90 79
90 91
90 92
90 94
90 97
90 98
90 99
91 10
91 16
91 20
91 23
91 26
91 27
91 34
91 38
91 44
91 47
91 48
91 52
91 60
91 62
91 63
91 65
91 69
91 73
91 75
91 76
91 79
91 87
91 92
91 93
91 96
91 98
91 99
92 9
92 15
92 23
92 25
92 29
92 34
92 37
92 38
92 48
92 51
92 52
92 56
92 57
92 58
92 60
92 62
92 63
92 65
92 72
92 78
92 83
92 88
92 93
92 94
92 97
95 3
95 8
95 9
95 10
95 16
95 29
95 37
95 38
95 48
95 51
95 52
95 55
95 56
95 57
95 72
95 73
95 78
95 79
95 83
95 88
95 94
95 96
95 97
95 98
95 99
96 8
96 9
96 20
96 21
96 22
96 23
96 25
96 26
96 29
96 38
96 41
96 47
96 48
96 52
96 58
96 62
96 63
96 74
96 76
96 78
96 83
96 88
96 89
96 97
96 98
99 8
99 16
99 22
99 23
99 26
99 34
99 37
99 38
99 44
99 48
99 51
99 52
99 62
99 63
99 65
99 74
99 75
99 79
99 83
99 93
2 8
2 9
2 10
2 20
2 26
2 27
2 33
2 37
2 38
2 41
2 51
2 52
2 57
2 63
2 73
2 75
2 78
2 79
2 82
2 88
2 89
3 10
3 15
3 21
3 23
3 33
3 34
3 48
3 51
3 58
3 60
3 62
3 63
3 72
3 79
3 83
3 88
3 89
3 94
3 98
9 10
9 15
9 16
9 20
9 23
9 26
9 27
9 29
9 44
9 47
9 56
9 57
9 63
9 65
9 72
9 79
9 82
9 89
9 98
15 10
15 20
15 26
15 37
15 41
15 47
15 57
15 58
15 60
15 62
15 72
15 73
15 76
15 78
15 79
15 87
15 97
15 98
16 22
16 23
16 25
16 33
16 34
16 37
16 38
16 41
16 47
16 52
16 55
16 56
16 69
16 72
16 73
16 74
16 75
16 82
16 83
16 89
16 93
16 94
16 97
16 98
20 10
20 22
20 23
20 26
20 27
20 29
20 37
20 51
20 55
20 60
20 62
20 63
20 65
20 78
20 82
20 83
20 87
20 88
20 89
20 93
21 8
21 22
21 23
21 25
21 26
21 33
21 37
21 44
21 47
21 51
21 55
21 56
21 57
21 60
21 69
21 73
21 76
21 83
21 88
21 93
21 98
26 23
26 25
26 29
26 33
26 34
26 37
26 38
26 41
26 48
26 51
26 55
26 57
26 62
26 63
26 69
26 74
26 76
26 78
26 82
26 88
26 89
26 98
27 10
27 22
27 23
27 25
27 29
27 33
27 37
27 57
27 58
27 60
27 65
27 69
27 72
27 74
27 75
27 82
27 83
27 89
27 93
27 97
29 22
29 33
29 38
29 44
29 48
29 51
29 55
29 56
29 58
29 60
29 62
29 65
29 78
29 88
29 93
29 98
37 8
37 10
37 25
37 33
37 51
37 57
37 72
37 73
37 76
37 78
37 79
37 83
37 88
37 89
37 94
37 98
41 8
41 22
41 25
41 33
41 34
41 38
41 47
41 52
41 56
41 58
41 63
41 65
41 72
41 73
41 74
41 75
41 76
41 78
41 94
44 8
44 10
44 25
44 34
44 47
44 48
44 51
44 52
44 56
44 57
44 58
44 65
44 76
44 78
44 79
44 82
44 89
44 94
44 98
47 10
47 33
47 34
47 48
47 51
47 52
47 56
47 63
47 74
47 76
47 79
47 82
47 83
47 87
47 93
48 8
48 34
48 56
48 57
48 62
48 63
48 69
48 72
48 73
48 82
48 87
48 97
51 8
51 10
51 34
51 56
51 60
51 65
51 75
51 79
51 87
51 89
51 98
56 10
56 22
56 23
56 25
56 33
56 38
56 55
56 57
56 58
56 65
56 76
56 78
56 83
56 87
56 94
56 98
57 8
57 10
57 25
57 33
57 69
57 73
57 76
57 79
57 82
57 83
57 88
57 93
57 97
58 10
58 25
58 34
58 38
58 55
58 63
58 65
58 72
58 73
58 74
58 82
58 83
58 93
58 98
62 8
62 10
62 22
62 34
62 52
62 65
62 74
62 75
62 82
62 83
62 87
62 89
62 93
63 10
63 25
63 34
63 38
63 52
63 69
63 72
63 73
63 74
63 78
63 98
69 8
69 10
69 23
69 34
69 52
69 55
69 65
69 73
69 75
69 78
69 83
69 87
69 89
69 94
69 98
73 8
73 10
73 22
73 33
73 34
73 38
73 60
73 74
73 75
73 76
73 82
73 93
73 97
76 8
76 10
76 23
76 52
76 55
76 72
76 74
76 78
76 83
76 87
76 89
79 8
79 22
79 23
79 25
79 34
79 38
79 52
79 55
79 60
79 65
79 74
79 82
79 83
79 93
79 94
79 98
82 8
82 23
82 33
82 55
82 60
82 72
82 88
82 89
82 94
82 98
93 10
93 23
93 25
93 33
93 52
93 55
93 60
93 72
93 78
93 89
93 94
93 98
94 10
94 23
94 25
94 38
94 52
94 55
94 60
94 72
94 89
8 23
8 25
8 33
8 34
8 38
8 52
8 65
8 74
8 83
8 87
8 97
8 98
10 34
10 38
10 52
10 75
10 78
10 97
33 25
33 38
33 52
33 74
33 75
33 78
33 89
33 97
33 98
38 34
38 65
38 72
38 74
38 97
52 22
52 60
52 72
52 74
52 78
52 83
52 98
75 34
75 65
75 78
75 83
75 87
75 88
78 23
78 25
78 34
78 55
78 60
78 65
78 74
78 83
78 87
78 88
78 97
78 98
88 22
88 23
88 25
88 34
88 60
88 72
88 83
88 87
88 89
88 98
89 22
89 25
89 55
89 60
89 74
89 83
89 97
89 98
23 22
23 25
23 55
23 60
23 72
23 83
23 98
34 55
34 60
34 72
34 74
34 83
34 87
34 97
60 22
60 83
60 98
72 22
72 55
72 65
72 74
83 22
83 25
83 65
83 87
83 97
98 25
98 55
98 97
25 55
25 65
25 87
25 97
55 65
55 74
55 87
65 87
65 97
22 87
87 97