0 1 2 3 4 5 6 7 8 9 10 11 12 13 14 15 16 17 18 19 20 21 22 23 24 25 26 27 28 29 30 31 32 33 34 35 36 37 38 39 40 41 42 43 44 45 46 47 48 49 50 51 52 53 54 55 56 57 58 59 60 61 62 63 64 65 66 67 68 69 70 71 72 73 74 75 76 77 78 79 80 81 82 83 84 85 86 87 88 89 90 91 92 93 94 95 96 97 98
0 33
0 34
0 23
1 36
1 12
2 38
2 14
2 37
3 40
3 9
3 39
4 31
4 5
4 21
4 42
5 43
5 29
5 44
6 46
7 48
7 47
7 27
7 30
8 49
8 50
9 51
9 31
10 54
10 28
11 56
11 19
11 55
12 57
13 59
13 60
13 27
14 61
14 62
14 32
15 25
15 64
16 65
16 31
17 68
17 67
17 20
18 70
18 69
19 72
20 25
20 73
21 75
21 76
22 32
22 25
22 78
22 77
23 32
23 80
24 81
24 25
24 82
25 83
25 29
26 86
26 32
26 85
27 88
28 89
28 29
29 92
31 96
31 95
32 97
32 98
33 35
34 36
41 43
45 47
46 48
49 51
50 52
53 55
54 56
58 60
61 63
66 68
69 71
70 72
74 76
77 79
82 84
85 87
86 88
89 91
90 92
93 95
94 96