33 95 79 19 45 2 37 70 43 49 1 10 82 23 60 83 76 71 69 61 65 34 20 99 39 67 53 32 68 16 73 30 51 56 28 0 66 94 52 31 18 63 17 64 55 9 77 47 54 75 7 40 44 87 42 72 3 46 11 13 8 15 21 74 24 26 98 96 89 59 12 80 58 90 35 50 84 93 22 27 29 36 48 81 14 4 88 85 5 86 38 97 25 78 6 92 57 91 62 41
33 95
33 75
33 39
33 56
33 10
33 93
33 52
33 47
33 16
33 68
33 69
33 72
33 53
33 40
33 25
33 15
33 43
33 67
33 29
33 79
33 91
33 46
95 79
95 19
95 53
95 49
95 24
95 26
95 98
95 13
95 50
95 63
95 82
95 64
95 99
95 58
95 11
95 94
95 68
95 22
95 59
79 19
79 39
79 47
79 77
79 53
79 29
79 13
79 24
79 60
79 74
79 48
79 8
79 25
19 10
19 83
19 51
19 56
19 28
19 67
19 74
19 14
45 2
45 37
45 55
45 70
45 12
45 80
45 84
45 24
45 29
45 68
45 75
45 10
45 46
45 51
45 25
2 70
2 43
2 17
2 51
2 77
2 40
2 3
2 23
2 1
2 58
2 73
37 49
37 1
37 0
37 84
37 39
37 12
37 27
37 44
37 96
70 52
70 31
70 18
70 7
70 67
70 9
70 51
70 40
70 94
70 12
70 64
70 80
70 58
70 57
43 16
43 73
43 30
43 51
43 69
43 60
43 57
43 58
49 67
49 53
49 11
49 59
49 74
49 96
49 87
49 83
49 27
49 32
49 40
49 14
49 3
1 65
1 34
1 20
1 39
1 69
1 92
1 7
1 3
1 23
1 12
1 0
1 55
1 9
1 4
1 85
10 82
10 23
10 87
10 67
10 21
10 44
10 20
10 93
10 22
10 24
82 23
82 60
82 17
82 76
82 35
82 64
82 71
82 86
82 47
23 60
23 99
23 54
23 75
23 9
23 68
23 4
23 5
23 97
23 76
23 64
23 83
23 61
23 84
23 3
23 81
23 62
23 57
23 21
60 83
60 29
60 84
60 28
60 34
60 74
60 47
83 61
83 53
83 81
83 87
83 64
83 46
83 57
83 58
83 52
76 71
76 68
76 51
76 94
76 42
76 56
76 77
76 39
76 97
76 67
76 90
76 59
76 14
76 78
76 35
76 92
71 69
71 61
71 58
71 96
71 47
71 4
71 88
71 81
71 62
71 11
71 48
71 97
71 86
69 61
69 8
69 89
69 64
69 39
69 92
69 67
69 21
69 35
69 31
69 91
69 46
61 67
61 48
61 81
61 53
61 34
61 15
61 52
65 72
65 17
65 29
65 32
65 14
65 6
34 20
34 99
34 64
34 29
34 84
34 28
34 57
20 99
20 84
20 13
20 50
20 63
20 44
20 68
20 48
20 73
20 29
20 85
20 36
20 62
20 17
99 31
99 86
99 58
99 38
99 73
99 74
39 67
39 53
39 66
39 75
39 56
39 30
39 77
39 42
39 81
39 92
39 97
39 50
67 53
67 9
67 51
67 44
67 3
67 68
67 28
67 15
67 52
67 26
67 85
67 29
67 31
67 78
53 74
53 32
53 64
53 90
53 40
53 77
53 8
53 30
53 98
53 35
53 16
32 68
32 74
32 64
32 84
32 81
32 94
32 8
32 40
32 52
32 21
32 54
32 93
68 13
68 63
68 66
68 47
68 75
68 90
68 36
68 57
68 52
16 90
16 22
16 59
16 48
16 12
16 91
16 42
16 50
16 36
16 6
73 30
73 87
73 54
73 13
73 17
73 14
73 58
30 17
30 63
30 35
30 98
30 13
30 94
30 29
30 91
30 47
51 94
51 28
51 64
51 55
51 9
51 46
51 25
51 36
51 87
56 28
56 55
56 59
56 21
56 77
56 25
56 88
28 94
28 22
28 8
28 54
28 84
28 57
28 59
28 9
28 40
28 91
0 66
0 62
66 52
66 90
66 88
66 9
66 4
66 21
66 86
66 93
94 17
94 58
94 77
94 11
94 90
94 64
94 42
94 7
94 75
52 47
52 93
52 29
52 38
52 87
52 64
52 84
52 15
52 44
52 91
52 58
52 12
31 18
31 63
31 90
31 35
31 50
31 17
31 14
31 44
31 7
31 29
31 48
31 88
31 57
31 78
31 58
18 63
18 25
18 42
18 86
63 17
63 96
63 42
63 15
63 12
63 27
63 58
17 74
17 72
17 90
17 35
17 11
17 58
17 84
17 14
17 29
17 3
17 36
17 97
17 87
17 62
17 21
64 9
64 77
64 42
64 8
64 27
64 26
64 35
64 86
55 91
9 75
9 42
9 44
9 4
77 58
77 40
77 47
77 35
47 54
47 96
47 36
47 98
47 72
47 93
47 5
47 57
47 8
47 91
47 86
47 14
47 89
47 90
47 13
54 75
54 8
54 35
54 26
54 58
54 21
54 93
75 89
75 44
75 7
75 81
7 98
7 90
7 81
40 44
40 58
40 8
44 42
44 13
44 72
44 3
44 25
44 96
44 57
44 38
87 8
87 15
87 81
87 36
87 97
87 91
87 48
42 58
42 89
42 25
42 86
42 27
42 50
42 93
42 96
72 3
72 46
72 24
72 85
72 84
72 92
3 35
3 22
3 90
3 29
46 91
11 13
11 22
11 27
11 84
11 58
11 50
11 78
11 90
11 85
11 62
11 48
13 50
13 81
13 29
13 90
13 8
8 15
8 22
8 48
8 25
21 81
21 50
21 4
21 86
21 57
74 93
74 92
74 36
74 14
74 59
24 29
24 58
24 85
26 98
26 96
26 27
26 57
98 96
98 35
96 58
96 92
89 90
59 38
59 14
59 58
59 22
59 41
12 80
12 27
12 35
12 91
12 85
58 62
58 25
58 57
90 35
90 14
90 78
35 5
35 93
35 92
35 29
50 81
84 27
93 86
93 92
22 41
27 91
29 5
29 86
29 48
29 85
29 92
36 97
48 81
48 88
48 91
48 38
48 25
81 88
81 91
4 88
88 5
85 62
85 92
85 86
5 97
25 78
78 57
6 92