0 30 36 37 34 44 45 46 47 48 49 50 51 52 53 54 55 56 57 58 59 60 61 62 63 64 65 66 67 68 69 70 71 72 73 74 1 15 75 76 77 78 79 80 81 82 83 84 85 86 87 88 89 90 91 92 93 94 95 96 97 98 99 2 31 3 22 4 11 23 43 5 38 10 6 39 25 17 7 33 8 26 9 40 14 12 16 35 13 42 27 18 41 19 20 21 24 28 29 32
0 30
0 36
0 37
0 34
0 44
0 45
0 46
0 47
0 48
0 49
0 50
0 51
0 52
0 53
0 54
0 55
0 56
0 57
0 58
0 59
0 60
0 61
0 62
0 63
0 64
0 65
0 66
0 67
0 68
0 69
0 70
0 71
0 72
0 73
0 74
30 65
30 97
36 69
37 70
34 17
34 43
34 67
44 1
45 2
46 4
47 5
48 6
49 7
50 8
51 9
52 10
53 11
54 12
55 14
56 15
57 16
58 18
59 19
60 21
61 24
62 25
63 27
64 29
66 33
68 35
71 38
72 39
73 40
74 43
1 15
1 75
1 76
1 77
1 78
1 79
1 80
1 81
1 82
1 83
1 84
1 85
1 86
1 87
1 88
1 89
1 90
1 91
1 92
1 93
1 94
1 95
1 96
1 97
1 98
1 99
15 23
15 86
75 2
76 4
77 5
78 6
79 7
80 8
81 9
82 10
83 11
84 12
85 14
87 16
88 17
89 18
90 19
91 21
92 22
93 23
94 25
95 26
96 27
98 31
99 32
2 31
31 22
3 22
22 8
22 42
4 11
4 23
4 43
23 42
5 38
5 10
10 14
6 39
6 25
6 17
25 19
25 20
25 21
17 9
17 27
17 35
7 33
7 8
33 29
8 26
26 14
9 40
12 16
12 35
13 42
42 24
18 41
18 19
41 32
24 28