0 10 12 14 17 23 26 34 35 43 53 54 57 64 65 66 67 80 85 89 98 1 3 5 15 22 25 37 42 50 51 56 61 69 70 83 84 86 91 92 97 2 75 28 81 18 52 19 55 88 87 93 4 11 13 30 49 58 59 72 76 95 6 44 46 20 8 21 31 33 74 79 94 96 40 73 78 7 32 36 48 90 29 24 27 47 60 62 77 82 99 9 68 16 39 45 38 41 71 63
0 10
0 12
0 14
0 17
0 23
0 26
0 34
0 35
0 43
0 53
0 54
0 57
0 64
0 65
0 66
0 67
0 80
0 85
0 89
0 98
10 1
10 7
10 8
10 97
10 34
10 64
10 76
10 13
10 51
10 85
10 25
10 94
10 57
12 4
12 8
12 17
12 18
12 19
12 21
12 25
12 39
12 45
12 55
12 58
12 61
12 62
12 64
12 65
12 77
12 79
12 92
14 33
14 35
14 36
14 56
14 73
14 45
14 78
14 48
14 49
14 50
14 83
14 19
14 24
14 57
14 26
14 93
17 2
17 6
17 9
17 11
17 13
17 23
17 30
17 32
17 35
17 40
17 43
17 46
17 47
17 50
17 61
17 62
17 65
17 66
17 67
17 70
17 76
17 79
17 81
17 83
17 91
17 98
23 1
23 7
23 33
23 37
23 39
23 40
23 42
23 43
23 49
23 53
23 63
23 71
23 72
23 76
23 82
23 88
23 90
23 93
23 95
23 97
26 2
26 4
26 15
26 29
26 31
26 35
26 37
26 41
26 46
26 48
26 49
26 52
26 56
26 59
26 70
26 83
26 87
26 90
26 92
26 93
34 3
34 4
34 8
34 9
34 16
34 24
34 25
34 28
34 30
34 32
34 64
34 65
34 68
34 71
34 79
34 80
34 88
34 36
34 56
34 58
35 1
35 3
35 4
35 20
35 22
35 27
35 66
35 68
35 71
35 41
35 46
35 51
35 55
35 95
43 2
43 8
43 13
43 16
43 31
43 96
43 71
43 78
43 47
43 82
43 90
43 91
53 2
53 16
53 19
53 21
53 28
53 31
53 33
53 45
53 47
53 64
53 72
53 76
53 77
53 81
53 89
53 92
53 93
53 97
54 18
54 19
54 21
54 25
54 31
54 37
54 47
54 51
54 52
54 57
54 60
54 63
54 75
54 81
54 83
54 86
54 93
54 96
54 99
57 5
57 13
57 21
57 28
57 38
57 39
57 44
57 48
57 67
57 70
57 87
57 85
57 90
64 20
64 21
64 22
64 33
64 39
64 48
64 52
64 55
64 60
64 70
64 76
64 82
64 99
65 2
65 22
65 28
65 29
65 31
65 32
65 48
65 62
65 66
65 69
65 71
65 72
65 77
65 79
65 80
65 92
66 3
66 5
66 7
66 19
66 28
66 29
66 30
66 32
66 33
66 44
66 47
66 80
66 85
66 98
66 99
67 1
67 19
67 20
67 24
67 36
67 37
67 40
67 61
67 63
67 96
67 99
67 73
67 83
80 20
80 24
80 29
80 36
80 39
80 40
80 56
80 71
80 72
80 77
80 99
80 83
80 95
85 9
85 13
85 15
85 18
85 24
85 29
85 30
85 32
85 41
85 44
85 46
85 50
85 78
85 87
85 89
85 91
85 92
85 93
85 94
89 5
89 15
89 19
89 20
89 32
89 50
89 58
89 60
89 70
89 72
89 79
89 83
89 84
89 86
89 95
89 97
89 99
98 2
98 3
98 9
98 16
98 22
98 29
98 42
98 49
98 68
98 69
98 70
98 72
98 76
98 82
98 93
1 3
1 5
1 15
1 22
1 25
1 37
1 42
1 50
1 51
1 56
1 61
1 69
1 70
1 83
1 84
1 86
1 91
1 92
1 97
3 4
3 11
3 13
3 19
3 30
3 49
3 58
3 59
3 61
3 72
3 76
3 83
3 91
3 92
3 95
5 4
5 8
5 21
5 28
5 31
5 33
5 51
5 52
5 58
5 61
5 74
5 76
5 79
5 86
5 94
5 95
5 97
15 2
15 6
15 9
15 33
15 99
15 39
15 70
15 73
15 78
15 81
15 20
15 90
15 31
22 4
22 19
22 24
22 37
22 48
22 50
22 52
22 55
22 59
22 60
22 75
22 77
22 81
22 84
25 24
25 71
25 40
25 73
25 44
25 46
25 56
25 28
25 62
37 16
37 18
37 31
37 68
37 72
37 73
37 75
37 79
37 51
37 88
42 8
42 11
42 27
42 30
42 68
42 69
42 72
42 74
42 77
42 81
42 52
42 86
42 93
50 6
50 8
50 11
50 18
50 20
50 36
50 45
50 48
50 51
50 59
50 60
50 74
50 82
50 87
50 93
50 96
51 11
51 36
51 41
51 75
51 78
51 83
51 84
51 60
51 95
56 24
56 27
56 33
56 36
56 38
56 49
56 55
56 68
56 69
56 75
56 83
56 88
56 93
56 94
61 24
61 36
61 49
61 58
61 59
61 70
61 72
61 79
61 83
61 93
61 63
69 4
69 8
69 41
69 55
69 63
69 96
69 75
69 78
69 84
70 9
70 11
70 99
70 77
70 84
70 86
83 13
83 21
83 74
83 76
83 81
83 84
83 87
83 95
84 6
84 16
84 27
84 29
84 46
84 47
84 59
84 62
84 73
84 74
84 75
84 77
84 87
84 91
84 94
86 27
86 32
86 38
86 41
86 46
86 52
86 58
86 62
86 73
86 75
86 77
86 92
86 93
86 96
91 8
91 19
91 24
91 27
91 31
91 45
91 46
91 96
91 93
92 2
92 27
92 29
92 44
92 47
92 48
92 63
92 71
92 97
97 21
97 28
97 33
97 36
97 55
97 59
97 60
97 63
97 71
97 78
97 79
97 90
2 75
2 28
2 81
2 18
2 52
2 19
2 55
2 88
2 87
2 93
75 4
75 6
75 13
75 21
75 27
75 31
75 33
75 39
75 40
75 44
75 47
75 73
75 76
75 81
75 90
75 96
28 16
28 29
28 30
28 33
28 39
28 62
28 63
28 71
28 73
28 76
81 4
81 7
81 9
81 16
81 18
81 19
81 27
81 49
81 73
81 74
81 90
81 96
18 7
18 20
18 21
18 31
18 32
18 38
18 41
18 68
18 71
18 74
18 88
18 94
52 13
52 16
52 29
52 31
52 39
52 40
52 45
52 48
52 60
52 62
52 71
52 73
52 78
52 90
19 4
19 7
19 27
19 36
19 58
19 59
19 68
19 90
19 93
19 94
55 16
55 21
55 24
55 30
55 39
55 46
55 99
55 72
55 82
55 93
88 6
88 27
88 29
88 30
88 39
88 59
88 72
88 78
88 99
87 38
87 41
87 47
87 79
87 96
87 94
93 7
93 16
93 33
93 40
93 71
93 74
93 99
4 6
4 58
4 44
4 46
4 20
4 95
11 7
11 33
11 99
11 68
11 73
11 78
11 16
11 20
11 58
11 27
13 6
13 7
13 32
13 44
13 59
13 73
13 76
13 78
13 95
13 99
30 33
30 40
30 44
30 77
30 95
49 47
49 48
49 99
49 68
49 59
49 60
49 94
49 95
58 41
58 47
58 96
58 76
58 59
59 6
59 27
59 29
59 36
59 82
59 95
72 8
72 9
72 33
72 39
72 47
72 48
72 82
76 21
76 33
76 39
76 46
76 60
76 82
76 96
95 7
95 73
95 94
6 96
6 40
6 73
6 78
6 21
6 31
44 7
44 41
44 77
44 48
44 94
44 63
46 8
46 9
46 27
46 33
46 36
46 40
46 47
46 60
46 74
46 90
46 96
20 8
20 33
20 39
20 79
8 24
8 27
8 40
8 47
8 60
8 62
8 77
8 82
8 90
8 94
8 99
21 7
21 31
21 38
21 40
21 77
21 99
31 7
31 16
31 27
31 33
31 36
31 38
31 40
31 71
31 77
31 79
31 82
33 24
33 71
33 78
33 79
33 90
33 36
33 38
33 48
33 63
74 40
74 47
74 63
74 99
79 32
79 36
79 45
94 27
94 41
94 45
94 82
94 96
96 16
96 24
96 27
96 36
96 40
96 45
96 47
96 60
96 68
96 73
96 82
40 9
40 16
73 32
73 41
73 68
78 38
78 45
78 62
78 77
7 32
7 36
7 48
7 90
7 29
32 9
32 16
32 27
32 99
36 48
36 60
36 71
36 99
48 9
48 99
90 45
90 47
90 62
90 68
29 38
29 45
29 60
24 9
47 45
47 77
60 9
60 39
60 62
60 63
60 82
62 38
62 45
62 68
77 45
77 68
82 39
99 38
99 63
68 16
68 41
16 45
45 38
38 41