0 1 2 3 10 12 13 4 11 5 6 7 8 9 19 14 15 28 18 20 21 17 16 44 45 22 23 24 26 27 25 29 30 36 31 32 33 34 35 37 38 39 50 43 40 41 42 46 47 48 51 56 49 57 72 52 55 53 54 64 61 60 71 58 59 70 62 63 65 66 67 69 86 68 73 74 77 76 75 82 87 78 79 80 81 83 84 85 89 88
0 1
0 2
0 3
0 10
1 12
2 10
2 13
3 4
3 10
3 11
10 5
10 13
12 17
13 14
13 16
4 5
11 18
11 20
11 21
5 6
5 7
6 8
6 9
7 8
7 19
8 9
8 14
8 15
8 28
9 19
19 44
19 45
14 15
15 16
28 29
28 30
20 21
20 22
44 37
44 45
45 43
22 23
23 24
23 26
23 27
24 25
29 30
29 36
30 31
30 32
30 33
30 34
30 35
36 35
31 32
31 33
31 37
31 38
32 34
32 38
34 35
34 39
35 39
35 50
37 43
38 39
38 40
38 41
39 42
39 50
50 42
50 49
50 72
43 40
43 46
40 41
40 46
41 42
41 46
42 46
46 47
47 48
47 51
47 56
48 49
48 57
51 52
51 55
56 57
56 60
56 71
49 57
57 58
72 59
72 71
72 74
52 53
52 54
55 61
54 64
64 63
64 65
61 60
61 62
61 63
60 70
71 70
58 59
70 69
70 73
62 63
65 66
66 67
66 69
67 86
69 68
86 68
86 87
73 77
74 76
77 78
76 75
76 87
75 82
82 81
82 83
87 88
78 79
79 80
80 81
83 84
84 85
85 89
89 88