0 1 2 3 4 5 6 7 8 9 10 11 12 13 14 15 16 17 18 19 20 21 22 23 24 25 26 27 28 29 30 31 32 33 34 35 36 37 38 39 40 41 42 43 44 45 46 47 48 49 50 51 52 53 54 55 56 57 58 59 60 61 62 63 64 65 66 67 68 69 70 71 72 73 74 75 76 77 78 79 80 81 82 83 84 85 86 87 88 89 90 91 92 93 94 95 96 97 98
0 34
0 33
0 11
1 35
1 3
2 37
2 16
2 11
2 38
3 40
3 24
3 28
3 39
4 42
5 43
5 44
5 11
6 46
6 45
6 29
6 32
7 47
7 48
7 12
8 50
8 11
9 52
9 51
9 22
10 54
10 19
11 55
11 56
11 28
12 26
12 58
12 14
13 60
13 19
13 30
13 28
13 59
14 62
14 24
14 61
15 64
16 66
17 68
17 67
17 20
18 29
19 71
19 20
19 72
20 74
21 75
21 76
22 77
22 29
22 78
23 80
23 31
23 79
24 81
24 82
25 31
25 28
26 86
26 85
27 87
28 89
28 90
29 91
30 94
30 93
31 95
32 97
32 98
34 36
41 43
42 44
46 48
49 51
53 55
57 59
61 63
62 64
65 67
69 71
70 72
73 75
74 76
81 83
82 84
85 87
86 88
90 92
94 96