0 14 27 1 29 91 9 13 81 64 10 54 2 20 96 73 50 16 3 75 52 70 36 69 21 57 17 79 59 34 6 80 56 47 78 88 53 31 62 49 30 4 67 46 38 95 24 32 48 42 65 11 94 71 39 55 8 45 84 93 18 7 37 86 51 97 74 26 33 58 35 44 25 90 5 19 60 76 28 72 40 68 77 23 82 12 15 89 63 85 83 22 41 43 87 92 66 61
0 14
0 27
0 1
0 29
0 91
0 9
0 13
14 3
14 13
14 84
14 83
14 35
14 80
14 26
14 19
27 4
27 8
27 46
1 81
1 64
1 10
1 54
1 2
1 20
1 96
1 73
1 50
1 16
1 3
1 75
1 52
1 70
1 36
1 69
1 13
1 21
1 57
1 17
1 79
1 59
1 34
1 6
1 80
1 56
1 47
1 78
1 88
1 53
1 31
1 62
1 49
1 30
1 4
29 15
29 26
29 55
29 58
29 56
29 89
29 91
29 42
91 2
91 44
91 66
91 68
9 15
9 64
9 12
13 2
13 3
13 6
13 67
13 71
13 64
81 2
81 4
81 62
81 74
81 89
64 2
64 7
64 20
64 21
64 53
10 6
10 79
10 39
10 12
54 47
2 78
2 67
2 69
2 46
2 38
2 4
2 95
2 24
2 31
2 49
2 57
2 32
2 52
2 53
2 88
2 48
2 42
2 65
2 11
2 94
2 70
2 71
2 39
2 36
2 55
2 62
2 79
2 8
2 73
2 45
2 75
2 84
2 93
20 50
20 37
20 56
20 96
20 45
96 11
96 19
96 23
96 34
96 36
96 45
96 51
96 90
96 93
73 37
73 52
50 5
50 31
50 32
50 36
50 76
16 56
16 36
16 23
16 25
16 89
16 26
16 19
16 95
3 21
3 18
3 7
3 55
3 75
3 37
3 38
3 70
3 95
3 86
3 51
75 4
75 5
75 37
75 56
75 83
52 69
70 7
70 28
70 30
70 95
36 19
36 43
36 66
69 11
69 18
69 55
21 6
21 7
21 24
21 76
21 79
21 30
21 74
57 15
57 80
57 71
17 6
17 31
17 42
17 77
17 18
79 4
79 7
79 60
59 4
59 5
59 40
59 48
34 5
34 7
34 11
34 58
34 41
6 5
6 18
6 72
6 49
6 93
6 80
6 97
80 8
80 88
56 5
56 19
47 8
47 43
47 46
47 49
47 60
78 26
78 28
78 30
88 4
88 5
88 33
88 68
88 94
88 93
53 4
53 49
31 87
31 71
62 32
62 41
62 82
62 65
62 67
62 74
49 5
49 25
49 26
49 45
49 46
49 95
30 45
30 89
30 43
4 97
4 74
4 26
4 55
4 33
4 11
4 58
4 35
4 7
4 44
4 37
4 25
4 90
67 42
67 83
46 11
46 33
38 12
38 22
38 42
95 28
95 61
24 60
24 39
24 68
32 92
32 33
32 71
32 85
48 39
48 89
48 65
42 7
65 5
65 11
65 12
65 15
65 28
65 44
11 5
11 7
11 15
11 89
11 77
94 68
39 18
39 76
55 5
55 25
55 41
55 87
55 90
55 85
8 7
8 18
8 12
8 77
45 12
45 23
45 25
45 26
45 33
45 72
84 92
93 7
93 86
93 90
18 5
7 5
7 40
7 68
7 77
7 23
7 82
7 12
7 90
7 58
7 76
37 15
37 97
86 33
86 97
51 22
51 23
51 25
51 26
51 44
51 66
97 74
97 82
97 89
74 33
74 90
26 15
26 19
33 28
33 66
33 35
58 12
44 22
44 90
25 72
25 85
25 40
90 22
5 19
5 60
5 76
5 28
28 41
72 23
72 68
77 22
77 23
82 87
12 63
12 85
63 66
63 87
85 87
41 66