0 1 2 3 4 5 6 7 8 9 10 11 12 13 14 15 16 17 18 19 20 21 22 23 24 25 26 27 28 29 30 31 32 33 34 35 36 37 38 39 40 41 42 43 44 45 46 47 48 49 50 51 52 53 54 55 56 57 58 59 60 61 62 63 64 65 66 67 68 69 70 71 72 73 74 75 76 77 78 79 80 81 82 83 84 85 86 87 88 89 90 91 92 93 94 95 96 97 98
0 34
0 30
1 35
1 29
2 38
2 32
3 40
3 20
3 39
4 42
4 25
5 43
5 44
5 14
6 18
6 45
6 46
7 48
7 11
7 30
8 50
8 25
9 22
9 51
9 30
9 18
10 54
10 53
10 21
11 55
11 56
11 25
11 27
12 28
12 17
12 58
12 57
13 60
14 62
14 61
15 63
16 66
16 65
17 68
18 70
18 69
19 72
19 29
19 23
19 71
20 31
20 73
20 74
21 75
21 76
22 28
22 78
23 79
23 32
24 81
25 84
25 83
26 85
26 86
27 88
27 87
28 90
28 89
29 91
29 92
30 93
31 96
32 97
32 98
33 35
34 36
37 39
38 40
41 43
42 44
45 47
49 51
50 52
54 56
57 59
58 60
61 63
62 64
65 67
66 68
74 76
77 79
78 80
81 83
82 84
86 88
93 95
94 96