84 31 42 49 59 48 86 50 39 70 10 66 63 62 85 67 76 54 25 11 6 72 23 7 36 41 45 27 46 78 51 8 69 80 40 58 74 34 38 30 16 9 15 2 19 56 29 1 13 87 24 68 28 5 88 55 35 77 75 64 71 32 65 82 53 22 20 37 12 17 81 61 18 73 0 3 4 14 21 26 33 43 44 47 52 57 60 79 83
84 31
84 80
84 16
84 9
84 27
84 83
84 85
31 85
31 51
31 40
31 8
31 58
31 74
31 30
31 32
42 49
42 67
42 64
42 59
42 41
42 43
49 56
49 48
49 50
59 48
59 58
59 60
48 35
48 53
48 29
48 47
86 50
86 85
86 87
50 10
50 74
50 24
50 72
50 51
39 70
39 38
39 40
70 54
70 69
70 71
10 66
10 23
10 53
10 9
10 11
66 65
66 67
63 62
63 64
62 8
62 87
62 81
62 61
85 76
67 72
67 68
76 54
76 75
76 77
54 38
54 69
54 53
54 55
25 11
25 6
25 24
25 26
11 34
11 75
11 23
11 77
11 12
6 34
6 58
6 13
6 5
6 7
72 45
72 23
72 88
72 18
72 71
72 73
23 7
23 64
23 22
23 24
7 20
7 8
36 41
36 22
36 35
36 37
41 40
45 5
45 13
45 44
45 46
27 46
27 26
27 28
46 77
46 47
78 51
78 16
78 65
78 77
78 79
51 52
8 69
8 9
69 30
69 68
80 32
80 79
80 81
40 24
58 74
58 35
58 71
58 57
74 71
74 73
74 75
34 17
34 33
34 35
38 9
38 37
30 88
30 29
16 29
16 15
16 17
15 2
15 19
15 14
2 1
2 3
19 18
19 20
56 55
56 57
29 28
1 13
1 0
13 12
13 14
87 24
87 61
87 88
24 68
68 28
5 88
5 4
88 18
55 35
55 73
64 65
32 33
65 82
82 81
82 83
53 52
22 21
20 21
37 12
17 18
61 60
3 4
43 44