0 15 25 26 27 1 17 18 28 29 30 2 19 31 32 33 3 6 34 35 36 4 10 37 38 39 5 40 41 42 12 43 44 45 7 13 46 47 48 8 49 50 51 9 52 53 54 55 56 57 11 58 59 60 16 61 62 63 64 65 66 14 20 67 68 69 23 70 71 72 73 74 75 76 77 78 21 24 79 80 81 82 83 84 85 86 87 88 89 90 22 91 92 93 94 95 96 97 98 99
0 15
0 25
0 26
0 27
15 23
15 19
15 70
15 71
15 72
25 65
26 36
26 56
27 43
27 57
1 17
1 18
1 28
1 29
1 30
17 6
17 14
17 76
17 77
17 78
18 4
18 8
18 21
18 24
18 79
18 80
18 81
28 91
29 34
30 96
2 19
2 31
2 32
2 33
19 9
19 10
19 82
19 83
19 84
31 97
32 84
33 53
33 55
33 68
3 6
3 34
3 35
3 36
6 12
6 43
6 44
6 45
34 82
34 44
34 71
34 94
35 44
4 10
4 37
4 38
4 39
10 5
10 55
10 56
10 57
37 45
37 53
38 72
38 58
39 56
5 40
5 41
5 42
40 84
40 58
40 82
41 89
41 90
41 67
42 61
12 11
12 16
12 61
12 62
12 63
44 97
7 13
7 46
7 47
7 48
13 16
13 64
13 65
13 66
46 50
46 84
47 96
47 78
47 52
48 69
48 70
48 60
8 49
8 50
8 51
49 57
49 94
49 99
50 56
51 73
9 52
9 53
9 54
52 76
52 55
53 63
53 67
54 70
55 80
11 58
11 59
11 60
58 93
59 64
59 81
59 63
60 85
60 98
16 73
16 74
16 75
61 71
62 76
64 74
65 68
65 86
66 92
66 73
14 20
14 67
14 68
14 69
20 85
20 86
20 87
67 73
23 94
23 95
23 96
71 86
72 87
75 76
77 80
78 91
21 88
21 89
21 90
24 22
24 97
24 98
24 99
79 89
80 95
83 95
88 90
22 91
22 92
22 93
91 98