0 16 15 24 25 26 27 1 13 21 28 29 30 2 22 31 32 33 3 6 12 34 35 36 4 20 37 38 39 5 10 40 41 42 7 11 9 19 43 44 45 46 47 48 8 14 23 49 50 51 17 52 53 54 55 56 57 58 59 60 61 62 63 64 65 66 67 68 69 70 71 72 73 74 75 76 77 78 18 79 80 81 82 83 84 85 86 87 88 89 90 91 92 93 94 95 96 97 98 99
0 16
0 15
0 24
0 25
0 26
0 27
16 22
16 73
16 74
16 75
15 4
15 8
15 70
15 71
15 72
24 97
24 98
24 99
25 56
25 47
26 87
27 70
1 13
1 21
1 28
1 29
1 30
13 64
13 65
13 66
21 18
21 22
21 88
21 89
21 90
28 29
28 68
28 99
29 73
30 67
30 34
30 83
30 68
2 22
2 31
2 32
2 33
22 91
22 92
22 93
31 42
32 44
32 47
32 64
33 38
33 63
33 90
33 99
3 6
3 12
3 34
3 35
3 36
6 7
6 11
6 9
6 19
6 43
6 44
6 45
12 14
12 61
12 62
12 63
34 41
35 72
36 98
36 89
4 20
4 37
4 38
4 39
20 10
20 85
20 86
20 87
37 89
37 60
39 71
5 10
5 40
5 41
5 42
10 55
10 56
10 57
40 48
40 60
41 80
41 76
42 77
42 64
42 74
7 46
7 47
7 48
11 58
11 59
11 60
9 17
9 52
9 53
9 54
19 82
19 83
19 84
43 95
44 49
44 85
45 72
46 52
46 62
47 81
47 84
47 54
47 97
8 14
8 23
8 49
8 50
8 51
14 67
14 68
14 69
23 94
23 95
23 96
50 79
50 78
51 96
51 79
17 76
17 77
17 78
53 56
54 78
55 76
57 96
58 92
58 80
59 91
60 91
61 69
61 98
62 65
62 73
65 72
66 89
69 70
71 94
71 79
74 86
75 96
76 82
76 93
18 79
18 80
18 81
83 86
86 88
87 91
88 91
93 95