0 1 36 44 45 46 47 48 49 50 51 52 53 54 55 56 57 58 59 60 61 62 63 64 65 66 67 68 69 70 71 72 73 74 75 76 77 78 79 80 81 82 83 84 85 86 87 88 89 90 91 92 93 94 95 96 97 98 99 2 25 15 3 24 4 41 43 5 22 26 6 13 35 7 8 34 18 12 9 30 42 10 39 40 11 38 20 27 14 16 31 23 17 21 19 37 29 28 33 32
0 1
0 36
0 44
0 45
0 46
0 47
0 48
0 49
0 50
0 51
0 52
0 53
0 54
0 55
0 56
0 57
0 58
0 59
0 60
0 61
0 62
0 63
0 64
0 65
0 66
0 67
0 68
0 69
0 70
0 71
0 72
0 73
0 74
0 75
0 76
0 77
0 78
0 79
0 80
0 81
1 44
1 82
1 83
1 84
1 85
1 86
1 87
1 88
1 89
1 90
1 91
1 92
1 93
1 94
1 95
1 96
1 97
1 98
1 99
36 3
36 26
36 76
45 2
46 3
47 4
48 5
49 6
50 7
51 8
52 9
53 10
54 11
55 13
56 14
57 15
58 16
59 17
60 18
61 19
62 20
63 21
64 22
65 23
66 24
67 25
68 28
69 29
70 30
71 31
72 32
73 33
74 34
75 35
77 38
78 39
79 40
80 41
81 42
82 2
83 3
84 4
85 6
86 8
87 9
88 10
89 11
90 12
91 13
92 14
93 16
94 17
95 19
96 20
97 21
98 23
99 25
2 25
2 15
15 6
3 24
3 4
4 41
4 43
43 7
43 17
5 22
5 26
26 35
6 13
6 35
35 14
8 34
8 18
8 12
18 10
18 19
12 27
9 30
9 42
42 23
42 32
42 40
10 39
10 40
11 38
11 20
38 29
20 17
27 29
16 31
16 23
17 21
19 37
28 33
28 32