17 76 73 66 36 63 82 91 6 42 35 58 41 86 88 95 67 43 90 46 62 56 44 60 53 78 40 75 69 28 51 71 54 37 19 64 99 39 22 2 12 11 8 13 33 3 9 97 7 32 29 72 10 70 79 85 77 52 45 50 57 47 92 96 0 93 15 14 23 87 30 16 65 24 49 83 26 59 80 98 84 31 34 38 94 1 20 81 89 4 74 68 5 18 25 48 27 55 61 21
17 76
17 10
17 37
17 75
17 6
17 41
17 74
17 19
17 88
17 50
17 34
17 39
17 24
17 14
17 45
17 78
17 3
17 47
17 0
17 73
17 18
17 23
17 95
17 11
17 15
17 4
17 51
17 96
17 43
17 38
17 58
17 77
17 48
17 68
17 90
17 44
17 54
17 40
17 70
17 21
17 82
17 49
17 29
17 97
17 8
17 46
17 55
17 36
17 93
17 33
17 64
17 52
17 2
17 65
17 72
17 71
17 9
17 67
17 31
17 89
17 99
17 16
17 79
17 12
17 27
17 57
17 22
17 94
17 80
17 85
17 63
17 91
76 66
76 95
76 54
76 59
76 25
76 92
76 83
76 96
76 58
76 48
76 29
76 77
76 39
76 61
76 43
76 6
76 78
76 90
76 85
76 47
76 46
76 37
76 80
76 91
76 0
76 98
76 42
76 88
76 12
76 81
76 79
76 31
76 24
76 68
76 60
76 36
76 93
76 9
76 27
76 82
76 49
76 72
76 18
76 99
76 65
76 74
76 7
76 67
76 63
76 75
76 64
76 52
76 15
76 94
76 45
76 34
76 2
76 11
76 40
76 97
76 38
76 84
76 16
76 14
76 71
76 50
76 3
76 35
76 10
76 13
76 87
76 1
76 32
76 5
73 66
73 63
73 61
73 90
73 55
73 85
73 72
73 22
73 10
73 74
73 95
73 29
73 94
73 45
73 40
73 41
73 0
73 50
73 92
73 6
73 35
73 16
73 78
73 33
73 15
73 19
73 20
73 67
73 53
73 91
73 4
73 1
73 56
73 26
73 37
73 25
73 68
73 3
73 8
73 58
73 49
73 54
73 38
73 96
73 14
73 47
73 42
73 60
73 36
73 93
73 32
73 71
73 23
73 80
73 57
73 44
73 2
73 21
73 70
73 31
73 81
73 69
73 62
73 5
73 12
73 97
73 51
73 77
73 48
73 98
73 46
73 89
73 24
73 7
73 65
66 38
66 42
66 33
66 36
66 70
66 48
66 15
66 30
66 13
66 28
66 8
66 80
66 31
66 50
66 29
66 65
66 68
66 97
66 0
66 45
66 21
66 81
66 14
66 18
66 5
66 1
66 54
66 3
66 91
66 9
66 59
66 35
66 16
66 75
66 77
66 44
66 82
66 62
66 88
66 85
66 64
66 78
66 90
66 96
66 27
66 69
66 46
66 24
66 34
66 72
66 10
66 51
66 47
66 63
66 87
66 92
66 41
66 95
66 71
66 84
66 23
66 43
66 89
66 93
66 67
66 4
66 22
66 26
66 56
66 12
66 83
36 63
36 72
36 89
36 81
36 64
36 6
36 92
36 95
36 35
36 13
36 8
36 21
36 60
36 85
36 74
36 18
36 94
36 59
36 93
36 62
36 49
36 52
36 27
36 75
36 15
36 67
36 3
36 54
36 86
36 83
36 16
36 70
36 19
36 47
36 53
36 23
36 80
36 5
36 87
36 55
36 39
36 48
36 68
36 33
36 45
36 40
36 10
36 77
36 50
36 65
36 57
36 90
36 71
36 25
36 12
36 99
36 2
36 41
36 98
36 22
36 24
36 56
36 11
36 7
36 82
36 44
36 97
36 96
36 32
36 28
36 1
36 37
36 91
36 61
63 68
63 7
63 53
63 90
63 45
63 61
63 93
63 9
63 69
63 44
63 99
63 77
63 3
63 39
63 34
63 97
63 59
63 16
63 5
63 65
63 87
63 94
63 23
63 21
63 74
63 50
63 72
63 1
63 70
63 0
63 75
63 10
63 33
63 27
63 41
63 98
63 14
63 13
63 11
63 8
63 54
63 28
63 86
63 80
63 19
63 43
63 82
63 25
63 91
63 64
63 52
63 38
63 40
63 37
63 58
63 57
63 30
63 26
63 62
63 6
63 47
63 67
63 15
63 84
63 32
63 42
63 31
63 56
63 51
63 89
63 71
63 78
63 22
63 60
63 46
63 29
63 24
63 85
82 91
82 6
82 69
82 10
82 98
82 13
82 5
82 3
82 54
82 95
82 78
82 61
82 34
82 84
82 86
82 37
82 26
82 94
82 59
82 11
82 77
82 65
82 72
82 62
82 43
82 40
82 14
82 60
82 0
82 67
82 64
82 89
82 45
82 4
82 18
82 16
82 52
82 30
82 48
82 24
82 70
82 53
82 31
82 90
82 35
82 39
82 15
82 81
82 51
82 75
82 79
82 12
82 80
82 55
82 41
82 21
82 85
82 7
82 56
82 8
82 93
82 58
82 9
82 29
82 47
82 2
82 71
82 25
82 83
91 89
91 77
91 19
91 62
91 64
91 69
91 96
91 20
91 34
91 49
91 37
91 93
91 59
91 90
91 46
91 16
91 98
91 5
91 74
91 94
91 4
91 75
91 95
91 52
91 56
91 97
91 79
91 35
91 28
91 3
91 15
91 31
91 81
91 39
91 24
91 23
91 68
91 14
91 44
91 80
91 25
91 9
91 33
91 48
91 51
91 78
91 11
91 0
91 27
91 21
91 85
91 45
91 30
91 42
91 87
91 13
91 41
91 1
91 61
91 26
91 86
91 8
91 70
91 58
91 53
91 10
91 65
91 54
91 50
91 71
91 12
91 55
91 88
6 8
6 3
6 9
6 44
6 22
6 43
6 87
6 56
6 54
6 85
6 45
6 49
6 80
6 19
6 96
6 72
6 15
6 59
6 26
6 39
6 29
6 84
6 95
6 4
6 5
6 14
6 78
6 94
6 61
6 86
6 33
6 55
6 57
6 24
6 12
6 13
6 65
6 25
6 47
6 52
6 79
6 11
6 2
6 60
6 21
6 31
6 7
6 62
6 27
6 38
6 99
6 51
6 53
6 40
6 71
6 58
6 16
6 18
6 69
6 50
6 32
6 67
6 81
6 92
6 93
6 41
6 68
6 28
42 35
42 69
42 4
42 18
42 34
42 10
42 54
42 28
42 12
42 68
42 1
42 47
42 37
42 31
42 19
42 67
42 81
42 2
42 92
42 46
42 41
42 3
42 93
42 74
42 56
42 44
42 61
42 7
42 55
42 95
42 86
42 26
42 96
42 24
42 65
42 43
42 59
42 98
42 71
42 29
42 8
42 53
42 21
42 85
42 79
42 48
42 97
42 27
42 94
42 88
42 16
42 72
42 5
42 78
42 99
42 9
42 13
42 14
42 83
42 11
42 62
42 77
42 49
42 70
42 80
42 52
42 89
42 60
42 0
35 97
35 8
35 40
35 92
35 58
35 22
35 79
35 1
35 27
35 99
35 32
35 60
35 72
35 41
35 64
35 28
35 23
35 20
35 98
35 21
35 75
35 78
35 56
35 3
35 94
35 43
35 13
35 4
35 90
35 87
35 81
35 14
35 7
35 25
35 31
35 93
35 67
35 26
35 48
35 62
35 89
35 9
35 34
35 69
35 15
35 46
35 50
35 80
35 70
35 12
35 74
35 5
35 33
35 85
35 55
35 49
35 11
35 18
35 30
35 65
35 19
35 96
35 59
35 44
35 52
35 61
35 10
35 45
58 41
58 93
58 52
58 94
58 23
58 47
58 98
58 78
58 29
58 77
58 31
58 28
58 97
58 13
58 12
58 85
58 49
58 71
58 26
58 87
58 14
58 90
58 54
58 24
58 61
58 20
58 30
58 53
58 89
58 2
58 51
58 84
58 9
58 8
58 4
58 45
58 74
58 15
58 38
58 39
58 46
58 72
58 80
58 81
58 22
58 16
58 19
58 37
58 33
58 99
58 67
58 64
58 34
58 56
58 68
58 83
58 60
58 3
58 0
58 25
58 96
58 95
58 21
58 62
58 55
41 69
41 16
41 83
41 90
41 27
41 95
41 75
41 55
41 53
41 19
41 81
41 94
41 20
41 87
41 84
41 79
41 2
41 34
41 59
41 93
41 88
41 22
41 4
41 52
41 60
41 71
41 25
41 3
41 67
41 80
41 65
41 12
41 24
41 92
41 70
41 72
41 7
41 26
41 10
41 5
41 85
41 11
41 89
41 15
41 62
41 57
41 30
41 96
41 51
41 8
41 45
41 64
41 33
41 32
41 14
41 61
41 86
41 47
41 18
41 97
41 43
86 88
86 21
86 32
86 92
86 51
86 24
86 3
86 37
86 30
86 64
86 13
86 90
86 95
86 93
86 98
86 83
86 22
86 10
86 49
86 60
86 84
86 33
86 65
86 45
86 96
86 81
86 80
86 94
86 15
86 79
86 20
86 67
86 71
86 1
86 7
86 55
86 57
86 16
86 78
86 87
86 2
86 47
86 18
86 75
86 29
86 14
86 70
86 9
86 12
86 97
86 85
86 56
86 11
86 61
86 62
86 28
86 8
86 5
86 89
86 43
86 27
86 34
88 46
88 69
88 57
88 78
88 75
88 85
88 5
88 68
88 33
88 26
88 54
88 12
88 30
88 44
88 8
88 48
88 84
88 2
88 92
88 90
88 94
88 19
88 55
88 0
88 62
88 31
88 67
88 52
88 49
88 77
88 95
88 56
88 10
88 50
88 27
88 83
88 15
88 80
88 25
88 51
88 20
88 32
88 24
88 13
88 70
88 14
88 9
88 38
88 59
88 53
88 1
88 61
88 4
88 37
88 97
88 39
95 67
95 90
95 24
95 14
95 87
95 27
95 43
95 30
95 4
95 13
95 60
95 92
95 77
95 89
95 11
95 98
95 79
95 74
95 5
95 80
95 26
95 1
95 20
95 50
95 38
95 19
95 2
95 51
95 32
95 16
95 83
95 84
95 34
95 56
95 25
95 78
95 85
95 9
95 53
95 15
95 0
95 12
95 18
95 31
95 40
95 64
95 59
95 61
95 81
95 96
95 71
95 28
95 55
95 44
95 70
95 93
95 21
95 68
67 87
67 49
67 78
67 7
67 33
67 38
67 74
67 24
67 83
67 8
67 44
67 30
67 81
67 23
67 55
67 20
67 97
67 45
67 29
67 37
67 25
67 43
67 90
67 56
67 70
67 31
67 47
67 92
67 69
67 4
67 75
67 46
67 60
67 2
67 62
67 89
67 96
67 3
67 18
67 77
67 98
67 64
67 93
67 80
67 34
67 72
67 84
67 11
67 16
67 22
67 27
67 48
67 65
67 53
67 68
67 85
67 54
67 39
67 26
67 57
67 50
67 94
67 5
67 51
67 52
67 9
43 90
43 62
43 92
43 80
43 84
43 59
43 87
43 48
43 79
43 4
43 33
43 85
43 47
43 19
43 37
43 50
43 72
43 28
43 29
43 70
43 57
43 27
43 55
43 54
43 60
43 61
43 78
43 23
43 24
43 5
43 75
43 77
43 0
43 22
43 97
43 83
43 3
43 69
43 20
43 74
43 32
43 46
43 94
43 2
43 16
43 45
43 71
43 9
43 39
43 31
43 10
43 81
43 14
43 8
43 40
43 34
43 38
43 65
43 21
43 18
43 98
90 32
90 8
90 14
90 74
90 37
90 47
90 77
90 94
90 55
90 89
90 1
90 22
90 49
90 26
90 50
90 31
90 5
90 30
90 38
90 68
90 48
90 40
90 28
90 59
90 45
90 61
90 18
90 19
90 7
90 72
90 98
90 11
90 84
90 34
90 27
90 4
90 93
90 2
90 87
90 62
90 24
90 60
90 70
90 9
90 23
90 71
90 96
90 56
90 25
90 97
90 75
90 0
90 12
90 80
90 15
46 99
46 26
46 83
46 57
46 51
46 93
46 55
46 24
46 53
46 74
46 3
46 48
46 34
46 85
46 21
46 2
46 33
46 81
46 45
46 10
46 27
46 54
46 52
46 97
46 20
46 65
46 22
46 87
46 39
46 77
46 29
46 32
46 1
46 50
46 89
46 68
46 78
46 75
46 4
46 44
46 84
46 18
46 8
46 59
46 98
46 61
46 23
46 72
46 92
46 69
46 49
46 12
46 25
46 14
46 30
46 37
46 38
46 28
62 56
62 59
62 15
62 47
62 31
62 69
62 53
62 8
62 70
62 18
62 34
62 61
62 24
62 30
62 48
62 60
62 40
62 45
62 57
62 25
62 28
62 1
62 78
62 81
62 12
62 32
62 64
62 33
62 65
62 2
62 87
62 72
62 29
62 26
62 3
62 52
62 19
62 27
62 23
62 50
62 94
62 54
62 16
62 71
62 49
62 74
62 99
62 96
62 5
62 51
62 79
62 21
62 85
62 22
56 12
56 60
56 78
56 7
56 37
56 45
56 23
56 5
56 52
56 87
56 1
56 25
56 65
56 15
56 77
56 28
56 83
56 85
56 32
56 39
56 10
56 44
56 98
56 27
56 29
56 55
56 59
56 0
56 11
56 21
56 74
56 14
56 19
56 61
56 48
56 34
56 89
56 81
56 30
56 26
56 3
56 70
56 4
56 57
56 75
56 49
56 40
56 8
56 92
56 97
56 50
56 72
56 51
56 33
56 13
56 38
56 2
56 54
56 16
44 60
44 72
44 31
44 19
44 92
44 65
44 14
44 99
44 40
44 13
44 27
44 51
44 83
44 21
44 96
44 48
44 49
44 15
44 32
44 33
44 89
44 1
44 20
44 3
44 74
44 71
44 25
44 0
44 8
44 7
44 23
44 77
44 38
44 37
44 39
44 47
44 79
44 98
44 70
44 5
44 30
44 87
44 24
44 78
44 29
44 93
44 97
44 2
44 53
44 45
44 22
44 12
44 18
44 68
44 55
44 80
44 52
44 26
60 77
60 84
60 10
60 33
60 32
60 20
60 1
60 98
60 22
60 38
60 12
60 69
60 11
60 79
60 68
60 59
60 92
60 50
60 81
60 47
60 65
60 8
60 97
60 48
60 21
60 94
60 25
60 18
60 93
60 74
60 34
60 61
60 3
60 96
60 54
60 57
60 4
60 49
60 5
60 70
60 64
60 27
60 9
60 45
60 52
60 15
60 80
60 40
60 55
60 37
60 14
60 26
60 31
60 24
60 29
60 23
60 51
60 83
60 99
53 78
53 84
53 38
53 39
53 70
53 87
53 81
53 92
53 97
53 15
53 61
53 80
53 32
53 94
53 37
53 12
53 13
53 83
53 5
53 99
53 96
53 72
53 29
53 8
53 65
53 48
53 22
53 54
53 26
53 57
53 2
53 64
53 77
53 34
53 10
53 49
53 28
53 98
53 71
53 25
53 31
53 89
53 30
53 85
53 14
53 75
53 24
53 9
53 3
53 51
78 39
78 0
78 27
78 34
78 20
78 72
78 93
78 96
78 1
78 23
78 75
78 81
78 79
78 19
78 92
78 12
78 28
78 71
78 99
78 26
78 29
78 11
78 83
78 2
78 89
78 85
78 13
78 64
78 32
78 8
78 31
78 37
78 15
78 49
78 5
78 74
78 4
78 48
78 50
78 87
78 47
78 38
78 77
78 52
78 3
78 51
78 70
78 30
78 7
78 97
78 69
78 21
78 16
78 65
78 9
78 40
40 75
40 92
40 79
40 59
40 16
40 29
40 0
40 27
40 54
40 25
40 74
40 81
40 1
40 24
40 55
40 23
40 69
40 49
40 45
40 71
40 4
40 30
40 39
40 13
40 11
40 68
40 77
40 37
40 99
40 61
40 15
40 72
40 7
40 97
40 48
40 50
40 47
40 14
40 18
40 3
40 57
40 87
40 84
40 65
40 20
40 19
40 70
40 83
40 9
40 32
40 80
40 64
40 96
40 93
40 8
40 10
40 98
40 31
40 28
75 26
75 8
75 39
75 30
75 49
75 97
75 37
75 18
75 23
75 9
75 59
75 94
75 79
75 4
75 89
75 96
75 25
75 13
75 80
75 10
75 84
75 22
75 52
75 98
75 65
75 72
75 55
75 77
75 48
75 12
75 68
75 70
75 2
75 32
75 7
75 20
75 47
75 3
75 87
75 14
75 51
75 74
75 85
75 83
75 5
75 29
75 15
75 38
75 34
75 33
75 71
75 24
75 45
75 19
75 31
75 16
75 21
69 28
69 1
69 12
69 87
69 26
69 94
69 80
69 4
69 19
69 3
69 71
69 25
69 29
69 13
69 8
69 14
69 7
69 70
69 16
69 2
69 72
69 65
69 31
69 21
69 18
69 85
69 37
69 49
69 23
69 89
69 30
69 5
69 64
69 54
69 79
69 32
69 27
69 92
69 97
69 83
69 24
69 51
69 93
69 22
69 81
69 33
69 11
69 96
69 52
69 57
69 47
69 99
69 48
69 20
69 45
69 68
69 15
69 74
28 45
28 72
28 89
28 3
28 98
28 84
28 96
28 47
28 64
28 57
28 68
28 26
28 59
28 48
28 22
28 8
28 29
28 94
28 2
28 97
28 50
28 80
28 10
28 83
28 23
28 55
28 87
28 54
28 49
28 13
28 27
28 65
28 14
28 92
28 18
28 5
28 34
28 12
28 71
28 0
28 31
28 38
28 61
28 19
28 1
28 32
28 81
28 9
51 71
51 9
51 64
51 68
51 96
51 31
51 97
51 19
51 49
51 89
51 5
51 47
51 21
51 37
51 94
51 29
51 61
51 74
51 8
51 18
51 11
51 93
51 84
51 34
51 10
51 79
51 98
51 1
51 87
51 57
51 83
51 32
51 3
51 92
51 27
51 14
51 50
51 80
51 45
51 20
51 48
51 4
51 77
51 24
51 52
51 38
51 33
51 30
51 54
51 55
51 16
51 12
51 39
51 0
71 19
71 13
71 5
71 83
71 48
71 14
71 4
71 29
71 72
71 47
71 89
71 65
71 33
71 31
71 24
71 15
71 49
71 7
71 16
71 10
71 22
71 18
71 97
71 20
71 94
71 21
71 32
71 26
71 68
71 11
71 64
71 23
71 50
71 87
71 52
71 1
71 54
71 80
71 12
71 34
71 30
71 25
71 39
71 85
71 77
71 2
71 98
71 27
71 55
54 37
54 19
54 89
54 77
54 99
54 23
54 12
54 45
54 70
54 26
54 3
54 18
54 32
54 4
54 52
54 34
54 94
54 13
54 30
54 47
54 22
54 11
54 84
54 8
54 9
54 92
54 79
54 33
54 64
54 7
54 15
54 27
54 5
54 25
54 93
54 59
54 20
54 1
54 39
54 16
54 68
54 29
54 21
54 74
54 14
54 81
54 96
54 61
54 50
54 87
54 24
54 72
54 80
54 49
54 83
54 31
37 98
37 96
37 89
37 84
37 26
37 55
37 97
37 34
37 39
37 93
37 48
37 16
37 13
37 77
37 5
37 11
37 59
37 7
37 99
37 32
37 30
37 87
37 25
37 52
37 50
37 10
37 12
37 47
37 21
37 2
37 70
37 19
37 24
37 1
37 4
37 92
37 80
37 3
37 18
37 79
37 27
37 74
37 29
37 23
37 38
37 94
37 9
37 33
37 65
37 64
37 31
37 22
37 81
37 72
37 83
37 15
19 64
19 15
19 45
19 16
19 65
19 74
19 47
19 98
19 93
19 26
19 85
19 18
19 0
19 25
19 50
19 68
19 94
19 1
19 23
19 2
19 61
19 33
19 84
19 11
19 31
19 87
19 13
19 81
19 59
19 89
19 30
19 24
19 99
19 9
19 57
19 70
19 38
19 21
19 39
19 79
19 96
19 52
19 48
19 83
19 22
19 77
19 72
19 55
19 97
19 49
19 80
19 34
19 3
64 96
64 89
64 57
64 59
64 24
64 4
64 77
64 5
64 52
64 12
64 49
64 45
64 85
64 68
64 92
64 9
64 98
64 10
64 65
64 87
64 47
64 16
64 27
64 1
64 97
64 30
64 14
64 22
64 55
64 34
64 13
64 39
64 11
64 48
64 3
64 61
64 32
64 8
64 94
64 29
64 33
64 84
64 99
64 81
64 7
64 50
64 20
64 93
99 7
99 13
99 15
99 3
99 59
99 14
99 84
99 26
99 89
99 83
99 9
99 20
99 8
99 31
99 70
99 80
99 1
99 16
99 87
99 38
99 49
99 57
99 81
99 68
99 97
99 48
99 96
99 50
99 23
99 47
99 77
99 11
99 30
99 22
99 92
99 0
99 74
99 25
99 94
99 10
99 33
99 21
99 85
99 5
99 52
99 61
99 29
99 55
99 34
99 27
99 93
99 32
39 89
39 27
39 24
39 7
39 61
39 92
39 3
39 25
39 93
39 38
39 85
39 2
39 74
39 98
39 65
39 96
39 94
39 84
39 10
39 12
39 11
39 20
39 87
39 21
39 1
39 8
39 29
39 72
39 50
39 70
39 31
39 30
39 13
39 18
39 15
39 80
39 59
39 5
39 83
39 81
39 34
39 16
39 52
39 68
39 22
39 14
39 48
39 23
39 57
39 32
22 2
22 52
22 59
22 65
22 74
22 81
22 87
22 94
22 32
22 24
22 84
22 16
22 14
22 25
22 47
22 79
22 89
22 12
22 3
22 10
22 26
22 4
22 45
22 7
22 93
22 9
22 34
22 77
22 15
22 92
22 80
22 20
22 57
22 98
22 96
22 11
22 72
22 29
22 13
22 49
22 18
22 30
22 38
22 8
22 85
22 61
22 31
22 70
2 30
2 98
2 59
2 18
2 24
2 26
2 49
2 45
2 29
2 31
2 80
2 74
2 93
2 11
2 68
2 4
2 79
2 33
2 7
2 92
2 12
2 47
2 32
2 34
2 10
2 84
2 20
2 96
2 85
2 65
2 13
2 1
2 5
2 72
2 3
2 0
2 77
2 27
2 8
2 50
2 15
2 38
2 23
2 94
2 21
2 57
2 55
2 14
2 9
12 11
12 70
12 61
12 33
12 49
12 0
12 8
12 85
12 59
12 23
12 87
12 65
12 52
12 5
12 29
12 80
12 93
12 15
12 9
12 21
12 20
12 13
12 16
12 27
12 14
12 47
12 24
12 3
12 38
12 94
12 96
12 4
12 57
12 34
12 77
12 81
12 97
12 83
12 18
12 26
12 68
12 30
12 79
11 65
11 98
11 1
11 23
11 45
11 74
11 83
11 61
11 77
11 85
11 24
11 68
11 50
11 96
11 8
11 7
11 94
11 27
11 92
11 32
11 55
11 14
11 10
11 15
11 70
11 9
11 29
11 89
11 87
11 3
11 21
11 93
11 49
11 97
11 13
11 81
11 20
11 59
11 84
11 0
8 7
8 1
8 31
8 85
8 74
8 10
8 84
8 72
8 13
8 4
8 25
8 38
8 47
8 70
8 81
8 57
8 79
8 20
8 55
8 87
8 65
8 15
8 14
8 0
8 32
8 30
8 61
8 92
8 93
8 59
8 26
8 98
8 68
8 29
8 9
8 49
8 45
8 77
13 33
13 1
13 70
13 84
13 5
13 26
13 38
13 52
13 65
13 16
13 7
13 0
13 32
13 87
13 89
13 80
13 81
13 15
13 25
13 27
13 92
13 18
13 34
13 10
13 47
13 93
13 9
13 97
13 14
13 30
13 98
13 50
13 20
13 77
13 24
13 94
13 21
13 48
13 3
13 45
13 4
13 96
33 77
33 52
33 65
33 80
33 5
33 97
33 20
33 26
33 21
33 57
33 61
33 50
33 38
33 27
33 89
33 68
33 16
33 15
33 55
33 59
33 49
33 34
33 7
33 31
33 93
33 70
33 94
33 83
33 74
33 45
33 87
33 98
33 96
33 81
33 84
33 1
33 18
33 79
33 32
33 3
33 48
3 29
3 89
3 79
3 21
3 14
3 0
3 30
3 77
3 97
3 32
3 20
3 52
3 48
3 31
3 25
3 38
3 93
3 65
3 83
3 80
3 70
3 7
3 55
3 49
3 87
3 98
3 45
3 81
3 23
3 34
3 10
3 5
3 9
3 47
3 72
3 68
3 74
3 85
3 4
3 16
3 57
3 96
3 15
3 24
3 92
3 50
3 94
3 61
3 26
9 32
9 50
9 1
9 26
9 24
9 83
9 98
9 96
9 48
9 20
9 70
9 15
9 57
9 87
9 16
9 92
9 47
9 59
9 65
9 49
9 80
9 14
9 27
9 0
9 79
9 81
9 25
9 23
9 31
9 97
9 29
9 7
9 84
9 30
9 94
9 21
9 52
9 74
9 18
9 5
9 4
9 93
97 70
97 23
97 74
97 32
97 24
97 31
97 65
97 55
97 7
97 72
97 98
97 61
97 18
97 14
97 59
97 93
97 79
97 52
97 96
97 26
97 1
97 85
97 84
97 87
97 94
97 80
97 25
97 47
97 50
97 21
97 57
97 29
97 5
97 81
97 45
97 15
97 16
97 89
97 68
97 83
97 49
97 38
7 59
7 72
7 23
7 61
7 70
7 87
7 96
7 21
7 20
7 57
7 50
7 31
7 27
7 81
7 52
7 32
7 55
7 65
7 47
7 10
7 83
7 79
7 24
7 89
7 25
7 77
7 4
7 18
7 34
7 93
7 38
7 68
7 45
7 30
32 72
32 98
32 81
32 89
32 70
32 10
32 14
32 23
32 34
32 29
32 24
32 47
32 93
32 59
32 83
32 25
32 16
32 38
32 27
32 55
32 87
32 79
32 21
32 52
32 74
32 80
32 50
32 31
32 15
32 85
32 65
32 94
32 68
32 48
32 5
32 61
32 77
32 1
29 72
29 65
29 87
29 98
29 80
29 49
29 27
29 16
29 1
29 93
29 18
29 21
29 31
29 68
29 59
29 20
29 92
29 77
29 30
29 79
29 25
29 55
29 24
29 45
29 85
29 47
29 5
29 94
29 70
29 74
29 50
29 81
29 4
29 61
29 34
72 77
72 16
72 55
72 25
72 24
72 52
72 26
72 14
72 0
72 20
72 15
72 83
72 65
72 21
72 98
72 34
72 5
72 48
72 18
72 74
72 87
72 57
72 27
72 68
72 93
72 96
72 38
72 92
72 45
72 89
72 47
72 50
72 61
72 94
72 81
72 80
72 10
10 49
10 85
10 21
10 24
10 59
10 65
10 84
10 70
10 93
10 20
10 47
10 25
10 57
10 14
10 50
10 68
10 52
10 94
10 38
10 26
10 81
10 98
10 31
10 80
10 87
10 18
10 0
10 83
10 79
10 1
10 96
10 15
10 5
10 55
10 23
10 74
10 30
70 5
70 59
70 0
70 49
70 34
70 98
70 18
70 48
70 47
70 38
70 23
70 85
70 84
70 30
70 57
70 45
70 15
70 89
70 4
70 21
70 65
70 83
70 25
70 94
70 50
70 55
70 16
70 79
70 93
70 26
70 24
70 27
70 20
70 14
70 52
70 92
70 80
70 77
70 81
79 85
79 25
79 65
79 57
79 74
79 15
79 77
79 61
79 27
79 5
79 18
79 0
79 26
79 87
79 98
79 30
79 93
79 80
79 52
79 96
79 34
79 49
79 16
79 94
79 4
79 1
79 47
79 83
79 55
79 81
79 68
79 14
79 21
79 24
79 38
79 92
79 23
85 84
85 15
85 23
85 65
85 50
85 18
85 77
85 49
85 96
85 74
85 92
85 80
85 47
85 26
85 30
85 45
85 20
85 16
85 87
85 52
85 38
85 98
85 48
85 55
85 81
85 4
85 89
85 1
85 27
85 34
85 68
85 25
77 45
77 92
77 87
77 15
77 74
77 49
77 34
77 52
77 1
77 24
77 25
77 5
77 4
77 96
77 81
77 98
77 68
77 16
77 14
77 30
77 47
77 83
77 65
77 61
77 89
77 84
77 48
77 59
77 80
77 26
77 0
77 27
77 31
77 23
77 50
52 38
52 74
52 98
52 24
52 49
52 15
52 68
52 92
52 23
52 0
52 27
52 1
52 93
52 80
52 65
52 61
52 30
52 5
52 55
52 25
52 16
52 31
52 83
52 14
52 48
52 96
52 26
52 59
52 89
52 34
52 87
45 65
45 98
45 47
45 18
45 93
45 0
45 15
45 89
45 61
45 23
45 34
45 5
45 27
45 31
45 74
45 81
45 16
45 59
45 26
45 48
45 55
45 84
45 21
45 1
45 80
45 49
45 24
45 38
45 87
45 92
45 20
50 96
50 84
50 34
50 16
50 30
50 21
50 92
50 1
50 57
50 55
50 80
50 74
50 89
50 68
50 61
50 47
50 18
50 59
50 26
50 49
50 5
50 98
50 25
50 65
50 24
50 23
50 81
50 48
50 38
50 93
50 94
50 20
50 0
57 47
57 0
57 87
57 80
57 16
57 84
57 55
57 34
57 25
57 98
57 26
57 49
57 1
57 65
57 81
57 27
57 92
57 83
57 14
57 20
57 38
57 18
57 5
57 93
57 59
57 96
57 4
57 24
57 30
47 93
47 5
47 98
47 48
47 20
47 25
47 49
47 96
47 55
47 16
47 23
47 34
47 27
47 81
47 92
47 74
47 30
47 84
47 83
47 59
47 24
47 1
47 21
47 38
47 15
47 4
47 0
47 18
47 65
92 93
92 61
92 96
92 87
92 84
92 68
92 14
92 80
92 23
92 74
92 4
92 98
92 55
92 31
92 24
92 94
92 1
92 27
92 81
92 59
92 0
92 30
92 38
92 26
92 25
92 89
96 0
96 34
96 98
96 26
96 59
96 87
96 55
96 74
96 68
96 89
96 65
96 93
96 1
96 20
96 94
96 15
96 24
96 23
96 30
96 48
96 4
96 84
96 61
96 16
96 25
96 5
0 87
0 24
0 31
0 74
0 98
0 81
0 93
0 23
0 25
0 49
0 20
0 16
0 80
0 89
0 15
0 27
0 59
0 84
0 18
0 21
0 55
0 4
0 83
0 14
0 1
0 5
93 84
93 80
93 27
93 24
93 38
93 15
93 48
93 61
93 23
93 59
93 74
93 1
93 65
93 81
93 25
93 26
93 4
93 34
93 98
93 87
93 68
93 55
93 83
93 20
93 21
93 31
93 16
93 30
93 5
15 38
15 89
15 48
15 59
15 84
15 31
15 25
15 14
15 34
15 21
15 18
15 83
15 68
15 81
15 4
15 49
15 87
15 23
15 20
15 5
15 1
15 98
15 65
14 23
14 65
14 38
14 25
14 48
14 30
14 83
14 89
14 59
14 4
14 34
14 87
14 68
14 98
14 94
14 16
14 1
14 26
14 74
14 18
23 24
23 25
23 18
23 61
23 87
23 4
23 68
23 20
23 34
23 30
23 31
23 65
23 83
23 89
23 26
23 38
23 48
23 27
23 84
23 80
23 94
23 55
23 5
23 16
23 98
87 65
87 24
87 27
87 48
87 68
87 74
87 81
87 30
87 84
87 31
87 49
87 38
87 89
87 34
87 18
87 26
87 94
87 5
87 59
87 98
87 61
30 25
30 34
30 80
30 65
30 18
30 38
30 5
30 81
30 89
30 48
30 31
30 59
30 61
30 74
30 68
30 27
30 84
30 4
30 16
30 49
30 20
30 83
16 31
16 89
16 83
16 25
16 49
16 81
16 27
16 21
16 68
16 18
16 59
16 4
16 94
16 24
16 48
16 1
16 38
16 55
16 34
16 61
16 20
65 84
65 5
65 94
65 61
65 31
65 24
65 4
65 18
65 89
65 49
65 55
65 48
65 59
65 83
65 68
65 25
65 74
65 81
24 94
24 68
24 80
24 5
24 48
24 26
24 18
24 38
24 55
24 84
24 89
24 98
24 25
24 31
24 27
24 21
24 20
24 34
49 83
49 94
49 18
49 27
49 4
49 25
49 74
49 68
49 98
49 38
49 80
49 55
49 5
49 84
49 1
49 21
49 20
49 26
49 89
83 18
83 31
83 1
83 34
83 74
83 89
83 68
83 25
83 94
83 55
83 48
83 81
83 20
83 27
83 61
83 26
83 4
26 20
26 59
26 1
26 48
26 98
26 5
26 18
26 55
26 80
26 68
26 38
26 27
26 61
26 34
59 4
59 98
59 34
59 27
59 61
59 5
59 48
59 38
59 25
59 55
59 74
59 84
59 80
59 81
59 31
59 89
80 4
80 25
80 1
80 98
80 5
80 81
80 20
80 89
80 21
80 18
80 38
80 94
80 31
80 61
98 5
98 94
98 55
98 61
98 38
98 48
98 31
98 20
98 34
98 89
98 21
98 74
98 68
98 25
98 1
98 18
98 4
84 25
84 27
84 48
84 38
84 94
84 1
84 5
84 89
84 55
84 31
84 20
84 68
84 34
84 21
84 61
84 18
84 4
84 81
31 34
31 25
31 74
31 21
31 55
31 89
31 68
31 1
31 81
31 5
31 38
31 4
31 27
34 61
34 20
34 89
34 94
34 48
34 74
34 25
34 5
34 38
34 4
34 81
38 74
38 1
38 4
38 89
38 55
38 21
38 68
38 81
38 27
38 20
94 81
94 21
94 61
94 48
94 27
94 1
94 89
94 20
94 5
94 25
1 27
1 21
1 68
1 74
1 4
1 20
1 18
1 81
1 48
1 89
1 5
1 25
20 81
20 61
20 74
20 55
20 4
20 21
20 68
20 27
20 48
20 25
20 18
81 18
81 89
81 21
81 68
81 74
81 48
81 61
81 4
81 27
89 21
89 61
89 5
89 74
89 18
89 25
89 48
89 68
4 55
4 18
4 25
4 68
4 61
4 21
4 5
4 74
4 48
74 68
74 27
74 48
74 18
74 21
74 55
74 25
74 5
68 18
68 25
68 61
68 27
68 48
68 21
68 55
5 61
5 55
5 27
5 25
5 18
5 48
18 55
18 27
18 48
25 55
25 61
48 27
27 55
27 61
27 21
55 61
55 21