0 74 88 5 65 1 31 54 42 50 2 37 91 68 27 3 82 4 56 64 75 35 73 6 96 22 32 87 7 12 90 48 8 41 72 9 47 11 10 89 95 59 24 39 13 94 16 25 14 81 28 21 15 79 17 38 43 18 99 45 71 19 62 20 52 26 23 76 83 30 53 69 77 29 36 93 49 33 55 34 57 40 80 44 78 46 66 51 67 58 60 92 70 61 63 84 85 86 97 98
0 74
0 88
0 5
0 65
0 55
0 85
74 9
74 63
74 67
74 97
88 8
88 30
88 23
5 35
5 65
5 73
5 86
5 97
65 58
65 73
65 70
1 31
1 54
1 42
1 50
1 36
31 75
31 41
31 69
31 58
54 11
54 10
54 79
54 72
42 40
42 68
42 77
42 85
50 35
50 66
50 25
50 78
2 37
2 91
2 68
2 27
2 9
2 39
2 98
37 24
37 34
37 71
37 57
37 66
91 27
91 86
91 17
68 15
68 21
68 25
68 83
27 21
27 62
3 82
3 4
3 56
3 64
3 16
3 84
3 94
82 7
82 64
82 80
4 4
4 75
4 20
56 16
56 55
56 51
64 61
64 70
64 18
75 23
75 61
35 13
35 14
35 20
73 10
73 26
73 89
73 93
73 97
6 96
6 22
6 32
6 87
6 43
96 57
96 61
96 16
96 98
22 47
22 24
22 72
22 33
32 8
32 32
32 58
87 26
87 19
87 90
87 93
7 12
7 90
7 48
12 24
12 39
12 95
90 40
90 57
90 62
48 11
48 15
48 18
48 19
48 33
48 59
8 41
8 72
8 29
8 51
8 81
41 19
41 36
41 44
41 61
72 61
9 47
9 11
47 16
47 17
47 46
47 94
11 89
11 44
10 89
10 95
10 59
10 49
89 86
95 24
95 36
95 85
59 25
59 43
59 92
24 46
24 84
39 15
39 28
13 94
13 16
13 25
13 97
94 84
94 99
25 53
14 81
14 28
14 21
14 46
14 53
14 63
14 80
81 44
81 70
28 77
28 15
28 49
28 60
21 17
21 26
21 29
15 79
15 62
15 78
15 92
79 36
79 53
17 38
17 43
17 52
17 98
38 29
38 30
38 33
43 80
43 51
18 99
18 45
18 71
18 51
99 44
99 77
45 34
45 78
45 53
45 98
71 61
71 58
19 62
19 20
62 78
62 80
20 52
20 76
52 66
52 80
26 69
23 76
23 83
23 30
23 66
76 58
76 55
83 46
83 51
83 86
30 93
30 49
30 67
53 77
69 55
69 57
69 85
77 70
29 36
93 33
49 40
33 55
33 86
34 57
34 40
57 84
40 67
40 92
51 67
67 63
58 60
58 63
60 92
60 70
61 84