1 53 2 27 3 52 4 66 5 70 6 39 7 29 8 9 10 11 75 12 68 13 44 14 38 15 85 16 73 17 63 18 19 20 81 21 78 22 40 23 24 35 25 58 26 62 28 86 30 31 71 32 33 49 34 88 74 36 37 51 41 83 42 43 76 45 65 46 0 47 48 67 50 54 79 55 56 57 59 89 60 61 64 69 72 77 80 82 84 87
1 53
1 43
1 74
1 0
1 86
53 28
53 8
2 27
2 75
2 83
2 0
2 9
27 27
27 50
3 52
3 0
3 72
3 6
3 38
52 29
4 66
4 0
4 19
4 41
4 17
4 54
4 36
66 22
66 55
66 83
5 70
5 0
70 8
70 10
70 51
70 47
70 86
6 39
6 0
6 61
39 15
39 49
39 58
39 42
7 29
7 75
7 58
29 86
29 60
8 76
8 0
9 10
9 0
10 19
10 0
11 75
11 32
11 64
11 0
75 73
12 68
12 0
68 46
13 44
13 16
13 18
13 30
44 76
44 33
14 38
14 18
14 30
14 57
14 79
14 88
14 0
38 36
38 71
38 62
15 85
15 0
85 28
16 73
16 61
73 73
73 41
73 19
17 63
17 47
63 23
63 62
18 42
18 72
18 30
18 49
19 56
20 81
20 50
81 34
81 62
81 77
21 78
21 45
78 33
22 40
22 55
22 26
40 51
40 77
40 67
23 26
24 35
24 69
35 74
25 58
25 65
26 62
26 50
62 32
86 37
30 71
30 31
30 57
31 71
71 48
71 79
33 49
34 88
34 82
74 59
74 46
37 87
51 67
51 84
51 80
41 83
41 50
41 80
83 56
42 61
43 46
76 64
45 65
45 84
46 0
0 55
47 82
48 67
54 79
54 84
55 56
55 59
57 72
59 89
89 60
89 87