1 9 8 0 17 10 18 16 24 25 32 33 26 41 42 34 40 48 49 50 51 43 52 53 44 45 54 55 47 46 35 36 37 38 39 27 28 19 20 29 30 31 21 22 23 15 14 11 12 13 6 7 5 4 3 2
1 9
1 0
9 8
9 17
9 10
8 0
17 18
17 25
17 16
17 27
10 18
10 11
10 2
18 26
18 19
16 24
24 25
25 32
25 26
25 33
32 33
32 41
33 26
33 41
33 34
26 27
41 42
41 49
41 40
42 34
42 50
42 43
34 35
34 27
40 48
48 49
50 51
51 43
43 44
43 35
52 53
52 44
53 45
44 45
44 36
45 37
45 46
54 55
54 46
55 47
47 46
46 38
35 36
35 28
36 37
36 29
37 38
37 30
37 29
38 39
38 30
39 31
27 28
27 19
28 20
28 29
19 20
19 12
19 11
20 21
20 12
29 30
29 21
30 31
30 22
21 22
22 23
22 14
22 13
23 15
15 14
14 6
11 3
11 12
12 13
12 4
13 5
6 7
6 5
3 2