0 30 40 4 66 67 68 69 70 71 73 74 75 76 77 78 79 80 81 82 83 84 86 87 88 89 90 91 92 93 94 95 96 97 98 99 22 2 57 29 48 6 31 7 8 63 42 11 15 38 59 12 49 41 33 20 46 32 61 36 39 56
0 30
0 40
0 4
0 66
0 67
0 68
0 69
0 70
0 71
0 73
0 74
0 75
0 76
0 77
0 78
0 79
0 80
0 81
0 82
0 83
0 84
0 86
0 87
0 88
0 89
0 90
0 91
0 92
0 93
0 94
0 95
0 96
0 97
0 98
0 99
30 32
4 29
4 48
68 7
69 8
71 12
75 20
86 33
89 36
92 39
94 41
95 42
97 46
22 46
2 57
57 39
57 61
48 56
48 63
6 31
31 61
11 38
11 59
15 33
38 20
49 39