0 1 2 3 4 5 6 7 8 9 10 11 12 13 14 15 16 17 18 19 20 21 22 23 24 25 26 27 28 29 30 31 32 33 34 35 36 37 38 39 40 41 42 43 44 45 46 47 48 49 50 51 52 53 54 55 56 57 58 59 60 61 62 63 64 65 66 67 68 69 70 71 72 73 74 75 76 77 78 79 80 81 82 83 84 85 86 87 88 89 90 91 92 93 94 95 96 97 98 99
0 1
0 2
1 2
1 3
1 4
2 5
2 6
2 7
3 4
3 7
3 8
3 9
4 5
4 9
4 10
4 11
4 12
4 13
5 6
5 13
5 14
5 15
5 16
5 17
6 7
6 18
6 19
7 20
7 21
7 22
8 9
8 22
8 23
8 24
8 25
8 26
9 10
9 26
9 27
9 28
9 29
10 11
10 30
10 31
10 32
11 12
11 32
11 33
11 34
11 35
12 13
12 35
12 36
12 37
12 38
13 14
13 38
13 39
13 40
13 41
14 15
14 41
14 42
14 43
15 16
15 43
15 44
15 45
15 46
16 17
16 46
16 47
16 48
16 49
16 50
17 18
17 51
17 52
17 53
17 54
18 19
18 55
18 56
19 20
19 57
19 58
19 59
19 60
20 21
20 61
20 62
20 63
21 22
21 64
21 65
22 65
22 66
22 67
23 24
23 67
23 68
23 69
24 25
24 70
24 71
24 72
24 73
25 26
25 73
25 74
25 75
25 76
26 27
26 77
26 78
26 79
26 80
27 28
27 81
27 82
28 29
28 83
28 84
28 85
28 86
29 30
29 87
29 88
29 89
29 90
30 31
30 91
30 92
31 32
31 93
31 94
32 33
32 94
32 95
32 96
32 97
32 98
33 34
33 99
34 35
35 36
36 37
37 38
38 39
39 40
40 41
41 42
42 43
43 44
44 45
45 46
46 47
47 48
48 49
49 50
50 51
51 52
52 53
53 54
54 55
55 56
56 57
57 58
58 59
59 60
60 61
61 62
62 63
63 64
64 65
65 66
66 67
68 69
68 99
69 70
70 71
71 72
72 73
73 74
74 75
75 76
76 77
77 78
78 79
79 80
80 81
81 82
82 83
83 84
84 85
85 86
86 87
87 88
88 89
89 90
90 91
91 92
92 93
93 94
94 95
95 96
96 97
97 98
98 99