0 1 2 3 4 5 6 7 8 9 10 11 12 13 14 15 16 17 18 19 20 21 22 23 24 25 26 27 28 29 30 31 32 33 34 35 36 37 38 39 40 41 42 43 44 45 46 47 48 49 50 51 52 53 54 55 56 57 58 59 60 61 62 63 64 65 66 67 68 69 70 71 72 73 74 75 76 77 78 79 80 81 82 83 84 85 86 87 88 89 90 91 92 93 94 95 96 97 98
0 34
0 33
0 7
0 23
0 18
1 35
1 22
1 15
1 27
2 38
2 37
2 5
3 40
3 27
3 8
4 13
4 22
4 20
5 44
5 19
5 43
6 45
6 30
6 46
7 47
9 51
9 52
9 25
10 14
10 53
10 54
11 55
11 56
11 16
12 57
12 19
12 15
13 60
14 62
14 26
14 18
14 61
14 31
15 63
15 29
15 64
16 66
17 21
17 67
18 70
18 69
19 71
19 72
19 24
20 73
20 74
21 75
23 80
23 79
24 82
24 28
24 25
24 81
25 84
25 83
26 85
26 32
27 88
28 89
29 92
30 93
30 94
31 95
32 98
32 97
34 36
37 39
41 43
42 44
45 47
46 48
49 51
50 52
54 56
57 59
58 60
65 67
66 68
69 71
73 75
74 76
77 79
78 80
85 87
86 88
89 91
90 92
94 96