0 16 37 38 39 40 41 42 43 44 45 46 47 48 49 50 51 52 53 54 55 56 57 58 59 60 61 62 63 64 65 66 67 1 29 24 68 69 70 71 72 73 74 75 76 77 78 79 80 81 82 83 84 85 86 87 88 89 90 2 9 91 92 93 94 95 96 97 98 99 3 15 6 4 18 21 34 11 5 22 30 13 17 28 8 7 33 10 12 32 14 23 35 19 20 26 36 25 27 31
0 16
0 37
0 38
0 39
0 40
0 41
0 42
0 43
0 44
0 45
0 46
0 47
0 48
0 49
0 50
0 51
0 52
0 53
0 54
0 55
0 56
0 57
0 58
0 59
0 60
0 61
0 62
0 63
0 64
0 65
0 66
0 67
16 23
16 33
16 51
37 1
38 2
39 3
40 4
41 5
42 6
43 7
44 9
45 10
46 11
47 12
48 13
49 14
50 15
52 17
53 18
54 19
55 20
56 23
57 24
58 25
59 27
60 28
61 29
62 30
63 31
64 33
65 34
66 35
67 36
1 29
1 24
1 68
1 69
1 70
1 71
1 72
1 73
1 74
1 75
1 76
1 77
1 78
1 79
1 80
1 81
1 82
1 83
1 84
1 85
1 86
1 87
1 88
1 89
1 90
24 11
24 36
68 4
69 6
70 8
71 9
72 10
73 11
74 12
75 13
76 14
77 15
78 17
79 18
80 19
81 21
82 22
83 25
84 26
85 28
86 30
87 31
88 32
89 34
90 35
2 9
2 91
2 92
2 93
2 94
2 95
2 96
2 97
2 98
2 99
9 7
91 3
92 4
93 5
94 6
95 8
96 10
97 11
98 12
99 13
3 15
3 6
15 10
6 8
6 7
4 18
4 21
4 34
4 11
21 7
21 14
5 22
5 30
5 13
5 17
5 28
13 32
17 35
28 12
28 36
8 33
33 19
33 20
32 25
20 26
26 31
25 27