0 12 6 32 34 35 36 37 38 39 40 41 42 43 44 45 46 47 48 49 50 51 52 53 54 55 56 57 1 21 2 58 59 60 61 62 63 64 65 66 67 68 69 70 71 72 73 74 75 76 77 78 10 17 79 80 81 82 83 84 85 86 87 88 89 90 91 92 93 94 95 96 97 98 99 3 25 31 4 18 8 5 7 19 28 9 20 11 13 27 26 22 14 15 16 29 33 23 24 30
0 32
0 6
0 40
0 38
0 34
0 12
0 39
0 36
0 45
0 44
0 42
0 52
0 41
0 55
0 49
12 22
6 5
6 59
32 14
32 33
32 16
32 56
34 1
35 3
37 5
43 13
46 18
47 19
48 21
50 24
51 25
53 29
54 30
57 33
1 2
1 21
1 77
1 75
1 67
1 76
1 74
1 60
21 93
21 69
2 17
2 10
2 92
2 86
2 58
2 94
2 80
2 82
2 91
2 97
2 99
2 85
61 9
62 13
63 14
64 15
65 16
66 17
68 20
70 22
71 23
72 24
73 27
78 33
17 29
17 11
17 90
79 3
81 5
83 8
84 9
87 13
88 14
89 15
95 24
96 25
98 27
3 25
3 31
25 19
25 30
31 18
31 24
4 18
4 8
8 5
8 28
7 19
9 20
20 33
11 13
11 27
11 26
26 23
14 15