0 5 6 7 8 14 16 18 19 31 38 46 47 53 61 63 72 76 1 9 10 12 13 24 30 33 34 40 43 45 49 56 65 70 84 91 2 15 27 35 36 39 48 51 59 67 79 81 85 94 97 3 89 99 4 37 78 11 25 28 29 41 62 73 86 92 17 21 22 23 26 42 64 71 74 82 83 88 20 50 52 54 44 60 75 93 32 55 57 68 69 98 80 58 66 77 87 96 90 95
0 5
0 6
0 7
0 8
0 14
0 16
0 18
0 19
0 31
0 38
0 46
0 47
0 53
0 61
0 63
0 72
0 76
5 1
5 2
5 3
5 4
5 6
5 7
5 8
5 9
5 11
5 12
5 15
5 18
5 25
5 28
5 29
5 30
5 38
5 41
5 48
5 49
5 51
5 61
5 62
5 73
5 84
5 86
5 92
5 99
6 1
6 2
6 3
6 7
6 8
6 9
6 10
6 11
6 12
6 14
6 17
6 21
6 22
6 23
6 26
6 28
6 31
6 37
6 42
6 46
6 49
6 56
6 61
6 64
6 65
6 71
6 74
6 76
6 82
6 83
6 86
6 88
7 1
7 2
7 8
7 9
7 10
7 11
7 12
7 13
7 14
7 16
7 18
7 20
7 24
7 27
7 30
7 35
7 37
7 42
7 43
7 46
7 48
7 50
7 52
7 54
7 59
7 63
7 64
7 67
7 76
7 79
7 85
8 1
8 10
8 11
8 12
8 13
8 21
8 25
8 26
8 27
8 33
8 34
8 35
8 36
8 39
8 44
8 49
8 50
8 52
8 60
8 65
8 71
8 74
8 75
8 82
8 92
8 93
14 11
14 13
14 17
14 19
14 20
14 22
14 23
14 37
14 44
14 47
14 61
14 63
14 66
14 70
14 83
14 85
14 86
14 93
14 94
14 99
16 1
16 11
16 15
16 17
16 18
16 21
16 25
16 26
16 28
16 29
16 57
16 60
16 73
16 83
18 12
18 19
18 20
18 35
18 39
18 55
18 60
18 71
18 80
19 2
19 9
19 33
19 35
19 78
19 87
19 89
31 11
31 27
31 30
31 34
31 36
31 55
31 59
31 72
31 94
31 98
38 1
38 9
38 33
38 45
46 27
46 37
46 61
47 21
47 23
47 24
47 69
47 83
47 87
53 13
53 22
53 28
53 42
53 57
53 68
61 78
61 95
63 22
63 50
63 98
72 27
72 34
72 66
72 77
72 90
76 2
76 60
1 9
1 10
1 12
1 13
1 24
1 30
1 33
1 34
1 40
1 43
1 45
1 49
1 56
1 65
1 70
1 84
1 91
9 2
9 15
9 23
9 24
9 25
9 32
9 40
9 41
9 51
9 55
9 57
9 59
9 68
9 69
9 70
9 75
9 84
9 98
10 3
10 11
10 22
10 29
10 33
10 62
10 80
10 89
10 94
12 20
12 27
12 43
12 50
12 59
12 67
12 69
12 85
13 2
13 11
13 15
13 17
13 21
13 22
13 23
13 62
13 68
13 75
13 79
13 91
13 98
24 11
24 20
24 45
24 60
30 15
30 22
30 42
30 62
30 67
30 70
30 73
30 84
33 22
33 44
33 51
33 73
34 3
34 21
34 88
40 11
40 23
40 36
40 50
40 54
40 58
40 64
40 82
43 21
43 22
43 56
43 81
43 96
45 22
45 29
45 86
45 97
49 15
49 99
56 21
56 50
65 3
65 21
70 21
84 2
91 2
91 15
91 82
2 15
2 27
2 35
2 36
2 39
2 48
2 51
2 59
2 67
2 79
2 81
2 85
2 94
2 97
15 11
15 20
15 21
15 26
15 32
15 39
15 42
15 55
15 77
15 82
15 87
27 17
27 29
27 41
27 48
27 57
27 58
36 21
36 25
39 32
39 60
39 95
48 23
51 37
51 66
51 99
59 90
67 28
67 97
79 21
79 22
79 96
81 11
81 57
81 74
85 54
85 89
94 41
97 4
97 86
3 89
3 99
89 66
4 37
4 78
37 17
37 50
37 69
37 78
78 75
78 90
11 17
11 26
11 28
11 32
11 41
11 58
11 75
11 80
11 92
25 22
25 28
25 41
25 73
28 29
28 62
28 66
28 90
29 57
29 58
29 64
29 93
29 96
41 42
41 52
41 54
41 77
41 95
73 75
86 42
86 88
92 21
92 26
17 52
21 22
21 66
21 68
21 77
22 23
22 44
22 54
22 55
22 58
22 93
22 96
23 32
23 44
23 54
23 88
23 98
26 52
26 64
26 83
42 66
42 95
71 55
71 66
71 74
74 32
74 55
74 88
82 80
82 96
20 32
20 80
54 77
60 87
93 55
32 68
32 95
57 90
69 58
69 87
80 58