6 73 25 17 8 27 89 32 47 54 3 19 55 87 57 83 12 61 95 92 2 50 0 38 56 62 37 4 43 77 18 96 39 35 99 29 10 71 74 86 97 85 24 69 70 28 58 91 40 59 82 41 9 30 42 36 81 63 45 14 34 26 84 46 31 98 13 93 78 16 67 65 60 44 7 20 23 68 79 52 33 75 64 48 66 88 22 49 80 11 94 5 15 51 90 21 72 53 76 1
6 73
6 19
6 82
6 50
6 79
6 74
6 39
6 1
73 83
73 95
73 89
73 23
73 48
73 64
73 90
73 67
73 70
73 52
25 17
25 8
25 46
25 18
25 98
25 4
25 69
25 33
25 72
25 84
17 27
17 89
17 15
17 64
17 0
8 32
8 47
8 89
8 23
8 27
27 72
27 37
27 76
89 99
89 49
89 92
89 7
32 36
47 0
47 74
47 86
54 3
54 19
54 30
54 42
54 29
54 14
54 46
54 65
54 36
54 74
54 69
54 59
54 48
3 55
3 87
3 18
3 0
3 74
3 69
3 70
3 42
3 33
3 94
3 81
3 59
3 48
19 57
19 72
19 10
19 81
55 91
87 36
87 93
87 92
87 23
87 77
87 72
87 38
87 46
87 94
87 39
87 53
87 52
57 38
57 37
57 26
57 97
83 45
83 50
83 68
83 33
83 20
12 61
12 95
12 44
12 58
12 77
12 22
61 92
61 2
61 24
61 0
61 88
61 94
95 50
95 81
95 79
92 79
92 68
92 49
92 7
92 22
92 42
2 60
2 91
2 62
2 34
2 22
50 45
50 31
50 99
50 52
50 4
50 36
50 20
50 82
0 38
0 56
0 74
0 41
0 81
0 68
0 84
0 78
38 96
38 35
38 79
38 66
38 88
38 67
38 39
38 11
56 62
56 37
56 22
56 13
56 60
56 68
56 21
56 36
62 4
62 43
62 58
62 91
62 99
62 10
62 81
62 28
62 34
37 77
37 18
37 14
37 34
37 26
37 68
37 74
37 33
37 67
37 30
4 36
4 15
4 31
4 49
4 22
43 69
43 91
43 97
43 31
43 80
43 93
43 40
43 46
77 58
77 46
77 65
77 66
96 39
96 23
96 9
96 93
96 80
39 99
39 29
39 74
39 67
39 11
39 53
39 52
35 81
35 67
35 75
35 49
35 11
35 97
99 20
99 7
99 69
99 91
99 70
99 29
99 85
29 42
29 58
29 84
29 36
10 71
10 81
74 24
74 41
74 97
74 9
74 5
74 49
74 70
74 86
86 24
86 33
86 51
97 85
97 41
97 9
97 68
97 26
97 94
97 33
97 90
97 7
97 36
97 44
97 52
97 60
85 31
85 98
24 28
24 30
69 91
69 16
70 36
70 81
70 49
70 11
70 67
70 52
70 76
28 13
28 16
28 67
28 94
28 22
28 82
58 40
58 59
58 36
58 76
91 82
40 49
40 23
40 63
40 72
40 46
59 31
59 48
82 68
82 33
82 75
82 49
41 9
41 52
9 49
9 93
30 44
30 98
42 22
36 84
36 75
36 64
36 90
36 7
36 21
36 1
81 75
81 64
81 68
81 84
63 45
63 49
63 23
63 78
63 66
63 90
45 60
14 34
14 26
34 26
26 31
84 72
84 98
46 31
46 60
31 7
31 11
31 33
98 49
13 93
13 20
13 79
13 66
13 22
13 60
93 78
93 80
78 66
67 21
67 33
65 22
60 90
7 49
7 90
20 23
20 94
23 49
68 79
68 64
68 22
79 66
52 53
33 94
33 53
75 64
48 11
49 11
21 1