0 1 2 3 4 5 6 7 8 9 10 11 12 13 14 15 16 17 18 19 20 21 22 23 24 25 26 27 28 29 30 31 32 33 34 35 36 37 38 39 40 41 42 43 44 45 46 47 48 49 50 51 52 53 54 55 56 57 58 59 60 61 62 63 64 65 66 67 68 69 70 71 72 73 74 75 76 77 78 79 80 81 82 83 84 85 86 87 88 89 90 91 92 93 94 95 96 97 98 99
0 4
0 50
1 31
1 17
1 19
2 27
3 9
3 45
3 28
4 12
4 41
5 10
5 9
6 42
7 35
8 33
8 38
8 36
9 47
10 33
11 24
11 36
12 25
12 46
12 15
12 13
13 40
14 40
16 29
17 38
18 42
20 44
21 30
22 48
23 33
25 49
26 29
27 33
27 44
29 34
29 46
29 48
29 32
30 39
31 35
31 46
32 42
33 37
39 46
42 43
50 63
50 77
51 84
51 71
52 72
53 57
54 97
54 62
55 58
55 87
56 89
56 72
57 88
58 61
58 84
59 84
59 95
60 67
60 79
60 95
60 96
61 72
61 76
61 93
62 91
63 81
63 83
64 77
65 69
66 83
68 76
69 89
70 81
73 74
74 78
74 98
75 87
76 91
79 85
80 91
81 93
82 85
82 86
83 99
87 94
88 98
89 92
90 96
95 98