0 1 2 3 5 7 13 16 17 27 39 42 46 52 56 78 84 85 88 92 99 12 28 49 73 79 94 9 11 14 22 23 31 33 44 57 66 72 4 25 38 45 48 65 67 76 77 86 35 41 55 62 71 75 93 6 15 19 26 32 50 70 10 20 21 37 53 61 97 8 24 54 59 69 89 96 29 51 81 91 43 60 90 95 34 30 47 58 68 80 18 98 36 40 63 64 87 83 82 74
0 1
0 2
0 3
0 5
0 7
0 13
0 16
0 17
0 27
0 39
0 42
0 46
0 52
0 56
0 78
0 84
0 85
0 88
0 92
0 99
1 12
1 17
1 28
1 49
1 73
1 79
1 94
2 5
2 9
2 11
2 14
2 17
2 22
2 23
2 31
2 33
2 44
2 57
2 66
2 72
2 85
3 4
3 5
3 22
3 25
3 38
3 45
3 48
3 65
3 67
3 76
3 77
3 79
3 86
5 6
5 15
5 19
5 26
5 28
5 32
5 48
5 49
5 50
5 55
5 57
5 70
5 75
5 86
7 8
7 16
7 24
7 25
7 54
7 59
7 69
7 73
7 89
7 93
7 96
13 16
13 24
13 26
13 30
13 35
13 44
13 47
13 56
13 57
13 58
13 60
13 68
13 80
13 88
13 97
16 18
16 27
16 34
16 36
16 46
16 47
16 50
16 60
16 61
16 62
16 72
16 91
17 27
17 34
17 36
17 40
17 62
17 68
17 92
27 10
27 25
27 26
27 28
27 30
27 31
27 41
27 43
27 48
27 50
27 58
27 62
27 70
27 71
27 73
27 76
27 85
27 91
27 92
39 4
39 11
39 18
39 30
39 48
39 67
39 74
39 76
39 80
39 85
39 88
39 91
39 94
39 97
42 14
42 22
42 25
42 46
42 63
42 65
42 68
42 71
42 77
42 79
42 82
42 87
42 97
46 23
46 26
46 35
46 59
46 65
46 69
46 73
46 75
46 79
46 84
46 85
46 89
46 92
46 97
52 15
52 37
52 41
52 94
52 97
56 8
56 53
56 64
56 72
56 77
56 78
78 9
78 11
78 54
78 61
78 72
78 81
78 92
84 19
84 31
84 40
84 41
84 58
84 68
84 70
84 74
84 94
85 22
85 24
85 26
85 38
85 41
85 60
85 91
88 8
88 23
88 32
88 49
88 51
88 64
88 65
88 70
92 10
92 30
92 33
92 48
92 54
92 90
92 95
99 20
99 23
99 49
99 50
99 57
99 58
99 66
99 71
99 73
99 81
99 91
99 94
12 9
12 10
12 20
12 29
12 31
12 34
12 57
12 69
12 73
12 81
28 19
28 26
28 33
28 47
28 55
28 73
28 87
28 97
49 11
49 18
49 25
49 57
49 66
49 67
49 97
73 9
73 14
73 61
73 64
73 75
73 80
73 97
79 4
79 9
79 10
79 23
79 25
79 30
79 31
79 41
79 43
79 48
79 65
79 89
79 90
94 15
94 40
94 74
94 75
9 6
9 15
9 29
9 31
9 38
9 43
9 44
9 60
9 71
9 86
11 6
11 22
11 26
11 75
11 90
11 95
14 4
14 18
14 20
14 21
14 29
14 35
14 37
14 47
14 57
14 65
14 80
14 81
14 86
14 98
22 38
22 62
22 71
22 83
23 34
23 40
23 41
23 43
23 44
23 59
23 61
23 82
23 86
31 18
31 20
31 32
31 63
31 67
31 86
33 8
33 29
33 60
33 71
33 86
33 89
44 26
44 29
44 41
44 45
44 61
44 83
57 18
57 21
57 26
57 48
57 50
57 58
57 70
57 75
66 18
66 20
66 26
66 30
66 32
66 35
66 38
66 55
66 65
66 68
72 10
72 19
72 41
72 45
72 53
72 65
72 81
72 87
4 35
4 41
4 55
4 62
4 71
4 75
4 76
4 93
25 6
25 18
25 24
25 35
25 41
25 51
25 77
25 82
38 35
38 47
38 61
38 76
38 86
38 89
45 29
45 43
45 53
45 60
45 65
45 76
45 86
45 89
48 41
48 55
48 61
48 77
48 83
48 89
65 6
65 8
65 10
65 19
65 32
65 69
67 29
67 69
67 83
67 96
76 18
76 32
76 62
76 74
77 10
77 30
77 34
77 58
77 82
86 10
86 21
86 37
86 55
86 61
86 62
86 80
86 98
35 34
35 60
35 98
41 61
55 8
55 32
55 74
55 80
55 83
55 89
62 21
62 63
62 91
71 8
71 10
71 18
71 20
71 32
71 58
71 59
71 61
71 80
71 81
71 93
71 97
75 43
75 58
93 15
93 43
6 10
6 15
6 20
6 21
6 26
6 37
6 53
6 61
6 70
6 97
15 19
15 24
15 26
15 51
19 34
19 37
19 47
26 21
26 37
26 69
32 8
32 36
32 50
32 58
50 43
50 68
50 97
70 21
70 24
70 81
10 69
10 96
20 29
20 36
20 37
20 53
20 87
21 29
21 30
21 81
21 90
21 95
21 98
37 47
37 60
37 64
37 98
53 80
53 87
61 18
61 47
61 91
61 95
97 29
97 63
97 82
97 91
8 29
8 51
8 81
8 91
24 43
24 51
24 54
24 95
54 30
54 34
54 43
54 91
54 98
59 63
69 30
69 91
89 51
89 64
29 51
29 87
51 43
81 30
81 34
81 47
81 60
91 63
91 64
91 87
43 60
90 87
95 18
95 34
95 40
34 83
30 36
47 80
47 98
58 40
58 74
80 74
18 36
18 63
18 64
98 82
40 64
63 87