0 1 6 11 31 2 4 8 3 7 9 5 14 22 13 29 12 50 10 16 18 17 19 15 56 27 25 20 21 26 24 37 28 23 39 30 36 41 32 34 38 33 35 44 52 53 43 59 42 40 46 48 47 49 45 57 55 51 54 58
0 1
0 6
0 11
0 31
1 2
1 6
6 5
6 8
11 10
11 12
11 16
31 13
31 30
31 32
31 36
2 4
2 8
4 5
4 9
4 14
4 22
8 3
3 7
3 9
7 13
7 29
9 12
9 50
14 12
14 15
14 19
14 56
22 21
22 24
22 28
13 17
13 18
13 19
29 15
29 23
29 24
12 18
50 51
50 56
10 16
16 15
16 18
17 27
19 25
56 51
56 55
56 58
27 23
27 39
25 24
25 26
20 21
20 26
21 26
26 28
24 37
37 33
37 43
37 59
28 23
39 33
39 34
39 42
30 36
30 41
36 35
36 38
41 40
41 42
41 46
32 34
32 38
34 35
34 44
34 52
34 53
38 33
44 42
44 45
44 49
52 51
52 54
52 58
53 57
53 58
53 59
43 47
43 48
43 49
59 45
59 54
42 48
40 46
46 45
46 48
47 57
49 55
55 54