0 4 7 13 14 18 22 23 24 30 38 43 52 55 56 65 67 68 70 73 80 91 93 95 99 1 6 17 26 34 46 48 57 63 66 71 75 82 90 92 98 2 16 28 29 35 40 42 47 49 51 53 54 58 60 61 77 78 79 83 87 3 5 21 31 33 37 39 41 50 62 69 76 81 96 97 9 36 59 84 11 12 45 89 10 19 27 88 8 20 25 74 85 32 86 94 15 44 64 72
0 4
0 7
0 13
0 14
0 18
0 22
0 23
0 24
0 30
0 38
0 43
0 52
0 55
0 56
0 65
0 67
0 68
0 70
0 73
0 80
0 91
0 93
0 95
0 99
4 1
4 9
4 16
4 24
4 30
4 31
4 36
4 38
4 39
4 41
4 49
4 53
4 55
4 57
4 58
4 59
4 60
4 67
4 69
4 81
4 83
4 84
4 95
4 96
4 98
7 5
7 8
7 10
7 11
7 13
7 14
7 18
7 20
7 21
7 25
7 26
7 27
7 35
7 36
7 42
7 47
7 53
7 56
7 65
7 73
7 74
7 85
7 88
7 89
7 90
7 92
7 93
7 96
7 99
13 2
13 6
13 15
13 16
13 27
13 30
13 31
13 40
13 48
13 51
13 64
13 71
13 78
13 80
13 87
13 88
13 89
13 92
13 95
14 1
14 5
14 8
14 9
14 10
14 19
14 22
14 24
14 28
14 30
14 32
14 33
14 35
14 38
14 43
14 47
14 51
14 62
14 65
14 69
14 73
14 79
14 81
14 83
14 84
14 85
14 88
14 89
14 92
14 95
14 98
18 6
18 11
18 12
18 20
18 21
18 23
18 25
18 32
18 49
18 54
18 57
18 65
18 74
18 79
18 81
18 82
18 83
18 89
18 94
22 5
22 6
22 11
22 17
22 19
22 25
22 31
22 33
22 44
22 48
22 50
22 55
22 58
22 65
22 66
22 75
22 83
22 95
22 97
23 1
23 5
23 8
23 10
23 11
23 21
23 25
23 28
23 31
23 32
23 35
23 39
23 41
23 43
23 44
23 46
23 48
23 53
23 54
23 55
23 60
23 69
23 70
23 72
23 73
23 88
23 90
23 91
23 98
24 21
24 29
24 31
24 33
24 35
24 37
24 39
24 41
24 49
24 55
24 56
24 59
24 61
24 62
24 63
24 64
24 65
24 70
24 74
24 81
24 82
24 83
24 86
24 89
24 95
24 97
24 99
30 2
30 5
30 10
30 20
30 27
30 29
30 38
30 40
30 42
30 47
30 48
30 50
30 51
30 53
30 57
30 58
30 62
30 66
30 69
30 71
30 73
30 74
30 78
30 80
30 85
30 87
30 91
30 93
30 95
30 96
38 3
38 6
38 8
38 9
38 16
38 17
38 25
38 27
38 29
38 42
38 47
38 49
38 57
38 67
38 72
38 78
38 79
38 80
38 94
43 9
43 11
43 15
43 19
43 26
43 35
43 37
43 41
43 44
43 45
43 54
43 56
43 60
43 61
43 69
43 73
43 74
43 80
43 81
43 83
43 91
43 92
52 10
52 26
52 27
52 35
52 37
52 40
52 42
52 46
52 55
52 67
52 78
52 84
52 90
52 94
55 3
55 6
55 17
55 25
55 26
55 32
55 33
55 36
55 39
55 45
55 54
55 56
55 59
55 60
55 63
55 68
55 72
55 75
55 77
55 88
55 92
55 95
55 99
56 2
56 9
56 10
56 19
56 32
56 53
56 61
56 62
56 69
56 73
56 77
56 81
56 84
56 91
56 92
65 17
65 25
65 31
65 37
65 40
65 41
65 51
65 60
65 68
65 78
65 81
65 88
65 90
65 92
67 2
67 9
67 16
67 17
67 29
67 33
67 40
67 42
67 47
67 51
67 58
67 59
67 62
67 68
67 73
67 78
67 79
67 83
67 86
67 99
68 3
68 9
68 10
68 25
68 28
68 31
68 32
68 40
68 41
68 46
68 47
68 51
68 58
68 69
68 70
68 72
68 73
68 79
68 87
68 88
68 90
68 93
68 97
70 1
70 10
70 16
70 20
70 40
70 45
70 61
70 66
70 71
70 75
70 80
70 81
70 87
70 88
70 89
73 6
73 15
73 16
73 25
73 28
73 36
73 39
73 45
73 59
73 60
73 61
73 64
73 66
73 74
73 75
73 77
73 78
73 79
73 81
73 90
73 94
80 5
80 9
80 10
80 11
80 28
80 33
80 44
80 45
80 48
80 49
80 53
80 58
80 63
80 82
80 88
80 89
80 94
80 97
91 1
91 9
91 19
91 21
91 32
91 39
91 40
91 41
91 53
91 60
91 64
91 76
91 79
91 87
91 88
91 94
91 96
91 98
93 10
93 15
93 26
93 27
93 28
93 31
93 34
93 35
93 40
93 46
93 59
93 63
93 81
93 84
93 86
93 92
93 94
93 95
93 97
95 8
95 10
95 11
95 12
95 16
95 17
95 20
95 26
95 28
95 32
95 34
95 44
95 45
95 48
95 50
95 58
95 60
95 81
95 84
95 85
95 87
95 94
95 96
99 9
99 11
99 17
99 25
99 29
99 32
99 37
99 41
99 46
99 48
99 63
99 69
99 71
99 72
99 76
99 82
99 83
99 92
1 6
1 17
1 26
1 34
1 46
1 48
1 57
1 63
1 66
1 71
1 75
1 82
1 90
1 92
1 98
6 2
6 3
6 5
6 10
6 17
6 19
6 27
6 46
6 47
6 48
6 51
6 58
6 78
6 81
6 87
6 88
6 90
6 96
17 2
17 11
17 20
17 31
17 32
17 34
17 39
17 40
17 41
17 46
17 47
17 48
17 49
17 53
17 62
17 69
17 74
17 76
17 79
17 81
17 83
17 84
17 85
17 88
26 3
26 5
26 10
26 11
26 12
26 16
26 25
26 39
26 40
26 49
26 51
26 58
26 71
26 77
26 78
26 81
26 92
26 94
26 96
26 97
34 5
34 9
34 29
34 35
34 58
34 59
34 72
34 79
34 88
46 8
46 11
46 16
46 28
46 33
46 36
46 37
46 41
46 42
46 47
46 48
46 51
46 58
46 62
46 63
46 69
46 71
46 83
46 92
46 94
48 20
48 21
48 25
48 28
48 33
48 37
48 39
48 41
48 59
48 75
48 81
48 87
48 97
48 98
57 5
57 11
57 27
57 31
57 32
57 37
57 39
57 45
57 59
57 77
57 79
57 89
63 3
63 5
63 9
63 11
63 29
63 33
63 36
63 37
63 39
63 49
63 61
63 71
63 76
63 81
63 94
63 98
66 12
66 15
66 27
66 31
66 32
66 37
66 40
66 41
66 44
66 54
66 59
66 60
66 64
66 74
66 76
66 81
66 86
66 89
66 92
71 3
71 11
71 31
71 76
71 79
71 83
71 85
71 86
71 90
71 98
75 5
75 8
75 25
75 28
75 42
75 49
75 50
75 58
75 59
75 64
75 78
75 81
75 82
75 83
75 87
75 90
82 2
82 12
82 16
82 19
82 25
82 29
82 33
82 37
82 45
82 54
82 69
82 81
82 83
82 96
90 2
90 3
90 8
90 9
90 20
90 25
90 33
90 54
90 61
90 62
90 85
90 88
92 5
92 8
92 16
92 25
92 29
92 33
92 44
92 60
92 61
92 78
92 79
92 84
92 87
92 96
92 97
98 3
98 8
98 9
98 11
98 44
98 53
98 58
98 60
98 76
98 84
2 16
2 28
2 29
2 35
2 40
2 42
2 47
2 49
2 51
2 53
2 54
2 58
2 60
2 61
2 77
2 78
2 79
2 83
2 87
16 5
16 21
16 27
16 28
16 35
16 37
16 40
16 42
16 49
16 59
16 61
16 62
16 64
16 69
16 83
16 96
28 12
28 19
28 21
28 29
28 32
28 33
28 35
28 36
28 40
28 45
28 59
28 62
28 64
28 69
28 85
28 88
28 94
28 96
29 12
29 33
29 36
29 41
29 42
29 47
29 50
29 51
29 72
29 74
29 81
29 83
29 85
29 87
29 97
35 31
35 41
35 44
35 47
35 49
35 60
35 62
35 64
35 69
35 74
35 88
40 15
40 32
40 39
40 42
40 49
40 54
40 58
40 76
42 31
42 39
42 83
42 96
47 5
47 9
47 12
47 37
47 50
47 60
47 61
47 64
47 77
47 78
47 79
47 81
47 83
49 3
49 11
49 12
49 15
49 21
49 25
49 31
49 53
49 54
49 58
49 60
49 62
49 76
49 79
49 88
51 3
51 11
51 27
51 32
51 33
51 39
51 41
51 45
51 58
51 59
51 60
51 62
51 72
51 83
51 84
51 89
51 94
53 3
53 5
53 8
53 10
53 11
53 39
53 54
53 62
53 64
53 69
53 77
53 78
53 84
53 85
53 86
53 96
54 31
54 39
54 41
54 50
54 59
54 61
54 77
54 87
54 88
54 96
58 3
58 11
58 27
58 31
58 33
58 36
58 39
58 41
58 44
58 60
58 61
58 62
58 79
58 94
60 3
60 10
60 27
60 39
60 44
60 45
60 50
60 78
60 85
60 88
60 89
61 3
61 5
61 8
61 9
61 27
61 31
61 37
61 41
61 45
61 50
61 74
61 76
61 83
61 86
61 96
61 97
77 3
77 11
77 12
77 25
77 32
77 37
77 45
77 50
77 62
77 74
77 84
77 85
77 87
77 88
78 3
78 10
78 25
78 44
78 83
78 87
79 3
79 9
79 10
79 32
79 69
79 76
79 81
79 84
79 87
79 88
79 89
79 96
83 3
83 8
83 9
83 15
83 19
83 20
83 27
83 33
83 39
83 44
83 59
83 72
83 81
83 97
87 5
87 9
87 27
87 32
87 33
87 45
87 72
87 74
87 86
87 88
87 94
3 5
3 21
3 31
3 33
3 37
3 39
3 41
3 50
3 62
3 69
3 76
3 81
3 96
3 97
5 11
5 12
5 45
5 69
5 84
5 89
21 19
21 69
21 81
31 19
31 25
31 27
31 36
31 41
31 45
31 72
31 76
31 84
31 85
31 96
33 9
33 11
33 15
33 20
33 25
33 36
33 45
33 59
33 64
33 74
33 84
37 9
37 12
37 15
37 19
37 20
37 25
37 41
37 64
37 72
37 76
37 81
37 84
37 85
37 86
37 89
37 97
39 27
39 32
39 50
39 62
39 85
39 88
39 94
41 8
41 10
41 20
41 45
41 62
41 64
41 72
41 81
41 86
41 88
41 89
50 10
50 19
50 27
50 74
50 94
62 8
62 10
62 74
62 86
62 88
69 32
69 36
69 85
69 96
76 20
76 32
76 45
81 8
81 10
81 27
81 32
81 45
81 86
81 89
81 94
96 10
96 12
96 20
96 27
96 89
96 94
97 8
97 32
97 45
97 84
97 88
9 8
9 19
9 32
9 36
9 86
9 88
9 89
9 94
36 15
36 20
36 84
36 85
59 10
59 11
59 12
59 45
59 64
59 74
59 89
59 94
84 10
84 25
84 32
84 45
84 72
84 94
11 8
11 10
11 45
11 74
12 27
12 64
12 85
45 8
45 15
45 20
45 64
45 89
89 72
89 88
89 94
10 15
10 44
19 27
19 32
19 72
19 74
19 94
27 25
88 20
88 85
8 20
20 94
25 15
25 32
25 64
25 85
25 86
25 94
85 72
32 44
32 94
86 44
86 94
15 44