0 4 10 14 25 85 1 15 26 29 37 41 64 77 2 6 32 61 3 7 9 63 93 34 47 5 11 71 87 17 48 80 91 24 43 45 8 38 69 79 88 31 90 92 59 62 12 13 30 68 95 18 56 44 66 78 89 16 23 42 19 60 99 20 70 21 36 39 51 73 22 53 83 86 28 57 81 27 46 50 49 54 76 52 82 98 33 55 84 75 35 40 97 72 65 96 74 58 94 67
0 4
0 10
0 14
0 25
0 85
4 14
4 34
4 47
10 6
10 47
10 59
10 62
14 18
14 44
14 45
14 66
14 87
25 56
25 57
25 73
25 79
85 17
85 26
85 43
85 46
85 60
85 76
1 15
1 26
1 29
1 37
1 41
1 64
1 77
15 2
15 6
15 71
15 78
15 89
26 48
26 81
26 83
29 12
29 23
29 45
29 50
29 51
37 16
37 24
37 28
37 68
37 73
37 95
41 19
41 78
64 9
64 17
64 98
64 99
77 38
77 42
77 81
77 98
2 6
2 32
2 61
6 17
6 48
6 80
6 91
32 9
32 52
32 71
32 82
32 98
61 13
61 91
3 7
3 9
3 63
3 93
7 24
7 43
7 45
9 31
9 90
9 92
63 28
63 46
63 78
63 84
63 89
63 90
63 94
93 5
93 11
93 33
93 35
93 80
93 87
34 46
34 55
34 69
34 75
34 79
34 82
34 87
47 22
47 40
47 65
5 11
5 71
5 87
11 90
71 19
71 35
71 50
87 46
87 59
87 78
87 95
17 23
48 68
48 89
48 95
80 31
91 21
91 84
91 88
24 20
24 28
24 36
43 79
45 78
8 38
8 69
8 79
8 88
38 18
38 23
38 46
38 50
38 95
69 55
69 56
69 97
79 52
88 33
88 53
88 55
88 84
31 44
31 53
31 76
31 89
90 21
90 83
92 19
92 21
92 55
92 62
92 76
59 40
59 86
62 56
62 58
62 60
12 13
12 30
12 68
12 95
13 18
13 56
30 28
30 49
30 54
30 56
68 53
68 54
95 18
95 42
95 74
95 75
95 89
18 42
18 56
56 60
56 73
56 84
44 21
44 22
44 50
44 72
44 98
66 86
66 96
66 98
78 16
78 35
78 50
78 55
89 27
89 46
89 99
23 86
42 72
42 75
19 60
19 99
99 27
99 55
99 65
99 74
99 76
20 70
70 54
70 84
70 97
21 36
21 39
21 51
21 73
36 54
36 55
36 76
73 33
22 53
22 83
53 96
83 28
83 55
83 84
86 40
57 35
57 54
57 74
81 40
81 52
81 54
81 76
81 96
27 46
46 98
50 40
49 65
54 35
76 74
52 33
33 55
33 84
84 96
75 96
35 40
35 97
72 67
74 67