0 1 2 3 4 5 6 7 8 9 10 11 12 13 14 15 16 17 18 19 20 21 22 23 24 25 26 27 28 29 30 31 32 33 34 35 36 37 38 39 40 41 42 43 44 45 46 47 48 49 50 51 52 53 54 55 56 57 58 59 60 61 62 63 64 65 66 67 68 69 70 71 72 73 74 75 76 77 78 79 80 81 82 83 84 85 86 87 88 89 90 91 92 93 94 95 96 97 98 99
0 43
1 31
1 80
1 41
1 11
2 97
3 16
3 42
4 10
4 21
5 87
5 56
5 38
6 85
6 77
6 48
6 19
7 93
8 10
9 36
9 95
9 80
10 72
12 48
13 41
13 47
14 75
14 71
14 17
15 94
18 35
20 96
20 33
22 55
22 86
23 62
24 37
24 35
25 92
25 68
26 47
27 62
27 63
28 72
28 91
29 85
29 71
30 40
31 89
32 87
33 39
34 39
35 96
36 88
36 43
39 46
40 76
41 81
42 54
42 83
42 87
43 74
44 89
44 54
45 77
45 67
45 59
46 79
46 85
46 86
47 48
48 51
49 62
50 98
52 97
52 72
53 62
53 60
54 99
57 75
58 89
61 82
61 91
62 64
64 95
64 78
65 86
66 86
66 70
67 93
68 71
69 94
72 83
73 75
76 86
79 90
83 98
84 86
86 94