0 1 7 2 34 3 4 17 5 20 6 8 46 9 11 10 14 13 12 29 50 15 16 27 24 18 19 21 44 22 23 25 36 26 28 30 31 32 33 54 35 37 38 41 39 40 42 43 45 47 48 49 51 52 56 53 57 59 55 58
0 1
0 7
1 2
1 34
7 6
7 8
7 46
2 3
34 33
34 35
3 4
3 17
4 5
4 20
17 16
17 24
5 6
20 19
20 21
20 44
8 9
8 11
46 45
46 47
9 10
9 14
11 10
11 12
11 29
10 13
14 13
14 15
13 12
13 50
29 28
29 30
50 49
50 51
15 16
16 27
27 26
27 28
24 23
24 25
24 36
18 19
21 22
44 30
44 43
44 45
22 23
25 26
36 35
36 37
30 31
31 32
32 33
33 54
54 53
54 55
35 37
35 38
37 38
37 41
38 39
41 40
41 42
39 40
42 43
47 48
48 49
51 52
51 56
52 53
52 57
52 59
56 55
56 57
57 58
59 58