5 65 4 56 6 52 76 75 17 60 48 27 74 80 91 86 95 99 72 79 66 57 12 15 58 22 69 89 41 64 20 94 24 55 40 43 50 54 10 21 92 62 88 33 38 49 31 32 36 14 44 59 71 83 3 96 61 93 23 87 18 19 29 77 34 53 98 35 68 30 73 37 85 7 90 45 25 13 70 16 11 78 1 97 9 42 81 46 39 82 28 47 51 0 8 2 26 84 63 67
5 65
5 4
5 56
5 6
5 52
5 76
5 75
5 17
5 60
5 48
5 27
5 74
5 80
5 91
5 86
5 95
5 99
5 72
5 79
5 66
5 57
5 12
5 15
5 58
5 22
5 69
5 89
5 41
5 64
5 20
5 94
5 24
5 55
5 40
5 43
5 50
5 54
5 10
5 21
5 92
5 62
5 88
5 33
5 38
5 49
5 31
5 32
5 36
5 14
5 44
5 59
5 71
5 83
5 3
5 96
5 61
5 93
5 23
5 87
5 18
5 19
5 29
5 77
65 34
65 23
65 53
65 36
65 69
65 32
65 98
65 14
65 87
65 33
65 44
65 57
65 66
65 77
65 35
65 68
65 88
65 30
65 73
65 86
65 41
65 15
65 37
65 56
65 85
65 80
65 71
65 62
65 49
65 7
65 90
65 45
65 17
65 55
65 25
65 75
65 24
65 50
65 13
65 96
65 40
65 21
65 89
65 70
65 76
65 16
65 91
65 19
65 10
65 11
65 61
65 20
65 78
65 29
65 3
65 54
65 6
65 1
65 58
65 97
65 9
65 38
65 64
4 87
4 61
4 88
4 53
4 76
4 93
4 39
4 43
4 59
4 11
4 99
4 1
4 16
4 31
4 56
4 26
4 58
4 83
4 73
4 94
4 91
4 64
4 63
4 21
4 81
4 37
4 30
4 90
4 67
4 42
4 45
4 80
4 46
4 2
4 36
4 82
4 9
4 96
4 10
4 34
4 47
4 66
4 72
4 17
4 71
4 78
4 60
4 68
4 97
4 69
4 3
4 22
4 28
4 19
4 75
4 8
4 70
4 77
4 29
4 7
56 98
56 87
56 61
56 88
56 53
56 76
56 32
56 93
56 35
56 11
56 99
56 1
56 31
56 38
56 72
56 51
56 58
56 9
56 12
56 41
56 64
56 95
56 22
56 52
56 71
56 79
56 13
56 42
56 74
56 2
56 96
56 27
56 18
56 91
56 14
56 49
56 89
56 86
56 77
56 83
56 97
56 54
56 70
56 40
56 3
56 37
56 24
56 92
56 47
56 62
56 8
56 45
56 68
56 28
56 84
56 6
56 60
6 87
6 88
6 53
6 76
6 32
6 93
6 39
6 35
6 59
6 0
6 99
6 1
6 31
6 15
6 58
6 73
6 91
6 48
6 72
6 26
6 14
6 71
6 86
6 21
6 47
6 79
6 80
6 62
6 8
6 68
6 69
6 92
6 77
6 52
6 34
6 94
6 19
6 40
6 18
6 78
6 54
6 89
6 25
6 74
6 45
6 51
6 27
6 49
6 60
6 55
6 30
6 17
6 50
6 67
6 3
6 66
6 84
6 2
6 33
6 22
6 90
52 98
52 87
52 61
52 88
52 53
52 32
52 39
52 43
52 20
52 59
52 11
52 0
52 99
52 1
52 16
52 31
52 38
52 15
52 26
52 58
52 83
52 95
52 73
52 94
52 2
52 48
52 75
52 96
52 89
52 42
52 12
52 69
52 74
52 57
52 64
52 91
52 86
52 21
52 60
52 29
52 49
52 23
52 92
52 72
52 41
52 3
52 10
52 90
52 78
52 68
52 13
52 27
52 51
52 19
52 33
52 47
52 80
52 40
52 30
52 7
52 77
52 36
52 25
52 81
52 14
76 98
76 88
76 53
76 44
76 45
76 72
76 74
76 9
76 26
76 55
76 35
76 99
76 94
76 42
76 59
76 41
76 83
76 73
76 43
76 69
76 11
76 1
76 82
76 78
76 24
76 77
76 95
76 92
76 2
76 70
76 3
76 30
76 40
76 75
76 22
76 63
76 12
76 39
76 7
76 50
76 34
76 89
76 90
76 28
76 37
76 33
76 23
76 47
76 14
76 68
76 97
76 21
75 87
75 61
75 88
75 53
75 32
75 39
75 43
75 20
75 59
75 44
75 99
75 31
75 15
75 58
75 79
75 83
75 95
75 48
75 57
75 49
75 29
75 14
75 50
75 54
75 21
75 28
75 34
75 41
75 85
75 3
75 23
75 7
75 47
75 17
75 90
75 77
75 45
75 70
75 89
75 13
75 42
75 97
75 66
75 69
75 78
75 67
75 71
75 12
75 40
75 33
75 80
75 25
75 46
75 60
17 87
17 61
17 53
17 32
17 39
17 35
17 43
17 20
17 59
17 11
17 44
17 0
17 99
17 16
17 15
17 26
17 79
17 95
17 73
17 94
17 2
17 48
17 18
17 96
17 85
17 89
17 70
17 12
17 69
17 74
17 84
17 57
17 55
17 64
17 86
17 24
17 21
17 62
17 60
17 29
17 9
17 37
17 41
17 33
17 8
17 66
17 49
17 7
17 92
17 40
17 34
17 25
17 71
17 13
17 90
17 14
17 10
17 68
17 22
17 67
17 72
17 63
17 54
17 19
17 80
17 47
17 30
17 78
60 98
60 87
60 61
60 88
60 32
60 93
60 39
60 43
60 20
60 44
60 99
60 1
60 31
60 15
60 58
60 79
60 83
60 95
60 73
60 94
60 96
60 89
60 70
60 12
60 69
60 74
60 84
60 57
60 55
60 45
60 91
60 86
60 21
60 62
60 81
60 28
60 23
60 9
60 27
60 3
60 66
60 71
60 92
60 14
60 33
60 29
60 68
60 36
60 78
60 46
60 7
60 34
60 13
60 50
60 72
60 37
60 90
60 22
60 49
60 25
60 51
60 97
60 47
60 67
48 87
48 61
48 88
48 53
48 39
48 35
48 43
48 20
48 59
48 44
48 99
48 16
48 31
48 15
48 58
48 79
48 83
48 2
48 80
48 24
48 36
48 54
48 9
48 55
48 72
48 41
48 69
48 29
48 57
48 14
48 7
48 67
48 84
48 28
48 90
48 50
48 33
48 91
48 85
48 46
48 8
48 96
48 37
48 49
48 62
48 19
48 82
48 47
48 63
27 98
27 87
27 61
27 88
27 53
27 32
27 93
27 39
27 35
27 43
27 11
27 44
27 0
27 99
27 1
27 16
27 31
27 38
27 15
27 26
27 58
27 95
27 73
27 94
27 85
27 12
27 69
27 74
27 84
27 55
27 64
27 45
27 24
27 21
27 62
27 29
27 23
27 72
27 41
27 3
27 66
27 46
27 78
27 50
27 40
27 54
27 25
27 47
27 80
27 97
27 81
27 63
27 7
27 9
27 67
27 37
27 13
27 82
74 98
74 87
74 61
74 88
74 93
74 35
74 20
74 0
74 99
74 31
74 15
74 26
74 58
74 79
74 83
74 95
74 73
74 2
74 18
74 96
74 85
74 89
74 42
74 12
74 69
74 54
74 81
74 9
74 91
74 7
74 40
74 84
74 67
74 63
74 34
74 55
74 57
74 13
74 3
74 92
74 28
74 66
74 97
74 41
74 33
74 23
74 72
74 47
74 82
74 19
74 29
74 21
74 25
74 64
74 80
74 62
74 71
80 98
80 88
80 53
80 93
80 39
80 35
80 20
80 59
80 11
80 44
80 99
80 38
80 15
80 26
80 79
80 83
80 95
80 94
80 2
80 18
80 96
80 85
80 42
80 12
80 84
80 57
80 64
80 86
80 49
80 41
80 34
80 3
80 90
80 46
80 22
80 50
80 68
80 8
80 51
80 81
80 71
80 82
80 19
80 37
80 7
80 13
80 30
80 77
80 63
80 14
91 98
91 61
91 88
91 59
91 0
91 1
91 31
91 38
91 15
91 26
91 58
91 79
91 94
91 2
91 18
91 96
91 85
91 89
91 70
91 12
91 84
91 57
91 55
91 45
91 72
91 23
91 36
91 82
91 81
91 10
91 86
91 50
91 37
91 7
91 63
91 22
91 41
91 13
91 24
91 19
91 29
91 62
91 97
91 40
91 3
91 92
91 90
91 49
91 78
86 98
86 87
86 88
86 53
86 39
86 35
86 43
86 59
86 44
86 0
86 99
86 1
86 31
86 38
86 15
86 26
86 58
86 79
86 83
86 73
86 2
86 18
86 85
86 89
86 42
86 69
86 84
86 57
86 64
86 45
86 24
86 22
86 47
86 41
86 19
86 82
86 67
86 51
86 14
86 33
86 72
86 29
86 50
86 3
86 62
86 21
86 77
86 54
86 10
86 7
86 66
86 40
86 37
86 68
95 87
95 88
95 53
95 32
95 93
95 39
95 35
95 43
95 59
95 44
95 1
95 16
95 31
95 38
95 15
95 26
95 58
95 79
95 83
95 94
95 33
95 40
95 66
95 42
95 49
95 96
95 78
95 46
95 68
95 84
95 62
95 9
95 92
95 47
95 55
95 63
95 77
95 51
95 73
95 37
95 28
95 7
95 14
95 64
95 25
95 70
95 72
95 8
95 54
95 97
95 22
95 21
95 23
99 98
99 87
99 61
99 88
99 32
99 93
99 39
99 35
99 43
99 20
99 59
99 1
99 73
99 31
99 77
99 64
99 69
99 47
99 54
99 45
99 16
99 51
99 13
99 71
99 23
99 67
99 85
99 50
99 83
99 82
99 62
99 28
99 90
99 84
99 38
99 8
99 36
99 12
99 55
99 37
99 25
99 97
99 49
99 29
99 79
99 72
99 78
99 63
99 18
99 3
99 70
72 98
72 87
72 61
72 88
72 53
72 32
72 39
72 35
72 20
72 16
72 26
72 58
72 2
72 18
72 96
72 85
72 89
72 42
72 12
72 84
72 55
72 64
72 21
72 49
72 92
72 41
72 54
72 50
72 47
72 33
72 10
72 68
72 77
72 37
72 51
72 13
72 3
72 7
72 22
72 36
72 82
72 28
72 81
72 30
72 34
79 98
79 87
79 88
79 53
79 20
79 44
79 16
79 31
79 38
79 15
79 26
79 83
79 2
79 96
79 18
79 9
79 19
79 21
79 22
79 33
79 68
79 40
79 45
79 97
79 77
79 78
79 70
79 66
79 54
79 10
79 63
79 64
79 69
79 50
79 3
66 98
66 87
66 61
66 53
66 93
66 35
66 43
66 20
66 59
66 11
66 44
66 0
66 1
66 15
66 26
66 58
66 83
66 18
66 85
66 89
66 12
66 84
66 57
66 55
66 21
66 29
66 49
66 23
66 92
66 41
66 34
66 10
66 50
66 46
66 68
66 97
66 22
66 71
66 78
66 33
66 51
66 40
66 28
66 67
66 25
66 47
66 19
66 82
66 14
66 7
57 61
57 88
57 53
57 32
57 93
57 35
57 43
57 59
57 44
57 0
57 1
57 16
57 31
57 38
57 26
57 58
57 94
57 2
57 18
57 96
57 70
57 12
57 69
57 84
57 46
57 68
57 25
57 47
57 10
57 77
57 34
57 78
57 67
57 62
57 63
57 14
57 37
57 81
57 92
57 13
57 7
57 19
57 36
57 24
12 98
12 87
12 61
12 53
12 32
12 93
12 39
12 35
12 59
12 44
12 1
12 38
12 15
12 26
12 58
12 83
12 73
12 94
12 18
12 85
12 70
12 42
12 46
12 25
12 97
12 78
12 45
12 29
12 63
12 62
12 22
12 67
12 33
12 9
12 92
12 36
12 47
12 49
12 68
12 37
12 77
12 69
12 54
12 40
12 24
15 98
15 53
15 93
15 39
15 43
15 59
15 1
15 31
15 18
15 64
15 7
15 14
15 55
15 21
15 69
15 3
15 82
15 94
15 33
15 85
15 68
15 46
15 70
15 42
15 23
15 26
15 51
15 25
15 34
15 9
15 50
15 40
15 78
15 47
15 89
15 30
15 24
15 96
15 54
15 2
15 90
15 37
15 73
15 28
15 81
58 98
58 61
58 88
58 53
58 93
58 39
58 35
58 43
58 20
58 44
58 1
58 31
58 26
58 90
58 81
58 54
58 13
58 49
58 51
58 89
58 96
58 46
58 10
58 77
58 92
58 82
58 19
58 41
58 78
58 69
58 73
58 64
58 25
58 30
58 68
58 8
58 3
58 36
58 97
58 28
58 71
58 34
58 83
58 24
58 70
58 45
58 22
58 63
22 87
22 88
22 53
22 32
22 93
22 39
22 35
22 43
22 11
22 44
22 0
22 1
22 26
22 83
22 73
22 94
22 2
22 18
22 85
22 89
22 42
22 69
22 84
22 64
22 45
22 24
22 21
22 62
22 49
22 23
22 92
22 34
22 3
22 90
22 37
22 68
22 51
22 78
22 82
22 97
22 77
22 13
22 30
22 36
22 71
22 8
22 50
22 47
22 67
22 19
22 9
69 87
69 61
69 88
69 53
69 32
69 93
69 35
69 59
69 44
69 0
69 1
69 16
69 38
69 26
69 83
69 94
69 2
69 18
69 85
69 89
69 42
69 45
69 64
69 24
69 21
69 90
69 47
69 50
69 30
69 8
69 81
69 63
69 3
69 29
69 13
69 28
69 41
69 7
69 19
69 62
69 36
69 68
69 23
69 10
69 67
69 55
89 87
89 61
89 88
89 39
89 35
89 59
89 11
89 44
89 1
89 26
89 83
89 73
89 2
89 96
89 70
89 37
89 33
89 81
89 55
89 49
89 34
89 42
89 9
89 23
89 25
89 51
89 13
89 71
89 68
89 78
89 45
89 54
89 77
89 29
89 3
89 30
89 90
89 46
89 97
89 14
89 24
89 7
41 87
41 61
41 88
41 53
41 39
41 35
41 43
41 59
41 0
41 1
41 26
41 83
41 73
41 94
41 2
41 18
41 96
41 85
41 70
41 55
41 64
41 45
41 21
41 62
41 29
41 23
41 90
41 28
41 10
41 36
41 14
41 40
41 81
41 46
41 13
41 54
41 78
41 50
41 47
41 97
41 51
41 33
41 67
41 3
41 37
41 63
41 19
64 87
64 88
64 32
64 39
64 43
64 20
64 59
64 11
64 44
64 1
64 16
64 38
64 26
64 73
64 94
64 2
64 18
64 96
64 85
64 42
64 47
64 51
64 37
64 68
64 30
64 97
64 9
64 81
64 45
64 54
64 24
64 33
64 36
64 14
64 8
64 28
64 29
64 21
64 92
64 46
64 50
64 25
64 3
64 19
64 34
20 98
20 61
20 88
20 53
20 32
20 93
20 39
20 35
20 43
20 84
20 0
20 45
20 70
20 25
20 67
20 62
20 49
20 59
20 83
20 24
20 2
20 23
20 1
20 13
20 9
20 42
20 63
20 21
20 77
20 8
20 92
20 50
20 82
20 34
20 97
20 40
20 33
20 28
20 78
20 47
20 3
20 68
20 44
20 85
94 61
94 88
94 53
94 32
94 93
94 39
94 35
94 59
94 44
94 0
94 31
94 83
94 73
94 49
94 82
94 9
94 85
94 29
94 36
94 46
94 42
94 30
94 33
94 10
94 25
94 70
94 71
94 21
94 55
94 47
94 23
94 90
94 68
94 96
94 50
94 13
94 3
24 98
24 87
24 61
24 88
24 32
24 39
24 35
24 43
24 59
24 11
24 44
24 0
24 1
24 31
24 38
24 26
24 83
24 2
24 18
24 70
24 42
24 55
24 45
24 49
24 63
24 13
24 46
24 34
24 23
24 78
24 33
24 51
24 8
24 36
24 77
24 62
24 47
24 21
24 81
24 25
24 82
24 92
55 98
55 88
55 32
55 93
55 39
55 59
55 44
55 0
55 16
55 31
55 38
55 26
55 73
55 2
55 96
55 42
55 84
55 54
55 29
55 46
55 67
55 62
55 47
55 78
55 36
55 23
55 21
55 51
55 10
55 81
55 82
55 97
55 90
55 13
55 19
55 7
55 30
40 98
40 87
40 61
40 32
40 39
40 35
40 43
40 59
40 11
40 44
40 0
40 1
40 31
40 38
40 26
40 18
40 85
40 42
40 45
40 21
40 62
40 92
40 3
40 10
40 50
40 68
40 81
40 33
40 14
40 8
40 37
40 71
40 51
40 30
40 67
40 19
40 9
40 82
40 7
40 28
40 77
43 61
43 88
43 53
43 32
43 39
43 35
43 84
43 21
43 71
43 67
43 92
43 0
43 10
43 13
43 44
43 46
43 2
43 68
43 29
43 3
43 85
43 28
43 19
43 30
43 26
43 70
43 7
43 50
43 81
43 96
43 83
43 51
43 97
43 1
43 90
43 16
43 14
43 54
43 47
43 62
43 9
43 31
43 82
43 73
43 36
43 78
43 45
43 33
43 77
43 11
50 87
50 32
50 39
50 59
50 11
50 16
50 38
50 26
50 83
50 73
50 2
50 96
50 85
50 42
50 84
50 45
50 49
50 23
50 92
50 34
50 3
50 90
50 46
50 78
50 14
50 71
50 82
50 7
50 68
50 63
50 47
50 81
50 51
50 67
50 13
50 25
54 98
54 87
54 61
54 88
54 32
54 39
54 35
54 59
54 44
54 0
54 1
54 31
54 38
54 26
54 73
54 18
54 96
54 85
54 70
54 62
54 29
54 23
54 10
54 90
54 46
54 78
54 8
54 81
54 25
54 77
54 67
54 13
54 63
54 71
54 7
54 19
54 9
54 97
10 98
10 87
10 61
10 88
10 53
10 32
10 39
10 59
10 11
10 44
10 0
10 1
10 16
10 31
10 38
10 26
10 83
10 73
10 96
10 85
10 70
10 84
10 45
10 29
10 23
10 92
10 34
10 33
10 28
10 47
10 30
10 9
10 90
10 13
10 63
10 81
10 25
10 97
10 68
10 51
10 77
10 78
10 14
21 98
21 61
21 88
21 53
21 32
21 93
21 11
21 44
21 1
21 16
21 31
21 38
21 26
21 83
21 2
21 18
21 85
21 42
21 84
21 45
21 34
21 46
21 8
21 28
21 68
21 81
21 37
21 51
21 13
21 7
21 47
21 71
21 19
21 67
21 25
21 3
21 82
21 92
21 23
21 33
21 78
92 98
92 61
92 88
92 53
92 93
92 35
92 59
92 11
92 1
92 31
92 26
92 83
92 73
92 2
92 18
92 96
92 70
92 23
92 34
92 8
92 28
92 90
92 13
92 63
92 14
92 37
92 77
92 51
92 33
92 97
92 71
92 78
92 67
92 3
92 81
92 46
92 36
62 98
62 87
62 61
62 53
62 32
62 39
62 59
62 44
62 0
62 16
62 38
62 26
62 83
62 73
62 2
62 18
62 96
62 70
62 84
62 45
62 13
62 7
62 29
62 63
62 9
62 97
62 90
62 34
62 37
62 23
62 8
62 51
62 47
62 67
88 87
88 61
88 84
88 35
88 33
88 46
88 2
88 59
88 90
88 82
88 68
88 38
88 8
88 0
88 28
88 25
88 63
88 78
88 47
88 96
88 97
88 29
88 49
88 19
88 32
88 13
88 45
88 31
88 34
33 87
33 61
33 53
33 32
33 93
33 39
33 35
33 59
33 11
33 44
33 0
33 1
33 31
33 26
33 73
33 2
33 96
33 70
33 42
33 45
33 29
33 3
33 46
33 68
33 82
33 28
33 13
33 14
33 77
33 81
33 71
33 51
33 67
33 8
33 25
33 19
33 37
33 63
33 30
38 61
38 53
38 39
38 35
38 59
38 11
38 0
38 1
38 71
38 67
38 51
38 82
38 77
38 42
38 8
38 49
38 18
38 73
38 70
38 26
38 90
38 63
38 47
38 19
38 23
38 78
38 7
38 37
38 28
38 68
38 2
38 36
38 96
49 98
49 61
49 53
49 32
49 93
49 39
49 35
49 11
49 0
49 1
49 26
49 83
49 73
49 2
49 85
49 70
49 42
49 45
49 34
49 8
49 68
49 3
49 81
49 14
49 51
49 82
49 25
49 97
49 7
49 63
49 78
49 9
49 23
49 47
31 98
31 87
31 61
31 53
31 32
31 93
31 59
31 16
31 83
31 28
31 18
31 46
31 29
31 81
31 82
31 9
31 70
31 2
31 3
31 7
31 67
31 37
31 68
31 84
31 14
31 30
31 47
31 25
31 85
31 51
31 63
31 90
31 19
31 96
31 78
31 97
31 13
32 98
32 93
32 59
32 2
32 71
32 3
32 25
32 78
32 39
32 37
32 23
32 0
32 8
32 81
32 14
32 36
32 13
32 46
32 90
32 85
32 30
32 73
32 1
32 18
32 19
32 7
32 51
32 47
32 84
32 35
32 97
32 63
36 98
36 87
36 61
36 35
36 11
36 44
36 0
36 1
36 16
36 26
36 83
36 2
36 18
36 85
36 70
36 84
36 29
36 34
36 3
36 90
36 46
36 51
36 8
36 97
36 77
36 28
36 63
36 47
36 37
36 7
36 25
36 71
36 14
36 30
14 87
14 61
14 53
14 93
14 39
14 35
14 44
14 0
14 1
14 16
14 26
14 83
14 2
14 18
14 96
14 85
14 42
14 84
14 45
14 23
14 34
14 90
14 46
14 78
14 68
14 8
14 51
14 37
14 19
14 63
14 67
14 9
14 28
14 97
14 25
14 7
14 13
44 87
44 61
44 53
44 39
44 59
44 0
44 29
44 46
44 18
44 97
44 51
44 3
44 2
44 78
44 26
44 47
44 34
44 13
44 45
44 63
44 37
44 30
44 28
44 70
44 71
44 16
44 25
44 96
59 98
59 61
59 53
59 93
59 35
59 11
59 37
59 3
59 81
59 78
59 9
59 63
59 30
59 18
59 46
59 83
59 51
59 26
59 34
59 84
59 19
59 0
59 29
59 70
59 2
59 28
59 97
59 71
59 13
59 82
59 42
59 85
59 90
59 8
59 23
59 1
59 77
71 87
71 53
71 93
71 39
71 35
71 11
71 1
71 83
71 73
71 2
71 18
71 96
71 85
71 70
71 42
71 29
71 34
71 3
71 90
71 46
71 78
71 68
71 8
71 37
71 19
71 47
71 81
71 13
71 9
71 77
71 97
83 53
83 35
83 11
83 26
83 46
83 70
83 3
83 63
83 67
83 13
83 68
83 77
83 84
83 30
83 78
83 96
83 34
83 47
83 2
83 42
83 28
83 9
83 18
3 98
3 61
3 93
3 35
3 0
3 1
3 26
3 73
3 2
3 96
3 85
3 70
3 84
3 45
3 63
3 37
3 8
3 68
3 30
3 78
3 19
3 90
3 46
96 98
96 87
96 61
96 53
96 93
96 35
96 11
96 0
96 1
96 16
96 26
96 2
96 18
96 45
96 42
96 78
96 8
96 77
96 13
96 19
96 90
96 82
96 30
96 47
96 70
96 81
96 37
96 34
96 28
61 98
61 90
61 23
61 28
61 85
61 73
61 16
61 77
61 84
61 42
61 97
61 25
61 8
61 81
61 39
61 30
61 26
61 68
61 70
61 51
61 29
61 1
61 46
61 34
61 82
61 18
61 63
61 11
93 98
93 87
93 53
93 45
93 8
93 19
93 11
93 51
93 81
93 0
93 26
93 63
93 37
93 90
93 77
93 16
93 13
93 35
93 39
93 82
93 97
93 46
93 34
93 7
93 30
93 28
93 68
93 85
93 70
93 25
93 1
23 98
23 87
23 53
23 39
23 35
23 1
23 16
23 26
23 73
23 2
23 85
23 84
23 45
23 29
23 37
23 63
23 78
23 82
23 97
23 47
23 67
23 25
23 7
23 77
23 8
23 46
23 28
23 90
23 30
87 98
87 16
87 77
87 1
87 13
87 81
87 37
87 30
87 11
87 45
87 82
87 28
87 47
87 42
87 51
87 0
87 8
87 68
87 34
87 18
87 97
87 35
87 2
87 39
87 26
87 9
18 39
18 35
18 0
18 1
18 16
18 73
18 2
18 29
18 8
18 82
18 51
18 19
18 84
18 63
18 97
18 68
18 90
18 37
18 67
18 46
18 34
19 98
19 39
19 35
19 11
19 0
19 1
19 16
19 73
19 85
19 42
19 29
19 34
19 90
19 46
19 78
19 37
19 67
19 81
19 82
19 77
19 97
19 25
29 98
29 53
29 1
29 16
29 26
29 85
29 42
29 45
29 25
29 8
29 82
29 77
29 67
29 51
29 37
29 34
29 46
29 7
29 68
29 30
29 9
29 97
29 81
77 98
77 39
77 11
77 0
77 1
77 70
77 42
77 45
77 90
77 78
77 8
77 51
77 47
77 81
77 13
77 67
77 7
77 28
77 9
77 30
77 82
34 98
34 53
34 35
34 11
34 1
34 26
34 85
34 84
34 45
34 78
34 47
34 7
34 67
34 46
34 28
34 8
34 81
34 25
34 63
34 90
34 9
34 30
34 82
53 98
53 97
53 2
53 73
53 1
53 0
53 11
53 9
53 78
53 37
53 67
53 45
53 68
53 30
53 13
53 46
53 25
53 63
53 7
53 81
53 26
53 42
53 47
53 85
98 42
98 81
98 37
98 70
98 68
98 46
98 35
98 16
98 78
98 39
98 97
98 1
98 13
35 39
35 84
35 67
35 9
35 68
35 82
35 13
35 26
35 30
35 63
35 8
35 0
35 2
35 7
35 25
35 1
35 45
35 90
35 70
68 1
68 73
68 2
68 85
68 70
68 84
68 46
68 47
68 82
68 7
68 28
68 51
68 63
68 9
68 97
68 8
68 37
68 30
30 11
30 73
30 2
30 85
30 70
30 42
30 84
30 45
30 46
30 78
30 8
30 51
30 37
30 47
30 81
30 13
30 25
30 67
30 28
30 9
30 82
73 39
73 11
73 16
73 26
73 85
73 63
73 97
73 47
73 67
73 42
73 25
73 37
73 45
37 11
37 16
37 26
37 85
37 45
37 46
37 78
37 8
37 28
37 82
37 13
37 25
37 63
37 47
37 7
85 39
85 11
85 26
85 2
85 84
85 67
85 42
85 46
85 8
85 51
85 9
85 28
85 25
85 97
85 90
85 81
85 13
85 7
7 39
7 11
7 0
7 1
7 16
7 26
7 2
7 70
7 90
7 46
7 78
7 8
7 51
7 47
7 81
7 13
7 25
7 9
7 28
7 82
7 97
90 0
90 1
90 26
90 2
90 84
90 67
90 8
90 9
90 25
90 28
90 47
90 51
45 39
45 11
45 16
45 26
45 70
45 84
45 8
45 13
45 67
45 25
45 82
45 97
45 28
45 63
45 78
45 46
25 39
25 11
25 16
25 26
25 2
25 70
25 42
25 78
25 8
25 51
25 47
25 81
25 63
25 13
25 9
25 67
25 28
13 39
13 0
13 16
13 26
13 70
13 46
13 78
13 8
13 51
13 47
13 81
13 63
13 9
13 28
70 39
70 11
70 0
70 1
70 16
70 2
70 9
70 51
70 82
70 81
70 47
70 42
70 28
70 84
70 78
16 39
16 11
16 1
16 26
16 8
16 51
16 97
16 2
16 63
16 47
16 78
16 81
16 84
16 9
11 39
11 81
11 47
11 28
11 82
11 78
11 8
11 0
11 51
11 42
11 26
11 63
11 9
11 46
11 97
78 39
78 2
78 84
78 46
78 47
78 9
78 28
1 39
1 0
1 84
1 81
1 9
1 82
1 63
97 39
97 26
97 2
97 42
97 46
97 8
97 63
97 67
97 28
97 82
9 39
9 26
9 2
9 84
9 8
9 47
9 63
9 67
9 28
42 0
42 46
42 51
42 63
42 67
42 81
42 8
81 39
81 0
81 26
81 2
81 8
81 51
81 47
81 82
46 39
46 26
46 84
46 8
46 47
46 51
46 67
46 63
39 26
39 8
39 0
39 2
39 47
39 63
82 0
82 26
82 84
82 47
82 63
28 0
28 26
28 2
28 8
28 51
28 63
28 67
47 26
47 67
51 84
51 63
0 8
0 2
0 26
0 63
8 26
8 2
8 84
8 63
8 67
2 26
2 63
2 84
26 67
26 84
84 63
84 67
63 67