49 85 31 35 0 24 32 84 41 80 22 3 63 70 91 18 54 47 86 42 50 69 88 81 97 51 74 10 65 29 64 73 16 23 30 46 82 43 59 11 39 93 34 75 71 72 76 48 9 79 36 60 2 92 52 33 26 67 66 55 19 15 28 21 5 1 14 37 20 58 8 62 7 53 95 90 83 89 13 68 12 78 4 44 25 57 61 96 6 87 40 94 17 38 56 99 77 27 45 98
49 85
49 42
49 96
49 12
49 83
49 62
49 40
49 51
49 18
49 25
49 33
49 29
49 23
49 77
49 80
49 99
49 11
49 2
49 78
49 30
49 43
49 21
85 93
85 50
85 0
85 72
85 83
85 57
85 17
85 59
85 61
85 98
85 78
85 27
85 37
85 39
85 30
85 73
85 6
85 66
85 51
85 92
85 20
85 62
85 9
85 28
85 23
85 15
85 24
85 4
85 18
85 47
85 81
85 68
85 1
85 77
31 35
31 63
31 4
31 81
31 40
31 41
31 16
31 1
31 96
31 77
31 70
31 13
31 14
31 53
31 61
31 9
31 25
31 66
31 42
31 99
31 37
31 12
31 90
31 88
31 59
31 55
31 73
31 65
31 76
31 22
31 7
31 74
35 60
35 34
35 94
35 10
35 97
35 0
35 3
35 87
35 15
35 63
35 66
35 29
35 24
35 68
35 98
35 82
35 23
35 37
35 17
35 38
35 30
35 8
35 58
35 72
35 62
35 21
35 71
35 88
0 24
0 93
0 23
0 8
0 5
0 99
0 12
0 30
0 77
0 52
0 88
0 1
0 3
0 86
0 39
0 42
0 20
0 54
0 50
0 97
0 58
0 95
0 68
0 37
0 7
0 36
0 46
0 32
24 22
24 80
24 5
24 13
24 97
24 83
24 18
24 69
24 77
24 96
24 44
24 4
24 89
24 29
24 79
24 42
24 23
24 99
24 34
24 72
24 78
24 33
24 6
24 63
24 11
24 68
32 84
32 8
32 48
32 60
32 61
32 51
32 3
32 11
32 70
32 43
32 62
32 7
32 99
32 19
32 42
32 9
32 6
32 38
32 89
32 20
32 13
32 87
32 59
84 18
84 36
84 16
84 88
84 63
84 87
84 2
84 75
84 34
84 70
84 93
84 57
84 23
84 29
84 62
84 30
84 26
84 58
84 9
84 8
84 97
84 5
41 80
41 60
41 2
41 88
41 68
41 9
41 42
41 87
41 64
41 78
41 79
41 81
41 37
41 11
41 36
41 90
41 75
41 72
41 19
41 40
41 14
41 34
41 10
80 6
80 5
80 7
80 34
80 14
80 23
80 51
80 45
80 53
80 75
80 78
80 30
80 3
80 99
80 94
80 47
80 82
80 72
80 68
80 56
80 16
80 89
80 15
80 92
80 67
80 52
80 88
80 91
80 65
80 9
22 48
22 67
22 58
22 7
22 6
22 87
22 25
22 15
22 68
22 38
22 18
22 5
22 21
22 30
22 46
22 14
22 27
22 34
22 11
22 92
22 99
22 98
22 26
22 50
22 29
22 62
3 63
3 14
3 67
3 6
3 10
3 20
3 79
3 62
3 16
3 60
3 89
3 30
3 86
3 33
3 78
3 17
3 52
3 94
3 29
3 66
3 64
3 97
3 2
3 36
3 26
3 5
3 56
63 47
63 72
63 83
63 8
63 79
63 73
63 89
63 29
63 30
63 4
63 15
63 40
63 78
63 75
63 81
63 82
63 77
63 34
63 98
63 69
63 28
63 71
63 39
63 88
63 70
63 38
63 93
63 60
63 54
63 62
70 91
70 21
70 1
70 68
70 58
70 55
70 83
70 16
70 29
70 25
70 2
70 7
70 27
70 47
70 90
70 66
91 52
91 14
91 11
91 16
91 65
91 53
91 25
91 46
91 99
91 27
91 68
91 29
91 55
91 19
91 48
91 77
91 71
91 86
91 88
91 95
18 54
18 92
18 74
18 72
18 56
18 12
18 87
18 47
18 97
18 43
18 38
18 77
18 20
18 27
18 40
18 94
18 46
54 51
54 90
54 95
54 38
54 53
54 33
54 8
54 7
54 12
54 43
54 20
54 66
54 87
54 75
54 45
54 4
54 97
54 36
54 25
54 69
54 16
54 60
54 68
54 88
54 1
54 26
47 86
47 74
47 40
47 4
47 15
47 64
47 29
47 19
47 78
47 87
47 98
47 39
47 58
47 96
47 75
47 57
86 73
86 93
86 68
86 77
86 27
86 88
86 15
86 46
86 94
86 69
86 92
86 8
86 43
86 34
86 37
86 33
86 17
42 50
42 74
42 2
42 89
42 33
42 52
42 57
42 10
42 99
42 34
42 64
42 15
42 82
42 1
42 19
42 43
42 8
42 62
42 68
42 72
42 20
42 87
42 14
42 60
42 93
50 20
50 93
50 65
50 27
50 79
50 58
50 99
50 87
50 29
50 51
50 7
50 8
50 11
50 78
69 88
69 8
69 51
69 45
69 27
69 12
69 5
69 10
69 43
69 34
69 76
69 25
69 39
69 7
69 95
69 55
69 62
69 20
69 29
69 48
69 98
69 46
69 72
69 75
69 6
88 87
88 6
88 66
88 1
88 76
88 40
88 5
88 93
88 55
88 74
88 27
88 34
88 90
88 44
88 26
88 8
88 46
88 92
81 97
81 82
81 89
81 10
81 62
81 4
81 26
81 44
81 74
81 30
81 65
81 98
81 51
81 9
81 75
81 16
81 48
81 71
81 96
81 94
81 77
81 67
81 8
81 76
97 16
97 74
97 38
97 89
97 83
97 45
97 44
97 78
97 26
97 93
97 76
97 30
97 46
97 19
97 8
97 39
51 76
51 55
51 75
51 66
51 23
51 45
51 39
51 94
51 38
51 2
51 52
51 1
51 79
51 34
51 28
51 65
51 62
51 7
51 27
51 58
51 95
51 21
74 2
74 78
74 53
74 55
74 38
74 23
74 45
74 39
74 37
74 46
74 77
74 43
74 7
74 94
74 44
74 6
74 73
10 65
10 62
10 98
10 37
10 61
10 34
10 76
10 1
10 46
10 20
10 11
10 8
10 60
10 13
10 27
10 73
10 89
10 44
10 57
10 19
10 28
65 11
65 43
65 14
65 58
65 64
65 93
65 44
65 59
65 45
65 23
65 71
65 89
65 61
65 30
65 87
65 94
65 79
65 5
65 13
65 16
65 56
65 73
65 9
65 57
65 60
29 64
29 46
29 60
29 93
29 66
29 56
29 44
29 58
29 71
29 67
29 89
29 39
29 52
29 73
29 48
29 79
29 36
29 33
29 20
29 21
29 37
29 62
29 23
64 36
64 40
64 45
64 20
64 46
64 95
64 33
64 87
64 30
64 15
64 94
64 21
64 78
64 52
64 5
64 83
64 26
64 76
64 48
64 34
73 75
73 2
73 71
73 93
73 43
73 1
73 95
73 62
73 78
73 45
73 34
73 11
73 44
73 96
73 60
73 19
73 53
73 66
73 37
16 26
16 39
16 93
16 90
16 23
16 79
16 1
16 5
16 56
16 95
16 53
16 60
16 38
16 61
16 83
16 13
16 62
23 30
23 33
23 92
23 93
23 5
23 15
23 21
23 62
23 12
23 14
23 34
23 82
23 71
23 94
23 20
23 95
23 46
23 98
23 11
30 96
30 39
30 52
30 5
30 92
30 11
30 90
30 78
30 61
30 76
30 59
30 36
46 19
46 13
46 5
46 48
46 36
46 4
46 20
46 99
46 90
46 79
46 76
46 33
46 87
82 75
82 21
82 39
82 15
82 59
82 2
82 79
82 48
82 52
82 87
82 77
82 68
43 59
43 60
43 17
43 83
43 21
43 53
43 92
43 27
43 20
43 39
43 1
43 14
43 5
43 36
43 61
59 34
59 37
59 6
59 21
59 55
59 5
59 12
59 1
59 8
59 45
59 44
59 77
59 38
59 52
59 78
59 48
59 56
59 58
59 71
59 57
11 39
11 26
11 78
11 90
11 93
11 56
11 87
11 77
11 5
11 83
11 38
11 62
11 33
11 61
11 20
11 19
11 12
11 21
39 7
39 36
39 78
39 2
39 52
39 76
39 56
39 34
39 68
39 98
39 19
39 25
93 61
93 99
93 20
93 12
93 33
93 83
93 58
93 77
93 27
93 9
93 92
93 75
93 68
93 28
93 40
34 1
34 68
34 48
34 76
34 36
34 83
34 77
34 75
34 94
34 58
34 60
75 52
75 4
75 92
75 68
75 62
75 28
75 76
75 96
75 15
75 72
75 90
75 33
75 67
75 27
75 71
71 72
71 33
71 57
71 44
71 92
71 87
71 48
71 78
71 83
71 55
71 7
71 89
71 60
71 25
71 28
71 21
71 37
71 90
71 95
71 94
72 58
72 2
72 61
72 28
72 77
72 66
72 5
72 94
72 79
72 36
72 89
76 66
76 26
76 33
76 58
76 83
76 68
76 5
76 77
76 19
76 4
76 53
76 25
76 2
48 44
48 25
48 67
48 55
48 5
48 57
48 53
48 90
48 1
48 6
48 15
48 38
48 99
48 14
48 13
9 79
9 15
9 95
9 4
9 5
9 52
9 27
9 38
9 89
9 37
9 36
9 13
9 17
9 61
9 14
9 25
9 62
9 58
79 33
79 38
79 55
79 20
79 15
79 37
79 67
79 45
79 6
79 92
79 44
79 12
79 26
79 27
79 58
36 40
36 56
36 77
36 19
36 21
36 67
36 98
36 4
36 8
36 38
36 57
36 60
36 20
36 61
36 66
36 78
60 6
60 8
60 98
60 90
60 45
60 40
60 21
60 61
60 57
60 28
60 52
60 58
2 92
2 26
2 21
2 5
2 52
2 96
2 6
2 7
2 28
2 8
2 61
2 1
2 12
2 44
2 66
92 66
92 5
92 96
92 7
92 38
92 1
92 15
92 98
92 57
92 28
92 94
92 53
92 8
52 77
52 58
52 45
52 83
52 15
52 99
52 61
52 33
52 6
52 56
52 67
52 25
52 40
52 55
52 14
52 96
33 4
33 5
33 20
33 44
33 28
33 7
26 12
26 78
26 95
26 96
26 67
26 44
26 21
26 94
26 14
26 40
26 66
26 90
26 89
26 55
26 38
67 12
67 40
67 17
67 87
67 21
67 66
67 78
67 38
67 15
67 19
67 4
67 6
67 53
66 89
66 28
66 55
66 62
66 7
66 21
66 13
66 98
66 45
66 61
66 15
66 38
66 8
66 17
66 94
66 27
66 57
66 56
55 21
55 5
55 12
55 25
55 61
55 27
55 6
55 15
55 99
55 40
55 77
19 12
19 4
19 17
19 37
19 1
19 14
19 5
19 38
19 61
19 68
19 27
15 28
15 44
15 5
15 62
15 17
15 13
15 87
15 68
15 27
15 94
15 45
15 90
15 12
28 78
28 95
28 68
28 94
28 40
28 4
28 37
28 53
28 62
28 44
28 57
28 8
28 5
28 89
21 1
21 83
21 57
21 4
21 38
21 68
21 17
21 37
21 45
21 87
21 27
21 78
21 94
21 61
5 53
5 89
5 95
5 45
5 96
5 37
5 94
5 8
1 40
1 25
1 68
1 20
1 17
1 44
1 62
14 37
14 99
14 96
14 98
14 44
14 13
14 68
14 57
14 62
14 45
14 77
37 6
37 62
37 27
37 78
37 13
37 38
37 20
37 56
20 83
20 27
20 25
20 4
20 94
20 40
20 6
58 45
58 56
58 40
58 89
58 62
58 7
58 12
58 53
8 13
8 17
8 96
8 95
8 6
8 94
8 68
8 77
8 40
62 61
62 13
62 38
62 6
62 27
62 56
7 27
7 40
7 98
7 94
7 87
7 12
53 95
53 25
53 17
53 96
53 87
53 61
53 78
53 12
53 27
95 56
95 96
95 77
95 45
95 25
90 83
90 12
90 40
90 44
90 45
90 77
83 68
83 6
83 56
83 27
83 45
83 89
83 13
83 57
89 13
89 12
89 38
89 98
89 27
89 45
13 94
13 77
13 25
13 45
13 96
68 98
68 12
68 25
68 4
12 77
12 4
12 56
78 6
78 87
78 38
78 17
78 27
78 98
78 25
4 96
4 38
4 94
4 57
44 96
44 38
44 98
25 17
25 27
25 98
25 40
57 27
57 96
57 61
57 99
61 17
61 94
96 17
96 87
6 40
6 94
6 98
87 27
87 45
94 45
17 45
17 77
38 99
56 98
77 27
77 45