0 4 3 1 2 8 16 17 14 15 19 12 18 11 20 6 13 5 7 9 10 53 76 21 22 23 24 25 26 27 28 29 30 31 32 33 34 35 36 37 38 39 40 41 42 43 44 45 46 47 48 49 50 55 56 57 58 59 60 64 51 61 62 52 54 63 65 78 79 66 67 68 69 85 70 71 72 73 74 75 77 84 88 95 82 94 83 99 91 96 97 86 90 93 87 98 92 81 80 89
0 4
0 3
4 2
4 6
4 13
4 19
3 1
3 19
3 11
3 14
3 20
1 2
1 8
1 16
1 17
2 14
2 15
2 19
2 8
2 12
2 18
8 14
16 6
16 18
17 13
17 53
17 76
14 7
14 9
15 11
15 12
15 13
19 5
19 18
12 13
18 10
11 5
11 9
11 10
20 21
20 22
20 23
20 24
20 25
20 26
20 27
20 28
20 29
6 7
13 7
5 7
9 10
53 55
53 56
53 57
53 58
53 61
53 62
76 78
76 79
21 22
21 23
21 24
21 25
21 26
21 27
21 28
21 29
22 23
22 24
22 25
22 26
22 27
22 28
22 29
23 24
23 25
23 26
23 27
23 28
23 29
24 25
24 26
24 27
24 28
24 29
25 26
25 27
25 28
25 29
26 27
26 28
26 29
27 28
27 29
28 29
29 30
30 31
31 32
32 33
33 34
34 35
35 36
36 37
37 38
38 39
39 40
40 41
40 42
40 43
40 44
40 45
40 46
40 47
40 48
40 49
41 42
41 43
41 44
41 45
41 46
41 47
41 48
41 49
42 43
42 44
42 45
42 46
42 47
42 48
42 49
43 44
43 45
43 46
43 47
43 48
43 49
44 45
44 46
44 47
44 48
44 49
45 46
45 47
45 48
45 49
46 47
46 48
46 49
47 48
47 49
48 49
50 55
50 56
50 57
50 58
50 59
50 60
50 64
55 51
55 52
55 54
55 58
55 61
55 63
55 64
56 51
56 52
56 54
56 57
56 58
56 59
56 61
56 63
57 51
57 52
57 59
57 60
58 52
58 59
58 60
58 62
58 64
59 54
59 60
59 61
59 62
59 64
60 51
60 63
64 51
51 61
51 62
61 63
62 52
62 63
65 78
65 79
78 66
78 67
78 68
78 69
78 70
78 71
78 72
78 73
78 74
78 75
78 77
78 79
79 66
79 67
79 68
79 69
79 70
79 71
79 72
79 74
79 75
79 77
69 85
85 99
85 91
85 96
84 88
84 95
84 82
88 94
88 83
95 90
95 96
82 90
82 83
94 91
94 81
83 92
99 97
99 86
91 92
96 90
97 93
97 86
86 98
93 87
93 98
87 81
87 89
98 80
92 89
81 80
80 89