0 2 3 4 7 8 9 10 12 15 18 19 21 24 27 28 29 30 31 34 36 38 39 40 41 43 45 47 51 53 54 55 57 58 59 60 61 62 63 69 70 71 72 75 76 77 78 79 81 85 89 1 5 6 11 14 16 17 22 23 33 35 37 46 49 52 65 66 73 83 84 86 87 91 20 25 26 42 48 67 90 13 32 50 56 64 88 92 44 80 68 74 82
0 2
0 3
0 4
0 7
0 8
0 9
0 10
0 12
0 15
0 18
0 19
0 21
0 24
0 27
0 28
0 29
0 30
0 31
0 34
0 36
0 38
0 39
0 40
0 41
0 43
0 45
0 47
0 51
0 53
0 54
0 55
0 57
0 58
0 59
0 60
0 61
0 62
0 63
0 69
0 70
0 71
0 72
0 75
0 76
0 77
0 78
0 79
0 81
0 85
0 89
2 1
2 5
2 6
2 7
2 15
2 17
2 18
2 20
2 22
2 25
2 26
2 27
2 28
2 31
2 35
2 37
2 38
2 39
2 41
2 42
2 48
2 49
2 51
2 54
2 55
2 57
2 59
2 62
2 65
2 66
2 67
2 70
2 71
2 72
2 75
2 77
2 78
2 81
2 83
2 86
2 87
2 89
2 90
2 91
3 5
3 9
3 11
3 13
3 15
3 20
3 21
3 29
3 32
3 34
3 35
3 37
3 40
3 41
3 43
3 46
3 47
3 48
3 50
3 51
3 52
3 53
3 54
3 56
3 58
3 61
3 64
3 66
3 67
3 72
3 73
3 75
3 77
3 79
3 84
3 88
3 89
3 92
4 5
4 6
4 8
4 10
4 11
4 12
4 14
4 15
4 17
4 18
4 21
4 22
4 23
4 26
4 27
4 28
4 29
4 30
4 32
4 34
4 36
4 39
4 40
4 42
4 44
4 45
4 48
4 49
4 50
4 53
4 55
4 56
4 57
4 58
4 63
4 65
4 66
4 67
4 70
4 73
4 75
4 76
4 79
4 80
4 85
4 87
4 88
4 91
4 92
7 1
7 5
7 8
7 10
7 12
7 14
7 17
7 19
7 22
7 23
7 25
7 26
7 29
7 30
7 33
7 44
7 46
7 47
7 53
7 54
7 59
7 61
7 63
7 64
7 66
7 68
7 69
7 71
7 72
7 73
7 77
7 78
7 81
7 82
7 84
7 86
7 88
7 92
8 1
8 6
8 10
8 12
8 13
8 14
8 16
8 17
8 18
8 19
8 20
8 25
8 28
8 29
8 30
8 31
8 32
8 33
8 34
8 35
8 36
8 39
8 41
8 44
8 47
8 49
8 50
8 51
8 52
8 53
8 54
8 56
8 57
8 58
8 61
8 63
8 66
8 67
8 73
8 74
8 75
8 76
8 77
8 78
8 81
8 82
8 83
8 86
8 87
8 90
8 91
9 1
9 6
9 11
9 17
9 21
9 22
9 24
9 25
9 26
9 27
9 28
9 29
9 30
9 31
9 35
9 37
9 39
9 42
9 43
9 44
9 46
9 48
9 50
9 52
9 54
9 55
9 56
9 57
9 59
9 60
9 62
9 63
9 65
9 67
9 68
9 72
9 74
9 75
9 77
9 78
9 80
9 87
9 89
9 91
10 5
10 6
10 11
10 12
10 13
10 14
10 16
10 19
10 25
10 26
10 27
10 33
10 35
10 37
10 38
10 39
10 42
10 43
10 46
10 48
10 49
10 50
10 52
10 53
10 54
10 55
10 56
10 57
10 59
10 60
10 63
10 65
10 68
10 69
10 71
10 74
10 75
10 76
10 78
10 80
10 81
10 82
10 86
10 88
10 89
10 92
12 5
12 6
12 11
12 14
12 15
12 16
12 20
12 23
12 26
12 31
12 32
12 33
12 35
12 36
12 37
12 41
12 43
12 44
12 47
12 50
12 51
12 53
12 54
12 55
12 57
12 59
12 60
12 61
12 64
12 67
12 68
12 70
12 72
12 74
12 78
12 84
12 87
12 88
12 89
12 91
15 1
15 11
15 13
15 16
15 17
15 18
15 19
15 23
15 25
15 26
15 27
15 33
15 35
15 37
15 39
15 43
15 46
15 48
15 50
15 51
15 53
15 54
15 57
15 60
15 63
15 65
15 66
15 67
15 68
15 70
15 73
15 74
15 77
15 78
15 79
15 80
15 81
15 83
15 84
15 86
15 88
15 89
15 91
15 92
18 13
18 14
18 17
18 20
18 23
18 24
18 26
18 30
18 31
18 33
18 36
18 39
18 40
18 41
18 42
18 43
18 44
18 45
18 46
18 47
18 48
18 49
18 50
18 51
18 52
18 53
18 54
18 55
18 56
18 57
18 58
18 59
18 61
18 64
18 67
18 69
18 71
18 72
18 73
18 74
18 76
18 77
18 83
18 84
18 86
18 87
18 88
18 89
18 91
19 1
19 5
19 6
19 13
19 21
19 22
19 24
19 26
19 27
19 32
19 34
19 35
19 37
19 39
19 42
19 43
19 47
19 48
19 49
19 51
19 52
19 55
19 59
19 60
19 61
19 63
19 67
19 68
19 69
19 70
19 72
19 73
19 74
19 77
19 78
19 80
19 89
19 91
21 1
21 23
21 25
21 28
21 33
21 34
21 35
21 36
21 37
21 41
21 42
21 43
21 46
21 47
21 48
21 50
21 51
21 53
21 54
21 59
21 60
21 62
21 63
21 64
21 65
21 66
21 68
21 69
21 70
21 72
21 74
21 76
21 77
21 78
21 81
21 82
21 84
21 85
21 87
21 88
21 90
21 91
21 92
24 1
24 11
24 13
24 20
24 22
24 23
24 25
24 26
24 27
24 30
24 32
24 34
24 37
24 38
24 39
24 40
24 41
24 42
24 44
24 48
24 49
24 53
24 54
24 55
24 56
24 57
24 58
24 59
24 60
24 64
24 67
24 68
24 69
24 71
24 72
24 73
24 74
24 75
24 76
24 77
24 81
24 82
24 86
24 87
24 89
24 90
24 92
27 1
27 5
27 11
27 13
27 17
27 20
27 25
27 28
27 29
27 32
27 34
27 35
27 36
27 39
27 40
27 42
27 44
27 46
27 47
27 48
27 49
27 52
27 53
27 54
27 56
27 57
27 58
27 60
27 62
27 63
27 65
27 67
27 68
27 69
27 70
27 75
27 77
27 80
27 82
27 83
27 85
27 86
27 88
27 89
27 91
28 1
28 17
28 25
28 29
28 31
28 32
28 33
28 34
28 38
28 40
28 41
28 42
28 45
28 46
28 47
28 49
28 56
28 57
28 58
28 64
28 65
28 68
28 70
28 72
28 74
28 76
28 78
28 83
28 85
28 88
28 89
28 92
29 1
29 6
29 16
29 17
29 20
29 22
29 26
29 30
29 31
29 33
29 35
29 37
29 39
29 42
29 43
29 45
29 46
29 48
29 49
29 53
29 54
29 55
29 57
29 59
29 60
29 62
29 63
29 65
29 66
29 68
29 70
29 72
29 74
29 76
29 77
29 78
29 80
29 81
29 84
29 86
29 88
29 89
29 91
30 5
30 13
30 14
30 22
30 26
30 31
30 32
30 34
30 38
30 40
30 42
30 48
30 49
30 50
30 52
30 54
30 55
30 57
30 59
30 62
30 64
30 65
30 66
30 67
30 68
30 69
30 70
30 71
30 73
30 81
30 83
30 84
30 85
30 86
30 87
30 90
30 91
30 92
31 5
31 11
31 14
31 17
31 20
31 22
31 25
31 26
31 34
31 35
31 37
31 38
31 41
31 42
31 44
31 46
31 48
31 49
31 51
31 52
31 53
31 58
31 59
31 61
31 65
31 71
31 72
31 74
31 78
31 79
31 80
31 82
31 84
31 87
31 90
31 91
34 5
34 14
34 16
34 17
34 20
34 23
34 25
34 32
34 38
34 39
34 40
34 44
34 45
34 46
34 49
34 53
34 54
34 55
34 57
34 60
34 62
34 64
34 66
34 69
34 70
34 71
34 72
34 73
34 77
34 78
34 81
34 82
34 84
34 85
34 87
34 89
34 91
34 92
36 1
36 5
36 13
36 14
36 23
36 32
36 33
36 37
36 38
36 39
36 40
36 42
36 43
36 45
36 46
36 49
36 50
36 51
36 52
36 53
36 54
36 55
36 57
36 61
36 62
36 63
36 65
36 66
36 67
36 69
36 70
36 71
36 73
36 74
36 76
36 78
36 79
36 80
36 82
36 84
36 85
36 87
36 88
36 89
36 91
38 5
38 13
38 17
38 22
38 26
38 33
38 35
38 37
38 41
38 42
38 43
38 44
38 46
38 49
38 50
38 51
38 52
38 53
38 54
38 56
38 58
38 59
38 61
38 62
38 66
38 67
38 71
38 72
38 74
38 76
38 77
38 78
38 79
38 80
38 81
38 88
38 89
38 90
39 13
39 16
39 17
39 22
39 25
39 26
39 33
39 37
39 43
39 45
39 46
39 47
39 48
39 49
39 51
39 52
39 53
39 56
39 58
39 59
39 60
39 61
39 63
39 66
39 68
39 70
39 71
39 72
39 74
39 75
39 78
39 81
39 82
39 83
39 84
39 85
39 89
39 91
39 92
40 1
40 6
40 11
40 14
40 17
40 20
40 22
40 23
40 32
40 33
40 41
40 43
40 45
40 48
40 49
40 53
40 54
40 55
40 57
40 58
40 61
40 63
40 64
40 65
40 66
40 69
40 70
40 71
40 72
40 73
40 74
40 75
40 77
40 78
40 79
40 80
40 82
40 86
40 89
40 90
40 91
40 92
41 1
41 5
41 11
41 14
41 20
41 25
41 26
41 33
41 35
41 37
41 43
41 46
41 48
41 50
41 51
41 52
41 56
41 57
41 58
41 59
41 62
41 65
41 66
41 67
41 70
41 73
41 78
41 82
41 84
41 86
41 87
41 88
41 89
41 90
43 1
43 6
43 16
43 17
43 23
43 25
43 26
43 33
43 37
43 47
43 48
43 53
43 55
43 56
43 57
43 58
43 59
43 62
43 63
43 67
43 68
43 70
43 74
43 75
43 76
43 77
43 78
43 79
43 82
43 83
43 84
43 85
43 89
43 91
45 1
45 5
45 11
45 13
45 14
45 20
45 25
45 32
45 35
45 37
45 46
45 48
45 49
45 51
45 52
45 54
45 57
45 58
45 62
45 63
45 65
45 67
45 71
45 73
45 74
45 75
45 78
45 80
45 81
45 82
45 84
45 85
45 89
45 90
45 92
47 5
47 6
47 13
47 14
47 17
47 22
47 25
47 32
47 33
47 35
47 44
47 48
47 51
47 54
47 61
47 62
47 64
47 66
47 67
47 70
47 71
47 72
47 76
47 77
47 78
47 80
47 81
47 83
47 84
47 88
47 89
47 90
47 92
51 6
51 11
51 14
51 17
51 20
51 22
51 23
51 25
51 26
51 33
51 52
51 54
51 55
51 57
51 58
51 60
51 61
51 62
51 64
51 65
51 66
51 67
51 70
51 72
51 78
51 79
51 82
51 86
51 87
51 89
51 91
53 11
53 13
53 17
53 20
53 25
53 26
53 33
53 46
53 48
53 50
53 57
53 62
53 65
53 66
53 68
53 70
53 74
53 75
53 77
53 80
53 82
53 83
53 84
53 86
53 91
53 92
54 5
54 11
54 16
54 17
54 20
54 23
54 26
54 32
54 33
54 37
54 42
54 49
54 52
54 63
54 66
54 67
54 69
54 73
54 74
54 76
54 77
54 79
54 80
54 81
54 83
54 87
54 89
54 90
54 91
55 1
55 6
55 13
55 14
55 16
55 17
55 23
55 25
55 26
55 33
55 35
55 44
55 46
55 48
55 50
55 58
55 63
55 64
55 65
55 68
55 69
55 70
55 74
55 76
55 77
55 78
55 79
55 80
55 82
55 83
55 84
55 87
55 92
57 5
57 6
57 11
57 14
57 17
57 20
57 22
57 32
57 33
57 37
57 46
57 48
57 49
57 50
57 52
57 59
57 60
57 61
57 63
57 65
57 66
57 67
57 68
57 69
57 70
57 74
57 76
57 77
57 82
57 90
57 91
58 5
58 13
58 14
58 16
58 17
58 20
58 22
58 32
58 33
58 35
58 37
58 42
58 44
58 48
58 49
58 52
58 59
58 62
58 65
58 67
58 68
58 71
58 74
58 76
58 77
58 81
58 84
58 86
58 87
58 88
58 90
58 91
58 92
59 1
59 13
59 17
59 25
59 26
59 32
59 33
59 37
59 42
59 48
59 56
59 60
59 61
59 62
59 65
59 66
59 72
59 73
59 74
59 77
59 78
59 79
59 82
59 83
59 85
59 87
59 90
59 91
60 11
60 14
60 22
60 26
60 37
60 44
60 46
60 49
60 52
60 61
60 63
60 64
60 65
60 66
60 67
60 71
60 72
60 74
60 80
60 82
60 83
60 85
60 88
60 89
60 91
60 92
61 1
61 6
61 14
61 23
61 26
61 32
61 42
61 48
61 50
61 56
61 64
61 67
61 72
61 73
61 75
61 78
61 79
61 80
61 83
61 85
61 86
61 87
61 91
62 1
62 11
62 14
62 22
62 23
62 33
62 37
62 44
62 46
62 49
62 68
62 72
62 73
62 74
62 77
62 78
62 79
62 82
62 83
62 87
62 88
62 89
62 90
62 92
63 1
63 5
63 6
63 14
63 17
63 23
63 25
63 26
63 35
63 37
63 42
63 46
63 56
63 75
63 76
63 87
63 88
69 6
69 11
69 13
69 22
69 32
69 33
69 35
69 37
69 48
69 49
69 50
69 64
69 71
69 72
69 74
69 75
69 76
69 77
69 79
69 81
69 83
69 84
69 85
69 86
69 89
69 90
69 91
70 5
70 6
70 13
70 20
70 22
70 23
70 25
70 26
70 35
70 37
70 44
70 46
70 48
70 50
70 71
70 74
70 77
70 78
70 79
70 82
70 84
70 86
70 88
70 89
70 91
71 1
71 5
71 17
71 22
71 23
71 26
71 33
71 35
71 42
71 46
71 48
71 50
71 52
71 72
71 73
71 74
71 78
71 81
71 82
71 84
71 85
71 89
71 90
71 91
72 1
72 5
72 16
72 22
72 23
72 25
72 33
72 37
72 46
72 50
72 52
72 64
72 75
72 77
72 78
72 79
72 81
72 82
72 83
72 84
72 86
72 88
72 91
75 13
75 14
75 17
75 22
75 23
75 26
75 32
75 33
75 35
75 44
75 46
75 48
75 64
75 73
75 74
75 76
75 80
75 81
75 82
75 83
75 84
75 87
75 89
76 6
76 22
76 33
76 35
76 48
76 56
76 77
76 80
76 81
76 82
76 84
76 89
77 1
77 6
77 11
77 14
77 16
77 17
77 20
77 22
77 23
77 26
77 32
77 37
77 44
77 52
77 74
77 79
77 81
77 84
77 85
77 87
78 1
78 5
78 11
78 16
78 23
78 26
78 52
78 64
78 79
78 80
78 83
78 84
78 85
78 86
78 87
78 89
78 90
78 91
79 1
79 13
79 20
79 25
79 35
79 42
79 48
79 50
79 52
79 56
79 64
79 68
79 82
79 83
79 86
79 87
79 88
79 89
81 1
81 11
81 13
81 14
81 16
81 22
81 25
81 26
81 32
81 35
81 37
81 48
81 49
81 52
81 64
81 80
81 83
81 84
81 86
81 89
81 91
85 5
85 13
85 16
85 17
85 22
85 25
85 32
85 35
85 37
85 46
85 48
85 49
85 64
85 73
85 74
85 82
85 83
85 87
85 88
85 91
89 6
89 11
89 13
89 16
89 17
89 22
89 23
89 25
89 42
89 44
89 46
89 49
89 50
89 74
89 80
89 82
89 86
89 87
89 88
1 5
1 6
1 11
1 14
1 16
1 17
1 22
1 23
1 33
1 35
1 37
1 46
1 49
1 52
1 65
1 66
1 73
1 83
1 84
1 86
1 87
1 91
5 6
5 11
5 13
5 14
5 17
5 23
5 26
5 32
5 33
5 35
5 37
5 48
5 50
5 65
5 68
5 73
5 74
5 80
5 83
5 84
5 87
5 88
5 90
5 92
6 17
6 20
6 25
6 26
6 32
6 35
6 37
6 42
6 44
6 48
6 52
6 66
6 68
6 73
6 74
6 82
6 84
6 88
6 90
6 91
11 13
11 14
11 16
11 17
11 20
11 25
11 42
11 44
11 64
11 65
11 66
11 68
11 73
11 83
11 84
11 87
11 90
11 92
14 25
14 26
14 32
14 37
14 44
14 49
14 50
14 56
14 64
14 65
14 67
14 82
14 83
14 86
14 87
14 90
14 91
14 92
16 13
16 17
16 20
16 23
16 35
16 46
16 48
16 49
16 50
16 64
16 65
16 66
16 67
16 74
16 80
16 83
16 86
16 90
17 13
17 20
17 23
17 26
17 35
17 42
17 44
17 49
17 50
17 52
17 66
17 73
17 74
17 82
17 83
17 87
17 88
22 20
22 37
22 42
22 44
22 49
22 64
22 73
22 74
22 80
22 82
22 83
22 86
22 87
22 90
23 13
23 25
23 26
23 32
23 35
23 42
23 46
23 48
23 50
23 52
23 66
23 74
23 80
33 26
33 35
33 37
33 44
33 49
33 52
33 56
33 65
33 66
33 67
33 68
33 74
33 84
33 87
33 91
33 92
35 20
35 32
35 37
35 48
35 49
35 52
35 64
35 68
35 73
35 80
35 82
35 84
35 86
35 91
37 13
37 20
37 46
37 50
37 52
37 56
37 64
37 66
37 68
37 80
37 86
37 87
37 88
37 90
37 92
46 13
46 25
46 26
46 44
46 48
46 49
46 52
46 67
46 68
46 74
46 80
46 84
46 86
46 92
49 13
49 25
49 26
49 42
49 48
49 50
49 56
49 64
49 65
49 66
49 73
49 80
49 82
49 83
49 84
49 86
49 87
49 90
49 91
49 92
52 20
52 26
52 48
52 67
52 80
52 82
52 90
52 91
65 20
65 25
65 26
65 32
65 42
65 50
66 13
66 20
66 32
66 42
66 50
73 13
73 25
73 32
73 42
73 44
73 56
73 82
73 83
73 84
73 86
73 87
83 13
83 26
83 42
83 44
83 50
83 84
83 87
83 90
84 13
84 20
84 25
84 32
84 44
84 50
84 68
84 82
84 88
84 90
84 91
86 13
86 48
86 68
86 74
86 80
86 87
86 90
87 20
87 32
87 50
87 80
87 82
87 91
91 20
91 25
91 26
91 48
91 50
91 68
91 74
91 80
91 82
91 88
91 90
20 13
20 25
20 26
20 32
20 48
20 67
20 68
20 74
20 88
25 42
25 44
25 67
25 68
25 80
25 90
25 92
26 13
26 32
26 50
26 64
26 68
26 74
26 80
26 90
26 92
42 13
42 32
42 50
42 56
42 64
42 74
42 80
42 88
42 92
48 44
48 50
48 56
48 67
48 68
48 74
48 82
48 92
67 13
67 56
67 64
90 32
90 56
90 74
90 88
13 32
13 50
13 64
13 92
32 44
32 50
32 56
32 64
32 82
32 88
32 92
50 44
50 56
50 64
50 92
56 64
56 74
56 80
56 88
56 92
64 44
64 82
88 68
88 80
44 68
80 74
80 82
68 82