0 14 25 26 27 1 20 3 28 29 30 2 17 31 32 33 7 18 15 34 35 36 4 8 6 37 38 39 5 19 40 41 42 12 22 43 44 45 46 47 48 49 50 51 9 52 53 54 10 24 55 56 57 11 58 59 60 61 62 63 13 21 64 65 66 23 67 68 69 70 71 72 16 73 74 75 76 77 78 79 80 81 82 83 84 85 86 87 88 89 90 91 92 93 94 95 96 97 98 99
0 14
0 25
0 26
0 27
14 10
14 23
14 67
14 68
14 69
25 30
25 55
26 75
27 77
27 61
27 82
1 20
1 3
1 28
1 29
1 30
20 85
20 86
20 87
3 7
3 18
3 15
3 34
3 35
3 36
28 43
28 87
29 77
2 17
2 31
2 32
2 33
17 6
17 11
17 13
17 16
17 76
17 77
17 78
31 60
31 45
32 91
32 72
33 48
7 46
7 47
7 48
18 9
18 19
18 79
18 80
18 81
15 11
15 70
15 71
15 72
34 99
35 68
36 50
36 53
4 8
4 6
4 37
4 38
4 39
8 49
8 50
8 51
6 12
6 22
6 43
6 44
6 45
37 51
37 49
37 61
38 73
39 43
5 19
5 40
5 41
5 42
19 82
19 83
19 84
40 80
40 94
40 90
41 69
41 97
41 98
42 61
12 61
12 62
12 63
22 91
22 92
22 93
43 47
43 63
43 95
43 53
44 83
44 48
45 87
45 62
46 80
48 57
48 99
49 96
51 85
9 52
9 53
9 54
52 66
52 67
53 55
54 75
10 24
10 55
10 56
10 57
24 21
24 97
24 98
24 99
55 79
55 76
56 67
56 76
57 73
57 93
57 90
11 58
11 59
11 60
58 68
59 88
60 70
60 81
61 65
62 68
62 99
13 21
13 64
13 65
13 66
21 88
21 89
21 90
64 75
64 77
23 94
23 95
23 96
67 98
69 82
71 92
71 96
72 78
16 73
16 74
16 75
74 78
78 95
84 96
85 88
86 98
88 89