0 10 21 25 26 27 1 23 16 28 29 30 2 6 20 31 32 33 3 22 11 34 35 36 4 13 37 38 39 5 9 40 41 42 43 44 45 7 8 46 47 48 15 49 50 51 18 52 53 54 55 56 57 58 59 60 12 61 62 63 19 64 65 66 14 67 68 69 70 71 72 73 74 75 17 76 77 78 79 80 81 24 82 83 84 85 86 87 88 89 90 91 92 93 94 95 96 97 98 99
0 10
0 21
0 25
0 26
0 27
10 55
10 56
10 57
21 13
21 17
21 88
21 89
21 90
25 73
25 30
25 36
26 44
27 72
27 34
27 70
1 23
1 16
1 28
1 29
1 30
23 5
23 94
23 95
23 96
16 11
16 73
16 74
16 75
28 31
28 47
28 33
29 73
30 94
2 6
2 20
2 31
2 32
2 33
6 3
6 43
6 44
6 45
20 13
20 85
20 86
20 87
32 88
33 96
33 51
3 22
3 11
3 34
3 35
3 36
22 15
22 91
22 92
22 93
11 58
11 59
11 60
34 43
35 40
35 68
36 69
4 13
4 37
4 38
4 39
13 19
13 64
13 65
13 66
37 49
38 45
39 72
5 9
5 40
5 41
5 42
9 18
9 52
9 53
9 54
40 41
42 98
43 92
44 50
45 97
7 8
7 46
7 47
7 48
8 15
8 49
8 50
8 51
46 76
46 78
47 60
47 85
48 79
48 89
15 14
15 70
15 71
15 72
49 93
50 88
51 98
18 12
18 79
18 80
18 81
52 86
52 91
52 76
53 94
54 84
54 98
55 89
56 60
57 83
58 83
59 61
59 75
12 61
12 62
12 63
62 89
63 78
19 24
19 82
19 83
19 84
64 81
64 74
65 88
65 91
66 71
66 81
14 67
14 68
14 69
67 90
67 99
68 89
68 87
69 77
69 92
70 93
70 87
74 78
74 79
75 87
17 76
17 77
17 78
80 94
24 97
24 98
24 99
82 99
83 95
83 87
84 97
87 99
95 98