0 4 8 10 11 14 15 16 17 18 19 22 23 24 28 30 31 45 52 56 57 58 59 62 63 64 65 66 70 71 72 73 74 75 76 78 80 82 85 86 87 90 91 92 94 95 1 2 12 13 27 29 32 34 37 39 41 42 43 47 49 50 53 54 55 67 68 69 81 83 84 89 93 96 9 20 21 26 35 36 60 61 77 3 5 33 38 40 44 46 48 79 99 6 88 25 51 98 97 7
0 4
0 8
0 10
0 11
0 14
0 15
0 16
0 17
0 18
0 19
0 22
0 23
0 24
0 28
0 30
0 31
0 45
0 52
0 56
0 57
0 58
0 59
0 62
0 63
0 64
0 65
0 66
0 70
0 71
0 72
0 73
0 74
0 75
0 76
0 78
0 80
0 82
0 85
0 86
0 87
0 90
0 91
0 92
0 94
0 95
4 1
4 2
4 6
4 8
4 9
4 10
4 11
4 14
4 16
4 17
4 20
4 21
4 22
4 23
4 24
4 29
4 30
4 35
4 37
4 38
4 42
4 45
4 47
4 49
4 54
4 57
4 58
4 60
4 61
4 63
4 64
4 65
4 68
4 69
4 70
4 73
4 74
4 75
4 76
4 77
4 78
4 79
4 83
4 85
4 86
4 87
4 88
4 89
4 90
4 93
4 99
8 1
8 2
8 3
8 7
8 11
8 13
8 15
8 17
8 18
8 19
8 20
8 22
8 24
8 27
8 28
8 29
8 30
8 31
8 32
8 34
8 35
8 37
8 40
8 42
8 46
8 48
8 49
8 51
8 53
8 54
8 55
8 58
8 59
8 63
8 65
8 66
8 67
8 68
8 69
8 70
8 73
8 78
8 79
8 80
8 85
8 86
8 88
8 89
8 91
8 93
8 96
8 97
8 98
10 2
10 5
10 7
10 11
10 12
10 14
10 21
10 23
10 25
10 27
10 29
10 31
10 32
10 34
10 36
10 38
10 40
10 42
10 44
10 45
10 46
10 47
10 48
10 49
10 51
10 54
10 58
10 59
10 60
10 62
10 63
10 64
10 66
10 69
10 73
10 74
10 78
10 81
10 82
10 85
10 89
10 93
10 94
10 98
11 1
11 2
11 6
11 9
11 12
11 13
11 14
11 15
11 17
11 18
11 19
11 21
11 22
11 23
11 24
11 26
11 27
11 28
11 29
11 32
11 40
11 43
11 45
11 46
11 47
11 49
11 58
11 59
11 60
11 61
11 63
11 65
11 66
11 67
11 69
11 71
11 72
11 74
11 76
11 77
11 78
11 82
11 83
11 85
11 90
11 92
11 93
11 94
11 95
11 96
11 99
14 7
14 9
14 13
14 16
14 17
14 20
14 22
14 27
14 28
14 29
14 30
14 32
14 33
14 35
14 37
14 42
14 43
14 45
14 46
14 48
14 49
14 50
14 52
14 53
14 55
14 57
14 58
14 59
14 60
14 62
14 63
14 64
14 66
14 67
14 69
14 70
14 71
14 72
14 75
14 78
14 80
14 83
14 84
14 85
14 91
14 93
14 97
14 99
15 1
15 2
15 7
15 9
15 13
15 16
15 18
15 19
15 25
15 26
15 32
15 33
15 34
15 36
15 38
15 40
15 42
15 46
15 49
15 50
15 53
15 54
15 55
15 58
15 62
15 63
15 68
15 70
15 71
15 74
15 75
15 77
15 79
15 80
15 81
15 82
15 85
15 86
15 91
15 94
15 95
15 99
16 1
16 2
16 6
16 7
16 9
16 12
16 13
16 20
16 21
16 22
16 23
16 24
16 26
16 28
16 31
16 33
16 35
16 36
16 37
16 41
16 46
16 47
16 48
16 49
16 51
16 54
16 58
16 59
16 60
16 61
16 62
16 65
16 67
16 69
16 70
16 73
16 74
16 76
16 80
16 81
16 84
16 88
16 89
16 91
16 92
16 94
16 98
16 99
17 1
17 2
17 3
17 5
17 6
17 12
17 13
17 19
17 20
17 21
17 22
17 23
17 27
17 29
17 31
17 32
17 36
17 37
17 38
17 39
17 42
17 44
17 48
17 49
17 50
17 51
17 55
17 56
17 57
17 60
17 61
17 64
17 66
17 68
17 70
17 72
17 74
17 75
17 77
17 78
17 80
17 83
17 86
17 87
17 88
17 89
17 90
17 91
17 92
17 93
17 94
17 99
18 2
18 5
18 9
18 12
18 22
18 24
18 26
18 27
18 28
18 29
18 30
18 32
18 33
18 35
18 40
18 41
18 44
18 45
18 47
18 48
18 51
18 52
18 54
18 55
18 58
18 59
18 62
18 63
18 64
18 67
18 69
18 71
18 72
18 75
18 78
18 79
18 80
18 81
18 82
18 83
18 86
18 89
18 90
18 91
18 94
18 99
19 2
19 5
19 6
19 20
19 22
19 24
19 29
19 36
19 40
19 42
19 43
19 44
19 46
19 48
19 49
19 52
19 53
19 54
19 55
19 58
19 62
19 63
19 65
19 68
19 70
19 72
19 74
19 76
19 77
19 78
19 82
19 83
19 88
19 90
19 91
19 93
19 94
19 97
19 98
19 99
22 1
22 2
22 6
22 7
22 9
22 13
22 21
22 23
22 32
22 34
22 37
22 38
22 39
22 46
22 48
22 49
22 53
22 56
22 58
22 63
22 64
22 65
22 67
22 68
22 69
22 70
22 71
22 75
22 79
22 81
22 82
22 84
22 88
22 90
22 97
22 99
23 2
23 3
23 9
23 12
23 20
23 24
23 25
23 28
23 30
23 34
23 37
23 38
23 45
23 48
23 49
23 50
23 51
23 52
23 57
23 58
23 60
23 61
23 63
23 65
23 66
23 67
23 70
23 75
23 78
23 79
23 85
23 86
23 88
23 89
23 90
23 91
23 93
23 94
23 95
23 96
23 97
24 1
24 2
24 5
24 6
24 7
24 13
24 20
24 21
24 27
24 28
24 29
24 35
24 42
24 43
24 44
24 45
24 46
24 47
24 49
24 50
24 51
24 52
24 55
24 58
24 59
24 60
24 62
24 63
24 64
24 65
24 70
24 73
24 75
24 78
24 79
24 80
24 84
24 88
24 89
24 94
24 95
24 96
24 97
24 98
24 99
28 3
28 5
28 12
28 13
28 26
28 27
28 29
28 31
28 34
28 36
28 37
28 40
28 43
28 45
28 46
28 47
28 49
28 50
28 51
28 53
28 54
28 59
28 60
28 63
28 64
28 70
28 72
28 73
28 74
28 77
28 78
28 80
28 82
28 83
28 84
28 85
28 89
28 91
28 94
28 96
30 1
30 3
30 5
30 7
30 9
30 12
30 20
30 21
30 29
30 32
30 34
30 35
30 36
30 37
30 39
30 40
30 42
30 44
30 45
30 46
30 51
30 52
30 53
30 54
30 64
30 66
30 69
30 72
30 74
30 75
30 77
30 83
30 85
30 87
30 88
30 90
30 91
30 95
30 97
30 98
30 99
31 1
31 2
31 3
31 5
31 12
31 21
31 25
31 29
31 35
31 36
31 38
31 40
31 42
31 47
31 53
31 54
31 56
31 57
31 61
31 62
31 64
31 65
31 66
31 67
31 68
31 69
31 71
31 75
31 77
31 78
31 81
31 83
31 85
31 88
31 90
31 93
31 97
31 98
45 2
45 5
45 6
45 9
45 12
45 26
45 27
45 32
45 33
45 34
45 36
45 39
45 40
45 49
45 50
45 53
45 54
45 59
45 60
45 61
45 62
45 64
45 68
45 70
45 71
45 72
45 75
45 76
45 80
45 81
45 84
45 87
45 89
45 91
45 95
45 96
45 97
45 98
52 1
52 3
52 7
52 9
52 13
52 20
52 26
52 32
52 34
52 36
52 37
52 39
52 40
52 42
52 44
52 46
52 47
52 48
52 49
52 51
52 56
52 59
52 60
52 61
52 62
52 63
52 67
52 68
52 72
52 73
52 74
52 75
52 76
52 78
52 79
52 81
52 85
52 87
52 90
52 91
52 92
52 93
52 95
52 96
52 97
52 99
56 1
56 7
56 9
56 12
56 21
56 25
56 26
56 27
56 36
56 39
56 41
56 47
56 48
56 53
56 54
56 58
56 60
56 63
56 65
56 67
56 69
56 72
56 73
56 75
56 76
56 78
56 80
56 81
56 84
56 85
56 86
56 87
56 89
56 92
56 95
56 96
56 98
57 1
57 2
57 3
57 6
57 9
57 12
57 13
57 21
57 27
57 33
57 34
57 35
57 37
57 38
57 40
57 41
57 42
57 44
57 47
57 48
57 53
57 55
57 58
57 59
57 60
57 63
57 66
57 68
57 69
57 72
57 74
57 75
57 76
57 77
57 78
57 80
57 81
57 83
57 84
57 87
57 90
57 91
57 93
58 1
58 2
58 3
58 7
58 9
58 20
58 21
58 26
58 29
58 34
58 37
58 39
58 40
58 41
58 42
58 44
58 46
58 47
58 49
58 50
58 51
58 54
58 62
58 64
58 65
58 70
58 72
58 75
58 76
58 79
58 84
58 86
58 87
58 88
58 89
58 90
58 91
58 92
58 93
58 99
59 6
59 7
59 9
59 12
59 20
59 25
59 27
59 32
59 33
59 34
59 36
59 37
59 41
59 42
59 44
59 46
59 47
59 48
59 51
59 55
59 64
59 67
59 69
59 73
59 74
59 76
59 78
59 79
59 81
59 83
59 86
59 87
59 88
59 89
59 90
59 91
59 93
59 99
62 1
62 3
62 5
62 6
62 13
62 20
62 27
62 29
62 32
62 36
62 37
62 39
62 40
62 41
62 42
62 43
62 44
62 47
62 50
62 51
62 53
62 54
62 61
62 63
62 66
62 69
62 70
62 71
62 74
62 75
62 76
62 78
62 81
62 86
62 87
62 88
62 93
62 95
62 96
62 97
62 99
63 2
63 3
63 5
63 6
63 7
63 9
63 12
63 13
63 21
63 25
63 26
63 32
63 33
63 37
63 38
63 39
63 40
63 41
63 42
63 43
63 47
63 48
63 49
63 50
63 54
63 60
63 64
63 66
63 68
63 69
63 73
63 75
63 76
63 78
63 79
63 81
63 82
63 83
63 84
63 87
63 88
63 89
63 91
63 92
63 96
64 3
64 12
64 13
64 20
64 25
64 29
64 32
64 35
64 36
64 37
64 38
64 40
64 41
64 46
64 48
64 49
64 50
64 65
64 66
64 68
64 71
64 72
64 74
64 77
64 79
64 80
64 84
64 85
64 87
64 88
64 90
64 91
64 93
64 96
64 98
65 1
65 3
65 6
65 9
65 12
65 13
65 20
65 27
65 32
65 35
65 36
65 39
65 42
65 43
65 48
65 49
65 50
65 51
65 55
65 66
65 69
65 70
65 73
65 74
65 75
65 78
65 80
65 81
65 83
65 85
65 87
65 92
65 93
65 94
65 98
66 2
66 20
66 25
66 29
66 33
66 35
66 41
66 43
66 44
66 49
66 51
66 53
66 54
66 55
66 60
66 67
66 69
66 70
66 71
66 72
66 74
66 78
66 79
66 80
66 81
66 86
66 87
66 91
66 93
66 98
66 99
70 1
70 2
70 3
70 7
70 13
70 21
70 25
70 26
70 29
70 32
70 35
70 38
70 39
70 43
70 46
70 47
70 48
70 54
70 55
70 60
70 61
70 68
70 69
70 73
70 76
70 79
70 81
70 82
70 83
70 84
70 85
70 86
70 91
70 92
70 93
70 94
70 97
71 1
71 2
71 6
71 12
71 13
71 20
71 21
71 32
71 33
71 34
71 35
71 36
71 37
71 38
71 39
71 40
71 41
71 46
71 47
71 48
71 50
71 60
71 61
71 74
71 75
71 77
71 80
71 82
71 83
71 85
71 86
71 88
71 89
71 90
71 91
71 92
71 93
71 94
71 96
71 98
72 1
72 2
72 5
72 6
72 9
72 20
72 21
72 25
72 26
72 32
72 33
72 34
72 35
72 38
72 42
72 43
72 47
72 49
72 50
72 55
72 60
72 61
72 75
72 77
72 80
72 83
72 84
72 88
72 89
72 94
72 99
73 2
73 3
73 6
73 7
73 13
73 20
73 25
73 32
73 35
73 36
73 37
73 39
73 40
73 42
73 44
73 46
73 47
73 50
73 54
73 61
73 68
73 69
73 75
73 77
73 78
73 79
73 80
73 81
73 83
73 85
73 88
73 90
73 91
73 92
73 93
73 96
74 1
74 2
74 3
74 12
74 21
74 25
74 26
74 27
74 29
74 32
74 34
74 37
74 40
74 42
74 51
74 53
74 55
74 60
74 61
74 67
74 75
74 77
74 81
74 84
74 85
74 86
74 87
74 88
74 91
74 93
74 95
74 98
75 1
75 7
75 13
75 25
75 26
75 29
75 32
75 33
75 34
75 36
75 39
75 40
75 41
75 42
75 46
75 48
75 51
75 53
75 54
75 55
75 67
75 76
75 77
75 79
75 80
75 82
75 84
75 88
75 90
75 91
75 92
75 93
75 94
75 95
75 96
75 97
75 98
75 99
76 1
76 5
76 9
76 13
76 25
76 26
76 27
76 32
76 34
76 36
76 37
76 38
76 40
76 41
76 42
76 44
76 46
76 48
76 49
76 50
76 51
76 54
76 67
76 69
76 77
76 78
76 80
76 81
76 83
76 84
76 85
76 88
76 89
76 90
76 94
76 96
76 98
76 99
78 6
78 12
78 13
78 21
78 25
78 27
78 29
78 40
78 42
78 44
78 46
78 47
78 48
78 49
78 51
78 61
78 77
78 82
78 87
78 88
78 89
78 92
78 94
78 96
78 97
78 98
78 99
80 1
80 6
80 7
80 12
80 13
80 20
80 21
80 25
80 27
80 29
80 32
80 33
80 34
80 35
80 39
80 50
80 53
80 60
80 61
80 67
80 77
80 79
80 81
80 82
80 83
80 84
80 85
80 86
80 88
80 89
80 90
80 93
80 95
80 96
82 6
82 9
82 12
82 26
82 27
82 34
82 36
82 42
82 43
82 44
82 47
82 50
82 51
82 55
82 61
82 67
82 69
82 81
82 83
82 84
82 85
82 88
82 89
82 91
82 94
82 95
82 98
82 99
85 5
85 9
85 13
85 21
85 25
85 27
85 29
85 33
85 35
85 36
85 37
85 41
85 43
85 44
85 46
85 47
85 48
85 49
85 50
85 53
85 54
85 55
85 60
85 67
85 68
85 69
85 81
85 89
85 90
85 91
85 94
85 95
85 96
85 97
85 98
86 5
86 6
86 20
86 21
86 27
86 29
86 33
86 34
86 35
86 38
86 39
86 40
86 44
86 46
86 47
86 48
86 51
86 53
86 61
86 67
86 69
86 77
86 81
86 83
86 84
86 87
86 89
86 91
86 93
86 94
86 98
87 1
87 3
87 6
87 12
87 20
87 21
87 27
87 29
87 32
87 33
87 34
87 37
87 40
87 42
87 43
87 44
87 49
87 51
87 53
87 55
87 60
87 67
87 79
87 88
87 89
87 90
87 91
87 92
87 93
87 94
87 97
87 98
87 99
90 2
90 5
90 13
90 25
90 27
90 34
90 35
90 36
90 38
90 39
90 40
90 42
90 43
90 46
90 50
90 51
90 55
90 61
90 68
90 69
90 77
90 81
90 83
90 84
90 89
90 91
90 92
90 94
90 97
91 1
91 3
91 5
91 6
91 13
91 20
91 26
91 27
91 32
91 34
91 36
91 37
91 40
91 41
91 47
91 49
91 51
91 53
91 55
91 60
91 61
91 68
91 89
91 94
91 96
91 97
92 1
92 5
92 6
92 7
92 12
92 20
92 25
92 26
92 29
92 32
92 33
92 34
92 35
92 37
92 41
92 43
92 44
92 47
92 50
92 53
92 54
92 55
92 61
92 69
92 79
92 81
92 83
92 96
92 98
94 2
94 5
94 6
94 7
94 13
94 26
94 27
94 32
94 33
94 35
94 36
94 37
94 40
94 42
94 43
94 44
94 46
94 49
94 50
94 55
94 61
94 68
94 69
94 79
94 81
94 84
94 88
94 89
94 93
94 96
94 98
95 3
95 5
95 7
95 13
95 20
95 25
95 26
95 27
95 34
95 35
95 37
95 40
95 41
95 42
95 46
95 49
95 55
95 60
95 61
95 68
95 77
95 83
95 93
95 98
1 2
1 12
1 13
1 27
1 29
1 32
1 34
1 37
1 39
1 41
1 42
1 43
1 47
1 49
1 50
1 53
1 54
1 55
1 67
1 68
1 69
1 81
1 83
1 84
1 89
1 93
1 96
2 9
2 12
2 13
2 20
2 21
2 26
2 27
2 29
2 32
2 34
2 35
2 36
2 37
2 39
2 42
2 43
2 50
2 53
2 60
2 61
2 68
2 69
2 77
2 81
2 93
2 96
12 3
12 6
12 7
12 9
12 20
12 26
12 27
12 33
12 34
12 36
12 37
12 39
12 40
12 41
12 44
12 47
12 48
12 51
12 53
12 54
12 55
12 60
12 67
12 81
12 89
12 93
12 97
12 99
13 3
13 5
13 20
13 21
13 25
13 27
13 29
13 32
13 34
13 38
13 39
13 41
13 42
13 44
13 47
13 50
13 53
13 54
13 60
13 61
13 68
13 69
13 88
13 93
13 96
13 97
13 98
13 99
27 5
27 7
27 9
27 20
27 21
27 26
27 29
27 32
27 33
27 34
27 36
27 38
27 40
27 42
27 43
27 48
27 49
27 50
27 67
27 68
27 69
27 83
27 96
27 98
27 99
29 20
29 21
29 25
29 32
29 35
29 38
29 42
29 44
29 47
29 48
29 49
29 51
29 55
29 61
29 68
29 69
29 77
29 93
29 96
29 97
32 3
32 6
32 9
32 25
32 26
32 33
32 35
32 36
32 40
32 42
32 43
32 44
32 49
32 51
32 53
32 54
32 55
32 77
32 79
32 81
32 83
32 88
32 96
34 3
34 5
34 7
34 21
34 25
34 26
34 36
34 37
34 38
34 39
34 40
34 41
34 42
34 49
34 50
34 51
34 55
34 60
34 61
34 67
34 69
34 79
34 93
34 96
37 5
37 6
37 9
37 20
37 21
37 25
37 33
37 36
37 38
37 41
37 47
37 48
37 49
37 55
37 60
37 61
37 83
37 93
37 98
39 3
39 5
39 6
39 7
39 40
39 41
39 43
39 49
39 51
39 53
39 54
39 55
39 67
39 77
39 79
39 81
39 83
39 88
39 89
39 93
39 96
39 97
39 98
41 6
41 20
41 26
41 33
41 35
41 36
41 43
41 46
41 53
41 54
41 55
41 61
41 67
41 77
41 84
41 89
41 93
41 96
41 98
41 99
42 21
42 36
42 44
42 47
42 48
42 49
42 51
42 53
42 54
42 55
42 60
42 67
42 77
42 81
42 83
42 84
42 89
42 96
42 97
42 98
42 99
43 3
43 9
43 20
43 21
43 26
43 38
43 40
43 44
43 48
43 49
43 51
43 68
43 77
43 81
43 83
43 89
43 93
43 98
43 99
47 3
47 6
47 7
47 25
47 33
47 35
47 36
47 38
47 44
47 48
47 49
47 50
47 51
47 53
47 54
47 55
47 67
47 68
47 77
47 83
47 89
47 93
47 99
49 3
49 5
49 6
49 7
49 9
49 20
49 35
49 36
49 44
49 46
49 48
49 51
49 54
49 55
49 61
49 68
49 81
49 83
49 84
49 88
49 97
49 99
50 5
50 6
50 25
50 26
50 33
50 35
50 36
50 38
50 44
50 51
50 53
50 54
50 60
50 67
50 68
50 77
50 79
50 81
50 84
50 88
50 89
50 96
50 98
50 99
53 7
53 20
53 21
53 25
53 26
53 36
53 38
53 46
53 48
53 54
53 55
53 67
53 68
53 69
53 77
53 81
53 83
53 93
53 97
53 99
54 5
54 35
54 36
54 38
54 46
54 48
54 51
54 55
54 67
54 68
54 77
54 81
54 83
54 84
54 89
54 97
54 98
54 99
55 3
55 5
55 6
55 9
55 25
55 33
55 38
55 44
55 46
55 48
55 61
55 68
55 77
55 79
55 83
55 88
55 97
55 98
67 5
67 7
67 25
67 26
67 35
67 36
67 38
67 46
67 51
67 61
67 83
67 98
67 99
68 5
68 7
68 9
68 20
68 21
68 26
68 33
68 35
68 40
68 46
68 48
68 51
68 60
68 69
68 77
68 79
68 81
68 83
68 84
68 96
68 97
68 98
68 99
69 3
69 5
69 7
69 21
69 33
69 36
69 40
69 79
69 81
69 83
69 88
69 89
69 93
69 97
69 99
81 3
81 7
81 20
81 21
81 25
81 40
81 48
81 60
81 61
81 79
81 83
81 84
81 88
81 89
81 93
81 97
81 98
83 3
83 6
83 20
83 21
83 33
83 35
83 38
83 46
83 48
83 51
83 60
83 77
83 88
83 89
83 93
83 96
84 3
84 5
84 6
84 25
84 40
84 48
84 61
84 77
84 89
84 96
84 97
84 98
89 5
89 7
89 21
89 25
89 26
89 38
89 40
89 48
89 88
89 93
89 98
89 99
93 3
93 5
93 9
93 20
93 40
93 44
93 48
93 51
93 61
93 99
96 5
96 20
96 38
96 46
96 48
96 97
96 98
96 99
9 6
9 26
9 33
9 35
9 36
9 40
9 61
9 88
9 98
9 99
20 5
20 7
20 21
20 25
20 33
20 36
20 44
20 51
20 61
20 88
20 97
21 5
21 6
21 7
21 26
21 33
21 35
21 40
21 44
21 46
21 60
21 79
21 88
21 99
26 3
26 6
26 7
26 25
26 35
26 38
26 40
26 44
26 60
26 79
26 88
26 97
26 99
35 3
35 5
35 25
35 33
35 36
35 38
35 46
35 51
35 60
35 88
35 97
35 98
36 25
36 33
36 40
36 44
36 46
36 51
36 61
36 97
36 98
36 99
60 5
60 6
60 7
60 33
60 48
60 51
60 61
60 97
60 98
60 99
61 3
61 6
61 79
77 5
77 7
77 40
77 44
77 46
77 79
77 88
3 5
3 33
3 38
3 40
3 44
3 46
3 48
3 79
3 99
5 25
5 44
5 51
5 88
5 98
33 6
33 7
33 25
33 38
33 40
33 48
33 79
33 97
33 98
38 6
38 7
38 25
38 40
38 44
38 46
38 48
38 51
38 88
38 97
38 99
40 25
40 46
40 48
40 79
40 98
40 99
44 25
44 51
44 79
44 99
46 6
46 7
46 25
48 6
48 79
48 99
79 6
79 7
79 97
79 99
99 51
99 97
99 98
6 25
6 97
6 98
88 97
51 7
97 7