0 2 3 5 6 8 9 11 12 16 17 18 19 21 22 23 24 25 26 27 28 30 31 34 35 36 37 38 39 42 45 48 51 56 58 60 61 64 65 68 70 73 74 75 76 77 79 81 82 85 87 88 89 90 93 94 95 97 98 99 1 4 7 13 14 15 20 29 33 40 44 49 54 55 62 63 66 69 72 78 80 84 86 91 10 32 41 46 47 50 57 59 67 71 83 92 96 43 52 53
0 90
2 93
3 73
3 99
3 6
5 25
5 94
8 44
8 42
9 4
9 46
9 85
9 63
9 93
9 55
11 66
12 23
16 70
17 13
18 39
18 46
18 96
18 68
19 69
21 85
22 70
22 46
22 99
22 49
22 87
23 24
23 50
24 13
25 53
26 60
27 47
28 99
28 78
28 62
28 86
28 61
30 31
31 7
31 52
31 91
34 14
35 69
36 82
36 43
37 39
38 97
42 59
42 83
45 32
45 13
48 72
48 4
48 67
51 10
51 40
51 73
56 10
58 92
60 69
60 97
60 1
60 59
61 80
61 95
64 76
65 81
65 13
68 92
74 52
75 43
76 46
77 7
79 57
81 14
85 15
88 54
88 53
89 62
90 54
98 40
4 7
7 29
13 69
20 63
33 69
62 53
62 43
66 53
69 67
84 83
10 71
41 52
47 96
57 53