0 1 2 3 4 5 6 7 8 9 10 11 12 13 14 15 16 17 18 19 20 21 22 23 24 25 26 27 28 29 30 31 32 33 34 35 36 37 38 39 40 41 42 43 44 45 46 47 48 49 50 51 52 53 54 55 56 57 58 59 60 61 62 63 64 65 66 67 68 69 70 71 72 73 74 75 76 77 78 79 80 81 82 83 84 85 86 87 88 89 90 91 92 93 94 95 96 97 98 99
0 1
0 73
0 68
0 6
0 15
1 2
1 16
1 36
1 20
1 54
2 3
2 13
2 42
3 4
3 95
4 5
4 76
4 87
4 24
4 80
4 45
5 6
5 20
5 95
6 7
6 75
6 65
6 55
7 8
7 17
8 9
8 23
8 27
8 19
8 39
8 18
8 71
8 93
9 10
9 20
9 36
9 41
10 11
10 99
11 12
11 90
11 42
11 80
11 41
12 13
12 61
12 31
12 64
12 71
13 14
13 51
13 64
14 15
14 62
14 83
14 88
15 16
15 30
15 44
15 43
15 56
15 37
16 17
16 99
16 25
16 96
16 27
17 18
17 76
18 19
18 48
18 77
18 53
18 33
19 94
20 21
21 22
21 55
21 95
21 34
21 37
22 23
22 98
22 72
22 66
22 91
22 25
23 24
23 72
23 82
23 85
23 70
23 33
24 25
24 51
25 26
25 98
25 74
25 67
25 77
25 71
26 27
26 61
26 57
27 28
27 42
27 50
27 61
27 99
27 29
27 64
28 29
28 67
28 45
28 76
28 82
29 30
29 83
29 32
29 35
29 99
29 98
29 67
29 39
30 31
30 38
31 32
31 35
31 85
31 75
32 33
32 56
32 42
32 49
33 34
33 39
33 64
33 42
33 82
34 35
34 45
34 99
35 36
35 74
35 60
35 80
35 72
35 70
35 52
36 37
37 38
37 56
37 49
38 39
39 40
39 58
40 41
40 82
41 42
41 74
41 61
42 43
42 68
43 44
43 69
43 61
44 45
44 99
44 48
45 46
45 57
45 61
46 47
46 99
46 80
46 82
47 48
47 62
48 49
48 50
48 88
48 87
48 55
48 69
48 76
49 50
49 96
50 51
50 99
50 92
51 52
51 70
51 82
51 65
52 53
52 64
52 67
52 76
53 54
53 82
53 83
53 94
54 55
54 99
55 56
55 69
56 57
56 80
56 64
57 58
57 76
57 87
58 59
58 66
58 72
58 67
59 60
59 79
59 94
59 80
59 90
60 61
60 75
61 62
61 98
62 63
63 64
64 65
65 66
66 67
66 93
67 68
67 81
68 69
69 70
69 95
70 71
70 88
71 72
71 80
71 81
72 73
73 74
74 75
74 76
75 76
75 79
76 77
77 78
78 79
78 92
78 83
79 80
80 81
80 99
81 82
81 84
81 89
82 83
83 84
83 92
84 85
85 86
85 95
86 87
87 88
87 91
88 89
88 97
89 90
90 91
91 92
92 93
93 94
93 97
94 95
95 96
96 97
97 98
98 99