0 10 22 25 26 27 1 11 17 28 29 30 2 31 32 33 3 16 20 9 13 34 35 36 4 37 38 39 5 24 40 41 42 6 43 44 45 7 18 46 47 48 8 15 49 50 51 52 53 54 21 55 56 57 19 58 59 60 12 61 62 63 64 65 66 14 23 67 68 69 70 71 72 73 74 75 76 77 78 79 80 81 82 83 84 85 86 87 88 89 90 91 92 93 94 95 96 97 98 99
0 10
0 22
0 25
0 26
0 27
10 21
10 55
10 56
10 57
22 2
22 9
22 91
22 92
22 93
25 73
25 79
25 52
26 73
27 97
1 11
1 17
1 28
1 29
1 30
11 19
11 58
11 59
11 60
17 3
17 76
17 77
17 78
28 56
28 46
29 95
29 47
30 58
30 73
2 31
2 32
2 33
31 77
31 70
31 89
32 85
33 36
33 49
33 65
3 16
3 20
3 9
3 13
3 34
3 35
3 36
16 18
16 73
16 74
16 75
20 6
20 12
20 85
20 86
20 87
9 52
9 53
9 54
13 4
13 24
13 64
13 65
13 66
34 41
34 68
35 75
36 59
4 37
4 38
4 39
37 48
38 64
38 43
39 85
39 46
5 24
5 40
5 41
5 42
24 97
24 98
24 99
40 50
41 51
41 50
42 48
42 99
6 43
6 44
6 45
43 85
44 65
45 83
45 89
7 18
7 46
7 47
7 48
18 79
18 80
18 81
46 62
47 91
47 80
48 57
8 15
8 49
8 50
8 51
15 12
15 70
15 71
15 72
49 62
50 89
52 93
52 90
53 69
54 78
54 92
21 14
21 88
21 89
21 90
55 94
55 92
57 65
19 82
19 83
19 84
60 63
12 61
12 62
12 63
61 89
62 96
62 92
63 92
66 74
66 82
14 23
14 67
14 68
14 69
23 94
23 95
23 96
67 96
68 82
68 91
69 87
69 94
70 72
71 80
72 97
75 95
76 81
76 86
80 98
84 88
84 96
86 96
87 98
90 99