0 1 2 4 8 16 32 64 3 5 9 17 33 65 6 10 18 34 66 7 11 19 35 67 12 20 36 68 13 21 37 69 14 22 38 70 15 23 39 71 24 40 72 25 41 73 26 42 74 27 43 75 28 44 76 29 45 77 30 46 78 31 47 79 48 80 49 81 50 82 51 83 52 84 53 85 54 86 55 87 56 88 57 89 58 90 59 91 60 92 61 93 62 94 63 95 96 97 98 99
0 1
0 2
0 4
0 8
0 16
0 32
0 64
1 3
1 5
1 9
1 17
1 33
1 65
2 3
2 6
2 10
2 18
2 34
2 66
4 5
4 6
4 12
4 20
4 36
4 68
8 9
8 10
8 12
8 24
8 40
8 72
16 17
16 18
16 20
16 24
16 48
16 80
32 33
32 34
32 36
32 40
32 48
32 96
64 65
64 66
64 68
64 72
64 80
64 96
3 7
3 11
3 19
3 35
3 67
5 7
5 13
5 21
5 37
5 69
9 11
9 13
9 25
9 41
9 73
17 19
17 21
17 25
17 49
17 81
33 35
33 37
33 41
33 49
33 97
65 67
65 69
65 73
65 81
65 97
6 7
6 14
6 22
6 38
6 70
10 11
10 14
10 26
10 42
10 74
18 19
18 22
18 26
18 50
18 82
34 35
34 38
34 42
34 50
34 98
66 67
66 70
66 74
66 82
66 98
7 15
7 23
7 39
7 71
11 15
11 27
11 43
11 75
19 23
19 27
19 51
19 83
35 39
35 43
35 51
35 99
67 71
67 75
67 83
67 99
12 13
12 14
12 28
12 44
12 76
20 21
20 22
20 28
20 52
20 84
36 37
36 38
36 44
36 52
68 69
68 70
68 76
68 84
13 15
13 29
13 45
13 77
21 23
21 29
21 53
21 85
37 39
37 45
37 53
69 71
69 77
69 85
14 15
14 30
14 46
14 78
22 23
22 30
22 54
22 86
38 39
38 46
38 54
70 71
70 78
70 86
15 31
15 47
15 79
23 31
23 55
23 87
39 47
39 55
71 79
71 87
24 25
24 26
24 28
24 56
24 88
40 41
40 42
40 44
40 56
72 73
72 74
72 76
72 88
25 27
25 29
25 57
25 89
41 43
41 45
41 57
73 75
73 77
73 89
26 27
26 30
26 58
26 90
42 43
42 46
42 58
74 75
74 78
74 90
27 31
27 59
27 91
43 47
43 59
75 79
75 91
28 29
28 30
28 60
28 92
44 45
44 46
44 60
76 77
76 78
76 92
29 31
29 61
29 93
45 47
45 61
77 79
77 93
30 31
30 62
30 94
46 47
46 62
78 79
78 94
31 63
31 95
47 63
79 95
48 49
48 50
48 52
48 56
80 81
80 82
80 84
80 88
49 51
49 53
49 57
81 83
81 85
81 89
50 51
50 54
50 58
82 83
82 86
82 90
51 55
51 59
83 87
83 91
52 53
52 54
52 60
84 85
84 86
84 92
53 55
53 61
85 87
85 93
54 55
54 62
86 87
86 94
55 63
87 95
56 57
56 58
56 60
88 89
88 90
88 92
57 59
57 61
89 91
89 93
58 59
58 62
90 91
90 94
59 63
91 95
60 61
60 62
92 93
92 94
61 63
93 95
62 63
94 95
96 97
96 98
97 99
98 99