69 48 56 2 15 33 70 18 47 22 86 24 0 93 55 31 1 97 82 61 37 52 19 17 99 26 65 10 85 88 25 7 8 64 51 46 29 45 32 73 92 23 81 66 63 68 84 35 60 78 30 39 98 38 9 57 72 76 40 87 62 96 16 41 75 67 3 11 94 91 42 5 27 89 43 83 95 12 4 77 71 54 34 53 13 50 49 80 74 79 21 90 14 58 59 20 36 6 44 28
69 23
69 95
48 56
56 54
56 68
2 76
2 16
15 50
15 33
33 94
33 20
33 42
70 21
70 4
70 29
70 71
18 82
47 74
47 81
22 68
22 72
22 35
86 46
86 58
86 6
24 73
24 63
24 76
0 63
93 50
55 66
55 84
31 61
1 57
97 53
97 9
97 30
97 39
82 72
61 46
61 90
61 94
37 12
52 49
52 94
19 65
19 83
19 16
17 80
17 73
99 54
99 13
26 40
65 75
65 98
10 45
10 60
85 9
88 46
88 4
25 92
25 51
7 6
8 35
64 42
64 77
46 60
29 5
45 67
32 68
32 63
92 43
92 38
23 80
63 34
84 49
78 21
30 87
39 28
98 96
38 40
57 91
57 79
87 16
87 89
62 89
16 43
16 91
41 90
75 12
3 74
11 53
91 74
27 34
27 14
43 59
50 36
90 28
44 28