0 1 2 3 4 5 6 7 8 9 10 11 12 13 14 15 16 17 18 19 20 21 22 23 24 25 26 27 28 29 30 31 32 33 34 35 36 37 38 39 40 41 42 43 44 45 46 47 48 49 50 51 52 53 54 55 56 57 58 59 60 61 62 63 64 65 66 67 68 69 70 71 72 73 74 75 76 77 78 79 80 81 82 83 84 85 86 87 88 89 90 91 92 93 94 95 96 97 98 99
0 1
1 2
2 3
3 4
4 5
4 58
5 6
5 58
6 7
6 58
7 8
7 58
8 9
8 58
9 10
9 58
10 11
10 58
11 12
11 58
12 13
12 58
13 14
13 58
14 15
14 58
15 16
15 58
16 17
16 58
17 18
17 58
18 19
18 58
19 20
19 58
20 21
20 58
21 22
21 58
22 23
22 58
23 24
23 58
24 25
24 58
25 26
25 58
26 27
26 58
27 28
27 58
28 29
29 30
30 31
31 32
32 33
33 34
33 56
34 35
34 56
35 36
35 56
36 37
36 56
37 38
37 56
38 39
38 56
39 40
39 56
40 41
40 56
41 42
41 56
42 43
42 56
43 44
43 56
44 45
44 56
45 46
45 56
46 47
46 56
47 48
47 56
48 49
48 56
49 50
49 56
50 51
50 56
51 52
51 56
52 53
52 56
53 54
53 56
54 55
54 56
55 56
56 57
57 58
57 59
57 60
57 61
57 62
57 63
57 64
57 65
57 66
57 67
57 68
57 69
57 70
57 71
57 72
57 73
57 74
57 75
57 76
57 77
57 78
57 79
57 80
57 81
57 82
57 83
57 84
57 85
57 86
57 87
57 88
58 59
59 60
60 61
61 62
62 63
63 64
64 65
65 66
66 67
67 68
68 69
69 70
70 71
71 72
72 73
73 74
74 75
75 76
76 77
77 78
78 79
79 80
80 81
81 82
82 83
83 84
84 85
85 86
86 87
87 88
88 89
89 90
89 99
90 91
91 92
92 93
93 94
94 95
95 96
96 97
97 98
98 99