1 0 2 3 4 5 6 7 8 9 10 11 12 13 14 15 16 17 18 19 20 21 22 23 24 25 26 27 28 29 30 31 32 33 34 35 36 37 38 39 40 41 42 43 44 45 46 47 48 49 50 51 52 53 54 55 56 57 58 59 60 61 62 63 64 65 66 67 68 69 70 71 72 73 74 75 76 77 78 79 80 81 82 83 84 85 86 87 88 89 90 91 92 93 94 95 96 97 98 99
1 0
1 2
1 3
1 5
1 6
1 10
1 18
1 26
1 27
1 31
1 36
1 38
1 43
1 48
1 60
1 61
1 67
1 77
1 86
1 1
0 4
0 7
0 9
0 12
0 13
0 14
0 17
0 20
0 21
0 22
0 23
0 24
0 28
0 31
0 35
0 40
0 42
0 47
0 49
0 62
0 66
0 76
0 81
0 90
0 0
2 3
2 4
2 6
2 7
2 8
2 9
2 11
2 14
2 16
2 17
2 23
2 28
2 29
2 31
2 32
2 35
2 39
2 49
2 51
2 70
2 96
2 2
3 5
3 6
3 7
3 10
3 12
3 13
3 14
3 16
3 17
3 18
3 24
3 47
3 65
3 71
3 93
3 94
3 3
4 6
4 14
4 16
4 19
4 24
4 28
4 34
4 37
4 41
4 48
4 55
4 59
4 4
5 7
5 8
5 11
5 12
5 13
5 14
5 21
5 22
5 24
5 25
5 26
5 30
5 32
5 33
5 37
5 39
5 44
5 46
5 60
5 66
5 67
5 78
5 5
6 8
6 9
6 10
6 11
6 12
6 19
6 24
6 42
6 43
6 53
6 68
6 88
6 6
7 8
7 11
7 15
7 17
7 18
7 19
7 23
7 26
7 30
7 34
7 43
7 64
7 69
7 73
7 79
7 7
8 11
8 15
8 17
8 21
8 23
8 28
8 29
8 33
8 46
8 49
8 51
8 62
8 66
8 74
8 78
8 79
8 93
8 8
9 10
9 13
9 16
9 18
9 21
9 26
9 27
9 38
9 43
9 47
9 55
9 59
9 81
9 91
9 9
10 12
10 13
10 15
10 18
10 19
10 20
10 22
10 27
10 28
10 30
10 31
10 37
10 42
10 45
10 55
10 62
10 63
10 78
10 86
10 10
11 12
11 13
11 15
11 16
11 17
11 24
11 25
11 26
11 33
11 35
11 38
11 41
11 43
11 46
11 48
11 54
11 55
11 82
11 11
12 14
12 15
12 16
12 17
12 18
12 19
12 21
12 30
12 33
12 35
12 48
12 51
12 66
12 69
12 78
12 79
12 83
12 88
12 12
13 19
13 20
13 22
13 38
13 39
13 51
13 56
13 60
13 61
13 63
13 76
13 83
13 13
14 15
14 16
14 17
14 18
14 20
14 29
14 35
14 38
14 55
14 56
14 57
14 62
14 63
14 86
14 92
14 14
15 23
15 36
15 38
15 40
15 46
15 51
15 58
15 63
15 65
15 70
15 87
15 15
16 20
16 22
16 30
16 31
16 33
16 39
16 42
16 50
16 51
16 57
16 63
16 16
17 21
17 22
17 34
17 36
17 43
17 47
17 52
17 63
17 70
17 78
17 82
17 84
17 17
18 20
18 26
18 28
18 29
18 32
18 34
18 36
18 37
18 46
18 52
18 60
18 77
18 86
18 87
18 88
18 91
18 95
18 18
19 21
19 22
19 27
19 54
19 57
19 58
19 73
19 90
19 95
19 99
19 19
20 21
20 23
20 29
20 34
20 36
20 40
20 55
20 67
20 77
20 83
20 85
20 93
20 95
20 97
20 20
21 23
21 25
21 27
21 33
21 37
21 40
21 44
21 53
21 55
21 62
21 64
21 77
21 86
21 89
21 21
22 23
22 24
22 29
22 31
22 32
22 36
22 53
22 56
22 59
22 22
23 55
23 61
23 62
23 63
23 75
23 84
23 91
23 93
23 94
23 23
24 25
24 30
24 31
24 34
24 38
24 39
24 41
24 44
24 54
24 65
24 67
24 75
24 84
24 85
24 24
25 30
25 31
25 35
25 39
25 44
25 49
25 78
25 80
25 81
25 82
25 90
25 94
25 98
25 25
26 37
26 38
26 40
26 42
26 57
26 70
26 77
26 87
26 26
27 32
27 34
27 53
27 27
28 29
28 32
28 41
28 52
28 53
28 54
28 58
28 59
28 70
28 96
28 98
28 28
29 30
29 32
29 35
29 36
29 42
29 43
29 47
29 48
29 66
29 73
29 74
29 88
29 92
29 29
30 33
30 42
30 49
30 51
30 68
30 76
30 79
30 81
30 85
30 91
30 30
31 33
31 37
31 59
31 85
31 94
31 31
32 37
32 39
32 42
32 45
32 46
32 70
32 73
32 76
32 32
33 36
33 41
33 45
33 47
33 54
33 66
33 71
33 72
33 81
33 85
33 94
33 33
34 40
34 46
34 47
34 60
34 61
34 64
34 67
34 79
34 94
34 97
34 34
35 41
35 44
35 45
35 49
35 60
35 72
35 79
35 35
36 40
36 44
36 50
36 58
36 60
36 65
36 36
37 48
37 52
37 58
37 75
37 80
37 83
37 89
37 37
38 40
38 43
38 45
38 51
38 52
38 56
38 61
38 70
38 77
38 38
39 49
39 50
39 91
39 95
39 39
40 46
40 48
40 50
40 81
40 95
40 96
40 40
41 44
41 52
41 56
41 67
41 68
41 74
41 75
41 95
41 99
41 41
42 47
42 56
42 61
42 76
42 79
42 42
43 44
43 52
43 68
43 75
43 76
43 43
44 45
44 54
44 56
44 68
44 81
44 44
45 69
45 91
45 45
46 62
46 71
46 72
46 84
46 85
46 46
47 48
47 53
47 56
47 57
47 58
47 61
47 65
47 69
47 97
47 47
48 49
48 54
48 48
49 50
49 61
49 80
49 49
50 53
50 68
50 72
50 77
50 50
51 66
51 67
51 69
51 71
51 74
51 76
51 78
51 51
52 69
52 83
52 98
52 99
52 52
53 54
53 99
53 53
54 57
54 59
54 71
54 74
54 80
54 92
54 54
55 59
55 69
55 79
55 80
55 55
56 57
56 58
56 69
56 80
56 95
56 56
57 64
57 72
57 89
57 90
57 92
57 57
58 89
58 58
59 66
59 75
59 87
59 91
59 59
60 64
60 70
60 84
60 85
60 98
60 60
61 64
61 77
61 61
62 64
62 81
62 82
62 89
62 62
63 64
63 65
63 68
63 72
63 83
63 84
63 63
64 72
64 92
64 64
65 76
65 88
65 97
65 65
66 71
66 83
66 92
66 94
66 96
66 66
67 68
67 71
67 67
68 82
68 68
69 73
69 75
69 92
69 69
70 74
70 93
70 70
71 74
71 96
71 98
71 99
71 71
72 73
72 74
72 78
72 87
72 72
73 82
73 73
74 82
74 86
74 91
74 99
74 74
75 80
75 83
75 88
75 89
75 75
76 80
76 95
76 99
76 76
77 93
77 77
78 96
78 78
79 82
79 84
79 86
79 96
79 79
80 93
80 97
80 80
81 87
81 88
81 98
81 81
82 84
82 89
82 94
82 82
83 93
83 83
84 90
84 84
85 85
86 87
86 88
86 90
86 92
86 96
86 97
86 86
87 87
88 90
88 88
89 89
90 90
91 91
92 92
93 93
94 98
94 94
95 97
95 98
95 95
96 96
97 99
97 97
98 98
99 99