0 21 25 34 46 48 66 67 90 1 3 13 17 19 22 30 39 47 55 62 64 71 86 97 2 4 6 11 36 40 53 33 37 41 56 24 27 29 68 80 5 8 16 50 70 83 93 14 38 52 58 72 84 91 99 7 23 26 63 78 87 32 42 88 98 9 10 65 75 82 92 54 60 73 18 12 59 89 20 31 79 49 61 74 15 77 95 96 28 44 94 69 51 57 35 76 85 45 43 81
0 21
0 25
0 34
0 46
0 48
0 66
0 67
0 90
21 10
21 24
21 47
21 51
21 57
21 60
21 71
21 89
25 1
25 12
25 17
25 35
25 36
25 69
25 88
34 1
34 4
34 7
34 16
34 18
34 23
34 24
34 35
34 54
34 69
34 83
46 3
46 7
46 22
46 26
46 50
46 65
46 70
46 78
48 8
48 27
48 28
48 44
48 53
48 58
48 61
48 69
48 70
48 81
48 90
48 95
48 98
66 2
66 9
66 16
66 26
66 29
66 42
66 44
66 49
66 86
66 88
66 98
67 2
67 10
67 13
67 23
67 32
67 37
67 75
67 93
67 98
90 7
90 18
90 26
90 31
90 43
90 56
90 63
90 68
90 83
90 87
90 99
1 3
1 13
1 17
1 19
1 22
1 30
1 39
1 47
1 55
1 62
1 64
1 71
1 86
1 97
3 22
3 30
3 33
3 37
3 41
3 56
13 12
13 19
13 20
13 29
13 31
13 36
13 58
13 68
13 79
17 8
17 9
17 28
17 32
17 42
17 44
17 58
17 72
17 78
17 84
17 86
17 94
17 97
19 2
19 8
19 9
19 11
19 14
19 22
19 23
19 61
19 72
19 80
22 8
22 23
22 27
22 44
22 58
30 5
30 12
30 41
30 49
30 54
30 61
30 64
30 75
30 97
39 8
39 10
39 14
39 18
39 41
39 43
39 44
39 56
39 58
39 61
39 81
39 82
39 91
47 5
47 26
47 45
47 53
47 61
47 71
47 82
47 84
47 93
47 98
55 6
55 72
62 6
62 9
62 16
62 35
62 38
62 44
62 49
62 64
64 32
64 40
64 42
64 49
64 56
64 84
71 10
71 14
71 37
71 69
71 75
71 77
71 93
71 94
86 6
86 20
86 32
86 45
86 57
86 69
86 77
97 8
97 11
97 15
97 43
97 61
97 65
97 69
2 4
2 6
2 11
2 36
2 40
2 53
4 24
4 27
4 29
4 40
4 68
4 80
6 14
6 16
6 33
6 36
6 38
6 52
6 58
6 72
6 84
6 91
6 99
11 18
11 37
11 54
36 14
36 35
36 38
36 57
36 68
36 75
36 79
36 80
36 85
36 89
36 98
40 5
40 9
40 51
40 56
40 63
40 69
40 85
40 93
53 15
53 20
53 84
53 91
53 94
33 5
33 16
33 24
33 26
33 32
33 45
33 50
33 61
33 70
37 20
37 35
37 42
37 74
37 82
37 83
37 96
41 9
41 10
41 18
41 27
41 69
41 76
41 81
41 83
41 93
56 60
56 61
56 70
24 5
24 8
24 14
24 31
24 69
24 79
24 84
24 87
27 7
27 8
27 42
27 70
29 14
29 31
29 60
29 77
29 78
68 9
68 14
68 50
68 60
68 72
68 78
68 89
68 95
80 32
80 65
80 76
80 77
80 79
80 81
5 8
5 16
5 50
5 70
5 83
5 93
8 26
8 32
8 42
8 58
8 70
8 88
8 98
16 14
16 26
16 32
16 65
16 88
50 15
50 54
50 93
50 99
70 7
70 28
70 35
70 38
70 44
70 59
70 95
83 26
83 32
83 45
83 49
93 52
93 65
93 87
93 95
14 9
14 49
14 54
14 61
14 74
14 99
38 18
38 58
38 74
38 75
52 9
52 12
52 32
52 58
52 69
52 74
52 79
52 82
52 84
52 87
52 96
58 20
58 28
58 49
58 85
58 96
72 9
72 49
72 78
72 92
84 35
84 73
84 76
84 85
84 91
84 94
91 7
91 45
91 75
91 78
99 18
99 32
99 54
99 63
99 77
99 82
99 92
7 23
7 26
7 63
7 78
7 87
23 35
23 51
23 60
23 76
23 85
26 18
26 20
26 45
26 49
26 61
26 98
63 9
63 51
63 76
63 79
63 82
78 35
78 65
78 85
87 20
87 96
32 18
32 88
32 89
32 96
42 20
42 92
42 94
88 35
88 45
88 60
88 65
88 74
98 15
98 76
98 81
9 10
9 65
9 75
9 82
9 92
10 54
10 60
10 73
10 82
65 43
65 79
75 43
75 59
82 31
82 57
82 76
82 79
92 20
92 73
92 74
92 76
92 81
92 96
54 35
54 77
54 95
60 28
18 89
18 96
12 59
12 89
59 69
59 96
20 15
20 69
79 74
79 94
79 96
49 57
49 74
61 44
61 95
74 57
74 76
74 77
74 85
15 77
15 95
15 96
77 96
28 43
28 85
44 69
69 51
69 76
69 81
69 85
51 85
57 35