0 2 74 35 20 44 14 11 1 48 92 60 12 28 47 58 87 79 83 3 49 53 4 55 5 27 63 29 6 39 7 34 72 8 69 98 32 19 9 65 97 81 54 85 10 70 71 88 91 82 13 18 36 77 41 31 42 62 21 23 15 57 26 51 16 86 17 25 45 89 99 96 22 59 67 56 50 37 24 75 94 90 64 61 66 38 30 33 95 68 40 84 93 43 52 46 73 78 80 76
0 2
0 74
0 35
0 20
0 44
0 14
0 11
0 4
0 10
0 22
0 28
0 34
0 55
0 70
0 91
0 92
2 58
2 87
2 12
2 74
2 79
2 83
2 82
74 41
74 43
74 44
74 68
74 78
74 28
74 5
74 45
74 10
74 82
74 67
74 97
35 10
35 65
35 38
35 54
35 61
35 76
35 87
20 99
20 49
20 62
20 69
20 25
20 59
44 14
44 40
44 1
44 43
44 19
44 41
44 33
44 54
44 50
44 56
44 68
44 89
44 98
44 99
14 6
14 7
14 42
14 62
14 21
14 23
14 85
14 26
14 31
14 33
14 61
14 73
11 91
11 82
11 36
1 48
1 92
1 60
1 12
1 28
1 47
1 34
1 78
1 79
1 87
48 31
48 70
48 38
48 58
48 47
48 86
48 39
48 49
48 63
48 64
92 12
92 23
92 58
92 79
92 75
92 55
60 51
60 34
60 46
60 93
60 94
12 4
12 13
12 18
12 6
12 36
12 32
12 63
12 71
12 73
12 79
12 97
28 26
28 50
28 61
47 22
47 30
47 64
47 39
47 46
58 3
58 70
58 32
58 42
58 80
58 84
87 27
87 32
87 52
87 72
87 21
87 9
79 17
79 26
79 62
79 76
79 57
79 7
79 59
79 46
79 83
79 85
79 95
83 41
83 71
83 3
83 10
83 81
83 19
83 96
3 49
3 53
3 7
3 15
3 19
3 26
3 54
3 77
49 43
49 45
49 53
49 90
49 73
49 8
49 63
53 17
53 24
53 42
53 81
53 66
4 55
55 5
55 40
55 68
55 70
55 82
55 90
5 27
5 63
5 29
5 21
5 59
5 68
5 88
27 34
27 23
27 64
27 29
27 33
27 90
27 93
63 15
63 31
63 37
63 43
63 26
63 30
63 67
63 73
63 81
29 31
29 66
29 56
29 38
29 36
29 30
29 64
29 67
29 94
29 96
6 39
6 32
39 38
39 26
39 57
39 68
39 61
39 64
7 34
7 72
7 8
7 69
7 98
34 8
34 16
34 45
34 75
34 51
34 95
34 65
34 66
72 56
72 75
72 96
72 97
8 32
8 19
8 38
8 62
8 64
8 93
69 46
69 75
69 91
69 62
69 96
98 13
98 88
98 21
98 84
98 25
98 24
98 59
98 57
32 70
32 19
32 36
32 15
32 57
19 13
19 45
19 89
19 22
19 43
19 46
19 94
9 65
9 97
9 81
9 54
9 85
9 56
65 37
65 94
65 45
65 80
97 22
97 71
97 43
97 75
97 24
97 13
81 75
81 89
81 42
81 78
81 64
81 91
81 94
54 24
54 26
54 25
54 96
85 57
85 66
85 95
10 70
10 71
10 88
10 13
10 17
10 26
70 33
70 43
70 78
70 80
71 46
71 66
71 15
71 21
88 23
88 67
88 13
88 91
91 13
91 50
91 77
91 21
82 57
82 67
82 75
13 77
13 41
13 31
13 17
13 21
13 38
13 45
13 52
18 25
18 15
18 31
18 76
36 24
36 99
36 56
36 67
77 38
77 64
77 96
77 24
77 31
77 89
41 25
41 84
31 17
31 24
31 57
42 93
42 94
42 96
62 17
62 43
62 24
62 86
62 52
21 17
21 89
21 99
21 96
21 23
21 45
21 93
23 89
23 50
23 26
23 37
23 93
15 57
15 26
15 51
15 25
15 52
15 56
15 64
15 67
57 51
57 78
26 90
26 84
51 30
51 37
51 25
51 43
51 90
51 61
51 64
51 73
16 86
16 37
86 40
86 22
86 80
86 96
25 56
25 59
45 52
89 43
99 33
99 38
99 95
99 64
96 46
96 67
96 40
22 59
22 67
22 56
22 76
59 33
67 93
56 38
50 38
37 66
37 68
24 75
24 94
24 38
75 40
75 93
94 43
94 93
90 61
64 78
61 93
38 76
38 78
68 76
84 93
93 78
43 73
52 80