80 58 14 55 7 11 83 20 86 94 42 92 12 47 36 50 44 82 59 63 81 64 0 74 6 39 48 5 24 41 19 89 30 3 28 87 23 9 37 97 67 33 27 61 10 16 54 43 60 65 52 8 51 70 68 34 78 71 32 88 35 13 66 26 21 72 15 98 4 95 93 25 17 31 56 49 2 96 77 73 79 53 38 69 75 1 22 62 40 84 91 29 57 46 18 45 85 90 76
80 58
80 0
80 94
80 82
58 42
58 3
58 10
58 18
14 55
14 61
14 42
14 71
14 68
14 84
14 43
55 37
55 9
7 11
7 19
7 37
83 20
83 30
83 17
83 8
83 37
20 8
86 94
86 37
86 57
94 27
42 39
42 59
42 33
42 72
42 45
42 96
92 12
92 77
92 28
12 10
12 51
12 30
47 36
47 50
36 56
36 16
36 29
50 34
50 30
50 15
50 53
50 75
50 68
44 82
82 54
59 63
59 34
59 30
59 89
59 60
63 39
81 64
81 19
81 33
64 98
64 22
0 74
0 32
0 33
74 98
74 75
6 39
6 34
6 96
6 70
48 5
48 13
5 8
24 41
24 15
24 79
41 4
41 17
41 21
41 28
19 89
19 49
19 71
19 30
89 71
89 77
89 87
3 28
3 97
3 8
28 8
87 23
87 68
87 75
23 97
23 69
23 46
9 37
9 88
37 97
37 21
37 31
37 18
97 26
97 49
67 33
67 26
67 13
67 73
33 43
27 65
61 10
61 22
10 25
10 69
16 54
54 25
43 60
60 2
60 96
65 52
65 1
65 71
52 85
8 79
51 66
51 29
70 68
34 85
78 71
71 22
32 88
88 21
35 13
35 62
35 49
13 95
66 77
26 72
21 62
72 49
72 90
15 46
95 93
17 40
31 56
31 53
31 76
77 38
91 29