0 1 2 3 4 5 6 7 8 9 10 11 12 13 14 15 16 17 18 19 20 21 22 23 24 25 26 27 28 29 30 31 32 33 34 35 36 37 38 39 40 41 42 43 44 45 46 47 48 49 50 51 52 53 54 55 56 57 58 59 60 61 62 63 64 65 66 67 68 69 70 71 72 73 74 75 76 77 78 79 80 81 82 83 84 85 86 87 88 89 90 91 92 93 94 95 96 97 98
0 33
0 34
0 5
0 27
0 6
1 36
1 15
2 5
2 38
2 17
3 16
3 8
3 39
4 42
4 32
4 41
5 21
5 43
6 30
6 46
6 24
6 45
7 48
7 10
8 50
8 15
8 49
9 17
9 32
10 25
10 28
10 54
11 23
11 55
12 57
12 58
12 30
12 28
13 59
13 22
14 61
14 62
15 63
16 66
17 67
18 69
18 32
18 70
19 71
19 20
19 72
20 73
21 76
21 75
22 77
23 79
23 80
24 82
25 83
25 84
26 86
26 85
27 87
27 88
28 89
28 90
29 91
30 93
30 94
31 95
31 96
32 97
32 98
33 35
34 36
37 39
38 40
42 44
45 47
49 51
50 52
53 55
54 56
57 59
58 60
61 63
62 64
65 67
66 68
69 71
74 76
77 79
78 80
81 83
86 88
89 91
90 92
93 95