0 5 13 30 61 73 81 88 91 98 1 3 25 26 28 31 35 44 63 65 89 2 14 15 29 39 51 84 86 97 10 17 23 40 45 52 76 4 43 46 58 99 22 32 38 48 57 78 6 9 11 16 55 67 74 82 92 7 18 19 21 41 95 8 34 42 64 71 87 90 94 20 24 56 59 60 79 68 69 72 12 47 70 49 50 54 37 62 77 93 96 27 83 75 36 53 66 85 80 33
0 5
0 13
0 30
0 61
0 73
0 81
0 88
0 91
0 98
0 3
0 8
0 14
0 29
0 33
0 48
0 50
0 70
0 78
0 97
5 3
5 4
5 14
5 22
5 28
5 31
5 32
5 38
5 48
5 57
5 76
5 78
5 81
5 99
5 20
5 58
5 60
5 65
5 69
5 82
13 20
13 23
13 37
13 51
13 58
13 62
13 72
13 77
13 90
13 92
13 93
13 96
13 14
13 19
13 21
13 28
13 40
13 55
13 63
13 69
13 76
13 81
13 86
30 16
30 19
30 23
30 51
30 54
30 77
30 31
30 34
30 45
30 49
30 61
30 73
30 76
30 90
61 12
61 14
61 36
61 17
61 18
61 19
61 31
61 32
61 43
61 53
61 57
61 59
61 80
61 82
61 91
61 66
61 78
73 21
73 24
73 29
73 32
73 46
73 56
73 67
73 35
73 58
73 65
73 85
73 88
73 93
73 94
73 79
73 82
81 42
81 43
81 64
81 12
81 16
81 29
81 35
81 54
81 60
81 67
81 71
81 72
81 90
81 94
81 97
81 99
88 12
88 14
88 29
88 36
88 37
88 41
88 46
88 55
88 82
88 83
88 1
88 4
88 20
88 25
88 40
88 50
88 53
88 59
88 64
88 68
88 78
88 80
88 87
91 3
91 8
91 29
91 89
91 12
91 28
91 55
91 56
91 58
91 60
91 70
91 78
91 80
91 91
98 1
98 2
98 18
98 19
98 26
98 32
98 41
98 44
98 49
98 53
98 64
98 29
98 35
98 36
98 40
98 48
98 52
98 78
98 93
98 99
1 3
1 25
1 26
1 28
1 31
1 35
1 44
1 63
1 65
1 89
1 11
1 32
1 57
1 59
1 72
1 74
3 10
3 17
3 23
3 28
3 29
3 40
3 45
3 52
3 76
3 25
3 47
3 64
3 65
3 69
3 87
25 10
25 18
25 19
25 9
25 56
25 62
25 71
25 76
25 32
25 41
25 45
25 46
25 64
25 94
26 8
26 16
26 19
26 28
26 48
26 68
26 72
26 86
26 94
26 29
26 31
26 32
26 33
26 46
26 51
26 62
26 82
26 93
28 6
28 7
28 20
28 2
28 38
28 39
28 43
28 50
28 55
28 72
28 80
28 35
28 78
28 90
31 9
31 11
31 32
31 48
31 51
31 52
31 55
31 67
31 80
31 85
31 99
31 39
31 50
31 53
31 68
31 69
31 77
31 78
31 90
31 93
35 6
35 7
35 35
35 49
35 55
35 57
35 65
35 68
35 70
35 41
35 42
35 51
44 8
44 20
44 27
44 43
44 77
44 78
44 49
44 51
44 57
44 60
44 63
44 70
44 95
63 12
63 14
63 41
63 47
63 63
63 65
63 71
63 75
63 78
63 94
65 9
65 19
65 20
65 39
65 45
65 50
65 34
65 38
65 95
65 77
65 90
89 2
89 14
89 17
89 19
89 22
89 46
89 47
89 79
89 8
89 20
89 33
89 59
89 82
2 14
2 15
2 29
2 39
2 51
2 84
2 86
2 97
2 8
2 19
2 38
2 53
2 58
2 76
2 79
2 94
2 99
14 4
14 10
14 27
14 42
14 49
14 51
14 56
14 57
14 64
14 83
14 84
14 93
14 95
14 32
14 40
14 60
14 69
14 74
14 79
15 12
15 34
15 58
15 75
15 83
15 84
15 93
15 96
15 18
15 48
15 51
15 62
15 77
15 79
15 80
15 82
29 20
29 37
29 53
29 56
29 79
29 90
29 94
29 33
29 45
29 62
29 66
29 72
29 86
29 95
39 16
39 34
39 48
39 56
39 58
39 75
39 90
39 92
39 99
39 79
51 23
51 27
51 38
51 41
51 24
51 47
51 55
51 59
51 84
51 95
51 54
51 69
51 77
51 90
84 8
84 10
84 17
84 36
84 38
84 50
84 55
84 60
84 71
84 90
86 18
86 43
86 53
86 67
86 71
86 7
86 24
86 37
86 40
86 41
86 62
86 74
86 78
86 83
86 87
86 96
97 23
97 33
97 40
97 71
97 16
97 24
97 27
97 59
97 66
10 9
10 41
10 48
10 57
10 60
10 68
10 69
10 72
10 94
10 54
10 64
10 76
10 96
17 37
17 42
17 47
17 48
17 56
17 57
17 64
17 71
17 72
17 74
17 75
17 83
17 92
17 96
17 33
17 43
17 54
17 67
17 69
17 80
17 82
23 60
23 85
23 95
23 64
23 90
23 94
40 36
40 27
40 41
40 49
40 64
40 68
40 80
40 93
40 50
40 72
40 94
40 95
45 6
45 22
45 7
45 20
45 34
45 41
45 47
45 48
45 53
45 77
45 49
45 55
45 67
45 93
52 9
52 11
52 12
52 7
52 53
52 56
52 66
52 67
52 77
52 85
52 92
52 62
52 68
52 90
52 95
76 6
76 34
76 36
76 49
76 53
76 60
76 70
76 72
76 7
76 11
76 43
76 99
4 43
4 46
4 58
4 99
4 11
4 48
4 50
4 53
4 55
4 72
43 34
43 16
43 24
43 32
43 41
43 56
43 82
43 83
43 96
43 62
43 74
43 77
43 78
43 87
43 93
46 16
46 32
46 7
46 38
46 58
46 99
46 66
46 94
58 8
58 50
58 55
58 9
58 11
58 12
58 80
58 83
58 85
58 87
58 94
58 66
58 99
99 6
99 16
99 21
99 41
99 56
99 59
99 75
99 82
99 96
99 8
99 11
99 38
99 50
99 66
99 80
22 20
22 6
22 9
22 49
22 68
22 83
22 24
22 92
22 94
22 96
32 7
32 19
32 59
32 64
32 78
32 87
32 70
32 90
38 19
38 27
38 33
38 34
38 37
38 8
38 36
38 60
38 62
38 67
38 69
38 85
38 90
38 54
38 68
38 74
38 82
38 95
48 7
48 24
48 36
48 9
48 16
48 27
48 42
48 47
48 69
48 90
48 64
48 78
57 8
57 41
57 56
57 24
57 47
57 67
57 74
57 82
57 90
57 59
57 79
57 83
78 56
78 60
78 62
78 12
78 24
78 36
78 67
78 82
78 90
6 9
6 11
6 16
6 55
6 67
6 74
6 82
6 92
6 24
6 59
6 80
6 83
6 93
9 20
9 21
9 24
9 56
9 59
9 60
9 79
9 72
9 83
11 12
11 20
11 47
11 70
11 64
11 69
11 72
11 77
11 94
16 18
16 27
16 36
16 53
16 55
16 68
16 94
16 19
16 33
16 70
16 71
55 36
55 47
55 21
55 33
55 54
55 66
55 68
55 85
55 56
55 96
67 62
67 12
67 21
67 64
67 85
67 90
74 18
74 50
74 41
74 59
74 72
74 75
74 96
82 7
82 59
82 12
82 64
82 66
82 71
82 93
82 94
92 77
92 7
92 21
92 53
92 59
92 70
92 75
92 79
92 87
92 90
92 95
7 18
7 19
7 21
7 41
7 95
18 50
18 66
18 70
18 83
19 19
19 62
19 72
19 85
19 96
19 83
19 93
21 50
21 75
21 53
21 56
21 94
41 12
41 20
41 33
41 59
41 96
41 66
41 72
95 47
95 60
95 62
95 77
95 34
95 49
95 50
95 64
8 34
8 42
8 64
8 71
8 87
8 90
8 94
8 20
8 62
34 47
34 54
34 59
34 69
34 72
34 90
34 53
34 94
42 37
42 62
42 69
42 94
42 83
42 87
64 20
64 49
64 70
64 68
71 12
71 37
71 62
71 87
71 75
71 80
71 85
71 93
87 27
87 37
87 50
87 59
87 60
87 75
87 85
87 20
87 47
87 96
87 90
90 20
90 53
90 70
90 37
90 68
90 80
90 94
94 33
94 50
94 53
94 59
94 68
94 70
94 83
20 12
20 60
20 33
20 69
20 70
20 75
24 50
24 60
24 75
24 37
24 49
24 70
24 85
56 36
56 54
56 56
56 68
56 70
56 93
56 62
56 83
59 36
59 47
59 59
59 62
59 93
59 70
59 72
59 77
59 79
59 83
60 50
60 27
79 96
68 27
68 62
68 36
68 37
68 50
68 68
68 77
69 80
69 93
69 72
72 49
72 53
72 70
72 80
12 49
12 50
12 54
12 70
12 96
47 27
47 53
47 70
47 85
47 96
47 62
49 50
49 80
49 93
49 62
50 37
50 66
54 33
54 37
54 62
54 66
54 93
37 33
37 66
37 62
37 77
62 36
62 75
62 85
77 36
77 85
93 33
93 53
93 96
96 33
96 66
96 75
36 85
53 33
85 33
80 33