33 65 93 14 88 75 82 84 99 15 87 11 73 35 37 44 92 91 5 26 70 29 20 85 28 4 90 43 0 45 27 94 23 41 6 52 21 78 51 68 39 61 47 69 80 49 34 81 76 10 95 62 7 72 96 9 1 18 53 57 2 71 83 50 46 12 8 64 32 19 59 24 3 60 25 22 31 16 42 56 13 30 98 54 63 58 48 17 67 38 77 79 36 66 40 86 74 55 97 89
33 65
33 87
33 78
33 50
33 4
33 5
33 37
33 13
33 32
33 47
33 82
33 23
33 38
33 94
33 89
33 68
33 79
33 69
65 90
65 23
65 44
65 25
65 76
65 74
65 92
65 42
65 86
65 53
65 37
65 27
65 22
65 60
65 43
65 54
65 75
65 93
65 79
93 14
93 43
93 27
93 42
93 6
93 13
93 68
93 26
93 50
93 32
93 38
93 48
93 45
93 44
93 91
93 73
14 0
14 68
14 12
14 35
14 21
14 41
14 54
14 62
14 40
14 42
14 17
14 24
14 49
14 34
14 27
14 80
14 85
14 69
14 72
88 75
88 82
88 10
88 19
88 36
88 97
88 95
88 52
88 31
88 44
88 77
88 50
88 91
88 68
88 8
88 21
88 73
88 35
88 17
88 43
88 49
88 28
88 48
75 11
75 85
75 57
75 18
75 50
75 47
75 34
75 31
75 95
75 42
75 32
75 51
75 3
75 38
75 79
75 91
82 84
82 62
82 57
82 94
82 30
82 50
82 3
82 60
82 55
82 48
82 74
82 71
82 86
82 16
82 17
82 28
82 20
82 61
84 37
84 43
84 95
84 17
84 55
84 94
84 73
84 70
84 57
84 87
84 66
84 78
99 15
99 2
99 47
99 56
99 43
99 37
99 87
99 44
99 59
99 6
99 11
99 24
99 85
99 78
15 76
15 24
15 98
15 56
15 49
15 25
15 32
15 36
15 31
15 20
15 43
87 37
87 25
87 30
87 18
87 59
87 61
87 11
87 24
87 23
87 17
87 2
87 53
87 76
87 67
87 8
87 5
87 95
87 83
11 26
11 94
11 64
11 29
11 38
11 80
11 13
11 44
11 3
11 85
11 67
11 24
73 35
73 29
73 46
73 95
73 59
73 96
73 27
73 70
73 26
73 3
73 60
73 66
73 17
73 18
35 20
35 57
35 43
35 5
35 94
35 31
35 26
35 32
35 24
35 39
35 89
35 16
35 36
35 59
35 42
35 96
37 21
37 9
37 59
37 50
37 95
37 76
37 54
37 27
37 94
37 38
37 52
37 3
37 43
37 2
44 92
44 43
44 8
44 10
44 69
44 50
44 94
44 76
44 34
44 2
44 60
44 83
44 13
44 77
44 59
92 70
92 49
92 3
92 98
92 8
92 41
92 46
92 29
92 40
92 7
92 21
92 77
92 94
92 60
92 25
91 5
91 59
91 41
91 13
91 7
91 30
91 89
91 4
91 36
91 51
5 27
5 66
5 51
5 50
5 74
5 72
5 95
5 8
5 59
5 89
5 56
5 2
5 24
5 68
5 25
26 62
26 69
26 7
26 9
26 48
26 16
26 49
26 63
26 4
26 76
26 94
26 78
26 0
26 10
26 43
26 17
26 74
70 71
70 18
70 1
70 2
70 8
70 51
70 42
70 45
70 30
29 9
29 24
29 16
29 56
29 21
29 51
29 50
29 98
29 42
29 4
20 50
20 19
20 51
20 12
20 47
20 86
20 27
20 63
20 32
85 45
85 31
85 62
85 7
85 81
85 74
85 38
85 71
85 58
85 8
85 89
85 34
85 51
85 52
85 55
85 6
85 13
85 41
28 4
28 10
28 59
28 67
28 81
28 31
28 98
28 16
28 76
28 64
28 13
28 3
28 58
28 55
28 89
28 36
28 41
28 19
28 39
4 21
4 83
4 97
4 56
4 12
4 2
4 6
4 45
90 68
90 9
90 39
90 8
90 13
90 97
90 46
90 36
90 78
43 21
43 61
43 80
43 25
43 24
43 89
43 42
43 67
43 2
0 96
0 68
0 53
0 63
0 81
0 38
0 67
0 49
0 17
0 22
0 31
45 27
45 39
45 64
45 83
45 21
45 94
45 12
45 57
45 97
45 13
45 72
45 50
45 81
45 9
45 6
45 86
27 96
27 51
27 46
27 97
27 40
27 50
27 31
27 42
27 2
27 49
94 69
94 67
94 34
94 18
94 72
94 39
94 7
94 96
94 46
94 86
94 76
94 24
94 3
23 31
23 9
23 83
23 74
23 25
23 1
23 55
23 13
23 50
23 89
23 77
23 3
23 24
41 6
41 51
41 34
41 98
41 24
41 86
41 97
41 21
41 42
41 13
41 77
41 46
6 12
6 79
6 34
6 3
6 38
6 53
6 89
6 63
6 9
6 21
6 98
52 21
52 50
52 80
52 19
52 10
52 74
52 47
52 66
52 36
52 86
52 34
52 77
52 55
21 47
21 80
21 51
21 9
21 76
21 64
21 2
21 31
21 56
78 2
78 76
78 31
78 98
78 57
78 1
78 68
78 8
78 10
78 80
78 66
51 10
51 50
51 32
51 64
51 58
51 96
51 97
51 80
51 69
51 13
51 18
51 81
51 86
51 67
51 12
68 39
68 95
68 48
68 25
68 80
68 30
68 3
68 24
68 42
68 10
68 74
39 96
39 1
39 24
39 34
39 80
39 76
39 62
39 18
39 71
39 89
39 74
39 97
39 13
39 57
61 64
61 76
61 72
61 96
61 47
61 69
61 79
61 17
47 64
47 53
47 62
47 40
47 10
47 34
47 58
47 3
47 76
69 9
69 54
69 12
69 86
69 18
80 50
80 96
80 53
80 16
80 49
80 18
80 13
80 56
80 36
80 89
80 79
80 25
49 34
49 95
49 53
49 9
49 55
49 62
49 18
49 83
49 57
34 1
34 54
34 24
34 59
34 57
34 60
34 77
34 81
34 36
81 76
81 98
81 53
81 71
81 54
81 83
81 9
81 22
81 36
81 48
81 7
81 86
81 8
81 40
81 17
76 9
76 72
76 86
76 74
76 42
76 98
10 31
10 54
10 7
10 22
10 36
10 97
10 48
10 57
95 42
95 31
95 62
95 13
95 59
95 71
95 36
62 19
62 98
62 22
62 40
62 8
62 58
7 72
7 98
7 3
7 74
7 36
7 83
7 64
7 1
7 9
72 38
72 12
72 83
72 13
72 67
72 57
72 25
72 9
72 97
96 8
96 60
96 25
96 63
96 18
96 1
96 98
96 55
96 16
96 12
9 8
9 24
9 50
9 36
9 25
9 74
9 3
1 16
1 63
1 48
1 74
1 57
1 77
1 83
1 8
18 53
18 32
18 40
18 67
18 79
18 74
53 60
53 64
53 74
57 83
57 24
57 38
57 89
57 16
57 67
57 66
2 56
2 77
2 79
2 63
2 74
2 30
71 56
71 36
71 83
71 55
71 64
71 54
71 89
83 30
83 67
83 66
83 86
83 38
50 66
50 12
50 31
50 19
46 40
46 38
46 56
46 17
46 63
46 32
12 19
12 38
12 25
12 79
12 16
12 59
12 74
12 3
12 8
8 63
8 32
8 77
8 25
8 13
64 22
64 66
64 56
32 19
32 58
32 77
32 55
19 42
19 24
19 13
19 79
19 16
19 77
59 98
59 66
59 63
59 54
59 58
59 22
24 3
24 30
24 74
24 66
24 56
3 54
3 55
3 97
3 58
3 67
60 55
60 89
25 16
25 17
25 55
25 56
25 40
22 58
22 17
22 89
22 79
22 98
31 98
31 67
16 30
16 56
42 98
42 54
42 38
42 74
56 77
56 48
56 40
13 97
30 55
30 89
30 58
30 38
30 77
30 17
30 63
30 48
30 97
98 38
98 36
98 74
54 79
54 58
63 38
63 58
58 48
58 74
48 38
17 36
17 74
67 79
38 66
77 97
77 36
79 66
36 86
36 74
66 86
66 89
40 74