0 1 2 3 4 5 9 8 6 7 10 11 12 13 14 15 16 17 18 19 20 26 21 22 23 24 25 27 28 29 30 31 32 33 34 35 36 37 38 39 40 41 42 43 44 45 46 47 48 49 50 51 53 52 54 55
0 1
0 10
0 11
1 2
2 3
3 4
3 9
4 5
4 12
5 19
9 8
9 10
8 6
8 7
8 35
6 7
6 26
7 27
10 11
12 13
12 15
13 14
14 15
15 16
16 17
17 18
18 19
18 22
18 23
19 20
26 21
26 25
21 22
23 24
24 25
27 28
28 29
29 30
30 31
30 36
31 32
31 55
32 33
33 34
34 35
36 37
36 53
37 38
37 52
38 39
39 40
40 41
41 42
42 43
43 44
43 52
44 45
44 46
44 49
45 46
46 47
47 48
48 49
48 50
49 50
49 51
50 51
51 53
53 52
53 54
54 55