98 2 3 4 5 6 38 7 11 70 9 10 68 26 12 13 41 14 96 15 43 16 57 44 19 83 22 23 24 53 25 74 27 28 40 29 31 82 32 35 36 37 59 39 64 45 97 49 50 81 56 94 67 60 75 80 71 87 88 84 95
98 97
2 3
3 4
4 5
5 6
5 38
6 7
6 11
38 37
7 70
11 10
11 12
70 71
9 10
9 68
10 26
68 67
26 25
26 27
12 13
12 41
13 14
13 96
41 40
14 15
14 43
96 95
96 97
15 16
15 57
43 44
57 56
19 83
83 82
83 84
22 23
23 24
23 53
24 25
25 74
74 75
27 28
28 29
28 31
40 39
29 82
31 32
82 81
35 36
36 37
37 59
59 60
39 64
45 97
49 50
50 56
81 80
94 95
71 87
87 88