0 3 6 8 9 13 14 16 21 25 26 36 46 52 53 54 55 57 65 66 67 71 72 76 80 81 88 89 1 2 4 10 15 19 22 23 28 31 35 38 44 49 50 51 63 64 68 70 75 77 82 96 98 7 32 33 40 41 48 60 62 73 90 5 12 17 39 47 58 78 85 93 97 27 45 79 83 87 94 11 20 37 42 59 61 69 95 30 43 24 84 86 91 92 99 74 34 29 56 18
0 3
0 6
0 8
0 9
0 13
0 14
0 16
0 21
0 25
0 26
0 36
0 46
0 52
0 53
0 54
0 55
0 57
0 65
0 66
0 67
0 71
0 72
0 76
0 80
0 81
0 88
0 89
0 1
0 15
0 18
0 39
0 41
0 45
0 47
0 63
0 69
0 73
0 75
0 79
0 82
0 83
0 91
0 94
0 98
3 5
3 9
3 12
3 13
3 14
3 15
3 17
3 23
3 36
3 39
3 47
3 52
3 53
3 58
3 65
3 68
3 76
3 78
3 85
3 88
3 89
3 93
3 97
3 22
3 26
3 31
3 40
3 49
3 63
3 66
3 77
3 86
3 87
6 5
6 8
6 13
6 15
6 16
6 20
6 27
6 28
6 30
6 35
6 43
6 50
6 57
6 63
6 64
6 67
6 68
6 72
6 82
6 83
6 9
6 11
6 24
6 29
6 34
6 40
6 44
6 47
6 48
6 52
6 66
6 77
6 79
6 81
6 98
8 4
8 5
8 7
8 14
8 22
8 23
8 33
8 38
8 39
8 44
8 53
8 54
8 62
8 66
8 72
8 74
8 79
8 83
8 84
8 96
8 10
8 13
8 16
8 19
8 20
8 25
8 27
8 56
8 58
8 59
8 60
8 63
8 64
8 68
8 75
8 76
8 78
8 80
8 81
8 85
8 93
8 98
9 10
9 11
9 13
9 22
9 30
9 32
9 33
9 34
9 45
9 49
9 57
9 59
9 64
9 65
9 68
9 74
9 75
9 79
9 81
9 82
9 84
9 86
9 88
9 92
9 93
9 95
9 96
9 12
9 14
9 16
9 18
9 21
9 25
9 28
9 37
9 38
9 39
9 40
9 41
9 43
9 48
9 54
9 55
9 56
9 69
9 83
9 85
9 87
9 94
9 98
13 1
13 2
13 5
13 7
13 14
13 18
13 22
13 25
13 27
13 28
13 37
13 40
13 49
13 50
13 55
13 57
13 61
13 63
13 65
13 68
13 77
13 78
13 79
13 84
13 85
13 86
13 87
13 89
13 91
13 94
13 98
13 16
13 19
13 23
13 24
13 31
13 35
13 39
13 45
13 66
13 74
13 80
13 82
14 4
14 11
14 17
14 18
14 19
14 21
14 23
14 32
14 35
14 36
14 50
14 51
14 53
14 58
14 62
14 63
14 65
14 66
14 71
14 75
14 76
14 77
14 80
14 84
14 86
14 94
14 28
14 29
14 31
14 41
14 44
14 47
14 56
14 59
14 68
14 72
14 73
14 85
14 87
16 1
16 10
16 12
16 4
16 15
16 23
16 25
16 33
16 37
16 42
16 45
16 54
16 57
16 60
16 61
16 63
16 64
16 77
16 80
16 84
16 85
16 91
16 94
16 98
16 17
16 20
16 30
16 32
16 35
16 47
16 48
16 52
16 53
16 55
16 62
16 67
16 86
16 96
21 4
21 10
21 15
21 17
21 18
21 20
21 1
21 5
21 12
21 32
21 35
21 39
21 44
21 46
21 52
21 55
21 57
21 58
21 59
21 65
21 66
21 67
21 79
21 88
21 89
21 22
21 23
21 45
21 47
21 49
21 56
21 63
21 70
21 71
21 75
21 78
21 91
21 94
21 95
25 1
25 11
25 18
25 23
25 2
25 10
25 17
25 22
25 37
25 38
25 41
25 46
25 47
25 48
25 51
25 53
25 55
25 58
25 61
25 63
25 84
25 85
25 86
25 92
25 99
25 31
25 32
25 43
25 62
25 67
25 70
25 71
25 73
25 83
25 94
26 1
26 17
26 22
26 24
26 30
26 31
26 33
26 38
26 43
26 54
26 56
26 61
26 62
26 63
26 66
26 69
26 70
26 72
26 76
26 81
26 87
26 88
26 91
26 95
26 99
26 28
26 29
26 40
26 47
26 49
26 50
26 53
26 59
26 68
26 77
26 82
26 84
26 85
26 96
36 2
36 4
36 10
36 15
36 19
36 20
36 27
36 29
36 5
36 7
36 18
36 22
36 33
36 40
36 41
36 43
36 45
36 49
36 50
36 55
36 56
36 57
36 69
36 70
36 81
36 84
36 86
36 88
36 93
36 94
36 38
36 60
36 61
36 66
36 71
36 76
36 79
36 85
36 87
36 92
36 98
36 99
46 1
46 7
46 11
46 22
46 37
46 41
46 10
46 17
46 20
46 27
46 31
46 34
46 39
46 47
46 49
46 50
46 51
46 55
46 57
46 66
46 68
46 79
46 80
46 81
46 82
46 84
46 86
46 89
46 91
46 95
46 98
46 48
46 63
46 67
46 69
46 70
46 72
46 75
46 76
46 77
46 90
46 94
46 97
52 7
52 10
52 12
52 20
52 22
52 28
52 30
52 35
52 40
52 41
52 42
52 48
52 49
52 51
52 19
52 24
52 38
52 39
52 47
52 50
52 53
52 64
52 72
52 74
52 76
52 81
52 84
52 89
52 61
52 68
52 70
52 77
52 91
53 18
53 20
53 27
53 30
53 31
53 32
53 41
53 48
53 5
53 10
53 12
53 19
53 23
53 24
53 28
53 34
53 35
53 37
53 40
53 47
53 56
53 62
53 64
53 65
53 66
53 67
53 71
53 80
53 82
53 84
53 94
53 58
53 59
53 60
53 69
53 70
53 85
53 86
53 89
53 90
53 92
53 98
54 7
54 23
54 35
54 41
54 44
54 1
54 12
54 24
54 28
54 37
54 38
54 49
54 57
54 60
54 64
54 66
54 69
54 71
54 73
54 75
54 79
54 80
54 82
54 88
54 99
54 62
54 63
54 76
54 81
54 83
54 90
54 91
54 93
54 95
54 97
55 10
55 15
55 22
55 24
55 29
55 30
55 32
55 42
55 43
55 44
55 47
55 5
55 17
55 28
55 60
55 62
55 64
55 75
55 83
55 90
55 95
55 96
55 65
55 77
55 80
55 85
55 86
55 92
55 97
57 2
57 11
57 12
57 18
57 19
57 27
57 32
57 33
57 37
57 39
57 4
57 20
57 35
57 40
57 42
57 43
57 47
57 59
57 63
57 64
57 65
57 66
57 67
57 71
57 76
57 78
57 79
57 87
57 89
57 91
57 94
57 95
57 58
57 68
57 70
57 72
57 73
57 74
57 80
57 82
57 83
57 86
57 93
57 96
57 97
57 99
65 10
65 18
65 29
65 34
65 37
65 42
65 47
65 48
65 20
65 22
65 30
65 43
65 56
65 58
65 63
65 67
65 71
65 77
65 81
65 84
65 85
65 92
65 95
65 97
65 98
65 99
65 66
65 72
65 73
65 79
65 82
65 83
65 86
65 87
65 88
65 91
65 93
65 96
66 4
66 5
66 7
66 11
66 19
66 28
66 31
66 32
66 33
66 35
66 43
66 60
66 1
66 23
66 34
66 59
66 67
66 74
66 81
66 82
66 86
66 91
66 92
66 94
66 95
66 97
66 68
66 70
66 72
66 79
66 85
66 93
67 2
67 5
67 10
67 17
67 20
67 27
67 30
67 31
67 38
67 47
67 49
67 56
67 59
67 4
67 7
67 18
67 24
67 29
67 39
67 63
67 75
67 84
67 88
67 92
67 94
67 95
67 96
67 99
67 76
67 83
67 89
67 90
71 1
71 5
71 7
71 17
71 18
71 31
71 34
71 37
71 42
71 51
71 56
71 59
71 60
71 64
71 19
71 28
71 39
71 47
71 61
71 72
71 81
71 82
71 85
71 86
71 87
71 90
71 91
71 92
71 97
71 79
71 84
71 88
71 89
72 12
72 18
72 20
72 30
72 31
72 34
72 40
72 47
72 48
72 58
72 60
72 61
72 19
72 23
72 37
72 41
72 42
72 44
72 45
72 64
72 68
72 74
72 76
72 79
72 88
72 90
72 93
72 73
72 82
72 83
72 89
72 95
72 98
76 2
76 7
76 11
76 17
76 20
76 24
76 32
76 33
76 42
76 43
76 44
76 56
76 60
76 61
76 1
76 10
76 29
76 30
76 35
76 37
76 49
76 59
76 64
76 73
76 74
76 78
76 79
76 82
76 87
76 89
76 92
76 93
76 80
76 81
76 85
76 88
76 91
76 95
80 2
80 7
80 18
80 24
80 28
80 30
80 32
80 34
80 37
80 40
80 47
80 59
80 63
80 68
80 70
80 75
80 77
80 78
80 4
80 11
80 17
80 19
80 33
80 49
80 64
80 69
80 82
80 94
80 86
80 87
80 90
80 92
80 99
81 15
81 17
81 20
81 34
81 40
81 43
81 44
81 49
81 61
81 73
81 77
81 7
81 10
81 22
81 29
81 31
81 33
81 37
81 41
81 60
81 63
81 69
81 79
81 88
81 89
81 91
81 94
81 87
81 92
81 93
88 2
88 10
88 11
88 20
88 23
88 29
88 31
88 40
88 42
88 45
88 48
88 56
88 59
88 73
88 78
88 83
88 84
88 12
88 15
88 22
88 24
88 30
88 32
88 38
88 43
88 44
88 47
88 60
88 63
88 64
88 75
88 82
88 90
88 91
88 97
88 99
88 89
89 1
89 5
89 7
89 10
89 12
89 23
89 28
89 31
89 34
89 40
89 44
89 70
89 74
89 75
89 83
89 4
89 17
89 24
89 29
89 33
89 37
89 41
89 43
89 48
89 77
89 85
89 92
89 94
89 98
89 99
89 90
89 93
1 2
1 4
1 10
1 15
1 19
1 22
1 23
1 28
1 31
1 35
1 38
1 44
1 49
1 50
1 51
1 63
1 64
1 68
1 70
1 75
1 77
1 82
1 96
1 98
1 24
1 62
1 93
1 95
2 4
2 7
2 19
2 32
2 33
2 38
2 40
2 41
2 48
2 60
2 62
2 68
2 70
2 73
2 75
2 90
2 98
2 23
2 29
2 35
2 42
2 44
2 47
2 49
2 56
2 64
2 84
2 93
2 97
4 7
4 27
4 45
4 48
4 51
4 60
4 62
4 75
4 78
4 79
4 83
4 85
4 87
4 94
4 96
4 11
4 15
4 18
4 19
4 30
4 33
4 35
4 39
4 59
4 93
4 95
10 12
10 24
10 31
10 34
10 35
10 37
10 40
10 60
10 69
10 70
10 82
10 83
10 84
10 85
10 91
10 95
10 96
10 11
10 22
10 39
10 41
10 45
10 48
10 61
10 63
10 75
10 79
10 92
10 97
15 7
15 11
15 17
15 33
15 35
15 49
15 58
15 60
15 64
15 73
15 75
15 79
15 82
15 87
15 95
15 20
15 32
15 38
15 40
15 44
15 45
15 48
15 50
15 59
15 61
15 63
15 68
15 69
15 70
15 90
15 96
19 5
19 22
19 28
19 38
19 47
19 51
19 58
19 59
19 60
19 61
19 62
19 64
19 79
19 82
19 85
19 86
19 90
19 91
19 98
19 23
19 30
19 33
19 34
19 35
19 44
19 48
19 49
19 56
19 84
19 94
22 12
22 18
22 17
22 27
22 28
22 31
22 44
22 45
22 48
22 56
22 58
22 59
22 75
22 77
22 86
22 94
22 98
22 23
22 30
22 37
22 50
22 51
22 60
22 70
22 78
22 79
22 83
22 84
22 93
22 96
23 24
23 28
23 31
23 32
23 35
23 41
23 59
23 60
23 64
23 68
23 79
23 91
23 93
23 99
23 33
23 43
23 48
23 49
23 51
23 56
23 58
23 74
23 77
23 87
23 97
28 7
28 17
28 18
28 20
28 32
28 35
28 42
28 47
28 51
28 62
28 63
28 69
28 73
28 74
28 78
28 83
28 91
28 94
28 98
28 31
28 44
28 59
28 68
28 70
28 79
28 93
31 17
31 30
31 5
31 27
31 29
31 33
31 34
31 35
31 38
31 40
31 42
31 44
31 47
31 56
31 60
31 61
31 68
31 73
31 78
31 86
31 95
31 32
31 43
31 49
31 58
31 63
31 64
31 77
31 84
31 87
31 98
35 7
35 33
35 17
35 18
35 27
35 30
35 41
35 43
35 45
35 47
35 48
35 49
35 56
35 58
35 63
35 64
35 68
35 70
35 86
35 96
35 99
35 38
35 44
35 69
35 74
35 75
35 93
35 97
38 5
38 11
38 18
38 30
38 7
38 32
38 41
38 45
38 47
38 50
38 59
38 68
38 73
38 77
38 78
38 92
38 93
38 95
38 96
38 99
38 40
38 60
38 62
38 63
38 74
38 79
38 86
38 87
38 97
38 98
44 11
44 17
44 20
44 29
44 30
44 34
44 37
44 41
44 7
44 24
44 32
44 33
44 40
44 43
44 45
44 50
44 56
44 68
44 70
44 79
44 85
44 86
44 93
44 98
44 99
44 51
44 69
44 73
44 74
44 83
44 94
44 95
49 11
49 18
49 29
49 37
49 47
49 12
49 24
49 33
49 43
49 45
49 58
49 59
49 63
49 70
49 85
49 93
49 95
49 50
49 51
49 61
49 75
49 78
49 82
49 86
49 90
49 98
50 7
50 17
50 20
50 32
50 34
50 47
50 48
50 18
50 27
50 29
50 33
50 43
50 68
50 73
50 77
50 78
50 86
50 97
50 59
50 63
50 83
50 85
50 90
50 92
50 96
50 99
51 7
51 11
51 37
51 39
51 43
51 48
51 60
51 84
51 85
51 86
51 90
51 92
51 93
51 95
51 56
51 58
51 61
51 70
51 75
51 78
51 87
51 97
51 98
51 99
63 17
63 18
63 24
63 40
63 41
63 58
63 27
63 33
63 34
63 39
63 43
63 47
63 68
63 69
63 84
63 87
63 90
63 93
63 94
63 96
63 78
63 95
64 18
64 24
64 30
64 33
64 34
64 61
64 20
64 27
64 39
64 41
64 43
64 47
64 48
64 83
64 96
64 97
64 98
64 68
64 69
64 70
64 73
64 74
64 85
64 86
64 87
64 90
64 91
64 93
64 94
68 7
68 11
68 45
68 47
68 62
68 12
68 20
68 32
68 33
68 34
68 42
68 70
68 78
68 83
68 85
68 92
68 93
68 94
68 97
68 95
68 99
70 5
70 17
70 20
70 29
70 30
70 32
70 41
70 45
70 47
70 24
70 27
70 33
70 39
70 40
70 42
70 56
70 61
70 69
70 77
70 83
70 85
70 98
70 86
70 87
70 91
70 92
70 97
75 11
75 17
75 18
75 32
75 37
75 41
75 48
75 59
75 69
75 45
75 47
75 61
75 91
75 94
75 95
75 98
75 85
75 93
75 96
77 17
77 24
77 27
77 30
77 43
77 60
77 69
77 20
77 33
77 40
77 62
77 94
77 98
77 99
77 79
77 82
77 83
77 87
82 11
82 32
82 37
82 41
82 45
82 47
82 56
82 58
82 61
82 73
82 20
82 33
82 42
82 48
82 62
82 69
82 78
82 99
82 84
82 85
82 87
82 92
82 96
96 12
96 17
96 18
96 39
96 41
96 58
96 61
96 78
96 85
96 91
96 92
96 20
96 27
96 29
96 56
96 60
96 74
96 79
96 84
96 86
96 93
96 97
98 12
98 17
98 18
98 37
98 39
98 40
98 43
98 47
98 60
98 73
98 74
98 84
98 90
98 91
98 5
98 7
98 20
98 29
98 34
98 45
98 58
98 59
98 61
98 62
98 69
98 87
98 94
98 99
7 5
7 11
7 24
7 30
7 32
7 37
7 40
7 45
7 48
7 58
7 69
7 79
7 84
7 85
7 86
7 91
7 92
7 95
7 99
7 17
7 20
7 33
7 34
7 39
7 41
7 73
7 78
7 83
32 5
32 29
32 33
32 37
32 39
32 40
32 41
32 60
32 93
32 94
32 45
32 56
32 84
32 85
32 86
33 20
33 29
33 30
33 18
33 47
33 56
33 69
33 78
33 79
33 83
33 84
33 87
33 92
33 37
33 39
33 59
33 74
33 86
33 94
33 95
33 99
40 12
40 24
40 30
40 37
40 39
40 34
40 43
40 62
40 74
40 84
40 42
40 45
40 47
40 48
40 58
40 60
40 69
40 90
40 91
40 93
41 12
41 17
41 20
41 43
41 47
41 69
41 78
41 79
41 94
41 45
41 56
41 59
41 61
41 73
41 85
41 87
41 90
41 91
48 11
48 20
48 24
48 29
48 39
48 45
48 5
48 37
48 42
48 43
48 85
48 92
48 95
48 56
48 79
48 84
48 99
60 5
60 18
60 29
60 37
60 42
60 47
60 17
60 20
60 24
60 27
60 34
60 58
60 59
60 84
60 97
60 78
60 99
62 11
62 12
62 24
62 27
62 34
62 37
62 47
62 59
62 74
62 86
62 90
62 92
62 93
62 99
62 85
62 87
62 91
62 94
73 12
73 20
73 29
73 30
73 42
73 56
73 45
73 74
73 84
73 92
73 85
73 93
73 97
90 30
90 12
90 17
90 34
90 42
90 45
90 47
90 74
90 78
90 79
90 85
90 94
90 93
5 11
5 12
5 20
5 37
5 42
5 58
5 59
5 61
5 69
5 79
5 83
5 87
5 94
5 95
5 97
5 29
5 39
5 47
5 56
5 78
12 37
12 39
12 42
12 47
12 79
12 99
12 20
12 27
12 29
12 30
12 45
12 56
12 69
12 74
12 95
17 20
17 39
17 45
17 47
17 58
17 92
17 30
17 56
17 91
39 30
39 34
39 69
39 74
39 84
39 91
39 95
39 97
39 47
39 56
39 58
39 83
39 99
47 11
47 18
47 24
47 27
47 30
47 37
47 45
47 58
47 86
47 93
47 59
47 69
47 87
47 97
58 11
58 20
58 29
58 30
58 43
58 56
58 85
58 86
58 59
58 74
58 79
58 84
58 99
78 11
78 43
78 45
78 59
78 69
78 87
78 91
78 99
78 92
85 24
85 29
85 34
85 42
85 79
85 18
85 20
85 37
85 69
85 74
85 87
85 92
85 99
93 18
93 27
93 29
93 37
93 43
93 59
93 69
93 24
93 42
93 45
93 86
93 87
93 91
93 97
93 99
97 18
97 34
97 42
97 61
97 74
97 92
97 94
97 56
97 79
97 99
27 11
27 20
27 30
27 37
27 42
27 69
27 92
27 94
27 34
27 74
27 79
27 84
27 86
27 91
45 11
45 18
45 24
45 30
45 34
45 43
45 59
45 61
45 79
45 83
45 99
45 84
45 92
79 20
79 24
79 30
79 34
79 42
79 43
79 29
79 59
79 69
79 83
79 84
79 87
79 99
83 18
83 34
83 43
83 61
83 20
83 42
83 74
83 86
83 92
83 95
83 99
83 94
87 11
87 61
87 56
87 91
87 92
94 20
94 24
94 34
94 61
94 69
94 84
94 29
94 92
94 99
11 24
11 29
11 56
11 84
11 18
11 20
11 34
11 61
11 74
11 86
20 18
20 24
20 34
20 56
20 84
20 86
20 91
20 92
20 95
20 43
20 59
20 61
20 69
20 99
37 24
37 29
37 34
37 43
37 84
37 91
37 92
37 95
37 61
42 29
42 30
42 43
42 69
42 86
42 59
42 92
59 29
59 30
59 34
59 74
59 95
59 69
59 84
59 86
59 91
61 92
61 99
69 29
69 30
69 34
69 91
95 18
95 24
95 43
95 56
95 74
95 86
95 99
30 18
30 29
30 24
30 43
30 84
30 92
43 29
43 91
43 99
24 34
24 84
24 86
24 99
84 74
84 18
84 92
84 99
86 34
86 92
91 18
91 74
91 92
92 18
92 99
99 74
99 29
74 18
74 29
34 56
56 18