0 9 18 25 26 27 1 8 20 28 29 30 2 24 31 32 33 3 4 11 34 35 36 12 16 23 37 38 39 5 15 40 41 42 6 14 43 44 45 7 46 47 48 17 49 50 51 52 53 54 10 21 55 56 57 58 59 60 13 61 62 63 64 65 66 67 68 69 70 71 72 73 74 75 76 77 78 19 79 80 81 82 83 84 85 86 87 22 88 89 90 91 92 93 94 95 96 97 98 99
0 9
0 18
0 25
0 26
0 27
9 6
9 52
9 53
9 54
18 19
18 21
18 79
18 80
18 81
25 37
25 59
26 27
26 56
27 79
1 8
1 20
1 28
1 29
1 30
8 17
8 49
8 50
8 51
20 14
20 85
20 86
20 87
28 76
29 39
30 92
2 24
2 31
2 32
2 33
24 5
24 11
24 97
24 98
24 99
31 87
31 71
31 36
32 45
33 55
3 4
3 11
3 34
3 35
3 36
4 12
4 16
4 23
4 37
4 38
4 39
11 10
11 58
11 59
11 60
34 55
34 36
35 86
35 95
36 53
12 13
12 61
12 62
12 63
16 73
16 74
16 75
23 7
23 94
23 95
23 96
38 91
38 96
38 71
39 45
39 41
5 15
5 40
5 41
5 42
15 70
15 71
15 72
40 59
41 59
41 66
41 86
42 68
42 88
6 14
6 43
6 44
6 45
14 67
14 68
14 69
43 88
44 98
45 54
7 46
7 47
7 48
46 57
46 75
46 99
47 74
47 91
48 76
48 93
48 57
17 76
17 77
17 78
49 97
49 54
50 71
51 78
52 73
53 62
53 64
53 70
10 21
10 55
10 56
10 57
21 22
21 88
21 89
21 90
56 83
58 63
60 65
13 64
13 65
13 66
61 85
61 83
61 71
63 94
65 99
66 98
67 69
69 98
70 94
72 81
72 94
73 94
73 75
74 78
75 90
77 78
19 82
19 83
19 84
79 89
80 95
80 89
82 86
84 88
86 88
22 91
22 92
22 93
88 92