0 1 15 25 26 27 28 29 30 2 13 4 31 32 33 3 34 35 36 23 24 37 38 39 5 21 40 41 42 6 8 9 19 43 44 45 7 46 47 48 49 50 51 52 53 54 10 20 55 56 57 11 16 58 59 60 12 61 62 63 64 65 66 14 67 68 69 22 70 71 72 73 74 75 17 76 77 78 18 79 80 81 82 83 84 85 86 87 88 89 90 91 92 93 94 95 96 97 98 99
0 1
0 15
0 25
0 26
0 27
1 28
1 29
1 30
15 14
15 22
15 70
15 71
15 72
25 62
26 55
27 74
28 32
29 68
29 85
30 69
30 81
2 13
2 4
2 31
2 32
2 33
13 3
13 64
13 65
13 66
4 23
4 24
4 37
4 38
4 39
31 87
31 49
32 81
32 89
33 84
3 34
3 35
3 36
34 52
34 89
35 60
35 57
36 59
36 71
23 7
23 94
23 95
23 96
24 21
24 97
24 98
24 99
37 54
38 40
38 64
39 71
39 44
39 72
5 21
5 40
5 41
5 42
21 14
21 20
21 88
21 89
21 90
40 66
41 77
42 46
6 8
6 9
6 19
6 43
6 44
6 45
8 49
8 50
8 51
9 52
9 53
9 54
19 16
19 17
19 82
19 83
19 84
43 91
44 50
45 92
45 95
45 62
45 58
7 46
7 47
7 48
46 70
46 72
46 78
47 96
47 78
48 51
48 52
49 80
50 97
52 94
53 86
53 58
54 56
54 81
10 20
10 55
10 56
10 57
20 18
20 85
20 86
20 87
55 63
55 58
56 91
57 85
11 16
11 58
11 59
11 60
16 12
16 22
16 73
16 74
16 75
58 99
59 65
60 75
12 61
12 62
12 63
61 67
61 78
62 80
64 89
66 77
14 67
14 68
14 69
67 82
69 73
22 91
22 92
22 93
70 76
72 89
74 88
74 77
17 76
17 77
17 78
77 98
78 80
18 79
18 80
18 81
79 85
83 87
84 90
85 97
90 92
93 94