0 5 24 25 26 27 1 16 28 29 30 2 9 31 32 33 3 34 35 36 4 11 37 38 39 40 41 42 6 14 43 44 45 7 21 46 47 48 8 13 49 50 51 52 53 54 10 22 19 55 56 57 12 58 59 60 17 61 62 63 20 18 64 65 66 67 68 69 15 23 70 71 72 73 74 75 76 77 78 79 80 81 82 83 84 85 86 87 88 89 90 91 92 93 94 95 96 97 98 99
0 5
0 24
0 25
0 26
0 27
5 2
5 3
5 40
5 41
5 42
24 1
24 97
24 98
24 99
25 66
25 48
26 96
26 77
27 73
1 16
1 28
1 29
1 30
16 8
16 73
16 74
16 75
28 81
29 79
30 61
30 36
2 9
2 31
2 32
2 33
9 52
9 53
9 54
31 97
32 48
33 42
33 50
33 35
3 34
3 35
3 36
34 95
34 62
35 53
35 85
35 94
35 97
35 83
36 75
4 11
4 37
4 38
4 39
11 12
11 58
11 59
11 60
37 82
38 42
39 75
39 83
39 99
40 47
40 93
41 90
41 80
6 14
6 43
6 44
6 45
14 8
14 67
14 68
14 69
43 81
43 52
44 70
44 68
45 71
7 21
7 46
7 47
7 48
21 22
21 88
21 89
21 90
46 91
46 71
48 76
8 13
8 49
8 50
8 51
13 20
13 18
13 64
13 65
13 66
49 56
50 63
51 82
52 83
53 57
54 84
10 22
10 19
10 55
10 56
10 57
22 91
22 92
22 93
19 23
19 82
19 83
19 84
55 74
56 74
56 75
12 17
12 61
12 62
12 63
58 87
58 65
58 91
59 74
60 74
17 15
17 18
17 76
17 77
17 78
61 67
62 93
63 64
63 77
20 85
20 86
20 87
18 79
18 80
18 81
65 80
65 84
68 72
68 73
69 82
69 71
69 77
15 23
15 70
15 71
15 72
23 94
23 95
23 96
73 98
73 83
75 88
76 80
78 89
78 87
79 86
79 87
84 92
88 93