0 1 2 3 4 5 6 7 8 9 10 11 12 13 14 15 16 17 18 19 20 21 22 23 24 25 26 27 28 29 30 31 32 33 34 35 36 37 38 39 40 41 42 43 44 45 60 61 62 63 64 65 66 67 68 69 70 71 72 73 74 75 80 79 78 77 76 81 82 92 93 94 95 96 97 90 83 84 85 91 86 87 88 89 59 58 57 56 46 47 48 49 50 51 52 53 54 55
0 1
0 45
0 91
0 59
1 2
2 3
3 4
4 5
5 6
6 7
7 8
8 9
9 10
10 11
11 12
12 13
12 68
13 14
14 15
15 16
16 17
17 18
18 19
19 20
20 21
21 22
22 23
23 24
24 25
25 26
25 75
26 27
27 28
28 29
29 30
30 31
31 32
32 33
33 34
34 35
35 36
35 60
36 37
37 38
37 85
38 39
38 84
39 40
39 83
40 41
40 90
41 42
42 43
43 44
44 45
60 61
61 62
61 80
62 63
63 64
64 65
64 69
65 66
66 67
67 68
69 70
70 71
70 81
71 72
72 73
72 76
73 74
74 75
80 79
79 78
78 77
77 76
81 82
82 92
92 93
92 94
93 94
93 95
94 95
95 96
95 97
90 91
83 91
83 86
84 87
84 88
85 89
86 59
87 58
88 57
89 56
59 46
59 47
59 48
59 49
59 50
59 51
59 52
59 53
59 54
59 55
59 56
59 57
59 58
58 46
58 47
58 48
58 49
58 50
58 51
58 52
58 53
58 54
58 55
58 56
58 57
57 46
57 47
57 48
57 49
57 50
57 51
57 52
57 53
57 54
57 55
57 56
56 46
56 47
56 48
56 49
56 50
56 51
56 52
56 53
56 54
56 55
46 47
46 48
46 49
46 50
46 51
46 52
46 53
46 54
46 55
47 48
47 49
47 50
47 51
47 52
47 53
47 54
47 55
48 49
48 50
48 51
48 52
48 53
48 54
48 55
49 50
49 51
49 52
49 53
49 54
49 55
50 51
50 52
50 53
50 54
50 55
51 52
51 53
51 54
51 55
52 53
52 54
52 55
53 54
53 55
54 55