0 1 6 66 91 16 18 45 53 2 43 98 28 62 99 54 7 57 33 47 25 50 52 93 29 10 94 48 34 8 89 3 9 37 65 77 60 14 69 19 11 79 81 24 30 84 95 70 87 75 80 56 61 31 5 82 36 20 40 26 85 42 38 23 46 72 96 17 74 67 15 44 13 4 41 90 88 35 32 83 49 76 86 78 73 55 71 27 68 64 63 12 39 22 58 51 59 21 97 92
0 1
0 6
0 66
0 91
0 16
0 18
0 45
0 53
0 2
0 43
0 98
0 28
0 62
0 99
0 54
0 7
0 57
0 33
0 47
0 25
0 50
0 52
0 93
0 29
0 10
0 94
0 48
0 34
0 8
0 89
0 3
0 9
0 37
0 11
0 15
0 17
0 21
0 22
0 23
0 26
0 27
0 39
0 40
0 42
0 51
0 55
0 56
0 59
0 64
0 67
0 69
0 71
0 72
0 81
0 82
0 83
0 84
0 87
0 88
0 90
1 2
1 65
1 54
1 77
1 60
1 14
1 45
1 69
1 6
1 19
1 11
1 37
1 43
1 79
1 81
1 24
1 30
1 84
1 95
1 70
1 87
1 75
1 34
1 80
1 56
1 61
1 7
1 31
1 5
1 8
1 10
1 13
1 15
1 17
1 26
1 28
1 33
1 35
1 41
1 42
1 46
1 52
1 67
1 71
1 74
1 78
1 83
1 85
1 88
1 93
1 94
6 5
6 7
6 16
6 11
6 47
6 27
6 33
6 15
6 68
6 9
6 10
6 12
6 13
6 20
6 21
6 22
6 23
6 24
6 28
6 29
6 35
6 36
6 37
6 40
6 44
6 48
6 49
6 52
6 55
6 56
6 58
6 69
6 70
6 71
6 74
6 76
6 77
6 81
6 88
6 93
6 96
66 8
66 9
66 10
66 11
66 13
66 20
66 23
66 24
66 25
66 28
66 29
66 30
66 33
66 36
66 37
66 39
66 40
66 42
66 44
66 49
66 50
66 51
66 52
66 54
66 61
66 64
66 65
66 67
66 74
66 90
66 84
66 94
66 58
66 81
66 78
66 87
66 91
66 86
66 75
66 3
66 32
66 14
66 47
66 77
66 53
66 46
66 62
66 56
66 93
66 63
66 17
66 12
66 97
66 82
66 5
66 80
66 34
66 31
66 92
66 59
66 45
66 43
66 55
66 7
66 85
66 88
66 4
66 76
66 83
66 89
66 95
91 5
91 8
91 10
91 11
91 15
91 20
91 21
91 22
91 23
91 26
91 29
91 30
91 33
91 35
91 36
91 39
91 40
91 41
91 42
91 44
91 49
91 52
91 55
91 59
91 60
91 61
91 62
91 64
91 71
91 76
91 78
91 79
91 82
91 83
91 89
91 90
91 92
91 9
91 77
91 3
91 72
91 98
91 31
91 28
91 94
91 48
91 27
91 19
91 93
91 95
91 96
16 2
16 10
16 11
16 12
16 13
16 14
16 15
16 17
16 86
16 40
16 81
16 44
16 68
16 42
16 95
16 24
16 87
16 38
16 75
16 50
16 3
16 58
16 32
16 25
16 37
16 27
16 67
16 47
16 60
16 21
16 88
16 26
16 63
16 82
16 19
16 45
16 35
16 69
16 93
16 85
16 77
16 18
16 20
16 22
16 23
16 28
16 29
16 30
16 33
16 36
16 41
16 49
16 55
16 59
16 61
16 64
16 70
16 71
16 72
16 74
16 78
16 84
16 89
16 90
16 98
18 2
18 10
18 14
18 17
18 19
18 56
18 39
18 27
18 84
18 79
18 13
18 58
18 83
18 47
18 15
18 81
18 22
18 48
18 96
18 34
18 8
18 99
18 78
18 7
18 57
18 93
18 86
18 24
18 98
18 95
18 5
18 68
18 36
18 33
18 46
18 26
18 51
18 89
18 20
18 23
18 25
18 28
18 29
18 30
18 31
18 32
18 38
18 40
18 49
18 52
18 60
18 63
18 64
18 69
18 71
18 74
18 75
18 77
18 82
18 85
18 88
18 92
45 9
45 10
45 11
45 17
45 25
45 26
45 28
45 29
45 30
45 32
45 33
45 35
45 36
45 37
45 41
45 44
45 46
45 50
45 13
45 93
45 47
45 49
45 52
45 55
45 62
45 64
45 67
45 71
45 72
45 77
45 78
45 83
45 88
45 89
45 97
53 11
53 13
53 15
53 17
53 19
53 22
53 23
53 25
53 29
53 33
53 35
53 36
53 40
53 42
53 44
53 47
53 49
53 52
53 54
53 30
53 60
53 43
53 62
53 55
53 56
53 59
53 61
53 68
53 69
53 71
53 75
53 79
53 82
53 83
53 84
53 88
53 93
53 94
53 95
53 98
2 3
2 5
2 82
2 36
2 89
2 20
2 40
2 47
2 10
2 61
2 57
2 26
2 85
2 42
2 30
2 38
2 23
2 46
2 11
2 48
2 72
2 99
2 93
2 54
2 96
2 17
2 74
2 31
2 62
2 67
2 15
2 44
2 7
2 79
2 19
2 13
2 65
2 24
2 14
2 34
2 41
2 56
2 60
2 63
2 70
2 71
2 73
2 75
2 78
2 80
2 83
2 87
2 94
2 95
43 4
43 5
43 7
43 19
43 20
43 21
43 22
43 26
43 29
43 33
43 35
43 36
43 39
43 41
43 42
43 44
43 15
43 64
43 32
43 23
43 50
43 95
43 94
43 51
43 71
43 78
43 74
43 79
43 85
43 75
43 14
43 47
43 63
43 67
43 68
43 76
43 81
43 82
43 84
43 87
43 88
43 90
43 92
43 93
98 9
98 10
98 13
98 19
98 20
98 21
98 23
98 24
98 25
98 28
98 32
98 35
98 36
98 40
98 47
98 48
98 49
98 55
98 59
98 63
98 74
98 75
98 76
98 77
98 82
98 85
98 87
98 88
98 92
98 93
98 95
98 97
98 99
98 50
98 42
98 4
98 31
98 52
98 81
98 61
98 39
98 90
98 71
98 22
28 3
28 5
28 9
28 11
28 15
28 17
28 20
28 21
28 22
28 25
28 27
28 29
28 72
28 87
28 54
28 93
28 90
28 60
28 31
28 99
28 80
28 79
28 40
28 8
28 64
28 86
28 10
28 37
28 14
28 96
28 76
28 58
28 92
28 71
28 78
28 7
28 23
28 12
28 77
28 47
28 85
28 65
28 63
28 82
28 32
28 59
28 84
28 83
28 13
28 55
28 94
28 30
28 35
28 36
28 39
28 41
28 42
28 48
28 61
28 67
28 70
28 88
28 89
62 5
62 9
62 10
62 13
62 15
62 19
62 20
62 22
62 23
62 26
62 27
62 30
62 31
62 34
62 36
62 39
62 40
62 41
62 47
62 48
62 52
62 55
62 60
62 61
62 63
62 92
62 79
62 46
62 8
62 49
62 94
62 65
62 44
62 64
62 67
62 70
62 72
62 74
62 75
62 76
62 77
62 78
62 82
62 83
62 87
62 89
62 93
62 95
62 97
99 8
99 9
99 13
99 15
99 22
99 33
99 35
99 37
99 38
99 39
99 40
99 42
99 44
99 47
99 52
99 55
99 58
99 70
99 71
99 75
99 76
99 84
99 85
99 87
99 88
99 90
99 94
99 95
99 96
54 5
54 13
54 14
54 15
54 20
54 21
54 22
54 25
54 26
54 29
54 32
54 36
54 37
54 39
54 40
54 42
54 48
54 49
54 52
54 55
54 78
54 61
54 56
54 58
54 59
54 63
54 64
54 68
54 71
54 72
54 74
54 75
54 83
54 84
54 89
54 90
54 92
54 95
54 97
7 3
7 8
7 49
7 19
7 71
7 37
7 80
7 15
7 26
7 32
7 87
7 82
7 33
7 48
7 11
7 64
7 77
7 83
7 13
7 17
7 20
7 21
7 27
7 29
7 30
7 39
7 41
7 42
7 44
7 55
7 56
7 58
7 69
7 70
7 72
7 74
7 75
7 79
7 81
7 84
7 88
7 89
7 90
7 95
57 9
57 10
57 11
57 12
57 13
57 14
57 21
57 30
57 35
57 36
57 37
57 40
57 42
57 44
57 47
57 49
57 52
57 55
57 56
57 58
57 67
57 71
57 72
57 74
57 86
57 94
33 8
33 11
33 13
33 14
33 19
33 20
33 21
33 24
33 26
33 27
33 30
33 32
33 34
33 51
33 4
33 37
33 40
33 78
33 44
33 39
33 84
33 85
33 38
33 80
33 25
33 29
33 58
33 60
33 55
33 93
33 92
33 12
33 49
33 9
33 23
33 70
33 76
33 46
33 81
33 83
33 22
33 52
33 42
33 35
33 36
33 82
33 31
33 17
33 64
33 47
33 61
33 68
33 69
33 79
33 88
33 90
47 4
47 9
47 10
47 12
47 13
47 19
47 20
47 21
47 24
47 25
47 36
47 40
47 42
47 44
47 46
47 48
47 67
47 80
47 75
47 85
47 3
47 55
47 22
47 17
47 35
47 49
47 88
47 14
47 78
47 86
47 61
47 84
47 94
47 71
47 83
47 89
47 51
47 87
47 77
47 72
47 63
47 41
47 50
47 52
47 59
47 60
47 74
47 79
25 5
25 8
25 9
25 10
25 11
25 13
25 14
25 15
25 21
25 24
25 26
25 72
25 44
25 83
25 46
25 81
25 97
25 61
25 4
25 31
25 86
25 78
25 74
25 29
25 76
25 84
25 70
25 92
25 22
25 32
25 42
25 94
25 19
25 82
25 89
25 38
25 90
25 88
25 73
25 87
25 17
25 71
25 27
25 65
25 30
25 35
25 36
25 37
25 41
25 48
25 49
25 52
25 56
25 75
25 85
25 93
50 3
50 11
50 12
50 14
50 19
50 20
50 23
50 24
50 26
50 27
50 29
50 30
50 32
50 34
50 37
50 41
50 42
50 49
50 51
50 39
50 94
50 95
50 5
50 58
50 36
50 40
50 63
50 35
50 76
50 96
50 44
50 52
50 60
50 61
50 64
50 70
50 75
50 78
50 79
50 82
50 83
50 85
50 88
52 4
52 8
52 9
52 10
52 12
52 14
52 20
52 21
52 22
52 27
52 29
52 32
52 36
52 37
52 40
52 41
52 42
52 49
52 51
52 17
52 95
52 60
52 93
52 26
52 70
52 75
52 44
52 48
52 86
52 90
52 24
52 31
52 63
52 72
52 80
52 11
52 5
52 3
52 94
52 56
52 85
52 13
52 81
52 87
52 15
52 46
52 83
52 59
52 61
52 64
52 76
52 79
52 82
52 88
93 9
93 11
93 13
93 14
93 15
93 21
93 23
93 24
93 26
93 29
93 32
93 42
93 46
93 49
93 55
93 56
93 64
93 67
93 71
93 77
93 79
93 81
93 82
93 83
93 85
93 89
93 90
93 92
93 94
93 80
93 60
93 97
93 96
93 20
93 8
93 3
93 41
93 36
93 61
93 75
93 17
93 35
93 73
93 63
93 22
93 76
93 40
93 65
93 5
93 72
93 19
93 27
93 74
93 34
29 9
29 10
29 13
29 20
29 21
29 26
29 27
29 30
29 76
29 84
29 23
29 74
29 90
29 78
29 72
29 81
29 12
29 31
29 79
29 42
29 56
29 73
29 34
29 46
29 89
29 40
29 82
29 88
29 32
29 59
29 77
29 83
29 61
29 5
29 44
29 80
29 38
29 24
29 49
29 3
29 87
29 48
29 95
29 58
29 35
29 86
29 67
29 36
29 37
29 51
29 64
29 68
29 69
10 9
10 11
10 80
10 84
10 86
10 59
10 21
10 85
10 95
10 19
10 97
10 79
10 60
10 14
10 12
10 51
10 44
10 81
10 40
10 48
10 68
10 46
10 24
10 42
10 74
10 3
10 96
10 37
10 92
10 27
10 38
10 36
10 65
10 69
10 64
10 75
10 30
10 22
10 17
10 34
10 94
10 31
10 88
10 56
10 15
10 20
10 23
10 39
10 41
10 55
10 61
10 71
10 77
10 78
10 82
10 83
10 87
10 90
94 5
94 15
94 20
94 22
94 23
94 26
94 30
94 34
94 37
94 39
94 42
94 48
94 49
94 56
94 58
94 59
94 60
94 63
94 78
94 79
94 82
94 83
94 84
94 90
94 95
94 71
94 67
94 75
94 89
94 92
94 12
94 51
94 40
94 87
94 97
94 38
94 65
94 88
94 81
94 24
94 31
94 3
48 20
48 21
48 23
48 26
48 27
48 37
48 38
48 39
48 40
48 41
48 42
48 49
48 85
48 81
48 15
48 11
48 51
48 92
48 95
48 8
48 34
48 44
48 22
48 12
48 73
48 35
48 82
48 24
48 63
48 56
48 9
48 67
48 60
48 55
48 68
48 97
48 61
48 19
48 64
48 70
48 71
48 74
48 76
48 77
48 79
48 87
48 96
34 5
34 8
34 11
34 21
34 30
34 31
34 35
34 64
34 65
34 70
34 75
34 95
34 77
34 89
34 76
34 87
34 37
34 42
34 44
34 49
34 56
34 59
34 61
34 68
34 69
34 72
34 78
8 9
8 19
8 70
8 11
8 32
8 49
8 80
8 77
8 96
8 37
8 56
8 74
8 24
8 63
8 69
8 3
8 46
8 20
8 81
8 55
8 67
8 12
8 39
8 14
8 84
8 89
8 83
8 27
8 75
8 13
8 21
8 22
8 23
8 26
8 35
8 36
8 40
8 42
8 64
8 68
8 71
8 78
8 79
8 82
8 87
8 88
8 90
89 9
89 19
89 22
89 27
89 30
89 31
89 36
89 37
89 42
89 61
89 64
89 68
89 70
89 72
89 74
89 76
89 77
89 78
89 79
89 81
89 84
89 87
89 88
89 90
89 39
89 85
89 11
89 55
89 4
89 80
89 38
89 21
89 24
89 59
89 49
89 60
89 17
89 56
89 44
89 63
89 92
89 13
89 71
89 41
89 67
3 4
3 41
3 90
3 88
3 12
3 15
3 20
3 21
3 22
3 24
3 26
3 27
3 30
3 31
3 35
3 37
3 40
3 44
3 49
3 55
3 56
3 61
3 68
3 70
3 71
3 72
3 74
3 76
3 78
3 79
3 83
3 87
3 92
3 97
9 4
9 5
9 40
9 15
9 36
9 22
9 88
9 63
9 67
9 82
9 20
9 26
9 72
9 56
9 80
9 65
9 74
9 96
9 13
9 14
9 12
9 24
9 58
9 51
9 49
9 78
9 41
9 76
9 90
9 30
9 11
9 19
9 21
9 23
9 27
9 38
9 42
9 46
9 64
9 68
9 71
9 79
9 84
9 85
9 87
9 92
9 95
37 11
37 13
37 14
37 17
37 21
37 27
37 35
37 36
37 38
37 26
37 65
37 83
37 19
37 85
37 73
37 41
37 30
37 80
37 95
37 76
37 77
37 23
37 92
37 15
37 46
37 70
37 68
37 40
37 31
37 61
37 42
37 24
37 79
37 32
37 12
37 64
37 39
37 88
37 74
37 22
37 58
37 44
37 51
37 55
37 63
37 69
37 71
37 75
37 78
37 82
65 5
65 11
65 15
65 20
65 22
65 23
65 30
65 35
65 36
65 40
65 42
65 56
65 64
65 72
65 75
65 78
65 79
65 87
65 90
65 95
77 5
77 12
77 13
77 19
77 20
77 27
77 36
77 41
77 44
77 49
77 55
77 56
77 59
77 61
77 67
77 68
77 69
77 74
77 76
77 78
77 21
77 95
77 30
77 79
77 80
77 84
77 92
77 58
77 23
77 38
77 88
77 82
77 90
77 97
60 14
60 15
60 17
60 19
60 20
60 21
60 22
60 26
60 27
60 30
60 35
60 41
60 42
60 44
60 55
60 58
60 59
60 61
60 92
60 84
60 64
60 56
60 36
60 88
60 90
60 12
60 49
60 72
60 11
60 63
60 86
60 81
60 97
60 68
60 70
60 71
60 74
60 75
60 76
60 79
60 95
60 96
14 11
14 13
14 15
14 36
14 81
14 61
14 56
14 78
14 74
14 49
14 69
14 12
14 17
14 23
14 96
14 67
14 97
14 80
14 46
14 22
14 32
14 30
14 51
14 24
14 95
14 75
14 40
14 76
14 79
14 19
14 20
14 21
14 27
14 44
14 55
14 63
14 71
14 83
14 85
14 88
69 11
69 13
69 15
69 19
69 21
69 22
69 23
69 24
69 26
69 49
69 55
69 58
69 61
69 64
69 68
69 70
69 97
69 39
69 80
69 56
69 67
69 76
69 5
69 42
69 4
69 30
69 12
69 92
69 31
69 71
69 74
69 75
69 78
69 79
69 82
69 85
69 86
69 88
19 5
19 20
19 76
19 82
19 68
19 97
19 35
19 22
19 38
19 74
19 83
19 78
19 26
19 32
19 27
19 36
19 39
19 59
19 58
19 56
19 23
19 24
19 30
19 40
19 42
19 49
19 51
19 71
19 72
19 75
19 81
19 85
19 95
11 12
11 74
11 88
11 90
11 70
11 61
11 17
11 4
11 84
11 49
11 35
11 55
11 56
11 68
11 64
11 42
11 31
11 78
11 85
11 21
11 59
11 15
11 79
11 22
11 76
11 83
11 13
11 20
11 26
11 27
11 30
11 32
11 36
11 39
11 67
11 72
11 75
11 92
79 5
79 24
79 27
79 30
79 35
79 39
79 40
79 42
79 44
79 51
79 56
79 67
79 71
79 72
79 78
79 80
79 4
79 31
79 23
79 68
79 64
79 81
79 58
79 32
79 83
79 15
79 61
79 36
79 92
79 96
79 84
79 85
79 88
81 13
81 20
81 21
81 22
81 27
81 35
81 39
81 42
81 46
81 49
81 55
81 64
81 68
81 72
81 74
81 80
81 82
81 36
81 67
81 59
81 31
81 24
81 84
81 70
81 4
81 73
81 83
81 85
81 88
81 95
24 12
24 13
24 21
24 23
24 72
24 30
24 32
24 46
24 39
24 59
24 88
24 75
24 20
24 76
24 80
24 63
24 15
24 90
24 86
24 5
24 4
24 68
24 27
24 36
24 42
24 44
24 49
24 55
24 56
24 58
24 61
24 70
24 71
24 74
24 84
24 85
24 92
30 5
30 17
30 21
30 23
30 26
30 31
30 68
30 15
30 76
30 80
30 35
30 58
30 27
30 84
30 36
30 38
30 75
30 42
30 90
30 74
30 32
30 40
30 44
30 46
30 49
30 55
30 56
30 59
30 63
30 64
30 78
30 83
30 95
84 13
84 15
84 22
84 26
84 27
84 36
84 38
84 40
84 41
84 42
84 44
84 49
84 55
84 67
84 72
84 75
84 82
84 83
84 85
84 71
84 86
84 5
84 64
84 90
84 96
84 51
84 70
84 32
84 20
84 56
84 63
84 46
84 31
84 39
84 4
84 74
95 13
95 21
95 26
95 27
95 36
95 41
95 42
95 44
95 46
95 61
95 63
95 64
95 71
95 76
95 78
95 82
95 83
95 85
95 90
95 92
95 96
95 15
95 12
95 51
95 40
95 67
95 86
95 5
95 97
95 59
95 80
95 56
70 12
70 13
70 15
70 17
70 21
70 23
70 26
70 31
70 32
70 40
70 42
70 46
70 55
70 56
70 64
70 67
70 68
70 71
70 61
70 39
70 35
70 38
70 4
70 44
70 49
70 83
70 76
70 22
70 96
70 27
70 74
70 72
70 75
70 87
70 20
70 86
87 15
87 17
87 20
87 22
87 23
87 27
87 32
87 36
87 39
87 40
87 41
87 44
87 49
87 55
87 56
87 58
87 59
87 68
87 71
87 78
87 82
87 86
87 88
87 75
87 61
87 46
87 31
87 21
87 51
87 13
87 73
87 4
87 42
87 90
87 97
75 13
75 22
75 27
75 41
75 42
75 44
75 49
75 64
75 67
75 68
75 74
75 76
75 85
75 35
75 32
75 80
75 82
75 78
75 59
75 17
75 96
75 40
75 31
75 5
75 58
75 56
75 51
75 72
75 55
75 83
75 88
80 12
80 20
80 21
80 26
80 27
80 36
80 39
80 41
80 42
80 44
80 55
80 63
80 64
80 68
80 71
80 74
80 76
80 78
80 72
80 32
80 58
80 35
80 82
80 83
56 5
56 12
56 13
56 15
56 21
56 23
56 32
56 36
56 40
56 55
56 4
56 78
56 68
56 39
56 51
56 90
56 71
56 58
56 67
56 22
56 74
56 49
56 72
56 63
56 31
56 76
56 85
56 61
56 86
56 92
56 59
56 64
56 83
61 5
61 13
61 15
61 17
61 20
61 21
61 22
61 23
61 26
61 27
61 31
61 32
61 36
61 40
61 41
61 42
61 44
61 46
61 49
61 58
61 92
61 74
61 59
61 55
61 85
61 71
61 68
61 73
61 76
61 4
61 72
61 78
61 82
61 88
61 90
31 17
31 21
31 32
31 5
31 40
31 39
31 63
31 78
31 92
31 23
31 73
31 13
31 71
31 35
31 36
31 38
31 44
31 49
31 58
31 59
31 64
31 68
31 72
31 74
31 82
31 85
5 4
5 83
5 88
5 41
5 49
5 46
5 76
5 86
5 78
5 90
5 73
5 44
5 55
5 38
5 71
5 12
5 23
5 26
5 36
5 42
5 51
5 58
5 63
5 67
5 68
5 72
5 85
82 15
82 22
82 26
82 35
82 36
82 40
82 41
82 42
82 55
82 72
82 74
82 83
82 12
82 32
82 4
82 68
82 46
82 59
82 20
82 85
82 88
82 58
82 27
82 92
82 44
82 64
82 97
82 96
82 17
82 38
82 39
82 13
82 67
82 78
36 15
36 20
36 21
36 27
36 32
36 35
36 41
36 64
36 59
36 72
36 38
36 58
36 92
36 71
36 51
36 42
36 96
36 26
36 88
36 68
36 44
36 90
36 22
36 73
36 13
36 4
36 49
36 67
36 23
36 40
36 55
36 83
20 21
20 17
20 46
20 85
20 68
20 74
20 22
20 97
20 58
20 23
20 51
20 15
20 26
20 44
20 64
20 96
20 78
20 12
20 67
20 90
20 63
20 13
20 76
20 49
20 35
20 41
20 42
20 71
20 88
40 17
40 21
40 22
40 26
40 27
40 39
40 41
40 12
40 32
40 46
40 73
40 83
40 78
40 59
40 88
40 49
40 23
40 44
40 38
40 68
40 76
40 67
40 97
40 64
40 13
40 35
40 42
40 74
40 72
40 85
40 71
40 90
26 4
26 12
26 15
26 27
26 41
26 32
26 73
26 42
26 21
26 67
26 97
26 51
26 64
26 90
26 76
26 85
26 63
26 46
26 39
26 49
26 55
26 58
26 68
26 78
26 88
85 21
85 23
85 39
85 42
85 44
85 46
85 55
85 59
85 63
85 68
85 74
85 86
85 51
85 4
85 78
85 15
85 90
85 41
85 97
85 72
85 17
85 22
85 38
85 76
42 4
42 12
42 13
42 17
42 21
42 22
42 23
42 27
42 35
42 41
42 92
42 74
42 83
42 58
42 51
42 72
42 63
42 96
42 44
42 68
42 86
42 15
42 49
42 39
42 55
42 46
42 64
42 71
42 76
42 78
42 88
42 90
38 12
38 15
38 21
38 23
38 27
38 39
38 83
38 63
38 41
38 55
38 64
38 73
38 74
38 76
38 78
38 88
38 90
23 13
23 15
23 17
23 21
23 22
23 32
23 12
23 67
23 78
23 55
23 46
23 35
23 96
23 39
23 49
23 64
23 86
23 88
23 72
23 27
23 41
23 44
23 71
23 73
23 74
23 76
23 83
46 21
46 22
46 44
46 32
46 71
46 4
46 39
46 92
46 96
46 49
46 58
46 64
46 67
46 72
46 74
46 76
46 78
46 83
72 12
72 15
72 21
72 35
72 39
72 64
72 71
72 73
72 88
72 55
72 83
72 4
72 27
72 76
72 97
72 90
72 13
96 15
96 17
96 21
96 27
96 44
96 49
96 55
96 59
96 64
96 68
96 74
96 83
96 88
96 97
96 32
96 13
96 22
17 64
17 76
17 67
17 97
17 13
17 35
17 4
17 27
17 41
17 44
17 59
17 63
17 68
17 71
17 74
17 78
17 83
17 88
74 15
74 21
74 27
74 32
74 35
74 41
74 44
74 49
74 59
74 64
74 71
74 73
74 51
74 97
74 4
74 92
74 83
74 39
74 67
74 76
74 58
74 22
74 63
74 86
74 12
74 13
74 68
74 88
74 78
74 90
67 12
67 13
67 21
67 22
67 27
67 35
67 49
67 51
67 55
67 58
67 63
67 64
67 68
67 44
67 78
67 59
67 71
67 73
67 39
67 32
67 41
67 92
67 90
67 83
15 27
15 58
15 88
15 35
15 97
15 49
15 86
15 90
15 32
15 59
15 13
15 64
15 83
15 73
15 55
15 63
15 76
15 22
15 41
15 44
15 71
44 12
44 27
44 90
44 78
44 49
44 88
44 92
44 68
44 76
44 71
44 4
44 59
44 39
44 63
44 55
44 13
44 58
44 64
13 12
13 76
13 32
13 86
13 88
13 27
13 21
13 71
13 39
13 58
13 55
13 35
13 97
13 22
13 49
13 68
13 83
13 90
13 92
4 35
4 32
4 21
4 22
4 27
4 58
4 71
4 76
4 78
4 83
41 21
41 22
41 68
41 12
41 27
41 71
41 97
41 73
41 83
41 64
41 63
41 51
41 49
41 55
41 59
41 78
41 88
41 90
90 21
90 22
90 27
90 35
90 49
90 58
90 68
90 71
90 78
90 83
90 88
90 73
90 63
90 51
90 64
90 55
90 59
90 97
90 12
88 12
88 21
88 27
88 39
88 49
88 55
88 59
88 71
88 76
88 78
88 83
88 86
88 63
88 73
88 22
88 51
88 97
35 12
35 21
35 27
35 39
35 97
35 92
35 49
35 22
35 83
35 64
35 71
35 68
35 59
35 73
35 76
35 78
32 12
32 21
32 22
32 27
32 55
32 64
32 76
32 71
32 49
32 59
32 39
32 58
32 83
83 21
83 22
83 27
83 49
83 58
83 71
83 78
83 97
83 59
83 51
83 63
83 76
83 55
83 64
83 92
83 68
83 12
49 12
49 27
49 64
49 21
49 51
49 86
49 97
49 73
49 92
49 39
49 58
49 59
49 22
49 55
76 55
76 58
76 59
76 64
76 71
76 27
76 78
76 51
76 97
86 12
86 27
86 55
86 59
86 64
86 78
78 22
78 39
78 68
78 71
78 63
78 97
78 73
78 64
78 59
78 58
78 92
78 21
73 21
73 27
73 39
73 55
73 59
73 64
73 71
73 58
73 92
55 22
55 27
55 12
55 58
55 97
55 68
55 63
55 71
55 59
71 21
71 39
71 58
71 64
71 92
71 12
71 97
71 63
71 22
71 59
27 22
27 97
27 58
27 39
27 12
27 21
27 51
27 64
27 68
68 21
68 22
68 39
68 64
68 12
68 51
68 92
64 21
64 22
64 39
64 63
64 51
64 58
63 21
63 22
63 39
63 51
63 92
12 39
12 97
12 92
12 51
12 21
12 22
39 92
39 51
39 97
22 21
22 58
22 92
58 21
58 59
58 92
51 21
51 92
59 97
21 92
21 97
97 92