81 62 88 99 50 59 3 9 82 63 33 2 6 86 53 78 87 16 49 68 92 90 44 70 58 23 31 41 25 95 65 76 61 37 34 84 46 21 29 71 91 60 19 72 43 22 64 0 55 93 28 14 24 45 1 79 4 18 13 54 57 48 39 30 17 75 15 26 32 94 97 47 40 5 56 74 35 89 51 27 11 38 73 69 66 85 12 98 10 42 67 52 83 8 96 20 77 80 36 7
81 62
81 88
81 99
81 50
81 59
81 3
62 9
62 82
62 63
62 99
62 33
88 93
88 9
88 1
88 20
88 86
88 3
99 44
99 39
99 29
50 92
50 55
50 60
50 15
50 32
59 20
59 67
59 3
59 33
3 54
3 80
9 93
9 63
9 53
82 49
82 0
82 24
63 13
63 40
63 60
63 11
63 47
33 71
33 1
33 53
2 2
2 6
2 86
2 53
2 78
2 87
6 22
86 46
86 87
86 65
86 10
86 79
86 96
53 19
53 77
53 18
53 89
78 69
78 38
78 84
78 67
87 28
87 93
87 90
87 4
87 1
87 18
16 49
16 68
49 92
49 90
68 44
68 93
68 40
68 51
68 95
68 58
68 27
92 18
92 94
92 79
90 70
90 58
90 72
90 18
44 70
44 58
44 23
44 31
44 41
44 25
44 95
44 44
44 65
44 76
44 61
70 37
70 34
70 84
58 51
58 29
58 84
58 15
23 75
23 17
31 61
31 65
41 65
41 1
95 20
95 35
95 42
65 12
65 35
65 74
65 11
76 29
76 98
61 60
61 56
61 37
61 38
61 73
37 84
37 42
37 57
34 10
34 56
34 1
34 74
34 73
84 15
84 27
46 21
46 29
46 71
46 91
46 60
46 19
46 72
21 43
21 22
21 64
21 0
21 55
21 93
29 13
29 18
29 42
71 45
71 73
71 80
91 69
91 94
91 79
60 11
60 5
19 55
72 94
72 83
72 17
72 18
43 39
43 77
43 73
22 10
22 5
64 32
0 39
0 26
0 32
0 14
55 66
55 55
93 97
93 1
93 47
28 14
28 24
28 45
28 1
28 79
14 40
14 5
14 56
14 74
24 13
24 12
24 5
24 77
24 26
45 32
45 17
1 13
1 75
1 73
1 32
79 39
79 40
79 98
79 7
4 38
4 77
13 54
54 57
54 48
48 30
48 36
39 30
39 17
39 75
39 15
75 56
15 98
26 32
26 52
32 7
32 73
94 38
94 67
94 52
97 11
97 8
47 89
40 35
40 89
5 69
5 67
56 56
56 11
56 96
74 10
35 20
27 98
27 36
38 8
69 66
66 85
85 10
12 98
42 7
83 77
83 80