0 61 63 65 66 67 68 69 70 71 72 73 74 75 76 77 78 79 80 81 82 83 84 85 86 87 88 89 90 91 92 93 94 95 96 97 98 99 1 12 8 2 22 51 15 3 36 4 33 14 5 57 20 6 62 54 7 27 56 53 9 47 21 10 11 24 35 13 17 64 16 46 23 38 18 49 19 37 32 44 25 30 42 59 26 40 45 28 50 29 31 34 39 41 43 58 48 52 55 60
0 61
0 63
0 65
0 66
0 67
0 68
0 69
0 70
0 71
0 72
0 73
0 74
0 75
0 76
0 77
0 78
0 79
0 80
0 81
0 82
0 83
0 84
0 85
0 86
0 87
0 88
0 89
0 90
0 91
0 92
0 93
0 94
0 95
0 96
0 97
0 98
0 99
61 3
61 26
63 10
63 25
65 1
66 2
67 3
68 4
69 5
70 6
71 8
72 10
73 11
74 12
75 13
76 14
77 15
78 16
79 17
80 18
81 19
82 20
83 22
84 25
85 26
86 27
87 28
88 29
89 30
90 31
91 32
92 35
93 36
94 37
95 38
96 40
97 41
98 42
99 44
1 12
1 8
12 35
8 51
2 22
2 51
2 15
15 64
3 36
36 18
36 31
4 33
4 14
33 19
33 25
14 17
5 57
5 20
20 32
20 44
20 25
6 62
6 54
54 59
7 27
7 56
7 53
56 41
56 50
53 9
9 47
9 21
21 30
11 24
24 13
24 49
17 23
64 38
64 39
64 60
16 46
16 23
16 38
23 42
18 49
19 37
25 59
30 59
42 34
59 29
59 55
26 40
26 45
45 48
28 50
43 58
43 48
58 52