58 34 59 72 12 90 82 6 21 99 20 46 61 88 80 45 1 32 95 47 16 18 54 93 49 70 76 3 11 24 40 97 25 43 57 66 67 75 87 65 5 4 33 73 44 23 85 29 48 91 68 64 39 50 71 52 53 31 17 81 19 96 10 92 2 84 62 55 98 78 69 77 74 28 60 36 94 79 37 15 14 30 0 35 27 38 7 8 86 89 83 26 63 41 51 13 56 9 22 42
58 34
58 47
58 2
58 99
58 49
58 17
58 96
34 20
34 63
34 32
34 54
34 93
34 49
34 48
34 89
34 51
34 45
34 87
34 39
34 91
59 72
59 43
59 75
59 5
59 7
59 85
59 44
59 88
72 62
72 27
72 99
72 84
72 97
72 12
12 90
12 28
12 77
12 7
12 96
12 80
12 37
12 85
12 20
12 15
12 78
12 67
90 11
90 69
90 46
90 75
90 39
90 65
90 27
90 30
90 49
90 57
90 63
90 56
90 13
90 90
82 6
82 8
82 96
82 25
82 81
82 28
82 9
6 87
6 84
6 69
6 95
6 76
6 49
6 21
6 41
6 3
6 70
21 99
21 4
21 23
21 94
21 87
21 32
21 14
99 1
99 71
99 2
99 54
99 57
99 46
20 73
20 53
20 37
20 38
20 44
20 61
20 4
20 40
20 47
20 67
46 61
46 40
46 29
46 46
46 69
46 60
46 13
46 98
46 45
46 53
46 3
46 83
61 51
61 69
61 68
61 41
61 23
61 78
61 77
61 30
88 80
88 60
88 53
88 93
88 18
88 52
88 70
88 29
88 40
88 81
80 93
80 92
80 78
80 44
80 71
80 24
45 1
45 87
45 15
45 13
45 10
45 45
45 18
45 14
1 93
1 53
1 66
1 40
1 4
1 2
1 84
1 19
1 5
1 39
32 95
32 75
32 26
32 73
32 50
32 96
95 17
95 41
95 52
95 66
95 44
95 93
95 4
95 13
95 91
47 77
47 78
47 49
47 93
47 51
47 53
47 69
16 18
16 31
16 76
16 33
16 66
16 56
16 67
16 2
16 23
16 60
18 57
18 54
18 97
18 30
18 93
18 7
18 83
18 62
18 31
54 93
54 97
54 81
54 30
54 33
54 63
54 25
54 7
54 66
54 4
54 83
54 73
93 97
93 84
93 37
93 25
93 50
93 33
93 29
49 70
49 94
49 64
49 83
49 78
49 91
49 27
49 44
70 87
70 37
70 7
70 76
70 63
76 3
76 75
76 50
3 84
3 13
11 11
11 4
11 52
11 77
11 39
11 75
11 94
11 25
11 28
24 40
24 25
24 10
24 39
24 51
24 27
24 37
24 28
24 36
40 57
40 55
40 67
40 30
40 85
97 96
97 0
97 89
97 56
97 39
97 57
97 25
97 85
25 86
25 7
43 4
43 30
57 96
57 62
57 75
57 50
66 67
66 91
66 29
66 44
66 15
67 92
67 39
67 75
67 22
67 19
67 35
67 53
67 48
75 17
87 10
87 36
87 84
87 48
87 89
65 5
65 44
65 74
65 19
65 83
65 65
65 13
65 78
65 73
65 35
65 22
65 68
5 52
5 48
5 29
5 28
5 74
5 13
4 33
4 36
4 17
4 60
4 29
4 42
33 10
33 48
33 35
33 9
33 14
33 15
33 77
73 0
73 2
73 55
44 52
44 35
44 28
44 13
44 14
44 98
44 31
44 69
23 85
23 55
23 56
23 48
23 74
85 79
85 26
85 29
85 7
85 0
85 81
29 92
29 9
29 17
29 42
29 39
29 2
48 91
48 19
48 2
48 83
48 27
48 74
48 7
48 71
48 53
91 0
91 2
91 41
91 42
91 39
91 60
91 91
91 56
68 64
68 28
68 2
68 77
68 83
68 79
68 71
68 41
64 74
64 92
64 81
39 50
39 30
39 55
39 86
39 53
39 77
39 0
39 94
50 2
50 15
50 94
50 69
50 9
50 8
71 81
71 7
52 17
52 41
52 53
53 84
31 19
31 27
31 37
31 92
31 8
17 92
17 14
81 14
81 8
81 55
81 77
81 83
81 0
19 62
19 78
19 35
19 7
19 10
96 38
96 84
96 83
10 78
10 9
92 98
92 77
92 14
92 27
92 83
92 60
92 63
2 14
2 60
2 79
2 56
2 84
84 77
84 55
84 89
84 74
84 98
84 42
84 38
84 51
62 55
62 62
55 26
98 28
98 42
98 9
98 14
78 30
78 69
69 36
77 74
77 37
74 14
28 8
28 83
28 0
60 83
60 37
36 0
36 51
36 86
36 15
94 79
79 56
37 0
37 56
14 26
14 63
27 41
27 38
7 51
8 8
8 56
8 51
86 89
83 26
83 13
26 51
63 51
56 22