0 46 35 42 13 65 66 67 68 69 70 71 72 73 74 75 76 77 78 79 80 81 82 83 84 85 86 87 88 89 90 91 92 93 94 95 96 97 98 99 1 18 2 11 3 30 4 9 5 33 6 61 50 7 54 8 10 39 28 12 64 14 47 51 15 37 16 48 58 17 44 57 36 19 41 20 26 21 27 22 23 24 25 63 29 52 31 43 45 32 40 49 56 55 34 53 38 62 59 60
0 46
0 35
0 42
0 13
0 65
0 66
0 67
0 68
0 69
0 70
0 71
0 72
0 73
0 74
0 75
0 76
0 77
0 78
0 79
0 80
0 81
0 82
0 83
0 84
0 85
0 86
0 87
0 88
0 89
0 90
0 91
0 92
0 93
0 94
0 95
0 96
0 97
0 98
0 99
35 53
35 92
42 62
42 50
42 98
13 12
65 1
66 2
67 3
68 5
69 6
70 9
71 10
72 12
73 14
74 16
75 17
76 18
77 19
78 20
79 21
80 22
81 23
82 24
83 25
84 26
85 27
86 28
87 29
88 30
89 31
90 32
91 33
93 36
94 37
95 38
96 40
97 41
99 43
1 18
18 57
18 39
18 36
2 11
2 3
11 28
3 30
30 7
30 17
30 24
30 43
4 9
9 50
5 33
33 8
33 23
33 55
6 61
6 50
61 36
61 58
61 59
7 54
8 10
10 39
28 26
12 64
64 15
14 47
14 51
47 38
51 29
15 37
16 48
16 58
48 19
58 22
58 25
17 44
44 21
44 32
19 41
20 26
21 27
25 63
29 52
29 31
31 45
43 59
45 60
45 55
32 40
32 49
32 56
49 34