0 1 2 3 4 5 6 7 8 9 10 11 12 13 14 15 16 17 18 19 20 21 22 23 24 25 26 27 28 29 30 31 32 33 34 35 36 37 38 39 40 41 42 43 44 45 46 47 48 49 50 51 52 53 54 55 56 57 58 59 60 61 62 63 64 65 66 67 68 69 70 71 72 73 74 75 76 77 78 79 80 81 82 83 84 85 86 87 88 89 90 91 92 93 94 95 96 97 98
0 34
0 20
0 31
0 33
1 35
1 11
2 38
2 9
3 40
3 28
3 39
3 26
4 42
4 17
4 29
5 7
5 44
5 19
5 43
6 46
6 45
7 47
7 15
7 29
7 8
8 49
8 50
9 52
9 13
10 54
10 27
10 53
11 55
11 56
11 30
12 30
12 58
13 59
13 60
14 61
14 62
15 63
15 64
16 30
16 66
16 18
16 32
17 22
17 24
17 67
17 26
18 70
18 25
19 71
19 72
20 73
21 76
21 75
22 27
22 78
23 79
23 80
23 24
24 81
25 84
25 83
26 85
27 88
28 90
29 91
30 94
31 95
31 96
32 97
32 98
34 36
37 39
41 43
45 47
46 48
49 51
50 52
57 59
61 63
65 67
66 68
69 71
70 72
73 75
74 76
77 79
82 84
85 87
86 88
89 91
90 92
93 95
94 96