0 1 2 3 4 5 6 7 8 9 10 11 12 13 14 15 16 17 18 19 20 21 22 23 24 25 26 27 28 29 30 31 32 33 34 35 36 37 38 39 40 41 42 43 44 45 46 47 48 49 50 51 52 53 54 55 56 57 58 59 60 61 62 63 64 65 66 67 68 69 70 71 72 73 74 75 76 77 78 79 80 81 82 83 84 85 86 87 88 89 90 91 92 93 94 95 96 97 98
0 18
0 13
0 34
1 15
1 8
1 35
2 27
2 38
3 40
3 10
3 39
4 5
5 44
5 43
5 14
6 45
6 46
6 26
6 23
7 26
7 8
8 49
8 22
8 28
8 21
8 50
9 51
9 20
9 52
10 53
10 54
11 55
11 25
12 57
12 58
13 59
13 16
13 25
14 62
14 61
15 64
15 63
16 65
16 66
17 67
17 19
17 28
18 70
18 69
18 21
19 72
20 73
20 74
20 24
21 75
22 77
22 78
23 31
23 80
23 79
24 81
24 82
24 29
26 85
27 87
27 88
28 89
28 90
30 93
31 95
31 32
31 96
32 97
32 98
33 35
34 36
37 39
38 40
41 43
42 44
45 47
46 48
54 56
57 59
58 60
62 64
66 68
69 71
73 75
74 76
81 83
82 84
85 87
86 88
89 91
90 92
93 95
94 96