0 45 1 94 37 61 20 65 4 23 12 53 15 56 73 39 89 35 2 57 77 55 95 22 5 68 80 62 88 18 93 46 49 40 13 33 85 96 34 54 19 43 44 78 67 8 9 17 63 81 76 82 6 14 91 60 26 32 59 71 52 21 72 98 10 7 28 87 42 48 66 64 11 90 36 24 47 79 30 69 70 41 83 97 29 84 50 3 38 27 25 92 75 16 74 58 51 31 99 86
0 45
0 80
0 10
0 42
0 30
0 12
0 88
0 89
45 73
45 70
45 63
1 94
1 32
1 67
1 98
94 35
94 67
94 60
94 72
94 13
94 16
94 31
94 82
37 61
37 98
37 6
37 67
37 75
37 87
37 10
37 22
37 17
61 95
61 7
61 74
20 65
20 22
20 33
65 2
65 19
65 49
65 28
65 63
65 47
4 23
4 69
4 17
23 96
23 68
23 58
23 71
23 25
23 80
12 53
12 44
12 18
12 5
53 26
53 8
15 56
15 78
15 22
15 81
15 38
56 81
73 91
73 64
73 50
73 41
73 76
73 14
73 13
39 89
39 77
39 55
39 84
39 6
89 40
89 83
89 21
89 49
89 11
35 2
35 7
35 3
35 66
35 49
2 82
2 5
2 81
2 51
57 77
57 24
57 36
57 80
77 41
77 7
77 40
55 95
55 71
55 76
55 81
95 36
95 7
95 41
95 59
22 43
22 92
5 68
5 21
5 36
5 51
68 9
68 91
68 17
68 87
80 66
80 76
80 99
62 88
62 79
62 8
62 50
62 19
88 31
88 71
88 85
18 93
18 17
18 76
93 78
93 46
93 47
93 66
46 49
46 6
46 38
46 98
49 9
49 34
40 78
40 38
40 90
40 91
13 33
13 32
13 3
33 26
33 32
33 7
33 58
33 10
33 47
85 96
85 64
85 7
85 70
85 24
96 8
96 52
96 3
96 6
96 69
34 54
34 63
34 17
34 24
34 91
54 24
54 28
54 84
19 44
19 43
19 64
19 63
19 67
19 24
19 72
43 36
43 74
43 97
44 52
78 90
78 81
67 10
67 75
8 41
8 30
8 69
8 63
9 41
9 66
17 66
17 71
17 47
63 81
63 51
63 50
81 24
76 82
82 72
6 14
6 38
6 25
14 47
14 41
14 74
14 59
14 86
91 52
91 24
60 59
60 99
26 59
26 21
26 42
26 30
32 92
32 11
59 98
52 36
52 42
21 66
98 42
10 97
7 48
7 70
7 36
28 87
87 30
42 27
64 3
64 16
64 47
11 90
11 92
90 70
90 29
36 24
36 29
47 84
79 25
30 38
83 97
83 25
97 38
29 84
50 74
27 25