0 10 65 66 67 68 69 70 71 72 73 74 75 76 77 78 79 80 81 82 83 84 85 86 87 88 89 90 91 92 93 94 95 96 97 98 99 1 8 51 40 2 27 62 3 13 4 56 5 37 24 6 39 53 7 33 9 48 60 58 11 46 49 12 47 63 20 14 15 22 35 16 17 18 59 19 21 55 54 23 38 25 32 26 57 28 29 36 61 64 30 31 43 50 34 45 41 42 44 52
0 10
0 90
0 72
0 81
0 74
0 82
0 69
0 83
0 76
0 86
0 71
0 77
0 91
0 68
0 98
0 70
0 79
0 96
0 89
0 85
0 67
10 3
65 1
66 3
73 11
75 13
77 16
78 18
80 20
84 28
87 31
88 32
92 36
93 39
94 41
95 42
97 44
99 46
1 51
1 40
1 8
40 56
2 27
2 62
62 31
62 49
3 13
13 63
13 47
13 20
4 56
56 18
56 26
5 37
5 24
24 49
6 39
6 53
39 16
53 17
53 25
53 28
7 33
33 20
33 43
33 50
9 60
9 58
9 48
60 14
60 31
58 61
11 46
11 49
46 44
49 12
49 34
47 30
20 54
20 55
15 35
15 22
35 28
18 59
19 21
21 38
21 23
54 26
38 45
38 29
25 32
26 57
57 41
29 61
29 64
29 36
64 50
50 42
44 52