0 1 2 3 4 5 6 7 8 9 10 11 12 13 14 15 16 17 18 19 20 21 22 23 24 25 26 27 28 29 30 31 32 33 34 35 36 37 38 39 40 41 42 43 44 45 46 47 48 49 50 51 52 53 54 55 56 57 58 59 60 61 62 63 64 65 66 67 68 69 70 71 72 73 74 75 76 77 78 79 80 81 82 83 84 85 86 87 88 89 90 91 92 93 94 95 96 97 98 99
0 83
1 6
1 68
2 12
3 12
3 43
4 37
4 94
4 30
5 27
5 66
6 86
6 52
6 49
7 60
7 41
7 91
8 71
9 74
10 92
10 98
10 30
11 92
11 58
12 22
13 51
13 15
14 41
14 74
15 69
16 68
16 75
16 93
16 24
17 55
18 72
19 26
19 24
20 91
20 96
21 63
21 36
21 47
21 39
22 59
22 97
23 75
24 81
25 47
25 67
26 45
27 77
28 32
28 35
28 71
29 46
31 96
33 86
34 83
34 79
35 49
35 60
36 89
38 96
40 42
41 44
42 44
42 65
43 95
43 60
43 61
45 66
46 93
46 78
47 56
48 79
50 66
50 53
51 54
52 85
54 98
55 60
55 88
56 79
57 92
60 62
64 90
65 82
66 70
67 73
68 72
76 92
79 80
79 95
83 90
84 93
87 92
92 93
96 99