0 14 19 21 7 25 26 27 1 22 28 29 30 2 4 31 32 33 3 20 34 35 36 6 5 37 38 39 13 24 40 41 42 12 43 44 45 46 47 48 8 16 49 50 51 9 15 23 52 53 54 10 18 55 56 57 11 58 59 60 61 62 63 64 65 66 67 68 69 70 71 72 73 74 75 17 76 77 78 79 80 81 82 83 84 85 86 87 88 89 90 91 92 93 94 95 96 97 98 99
0 14
0 19
0 21
0 7
0 25
0 26
0 27
14 67
14 68
14 69
19 8
19 82
19 83
19 84
21 88
21 89
21 90
7 3
7 46
7 47
7 48
25 35
25 51
26 53
26 46
26 99
27 73
27 40
1 22
1 28
1 29
1 30
22 20
22 91
22 92
22 93
28 91
29 93
29 73
30 47
2 4
2 31
2 32
2 33
4 6
4 20
4 5
4 37
4 38
4 39
31 57
31 50
31 78
32 37
33 69
33 59
3 20
3 34
3 35
3 36
20 9
20 85
20 86
20 87
34 61
34 35
35 64
36 95
6 12
6 43
6 44
6 45
5 13
5 24
5 40
5 41
5 42
37 83
38 39
38 76
38 98
38 52
39 81
39 89
13 64
13 65
13 66
24 17
24 18
24 97
24 98
24 99
40 55
40 47
41 58
42 72
12 61
12 62
12 63
43 65
44 54
44 59
45 77
46 78
47 57
48 51
8 16
8 49
8 50
8 51
16 73
16 74
16 75
49 65
50 88
50 52
51 97
9 15
9 23
9 52
9 53
9 54
15 11
15 70
15 71
15 72
23 94
23 95
23 96
52 79
53 75
53 87
54 74
54 67
54 94
10 18
10 55
10 56
10 57
18 79
18 80
18 81
56 92
56 58
57 72
57 59
11 58
11 59
11 60
58 95
58 66
60 81
61 62
61 68
62 82
63 89
64 85
65 83
65 67
66 71
66 84
68 86
69 90
70 77
17 76
17 77
17 78
76 84
76 97
77 80
77 88
88 91
89 96