0 7 4 25 26 27 1 28 29 30 2 17 23 22 31 32 33 3 13 34 35 36 5 37 38 39 12 40 41 42 6 15 8 43 44 45 46 47 48 24 49 50 51 9 52 53 54 10 21 55 56 57 11 20 58 59 60 61 62 63 64 65 66 14 18 67 68 69 70 71 72 16 73 74 75 19 76 77 78 79 80 81 82 83 84 85 86 87 88 89 90 91 92 93 94 95 96 97 98 99
0 7
0 4
0 25
0 26
0 27
7 1
7 46
7 47
7 48
4 5
4 37
4 38
4 39
25 51
25 75
25 84
25 35
26 48
27 45
27 57
27 58
27 62
27 39
1 28
1 29
1 30
28 36
29 81
29 36
30 93
2 17
2 23
2 22
2 31
2 32
2 33
17 19
17 76
17 77
17 78
23 94
23 95
23 96
22 9
22 10
22 24
22 91
22 92
22 93
31 91
31 96
31 97
32 87
32 60
32 99
33 47
33 64
3 13
3 34
3 35
3 36
13 12
13 20
13 24
13 64
13 65
13 66
34 82
34 56
35 94
35 60
36 76
5 12
5 40
5 41
5 42
37 80
38 67
39 98
39 96
12 61
12 62
12 63
40 47
41 57
42 49
42 65
42 95
42 84
6 15
6 8
6 43
6 44
6 45
15 70
15 71
15 72
8 24
8 49
8 50
8 51
43 97
44 48
46 69
46 88
46 53
47 68
48 59
48 63
48 92
48 70
24 16
24 97
24 98
24 99
50 93
9 52
9 53
9 54
52 70
52 80
53 73
53 66
54 82
10 21
10 55
10 56
10 57
21 88
21 89
21 90
55 78
55 94
56 76
56 75
11 20
11 58
11 59
11 60
20 85
20 86
20 87
61 89
61 82
62 86
64 81
66 96
14 18
14 67
14 68
14 69
18 19
18 79
18 80
18 81
67 95
68 79
71 89
72 89
16 73
16 74
16 75
74 94
19 82
19 83
19 84
77 90
78 93
79 83
80 85
84 97
85 99
90 93