54 41 90 27 35 69 48 64 96 55 11 52 14 97 85 34 10 57 50 75 78 28 15 83 91 2 68 36 95 40 45 17 23 86 60 25 29 53 20 80 76 65 59 1 9 93 24 13 56 61 74 43 31 62 44 71 37 67 0 66 79 42 99 21 4 33 3 5 92 8 49 7 87 26 72 58 38 39 98 32 51 82 84 73 18 70 88 6 63 16 30 46 77 22 94 81 89 47 19 12
54 41
54 69
54 90
54 55
54 27
54 50
54 64
54 15
54 34
54 23
54 86
41 90
41 48
41 64
41 11
41 27
41 31
41 96
90 27
90 48
90 14
90 11
90 69
90 40
90 36
90 35
90 1
90 23
90 78
90 20
90 52
90 61
27 35
27 96
27 64
27 48
27 11
27 57
27 2
27 67
27 91
35 11
35 17
35 9
69 34
69 10
69 55
69 50
69 95
69 97
69 23
69 65
69 68
69 49
48 50
48 78
48 64
48 43
48 9
48 34
48 18
48 6
48 89
64 96
64 52
64 55
64 25
64 76
64 59
64 78
96 14
96 97
96 85
96 75
96 91
96 17
96 78
96 60
55 52
55 57
55 36
55 68
55 24
11 83
11 21
52 2
52 79
52 92
14 10
14 68
97 76
97 15
97 99
97 81
85 66
85 1
85 58
85 31
34 10
10 26
57 75
57 28
57 83
57 60
57 24
57 17
50 25
50 67
75 68
75 61
75 59
75 62
75 37
75 3
75 33
75 29
78 0
78 84
28 68
28 29
28 53
15 20
15 24
83 17
83 95
91 56
91 66
2 25
2 65
2 7
2 56
68 82
36 45
36 72
36 98
45 63
17 80
17 43
23 60
23 42
23 76
23 19
86 74
86 38
60 92
25 72
29 59
20 71
80 13
76 93
65 93
65 61
65 82
59 71
24 31
13 70
56 49
61 74
61 87
74 0
43 44
62 37
44 0
44 4
44 79
37 73
37 88
0 92
0 94
66 5
66 30
79 84
42 16
42 77
99 33
99 84
4 46
33 98
3 8
87 39
26 32
58 47
38 63
39 51
84 22
46 12