8 32 0 3 25 6 26 47 20 36 9 17 11 15 45 23 18 13 2 14 22 4 7 33 24 27 16 10 44 31 37 1 5 19 29 21 12 42 46 35 39 30 40 43 41 28 38 34 48 49 50 51 52 53 54 55
8 32
8 18
32 0
32 18
0 3
0 45
0 18
3 25
3 45
3 40
25 6
25 45
25 23
25 46
6 26
6 23
6 27
6 42
6 39
6 40
6 46
26 47
26 40
26 39
47 20
47 24
47 23
47 27
47 33
47 35
47 18
47 46
20 36
20 23
20 27
20 33
20 24
20 18
20 39
20 35
36 9
36 46
36 27
36 39
36 35
36 33
9 17
9 11
9 27
9 42
9 7
9 35
9 39
17 11
17 15
17 4
17 7
17 39
11 15
11 4
11 7
11 39
15 39
45 23
23 18
23 33
18 13
18 2
18 33
13 2
13 24
13 35
13 33
13 43
2 14
2 22
2 16
2 29
2 12
2 24
2 34
2 43
2 31
14 22
14 16
14 21
14 12
14 31
14 29
14 27
14 34
22 4
22 7
22 24
22 27
22 31
22 41
22 46
4 7
4 16
4 42
4 27
4 24
4 10
4 44
4 31
4 41
4 38
4 39
7 27
7 42
7 24
7 30
7 38
7 39
33 24
33 35
33 43
33 40
24 46
24 35
24 40
24 43
27 46
27 42
27 41
16 44
16 31
16 37
16 29
16 41
16 10
16 30
16 38
16 34
10 44
10 1
10 37
10 30
10 28
10 38
10 29
44 31
44 19
44 5
44 29
44 1
44 38
44 30
44 41
44 37
31 29
31 12
31 41
31 34
31 42
37 1
37 12
37 28
37 29
37 19
37 5
37 21
1 19
1 5
1 28
1 48
1 49
1 50
1 51
1 52
1 53
5 19
19 29
19 21
29 12
29 21
29 34
21 12
42 41
46 35
46 40
35 43
35 40
39 40
30 28
30 38
28 38
38 54
54 55