8 4 10 13 5 16 9 18 23 12 24 27 21 29 7 30 32 6 33 34 36 2 37 3 39 15 19 40 1 41 20 42 26 43 44 0 45 46 17 22 47 31 48 49 50 51 52 53 54 55 25 56 57 58 59 60 61 62 63 64 65 66 67 28 38 68 11 69 70 71 72 73 74 14 75 76 77 78 79 35 80 81 82 83 84 85 86 87 88 89 90 91 92 93 94 95 96 97 98 99
8 4
8 10
8 67
4 45
4 65
10 51
10 89
13 5
13 92
13 95
5 18
5 83
16 9
16 18
16 90
9 27
9 76
18 24
23 12
23 33
23 56
12 43
12 69
24 48
24 76
27 21
27 72
21 30
21 94
29 7
29 58
29 69
7 34
7 48
30 37
32 6
32 84
32 85
6 64
6 84
33 50
33 54
34 65
34 97
36 2
36 60
36 83
2 61
2 68
37 3
37 63
3 53
3 92
39 15
39 19
39 93
15 49
15 90
19 59
19 71
40 1
40 80
40 91
1 73
1 83
41 20
41 63
41 77
20 60
20 85
42 26
42 55
42 57
26 48
26 62
43 75
44 0
44 68
44 95
0 53
0 98
45 82
46 17
46 22
46 78
17 49
17 52
47 31
47 77
47 94
31 82
49 56
50 72
51 87
52 70
52 74
53 66
55 25
55 56
25 65
57 63
58 62
58 92
59 72
59 94
60 80
61 76
61 98
62 64
64 79
66 74
66 96
67 28
67 38
28 70
28 82
38 73
68 11
11 87
11 88
69 71
70 99
71 95
73 91
74 14
14 80
14 86
77 89
78 90
78 93
79 35
79 81
35 81
35 97
81 89
84 85
86 88
86 99
87 97
93 99