0 6 32 33 34 35 36 37 38 39 40 41 42 43 44 45 46 47 48 49 50 51 52 1 4 31 53 54 55 56 57 58 59 60 61 62 63 64 65 66 67 68 69 70 71 2 15 28 13 72 73 74 75 76 77 78 79 80 81 82 83 84 85 86 87 88 89 90 91 3 20 92 93 94 95 96 97 98 99 5 25 7 29 11 12 21 24 8 30 9 10 23 22 26 14 16 18 27 17 19
0 6
0 32
0 33
0 34
0 35
0 36
0 37
0 38
0 39
0 40
0 41
0 42
0 43
0 44
0 45
0 46
0 47
0 48
0 49
0 50
0 51
0 52
6 29
6 11
6 36
6 56
6 75
6 93
32 1
33 2
34 4
35 5
37 8
38 9
39 10
40 12
41 15
42 17
43 20
44 22
45 23
46 24
47 26
48 27
49 28
50 29
51 30
52 31
1 4
1 31
1 53
1 54
1 55
1 56
1 57
1 58
1 59
1 60
1 61
1 62
1 63
1 64
1 65
1 66
1 67
1 68
1 69
1 70
1 71
4 54
4 73
4 92
31 30
31 71
53 2
55 5
57 7
58 8
59 9
60 11
61 12
62 14
63 16
64 20
65 22
66 23
67 24
68 27
69 29
70 30
2 15
2 28
2 13
2 72
2 73
2 74
2 75
2 76
2 77
2 78
2 79
2 80
2 81
2 82
2 83
2 84
2 85
2 86
2 87
2 88
2 89
2 90
2 91
15 99
28 91
13 9
13 26
13 29
13 81
13 97
72 3
74 5
76 7
77 8
78 9
79 11
80 12
82 14
83 18
84 19
85 20
86 21
87 23
88 25
89 26
90 27
3 20
3 92
3 93
3 94
3 95
3 96
3 97
3 98
3 99
20 7
94 7
95 9
96 12
98 14
5 25
5 7
25 17
7 12
7 21
7 24
11 22
11 23
11 21
24 8
24 19
8 30
10 23
23 16
22 14
16 18
16 27