0 14 28 29 50 57 74 81 84 1 26 69 2 3 4 11 18 34 40 44 58 85 5 9 32 43 61 64 66 25 33 73 88 97 98 6 42 90 7 12 65 92 8 15 22 27 86 31 35 60 67 10 41 82 16 19 53 24 94 13 36 38 63 79 87 37 46 59 68 72 45 17 51 78 96 49 80 20 52 21 95 23 55 62 83 71 39 47 48 75 91 30 77 93 70 99 76 54 56 89
0 14
0 28
0 29
0 50
0 57
0 74
0 81
0 84
14 16
14 32
14 63
14 65
14 79
14 87
14 98
28 41
28 57
28 84
28 91
29 17
29 33
29 40
29 69
50 1
50 5
50 23
50 63
50 76
50 85
57 2
57 12
57 13
57 21
57 36
57 78
57 80
57 89
74 7
74 17
74 53
74 71
74 75
81 7
81 25
81 32
81 40
81 54
81 85
81 95
84 12
84 43
84 89
84 90
1 26
1 69
26 20
26 68
69 3
69 59
69 61
69 68
69 77
69 87
2 3
2 4
2 11
2 18
2 34
2 40
2 44
3 58
3 85
4 5
4 9
4 32
4 43
4 61
4 64
4 66
11 16
11 19
11 53
18 12
18 19
18 49
18 73
18 80
34 9
34 10
34 16
34 30
34 63
40 9
40 16
40 17
40 45
40 58
44 19
44 30
44 39
44 47
44 49
44 93
58 8
58 31
58 37
58 73
58 78
85 32
85 66
5 25
5 33
5 73
5 88
5 97
5 98
9 31
9 35
9 60
9 66
9 67
32 60
43 10
43 20
43 55
43 71
43 96
61 38
61 59
61 75
61 95
61 98
64 10
64 54
64 59
64 71
64 73
66 17
66 25
66 49
66 77
66 79
66 87
66 97
25 16
25 27
25 39
25 49
25 53
25 94
25 98
33 37
33 41
33 52
33 77
33 86
73 12
73 71
73 95
73 99
88 19
88 22
88 27
88 70
88 72
88 95
97 13
97 21
97 27
97 92
97 93
98 23
98 37
98 54
98 75
6 42
6 90
42 13
42 76
42 80
42 82
90 19
90 35
90 96
7 12
7 65
7 92
12 24
12 65
12 94
92 77
92 96
8 15
8 22
8 27
8 86
15 10
15 31
15 37
15 46
15 59
15 67
15 68
15 72
15 82
22 19
22 23
22 24
22 55
22 62
22 79
22 80
22 83
27 24
27 31
27 38
27 47
27 48
27 62
27 75
27 79
27 94
86 53
86 62
86 95
31 36
31 41
35 13
35 75
60 17
60 37
60 52
60 68
60 87
67 13
67 23
67 30
67 36
67 47
67 52
10 41
10 82
41 37
41 99
82 68
16 45
19 37
19 79
53 23
53 80
13 36
13 38
36 75
36 93
36 95
38 30
63 95
79 52
79 95
87 75
37 70
37 78
46 77
59 49
59 62
72 80
45 30
45 47
45 55
45 78
45 99
17 51
17 78
17 96
51 23
51 70
51 76
78 23
78 47
80 55
80 62
20 52
52 47
52 83
52 95
21 95
95 48
95 89
23 71
62 56
39 77
39 91
30 77
77 56
93 99
99 56