0 1 4 13 14 15 19 22 25 28 31 33 36 48 52 60 63 66 67 68 70 76 90 96 3 11 12 17 26 30 32 39 45 57 61 62 94 99 2 10 20 34 43 46 55 56 58 64 72 78 79 80 81 84 86 97 8 18 44 50 73 75 85 88 98 21 27 47 49 54 71 74 82 83 5 35 37 40 6 7 23 29 69 91 9 42 65 87 89 95 16 38 51 77 93 53 41 59 24 92
0 1
0 4
0 13
0 14
0 15
0 19
0 22
0 25
0 28
0 31
0 33
0 36
0 48
0 52
0 60
0 63
0 66
0 67
0 68
0 70
0 76
0 90
0 96
1 3
1 4
1 11
1 12
1 17
1 19
1 26
1 30
1 32
1 33
1 36
1 39
1 45
1 57
1 61
1 62
1 66
1 67
1 76
1 94
1 96
1 99
4 3
4 13
4 15
4 21
4 26
4 27
4 47
4 49
4 54
4 56
4 62
4 63
4 71
4 72
4 74
4 78
4 82
4 83
4 90
13 8
13 10
13 11
13 14
13 15
13 16
13 22
13 30
13 31
13 32
13 40
13 47
13 51
13 52
13 56
13 59
13 60
13 61
13 63
13 65
13 66
13 85
13 96
13 97
14 12
14 15
14 21
14 24
14 27
14 29
14 31
14 43
14 45
14 46
14 59
14 61
14 62
14 91
14 92
14 99
15 6
15 16
15 24
15 26
15 29
15 32
15 34
15 45
15 47
15 48
15 53
15 56
15 57
15 59
15 61
15 68
15 69
15 70
15 76
15 77
15 82
15 87
15 92
15 93
15 94
15 96
19 3
19 10
19 12
19 16
19 26
19 29
19 35
19 44
19 45
19 46
19 47
19 64
19 66
19 68
19 69
19 96
19 99
22 2
22 17
22 18
22 23
22 26
22 30
22 31
22 33
22 47
22 49
22 50
22 58
22 60
22 61
22 66
22 72
22 79
22 82
22 92
22 95
25 3
25 6
25 11
25 30
25 32
25 40
25 42
25 45
25 53
25 64
25 66
25 70
25 86
25 89
25 93
25 94
28 7
28 12
28 24
28 27
28 34
28 37
28 44
28 47
28 54
28 57
28 58
28 59
28 65
28 84
28 87
28 95
31 2
31 12
31 37
31 39
31 41
31 43
31 46
31 57
31 59
31 60
31 64
31 69
31 71
31 75
31 86
31 93
33 3
33 7
33 24
33 35
33 40
33 41
33 45
33 46
33 48
33 52
33 56
33 63
33 64
33 75
33 76
33 85
33 89
33 91
33 96
33 98
36 8
36 11
36 12
36 16
36 17
36 26
36 32
36 46
36 48
36 56
36 82
36 91
36 93
36 94
48 18
48 23
48 26
48 35
48 37
48 40
48 55
48 57
48 58
48 59
48 60
48 68
48 75
48 85
48 88
48 94
48 96
52 2
52 7
52 26
52 30
52 40
52 41
52 49
52 50
52 54
52 59
52 62
52 64
52 66
52 67
52 71
52 72
52 75
52 80
52 86
52 87
52 94
52 98
60 2
60 7
60 12
60 23
60 26
60 50
60 55
60 56
60 57
60 62
60 75
60 77
60 84
60 85
60 92
60 94
63 7
63 10
63 11
63 12
63 24
63 32
63 34
63 35
63 41
63 42
63 45
63 50
63 56
63 58
63 59
63 61
63 65
63 67
63 68
63 75
63 77
63 78
63 80
63 83
63 87
63 92
63 97
63 99
66 6
66 20
66 38
66 40
66 42
66 46
66 69
66 70
66 72
66 73
66 81
66 85
66 87
66 92
66 93
66 97
66 99
67 7
67 8
67 11
67 23
67 29
67 32
67 34
67 45
67 53
67 54
67 56
67 57
67 65
67 74
67 76
67 81
67 88
67 91
67 92
67 97
68 37
68 47
68 53
68 54
68 55
68 56
68 61
68 70
68 71
68 82
68 87
68 92
68 95
68 99
70 11
70 21
70 24
70 44
70 45
70 46
70 53
70 54
70 61
70 71
70 78
70 80
70 84
70 93
70 94
70 96
76 7
76 12
76 18
76 23
76 27
76 29
76 34
76 45
76 49
76 55
76 56
76 57
76 58
76 61
76 64
76 65
76 69
76 73
76 79
76 80
76 83
76 92
90 24
90 32
90 43
90 45
90 49
90 58
90 64
90 73
90 84
90 93
90 99
96 5
96 12
96 30
96 35
96 38
96 40
96 47
96 65
96 72
96 77
96 80
96 81
96 82
96 86
96 87
96 88
96 91
3 8
3 17
3 18
3 20
3 32
3 44
3 50
3 56
3 62
3 73
3 75
3 80
3 81
3 85
3 88
3 97
3 98
11 5
11 16
11 29
11 34
11 41
11 45
11 50
11 61
11 71
11 75
11 83
11 85
11 88
11 89
11 97
11 99
12 7
12 9
12 16
12 23
12 35
12 39
12 44
12 55
12 58
12 71
12 72
12 78
12 79
12 91
17 10
17 16
17 20
17 23
17 27
17 29
17 39
17 42
17 44
17 50
17 55
17 57
17 62
17 64
17 69
17 78
17 82
17 88
17 91
17 92
17 93
17 95
26 7
26 10
26 16
26 18
26 30
26 42
26 49
26 50
26 71
26 74
26 77
26 85
26 87
26 93
30 8
30 16
30 21
30 29
30 37
30 44
30 49
30 53
30 62
30 69
30 86
30 92
30 93
30 98
30 99
32 5
32 35
32 47
32 50
32 51
32 54
32 55
32 73
32 85
39 29
39 34
39 47
39 49
39 57
39 64
39 65
39 79
39 83
39 86
39 95
45 2
45 5
45 16
45 27
45 37
45 43
45 44
45 62
45 78
45 85
45 86
45 87
45 89
45 98
57 2
57 5
57 6
57 8
57 24
57 29
57 41
57 42
57 51
57 55
57 69
57 86
57 87
57 89
61 8
61 18
61 20
61 27
61 34
61 37
61 40
61 42
61 44
61 47
61 62
61 71
61 83
61 89
61 94
61 97
62 18
62 27
62 40
62 41
62 53
62 58
62 65
62 78
62 79
62 81
62 84
62 93
94 9
94 23
94 35
94 37
94 42
94 50
94 55
94 58
94 73
94 79
94 93
94 98
94 99
99 7
99 16
99 21
99 23
99 24
99 43
99 47
99 64
99 77
99 80
99 82
99 84
2 10
2 20
2 34
2 43
2 46
2 55
2 56
2 58
2 64
2 72
2 78
2 79
2 80
2 81
2 84
2 86
2 97
10 16
10 29
10 38
10 42
10 49
10 51
10 53
10 54
10 73
10 78
10 82
10 83
10 86
10 88
20 6
20 8
20 34
20 54
20 56
20 59
20 77
20 79
20 92
20 95
34 46
34 47
34 50
34 55
34 72
34 74
34 77
34 83
34 84
34 97
43 16
43 29
43 35
43 44
43 54
43 55
43 69
43 74
43 78
43 85
43 98
46 5
46 7
46 23
46 35
46 41
46 53
46 65
46 72
46 73
46 84
46 89
55 7
55 9
55 44
55 56
55 59
55 71
55 74
55 77
55 79
55 91
55 93
55 95
55 98
56 8
56 23
56 27
56 49
56 58
56 80
58 18
58 21
58 40
58 47
58 84
58 87
58 92
58 93
64 23
64 35
64 37
64 38
64 40
64 69
64 73
64 75
64 78
64 85
64 89
64 98
72 9
72 16
72 21
72 24
72 40
72 41
72 47
72 49
72 53
72 59
72 65
72 71
72 74
72 77
72 78
72 82
72 91
78 5
78 9
78 18
78 29
78 38
78 42
78 50
78 53
78 69
78 71
78 87
78 88
78 95
79 7
79 9
79 18
79 49
79 65
79 89
79 91
79 92
79 97
80 59
80 74
80 75
80 81
80 84
80 89
80 93
80 97
80 98
81 21
81 23
81 35
81 38
81 59
81 77
81 86
81 92
81 93
84 16
84 18
84 21
84 24
84 27
84 35
84 49
84 54
84 74
84 77
84 82
84 95
84 98
86 6
86 21
86 51
86 65
86 91
86 93
97 21
97 24
97 35
97 40
97 47
97 54
97 59
97 89
97 95
8 5
8 65
8 83
8 87
8 88
8 89
8 95
18 27
18 37
18 42
18 53
18 82
18 83
18 88
18 91
44 5
44 6
44 21
44 27
44 37
44 50
44 51
50 9
50 37
50 51
50 69
50 73
50 77
50 82
50 88
73 6
73 21
73 23
73 51
73 89
73 93
73 98
75 49
75 59
75 82
75 91
75 98
85 5
85 6
85 16
85 23
85 40
85 82
88 5
88 21
88 27
88 40
88 49
88 69
98 9
98 16
98 24
98 35
98 47
98 59
98 69
98 71
98 82
98 92
98 93
21 16
21 24
21 47
21 53
21 69
21 71
21 74
21 91
27 5
27 9
27 29
27 35
27 59
27 69
27 74
27 77
27 87
27 91
27 92
27 93
47 6
47 35
47 38
47 74
47 95
49 9
49 23
49 35
49 71
49 87
49 92
49 95
54 23
54 24
54 29
54 37
54 42
71 35
71 38
71 41
71 42
71 51
71 83
71 92
71 95
74 9
74 41
74 51
74 59
74 69
74 82
82 6
82 7
82 24
82 42
82 69
82 77
82 91
83 9
83 38
83 42
83 89
5 35
5 37
5 40
35 16
35 23
35 40
35 69
37 6
37 65
37 92
40 6
40 29
40 59
40 69
40 89
6 7
6 23
6 29
6 69
6 91
7 9
7 29
7 42
7 69
7 91
23 16
23 41
23 65
23 89
29 16
29 24
29 87
29 91
69 38
69 41
69 77
69 89
69 91
91 41
91 42
91 59
91 89
91 95
9 16
9 38
9 51
9 77
9 93
42 16
42 59
42 65
42 93
42 95
65 87
65 93
87 93
87 95
89 59
89 93
89 95
95 92
16 38
16 51
38 92
38 93
51 41
51 53
51 93
77 59
41 24
41 92