0 37 50 73 81 1 41 80 89 95 2 19 29 43 57 3 12 28 39 83 87 4 22 47 62 77 5 9 18 27 32 55 67 6 21 26 48 82 88 92 7 23 25 36 52 8 40 94 31 34 42 46 65 10 60 64 68 11 24 71 72 56 59 66 74 13 33 14 15 53 93 51 16 38 44 61 69 91 99 17 98 35 49 20 75 86 76 54 45 96 58 97 30 78 90 70 85 79 63 84
0 37
0 50
0 73
0 81
37 15
37 43
37 45
37 70
50 13
50 20
50 21
50 64
73 1
73 43
73 64
73 68
73 90
81 15
81 21
81 38
81 68
81 88
1 41
1 80
1 89
1 95
41 17
41 29
41 44
41 61
41 79
80 29
80 43
80 53
80 70
80 86
89 8
89 13
89 60
89 64
89 79
89 86
95 7
95 38
95 44
95 53
95 60
95 68
2 19
2 29
2 43
2 57
19 27
19 49
19 98
29 58
29 67
29 97
43 14
57 3
57 14
57 49
57 58
57 63
57 74
3 12
3 28
3 39
3 83
3 87
12 56
12 59
12 66
12 74
28 24
28 49
28 59
28 62
28 96
39 24
39 58
39 72
39 85
39 97
83 10
83 14
83 56
83 62
83 72
87 10
87 63
87 66
87 85
87 96
4 22
4 47
4 62
4 77
22 8
22 11
22 34
22 65
22 86
47 8
47 30
47 64
47 82
47 90
62 11
62 82
62 92
62 93
77 34
77 45
77 92
5 9
5 18
5 27
5 32
5 55
5 67
9 31
9 34
9 42
9 46
9 65
18 17
18 35
18 46
18 61
18 69
27 45
32 42
32 69
32 76
32 91
55 34
55 35
55 45
55 70
67 31
67 61
67 70
67 91
6 21
6 26
6 48
6 82
6 88
6 92
21 10
21 33
21 56
21 66
26 33
26 40
26 52
26 54
26 71
48 54
48 59
48 66
48 75
48 84
48 96
82 10
82 36
82 96
88 36
88 51
88 52
88 84
92 51
92 56
92 59
92 71
7 23
7 25
7 36
7 52
23 17
23 44
23 69
23 76
25 11
25 53
25 76
25 93
36 68
36 90
36 93
52 35
52 38
52 69
8 40
8 94
40 13
40 34
40 35
40 46
94 17
94 30
94 46
94 65
94 79
31 97
34 71
42 24
42 54
42 59
42 71
46 54
46 75
65 24
65 97
10 60
10 64
10 68
60 33
60 72
60 85
68 14
68 63
11 24
11 71
11 72
24 76
71 78
72 53
72 78
72 86
56 15
56 78
66 20
66 99
74 15
74 91
13 33
33 38
33 78
33 99
14 15
14 53
14 93
15 51
53 58
93 49
93 51
51 45
16 38
16 44
16 61
16 69
16 91
16 99
44 58
44 63
44 85
69 54
69 84
91 58
99 54
99 85
17 98
98 30
98 90
49 76
20 75
75 30
86 97
76 58
96 30
97 79
85 79