0 80 95 7 86 23 83 81 35 24 1 54 67 89 72 88 2 18 22 34 14 99 3 78 52 10 26 39 5 4 92 77 17 94 43 13 42 27 30 61 70 6 56 49 28 9 58 68 20 8 51 12 16 85 21 38 76 11 91 84 32 90 98 53 66 31 55 40 75 15 29 44 45 47 74 93 36 19 97 46 33 87 63 41 37 82 65 62 25 60 69 73 79 50 48 59 57 71 96 64
0 80
0 95
0 7
0 86
0 23
0 83
0 81
0 35
0 24
80 16
80 26
80 35
80 63
80 64
80 81
95 6
95 42
95 72
95 97
7 28
7 9
7 58
7 72
7 68
7 20
7 42
86 3
86 12
86 18
86 38
86 39
86 42
86 81
86 96
23 11
23 94
23 37
23 82
83 5
83 26
83 30
83 38
83 63
83 84
83 94
81 9
81 12
81 26
81 36
81 39
81 55
81 69
81 91
81 87
81 99
35 50
35 52
35 85
35 38
35 48
35 69
24 1
24 20
24 22
24 43
24 65
24 62
24 77
24 58
24 66
24 97
24 39
1 54
1 67
1 89
1 72
1 88
54 14
54 29
67 11
67 16
67 21
67 34
67 36
67 45
67 59
67 61
67 63
67 78
89 43
89 64
89 97
89 94
72 21
72 30
72 43
72 44
72 51
72 74
88 13
88 16
88 38
88 56
88 57
2 18
2 22
2 34
2 14
2 99
18 5
18 93
18 75
18 74
18 30
18 36
18 26
22 6
22 38
22 51
22 46
22 41
22 40
22 78
34 3
34 41
34 58
34 43
14 90
14 78
14 27
14 98
14 53
14 61
14 66
14 31
14 55
14 40
14 75
99 5
99 12
99 21
3 78
3 52
3 10
3 26
3 39
3 5
78 15
78 29
78 38
78 46
78 52
78 82
78 85
52 11
52 40
52 98
52 60
10 92
10 61
10 76
10 39
26 51
26 77
26 60
26 33
39 27
39 29
39 31
39 93
39 97
5 42
5 27
5 30
5 61
5 70
4 92
4 77
4 17
4 94
4 43
4 13
92 16
92 27
92 43
92 56
92 66
77 17
77 27
77 49
77 57
77 90
17 29
17 44
17 31
17 45
17 47
17 98
17 74
17 30
94 20
43 6
43 12
43 21
43 28
43 40
43 61
43 85
43 57
13 84
13 32
13 30
42 31
42 93
42 97
27 69
30 29
30 32
30 85
61 40
61 46
61 49
61 58
61 60
61 75
61 82
70 58
70 69
6 56
6 49
56 20
56 79
56 66
56 96
49 91
49 58
49 57
28 85
28 63
28 36
28 55
28 45
9 85
9 21
9 38
68 38
20 97
20 98
20 51
8 51
8 12
8 16
51 91
51 97
16 90
85 45
85 46
21 46
21 33
21 87
21 63
21 75
38 25
38 63
38 82
38 57
38 97
76 37
76 47
76 62
76 98
11 91
91 79
91 98
84 31
84 37
84 79
32 53
32 37
32 97
90 50
90 63
98 19
98 36
98 41
98 53
98 59
98 62
98 87
53 31
53 74
53 69
53 87
66 64
66 65
31 33
55 47
55 87
55 82
75 44
75 64
75 71
29 87
29 37
44 62
44 93
44 97
45 59
45 79
45 57
47 71
74 63
93 71
97 50
46 33
46 57
33 73
33 63
33 69
33 62
33 79
87 25
87 82
63 71
63 96
37 59
37 62
62 50
62 59
48 57