0 1 2 3 4 5 6 7 8 9 10 11 12 13 14 15 16 17 18 19 20 21 22 23 24 25 26 27 28 29 30 31 32 33 34 35 36 37 38 39 40 41 42 43 44 45 46 47 48 49 50 51 52 53 54 55 56 57 58 59 60 61 62 63 64 65 66 67 68 69 70 71 72 73 74 75 76 77 78 79 80 81 82 83 84 85 86 87 88 89 90 91 92 93 94 95 96 97 98 99
0 72
0 40
1 7
2 47
2 83
2 79
2 10
3 37
4 75
4 59
5 81
6 45
6 38
6 22
7 83
7 15
7 80
8 13
8 60
9 35
10 92
11 97
11 76
11 32
12 47
12 90
12 68
13 30
13 77
14 20
14 53
15 23
15 48
15 34
16 82
16 48
16 67
17 53
17 37
18 84
19 56
19 52
20 59
20 84
20 73
20 95
21 51
22 85
23 29
24 93
24 46
25 29
26 28
26 35
26 91
27 99
27 93
29 84
29 42
30 51
31 79
31 32
32 86
33 57
33 66
33 38
33 74
35 55
35 93
35 87
35 70
35 41
36 72
37 61
39 51
39 72
40 78
43 83
43 96
44 99
44 54
45 62
47 74
48 56
49 98
50 87
50 76
51 94
51 63
58 75
60 98
61 89
64 70
64 69
65 79
71 86
77 93
81 88
81 94