0 11 6 25 26 27 1 8 28 29 30 2 14 24 31 32 33 3 17 34 35 36 4 21 23 37 38 39 5 18 40 41 42 12 43 44 45 7 16 10 46 47 48 15 13 19 49 50 51 9 22 52 53 54 55 56 57 20 58 59 60 61 62 63 64 65 66 67 68 69 70 71 72 73 74 75 76 77 78 79 80 81 82 83 84 85 86 87 88 89 90 91 92 93 94 95 96 97 98 99
0 11
0 6
0 25
0 26
0 27
11 20
11 58
11 59
11 60
6 12
6 43
6 44
6 45
25 52
25 40
25 27
25 96
26 95
26 97
27 83
1 8
1 28
1 29
1 30
8 15
8 13
8 19
8 49
8 50
8 51
28 79
29 82
30 50
30 99
2 14
2 24
2 31
2 32
2 33
14 12
14 67
14 68
14 69
24 17
24 97
24 98
24 99
31 54
32 78
32 43
32 96
33 39
33 55
3 17
3 34
3 35
3 36
17 22
17 19
17 76
17 77
17 78
34 36
35 59
35 69
36 54
4 21
4 23
4 37
4 38
4 39
21 88
21 89
21 90
23 16
23 94
23 95
23 96
37 42
38 71
38 49
5 18
5 40
5 41
5 42
18 10
18 79
18 80
18 81
40 68
41 85
42 67
42 76
42 60
12 61
12 62
12 63
43 46
44 50
45 88
45 89
7 16
7 10
7 46
7 47
7 48
16 73
16 74
16 75
10 13
10 55
10 56
10 57
46 91
46 61
47 90
47 86
48 94
48 90
15 70
15 71
15 72
13 64
13 65
13 66
19 82
19 83
19 84
49 70
50 86
51 74
51 90
9 22
9 52
9 53
9 54
22 91
22 92
22 93
53 77
54 55
54 82
54 70
54 78
56 78
57 74
20 85
20 86
20 87
58 75
59 75
59 63
60 94
61 93
62 97
62 89
63 85
64 98
65 67
66 73
69 78
71 84
72 78
73 98
73 88
74 96
74 89
77 92
78 79
80 83
81 88
86 87
89 92