0 1 2 3 4 5 6 7 8 9 10 11 12 13 14 15 16 17 18 19 20 21 22 23 24 25 26 27 28 29 30 31 32 33 34 35 36 37 38 39 40 41 42 43 44 45 46 47 48 49 50 51 52 53 54 55 56 57 58 59 60 61 62 63 64 65 66 67 68 69 70 71 72 73 74 75 76 77 78 79 80 81 82 83 84 85 86 87 88 89 90 91 92 93 94 95 96 97 98 99
0 1
0 77
0 85
0 69
0 74
0 92
0 28
0 2
0 47
0 82
0 53
0 94
0 46
0 6
0 37
0 44
0 80
0 23
0 19
0 66
0 98
0 76
0 30
0 62
0 79
0 38
0 17
1 2
1 7
1 49
1 53
1 3
1 97
1 93
1 29
1 13
1 67
1 60
1 57
1 23
1 94
1 84
1 5
1 43
1 64
1 76
1 19
1 16
1 83
1 25
1 63
1 34
1 54
1 17
1 55
1 98
1 51
1 45
1 66
2 3
2 90
2 12
2 44
2 92
2 9
2 52
2 65
2 31
2 21
2 45
2 85
2 41
2 77
2 79
2 28
2 16
2 42
2 60
2 84
2 43
2 39
2 24
2 27
2 81
2 48
2 30
2 46
2 57
2 14
2 88
2 75
2 7
2 82
2 49
2 11
2 74
2 89
2 87
2 29
3 4
3 18
3 91
3 61
3 34
3 66
3 29
3 53
3 99
3 37
3 30
3 39
3 33
3 90
3 14
3 47
3 26
3 88
3 85
3 17
3 57
3 78
3 45
3 79
3 74
3 83
3 89
3 11
3 42
3 96
3 70
3 58
3 51
3 6
3 28
3 52
3 50
3 46
3 71
4 5
4 37
4 80
4 93
4 97
4 24
4 41
4 7
4 83
4 57
4 42
4 9
4 36
4 63
4 81
4 65
4 78
4 16
4 64
4 76
4 17
4 10
4 49
4 23
4 51
4 21
4 14
4 45
4 47
4 96
4 44
4 46
5 6
5 91
5 71
5 70
5 55
5 37
5 36
5 17
5 35
5 94
5 79
5 34
5 60
5 31
5 21
5 52
5 98
5 51
5 78
5 96
5 33
5 29
5 27
5 86
5 19
5 73
5 61
6 7
6 94
6 33
6 61
6 73
6 86
6 44
6 42
6 59
6 63
6 50
6 72
6 9
6 88
6 26
6 96
6 28
6 75
6 34
6 70
6 16
6 84
6 90
6 47
6 91
6 27
6 62
6 17
6 78
6 60
6 83
6 56
6 10
6 18
6 74
6 89
7 8
7 27
7 71
7 21
7 31
7 63
7 16
7 93
7 50
7 44
7 42
7 29
7 77
7 34
7 91
7 60
7 74
7 79
7 19
7 13
7 37
7 69
7 80
7 99
7 85
7 36
7 28
7 41
7 88
7 9
7 89
7 78
7 43
7 84
7 83
7 39
7 66
8 9
8 87
8 78
8 90
8 21
8 66
8 43
8 33
8 13
8 91
8 39
8 54
8 59
8 12
8 83
8 85
8 51
8 71
8 47
8 22
8 84
8 86
8 74
8 27
8 67
8 30
8 73
8 52
8 50
8 36
8 82
8 63
8 75
8 69
8 60
8 48
8 37
8 18
8 17
8 72
8 35
8 58
8 26
8 49
8 68
8 32
9 10
9 43
9 14
9 86
9 40
9 93
9 85
9 63
9 12
9 69
9 92
9 36
9 23
9 16
9 45
9 72
9 96
9 27
9 18
9 33
9 81
9 83
9 75
9 68
9 44
9 42
9 46
9 57
9 76
9 56
9 88
9 32
9 28
9 35
9 20
10 11
10 13
10 14
10 86
10 61
10 88
10 70
10 46
10 17
10 77
10 58
10 72
10 24
10 45
10 87
10 56
10 83
10 47
10 15
10 41
10 44
10 20
10 23
10 48
10 42
10 78
10 30
10 65
10 43
10 19
10 66
10 34
10 29
10 16
10 52
10 12
10 75
10 68
10 90
10 50
11 12
11 25
11 64
11 68
11 86
11 61
11 16
11 23
11 38
11 17
11 42
11 58
11 70
11 15
11 29
11 26
11 22
11 28
11 87
11 69
11 43
11 73
11 98
11 72
11 93
11 51
11 85
11 36
12 13
12 27
12 36
12 22
12 85
12 39
12 62
12 74
12 32
12 43
12 96
12 33
12 89
12 80
12 49
12 15
12 56
12 95
12 24
12 73
12 94
12 69
12 68
12 87
12 71
12 92
12 91
12 17
12 76
12 48
12 37
13 14
13 51
13 97
13 84
13 71
13 25
13 88
13 31
13 48
13 94
13 55
13 29
13 92
13 50
13 15
13 87
13 52
13 63
13 26
13 61
13 21
13 24
13 18
13 58
13 20
13 66
13 19
13 27
13 49
13 45
13 57
13 91
14 15
14 72
14 29
14 35
14 85
14 89
14 47
14 36
14 50
14 21
14 68
14 42
14 99
14 73
14 20
14 78
14 95
14 63
14 39
14 19
14 44
14 46
14 92
14 28
14 59
14 91
14 53
14 45
14 52
14 24
14 48
14 83
14 41
15 16
15 20
15 48
15 66
15 63
15 43
15 77
15 95
15 62
15 97
15 41
15 57
15 50
15 64
15 45
15 86
15 58
15 46
15 17
15 78
15 19
15 38
15 27
15 80
15 82
15 67
15 55
15 42
15 22
15 52
15 47
15 56
15 34
15 79
16 17
16 26
16 94
16 27
16 29
16 81
16 71
16 74
16 54
16 44
16 18
16 60
16 73
16 47
16 67
16 89
16 34
16 50
16 85
16 76
16 98
16 61
16 77
16 23
16 99
16 86
16 53
16 42
17 18
17 60
17 55
17 28
17 64
17 94
17 91
17 80
17 33
17 40
17 36
17 53
17 39
17 96
17 72
17 83
17 23
17 81
17 67
17 54
17 48
17 20
17 27
17 46
17 86
17 78
18 19
18 48
18 87
18 83
18 25
18 64
18 53
18 24
18 47
18 28
18 44
18 27
18 61
18 63
18 50
18 26
18 29
18 92
18 97
18 78
18 84
18 71
18 76
18 33
18 89
18 93
19 20
19 54
19 62
19 89
19 85
19 59
19 68
19 79
19 37
19 93
19 55
19 43
19 81
19 67
19 24
19 82
19 75
19 71
19 84
19 58
19 61
19 87
19 57
19 90
19 40
19 21
19 47
19 25
19 29
20 21
20 76
20 46
20 66
20 60
20 27
20 88
20 54
20 43
20 22
20 55
20 99
20 86
20 71
20 77
20 59
20 40
20 82
20 33
20 72
20 65
20 32
20 23
20 24
20 94
20 87
20 61
20 93
20 91
20 26
21 22
21 49
21 59
21 50
21 43
21 65
21 94
21 27
21 82
21 25
21 39
21 51
21 69
21 87
21 96
21 93
21 37
21 70
21 71
21 44
21 33
21 48
21 77
21 58
21 67
21 68
21 63
22 23
22 39
22 85
22 56
22 52
22 61
22 82
22 24
22 80
22 79
22 54
22 44
22 47
22 64
22 67
22 58
22 90
22 57
22 41
22 98
22 71
22 42
22 36
22 28
22 86
22 84
23 24
23 59
23 89
23 55
23 53
23 57
23 36
23 87
23 90
23 73
23 78
23 49
23 65
23 76
23 82
23 39
23 66
23 80
23 28
23 52
23 33
23 92
23 79
23 41
23 95
23 34
23 51
23 40
23 62
24 25
24 86
24 43
24 76
24 60
24 29
24 28
24 40
24 46
24 71
24 55
24 99
24 70
24 84
24 94
24 62
24 65
24 93
24 89
24 52
24 50
24 47
24 73
24 41
24 59
24 38
24 67
24 66
24 91
25 26
25 53
25 45
25 32
25 52
25 46
25 95
25 65
25 86
25 92
25 63
25 70
25 38
25 31
25 93
25 40
25 29
25 62
25 74
25 36
25 76
25 81
25 58
25 66
25 90
25 75
25 30
25 28
25 68
25 97
25 61
25 77
25 43
26 27
26 60
26 96
26 98
26 53
26 79
26 35
26 36
26 67
26 90
26 75
26 87
26 76
26 46
26 42
26 78
26 62
26 64
26 30
26 63
26 61
26 97
26 85
26 45
27 28
27 71
27 96
27 43
27 67
27 79
27 56
27 63
27 65
27 54
27 89
27 86
27 81
27 44
27 93
27 33
27 32
27 36
27 85
27 95
27 73
27 39
27 92
27 29
27 57
27 51
27 97
27 90
27 37
27 70
28 29
28 42
28 31
28 90
28 65
28 55
28 79
28 44
28 38
28 93
28 69
28 72
28 43
28 89
28 61
28 57
28 75
28 64
28 41
28 77
28 86
28 39
28 73
28 49
28 83
28 62
28 87
29 30
29 60
29 36
29 63
29 64
29 62
29 71
29 54
29 33
29 58
29 67
29 39
29 42
29 48
29 82
29 35
29 55
29 37
29 59
29 75
29 83
29 43
29 72
29 65
29 76
29 44
29 68
29 94
29 90
30 31
30 72
30 99
30 54
30 87
30 97
30 78
30 95
30 64
30 88
30 49
30 47
30 77
30 85
30 82
30 55
30 92
30 86
30 42
30 90
30 58
30 63
30 62
30 79
30 46
30 76
30 81
30 69
31 32
31 63
31 55
31 73
31 39
31 89
31 72
31 58
31 62
31 33
31 45
31 75
31 48
31 42
31 97
31 86
31 83
31 65
31 78
31 96
31 49
31 91
32 33
32 78
32 65
32 53
32 56
32 77
32 64
32 68
32 35
32 57
32 34
32 82
32 48
32 74
32 38
32 75
32 41
32 91
32 88
32 84
32 86
32 98
32 44
32 49
32 63
32 62
32 93
32 47
33 34
33 43
33 54
33 70
33 57
33 62
33 94
33 39
33 72
33 46
33 98
33 52
33 97
33 79
33 87
33 89
33 69
33 93
33 58
33 65
33 56
33 85
33 64
33 36
34 35
34 83
34 50
34 96
34 91
34 72
34 92
34 43
34 40
34 49
34 89
34 93
34 41
34 48
34 46
34 65
34 44
34 56
34 76
34 87
34 60
34 69
34 73
35 36
35 73
35 62
35 42
35 44
35 63
35 52
35 59
35 86
35 40
35 50
35 39
35 48
35 85
35 58
35 49
35 46
35 67
35 43
35 77
35 95
35 53
35 90
35 83
35 56
36 37
36 47
36 53
36 73
36 39
36 97
36 75
36 80
36 78
36 55
36 85
36 70
36 84
36 56
36 41
36 81
36 72
36 58
36 82
36 83
37 38
37 51
37 74
37 64
37 68
37 42
37 45
37 55
37 39
37 40
37 96
37 63
37 43
37 52
37 76
37 56
37 90
37 47
37 58
37 60
37 41
37 44
37 67
38 39
38 72
38 98
38 83
38 84
38 97
38 43
38 47
38 85
38 82
38 89
38 81
38 79
38 70
38 54
38 46
38 99
38 56
38 58
38 41
38 96
38 68
38 91
38 59
38 87
38 49
39 40
39 47
39 98
39 44
39 48
39 62
39 67
39 59
39 80
39 70
39 87
39 69
39 58
39 52
39 65
39 68
39 90
39 92
39 97
39 51
39 53
39 85
39 76
40 41
40 88
40 86
40 81
40 54
40 72
40 51
40 68
40 73
40 74
40 53
40 48
40 83
40 95
40 92
40 43
40 85
40 76
41 42
41 55
41 51
41 48
41 91
41 89
41 46
41 67
41 43
41 85
41 96
41 81
41 73
41 86
41 97
41 78
41 71
41 45
41 68
41 70
41 62
41 53
41 69
41 60
41 94
42 43
42 72
42 83
42 52
42 71
42 58
42 51
42 91
42 46
42 87
42 70
42 81
42 44
42 80
42 93
42 78
42 65
42 67
42 60
42 57
42 66
43 44
43 54
43 71
43 59
43 68
43 69
43 87
43 93
43 92
43 79
43 75
43 85
43 89
43 53
43 56
43 62
43 55
43 46
43 91
43 90
44 45
44 75
44 93
44 94
44 99
44 96
44 51
44 52
44 83
44 68
44 55
44 77
44 59
44 95
44 66
45 46
45 80
45 69
45 66
45 62
45 86
45 60
45 96
45 77
45 71
45 61
45 55
45 84
45 56
45 73
45 92
45 89
45 98
46 47
46 66
46 97
46 63
46 53
46 84
46 56
46 78
46 62
46 59
46 76
46 73
46 65
46 54
46 70
46 81
46 79
46 95
46 94
47 48
47 93
47 62
47 63
47 64
47 76
47 73
47 54
47 91
47 96
47 61
47 49
47 78
47 84
47 88
47 55
47 58
48 49
48 68
48 96
48 89
48 97
48 65
48 57
48 78
48 51
48 85
48 77
48 71
48 88
48 76
49 50
49 66
49 97
49 62
49 82
49 57
49 58
49 89
49 85
49 75
49 93
49 60
49 98
49 95
49 81
49 61
50 51
50 86
50 83
50 53
50 82
50 75
50 90
50 59
50 99
50 72
50 92
50 79
50 52
50 88
50 66
50 57
50 68
50 80
50 81
51 52
51 83
51 99
51 53
51 55
51 96
51 77
51 75
51 88
51 60
51 97
51 74
51 58
51 61
51 67
52 53
52 92
52 87
52 64
52 70
52 97
52 96
52 65
52 74
52 55
52 60
52 56
52 91
52 71
53 54
53 81
53 83
53 65
53 66
53 82
53 84
53 80
53 59
53 62
53 94
53 92
53 72
53 87
53 89
53 63
53 69
53 88
53 77
54 55
54 82
54 98
54 86
54 91
54 99
54 72
54 81
54 83
54 95
54 67
54 92
54 77
54 89
54 63
54 87
54 80
54 94
54 59
55 56
55 69
55 96
55 72
55 62
55 61
55 67
55 88
55 64
55 98
55 70
55 97
55 74
55 65
55 59
55 80
55 87
56 57
56 84
56 79
56 59
56 75
56 64
56 70
56 96
56 72
56 74
56 58
56 73
56 97
56 68
56 80
57 58
57 65
57 90
57 85
57 99
57 87
57 68
57 74
57 78
57 93
57 92
57 59
57 70
57 60
58 59
58 63
58 92
58 64
58 96
58 82
58 68
58 84
58 73
58 98
58 74
58 61
58 77
59 60
59 91
59 71
59 72
59 68
59 69
59 70
59 74
59 94
59 61
59 87
59 81
59 79
59 76
59 96
59 65
59 63
59 66
59 92
59 85
59 97
59 64
60 61
60 64
60 94
60 69
60 79
60 67
60 71
60 83
60 76
60 87
60 65
60 88
60 95
60 77
60 89
60 66
60 81
60 96
61 62
61 77
61 68
61 83
61 63
61 94
61 78
61 86
61 73
61 89
62 63
62 70
62 91
62 69
62 88
62 74
62 96
62 93
62 95
62 92
62 80
62 75
62 79
62 68
62 99
62 72
62 98
62 83
62 76
63 64
63 73
63 92
63 88
63 78
63 80
63 84
63 71
63 72
63 91
63 95
63 65
63 98
63 89
63 75
63 85
63 90
63 79
64 65
64 76
64 83
64 72
64 93
64 86
64 69
64 75
64 92
64 91
64 94
64 97
64 74
64 70
65 66
65 76
65 81
65 79
65 88
65 95
65 70
65 82
65 78
65 67
65 87
65 75
65 93
66 67
66 92
66 96
66 73
66 85
66 70
66 83
66 77
66 84
66 88
66 97
66 89
66 87
67 68
67 81
67 73
67 69
67 86
67 84
67 94
67 91
67 87
67 77
67 97
67 76
68 69
68 74
68 84
68 73
68 77
68 76
68 83
68 89
68 81
69 70
69 78
69 93
69 86
69 85
69 83
69 71
69 97
69 77
69 75
70 71
70 89
70 93
70 98
70 83
70 96
70 75
70 94
70 84
70 73
70 99
70 74
70 72
71 72
71 87
71 86
71 84
71 95
71 78
71 77
71 93
71 79
71 82
72 73
72 78
72 82
72 92
72 93
72 76
72 97
72 79
72 99
73 74
73 81
73 85
73 97
73 75
73 93
73 89
74 75
74 84
74 98
74 82
74 81
74 83
74 88
74 94
74 96
74 86
74 87
75 76
75 81
75 99
75 78
75 90
76 77
76 91
76 95
76 80
76 79
76 78
76 92
76 98
76 97
76 88
76 86
76 84
76 90
76 81
77 78
77 99
77 89
77 95
77 80
77 88
77 79
77 97
77 92
78 79
78 85
78 81
78 90
78 80
78 95
78 89
78 88
78 83
79 80
79 93
79 99
79 90
79 98
79 97
79 91
79 92
79 86
80 81
80 82
80 98
80 83
80 90
80 87
81 82
81 90
81 93
81 89
81 83
81 87
81 85
81 92
81 96
81 88
82 83
82 87
82 90
83 84
83 91
83 85
83 88
83 94
83 86
83 89
84 85
84 93
84 99
84 91
84 86
84 87
84 96
84 90
85 86
85 97
85 98
85 89
86 87
86 93
86 98
86 91
86 88
87 88
87 92
87 90
87 95
87 98
87 91
88 89
88 99
88 90
88 93
89 90
89 99
89 91
90 91
90 98
90 97
90 96
90 92
91 92
91 96
91 97
91 98
92 93
92 96
93 94
93 99
93 96
94 95
94 99
94 96
95 96
95 97
96 97
96 98
97 98
98 99