0 3 2 1 4 5 6 7 8 9 10 12 11 13 14 15 17 18 19 16 20 22 23 21 24 26 29 28 25 27 32 34 31 33 30 35 37 36 39 38 42 43 44 40 41 45 49 46 47 48 50 52 51 53 54 56 59 55 58 57 61 62 60 63 64 65 68 66 69 67 72 73 70 74 71 77 79 76 78 75 81 83 84 80 82 87 88 85 89 86 91 93 94 92 90 97 99 96 95 98
0 3
0 1
3 2
2 1
2 4
2 93
1 4
1 60
4 48
5 6
5 8
5 9
5 55
6 7
6 9
6 34
7 8
8 96
9 89
10 12
10 13
10 14
12 11
12 14
12 13
11 14
11 63
11 53
13 46
13 65
14 54
15 17
15 16
15 18
15 73
17 18
17 16
17 19
18 19
18 16
19 48
19 90
20 22
20 23
20 24
20 87
22 23
22 21
22 24
23 24
23 73
21 24
21 82
26 29
26 27
26 75
29 28
29 25
28 25
28 27
28 89
32 34
32 31
32 33
32 30
34 30
34 31
31 30
31 98
33 30
33 49
33 81
35 37
35 36
35 39
35 68
37 36
37 43
36 39
36 38
39 38
39 50
42 43
42 41
42 75
42 62
43 44
43 41
44 40
44 74
44 84
40 41
41 84
45 49
45 46
45 48
49 46
46 47
47 48
47 70
50 52
50 54
50 51
52 51
52 54
52 53
51 53
51 54
53 71
56 59
56 57
56 90
59 58
55 58
55 57
57 64
61 62
61 64
61 63
61 60
62 64
62 74
60 63
63 64
65 68
65 66
65 78
68 69
68 67
66 69
66 91
69 67
72 73
72 74
72 70
72 71
73 71
70 74
70 71
77 79
77 76
77 86
79 76
76 78
76 75
78 75
78 97
81 83
81 82
81 80
83 84
83 80
83 82
84 82
87 88
87 86
88 86
88 85
88 89
85 89
85 86
91 93
91 90
91 94
93 94
93 92
94 92
94 90
97 99
97 96
97 95
99 96
99 98
99 95
96 95
95 98