0 11 25 26 27 1 9 12 28 29 30 2 23 21 31 32 33 3 24 34 35 36 4 6 37 38 39 5 20 40 41 42 43 44 45 7 10 46 47 48 8 14 22 49 50 51 19 52 53 54 16 55 56 57 58 59 60 17 61 62 63 13 64 65 66 67 68 69 15 70 71 72 73 74 75 76 77 78 18 79 80 81 82 83 84 85 86 87 88 89 90 91 92 93 94 95 96 97 98 99
0 11
0 25
0 26
0 27
11 5
11 58
11 59
11 60
25 42
25 78
26 83
26 61
27 65
27 85
27 98
27 32
1 9
1 12
1 28
1 29
1 30
9 19
9 52
9 53
9 54
12 7
12 17
12 61
12 62
12 63
28 37
29 60
30 36
30 80
2 23
2 21
2 31
2 32
2 33
23 94
23 95
23 96
21 3
21 8
21 10
21 88
21 89
21 90
31 66
32 71
32 73
32 47
33 54
33 35
33 94
33 91
3 24
3 34
3 35
3 36
24 97
24 98
24 99
34 81
35 63
36 74
4 6
4 37
4 38
4 39
6 20
6 43
6 44
6 45
37 57
37 69
37 91
38 97
39 96
39 46
5 20
5 40
5 41
5 42
20 14
20 15
20 18
20 85
20 86
20 87
40 82
40 75
41 63
42 88
43 66
44 56
45 67
7 10
7 46
7 47
7 48
10 16
10 55
10 56
10 57
46 60
47 53
47 52
47 60
47 99
48 50
48 61
8 14
8 22
8 49
8 50
8 51
14 13
14 67
14 68
14 69
22 91
22 92
22 93
49 82
50 67
51 69
19 82
19 83
19 84
52 59
53 93
16 73
16 74
16 75
55 87
55 57
56 80
58 72
59 78
60 64
17 76
17 77
17 78
61 63
62 95
13 64
13 65
13 66
66 72
68 79
69 70
69 97
15 70
15 71
15 72
71 84
72 77
72 76
73 86
75 90
75 86
76 96
18 79
18 80
18 81
79 84
80 81
80 95
88 95
89 95
91 92
92 99