38 14 15 91 87 6 33 34 86 16 76 57 19 29 31 55 56 20 9 13 92 59 45 79 40 32 98 28 61 96 47 23 30 81 82 90 44 65 52 43 67 36 80 70 50 7 2 71 24 68 26 42 72 99 25 46 77 83 8 60 62 49 75 84 94 63 35 95 69 3 11 27 97 73 1 5 39 74 89 37 22 64 48 66 21 10 78 18 58 88 51 17 12 53 41 85 4 54 93 0
38 14
14 15
14 44
15 91
91 87
91 75
91 10
87 6
87 21
6 33
33 34
33 68
33 9
33 93
34 86
34 45
34 65
34 67
86 16
86 54
86 49
16 76
16 20
16 23
76 57
76 37
76 84
76 54
57 19
57 92
57 31
57 93
57 23
57 18
57 35
19 29
19 73
29 31
29 26
29 11
29 77
31 55
31 60
31 3
55 56
55 69
56 20
56 98
56 39
56 48
20 9
20 92
20 73
20 42
9 13
9 5
13 92
13 58
92 59
92 4
92 12
59 45
59 98
59 90
59 30
45 79
45 41
79 40
40 32
40 22
32 98
32 72
32 10
32 30
98 28
28 61
28 43
61 96
61 70
96 47
96 85
47 23
23 30
23 85
23 88
30 81
30 5
30 74
30 69
81 82
82 90
82 83
90 44
90 7
44 65
65 52
65 46
52 43
52 58
43 67
43 74
67 36
67 41
36 80
36 4
80 70
80 69
80 21
80 48
80 41
80 93
70 50
70 69
70 41
50 7
50 63
7 2
7 73
2 71
2 17
2 95
71 24
71 77
24 68
68 26
68 95
26 42
26 4
42 72
72 99
72 62
99 25
99 60
25 46
46 77
46 4
46 5
46 84
77 83
77 39
83 8
8 60
8 37
60 62
60 27
62 49
62 27
49 75
49 78
75 84
84 94
94 63
63 35
35 95
95 69
69 3
3 11
11 27
11 88
27 97
27 48
97 73
73 1
1 5
5 39
39 74
74 89
89 37
37 22
22 64
22 53
64 48
48 66
66 21
21 10
21 93
10 78
78 18
18 58
58 88
58 41
88 51
88 54
88 12
51 17
17 12
12 53
53 41
41 85
41 54
85 4
4 54
54 93
93 0