0 1 2 3 4 5 6 7 8 9 10 11 12 13 14 15 16 17 18 19 20 21 22 23 24 25 26 27 28 29 30 31 32 33 34 35 36 37 38 39 40 41 42 43 44 45 46 47 48 49 50 51 52 53 54 55 56 57 58 59 60 61 62 63 64 65 66 67 68 69 70 71 72 73 74 75 76 77 78 79 80 81 82 83 84 85 86 87 88 89 90 91 92 93 94 95 96 97 98
0 33
0 34
0 17
1 35
1 6
1 17
1 36
2 37
2 4
2 30
2 38
3 7
4 14
4 27
4 42
4 10
4 8
5 20
5 18
5 43
5 44
6 10
6 45
6 7
6 11
6 46
8 49
8 50
8 24
9 51
11 55
11 32
11 56
12 31
12 58
12 57
12 20
13 18
13 60
14 61
14 19
15 64
15 26
16 66
16 17
17 68
17 67
18 29
19 72
19 71
20 73
20 74
21 76
21 29
21 75
22 77
23 31
23 80
23 79
24 82
24 81
25 83
25 84
26 86
26 85
27 88
27 87
27 31
28 90
28 89
29 91
29 92
30 93
30 94
31 95
31 96
32 98
32 97
37 39
38 40
41 43
45 47
46 48
49 51
50 52
53 55
54 56
57 59
61 63
62 64
65 67
69 71
70 72
77 79
78 80
82 84
86 88
90 92