91 79 5 58 2 8 18 3 52 14 99 32 62 37 15 88 61 89 50 73 10 63 17 55 48 56 59 75 97 60 29 95 40 92 24 20 57 65 72 64 33 21 31 82 85 38 86 49 9 71 70 98 67 4 46 28 69 54 51 44 42 80 90 96 27 36 43 93 66 45 13 47 25 53 94 81 41 83 30 68 34 76 7 39 26 1 11 23 77 35 19 12 84 78 74 87 0 22 16 6
91 79
91 96
91 78
91 9
91 92
91 66
79 29
79 0
79 23
79 88
79 19
5 58
5 15
5 88
5 71
5 37
5 87
5 83
5 84
5 52
5 48
58 69
58 17
58 53
58 65
58 78
58 34
58 93
58 80
58 4
2 8
2 30
2 64
2 19
2 96
2 44
2 20
8 60
8 88
8 46
8 10
8 99
8 93
8 37
8 73
18 3
18 60
18 72
18 70
18 71
18 86
18 73
18 25
18 23
3 64
3 43
3 12
3 82
3 24
3 54
3 77
3 65
52 14
52 28
52 66
52 96
14 85
14 51
14 96
14 75
14 57
14 69
99 32
99 44
99 7
99 17
99 80
99 66
99 55
99 65
99 88
32 56
32 53
32 1
32 69
32 95
32 72
32 68
62 37
62 55
62 36
62 15
62 49
62 44
62 23
62 47
37 59
37 95
37 82
37 57
37 90
15 27
15 86
15 69
15 95
88 61
88 73
88 20
88 25
88 81
88 49
88 97
88 96
88 64
61 93
61 23
61 89
61 50
61 59
89 50
89 31
89 11
89 66
89 30
89 33
89 51
50 31
50 42
50 10
50 80
50 33
50 0
73 10
73 17
73 66
73 1
73 55
73 97
73 74
10 75
10 76
10 70
10 31
10 30
63 17
63 57
17 25
17 82
17 1
55 48
55 43
55 68
55 66
55 30
48 40
48 4
48 27
48 80
48 98
48 33
56 66
56 21
56 9
75 97
75 60
75 85
75 30
75 86
97 54
97 27
97 74
97 45
60 38
60 28
60 1
29 28
29 57
29 90
29 22
95 66
95 49
95 33
95 16
95 12
95 27
40 49
40 84
40 4
40 78
40 16
40 13
92 24
92 86
92 47
92 54
92 19
92 51
92 70
24 13
24 19
24 87
24 39
24 67
20 47
57 65
57 72
57 90
57 34
57 76
57 98
57 42
57 51
57 6
57 87
65 26
65 84
65 34
65 46
65 21
65 30
72 93
72 34
64 33
64 9
64 4
64 45
33 21
33 45
33 51
21 45
21 41
21 12
31 98
31 71
31 67
31 42
82 54
82 83
85 4
38 36
38 13
38 80
38 49
86 4
86 77
86 41
86 19
9 46
9 45
71 70
71 80
71 47
71 35
98 67
67 84
4 26
46 94
46 41
69 94
69 12
69 77
69 54
51 35
51 13
44 42
44 77
44 19
44 53
42 45
80 13
90 68
90 94
96 68
96 77
96 13
27 16
36 45
36 13
36 16
43 11
66 45
66 23
45 76
13 47
13 94
25 74
25 1
94 11
94 22
41 83
30 78
30 7
68 34
34 77
76 12
7 39
39 77
26 1
23 35
35 87