25 23 37 62 33 59 44 18 16 20 43 11 4 14 26 10 49 31 79 69 46 29 30 68 82 52 85 88 41 80 0 36 72 54 56 77 53 35 87 67 83 47 76 57 89 50 38 58 34 5 74 13 19 48 1 21 70 60 22 17 65 32 45 51 39 28 12 24 63 95 93 55 78 15 3 40 92 90 8 42 75 27 2 86 7 71 6 81 66 73 64 91 61 84 9 94 98 96 97 99
25 29
25 91
25 9
25 98
23 51
23 12
37 57
37 68
37 13
62 55
62 79
33 58
33 69
59 90
44 9
18 91
18 63
16 36
20 9
43 52
43 2
11 75
11 10
11 30
4 32
14 90
14 79
26 46
26 54
10 41
49 69
49 34
49 93
31 68
31 89
79 70
79 17
79 5
79 41
46 29
46 24
68 61
82 95
82 1
85 8
85 35
88 13
88 15
80 12
80 83
0 83
0 3
36 81
72 54
72 1
72 56
54 27
54 6
56 93
77 53
53 71
53 65
35 57
87 7
67 32
83 55
83 39
47 51
76 17
57 34
57 94
57 38
50 74
38 21
58 92
5 48
74 86
19 92
1 32
60 78
60 39
22 6
32 40
32 2
45 24
51 86
28 40
28 55
55 64
90 81
8 66
42 84
42 2
7 81
71 6
66 73
98 99
98 96
98 97