0 14 23 19 25 26 27 1 2 3 28 29 30 31 32 33 16 34 35 36 4 10 37 38 39 5 17 20 40 41 42 6 15 12 43 44 45 7 9 46 47 48 8 18 49 50 51 52 53 54 24 55 56 57 11 58 59 60 61 62 63 13 22 64 65 66 67 68 69 70 71 72 73 74 75 76 77 78 79 80 81 82 83 84 85 86 87 21 88 89 90 91 92 93 94 95 96 97 98 99
0 14
0 23
0 19
0 25
0 26
0 27
14 11
14 67
14 68
14 69
23 20
23 94
23 95
23 96
19 6
19 82
19 83
19 84
25 91
25 39
26 82
26 44
27 62
27 52
27 91
1 2
1 3
1 28
1 29
1 30
2 31
2 32
2 33
3 16
3 34
3 35
3 36
28 88
28 34
29 38
29 32
30 67
31 39
32 92
33 59
16 8
16 13
16 73
16 74
16 75
34 65
34 48
35 51
36 45
36 64
4 10
4 37
4 38
4 39
10 8
10 24
10 55
10 56
10 57
37 74
37 97
39 63
39 95
5 17
5 20
5 40
5 41
5 42
17 7
17 76
17 77
17 78
20 85
20 86
20 87
40 59
41 58
41 62
42 53
42 69
6 15
6 12
6 43
6 44
6 45
15 70
15 71
15 72
12 8
12 61
12 62
12 63
43 84
43 95
43 93
44 73
45 97
7 9
7 46
7 47
7 48
9 52
9 53
9 54
46 92
47 71
48 72
8 18
8 49
8 50
8 51
18 79
18 80
18 81
49 89
49 61
50 60
50 73
50 81
51 61
51 96
52 67
52 64
53 54
53 66
24 21
24 97
24 98
24 99
55 78
55 85
56 80
57 62
11 58
11 59
11 60
59 86
60 90
62 70
62 76
62 77
13 22
13 64
13 65
13 66
22 91
22 92
22 93
68 86
69 79
71 81
72 96
75 82
79 97
80 88
81 85
81 93
81 99
82 92
83 90
85 86
87 91
21 88
21 89
21 90
92 96
93 98
94 96