0 9 10 11 12 17 20 21 22 24 25 27 29 30 34 35 38 41 43 45 46 47 52 54 55 58 59 63 69 70 81 82 87 89 90 93 94 98 99 1 4 5 6 16 18 23 28 33 36 37 40 44 50 56 57 64 65 66 68 75 77 86 91 92 2 7 8 13 14 15 26 31 32 61 71 72 79 83 84 85 3 19 39 42 48 51 53 60 62 74 76 78 97 49 73 80 96 95 67 88
0 9
0 10
0 11
0 12
0 17
0 20
0 21
0 22
0 24
0 25
0 27
0 29
0 30
0 34
0 35
0 38
0 41
0 43
0 45
0 46
0 47
0 52
0 54
0 55
0 58
0 59
0 63
0 69
0 70
0 81
0 82
0 87
0 89
0 90
0 93
0 94
0 98
0 99
9 2
9 5
9 7
9 10
9 11
9 12
9 13
9 18
9 19
9 24
9 25
9 27
9 30
9 31
9 34
9 36
9 43
9 44
9 46
9 47
9 49
9 50
9 54
9 56
9 57
9 59
9 60
9 63
9 65
9 69
9 74
9 81
9 85
9 87
9 93
9 94
9 99
10 3
10 5
10 12
10 14
10 15
10 17
10 23
10 24
10 28
10 30
10 31
10 32
10 37
10 38
10 42
10 44
10 46
10 49
10 51
10 52
10 54
10 55
10 56
10 58
10 62
10 68
10 69
10 71
10 78
10 82
10 85
10 88
10 90
10 92
10 93
10 95
10 96
10 98
10 99
11 7
11 8
11 14
11 15
11 18
11 19
11 21
11 22
11 24
11 26
11 28
11 30
11 31
11 38
11 41
11 49
11 52
11 53
11 54
11 57
11 63
11 64
11 66
11 68
11 70
11 71
11 75
11 79
11 80
11 86
11 87
11 91
11 92
11 93
11 95
11 96
11 97
12 3
12 4
12 5
12 7
12 15
12 16
12 17
12 20
12 22
12 25
12 27
12 29
12 30
12 32
12 37
12 41
12 42
12 43
12 45
12 47
12 51
12 54
12 56
12 57
12 59
12 60
12 61
12 62
12 65
12 67
12 68
12 69
12 70
12 72
12 76
12 79
12 81
12 83
12 87
12 91
12 92
12 94
12 95
12 97
17 1
17 2
17 4
17 6
17 15
17 18
17 21
17 22
17 23
17 24
17 25
17 26
17 31
17 33
17 34
17 35
17 37
17 39
17 41
17 44
17 47
17 52
17 54
17 57
17 58
17 60
17 61
17 62
17 63
17 65
17 66
17 67
17 70
17 72
17 75
17 78
17 79
17 82
17 88
17 89
17 92
17 94
17 96
17 97
17 98
20 7
20 14
20 16
20 22
20 23
20 25
20 26
20 27
20 29
20 33
20 35
20 37
20 43
20 44
20 45
20 47
20 48
20 49
20 55
20 56
20 59
20 63
20 71
20 72
20 74
20 76
20 78
20 81
20 82
20 83
20 91
20 93
20 94
20 96
20 99
21 1
21 2
21 3
21 13
21 14
21 19
21 22
21 23
21 24
21 27
21 28
21 30
21 31
21 40
21 43
21 45
21 46
21 47
21 49
21 52
21 53
21 55
21 64
21 65
21 71
21 72
21 73
21 75
21 78
21 80
21 82
21 85
21 86
21 87
21 89
21 90
21 91
22 2
22 4
22 5
22 8
22 24
22 25
22 27
22 28
22 30
22 33
22 37
22 38
22 43
22 46
22 49
22 51
22 54
22 55
22 59
22 61
22 63
22 66
22 67
22 69
22 71
22 74
22 77
22 86
22 87
22 89
22 91
22 92
22 93
22 95
22 96
22 98
22 99
24 1
24 13
24 14
24 19
24 25
24 31
24 32
24 39
24 43
24 46
24 49
24 50
24 52
24 53
24 56
24 57
24 58
24 60
24 62
24 64
24 66
24 67
24 68
24 69
24 78
24 84
24 87
24 89
24 90
24 91
24 92
24 93
24 94
24 99
25 2
25 3
25 4
25 6
25 7
25 8
25 13
25 14
25 16
25 18
25 19
25 23
25 31
25 34
25 35
25 36
25 37
25 41
25 47
25 50
25 51
25 55
25 59
25 62
25 63
25 64
25 65
25 69
25 75
25 84
25 85
25 86
25 90
25 91
25 92
25 98
25 99
27 1
27 6
27 7
27 8
27 14
27 15
27 19
27 30
27 32
27 33
27 34
27 41
27 46
27 48
27 50
27 52
27 55
27 57
27 58
27 59
27 60
27 65
27 66
27 67
27 69
27 73
27 75
27 76
27 79
27 83
27 87
27 90
27 93
27 94
27 95
27 96
27 98
29 4
29 6
29 8
29 13
29 15
29 18
29 26
29 31
29 33
29 34
29 37
29 38
29 40
29 43
29 44
29 46
29 48
29 51
29 54
29 56
29 57
29 62
29 64
29 65
29 70
29 72
29 74
29 75
29 76
29 79
29 83
29 85
29 87
29 91
29 92
29 93
29 95
30 5
30 7
30 8
30 14
30 16
30 19
30 26
30 33
30 35
30 47
30 52
30 54
30 55
30 56
30 58
30 60
30 61
30 64
30 66
30 67
30 70
30 74
30 77
30 81
30 85
30 87
30 88
30 89
30 90
30 94
30 95
30 96
30 97
30 99
34 5
34 6
34 7
34 8
34 13
34 15
34 19
34 26
34 28
34 32
34 33
34 35
34 36
34 38
34 40
34 46
34 47
34 48
34 49
34 50
34 53
34 55
34 57
34 59
34 60
34 62
34 64
34 65
34 69
34 74
34 76
34 89
34 91
34 92
34 98
35 6
35 8
35 16
35 23
35 26
35 38
35 41
35 44
35 46
35 50
35 52
35 56
35 57
35 58
35 62
35 63
35 64
35 66
35 67
35 70
35 72
35 76
35 82
35 83
35 85
35 93
35 94
35 98
38 1
38 8
38 13
38 15
38 19
38 23
38 26
38 28
38 36
38 37
38 39
38 42
38 43
38 45
38 50
38 54
38 60
38 64
38 67
38 68
38 71
38 72
38 75
38 76
38 77
38 80
38 83
38 86
38 88
38 89
38 95
38 98
41 1
41 2
41 6
41 7
41 14
41 15
41 19
41 26
41 42
41 46
41 51
41 52
41 53
41 56
41 58
41 66
41 70
41 71
41 73
41 74
41 77
41 79
41 82
41 83
41 85
41 88
41 89
41 96
41 99
43 14
43 16
43 26
43 33
43 37
43 47
43 48
43 51
43 53
43 54
43 62
43 63
43 64
43 66
43 69
43 72
43 73
43 75
43 79
43 82
43 83
43 84
43 85
43 91
45 2
45 16
45 23
45 26
45 28
45 33
45 54
45 55
45 60
45 63
45 66
45 67
45 77
45 79
45 82
45 92
45 93
45 94
45 98
45 99
46 1
46 8
46 13
46 14
46 19
46 32
46 39
46 42
46 44
46 48
46 49
46 51
46 54
46 55
46 60
46 62
46 69
46 71
46 73
46 74
46 75
46 77
46 78
46 80
46 81
46 82
46 83
46 86
46 87
46 90
46 93
46 98
46 99
47 1
47 5
47 7
47 8
47 18
47 19
47 23
47 33
47 36
47 48
47 51
47 53
47 54
47 56
47 58
47 59
47 66
47 67
47 71
47 72
47 73
47 75
47 77
47 78
47 79
47 80
47 81
47 84
47 86
47 90
47 94
47 96
52 2
52 6
52 16
52 23
52 26
52 32
52 33
52 36
52 37
52 39
52 42
52 53
52 54
52 60
52 61
52 67
52 68
52 70
52 73
52 74
52 78
52 79
52 80
52 82
52 84
52 87
52 90
52 91
52 95
52 99
54 1
54 5
54 14
54 15
54 23
54 26
54 32
54 40
54 42
54 44
54 48
54 49
54 59
54 60
54 61
54 63
54 69
54 71
54 72
54 73
54 74
54 75
54 76
54 78
54 84
54 88
54 94
55 2
55 6
55 15
55 19
55 36
55 42
55 48
55 49
55 50
55 61
55 62
55 65
55 67
55 69
55 71
55 72
55 74
55 78
55 80
55 84
55 85
55 87
55 89
55 93
55 96
58 5
58 6
58 7
58 13
58 14
58 15
58 16
58 26
58 32
58 50
58 51
58 56
58 59
58 60
58 64
58 65
58 68
58 70
58 71
58 72
58 74
58 77
58 78
58 79
58 82
58 84
58 88
58 90
58 93
58 94
58 96
58 98
59 1
59 6
59 23
59 36
59 42
59 50
59 57
59 60
59 61
59 62
59 63
59 66
59 69
59 73
59 83
59 86
59 87
59 90
59 91
59 92
59 93
59 95
59 97
59 98
59 99
63 2
63 3
63 5
63 7
63 13
63 16
63 18
63 26
63 28
63 37
63 39
63 42
63 60
63 61
63 66
63 68
63 69
63 72
63 74
63 75
63 77
63 78
63 83
63 84
63 87
63 88
63 96
63 97
63 98
63 99
69 1
69 5
69 7
69 8
69 13
69 14
69 15
69 19
69 23
69 31
69 36
69 39
69 50
69 51
69 56
69 57
69 62
69 68
69 70
69 73
69 74
69 81
69 82
69 90
69 93
69 96
69 98
70 1
70 2
70 3
70 4
70 6
70 8
70 14
70 15
70 16
70 23
70 28
70 31
70 33
70 36
70 37
70 39
70 48
70 51
70 56
70 60
70 61
70 64
70 67
70 72
70 75
70 77
70 79
70 82
70 83
70 86
70 88
70 89
70 92
70 96
70 99
81 6
81 7
81 14
81 18
81 19
81 31
81 36
81 37
81 40
81 42
81 44
81 50
81 56
81 57
81 60
81 61
81 65
81 66
81 75
81 77
81 80
81 85
81 86
81 87
81 89
81 92
82 1
82 6
82 7
82 8
82 14
82 15
82 19
82 23
82 26
82 33
82 39
82 40
82 50
82 56
82 57
82 61
82 68
82 73
82 77
82 84
82 87
82 88
82 90
82 92
87 3
87 5
87 8
87 13
87 23
87 26
87 28
87 31
87 32
87 39
87 40
87 42
87 62
87 64
87 66
87 76
87 78
87 79
87 92
87 97
89 3
89 4
89 5
89 14
89 15
89 18
89 19
89 28
89 32
89 44
89 49
89 50
89 56
89 60
89 61
89 62
89 64
89 68
89 71
89 72
89 74
89 75
89 76
89 77
89 80
89 90
89 91
89 92
89 95
89 98
90 1
90 2
90 5
90 6
90 7
90 13
90 14
90 16
90 19
90 26
90 28
90 31
90 40
90 50
90 51
90 53
90 60
90 61
90 67
90 68
90 72
90 74
90 85
90 88
90 91
90 98
93 3
93 8
93 19
93 28
93 36
93 48
93 49
93 51
93 64
93 66
93 71
93 79
93 80
93 84
93 88
93 91
93 95
93 99
94 7
94 8
94 15
94 16
94 19
94 23
94 31
94 36
94 39
94 40
94 44
94 49
94 50
94 51
94 53
94 56
94 61
94 62
94 64
94 66
94 74
94 76
94 77
94 88
94 91
94 98
98 1
98 2
98 4
98 5
98 7
98 16
98 26
98 28
98 31
98 33
98 39
98 40
98 42
98 44
98 53
98 61
98 64
98 67
98 71
98 74
98 75
98 76
98 80
98 83
98 85
98 88
98 91
99 2
99 4
99 5
99 7
99 13
99 15
99 19
99 31
99 33
99 39
99 40
99 42
99 44
99 49
99 50
99 51
99 56
99 57
99 67
99 72
99 73
99 74
99 76
99 78
99 80
99 83
99 86
99 96
1 4
1 5
1 6
1 16
1 18
1 23
1 28
1 33
1 36
1 37
1 40
1 44
1 50
1 56
1 57
1 64
1 65
1 66
1 68
1 75
1 77
1 86
1 91
1 92
4 5
4 7
4 8
4 28
4 32
4 33
4 48
4 56
4 57
4 62
4 64
4 66
4 71
4 74
4 75
4 76
4 78
4 79
4 92
4 97
5 2
5 3
5 8
5 13
5 16
5 19
5 31
5 33
5 36
5 42
5 49
5 56
5 61
5 71
5 73
5 80
5 84
5 86
5 92
5 96
6 7
6 8
6 15
6 16
6 23
6 28
6 32
6 39
6 44
6 49
6 53
6 60
6 61
6 62
6 72
6 73
6 75
6 79
6 80
6 91
6 95
6 96
6 97
16 8
16 13
16 23
16 28
16 31
16 36
16 37
16 39
16 42
16 49
16 60
16 61
16 62
16 64
16 67
16 68
16 78
16 79
16 84
16 85
16 86
16 91
16 92
16 96
18 2
18 3
18 14
18 19
18 36
18 37
18 39
18 44
18 48
18 53
18 62
18 68
18 72
18 73
18 74
18 77
18 78
18 79
18 86
18 92
23 2
23 13
23 14
23 15
23 26
23 31
23 32
23 39
23 50
23 57
23 62
23 64
23 66
23 72
23 79
23 95
28 3
28 8
28 15
28 26
28 32
28 36
28 39
28 50
28 53
28 56
28 57
28 64
28 67
28 71
28 72
28 73
28 76
28 79
28 83
28 84
28 92
28 95
28 97
33 26
33 32
33 36
33 44
33 51
33 56
33 66
33 73
33 80
33 85
33 95
33 97
36 3
36 8
36 13
36 15
36 39
36 42
36 56
36 64
36 73
36 74
36 76
36 78
36 83
36 84
36 85
36 88
36 96
37 3
37 7
37 13
37 19
37 31
37 32
37 40
37 44
37 51
37 53
37 57
37 60
37 64
37 65
37 67
37 71
37 72
37 78
37 86
37 92
37 96
40 2
40 7
40 13
40 44
40 51
40 53
40 62
40 66
40 67
40 71
40 72
40 73
40 74
40 75
40 80
40 83
40 84
40 85
40 86
40 88
40 91
40 97
44 7
44 8
44 14
44 31
44 32
44 49
44 50
44 57
44 64
44 65
44 67
44 71
44 72
44 73
44 74
44 75
44 76
44 78
44 84
44 92
44 96
50 3
50 19
50 32
50 42
50 49
50 62
50 64
50 65
50 68
50 71
50 73
50 77
50 83
50 84
50 86
50 91
50 95
50 97
56 15
56 32
56 42
56 51
56 53
56 57
56 62
56 66
56 68
56 71
56 73
56 74
56 75
56 78
56 83
56 84
56 86
56 92
56 96
57 3
57 8
57 13
57 19
57 31
57 42
57 51
57 60
57 64
57 72
57 83
57 86
57 88
64 7
64 49
64 53
64 61
64 65
64 67
64 68
64 71
64 73
64 75
64 76
64 77
64 79
64 86
64 88
64 91
64 96
64 97
65 2
65 14
65 26
65 39
65 48
65 66
65 71
65 72
65 74
65 78
65 79
65 83
65 91
65 92
65 95
66 8
66 14
66 26
66 32
66 39
66 42
66 49
66 53
66 68
66 71
66 73
66 75
66 86
66 88
68 2
68 8
68 15
68 39
68 42
68 53
68 61
68 72
68 76
68 79
68 83
68 88
68 92
75 7
75 14
75 15
75 26
75 32
75 42
75 51
75 60
75 71
75 72
75 73
75 77
75 80
75 83
75 84
77 2
77 3
77 7
77 8
77 13
77 26
77 31
77 42
77 49
77 53
77 73
77 78
77 80
77 84
77 91
86 2
86 3
86 7
86 13
86 15
86 26
86 32
86 39
86 42
86 48
86 49
86 67
86 71
86 72
86 74
86 78
86 79
86 83
86 96
91 8
91 13
91 14
91 26
91 32
91 42
91 48
91 49
91 60
91 67
91 80
91 95
91 96
92 7
92 8
92 13
92 19
92 32
92 39
92 48
92 53
92 60
92 61
92 74
92 80
92 84
92 85
92 96
92 97
2 7
2 8
2 13
2 14
2 15
2 26
2 31
2 32
2 61
2 71
2 72
2 79
2 83
2 84
2 85
7 3
7 48
7 51
7 60
7 61
7 67
7 71
7 72
7 73
7 74
7 80
7 95
7 96
7 97
8 3
8 15
8 32
8 42
8 48
8 51
8 60
8 62
8 67
8 72
8 74
8 76
8 78
8 88
13 14
13 15
13 26
13 31
13 39
13 51
13 53
13 60
13 61
13 62
13 74
13 78
13 80
13 83
13 85
13 88
13 95
14 3
14 19
14 32
14 48
14 49
14 51
14 53
14 72
14 76
14 79
14 80
14 83
14 84
14 85
14 95
15 19
15 26
15 31
15 39
15 48
15 49
15 60
15 61
15 62
15 67
15 73
15 95
26 19
26 31
26 49
26 53
26 61
26 67
26 72
31 32
31 39
31 49
31 61
31 72
31 76
31 83
31 96
32 48
32 49
32 61
32 71
32 74
32 78
32 83
32 95
32 96
61 19
61 49
61 62
61 67
61 71
61 72
61 73
61 74
61 80
61 83
61 97
71 48
71 62
71 67
71 73
71 74
71 79
71 83
71 84
71 88
71 96
72 19
72 42
72 53
72 76
72 79
72 85
72 88
72 95
72 97
79 3
79 19
79 67
79 78
79 83
83 49
83 62
83 74
83 76
83 80
83 95
83 96
84 3
84 19
84 42
84 48
84 49
84 67
84 74
84 78
84 95
85 3
85 39
85 42
85 48
85 49
85 53
85 76
85 80
85 88
85 95
3 19
3 39
3 42
3 48
3 51
3 53
3 60
3 62
3 74
3 76
19 48
19 49
19 67
19 73
19 74
19 88
39 42
39 60
39 73
39 74
39 80
42 48
42 49
42 51
42 53
42 76
42 96
42 97
48 62
48 67
48 74
51 53
51 60
51 62
51 73
51 76
51 78
51 80
53 62
53 67
53 73
53 74
53 76
53 78
53 80
53 97
60 73
60 88
60 96
62 49
62 73
62 80
62 88
74 49
74 78
74 88
74 95
74 96
74 97
76 78
76 88
76 97
78 49
78 73
78 88
97 49
97 80
97 88
97 95
49 95
49 96
73 67
73 80
80 96
96 67
95 67
67 88