87 4 21 8 41 70 54 72 66 56 18 50 25 39 27 84 96 64 26 49 79 33 92 5 3 31 35 61 80 89 42 68 32 10 34 19 82 24 51 52 53 73 16 15 63 97 7 57 77 43 71 9 59 62 90 30 6 99 36 0 75 13 47 1 37 67 20 83 58 17 44 86 46 91 2 12 11 22 81 14 55 45 28 29 38 93 48 78 65 88 85 60 74 40 23 76 95 69 98 94
87 4
87 55
87 63
87 39
4 46
4 32
4 60
4 61
4 67
21 8
21 96
21 39
21 85
21 51
8 50
8 5
8 68
8 71
8 88
8 99
8 53
8 54
8 1
41 70
41 66
41 39
41 9
41 71
41 83
41 57
41 61
41 31
70 64
70 13
70 33
70 48
70 27
70 25
70 67
54 72
54 78
54 16
72 63
72 56
66 68
66 77
66 62
66 55
66 39
56 18
56 10
56 62
56 7
56 77
56 64
56 53
56 13
18 25
18 3
18 53
18 43
18 67
18 31
18 29
50 39
50 97
50 61
50 93
50 91
50 90
50 73
25 77
25 44
25 9
25 89
25 63
25 34
39 27
39 49
39 81
39 20
27 57
27 86
27 96
27 46
27 68
84 96
84 55
84 88
84 34
84 90
96 59
96 32
96 65
96 42
64 26
64 73
64 32
64 33
64 79
64 89
64 3
64 68
26 63
26 97
26 58
26 45
26 12
26 89
26 83
26 42
26 52
49 79
49 73
49 52
79 31
79 12
79 77
33 92
33 53
33 48
33 97
33 98
33 94
92 30
92 15
92 95
92 1
92 34
5 20
5 24
5 3
3 99
3 29
3 13
31 35
31 38
35 24
35 93
35 90
35 51
61 80
61 86
61 14
61 60
80 82
80 51
80 48
80 91
89 42
89 9
89 6
89 85
89 86
42 19
42 60
42 36
68 62
68 90
68 9
32 10
32 16
32 22
10 43
10 81
10 11
34 19
34 52
34 16
34 15
34 99
19 7
19 48
19 22
82 9
82 36
82 20
82 95
24 44
24 20
24 0
24 1
51 37
51 20
51 77
51 88
52 65
52 30
52 81
52 67
53 0
53 85
53 12
53 93
73 75
73 11
16 15
16 59
16 75
16 83
15 43
63 57
63 67
63 36
63 44
63 46
97 55
97 13
97 91
97 83
7 11
7 67
7 1
57 29
57 45
77 43
77 58
43 91
43 98
71 2
71 6
9 36
59 38
59 45
59 37
59 58
62 30
62 47
62 22
62 93
62 23
90 93
30 91
6 99
6 17
6 44
99 40
99 75
36 0
0 83
75 83
75 74
75 45
13 47
47 1
47 55
1 74
37 44
37 81
37 40
67 55
67 58
67 85
20 81
83 74
83 22
58 45
58 2
58 76
86 46
46 48
91 2
91 69
91 95
2 93
2 45
12 11
11 48
11 40
81 14
81 76
55 93
28 29
29 38
29 23
29 74
38 69
65 40
88 85