0 5 21 23 25 26 27 1 8 15 28 29 30 2 3 13 31 32 33 34 35 36 4 9 14 37 38 39 40 41 42 6 12 43 44 45 7 46 47 48 22 49 50 51 52 53 54 10 18 55 56 57 11 58 59 60 61 62 63 16 64 65 66 67 68 69 20 24 70 71 72 73 74 75 17 76 77 78 79 80 81 19 82 83 84 85 86 87 88 89 90 91 92 93 94 95 96 97 98 99
0 5
0 21
0 23
0 25
0 26
0 27
5 40
5 41
5 42
21 7
21 10
21 19
21 88
21 89
21 90
23 14
23 15
23 94
23 95
23 96
25 47
25 65
25 91
26 83
26 27
27 87
27 37
27 97
27 49
1 8
1 15
1 28
1 29
1 30
8 22
8 49
8 50
8 51
15 6
15 20
15 24
15 70
15 71
15 72
28 95
29 38
29 94
30 36
30 33
30 40
30 88
2 3
2 13
2 31
2 32
2 33
3 34
3 35
3 36
13 16
13 22
13 64
13 65
13 66
31 45
32 57
33 51
34 70
35 97
4 9
4 14
4 37
4 38
4 39
9 52
9 53
9 54
14 11
14 67
14 68
14 69
37 78
37 59
38 54
39 66
39 69
40 55
41 62
42 85
42 80
6 12
6 43
6 44
6 45
12 61
12 62
12 63
43 45
43 88
44 95
7 46
7 47
7 48
46 51
48 67
48 78
22 17
22 91
22 92
22 93
49 64
49 54
50 60
52 62
53 66
54 89
10 18
10 55
10 56
10 57
18 79
18 80
18 81
55 61
56 58
56 93
56 91
57 74
11 58
11 59
11 60
59 79
59 96
60 75
62 82
62 91
62 92
63 67
16 73
16 74
16 75
66 84
66 80
68 93
69 73
69 76
69 71
20 85
20 86
20 87
24 97
24 98
24 99
70 86
70 94
71 88
72 84
74 98
75 83
17 76
17 77
17 78
77 85
80 94
81 87
19 82
19 83
19 84
83 98
84 90
86 92
88 99
95 99