0 1 4 12 20 24 36 46 48 52 57 61 68 80 81 84 91 95 98 2 6 7 11 18 22 34 37 38 43 45 63 82 83 90 17 39 42 49 53 70 72 77 78 87 89 93 96 3 8 10 13 26 27 32 58 62 85 97 16 23 29 31 50 54 60 71 5 25 28 21 30 59 92 35 55 64 88 9 14 15 41 65 66 67 73 76 51 99 33 75 69 74 56 19 79 94 44 47 86 40
0 1
0 4
0 12
0 20
0 24
0 36
0 46
0 48
0 52
0 57
0 61
0 68
0 80
0 81
0 84
0 91
0 95
0 98
1 2
1 6
1 7
1 11
1 18
1 20
1 22
1 34
1 37
1 38
1 43
1 45
1 48
1 52
1 63
1 82
1 83
1 90
1 95
1 98
4 2
4 12
4 16
4 18
4 23
4 29
4 31
4 38
4 45
4 48
4 50
4 54
4 60
4 62
4 68
4 71
4 78
4 85
12 2
12 10
12 21
12 25
12 26
12 29
12 33
12 35
12 36
12 51
12 53
12 66
12 67
12 69
12 74
12 82
12 83
12 98
20 8
20 9
20 10
20 18
20 34
20 36
20 47
20 48
20 49
20 53
20 55
20 59
20 64
20 65
20 72
20 73
20 76
20 79
20 86
20 88
20 91
20 97
20 98
24 5
24 13
24 17
24 21
24 31
24 44
24 50
24 56
24 74
24 81
24 94
24 95
24 96
36 8
36 9
36 16
36 22
36 27
36 34
36 40
36 42
36 49
36 50
36 55
36 62
36 70
36 77
36 82
46 13
46 28
46 33
46 38
46 41
46 52
46 53
46 59
46 61
46 72
46 73
46 74
46 81
46 84
46 86
46 93
46 99
48 15
48 17
48 26
48 39
48 52
48 53
48 56
48 57
48 64
48 65
48 73
48 78
48 79
48 80
48 83
48 85
48 86
48 87
48 89
48 90
48 94
48 97
52 5
52 6
52 30
52 31
52 37
52 44
52 47
52 72
52 81
52 93
52 97
57 6
57 7
57 8
57 10
57 25
57 27
57 28
57 35
57 50
57 51
57 59
57 67
57 68
57 70
57 74
57 77
57 82
57 83
57 90
61 2
61 5
61 22
61 27
61 28
61 30
61 39
61 42
61 44
61 47
61 53
61 65
61 68
61 72
61 77
61 80
61 83
61 84
68 13
68 14
68 26
68 37
68 39
68 51
68 56
68 66
68 71
68 75
68 81
68 84
68 87
68 89
68 93
68 96
68 98
68 99
80 19
80 22
80 28
80 30
80 33
80 38
80 44
80 49
80 59
80 67
80 70
80 74
80 76
80 82
80 90
80 95
80 99
81 2
81 7
81 11
81 26
81 37
81 38
81 39
81 40
81 49
81 62
81 64
81 65
81 67
81 82
81 85
81 88
81 89
81 97
84 2
84 10
84 11
84 13
84 15
84 19
84 23
84 33
84 40
84 53
84 55
84 58
84 64
84 65
84 77
84 90
84 93
91 6
91 8
91 10
91 11
91 27
91 30
91 33
91 37
91 45
91 53
91 56
91 60
91 64
91 72
91 75
91 88
95 5
95 7
95 8
95 11
95 25
95 27
95 28
95 38
95 50
95 54
95 60
95 62
95 73
95 74
95 83
95 87
95 93
95 97
98 3
98 5
98 8
98 11
98 17
98 31
98 33
98 34
98 37
98 41
98 45
98 53
98 54
98 67
98 79
98 92
98 93
98 94
98 96
2 6
2 7
2 17
2 39
2 42
2 49
2 53
2 63
2 70
2 72
2 77
2 78
2 87
2 89
2 93
2 96
6 3
6 7
6 8
6 10
6 21
6 25
6 30
6 31
6 32
6 38
6 54
6 59
6 71
6 78
6 83
6 92
7 11
7 16
7 18
7 23
7 25
7 31
7 35
7 45
7 55
7 58
7 62
7 64
7 71
7 72
7 77
7 85
7 88
7 90
7 96
11 3
11 18
11 25
11 29
11 42
11 45
11 50
11 55
11 58
11 62
11 64
11 82
11 96
18 8
18 13
18 22
18 23
18 37
18 39
18 42
18 47
18 54
18 56
18 58
18 72
18 77
18 83
18 85
18 89
18 99
22 3
22 13
22 14
22 19
22 27
22 31
22 32
22 53
22 56
22 58
22 62
22 72
22 77
22 83
22 86
22 90
34 9
34 14
34 17
34 23
34 26
34 32
34 43
34 54
34 59
34 77
34 78
34 96
37 14
37 31
37 32
37 33
37 35
37 53
37 64
37 70
37 74
37 97
38 14
38 23
38 25
38 29
38 30
38 40
38 45
38 65
38 71
38 82
38 86
38 87
38 94
38 99
43 10
43 14
43 25
43 27
43 42
43 62
43 67
43 71
43 83
43 86
43 94
43 97
45 9
45 23
45 27
45 31
45 35
45 50
45 65
45 69
45 73
45 74
45 76
45 79
45 82
45 96
45 97
63 13
63 15
63 28
63 33
63 40
63 49
63 58
63 60
63 64
63 65
63 69
63 82
63 85
63 87
63 89
82 13
82 25
82 29
82 67
82 75
82 87
82 90
82 96
82 99
83 9
83 16
83 41
83 44
83 65
83 71
83 73
83 74
83 77
83 78
83 86
83 87
83 96
90 13
90 26
90 32
90 33
90 40
90 41
90 47
90 59
90 65
90 66
90 67
90 71
90 75
90 79
90 86
90 92
90 96
90 99
17 5
17 8
17 9
17 13
17 16
17 33
17 41
17 47
17 49
17 50
17 56
17 58
17 59
17 60
17 64
17 78
17 85
39 9
39 15
39 19
39 21
39 27
39 28
39 29
39 42
39 55
39 75
39 77
39 88
39 99
42 21
42 23
42 33
42 40
42 41
42 65
42 71
42 78
42 88
42 99
49 8
49 9
49 14
49 15
49 19
49 25
49 40
49 44
49 50
49 62
49 71
49 74
49 75
49 76
49 77
49 87
49 89
49 96
53 5
53 9
53 23
53 25
53 27
53 29
53 32
53 54
53 56
53 59
53 60
53 70
53 79
53 85
53 87
53 89
53 92
70 9
70 13
70 14
70 21
70 30
70 33
70 51
70 78
70 79
70 94
72 13
72 23
72 25
72 26
72 31
72 40
72 41
72 44
72 54
72 55
72 56
72 60
72 71
72 76
72 78
72 86
72 87
72 88
72 96
72 99
77 13
77 23
77 29
77 30
77 33
77 54
77 59
77 73
77 85
77 94
78 3
78 14
78 23
78 26
78 28
78 55
78 59
78 94
78 96
87 14
87 21
87 28
87 47
87 51
87 58
87 62
87 64
87 74
87 85
87 94
87 96
87 97
87 99
89 5
89 23
89 26
89 35
89 58
89 67
89 79
89 86
89 88
89 92
89 93
93 5
93 9
93 15
93 16
93 21
93 25
93 26
93 30
93 59
93 67
93 71
93 75
93 85
93 97
96 9
96 27
96 28
96 44
96 50
96 51
96 59
96 62
96 66
96 73
3 8
3 10
3 13
3 26
3 27
3 32
3 58
3 62
3 85
3 97
8 5
8 9
8 14
8 15
8 16
8 26
8 28
8 30
8 35
8 41
8 54
8 55
8 60
8 65
8 66
8 67
8 73
8 76
8 97
10 27
10 33
10 64
10 66
10 71
10 75
10 88
10 99
13 15
13 23
13 28
13 35
13 56
13 71
13 74
13 75
26 5
26 25
26 27
26 30
26 71
26 75
26 86
27 5
27 15
27 31
27 33
27 47
27 62
27 76
32 15
32 19
32 40
32 41
32 44
32 47
32 55
32 58
32 67
32 69
32 99
58 9
58 14
58 16
58 40
58 50
58 60
58 85
58 92
62 30
62 51
62 64
62 69
62 74
62 86
62 94
85 9
85 15
85 30
85 47
85 51
85 54
85 69
85 79
85 86
97 9
97 23
97 35
97 40
97 51
97 64
97 92
16 23
16 33
16 44
16 54
16 71
16 92
23 33
23 51
23 69
23 88
23 92
29 25
29 35
29 60
29 65
29 79
29 86
29 94
29 99
31 21
31 35
31 44
31 64
31 67
31 79
31 88
50 15
50 47
50 51
50 60
50 94
54 19
54 25
54 65
54 86
54 88
54 99
60 9
60 19
60 25
60 33
60 40
60 41
60 47
60 65
60 74
60 86
60 94
71 15
71 44
71 56
71 67
71 75
71 79
5 25
5 28
25 28
25 30
25 35
25 44
25 67
25 69
25 75
25 76
25 79
25 88
28 9
28 15
28 56
21 35
21 44
21 56
21 74
21 86
21 99
30 14
30 56
30 64
30 74
30 92
59 40
59 64
59 74
92 14
92 66
92 75
92 76
92 99
35 33
35 40
35 56
35 73
35 76
35 79
55 15
55 41
55 51
55 64
55 79
55 94
64 14
64 15
64 73
88 14
88 47
88 56
88 67
88 73
88 75
88 99
9 41
9 51
9 66
9 76
9 99
14 19
14 65
14 67
14 73
14 75
14 79
14 94
15 33
15 56
15 74
15 99
41 65
41 66
41 74
41 79
65 51
65 56
65 74
65 75
65 76
65 79
65 86
65 94
65 99
66 56
66 69
66 76
67 40
67 74
73 56
73 69
73 79
73 86
73 94
73 99
76 56
76 74
51 86
99 33
99 47
33 19
33 44
33 79
75 19
75 44
74 40
79 94
94 40