0 14 8 38 39 40 41 42 43 44 45 46 47 48 49 50 51 52 53 54 55 56 57 58 59 60 61 62 63 64 65 66 67 1 32 23 68 69 70 71 72 73 74 75 76 77 78 79 80 81 82 83 84 85 86 87 88 89 90 91 92 2 24 93 94 95 96 97 98 99 3 16 18 31 4 15 5 6 26 7 28 37 9 17 12 10 11 33 13 34 20 22 27 35 19 21 30 25 29 36
0 14
0 60
0 40
0 42
0 45
0 50
0 56
0 58
0 54
0 61
0 66
0 62
0 38
0 43
0 67
0 39
14 4
14 22
14 27
14 75
14 48
8 37
41 6
44 9
45 10
46 11
47 12
49 16
51 20
52 21
53 22
55 24
57 26
59 29
63 33
64 34
65 35
1 32
1 69
1 86
1 23
1 82
1 88
1 78
1 87
1 79
1 76
1 85
1 89
1 73
1 71
1 77
32 2
23 18
23 80
68 2
70 4
72 6
74 13
81 24
83 26
84 27
90 33
91 34
92 36
2 24
2 98
2 93
2 96
24 5
94 4
95 7
97 9
99 12
3 16
3 31
3 18
16 10
31 36
4 15
6 26
26 13
26 25
7 28
7 37
28 12
37 29
9 12
9 17
17 35
11 33
33 36
13 34
13 20
20 19
19 30
19 21
30 29
29 36