0 1 2 3 4 5 6 7 8 9 10 11 12 13 14 15 16 17 18 19 20 21 22 23 24 25 26 27 28 29 30 31 32 33 34 35 36 37 38 39 40 41 42 43 44 45 46 47 48 49 50 51 52 53 54 55 56 57 58 59 60 61 62 63 64 65 66 67 68 69 70 71 72 73 74 75 76 77 78 79 80 81 82 83 84 85 86 87 88 89 90 91 92 93 94 95 96 97 98 99
0 18
0 47
0 41
0 48
1 99
2 61
3 11
4 69
4 25
5 44
5 33
5 11
6 57
6 92
7 79
7 99
8 42
9 49
9 68
9 92
9 19
10 54
10 91
10 56
10 28
11 29
12 54
12 53
12 24
13 49
14 75
14 52
14 35
14 62
15 37
16 49
16 69
16 65
17 24
17 45
20 35
21 27
21 37
22 96
23 27
24 72
24 44
26 39
26 71
26 32
29 69
29 75
29 96
30 63
31 59
34 87
36 71
37 55
37 71
37 74
37 78
37 59
38 83
38 77
40 90
42 60
43 93
45 90
45 86
46 67
47 67
47 79
49 64
50 81
50 99
50 66
51 68
53 95
55 64
55 70
56 73
58 97
60 77
61 83
61 87
63 69
63 77
64 80
68 98
69 84
71 88
72 97
74 99
76 90
82 87
83 94
85 99
89 97
93 96