0 8 27 28 29 30 31 32 33 34 35 36 37 38 39 40 41 42 43 44 45 46 1 16 12 47 48 49 50 51 52 53 54 55 56 57 58 59 60 61 62 63 2 3 22 64 65 66 67 68 69 70 71 72 73 74 75 76 77 78 79 80 15 9 81 82 83 84 85 86 87 88 89 90 91 92 93 94 95 96 97 98 99 4 5 19 6 18 7 20 10 23 14 11 26 13 17 25 21 24
0 8
0 45
0 38
0 46
0 39
0 36
0 35
0 43
0 42
0 34
0 28
8 12
8 7
8 33
8 68
8 84
27 1
29 3
30 4
31 5
32 6
37 15
40 19
41 20
44 24
45 25
1 12
1 16
1 51
1 61
1 62
1 57
1 63
1 54
16 4
16 71
12 6
12 26
47 2
48 3
49 4
50 5
52 10
53 11
55 17
56 19
58 21
59 22
60 23
2 3
2 22
2 70
2 69
2 74
2 67
2 80
2 73
2 77
2 66
2 79
2 65
2 64
3 9
3 15
3 96
3 90
3 97
3 99
3 83
3 81
3 98
3 89
3 87
3 95
3 86
22 21
22 24
72 17
75 20
76 21
78 23
15 19
9 20
9 85
82 6
88 14
91 17
92 18
93 19
94 20
5 19
6 18
10 23
10 14
14 13
14 11
14 17
26 24
17 25