0 24 32 38 41 68 72 86 1 8 30 77 2 11 15 26 27 43 50 59 84 88 89 95 3 10 39 49 65 76 91 4 17 56 94 5 9 19 20 60 90 6 18 34 52 7 28 71 73 16 31 58 75 82 23 67 80 12 25 36 53 93 97 13 85 14 47 51 54 96 64 21 46 62 63 70 57 78 22 29 69 40 87 55 92 37 98 45 33 79 35 61 48 74 42 44 99 81 66 83
0 24
0 32
0 38
0 41
0 68
0 72
0 86
24 1
24 76
32 5
32 16
32 30
32 36
32 38
32 45
32 51
32 52
32 73
32 91
38 2
38 61
38 63
38 96
41 4
41 6
41 25
41 27
41 59
41 71
41 92
68 40
68 73
68 75
72 28
72 40
72 46
72 49
72 52
72 59
72 67
72 75
72 88
86 31
86 54
86 57
86 66
86 95
1 8
1 30
1 77
8 73
30 2
30 14
30 23
30 37
30 39
30 47
30 73
30 98
77 51
77 60
77 65
2 11
2 15
2 26
2 27
2 43
2 50
2 59
2 84
2 88
2 89
2 95
11 7
11 23
11 67
11 80
15 49
15 64
26 34
26 40
26 87
27 36
43 14
43 20
43 61
43 62
43 78
43 94
43 97
50 39
50 42
50 56
50 87
50 88
50 91
59 17
59 33
59 53
59 63
59 81
84 7
84 25
84 39
84 40
84 47
84 54
84 71
84 73
84 75
84 79
88 16
88 25
88 44
89 16
89 20
89 37
89 54
89 58
89 69
89 80
95 7
95 14
95 33
95 48
95 79
3 10
3 39
3 49
3 65
3 76
3 91
10 16
10 19
10 31
10 39
10 58
10 60
10 75
10 76
10 82
39 19
39 67
39 91
39 93
49 4
49 6
49 67
49 73
49 80
49 92
49 93
49 97
65 9
65 52
65 53
76 7
76 18
76 29
76 51
76 62
91 48
91 52
91 80
4 17
4 56
4 94
17 6
17 20
17 46
17 62
56 9
56 35
56 45
56 66
56 69
56 80
94 13
94 35
94 69
94 78
94 90
5 9
5 19
5 20
5 60
5 90
19 21
19 63
19 70
19 93
20 18
20 57
20 64
20 78
20 82
20 97
60 29
60 73
60 96
90 23
90 61
90 63
90 92
6 18
6 34
6 52
18 96
34 25
34 79
34 82
34 98
52 21
52 29
52 33
52 44
52 46
52 61
52 71
7 28
7 71
28 16
28 73
71 42
71 47
73 35
73 36
16 12
16 21
31 25
58 47
58 55
58 69
75 66
75 74
75 85
82 22
82 51
67 12
67 42
67 55
67 66
67 83
67 87
80 37
80 44
80 63
80 87
12 25
12 36
12 53
12 93
12 97
25 54
36 35
36 46
36 61
36 69
36 79
53 33
53 48
93 42
93 83
97 79
13 85
14 47
14 51
14 54
14 96
47 62
47 92
51 69
54 81
96 70
96 87
64 21
64 29
64 46
21 57
46 92
46 99
62 55
63 29
63 44
63 70
70 87
70 99
57 69
57 83
22 29
22 69
29 55
29 92
37 35
37 48
37 74
98 79
98 83
79 99
61 42
48 74
48 99