0 22 27 34 36 91 1 4 11 35 56 82 86 93 96 2 8 78 83 87 3 19 29 64 69 88 12 43 77 5 6 13 42 70 85 51 62 63 90 7 25 30 52 9 23 68 76 10 80 92 15 28 46 60 61 75 95 14 38 67 45 18 16 47 97 39 41 49 59 17 31 55 72 84 58 65 99 20 48 98 21 54 66 57 24 26 53 37 32 40 71 33 73 74 79 81 94 44 50 89
0 22
0 27
0 34
0 36
0 91
22 9
22 38
22 42
22 57
22 61
22 87
27 13
27 51
34 17
34 42
34 63
34 64
34 67
34 85
34 93
36 28
36 30
36 73
36 74
91 23
91 26
91 87
91 92
1 4
1 11
1 35
1 56
1 82
1 86
1 93
1 96
4 12
4 35
4 43
4 77
4 83
11 15
11 23
11 28
11 46
11 60
11 61
11 75
11 95
35 71
35 73
35 80
35 99
56 29
56 41
56 65
56 73
82 25
82 79
86 16
86 47
86 49
86 71
86 98
93 87
93 96
96 3
96 8
96 18
96 20
96 23
96 33
96 49
96 53
96 59
96 83
2 8
2 78
2 83
2 87
8 9
8 23
8 68
8 90
78 47
78 58
78 63
78 85
83 42
83 69
83 95
87 7
87 62
87 65
87 85
87 94
87 98
3 19
3 29
3 64
3 69
3 88
19 28
19 60
19 65
19 75
19 99
29 10
29 15
29 30
29 37
29 43
64 6
64 9
64 17
64 23
64 48
64 76
64 97
69 18
69 21
69 25
69 31
69 55
69 60
69 72
69 89
69 94
88 53
88 54
88 62
88 73
88 98
12 13
12 14
12 38
12 67
43 53
43 63
43 67
43 94
77 15
77 60
5 6
5 13
5 42
5 70
5 85
6 13
6 51
6 62
6 63
6 90
13 38
13 45
42 10
42 32
42 81
42 92
42 99
70 23
70 24
70 32
85 10
85 89
51 37
51 39
62 53
62 72
63 16
90 23
90 26
90 46
7 25
7 30
7 52
25 16
25 39
25 61
30 58
52 10
52 21
52 38
52 48
9 76
23 28
68 40
68 54
76 14
76 21
76 73
76 97
10 80
10 92
80 39
80 61
80 67
92 54
92 71
15 16
15 47
15 95
15 97
28 14
28 53
28 57
46 38
46 54
60 31
60 44
61 14
61 39
61 74
95 57
95 79
14 18
14 45
38 58
38 73
67 50
67 54
67 89
45 94
18 58
16 39
16 41
16 49
16 59
16 97
47 65
97 59
39 21
41 48
41 58
41 66
49 26
59 58
17 31
17 55
17 72
17 84
55 33
72 20
72 21
72 33
58 94
99 50
20 48
20 98
98 21
21 54
21 66
54 26
54 71
26 53
37 79
32 40
32 71