0 32 71 61 94 1 74 7 45 11 22 2 51 3 59 27 34 89 90 96 4 92 49 41 52 48 85 5 40 97 78 6 42 70 54 62 33 66 15 9 8 12 69 10 82 29 87 39 99 23 73 13 88 76 84 14 63 46 16 81 17 80 18 98 83 95 19 21 20 68 24 44 91 30 47 58 31 35 43 25 65 86 28 26 72 93 55 79 38 64 50 36 60 57 37 75 53 67 56 77
0 32
0 71
0 61
0 94
32 85
32 96
71 6
71 13
71 19
71 24
71 35
71 45
71 49
71 72
71 85
71 88
61 4
61 50
61 60
61 80
94 56
94 68
94 75
94 88
94 93
94 99
1 74
1 7
1 45
1 11
1 22
74 14
74 15
74 18
74 25
7 3
7 42
7 11
7 66
7 15
7 59
7 9
7 51
45 21
45 66
11 87
11 48
11 34
11 39
11 97
11 99
22 12
22 91
22 30
22 47
22 66
22 58
2 51
51 67
51 97
51 64
51 62
3 59
3 27
3 34
3 89
3 90
3 96
3 4
59 30
59 36
59 99
27 10
34 24
34 66
34 50
34 63
34 80
89 13
89 96
89 91
90 80
96 14
96 31
96 66
96 69
4 92
4 49
4 41
4 52
4 48
4 85
92 5
92 29
49 35
49 37
49 40
49 78
49 52
49 80
49 56
41 23
41 31
41 52
41 73
52 5
52 84
48 17
48 53
48 81
48 95
85 14
85 16
85 43
85 46
85 69
5 40
5 97
5 78
40 33
40 88
40 43
40 58
40 84
40 64
97 62
97 81
78 18
78 21
6 42
6 70
6 54
6 62
6 33
42 25
42 36
42 37
42 86
42 91
42 43
70 12
70 20
70 46
70 50
70 56
70 83
70 75
54 15
54 20
54 76
62 9
62 44
62 63
62 77
33 26
33 38
33 64
33 44
15 46
15 82
9 69
8 12
12 23
12 73
12 87
10 82
10 29
82 14
82 43
82 86
29 88
29 72
87 98
39 86
99 64
23 58
23 31
13 88
13 76
13 84
88 46
76 57
76 81
84 20
84 55
14 63
63 16
46 19
46 98
16 81
81 19
17 80
80 26
18 98
18 83
18 95
98 24
98 26
98 83
98 93
83 55
95 60
95 93
19 21
21 44
20 68
20 24
20 44
68 26
24 35
24 43
44 72
44 67
91 58
91 77
30 93
30 55
31 28
31 79
35 28
43 28
43 55
25 65
25 86
25 28
65 57
93 64
55 77
79 53
38 37
38 53
64 53
36 60
36 57
60 77
37 75