0 16 68 69 70 71 72 73 74 75 76 77 78 79 80 81 82 83 84 85 86 87 88 89 90 91 92 93 94 95 96 97 98 99 1 31 2 17 54 3 11 4 44 5 6 41 7 55 19 57 28 8 25 34 52 9 39 10 29 30 12 46 13 36 27 51 14 33 15 35 18 32 20 21 59 66 22 37 23 24 65 63 60 26 64 40 67 53 61 43 42 38 58 56 62 49 45 50 47 48
0 16
0 91
0 98
0 84
0 89
0 72
0 81
0 71
0 74
0 78
0 83
0 88
0 75
0 97
0 73
0 82
0 92
16 15
16 35
68 1
69 2
70 3
76 10
77 11
79 14
80 17
85 26
86 27
87 28
90 32
93 37
94 39
95 40
96 41
98 47
99 48
1 31
31 14
31 5
31 26
2 54
2 17
54 32
54 4
3 11
11 19
11 30
44 19
44 49
6 41
41 62
41 63
41 34
7 28
7 55
7 19
7 57
57 66
28 67
28 29
8 52
8 25
8 34
25 60
34 61
52 37
52 35
9 39
39 56
39 40
10 29
12 46
46 42
13 36
13 27
13 51
27 40
51 32
51 48
14 33
33 20
18 32
32 23
32 53
21 66
21 59
59 58
22 37
22 23
37 43
37 42
24 63
24 65
26 64
64 38
67 50
38 58
49 47
45 50