0 94 43 1 85 92 88 5 84 90 47 54 2 27 38 95 80 24 20 73 35 78 86 7 9 11 16 17 30 46 36 31 50 91 82 4 49 8 15 25 33 63 69 96 3 62 26 65 55 76 72 64 32 71 12 48 37 6 70 41 83 60 22 23 29 75 59 74 10 99 56 57 97 28 53 93 61 21 66 44 14 58 81 39 42 52 13 98 45 67 51 19 18 87 89 34 77 79 68 40
0 94
0 43
0 1
0 85
0 92
0 88
0 5
0 84
0 90
0 47
0 54
0 2
0 27
0 38
94 4
94 8
94 22
94 27
94 40
94 49
94 63
94 77
94 78
94 85
94 88
43 1
43 2
43 12
43 16
43 20
43 22
43 39
43 55
43 65
43 50
43 44
43 46
43 75
1 95
1 47
1 80
1 24
1 20
1 73
1 35
1 78
1 86
1 7
1 9
1 11
1 16
1 17
1 30
1 38
1 92
85 2
85 3
85 9
85 10
85 12
85 40
85 68
85 72
85 83
92 9
92 17
92 19
92 38
92 45
92 47
92 55
92 66
92 90
88 8
88 11
88 28
88 35
88 39
88 49
88 52
88 91
88 98
5 2
5 37
5 50
5 41
5 83
5 76
5 11
5 60
5 22
5 63
5 23
5 29
5 72
5 91
84 6
84 9
84 11
84 14
84 49
84 50
84 53
84 68
84 79
84 83
84 93
84 98
90 18
90 19
90 30
90 34
90 48
90 61
90 62
90 67
90 75
90 89
90 97
47 2
47 7
47 15
47 22
47 29
47 34
47 44
47 64
47 50
47 79
47 80
47 87
54 8
54 16
54 18
54 24
54 41
54 44
54 45
54 68
54 55
54 93
54 67
54 73
54 75
54 86
54 87
2 46
2 36
2 31
2 50
2 91
2 82
2 4
2 49
2 9
2 8
2 15
2 25
2 33
2 63
2 69
2 73
2 96
27 11
27 15
27 19
27 20
27 52
27 28
27 60
27 68
27 53
27 37
27 41
27 48
27 64
27 66
27 73
27 79
27 82
38 3
38 4
38 12
38 13
38 14
38 15
38 17
38 19
38 34
38 42
38 52
38 62
38 81
38 98
95 8
95 12
95 21
95 22
95 25
95 30
95 35
95 39
95 74
95 89
80 8
80 13
80 14
80 34
80 40
80 46
80 48
80 57
80 69
24 6
24 8
24 12
24 19
24 26
24 96
24 45
24 97
24 30
24 70
24 36
24 46
24 63
24 77
24 93
20 4
20 6
20 89
20 42
20 34
20 61
20 86
20 39
20 77
20 22
20 53
20 57
20 62
20 65
73 12
73 13
73 23
73 44
73 53
73 97
73 81
73 79
35 13
35 18
35 22
35 31
35 34
35 72
35 51
35 78
35 57
35 52
35 79
35 96
78 4
78 14
78 15
78 33
78 40
78 52
78 68
78 76
86 4
86 11
86 23
86 31
86 53
86 60
86 82
86 83
86 87
86 99
7 6
7 9
7 99
7 64
7 56
7 74
7 57
7 63
7 97
7 41
7 30
7 36
7 37
9 37
9 69
9 10
9 61
9 33
9 71
9 15
9 59
9 72
11 46
11 60
11 39
11 49
11 42
11 25
16 21
16 56
16 36
16 87
16 66
16 22
16 32
16 83
16 23
16 28
16 37
16 39
16 48
16 57
16 61
16 70
16 96
17 14
17 58
17 74
17 42
17 26
17 75
17 71
17 64
17 32
17 57
17 72
30 6
30 23
30 29
30 58
30 32
30 67
30 61
46 3
46 6
46 13
46 19
46 40
46 44
46 96
36 13
36 14
36 23
36 68
36 51
36 69
36 56
31 13
31 26
31 28
31 50
31 59
31 89
31 39
31 51
31 61
31 67
50 3
50 32
50 39
50 51
50 58
50 59
50 71
91 12
91 18
91 33
91 40
91 56
91 57
91 62
91 77
82 3
82 23
82 42
82 62
82 66
82 69
82 96
82 89
4 76
4 71
4 12
4 48
4 37
4 6
4 32
4 33
4 70
49 8
49 34
49 99
49 96
49 75
49 69
8 97
8 64
8 28
8 12
8 71
8 32
8 53
8 69
8 93
15 6
15 51
15 19
15 75
15 62
15 60
15 37
15 18
15 65
25 13
25 18
25 29
25 55
25 68
25 93
25 40
25 64
25 28
25 34
25 45
25 70
33 3
33 10
33 18
33 48
33 76
33 99
33 53
63 23
63 39
63 48
63 62
63 69
63 89
69 34
69 51
69 65
96 23
96 32
96 52
96 77
96 98
3 62
3 26
3 65
3 55
3 76
3 72
3 64
3 32
62 39
62 42
62 57
62 81
62 79
26 12
26 13
26 19
26 21
26 22
26 79
26 45
26 74
26 44
26 48
65 13
65 28
65 45
65 48
65 53
65 58
55 6
55 14
55 45
55 72
55 58
55 68
55 59
76 12
76 19
76 45
76 52
76 59
76 60
76 72
76 97
72 23
72 42
72 70
72 98
64 40
64 56
64 97
64 67
64 71
32 12
32 89
32 74
32 57
32 42
32 66
32 68
32 99
71 21
71 39
71 58
71 70
71 81
71 79
12 52
12 70
12 29
12 21
12 23
12 93
48 6
48 28
48 93
48 89
48 52
48 53
37 13
37 75
37 61
37 77
37 58
37 66
37 87
6 41
6 75
6 59
6 74
6 10
6 99
70 28
70 39
70 44
70 45
70 57
41 14
41 23
41 29
41 40
41 56
41 51
41 68
83 18
83 21
83 22
83 29
83 74
83 79
83 89
60 13
60 14
60 44
60 59
60 81
60 74
22 45
22 39
22 74
22 57
23 10
23 61
23 45
23 52
29 13
29 77
29 51
29 74
29 89
29 53
75 18
75 34
75 51
75 67
59 19
59 40
59 74
59 89
59 97
74 10
74 28
74 56
10 21
10 66
10 44
10 99
10 14
10 58
10 81
99 45
99 61
99 66
99 81
56 13
56 14
56 28
56 97
56 77
56 98
56 61
57 13
57 40
57 44
57 67
97 51
97 87
28 42
28 44
28 67
53 40
53 68
93 51
93 61
93 66
93 67
61 19
61 39
61 81
21 13
21 14
21 79
21 58
21 51
66 18
66 44
66 58
66 87
66 67
44 34
44 77
44 87
14 42
14 67
14 98
58 68
58 79
58 77
81 34
81 40
81 42
39 51
42 19
52 13
52 19
52 87
13 98
13 45
98 40
98 77
98 79
45 34
67 34
51 19
19 18
19 87
87 34
89 68
34 77