0 22 25 26 27 1 12 14 7 28 29 30 2 6 31 32 33 3 16 24 34 35 36 4 9 21 37 38 39 5 40 41 42 43 44 45 20 46 47 48 8 49 50 51 10 52 53 54 17 55 56 57 11 18 58 59 60 61 62 63 13 64 65 66 67 68 69 15 70 71 72 19 73 74 75 76 77 78 79 80 81 82 83 84 23 85 86 87 88 89 90 91 92 93 94 95 96 97 98 99
0 22
0 25
0 26
0 27
22 21
22 91
22 92
22 93
25 58
25 91
26 52
27 83
1 12
1 14
1 7
1 28
1 29
1 30
12 61
12 62
12 63
14 8
14 67
14 68
14 69
7 20
7 46
7 47
7 48
28 32
28 60
29 42
29 47
30 45
30 56
30 96
30 47
2 6
2 31
2 32
2 33
6 3
6 5
6 43
6 44
6 45
31 36
31 43
32 72
33 66
3 16
3 24
3 34
3 35
3 36
16 19
16 21
16 73
16 74
16 75
24 18
24 97
24 98
24 99
34 37
34 44
35 83
35 73
35 53
4 9
4 21
4 37
4 38
4 39
9 10
9 52
9 53
9 54
21 88
21 89
21 90
38 77
39 40
5 40
5 41
5 42
40 93
41 71
41 72
43 76
43 51
44 86
45 66
20 11
20 23
20 85
20 86
20 87
46 65
46 79
46 75
46 84
46 90
47 76
48 99
8 49
8 50
8 51
49 90
50 77
50 87
51 77
10 17
10 55
10 56
10 57
52 97
52 82
53 94
54 55
17 15
17 76
17 77
17 78
55 68
55 78
56 95
57 88
57 86
11 18
11 58
11 59
11 60
18 13
18 79
18 80
18 81
59 72
60 81
61 67
62 78
63 69
63 95
13 64
13 65
13 66
64 68
66 85
67 91
67 75
69 92
15 70
15 71
15 72
70 81
19 82
19 83
19 84
73 86
74 81
78 87
80 90
81 99
82 89
84 89
23 94
23 95
23 96
86 87
88 98
90 98
93 99
94 99