56 61 6 37 9 94 15 71 30 42 51 57 65 93 0 58 79 19 17 10 55 23 25 68 69 73 92 14 77 83 31 36 21 74 32 2 50 1 46 49 39 90 13 27 16 87 5 24 7 82 60 88 47 85 54 75 29 44 76 12 33 81 8 84 22 59 34 18 4 11 72 67 89 80 64 43 63 35 41 78 20 70 66 48 45 26 53 52 62 28 40 3 86 38 91
56 61
56 19
56 73
56 13
56 67
56 72
56 53
56 29
56 84
56 4
56 52
56 93
56 12
56 22
56 18
56 48
56 34
56 71
56 16
56 87
56 1
56 21
56 65
56 50
56 23
56 85
56 90
56 28
56 37
56 78
56 26
56 40
56 92
56 41
56 46
56 86
56 68
61 77
61 73
61 7
61 20
61 86
61 3
61 57
61 36
61 19
61 38
61 70
61 88
61 65
61 46
61 69
61 49
61 82
61 85
61 93
61 25
61 21
61 76
61 41
61 79
61 9
61 78
61 16
61 74
61 40
61 35
61 45
61 33
61 34
61 62
61 75
61 11
61 47
61 24
61 15
61 14
6 37
6 8
6 16
6 42
6 79
6 69
6 54
6 91
6 35
6 46
6 86
6 89
6 55
6 87
6 17
6 85
6 50
6 21
6 47
6 31
6 5
6 63
6 7
6 93
6 83
6 94
6 78
6 75
6 77
6 26
6 14
6 18
6 81
6 43
6 52
37 79
37 14
37 69
37 72
37 51
37 25
37 91
37 65
37 15
37 2
37 64
37 20
37 22
37 73
37 44
37 70
37 86
37 9
37 23
37 68
37 46
37 26
37 53
37 85
37 49
37 27
37 52
9 94
9 42
9 48
9 11
9 62
9 78
9 90
9 53
9 12
9 71
9 15
9 44
9 65
9 30
9 93
9 54
9 4
9 79
9 80
94 46
94 68
94 11
94 66
94 74
94 7
94 8
94 1
94 63
94 73
94 78
94 72
94 39
94 60
94 71
94 54
94 2
94 76
94 92
94 42
94 83
94 18
94 33
94 82
94 22
94 88
94 5
94 93
94 85
94 75
94 31
94 34
94 15
94 14
94 90
94 27
94 26
94 44
15 71
15 50
15 93
15 58
15 66
15 64
15 11
15 76
15 53
15 84
15 69
15 10
15 30
15 67
15 31
15 14
15 23
15 59
15 85
15 4
15 29
15 78
15 42
15 79
15 18
15 90
15 35
15 41
15 82
15 62
15 48
15 43
15 19
71 79
71 32
71 2
71 54
71 33
71 86
71 7
71 80
71 31
71 49
71 68
71 21
71 59
71 27
71 52
71 65
71 11
71 63
71 5
71 34
71 84
71 26
71 93
71 92
71 20
71 13
71 67
71 38
71 36
71 83
71 70
71 43
71 76
30 42
30 39
30 34
30 59
30 51
30 86
30 84
30 57
30 66
30 75
30 16
30 50
30 27
30 36
30 20
30 54
30 60
30 93
30 68
30 29
30 23
30 26
30 43
30 45
30 58
30 87
30 70
42 0
42 21
42 33
42 25
42 63
42 87
42 84
42 60
42 43
42 17
42 34
42 82
42 64
42 83
42 8
42 4
42 91
42 31
42 66
42 70
42 55
42 40
42 45
42 50
42 58
42 29
42 16
42 79
42 10
42 78
42 49
42 11
51 57
51 14
51 13
51 68
51 47
51 7
51 91
51 36
51 3
51 54
51 8
51 63
51 22
51 34
51 27
51 80
51 11
51 28
51 45
51 26
51 88
57 92
57 48
57 78
57 0
57 76
57 13
57 86
57 82
57 74
57 80
57 12
57 2
57 22
57 3
57 91
57 43
57 29
57 27
57 89
57 35
57 28
57 10
65 93
65 44
65 92
65 68
65 39
65 3
65 43
65 26
65 46
65 14
65 82
65 0
65 47
65 31
65 4
65 7
65 48
65 27
65 38
65 78
65 1
65 28
65 20
65 24
93 27
93 85
93 8
93 13
93 50
93 80
93 44
93 22
93 38
93 16
93 52
93 10
93 36
93 75
93 64
93 86
93 31
93 19
93 66
93 17
93 89
93 58
0 80
0 11
0 50
0 24
0 10
0 49
0 41
0 84
0 38
0 88
0 46
0 43
0 34
0 70
0 64
0 83
0 54
0 27
0 78
0 73
0 35
0 13
0 82
0 48
0 89
0 90
0 31
0 72
0 33
58 79
58 5
58 74
58 41
58 50
58 82
58 14
58 75
58 92
58 68
58 26
58 53
58 39
58 64
58 18
58 45
58 33
58 85
58 8
58 91
58 43
58 13
58 23
58 69
58 31
58 81
58 80
79 34
79 73
79 27
79 11
79 76
79 10
79 88
79 40
79 1
79 28
79 12
79 83
79 47
79 39
79 54
79 2
79 70
79 5
79 23
79 60
79 32
79 13
79 62
79 77
79 38
79 89
19 17
19 33
19 44
19 54
19 64
19 84
19 25
19 91
19 85
19 90
19 12
19 14
19 29
19 86
19 60
19 59
19 22
19 89
19 80
17 90
17 62
17 33
17 83
17 85
17 82
17 27
17 69
17 7
17 40
17 60
17 20
17 3
17 72
17 70
17 28
17 32
17 49
17 13
17 24
10 55
10 28
10 13
10 70
10 39
10 69
10 32
10 75
10 21
10 86
10 84
10 3
10 25
10 47
10 60
10 76
10 62
10 34
10 45
10 74
10 88
10 26
10 82
10 22
10 72
10 73
10 38
10 63
10 85
55 76
55 89
55 18
55 84
55 64
55 47
55 50
55 1
55 36
55 7
55 14
55 12
55 69
55 72
55 39
55 80
55 4
55 21
55 29
55 68
55 78
55 77
55 87
55 45
55 90
55 35
23 25
23 72
23 29
23 69
23 14
23 32
23 66
23 76
23 16
23 2
23 46
23 75
23 11
23 73
23 1
23 67
23 24
23 78
23 82
23 59
23 91
23 8
23 40
23 86
23 47
23 31
23 41
23 45
23 3
23 83
25 90
25 49
25 66
25 22
25 53
25 54
25 16
25 67
25 1
25 73
25 11
25 44
25 85
25 32
25 48
25 4
25 87
25 39
25 8
25 89
25 69
25 91
25 5
68 69
68 92
68 8
68 84
68 85
68 66
68 48
68 28
68 89
68 11
68 90
68 1
68 14
68 88
68 78
68 22
68 83
68 86
68 27
68 64
68 49
68 44
68 16
68 38
68 76
68 43
69 76
69 18
69 33
69 16
69 83
69 7
69 20
69 64
69 92
69 24
69 26
69 73
69 43
69 49
69 12
73 92
73 32
73 75
73 13
73 40
73 38
73 47
73 86
73 72
73 33
73 4
73 82
73 1
73 7
73 22
73 90
73 67
73 34
73 2
73 41
73 43
73 83
73 46
73 60
73 52
73 29
73 27
73 84
92 18
92 88
92 47
92 26
92 80
92 38
92 77
92 21
92 32
92 66
92 36
92 41
92 20
92 82
92 62
92 14
92 11
92 2
92 90
92 22
92 39
92 49
14 90
14 18
14 3
14 45
14 34
14 4
14 26
14 48
14 77
14 8
14 32
14 28
14 21
14 63
14 70
14 76
14 78
14 52
14 41
14 29
14 43
14 47
14 33
14 82
14 60
14 75
77 83
77 80
77 27
77 87
77 75
77 20
77 24
77 84
77 88
77 32
77 90
77 36
77 43
77 31
77 28
77 85
77 67
77 81
77 89
77 59
77 21
83 2
83 33
83 20
83 34
83 22
83 41
83 64
83 21
83 8
83 59
83 63
83 70
83 29
83 26
83 86
83 7
83 50
83 43
83 5
83 62
83 66
83 76
83 45
83 54
83 74
83 67
83 80
83 39
83 1
31 36
31 20
31 75
31 13
31 43
31 67
31 4
31 41
31 34
31 24
31 16
31 70
31 28
31 21
31 53
31 62
31 78
31 8
31 90
31 88
31 81
31 52
31 80
31 48
36 1
36 41
36 76
36 75
36 8
36 29
36 12
36 43
36 35
36 22
36 85
36 60
36 40
36 13
36 16
36 74
36 34
36 48
36 86
36 20
21 74
21 76
21 27
21 7
21 64
21 86
21 62
21 89
21 40
21 66
21 91
21 60
21 85
21 24
21 43
21 48
74 1
74 7
74 66
74 84
74 53
74 80
74 26
74 34
74 76
74 39
74 41
74 91
74 18
74 29
74 28
74 47
74 50
74 54
32 81
32 90
32 53
32 86
32 38
32 29
32 70
32 16
32 4
32 54
32 39
32 64
32 80
32 41
32 82
32 60
32 87
32 2
32 62
32 43
32 75
32 59
32 84
32 35
32 7
32 88
32 33
2 50
2 49
2 18
2 47
2 82
2 27
2 5
2 81
2 35
2 1
2 13
2 78
2 43
2 16
2 59
2 60
2 8
2 12
2 11
2 75
2 76
2 52
2 44
2 67
50 39
50 54
50 29
50 35
50 60
50 20
50 87
50 67
50 80
50 75
50 89
50 81
50 11
50 4
50 91
50 34
50 7
50 27
50 28
50 44
1 46
1 16
1 90
1 63
1 20
1 78
1 89
1 48
1 62
1 72
1 80
1 87
1 5
1 12
1 52
1 60
1 40
1 22
1 45
46 8
46 85
46 52
46 48
46 70
46 3
46 28
46 72
46 59
46 11
46 40
46 91
46 89
46 38
46 53
46 44
49 26
49 35
49 54
49 63
49 85
49 5
49 24
49 60
49 72
49 44
49 53
49 18
49 4
49 29
49 27
49 3
49 16
39 64
39 62
39 28
39 43
39 59
39 89
39 63
39 4
39 54
39 22
39 53
39 18
39 67
39 80
39 44
39 20
90 67
90 88
90 35
90 34
90 3
90 11
90 27
90 16
90 66
90 24
90 54
90 86
90 85
90 4
90 78
90 87
90 59
90 7
90 47
90 53
13 27
13 54
13 67
13 62
13 59
13 66
13 70
13 53
13 26
13 33
13 40
13 4
13 7
13 48
13 82
13 78
27 85
27 76
27 82
27 88
27 34
27 33
27 78
27 62
27 40
27 29
27 11
27 20
16 87
16 4
16 60
16 82
16 53
16 40
16 64
16 72
16 28
16 12
16 89
16 85
16 52
16 66
16 86
16 43
16 3
16 33
16 59
16 7
16 67
16 38
16 29
16 47
87 66
87 7
87 85
87 76
87 38
87 5
87 62
87 59
87 12
87 45
87 28
87 35
5 24
5 84
5 29
5 52
5 62
5 82
5 11
5 20
5 7
5 72
5 18
5 67
5 86
5 75
5 44
5 38
24 64
24 81
24 4
24 78
24 62
24 48
24 45
24 86
24 28
24 47
24 75
24 3
24 12
24 70
24 43
24 59
24 88
24 40
7 82
7 33
7 89
7 47
7 86
7 35
7 26
7 80
7 60
7 66
7 78
7 8
7 45
7 52
82 62
82 45
82 89
82 34
82 3
82 86
82 29
82 8
82 44
82 85
82 81
82 35
82 26
60 88
60 89
60 54
60 12
60 38
60 86
60 91
60 80
60 67
60 22
60 28
60 70
60 34
88 29
88 38
88 40
88 80
88 48
88 43
88 59
88 8
88 72
88 20
88 70
88 81
88 18
88 22
88 67
47 85
47 34
47 76
47 52
47 59
47 28
47 78
47 33
47 80
47 66
47 20
47 62
47 43
47 40
47 22
47 89
85 67
85 54
85 26
85 53
85 89
85 72
85 40
85 76
85 91
85 63
85 22
85 11
85 38
85 70
54 75
54 35
54 33
54 91
54 80
54 44
54 12
54 29
54 64
54 66
75 26
75 70
75 4
75 22
75 35
75 64
75 34
75 41
75 52
29 45
29 38
29 59
29 26
29 62
29 33
29 34
29 64
29 89
29 22
29 66
29 4
29 86
29 43
44 91
44 34
44 3
44 45
44 72
44 48
44 38
44 76
44 52
44 63
44 80
44 20
76 53
76 11
76 20
76 41
76 81
76 63
76 52
76 70
76 78
76 59
76 64
76 62
12 33
12 38
12 48
12 72
12 26
12 59
12 4
12 22
12 86
12 40
33 70
33 8
33 38
33 35
33 66
33 4
33 52
33 63
33 41
33 59
33 84
33 40
81 70
81 41
81 8
81 78
81 64
81 4
81 38
8 35
8 41
8 64
8 67
8 84
8 91
8 48
8 62
8 11
8 86
8 22
8 34
8 53
8 28
84 64
84 66
84 11
84 28
84 26
84 63
84 40
22 59
22 26
22 11
22 89
22 3
22 86
59 34
59 40
59 80
59 64
59 41
59 45
59 48
59 67
59 20
59 78
59 89
34 35
34 63
34 26
34 3
34 41
34 18
34 48
34 53
34 62
34 78
18 53
18 62
18 91
18 45
18 4
18 26
18 52
18 40
18 43
18 11
18 3
18 20
4 63
4 53
4 89
4 64
4 66
4 38
4 91
4 86
4 45
4 43
4 70
4 26
4 40
4 35
4 72
4 80
11 72
11 78
11 62
11 53
11 86
11 40
11 70
11 63
11 64
11 38
72 45
72 91
72 38
72 62
72 28
72 78
72 80
67 3
67 53
67 20
67 28
67 26
67 63
67 62
67 78
67 80
67 91
67 41
67 66
89 62
89 91
89 63
89 78
89 35
89 41
89 20
89 38
89 66
80 62
80 91
80 35
80 48
80 38
80 28
64 91
64 52
64 45
64 66
64 35
64 40
64 53
64 41
64 86
64 62
43 63
43 78
43 20
43 70
43 86
43 62
43 3
63 48
63 53
63 62
63 40
63 66
63 45
63 70
63 20
35 91
35 3
35 26
35 28
35 53
41 40
41 70
41 62
78 52
78 28
78 3
20 66
20 3
20 91
20 28
20 38
20 48
70 26
70 66
70 62
66 86
66 91
66 53
66 52
48 40
48 52
48 38
48 28
48 53
48 91
45 26
45 40
45 62
26 52
26 28
26 62
53 62
53 91
52 28
62 3
62 40
40 91
3 91