93 49 1 18 19 65 2 47 66 67 68 6 27 63 41 79 8 58 30 56 74 24 11 48 31 60 12 44 70 20 14 94 15 32 62 16 28 80 71 34 52 46 21 89 23 84 82 54 29 55 78 38 99 81 83 73 69 91 76 61
93 6
93 79
49 91
1 18
1 65
18 8
18 19
18 34
18 60
19 52
65 23
2 47
2 66
47 73
66 20
67 56
68 80
6 27
6 63
27 21
41 82
8 58
8 30
8 56
8 74
58 89
30 24
11 31
11 60
48 12
48 69
31 55
60 84
60 91
12 70
44 29
44 82
14 94
94 46
94 81
15 32
32 84
62 73
16 28
28 82
28 54
80 78
71 21
34 78
34 38
34 99
46 38
46 83
21 89
89 69
82 38
54 73
99 61
76 61