0 1 2 3 4 5 6 7 8 9 10 11 12 13 14 15 16 17 18 19 20 21 22 23 24 25 26 27 28 29 30 31 32 33 34 35 36 37 38 39 40 41 42 43 44 45 46 47 48 49 50 51 52 53 54 55 56 57 58 59 60 61 62 63 64 65 66 67 68 69 70 71 72 73 74 75 76 77 78 79 80 81 82 83 84 85 86 87 88 89 90 91 92 93 94 95 96 97 98 99
0 1
0 2
0 3
0 4
0 5
0 6
0 7
0 8
0 9
0 10
0 11
0 12
0 13
0 14
0 15
0 16
0 17
0 18
0 19
0 20
0 21
0 22
0 23
0 24
0 25
0 26
0 27
0 28
0 29
0 30
0 31
0 32
0 33
0 34
0 35
0 36
0 37
0 38
0 39
0 40
0 41
0 42
0 43
0 44
0 45
0 46
0 47
0 48
0 49
0 50
0 51
0 52
0 53
0 54
0 55
0 56
0 57
0 58
0 59
0 60
0 61
0 62
0 63
0 64
0 65
0 66
0 67
0 68
0 69
0 70
0 71
0 72
0 73
0 74
0 75
0 76
0 77
0 78
0 79
0 80
0 81
0 82
0 83
0 84
0 85
0 86
0 87
0 88
0 89
0 90
0 91
0 92
0 93
0 94
0 95
0 96
0 97
0 98
0 99
1 78
1 31
1 82
1 87
1 6
1 22
1 41
1 80
1 2
1 65
1 62
1 86
1 98
1 35
1 95
1 32
1 53
1 39
1 89
1 11
1 43
1 14
1 88
1 45
1 25
1 48
1 26
1 69
1 33
1 81
1 13
1 29
1 96
1 23
1 92
1 36
1 55
1 20
1 54
1 79
1 56
1 21
1 3
1 5
1 7
1 9
1 10
1 15
1 16
1 42
1 50
1 51
1 58
1 61
1 75
1 76
1 84
1 90
1 93
1 97
2 79
2 41
2 85
2 52
2 18
2 38
2 69
2 64
2 5
2 7
2 14
2 16
2 20
2 21
2 22
2 23
2 26
2 28
2 29
2 35
2 44
2 45
2 50
2 54
2 55
2 57
2 60
2 61
2 66
2 74
2 76
2 77
2 81
2 82
2 97
2 98
2 99
3 62
3 88
3 17
3 84
3 95
3 92
3 67
3 78
3 54
3 43
3 8
3 12
3 52
3 32
3 77
3 25
3 23
3 96
3 94
3 89
3 76
3 81
3 44
3 30
3 64
3 34
3 38
3 35
3 74
3 41
3 15
3 50
3 65
3 61
3 66
3 60
3 18
3 42
3 98
3 6
3 9
3 10
3 13
3 14
3 16
3 19
3 20
3 26
3 28
3 37
3 40
3 46
3 47
3 51
3 55
3 57
3 59
3 68
3 69
3 82
3 86
3 87
4 39
4 51
4 41
4 97
4 27
4 20
4 71
4 44
4 24
4 40
4 35
4 32
4 37
4 49
4 5
4 6
4 7
4 8
4 9
4 13
4 19
4 21
4 23
4 28
4 29
4 38
4 43
4 48
4 52
4 53
4 54
4 55
4 59
4 62
4 63
4 64
4 67
4 68
4 69
4 76
4 77
4 89
4 90
4 99
5 22
5 33
5 57
5 42
5 41
5 53
5 60
5 73
5 36
5 63
5 47
5 31
5 54
5 23
5 19
5 58
5 8
5 72
5 48
5 90
5 99
5 50
5 87
5 26
5 52
5 29
5 59
5 75
5 7
5 9
5 13
5 14
5 16
5 18
5 21
5 32
5 38
5 40
5 43
5 46
5 49
5 51
5 56
5 62
5 65
5 68
5 71
5 76
5 80
5 84
5 86
5 89
5 95
6 28
6 87
6 54
6 45
6 99
6 9
6 62
6 63
6 59
6 50
6 57
6 13
6 82
6 88
6 56
6 46
6 61
6 47
6 26
6 95
6 20
6 70
6 44
6 66
6 49
6 93
6 76
6 96
6 36
6 48
6 33
6 97
6 29
6 16
6 24
6 7
6 39
6 71
6 42
6 83
6 17
6 41
6 79
6 65
6 10
6 86
6 77
6 35
6 78
6 64
6 43
6 11
6 12
6 15
6 18
6 21
6 23
6 30
6 34
6 38
6 40
6 51
6 52
6 55
6 68
6 69
6 73
6 85
7 35
7 76
7 99
7 13
7 51
7 44
7 49
7 15
7 75
7 57
7 71
7 41
7 9
7 65
7 24
7 32
7 83
7 27
7 56
7 80
7 12
7 91
7 70
7 86
7 68
7 79
7 55
7 82
7 31
7 89
7 50
7 95
7 93
7 11
7 29
7 16
7 18
7 19
7 20
7 21
7 23
7 26
7 37
7 42
7 43
7 45
7 46
7 48
7 54
7 59
7 64
7 66
7 81
7 84
7 87
7 97
8 88
8 40
8 97
8 93
8 68
8 32
8 17
8 61
8 96
8 16
8 67
8 38
8 55
8 39
8 50
8 71
8 85
8 44
8 21
8 73
8 79
8 82
8 27
8 92
8 12
8 9
8 10
8 13
8 23
8 26
8 28
8 33
8 37
8 45
8 46
8 49
8 53
8 59
8 60
8 63
8 69
8 72
8 76
8 80
8 84
8 86
8 99
9 76
9 48
9 36
9 87
9 17
9 94
9 89
9 62
9 51
9 82
9 63
9 65
9 68
9 34
9 28
9 49
9 31
9 61
9 35
9 40
9 86
9 50
9 77
9 12
9 22
9 41
9 13
9 95
9 37
9 24
9 91
9 14
9 81
9 70
9 44
9 10
9 25
9 69
9 64
9 84
9 32
9 54
9 30
9 27
9 19
9 90
9 59
9 53
9 16
9 18
9 21
9 38
9 43
9 52
9 57
9 71
9 74
9 80
9 83
9 88
9 93
9 97
10 78
10 45
10 34
10 98
10 56
10 76
10 25
10 43
10 41
10 30
10 64
10 99
10 88
10 84
10 69
10 80
10 32
10 15
10 19
10 39
10 18
10 60
10 63
10 58
10 33
10 22
10 26
10 29
10 77
10 70
10 54
10 51
10 50
10 96
10 66
10 81
10 94
10 48
10 28
10 90
10 83
10 12
10 97
10 14
10 46
10 49
10 59
10 42
10 93
10 79
10 57
10 21
10 72
10 44
10 67
10 38
10 24
10 47
10 23
10 65
10 35
10 13
10 27
10 31
10 40
10 53
10 55
10 61
10 62
10 68
10 75
10 82
10 86
10 87
10 95
11 63
11 98
11 54
11 33
11 62
11 70
11 15
11 48
11 17
11 46
11 12
11 13
11 16
11 19
11 20
11 22
11 23
11 26
11 28
11 30
11 40
11 43
11 44
11 45
11 49
11 50
11 52
11 55
11 57
11 59
11 61
11 68
11 69
11 72
11 80
11 83
11 85
11 86
11 95
12 43
12 80
12 22
12 86
12 73
12 23
12 47
12 38
12 35
12 97
12 31
12 44
12 55
12 91
12 69
12 71
12 19
12 93
12 94
12 68
12 70
12 24
12 61
12 63
12 72
12 85
12 40
12 39
12 54
12 13
12 76
12 53
12 83
12 67
12 32
12 17
12 20
12 26
12 27
12 28
12 30
12 34
12 36
12 37
12 41
12 42
12 46
12 49
12 56
12 59
12 62
12 64
12 88
12 89
12 95
12 99
13 33
13 18
13 52
13 37
13 60
13 42
13 85
13 49
13 88
13 87
13 82
13 21
13 56
13 84
13 19
13 77
13 61
13 95
13 66
13 62
13 83
13 67
13 79
13 29
13 70
13 71
13 63
13 47
13 69
13 57
13 39
13 14
13 50
13 59
13 91
13 81
13 89
13 75
13 43
13 68
13 93
13 54
13 40
13 73
13 78
13 20
13 22
13 23
13 26
13 27
13 28
13 30
13 36
13 38
13 46
13 53
13 55
13 80
14 22
14 37
14 86
14 97
14 33
14 31
14 77
14 38
14 40
14 68
14 81
14 66
14 92
14 16
14 28
14 63
14 64
14 43
14 91
14 57
14 69
14 65
14 82
14 75
14 98
14 60
14 74
14 85
14 71
14 20
14 26
14 32
14 39
14 46
14 48
14 49
14 50
14 52
14 55
14 59
14 72
14 76
14 79
14 80
14 84
14 89
14 90
14 93
15 49
15 43
15 18
15 23
15 24
15 26
15 28
15 32
15 35
15 36
15 39
15 40
15 41
15 44
15 46
15 48
15 50
15 53
15 54
15 56
15 59
15 60
15 61
15 62
15 63
15 68
15 73
15 75
15 82
15 85
15 86
15 87
15 97
15 98
16 29
16 39
16 69
16 79
16 74
16 26
16 53
16 21
16 82
16 52
16 99
16 87
16 51
16 18
16 55
16 32
16 49
16 35
16 71
16 50
16 23
16 61
16 31
16 77
16 30
16 27
16 34
16 83
16 72
16 48
16 62
16 22
16 36
16 80
16 41
16 46
16 24
16 59
16 37
16 65
16 19
16 89
16 70
16 84
16 28
16 44
16 33
16 38
16 43
16 45
16 54
16 57
16 75
16 76
16 97
17 88
17 81
17 18
17 20
17 27
17 28
17 29
17 30
17 32
17 38
17 39
17 41
17 44
17 45
17 46
17 48
17 49
17 50
17 51
17 54
17 57
17 61
17 64
17 68
17 70
17 73
17 76
17 79
17 83
17 85
17 86
17 87
17 95
17 97
18 64
18 20
18 26
18 30
18 70
18 68
18 90
18 67
18 61
18 79
18 37
18 84
18 39
18 71
18 55
18 98
18 97
18 24
18 80
18 83
18 31
18 42
18 48
18 75
18 59
18 34
18 19
18 69
18 40
18 41
18 56
18 22
18 23
18 27
18 32
18 44
18 45
18 46
18 51
18 63
18 65
18 66
18 73
18 78
18 82
18 88
18 95
19 25
19 84
19 77
19 76
19 83
19 41
19 67
19 47
19 97
19 61
19 45
19 86
19 81
19 43
19 88
19 46
19 62
19 72
19 50
19 65
19 36
19 99
19 22
19 21
19 87
19 79
19 66
19 20
19 23
19 27
19 28
19 37
19 38
19 44
19 48
19 51
19 52
19 54
19 57
19 63
19 68
19 69
19 75
19 80
19 82
19 85
19 89
20 80
20 42
20 44
20 98
20 53
20 35
20 50
20 59
20 24
20 36
20 83
20 46
20 28
20 84
20 74
20 54
20 26
20 91
20 78
20 30
20 69
20 72
20 61
20 47
20 38
20 55
20 41
20 79
20 71
20 95
20 97
20 25
20 81
20 22
20 21
20 23
20 27
20 37
20 43
20 45
20 56
20 57
20 63
20 64
20 73
20 85
20 86
20 87
21 97
21 84
21 38
21 62
21 35
21 27
21 91
21 73
21 37
21 66
21 53
21 63
21 69
21 55
21 60
21 52
21 87
21 77
21 95
21 80
21 92
21 85
21 83
21 43
21 93
21 82
21 48
21 32
21 42
21 78
21 51
21 94
21 39
21 57
21 23
21 50
21 74
21 33
21 34
21 64
21 29
21 28
21 68
21 46
21 75
21 81
21 86
21 30
21 24
21 26
21 56
21 71
21 76
21 79
22 62
22 36
22 42
22 59
22 58
22 73
22 55
22 49
22 41
22 69
22 90
22 85
22 77
22 84
22 48
22 71
22 57
22 65
22 79
22 23
22 27
22 30
22 32
22 39
22 40
22 43
22 45
22 50
22 64
22 67
22 72
22 75
22 76
22 80
22 82
22 86
22 87
22 97
23 43
23 47
23 45
23 67
23 98
23 39
23 34
23 97
23 83
23 24
23 46
23 95
23 60
23 40
23 84
23 55
23 44
23 49
23 36
23 70
23 75
23 65
23 32
23 76
23 94
23 52
23 29
23 81
23 96
23 85
23 27
23 74
23 25
23 57
23 71
23 82
23 79
23 92
23 89
23 41
23 59
23 53
23 62
23 66
23 90
23 31
23 26
23 28
23 30
23 37
23 38
23 61
23 63
23 64
23 80
24 97
24 75
24 38
24 92
24 90
24 71
24 55
24 59
24 98
24 25
24 50
24 40
24 54
24 80
24 87
24 89
24 27
24 28
24 32
24 34
24 37
24 41
24 43
24 44
24 45
24 46
24 49
24 51
24 52
24 63
24 64
24 76
24 78
24 79
24 86
24 88
24 95
25 58
25 69
25 27
25 28
25 31
25 32
25 33
25 37
25 39
25 40
25 44
25 45
25 46
25 48
25 50
25 53
25 54
25 57
25 61
25 62
25 63
25 70
25 74
25 79
25 83
25 97
25 99
26 64
26 77
26 78
26 50
26 62
26 37
26 80
26 58
26 94
26 65
26 48
26 75
26 39
26 96
26 89
26 40
26 74
26 83
26 42
26 47
26 55
26 85
26 95
26 90
26 36
26 46
26 28
26 44
26 76
26 27
26 69
26 67
26 82
26 97
26 72
26 45
26 70
26 59
26 35
26 41
26 81
26 92
26 31
26 32
26 33
26 38
26 43
26 49
26 57
26 84
26 88
26 98
27 52
27 59
27 96
27 45
27 34
27 66
27 43
27 83
27 97
27 47
27 28
27 58
27 60
27 37
27 46
27 86
27 89
27 31
27 82
27 71
27 63
27 30
27 35
27 38
27 39
27 88
27 55
27 87
27 93
27 84
27 99
27 44
27 57
27 95
27 36
27 94
27 74
27 48
27 98
27 54
27 50
27 56
27 68
27 69
27 72
27 73
27 76
27 77
27 79
27 80
27 90
28 85
28 92
28 52
28 86
28 63
28 69
28 98
28 35
28 30
28 88
28 39
28 81
28 80
28 56
28 53
28 96
28 45
28 42
28 87
28 79
28 90
28 68
28 78
28 47
28 62
28 51
28 40
28 43
28 61
28 44
28 37
28 65
28 70
28 33
28 34
28 38
28 46
28 57
28 59
28 64
28 75
28 76
28 97
29 85
29 60
29 65
29 73
29 40
29 38
29 50
29 37
29 67
29 52
29 36
29 31
29 90
29 53
29 48
29 79
29 47
29 58
29 92
29 69
29 41
29 43
29 44
29 46
29 51
29 56
29 57
29 62
29 63
29 64
29 68
29 77
29 83
29 84
29 98
30 75
30 35
30 94
30 81
30 78
30 63
30 66
30 56
30 82
30 48
30 41
30 32
30 55
30 49
30 61
30 70
30 69
30 67
30 40
30 77
30 38
30 44
30 45
30 46
30 47
30 50
30 52
30 54
30 65
30 76
30 80
30 86
30 88
30 89
30 97
31 77
31 51
31 52
31 46
31 64
31 97
31 67
31 53
31 39
31 92
31 66
31 55
31 89
31 72
31 38
31 98
31 75
31 61
31 70
31 94
31 82
31 32
31 37
31 42
31 56
31 68
31 71
31 74
31 76
31 79
31 80
31 83
31 85
31 87
31 88
32 50
32 34
32 64
32 68
32 41
32 85
32 43
32 61
32 62
32 83
32 93
32 81
32 52
32 54
32 65
32 60
32 97
32 78
32 53
32 80
32 56
32 76
32 79
32 38
32 40
32 42
32 44
32 45
32 46
32 48
32 51
32 57
32 63
32 66
32 86
32 88
32 90
33 69
33 35
33 61
33 74
33 83
33 96
33 40
33 45
33 82
33 72
33 53
33 66
33 95
33 94
33 84
33 58
33 71
33 92
33 98
33 41
33 85
33 99
33 39
33 65
33 79
33 81
33 38
33 43
33 50
33 51
33 52
33 54
33 64
33 68
33 70
33 86
33 88
34 35
34 41
34 92
34 69
34 44
34 85
34 76
34 71
34 65
34 47
34 51
34 72
34 88
34 70
34 75
34 68
34 42
34 79
34 84
34 66
34 93
34 62
34 38
34 55
34 89
34 36
34 82
34 40
34 43
34 46
34 53
34 59
34 61
34 74
34 87
34 91
35 92
35 93
35 65
35 71
35 86
35 45
35 49
35 58
35 99
35 38
35 37
35 40
35 42
35 43
35 47
35 48
35 50
35 51
35 53
35 56
35 59
35 61
35 63
35 64
35 74
35 76
35 78
35 79
35 83
35 89
35 90
35 95
35 97
35 98
36 85
36 66
36 63
36 70
36 95
36 42
36 89
36 90
36 45
36 69
36 38
36 40
36 41
36 46
36 49
36 51
36 52
36 53
36 56
36 59
36 60
36 61
36 64
36 65
36 75
36 76
36 78
36 79
36 82
36 83
36 84
36 86
36 97
37 77
37 66
37 79
37 90
37 56
37 63
37 92
37 83
37 72
37 41
37 49
37 84
37 65
37 78
37 50
37 86
37 54
37 75
37 59
37 60
37 39
37 47
37 68
37 61
37 62
37 51
37 82
37 42
37 94
37 52
37 57
37 89
37 43
37 87
37 98
37 74
37 38
37 46
37 48
37 53
37 71
37 76
37 80
37 93
37 97
38 91
38 58
38 76
38 71
38 62
38 54
38 59
38 95
38 61
38 50
38 53
38 49
38 81
38 66
38 41
38 80
38 67
38 42
38 45
38 70
38 93
38 51
38 77
38 47
38 87
38 75
38 73
38 96
38 57
38 40
38 55
38 56
38 68
38 83
38 86
38 88
38 89
38 97
38 98
39 72
39 71
39 98
39 81
39 67
39 79
39 47
39 57
39 94
39 40
39 41
39 43
39 45
39 48
39 50
39 51
39 55
39 56
39 68
39 75
39 78
39 82
39 83
39 85
39 88
39 89
39 90
39 97
40 72
40 69
40 98
40 97
40 52
40 95
40 42
40 78
40 86
40 94
40 59
40 80
40 91
40 45
40 44
40 96
40 43
40 63
40 84
40 48
40 77
40 83
40 92
40 41
40 46
40 51
40 53
40 54
40 55
40 62
40 64
40 65
40 73
40 74
40 75
40 76
40 79
40 81
40 93
41 60
41 45
41 67
41 72
41 59
41 94
41 79
41 57
41 46
41 42
41 93
41 85
41 71
41 75
41 88
41 43
41 73
41 96
41 54
41 84
41 62
41 66
41 91
41 64
41 69
41 65
41 80
41 92
41 89
41 74
41 49
41 78
41 47
41 56
41 44
41 48
41 50
41 52
41 53
41 68
41 76
41 77
41 83
41 98
42 64
42 69
42 55
42 73
42 62
42 87
42 66
42 77
42 54
42 96
42 61
42 85
42 95
42 76
42 72
42 49
42 86
42 51
42 82
42 81
42 90
42 48
42 50
42 65
42 45
42 52
42 57
42 68
42 75
42 80
42 88
42 89
42 97
42 99
43 47
43 69
43 93
43 74
43 77
43 48
43 89
43 49
43 87
43 54
43 58
43 97
43 96
43 53
43 82
43 76
43 44
43 71
43 55
43 73
43 86
43 78
43 95
43 81
43 63
43 98
43 45
43 52
43 61
43 66
43 79
43 83
43 99
44 50
44 76
44 78
44 77
44 51
44 65
44 95
44 73
44 66
44 64
44 63
44 87
44 79
44 58
44 61
44 84
44 83
44 96
44 55
44 69
44 52
44 46
44 71
44 88
44 70
44 94
44 56
44 60
44 49
44 68
44 53
44 54
44 74
44 82
45 57
45 86
45 60
45 96
45 53
45 52
45 73
45 56
45 59
45 68
45 90
45 95
45 50
45 58
45 78
45 47
45 98
45 64
45 80
45 94
45 92
45 62
45 75
45 51
45 66
45 76
45 89
45 83
45 55
45 48
45 79
45 70
45 54
45 63
45 69
45 74
45 84
45 87
45 93
45 97
46 86
46 65
46 61
46 88
46 84
46 67
46 49
46 69
46 73
46 72
46 55
46 57
46 99
46 89
46 78
46 51
46 92
46 74
46 75
46 85
46 87
46 91
46 83
46 76
46 93
46 95
46 60
46 71
46 48
46 50
46 52
46 53
46 54
46 64
46 79
46 97
47 92
47 86
47 56
47 49
47 50
47 52
47 55
47 57
47 59
47 60
47 61
47 63
47 66
47 76
47 83
47 85
47 87
48 93
48 89
48 57
48 58
48 82
48 95
48 79
48 85
48 69
48 66
48 65
48 56
48 83
48 88
48 68
48 49
48 99
48 74
48 97
48 67
48 90
48 55
48 78
48 59
48 77
48 73
48 87
48 92
48 54
48 64
48 76
48 86
49 79
49 60
49 90
49 98
49 63
49 95
49 84
49 70
49 69
49 65
49 74
49 73
49 77
49 81
49 59
49 71
49 91
49 85
49 97
49 67
49 52
49 53
49 92
49 50
49 58
49 72
49 61
49 51
49 55
49 75
49 78
49 86
49 93
50 88
50 76
50 82
50 65
50 54
50 89
50 51
50 56
50 57
50 71
50 91
50 78
50 61
50 79
50 73
50 75
50 85
50 69
50 74
50 83
50 59
50 62
50 86
50 52
50 53
50 58
50 64
50 68
50 84
51 82
51 68
51 75
51 91
51 89
51 73
51 77
51 90
51 93
51 99
51 85
51 69
51 62
51 92
51 70
51 81
51 52
51 54
51 55
51 56
51 64
51 71
51 79
51 83
51 86
52 85
52 91
52 71
52 80
52 59
52 53
52 86
52 92
52 64
52 55
52 66
52 81
52 87
52 79
52 77
52 56
52 63
52 70
52 54
52 65
52 83
52 57
52 98
52 61
52 88
52 69
52 97
52 99
53 85
53 99
53 56
53 88
53 80
53 72
53 79
53 60
53 70
53 84
53 98
53 74
53 67
53 95
53 66
53 86
53 61
53 94
53 55
53 87
53 97
53 92
53 83
53 54
53 63
53 64
53 76
53 89
54 81
54 68
54 74
54 80
54 73
54 56
54 85
54 92
54 77
54 72
54 60
54 67
54 75
54 62
54 89
54 71
54 88
54 55
54 98
54 65
54 64
54 76
54 57
54 59
54 61
54 63
54 69
54 90
54 93
55 84
55 90
55 59
55 64
55 83
55 75
55 98
55 88
55 82
55 65
55 85
55 95
55 56
55 94
55 76
55 78
55 74
55 66
55 67
55 86
55 63
55 93
55 57
55 73
55 70
55 58
55 61
55 69
55 71
55 99
56 75
56 71
56 95
56 59
56 93
56 96
56 63
56 91
56 79
56 86
56 62
56 98
56 64
56 84
56 60
56 61
56 68
56 77
56 57
56 80
56 82
56 83
56 97
57 73
57 96
57 99
57 83
57 87
57 85
57 84
57 76
57 66
57 58
57 60
57 68
57 69
57 74
57 77
57 86
57 88
58 74
58 82
58 64
58 68
58 69
58 73
58 76
58 77
58 84
58 86
58 87
58 90
59 90
59 99
59 76
59 63
59 81
59 65
59 91
59 85
59 86
59 92
59 62
59 74
59 64
59 87
59 73
59 84
59 97
59 82
59 72
59 61
59 68
59 75
59 89
60 62
60 61
60 63
60 68
60 69
60 75
60 76
60 79
60 82
60 85
60 86
60 95
60 97
61 94
61 77
61 76
61 82
61 74
61 64
61 80
61 62
61 90
61 98
61 97
61 83
61 81
61 79
61 99
61 71
61 91
61 66
61 63
61 72
61 86
61 87
61 88
62 89
62 94
62 74
62 83
62 91
62 72
62 85
62 63
62 81
62 93
62 70
62 98
62 64
62 65
62 71
62 79
62 80
62 84
63 81
63 94
63 80
63 92
63 91
63 96
63 82
63 68
63 83
63 89
63 84
63 74
63 79
63 85
63 97
63 99
64 74
64 86
64 66
64 83
64 91
64 79
64 99
64 98
64 94
64 73
64 84
64 96
64 67
64 95
64 70
64 93
64 89
64 69
64 78
64 92
64 76
64 87
64 65
64 77
64 82
64 97
65 80
65 77
65 79
65 82
65 96
65 93
65 92
65 70
65 83
65 68
65 71
65 72
65 75
65 78
65 86
65 89
65 90
65 94
65 95
65 98
66 89
66 78
66 88
66 69
66 67
66 79
66 81
66 83
66 84
66 90
66 97
66 98
67 70
67 69
67 75
67 71
67 72
67 76
67 78
67 79
67 80
67 82
67 83
67 84
67 88
67 89
67 99
68 95
68 83
68 89
68 98
68 82
68 90
68 79
68 92
68 80
68 99
68 85
68 75
68 70
68 88
68 97
68 69
68 71
68 77
68 87
68 93
69 87
69 94
69 89
69 95
69 83
69 97
69 78
69 77
69 70
69 96
69 82
69 81
69 90
70 79
70 76
70 87
70 72
70 75
70 80
70 85
70 88
70 90
70 91
70 98
71 76
71 99
71 97
71 93
71 95
71 77
71 85
71 91
71 78
71 75
71 80
71 82
71 90
72 77
72 92
72 78
72 91
72 93
72 73
72 79
72 80
72 82
72 83
72 87
72 90
72 99
73 93
73 99
73 77
73 92
73 96
73 74
73 76
73 79
73 83
73 85
73 86
73 87
73 97
74 78
74 75
74 88
74 76
74 99
74 91
74 89
74 83
74 86
74 93
74 95
75 76
75 97
75 96
75 83
75 88
75 77
75 79
75 95
75 78
75 82
75 86
75 89
75 92
76 78
76 79
76 77
76 98
76 83
76 82
76 81
76 80
76 84
76 86
76 90
76 99
77 96
77 97
77 83
77 88
77 89
77 90
77 98
78 85
78 98
78 82
78 99
78 80
78 86
78 90
79 92
79 87
79 83
79 89
79 99
79 97
79 96
79 82
79 85
79 86
80 95
80 83
80 99
80 97
80 87
80 81
80 92
80 88
80 85
80 91
80 90
81 84
81 86
81 90
82 84
82 87
82 98
82 86
82 94
82 93
82 90
82 95
83 86
83 84
83 85
83 97
83 87
83 99
83 98
83 93
83 92
83 90
84 95
84 89
84 99
84 97
84 88
84 87
84 93
84 85
84 86
84 90
85 94
85 90
85 89
85 86
85 87
85 93
85 97
86 98
86 97
86 88
86 99
86 91
86 95
87 97
87 92
87 89
88 93
88 91
88 96
88 97
88 89
88 90
89 99
89 96
89 98
89 90
89 95
90 92
90 91
90 97
90 99
91 93
92 97
93 97
96 97
96 98
97 98
97 99
98 99