0 6 25 26 27 1 15 2 28 29 30 14 31 32 33 3 19 9 34 35 36 4 12 37 38 39 5 20 40 41 42 18 10 43 44 45 7 11 46 47 48 8 49 50 51 52 53 54 23 16 55 56 57 22 24 58 59 60 61 62 63 13 64 65 66 21 67 68 69 70 71 72 73 74 75 17 76 77 78 79 80 81 82 83 84 85 86 87 88 89 90 91 92 93 94 95 96 97 98 99
0 6
0 25
0 26
0 27
6 18
6 10
6 43
6 44
6 45
25 52
26 52
27 36
27 62
1 15
1 2
1 28
1 29
1 30
15 70
15 71
15 72
2 14
2 31
2 32
2 33
28 43
28 93
29 59
29 38
29 32
30 52
30 74
14 21
14 24
14 67
14 68
14 69
31 45
31 39
32 57
33 87
33 73
3 19
3 9
3 34
3 35
3 36
19 82
19 83
19 84
9 5
9 52
9 53
9 54
34 85
34 64
35 54
35 50
35 57
4 12
4 37
4 38
4 39
12 11
12 61
12 62
12 63
37 44
38 97
38 77
39 55
5 20
5 40
5 41
5 42
20 8
20 17
20 18
20 85
20 86
20 87
40 44
41 51
42 88
42 58
18 79
18 80
18 81
10 23
10 16
10 55
10 56
10 57
44 49
44 56
44 84
45 95
45 84
7 11
7 46
7 47
7 48
11 22
11 16
11 24
11 58
11 59
11 60
46 58
46 67
47 78
47 80
47 92
47 59
48 79
48 74
48 88
8 49
8 50
8 51
49 70
50 83
51 92
52 81
53 62
53 63
53 84
23 94
23 95
23 96
16 13
16 73
16 74
16 75
55 91
56 93
56 96
57 94
57 99
22 91
22 92
22 93
24 97
24 98
24 99
58 61
58 86
60 65
63 67
13 64
13 65
13 66
64 72
64 77
65 95
66 69
66 73
66 97
21 88
21 89
21 90
68 85
70 71
74 90
75 99
17 76
17 77
17 78
76 95
77 98
79 89
82 92
91 97