10 11 12 13 14 15 16 17 18 19 20 21 22 30 31 32 33 34 35 36 37 38 40 41 42 43 44 45 46 47 48 50 51 52 53 54 55 56 57 58 60 61 62 63 64 65 66 67 68 70 71 72 73 80 81 82 83 84 85 86 87 88 89
10 11
10 20
11 12
12 13
13 14
14 15
15 16
16 17
17 18
18 19
20 21
20 30
21 22
30 31
30 40
31 32
32 33
33 34
34 35
35 36
36 37
37 38
40 41
40 50
41 42
42 43
43 44
44 45
45 46
46 47
47 48
50 51
50 60
51 52
52 53
53 54
54 55
55 56
56 57
57 58
60 61
60 70
61 62
62 63
63 64
64 65
65 66
66 67
67 68
70 71
70 80
71 72
72 73
80 81
81 82
82 83
83 84
84 85
85 86
86 87
87 88
88 89