0 19 12 25 26 27 1 20 15 28 29 30 2 21 9 31 32 33 3 5 34 35 36 4 14 13 37 38 39 16 7 24 40 41 42 6 18 43 44 45 46 47 48 8 49 50 51 11 52 53 54 10 23 55 56 57 58 59 60 17 61 62 63 64 65 66 67 68 69 70 71 72 73 74 75 22 76 77 78 79 80 81 82 83 84 85 86 87 88 89 90 91 92 93 94 95 96 97 98 99
0 19
0 12
0 25
0 26
0 27
19 9
19 82
19 83
19 84
12 8
12 17
12 61
12 62
12 63
25 57
25 64
25 87
25 74
26 65
26 94
26 76
27 77
1 20
1 15
1 28
1 29
1 30
20 85
20 86
20 87
15 13
15 70
15 71
15 72
28 83
29 54
30 58
2 21
2 9
2 31
2 32
2 33
21 88
21 89
21 90
9 11
9 13
9 52
9 53
9 54
31 55
32 97
33 52
3 5
3 34
3 35
3 36
5 16
5 7
5 24
5 40
5 41
5 42
34 70
35 49
35 86
36 61
36 73
36 91
4 14
4 13
4 37
4 38
4 39
14 67
14 68
14 69
13 10
13 64
13 65
13 66
37 93
37 69
38 98
39 91
39 68
16 73
16 74
16 75
7 18
7 46
7 47
7 48
24 97
24 98
24 99
40 65
41 64
42 53
6 18
6 43
6 44
6 45
18 17
18 79
18 80
18 81
43 81
43 96
44 76
44 91
45 92
45 91
46 74
47 59
48 68
48 62
8 49
8 50
8 51
49 88
50 66
51 82
51 83
11 58
11 59
11 60
52 56
52 63
52 59
53 84
54 89
54 62
10 23
10 55
10 56
10 57
23 94
23 95
23 96
55 86
58 75
59 66
59 68
60 99
17 22
17 76
17 77
17 78
62 79
62 97
62 90
66 69
67 85
67 81
70 93
71 77
72 75
72 86
72 96
72 73
74 95
74 92
22 91
22 92
22 93
77 79
78 84
80 84
83 99
84 99
90 99
98 99