0 1 2 3 4 5 6 7 8 9 10 11 12 13 14 15 16 17 18 19 20 21 22 23 24 25 26 27 28 29 30 31 32 33 34 35 36 37 38 39 40 41 42 43 44 45 46 47 48 49 50 51 52 53 54 55 56 57 58 59 60 61 62 63 64 65 66 67 68 69 70 71 72 73 74 75 76 77 78 79 80 81 82 83 84 85 86 87 88 89 90 91 92 93 94 95 96 97 98
0 84
1 43
2 80
2 44
2 53
3 4
4 22
4 64
4 35
5 77
5 51
6 51
6 85
7 74
8 62
8 40
9 91
10 56
10 90
10 19
11 33
11 55
12 45
12 43
12 77
13 33
14 62
14 20
14 59
15 85
16 41
17 91
17 61
18 53
19 80
20 89
20 36
20 49
21 24
22 52
22 63
23 81
23 34
24 62
25 57
25 84
25 32
26 98
26 33
27 67
27 62
28 47
28 30
28 78
29 39
29 40
30 54
30 37
31 93
32 68
33 46
37 95
38 47
40 72
41 79
41 88
42 52
42 65
43 81
44 76
45 96
46 91
46 84
46 59
47 71
48 58
50 83
50 87
52 70
54 82
56 73
58 89
60 75
62 94
64 81
64 92
66 94
66 93
68 81
69 80
69 75
72 74
73 91
73 97
79 82
82 87
86 96
87 91