0 2 4 5 1 3 23 24 7 17 16 10 12 15 6 18 21 19 14 22 11 9 8 13 20 30 32 29 34 31 43 44 42 38 39 40 41 46 45 36 25 26 27 33 35 48 49 28 47 37 69 93 70 92 52 89 64 68 95 71 72 73 94 74 75 78 76 79 77 91 88 98 96 60 53 51 85 87 86 97 99 61 62 54 63 55 67 57 65 82 59 58 83 66 84 56 81 80 90 50
0 2
0 4
0 5
0 15
0 9
0 26
0 14
0 7
0 67
2 3
2 4
2 6
2 13
2 47
4 1
4 5
4 17
4 8
5 1
5 12
5 10
5 11
5 73
1 16
1 7
1 3
1 38
1 27
1 39
3 19
3 22
3 20
23 24
23 30
23 89
23 90
23 51
24 7
24 17
24 44
24 52
24 85
24 86
7 10
7 32
7 96
17 42
17 67
17 44
16 18
16 6
16 53
10 15
10 32
10 8
10 92
10 90
12 9
12 8
12 33
15 6
15 36
15 39
6 18
6 19
6 13
6 40
6 67
18 19
21 19
21 13
14 22
14 11
14 9
14 26
22 46
22 79
11 74
9 36
8 35
8 34
8 33
8 91
13 45
20 82
30 29
32 29
32 52
29 31
29 64
34 31
34 27
34 68
34 92
43 44
44 38
44 61
42 87
38 39
38 62
39 40
39 63
40 41
40 65
41 47
41 82
41 84
46 48
46 76
46 77
36 73
36 72
36 74
25 26
25 37
25 73
26 28
27 37
33 68
33 72
35 71
48 49
49 28
49 75
28 94
28 74
47 81
37 71
37 72
69 93
69 95
93 70
70 92
92 64
92 71
52 89
52 94
89 88
71 72
74 75
75 78
75 76
79 77
88 85
98 96
98 60
98 97
60 61
60 54
53 50
51 85
87 86
97 99
62 55
54 63
54 55
63 65
63 84
55 56
67 57
57 84
57 59
57 58
65 56
82 59
59 58
58 83
83 66
81 80