0 1 2 3 5 4 10 12 13 16 6 7 9 8 11 14 15 18 17 21 23 27 25 30 19 32 22 33 20 24 26 28 29 31 34 35 36 39 41 40 42 37 38 43 44 45 54 46 48 51 47 49 50 52 61 53 55 56 59 57 58 60 65 66 63 62 64 67 68 73 70 69 72 71 76 77 78 74 75 81 88 79 82 80 84 83 85 87 89 86 91 99 90 93 92 94 95 96 97 98
0 1
0 2
1 3
2 3
2 5
3 4
3 10
5 6
4 12
4 13
4 16
10 6
10 9
10 11
10 14
10 13
12 18
12 16
12 13
13 14
13 17
13 21
6 7
6 9
7 8
11 15
14 17
15 23
15 27
15 25
18 30
18 19
18 32
17 21
17 23
21 20
21 23
23 25
27 28
27 29
25 24
25 26
19 22
19 33
19 20
32 31
22 24
33 34
33 35
34 36
34 39
35 41
35 40
36 42
39 38
39 42
41 40
41 44
40 42
42 43
37 38
38 43
43 44
44 45
44 54
45 46
45 48
45 51
46 48
46 47
48 47
51 49
49 50
50 52
52 61
52 53
52 55
61 63
55 56
55 59
56 57
59 58
59 65
57 58
58 60
60 66
65 64
65 67
65 66
65 68
66 68
63 62
62 64
67 73
67 70
68 70
73 69
73 72
73 77
73 78
70 71
70 76
69 72
72 71
71 77
76 74
76 81
76 88
76 77
77 88
77 79
78 79
74 75
75 81
81 80
81 84
88 85
88 86
88 87
88 89
79 82
82 80
82 84
82 83
84 85
83 85
85 87
85 89
85 86
87 86
87 89
89 86
89 99
86 91
91 90
99 97
99 98
90 93
90 92
90 94
93 92
93 94
94 95
94 96
95 96
96 97
97 98