0 1 2 3 4 7 8 9 10 11 13 15 17 18 19 20 23 24 25 28 30 31 32 33 34 35 36 37 39 40 41 43 44 45 46 47 48 49 50 51 52 53 55 56 59 60 61 63 65 66 67 69 70 71 77 78 80 81 82 84 86 88 89 90 91 92 93 94 95 96 97 99 5 12 14 16 22 26 27 29 38 42 54 57 64 68 73 74 75 76 79 83 98 6 21 62 72 87 58 85
0 1
0 2
0 3
0 4
0 7
0 8
0 9
0 10
0 11
0 13
0 15
0 17
0 18
0 19
0 20
0 23
0 24
0 25
0 28
0 30
0 31
0 32
0 33
0 34
0 35
0 36
0 37
0 39
0 40
0 41
0 43
0 44
0 45
0 46
0 47
0 48
0 49
0 50
0 51
0 52
0 53
0 55
0 56
0 59
0 60
0 61
0 63
0 65
0 66
0 67
0 69
0 70
0 71
0 77
0 78
0 80
0 81
0 82
0 84
0 86
0 88
0 89
0 90
0 91
0 92
0 93
0 94
0 95
0 96
0 97
0 99
1 4
1 5
1 7
1 8
1 9
1 10
1 11
1 12
1 14
1 15
1 16
1 20
1 22
1 24
1 25
1 26
1 27
1 28
1 29
1 30
1 32
1 34
1 35
1 38
1 39
1 40
1 42
1 43
1 44
1 46
1 48
1 49
1 50
1 52
1 54
1 55
1 57
1 61
1 63
1 64
1 66
1 68
1 69
1 73
1 74
1 75
1 76
1 79
1 80
1 81
1 83
1 84
1 86
1 88
1 89
1 90
1 91
1 92
1 94
1 96
1 97
1 98
1 99
2 3
2 4
2 6
2 8
2 9
2 12
2 13
2 14
2 15
2 16
2 18
2 20
2 21
2 24
2 26
2 27
2 28
2 31
2 32
2 34
2 35
2 37
2 38
2 39
2 40
2 42
2 43
2 44
2 47
2 48
2 49
2 50
2 53
2 54
2 55
2 56
2 57
2 59
2 62
2 64
2 66
2 67
2 68
2 71
2 72
2 74
2 75
2 76
2 77
2 78
2 79
2 81
2 82
2 83
2 86
2 87
2 88
2 89
2 90
2 93
2 95
2 96
2 99
3 5
3 6
3 7
3 9
3 10
3 11
3 12
3 13
3 14
3 15
3 16
3 19
3 21
3 23
3 25
3 26
3 29
3 31
3 32
3 33
3 34
3 35
3 36
3 38
3 43
3 45
3 47
3 48
3 49
3 50
3 53
3 57
3 58
3 59
3 60
3 61
3 62
3 64
3 65
3 69
3 70
3 73
3 75
3 76
3 78
3 79
3 81
3 82
3 83
3 85
3 86
3 87
3 88
3 91
3 93
3 95
3 96
4 6
4 7
4 8
4 9
4 10
4 12
4 13
4 15
4 16
4 17
4 18
4 19
4 20
4 21
4 22
4 24
4 25
4 27
4 30
4 31
4 32
4 33
4 34
4 35
4 38
4 41
4 42
4 43
4 44
4 45
4 46
4 47
4 48
4 50
4 51
4 54
4 56
4 58
4 59
4 60
4 62
4 63
4 64
4 66
4 69
4 70
4 72
4 74
4 75
4 77
4 80
4 81
4 82
4 83
4 86
4 88
4 89
4 90
4 91
4 92
4 93
4 94
4 96
4 97
4 98
4 99
7 6
7 8
7 9
7 11
7 15
7 16
7 17
7 20
7 22
7 23
7 24
7 25
7 26
7 29
7 30
7 31
7 32
7 33
7 34
7 35
7 36
7 37
7 38
7 40
7 41
7 44
7 45
7 46
7 48
7 50
7 51
7 52
7 54
7 55
7 56
7 57
7 58
7 59
7 60
7 62
7 63
7 64
7 65
7 66
7 68
7 70
7 71
7 72
7 74
7 75
7 76
7 77
7 78
7 84
7 86
7 87
7 90
7 91
7 92
7 96
7 98
8 6
8 9
8 10
8 12
8 13
8 14
8 15
8 16
8 19
8 22
8 23
8 25
8 27
8 28
8 29
8 30
8 32
8 35
8 38
8 40
8 43
8 45
8 49
8 50
8 52
8 53
8 58
8 59
8 60
8 62
8 64
8 65
8 66
8 68
8 69
8 70
8 71
8 72
8 73
8 75
8 76
8 78
8 81
8 83
8 86
8 88
8 89
8 90
8 91
8 92
8 97
8 99
9 5
9 6
9 10
9 11
9 12
9 14
9 15
9 16
9 17
9 19
9 20
9 21
9 22
9 23
9 25
9 27
9 28
9 31
9 32
9 33
9 34
9 35
9 37
9 38
9 39
9 40
9 41
9 42
9 43
9 45
9 46
9 47
9 48
9 49
9 50
9 53
9 55
9 57
9 58
9 59
9 62
9 63
9 64
9 66
9 68
9 69
9 70
9 71
9 72
9 74
9 75
9 76
9 78
9 79
9 80
9 82
9 83
9 84
9 86
9 87
9 90
9 92
10 5
10 6
10 11
10 12
10 13
10 15
10 16
10 20
10 21
10 23
10 24
10 25
10 26
10 27
10 30
10 33
10 34
10 35
10 36
10 39
10 40
10 42
10 43
10 45
10 46
10 48
10 50
10 51
10 52
10 54
10 55
10 57
10 58
10 59
10 60
10 61
10 62
10 63
10 65
10 66
10 67
10 68
10 70
10 71
10 72
10 73
10 74
10 75
10 76
10 77
10 78
10 79
10 80
10 81
10 82
10 83
10 93
10 94
10 97
10 98
11 5
11 6
11 13
11 14
11 15
11 16
11 18
11 19
11 21
11 22
11 23
11 24
11 25
11 26
11 27
11 28
11 29
11 31
11 32
11 35
11 36
11 37
11 38
11 40
11 41
11 42
11 43
11 46
11 48
11 50
11 52
11 55
11 56
11 57
11 58
11 59
11 60
11 62
11 64
11 66
11 67
11 68
11 72
11 74
11 75
11 76
11 77
11 79
11 80
11 81
11 82
11 83
11 87
11 88
11 90
11 91
11 92
11 93
11 95
11 96
11 97
11 98
13 5
13 6
13 12
13 15
13 16
13 17
13 19
13 22
13 25
13 27
13 28
13 29
13 30
13 31
13 36
13 37
13 38
13 40
13 41
13 43
13 45
13 47
13 48
13 49
13 50
13 51
13 52
13 56
13 57
13 58
13 61
13 62
13 63
13 64
13 65
13 66
13 67
13 70
13 71
13 73
13 74
13 76
13 77
13 78
13 79
13 80
13 81
13 83
13 85
13 86
13 87
13 88
13 89
13 90
13 91
13 92
13 95
13 96
13 98
13 99
15 5
15 6
15 14
15 16
15 17
15 19
15 21
15 23
15 25
15 26
15 27
15 28
15 29
15 30
15 31
15 32
15 33
15 36
15 37
15 38
15 40
15 41
15 42
15 43
15 44
15 45
15 48
15 51
15 52
15 53
15 55
15 56
15 59
15 61
15 62
15 63
15 64
15 65
15 66
15 67
15 70
15 73
15 74
15 75
15 78
15 79
15 80
15 81
15 83
15 85
15 87
15 90
15 92
15 93
15 94
15 95
15 97
15 98
15 99
17 5
17 6
17 12
17 14
17 18
17 19
17 21
17 22
17 23
17 25
17 26
17 27
17 28
17 29
17 31
17 32
17 33
17 35
17 37
17 39
17 40
17 41
17 43
17 46
17 48
17 49
17 50
17 51
17 53
17 55
17 56
17 57
17 58
17 59
17 60
17 62
17 63
17 65
17 66
17 68
17 70
17 71
17 72
17 73
17 74
17 75
17 76
17 77
17 78
17 79
17 82
17 83
17 84
17 86
17 87
17 89
17 92
17 95
17 97
17 98
17 99
18 6
18 12
18 14
18 19
18 21
18 23
18 26
18 30
18 31
18 32
18 35
18 36
18 37
18 38
18 40
18 41
18 42
18 44
18 45
18 46
18 47
18 48
18 50
18 51
18 52
18 53
18 55
18 56
18 58
18 60
18 62
18 63
18 64
18 65
18 66
18 67
18 68
18 71
18 72
18 73
18 76
18 77
18 78
18 80
18 82
18 83
18 84
18 85
18 86
18 87
18 88
18 89
18 90
18 92
18 93
18 94
18 95
18 96
18 97
18 98
18 99
19 6
19 12
19 14
19 16
19 20
19 21
19 23
19 27
19 28
19 30
19 31
19 32
19 33
19 34
19 37
19 38
19 39
19 41
19 42
19 43
19 45
19 47
19 48
19 51
19 52
19 54
19 55
19 57
19 59
19 60
19 61
19 62
19 64
19 65
19 67
19 68
19 70
19 71
19 72
19 73
19 74
19 77
19 81
19 84
19 85
19 86
19 89
19 91
19 92
19 93
19 94
19 95
19 98
19 99
20 12
20 16
20 21
20 22
20 23
20 24
20 25
20 26
20 27
20 28
20 30
20 31
20 33
20 34
20 35
20 36
20 40
20 43
20 44
20 45
20 47
20 48
20 49
20 50
20 51
20 54
20 55
20 56
20 61
20 62
20 63
20 65
20 66
20 67
20 68
20 70
20 71
20 72
20 73
20 74
20 75
20 76
20 78
20 79
20 80
20 81
20 82
20 83
20 85
20 87
20 90
20 93
20 94
20 96
20 97
20 98
20 99
23 12
23 14
23 21
23 24
23 25
23 26
23 27
23 30
23 31
23 32
23 34
23 35
23 36
23 40
23 41
23 43
23 44
23 47
23 48
23 49
23 53
23 54
23 55
23 56
23 58
23 60
23 64
23 65
23 66
23 67
23 70
23 71
23 72
23 73
23 74
23 75
23 77
23 78
23 80
23 81
23 82
23 84
23 91
23 92
23 93
23 95
23 96
23 97
23 99
24 5
24 6
24 12
24 14
24 16
24 22
24 28
24 29
24 30
24 32
24 33
24 36
24 38
24 42
24 43
24 44
24 45
24 46
24 47
24 48
24 50
24 51
24 52
24 53
24 54
24 55
24 57
24 58
24 59
24 61
24 62
24 63
24 64
24 65
24 66
24 67
24 70
24 71
24 72
24 73
24 74
24 75
24 77
24 80
24 81
24 82
24 84
24 85
24 88
24 89
24 90
24 91
24 92
24 94
24 95
24 96
24 97
24 99
25 5
25 26
25 27
25 29
25 30
25 31
25 34
25 36
25 37
25 38
25 39
25 40
25 41
25 44
25 45
25 46
25 47
25 48
25 50
25 51
25 52
25 53
25 54
25 56
25 57
25 58
25 59
25 63
25 65
25 68
25 69
25 70
25 71
25 73
25 74
25 76
25 77
25 80
25 82
25 83
25 84
25 86
25 88
25 92
25 94
25 96
25 98
28 5
28 14
28 21
28 26
28 27
28 29
28 30
28 31
28 32
28 33
28 34
28 35
28 36
28 37
28 38
28 40
28 42
28 43
28 45
28 46
28 48
28 49
28 50
28 52
28 54
28 56
28 57
28 58
28 60
28 61
28 63
28 64
28 68
28 69
28 70
28 71
28 72
28 74
28 80
28 81
28 83
28 84
28 85
28 86
28 87
28 88
28 89
28 90
28 91
28 93
28 94
28 96
28 98
28 99
30 5
30 12
30 14
30 22
30 26
30 27
30 29
30 31
30 32
30 38
30 39
30 40
30 41
30 42
30 43
30 44
30 48
30 49
30 50
30 51
30 53
30 54
30 55
30 56
30 57
30 58
30 59
30 60
30 61
30 63
30 64
30 65
30 66
30 67
30 68
30 70
30 72
30 73
30 75
30 76
30 77
30 78
30 79
30 81
30 86
30 89
30 90
30 91
30 92
30 94
30 95
30 96
30 97
30 98
30 99
31 5
31 6
31 14
31 16
31 26
31 27
31 32
31 37
31 39
31 41
31 42
31 43
31 44
31 45
31 46
31 48
31 50
31 51
31 52
31 53
31 54
31 55
31 56
31 57
31 59
31 60
31 61
31 62
31 63
31 64
31 66
31 67
31 68
31 70
31 71
31 73
31 75
31 76
31 77
31 83
31 84
31 85
31 88
31 90
31 91
31 92
31 93
31 96
32 14
32 21
32 26
32 27
32 33
32 34
32 36
32 38
32 39
32 40
32 41
32 42
32 44
32 45
32 46
32 47
32 48
32 49
32 50
32 51
32 53
32 54
32 56
32 57
32 58
32 59
32 62
32 63
32 64
32 65
32 66
32 67
32 68
32 69
32 70
32 71
32 72
32 73
32 74
32 75
32 77
32 78
32 79
32 81
32 83
32 86
32 87
32 89
32 90
32 91
32 93
32 98
32 99
33 5
33 12
33 21
33 26
33 29
33 35
33 37
33 38
33 40
33 41
33 42
33 45
33 47
33 49
33 50
33 52
33 58
33 59
33 60
33 61
33 65
33 66
33 67
33 68
33 69
33 70
33 71
33 72
33 73
33 75
33 76
33 77
33 78
33 79
33 80
33 81
33 82
33 83
33 84
33 87
33 89
33 90
33 92
33 93
33 95
33 99
34 5
34 6
34 12
34 14
34 21
34 22
34 29
34 35
34 36
34 37
34 38
34 39
34 40
34 41
34 42
34 44
34 46
34 49
34 51
34 52
34 53
34 54
34 55
34 56
34 57
34 58
34 59
34 63
34 64
34 65
34 67
34 69
34 71
34 73
34 74
34 76
34 77
34 79
34 80
34 81
34 85
34 87
34 89
34 92
34 93
34 94
34 98
34 99
35 6
35 12
35 16
35 21
35 22
35 26
35 27
35 29
35 36
35 40
35 41
35 42
35 43
35 48
35 50
35 52
35 53
35 55
35 56
35 57
35 59
35 60
35 61
35 62
35 63
35 66
35 67
35 68
35 69
35 73
35 74
35 77
35 78
35 80
35 81
35 83
35 84
35 85
35 89
35 90
35 91
35 92
35 93
35 94
35 95
35 97
35 98
36 6
36 14
36 21
36 27
36 38
36 39
36 41
36 42
36 43
36 44
36 45
36 48
36 49
36 51
36 52
36 53
36 54
36 55
36 56
36 57
36 59
36 60
36 61
36 62
36 64
36 65
36 66
36 67
36 68
36 69
36 73
36 74
36 75
36 76
36 77
36 78
36 79
36 80
36 81
36 82
36 83
36 84
36 88
36 89
36 93
36 94
36 95
36 96
36 98
37 5
37 6
37 14
37 16
37 22
37 26
37 27
37 38
37 39
37 41
37 43
37 45
37 46
37 47
37 48
37 49
37 51
37 52
37 53
37 54
37 57
37 58
37 64
37 65
37 67
37 68
37 69
37 71
37 73
37 74
37 75
37 76
37 78
37 79
37 80
37 85
37 86
37 87
37 88
37 90
37 92
37 93
37 95
37 96
37 98
39 5
39 14
39 16
39 21
39 22
39 26
39 27
39 29
39 38
39 42
39 43
39 44
39 45
39 46
39 47
39 48
39 51
39 52
39 53
39 54
39 55
39 57
39 58
39 59
39 60
39 61
39 62
39 65
39 66
39 67
39 68
39 69
39 74
39 75
39 76
39 77
39 78
39 82
39 83
39 84
39 85
39 86
39 89
39 90
39 91
39 93
39 94
39 95
39 96
39 98
39 99
40 6
40 16
40 22
40 26
40 29
40 38
40 41
40 42
40 43
40 44
40 46
40 48
40 49
40 52
40 53
40 54
40 56
40 57
40 59
40 60
40 61
40 62
40 64
40 65
40 66
40 67
40 68
40 69
40 70
40 71
40 72
40 73
40 75
40 76
40 77
40 78
40 79
40 82
40 83
40 84
40 86
40 87
40 90
40 93
40 94
40 95
40 96
40 98
41 5
41 6
41 14
41 16
41 21
41 22
41 26
41 29
41 42
41 44
41 45
41 46
41 47
41 48
41 50
41 51
41 52
41 54
41 55
41 60
41 61
41 63
41 64
41 65
41 66
41 69
41 70
41 71
41 73
41 74
41 75
41 76
41 77
41 78
41 79
41 81
41 82
41 83
41 85
41 88
41 90
41 91
41 92
41 94
41 95
41 96
41 97
41 98
43 5
43 6
43 12
43 14
43 16
43 27
43 29
43 38
43 42
43 44
43 45
43 46
43 47
43 48
43 49
43 50
43 53
43 54
43 56
43 57
43 58
43 61
43 63
43 67
43 69
43 70
43 71
43 72
43 73
43 74
43 75
43 76
43 77
43 78
43 79
43 82
43 83
43 84
43 85
43 86
43 88
43 89
43 93
43 94
43 95
43 97
43 98
43 99
44 6
44 12
44 16
44 22
44 26
44 29
44 38
44 45
44 46
44 48
44 49
44 50
44 53
44 54
44 56
44 59
44 60
44 62
44 63
44 65
44 66
44 69
44 70
44 73
44 74
44 75
44 76
44 78
44 79
44 80
44 81
44 82
44 84
44 86
44 90
44 91
44 93
44 94
44 96
44 98
44 99
45 5
45 6
45 14
45 16
45 21
45 27
45 38
45 46
45 47
45 48
45 49
45 50
45 51
45 52
45 55
45 56
45 59
45 61
45 62
45 63
45 65
45 68
45 70
45 71
45 73
45 75
45 76
45 78
45 83
45 84
45 85
45 86
45 87
45 88
45 89
45 91
45 93
45 94
45 95
45 96
45 98
46 5
46 6
46 16
46 21
46 26
46 29
46 38
46 42
46 47
46 48
46 49
46 50
46 51
46 52
46 53
46 54
46 56
46 58
46 60
46 62
46 63
46 64
46 65
46 66
46 67
46 69
46 70
46 73
46 75
46 76
46 77
46 80
46 84
46 85
46 86
46 87
46 88
46 89
46 91
46 92
46 93
46 96
46 97
46 98
47 5
47 6
47 14
47 16
47 26
47 29
47 38
47 48
47 49
47 50
47 54
47 55
47 56
47 58
47 61
47 62
47 64
47 67
47 68
47 70
47 71
47 72
47 73
47 77
47 78
47 79
47 80
47 82
47 83
47 86
47 87
47 88
47 89
47 90
47 91
47 93
47 95
47 98
47 99
48 5
48 6
48 14
48 16
48 21
48 22
48 26
48 27
48 29
48 42
48 49
48 50
48 51
48 52
48 53
48 55
48 56
48 57
48 58
48 61
48 65
48 66
48 67
48 68
48 69
48 73
48 74
48 75
48 76
48 80
48 82
48 83
48 84
48 86
48 87
48 88
48 89
48 90
48 93
48 94
48 96
48 98
49 6
49 14
49 16
49 22
49 27
49 29
49 38
49 42
49 50
49 51
49 52
49 53
49 54
49 56
49 57
49 61
49 62
49 65
49 68
49 69
49 70
49 71
49 72
49 73
49 74
49 75
49 76
49 77
49 78
49 82
49 83
49 84
49 85
49 86
49 89
49 90
49 92
49 93
49 94
49 95
49 96
49 99
50 5
50 6
50 14
50 16
50 22
50 27
50 29
50 42
50 52
50 53
50 55
50 56
50 58
50 59
50 60
50 62
50 64
50 65
50 66
50 68
50 71
50 73
50 75
50 76
50 79
50 80
50 81
50 82
50 83
50 85
50 86
50 87
50 89
50 90
50 91
50 92
50 93
50 95
50 96
50 97
50 98
51 6
51 14
51 22
51 26
51 27
51 29
51 38
51 42
51 52
51 53
51 56
51 58
51 59
51 60
51 61
51 62
51 63
51 66
51 67
51 69
51 71
51 72
51 74
51 75
51 78
51 79
51 81
51 83
51 85
51 86
51 87
51 88
51 89
51 91
51 92
51 93
51 94
51 96
51 97
52 6
52 12
52 22
52 29
52 38
52 54
52 55
52 56
52 57
52 59
52 60
52 61
52 64
52 66
52 67
52 69
52 70
52 71
52 72
52 74
52 78
52 79
52 82
52 84
52 85
52 86
52 89
52 91
52 93
52 95
52 97
52 98
52 99
53 5
53 6
53 12
53 14
53 22
53 26
53 27
53 38
53 42
53 55
53 56
53 57
53 58
53 59
53 61
53 62
53 63
53 64
53 65
53 67
53 68
53 69
53 70
53 71
53 74
53 75
53 77
53 79
53 80
53 83
53 84
53 86
53 88
53 90
53 93
53 94
53 97
53 98
55 5
55 12
55 16
55 21
55 22
55 26
55 29
55 42
55 56
55 57
55 58
55 59
55 61
55 62
55 63
55 64
55 65
55 66
55 67
55 71
55 74
55 76
55 78
55 80
55 81
55 83
55 84
55 85
55 87
55 90
55 91
55 93
55 95
55 96
55 97
55 98
55 99
56 12
56 16
56 27
56 29
56 38
56 42
56 54
56 57
56 58
56 60
56 62
56 64
56 65
56 66
56 69
56 70
56 71
56 74
56 75
56 77
56 78
56 79
56 80
56 84
56 85
56 86
56 89
56 91
56 93
56 94
56 96
56 97
56 98
56 99
59 5
59 6
59 12
59 26
59 27
59 38
59 54
59 57
59 58
59 61
59 62
59 64
59 65
59 66
59 67
59 68
59 69
59 70
59 72
59 73
59 75
59 77
59 78
59 80
59 81
59 82
59 83
59 84
59 85
59 86
59 87
59 88
59 90
59 91
59 92
59 93
59 96
59 98
60 5
60 6
60 12
60 14
60 16
60 21
60 22
60 26
60 29
60 38
60 54
60 57
60 61
60 62
60 63
60 64
60 65
60 66
60 67
60 68
60 69
60 70
60 71
60 72
60 74
60 76
60 77
60 78
60 80
60 82
60 83
60 87
60 88
60 89
60 91
60 92
60 95
60 98
60 99
61 5
61 16
61 21
61 22
61 27
61 29
61 38
61 42
61 54
61 62
61 63
61 64
61 65
61 66
61 67
61 68
61 69
61 70
61 71
61 72
61 75
61 78
61 79
61 82
61 83
61 85
61 88
61 89
61 91
61 93
61 94
61 95
61 96
61 97
61 98
63 6
63 16
63 21
63 22
63 29
63 38
63 54
63 57
63 64
63 65
63 66
63 68
63 69
63 70
63 73
63 75
63 78
63 79
63 80
63 81
63 82
63 83
63 86
63 89
63 90
63 93
63 95
63 97
63 98
63 99
65 6
65 12
65 16
65 38
65 54
65 62
65 64
65 66
65 68
65 69
65 71
65 72
65 73
65 74
65 76
65 79
65 82
65 85
65 86
65 87
65 89
65 91
65 92
65 93
65 95
65 96
65 97
65 98
65 99
66 6
66 21
66 22
66 26
66 27
66 38
66 54
66 57
66 62
66 67
66 69
66 71
66 72
66 78
66 81
66 82
66 83
66 84
66 86
66 87
66 88
66 89
66 90
66 91
66 92
66 94
66 96
66 97
66 99
67 5
67 6
67 12
67 14
67 16
67 21
67 22
67 38
67 42
67 54
67 62
67 68
67 69
67 70
67 71
67 72
67 73
67 74
67 75
67 76
67 77
67 79
67 80
67 81
67 83
67 85
67 86
67 88
67 90
67 91
67 92
67 93
67 95
67 97
67 98
67 99
69 5
69 6
69 12
69 14
69 16
69 21
69 22
69 27
69 29
69 38
69 42
69 58
69 62
69 68
69 71
69 72
69 74
69 75
69 76
69 78
69 79
69 81
69 82
69 84
69 87
69 88
69 90
69 91
69 92
69 93
69 94
69 95
69 98
69 99
70 12
70 14
70 21
70 27
70 29
70 38
70 42
70 54
70 57
70 58
70 62
70 68
70 71
70 72
70 73
70 74
70 75
70 76
70 77
70 78
70 79
70 82
70 83
70 84
70 85
70 86
70 88
70 89
70 90
70 91
70 94
70 97
70 99
71 5
71 12
71 14
71 16
71 21
71 22
71 26
71 29
71 38
71 42
71 57
71 62
71 68
71 72
71 73
71 74
71 80
71 82
71 83
71 85
71 87
71 88
71 89
71 90
71 94
71 95
71 97
77 5
77 6
77 12
77 14
77 21
77 22
77 38
77 42
77 54
77 57
77 62
77 64
77 68
77 72
77 73
77 74
77 75
77 76
77 78
77 79
77 80
77 81
77 82
77 84
77 87
77 88
77 91
77 92
77 95
77 96
77 97
77 98
78 5
78 12
78 14
78 16
78 21
78 26
78 29
78 42
78 54
78 57
78 62
78 72
78 73
78 75
78 79
78 81
78 82
78 83
78 84
78 85
78 87
78 89
78 90
78 93
78 94
78 95
78 96
78 97
78 98
80 5
80 14
80 21
80 26
80 42
80 57
80 64
80 72
80 73
80 74
80 75
80 76
80 79
80 81
80 82
80 84
80 86
80 87
80 88
80 90
80 91
80 92
80 93
80 95
80 96
80 97
80 98
81 5
81 6
81 12
81 14
81 16
81 22
81 26
81 27
81 29
81 38
81 42
81 54
81 57
81 58
81 62
81 68
81 72
81 73
81 74
81 76
81 82
81 85
81 86
81 87
81 88
81 89
81 90
81 91
81 92
81 93
81 94
81 95
81 98
81 99
82 5
82 6
82 14
82 21
82 22
82 26
82 27
82 29
82 57
82 58
82 62
82 72
82 74
82 75
82 83
82 84
82 85
82 86
82 87
82 95
82 96
84 12
84 14
84 16
84 21
84 22
84 26
84 29
84 38
84 42
84 57
84 58
84 68
84 72
84 74
84 79
84 83
84 85
84 90
84 91
84 92
84 93
84 94
84 96
84 97
84 98
84 99
86 5
86 12
86 14
86 22
86 26
86 27
86 42
86 57
86 58
86 64
86 73
86 74
86 75
86 76
86 79
86 83
86 85
86 92
86 93
86 94
86 95
86 96
86 98
86 99
88 6
88 16
88 27
88 29
88 38
88 42
88 54
88 57
88 58
88 62
88 64
88 68
88 72
88 74
88 75
88 76
88 83
88 87
88 89
88 90
88 91
88 95
88 98
88 99
89 5
89 6
89 12
89 14
89 16
89 22
89 27
89 38
89 54
89 57
89 58
89 62
89 72
89 73
89 74
89 75
89 76
89 79
89 83
89 85
89 87
89 90
89 91
89 93
89 94
89 95
89 97
89 98
90 5
90 6
90 12
90 21
90 27
90 29
90 38
90 42
90 54
90 68
90 72
90 74
90 75
90 76
90 79
90 92
90 94
90 95
90 97
90 98
90 99
91 5
91 12
91 14
91 16
91 21
91 22
91 26
91 38
91 42
91 54
91 57
91 64
91 68
91 72
91 74
91 75
91 76
91 79
91 83
91 85
91 87
91 93
92 5
92 6
92 12
92 14
92 16
92 26
92 27
92 29
92 38
92 42
92 54
92 58
92 62
92 64
92 68
92 76
92 79
92 87
92 93
92 94
92 95
92 96
92 97
92 99
93 5
93 6
93 12
93 14
93 16
93 22
93 27
93 29
93 38
93 42
93 54
93 57
93 58
93 62
93 64
93 72
93 73
93 74
93 75
93 76
93 85
93 87
93 94
93 97
93 99
94 5
94 6
94 16
94 21
94 22
94 27
94 29
94 38
94 42
94 54
94 57
94 58
94 64
94 72
94 74
94 75
94 83
94 96
94 97
94 98
94 99
95 6
95 14
95 16
95 21
95 22
95 27
95 29
95 42
95 57
95 58
95 62
95 64
95 68
95 72
95 74
95 75
95 76
95 79
95 87
95 96
95 97
95 99
96 5
96 6
96 12
96 14
96 21
96 22
96 26
96 27
96 38
96 42
96 54
96 57
96 62
96 68
96 72
96 76
96 79
96 83
96 98
96 99
97 5
97 6
97 12
97 14
97 26
97 27
97 29
97 38
97 42
97 54
97 57
97 58
97 62
97 68
97 72
97 73
97 74
97 75
97 76
97 83
97 85
97 98
97 99
99 6
99 12
99 14
99 16
99 21
99 26
99 27
99 29
99 38
99 54
99 57
99 68
99 73
99 74
99 76
99 79
99 83
99 85
99 87
5 14
5 21
5 22
5 29
5 38
5 42
5 57
5 58
5 62
5 64
5 68
5 72
5 73
5 74
5 75
5 76
5 79
5 83
5 87
5 98
12 6
12 16
12 21
12 22
12 27
12 29
12 42
12 54
12 57
12 58
12 64
12 68
12 72
12 73
12 74
12 75
12 76
12 79
12 83
12 85
12 87
12 98
14 16
14 22
14 27
14 29
14 42
14 54
14 57
14 58
14 62
14 64
14 72
14 73
14 75
14 76
14 83
14 85
14 87
16 6
16 29
16 38
16 42
16 57
16 62
16 68
16 75
16 76
16 79
16 83
16 85
16 87
16 98
22 6
22 26
22 27
22 29
22 42
22 54
22 62
22 64
22 73
22 74
22 85
26 21
26 27
26 29
26 42
26 54
26 58
26 62
26 73
26 76
26 79
26 85
26 87
27 6
27 21
27 29
27 38
27 42
27 54
27 58
27 64
27 73
27 74
27 75
27 76
27 83
27 85
27 87
29 54
29 58
29 62
29 64
29 68
29 72
29 73
29 74
29 75
29 83
29 85
29 98
38 54
38 57
38 64
38 68
38 72
38 74
38 75
38 76
38 83
38 85
38 87
42 6
42 54
42 57
42 58
42 62
42 64
42 73
42 74
42 76
42 79
42 83
42 98
54 6
54 21
54 58
54 62
54 72
54 73
54 76
54 83
54 85
54 87
57 6
57 62
57 64
57 72
57 75
57 76
57 79
57 83
57 87
57 98
64 6
64 21
64 58
64 62
64 72
64 74
64 76
64 79
64 85
64 87
64 98
68 21
68 58
68 72
68 73
68 74
68 79
68 83
68 87
73 6
73 21
73 58
73 62
73 72
73 79
73 83
74 6
74 21
74 62
74 75
74 79
75 58
75 72
75 76
75 79
75 83
76 6
76 21
76 62
76 72
76 79
76 83
76 85
76 87
76 98
79 6
79 58
79 62
79 72
79 83
79 87
79 98
83 6
83 62
83 72
83 85
83 87
83 98
98 6
98 62
98 85
6 21
6 58
6 62
6 72
6 85
6 87
21 58
21 62
21 72
21 85
21 87
62 58
62 85
62 87
72 58
72 85
72 87
87 58
87 85
58 85