0 1 10 11 2 22 20 12 21 3 13 23 33 32 31 30 4 14 24 34 43 42 41 40 44 50 94 95 49 59 5 52 74 47 57 25 54 55 45 6 19 29 39 18 27 15 26 35 46 88 89 77 87 66 65 58 91 81 72 84 60 51 64 53 62
0 1
1 11
10 11
11 22
2 12
2 3
22 12
22 21
22 23
22 33
22 32
20 21
20 30
12 13
21 31
3 4
13 14
23 24
33 34
33 43
32 42
31 41
30 40
4 5
24 25
34 44
34 35
42 52
40 50
44 54
50 60
94 95
94 84
49 59
49 39
5 6
52 51
52 53
52 62
74 84
74 64
47 57
47 46
57 58
25 15
25 26
54 64
55 45
55 65
45 35
45 46
19 18
29 39
29 27
18 27
27 26
88 89
88 77
77 87
77 66
66 65
91 81
81 72
72 62