0 12 13 14 1 11 15 16 2 17 18 19 20 21 3 22 23 24 25 26 27 4 28 29 30 31 5 32 33 34 35 36 37 38 6 39 40 41 42 43 7 44 45 46 47 48 49 50 8 51 52 53 54 55 9 56 57 58 59 60 61 62 10 63 64 65 66 67 68 69 70 71
0 12
0 13
0 14
0 1
0 11
12 14
1 15
1 16
1 2
11 10
11 67
11 68
11 69
11 70
11 71
15 16
2 17
2 18
2 19
2 20
2 21
2 3
19 20
3 22
3 23
3 24
3 25
3 26
3 27
3 4
24 25
4 28
4 29
4 30
4 31
4 5
28 29
5 32
5 33
5 34
5 35
5 36
5 37
5 38
5 6
35 38
6 39
6 40
6 41
6 42
6 43
6 7
40 41
7 44
7 45
7 46
7 47
7 48
7 49
7 50
7 8
44 49
8 51
8 52
8 53
8 54
8 55
8 9
53 54
9 56
9 57
9 58
9 59
9 60
9 61
9 62
9 10
57 58
10 63
10 64
10 65
10 66
64 65
67 70