0 1 2 3 4 5 6 7 8 9 10 11 12 13 14 15 16 17 18 19 20 21 22 23 24 25 26 27 28 29 30 31 32 33 34 35 36 37 38 39 40 41 42 43 44 45 46 47 48 49 50 51 52 53 54 55 56 57 58 59 60 61 62 63 64 65 66 67 68 69 70 71 72 73 74 75 76 77 78 79 80 81 82 83 84 85 86 87 88 89 90 91 92 93 94 95 96 97 98 99
0 82
1 38
1 57
1 95
2 58
2 61
2 14
2 71
3 10
3 30
3 33
3 63
4 7
4 13
5 44
6 59
6 70
6 90
6 66
8 11
8 34
8 56
8 29
9 22
10 48
10 44
11 30
12 91
12 52
12 69
13 73
13 23
13 68
14 53
14 44
15 74
16 28
16 84
17 49
17 72
17 32
17 62
17 74
18 85
19 43
19 79
19 80
20 33
21 71
21 76
22 54
22 83
23 46
23 64
23 67
24 42
24 90
25 83
26 90
27 28
31 93
32 46
34 45
35 36
35 73
35 40
36 84
37 96
37 68
39 80
41 47
41 60
41 88
42 87
42 92
46 86
47 74
48 50
51 94
52 71
53 90
53 95
53 75
54 93
55 79
55 94
56 82
63 83
64 93
65 92
66 78
66 97
67 81
71 99
74 89
76 80
77 87
78 98
85 98