0 19 67 90 95 99 1 8 24 34 37 49 64 71 2 7 15 58 68 81 3 9 13 20 72 83 4 16 25 50 55 57 65 84 93 5 18 33 35 42 52 53 75 88 89 96 6 10 11 17 32 39 40 41 59 63 70 97 46 38 44 27 86 22 29 30 36 23 62 12 66 80 31 45 74 91 14 48 82 94 69 51 73 98 61 79 21 76 92 87 28 56 26 43 78 85 47 54 77 60
0 19
0 67
0 90
0 95
0 99
19 1
19 48
19 61
19 63
19 65
19 79
19 91
67 8
67 27
67 36
67 41
67 49
67 52
67 63
67 72
67 76
67 80
90 11
90 32
90 41
90 43
90 46
90 47
90 74
90 84
90 89
90 95
95 18
95 27
95 31
95 34
95 39
95 53
95 64
95 73
95 74
95 87
95 92
99 3
99 9
99 13
99 27
99 36
99 39
99 52
99 66
99 72
99 73
99 75
1 8
1 24
1 34
1 37
1 49
1 64
1 71
8 2
8 5
8 7
8 11
8 38
8 44
8 89
24 22
24 28
24 38
24 56
24 96
34 12
34 14
34 27
34 38
34 39
34 47
34 62
34 63
34 65
34 84
34 91
37 9
37 16
37 26
37 27
37 48
37 49
37 52
37 55
37 58
37 69
37 74
37 76
37 77
37 82
37 91
37 94
49 4
49 17
49 28
49 46
49 60
49 61
49 66
49 71
49 78
64 5
64 7
64 38
64 46
64 50
64 58
64 68
64 82
64 83
64 88
64 89
71 3
71 6
71 14
71 20
71 21
71 28
71 31
71 59
71 73
71 94
71 96
2 7
2 15
2 58
2 68
2 81
7 5
7 46
7 57
7 68
7 72
7 93
7 96
7 97
15 39
15 40
15 62
15 69
15 84
58 25
58 31
58 41
58 48
58 60
58 74
58 76
58 77
58 83
58 97
68 38
68 44
68 51
68 70
68 87
68 92
81 4
81 41
81 42
81 69
81 85
81 96
81 97
3 9
3 13
3 20
3 72
3 83
9 16
9 27
9 52
9 75
9 86
9 89
13 10
13 16
13 31
13 36
13 45
13 74
13 91
20 5
20 42
20 70
20 80
72 25
72 36
72 52
72 56
72 69
72 91
83 36
83 38
83 41
83 44
83 47
83 56
83 82
4 16
4 25
4 50
4 55
4 57
4 65
4 84
4 93
16 18
16 25
16 27
16 53
16 74
25 18
25 21
25 30
50 21
50 32
50 35
50 42
50 57
50 74
50 93
55 6
55 21
55 57
55 61
55 65
55 69
55 98
57 11
57 17
57 31
57 35
57 36
57 41
57 47
57 52
57 63
57 98
65 14
65 22
65 43
65 47
65 73
65 87
84 22
84 29
84 45
84 59
84 98
93 6
93 17
93 27
93 30
93 33
93 53
93 70
5 18
5 33
5 35
5 42
5 52
5 53
5 75
5 88
5 89
5 96
18 30
18 35
18 51
18 73
18 98
33 12
33 39
33 42
33 63
33 73
33 85
33 91
35 36
35 48
35 51
35 54
35 66
35 70
35 79
35 80
35 92
42 28
42 52
42 56
42 63
42 70
42 77
42 88
52 21
52 27
52 30
52 38
52 66
52 69
52 85
53 26
53 46
53 48
53 51
53 54
53 60
53 91
75 47
88 28
88 46
88 54
88 91
88 97
88 98
89 11
89 29
89 40
89 54
89 76
89 86
96 32
96 54
96 61
96 77
96 91
96 98
6 10
6 11
6 17
6 32
6 39
6 40
6 41
6 59
6 63
6 70
6 97
10 22
10 29
10 30
10 32
10 36
10 41
11 23
11 62
17 29
17 44
32 62
32 70
39 14
39 38
39 40
39 70
40 30
40 59
40 78
40 82
40 98
41 23
41 87
41 97
59 31
59 61
59 85
59 87
59 98
63 27
63 56
63 73
63 85
63 98
70 36
70 76
70 80
70 91
97 36
97 46
97 54
97 69
97 82
46 60
46 69
46 73
46 98
38 12
38 22
38 30
38 31
38 48
38 80
44 69
44 82
44 92
86 12
86 14
86 92
86 94
22 23
22 30
29 43
29 51
29 69
29 78
29 82
30 82
30 85
36 73
23 31
23 62
23 66
23 69
23 74
23 87
62 14
62 45
62 69
62 94
12 66
12 80
66 60
66 61
66 92
80 47
80 69
80 98
45 43
45 51
45 94
74 54
91 61
91 78
91 79
91 82
14 48
14 82
14 94
48 21
82 56
82 78
82 85
82 87
94 61
69 26
69 28
69 47
69 79
69 92
51 56
51 92
98 47
61 43
21 76
21 92
76 78
92 43
92 54
92 56
87 43
87 54
56 26
56 85
85 47