0 1 2 3 4 5 6 7 8 9 10 11 12 13 14 15 16 17 18 19 20 21 22 23 24 25 26 27 28 29 30 31 32 33 34 35 36 37 38 39 40 41 42 43 44 45 46 47 48 49 50 51 52 53 54 55 56 57 58 59 60 61 62 63 64 65 66 67 68 69 70 71 72 73 74 75 76 77 78 79 80 81 82 83 84 85 86 87 88 89 90 91 92 93 94 95 96 97 98
0 26
0 13
0 34
0 33
1 36
1 25
2 38
2 37
2 5
2 31
3 39
3 13
3 12
3 30
3 15
4 42
4 28
4 41
4 17
5 44
5 43
6 13
6 21
6 45
7 48
7 30
8 50
8 24
9 14
9 51
10 54
10 28
11 55
11 17
11 14
11 16
12 58
12 20
12 23
13 32
13 59
14 62
15 63
16 66
17 67
18 70
18 69
18 23
19 71
19 20
20 73
21 76
22 77
22 78
22 24
23 80
23 79
24 82
24 81
24 26
25 83
26 85
26 86
27 88
28 90
28 89
29 92
30 94
31 95
31 96
32 98
32 97
33 35
37 39
38 40
42 44
45 47
46 48
49 51
50 52
53 55
54 56
57 59
58 60
61 63
62 64
65 67
66 68
70 72
73 75
74 76
81 83
82 84
85 87
86 88
89 91
90 92
93 95