0 1 51 55 2 61 80 3 11 46 4 54 71 5 40 57 6 83 87 7 79 90 8 32 39 9 10 17 47 82 12 24 84 13 93 96 14 78 15 43 16 27 63 86 18 26 69 19 20 72 21 58 22 92 95 23 70 49 50 25 81 77 28 56 29 36 30 31 99 37 89 33 94 34 35 60 75 38 76 53 91 41 42 97 44 45 98 62 48 65 67 52 88 59 64 66 73 68 74 85
0 1
0 51
0 55
1 2
1 61
1 80
51 50
51 52
51 76
51 87
55 29
55 54
55 56
55 84
55 91
2 3
2 11
2 46
61 40
61 60
61 62
61 94
61 95
80 24
80 34
80 79
80 81
80 83
80 86
3 4
3 54
3 71
11 10
11 12
11 24
11 84
46 45
46 47
46 62
46 76
4 5
4 40
4 57
54 9
54 53
54 90
54 95
71 70
71 72
71 93
71 97
5 6
5 83
5 87
40 39
40 41
40 89
57 56
57 58
57 88
57 94
6 7
6 79
6 90
83 69
83 82
83 84
83 93
83 97
87 13
87 38
87 78
87 82
87 84
87 85
87 86
87 88
87 96
87 99
7 8
7 32
7 39
79 16
79 19
79 78
79 96
79 99
90 25
90 38
90 89
90 91
90 98
90 99
8 9
8 10
8 17
32 31
32 33
32 93
32 94
39 14
39 36
39 38
39 53
39 91
9 10
9 17
10 47
10 82
17 16
17 18
17 26
17 69
47 29
47 33
47 48
47 78
47 98
82 72
82 78
82 81
82 92
12 13
12 93
12 96
24 23
24 25
24 81
84 85
84 99
13 14
13 78
93 37
93 62
93 63
93 68
93 92
93 94
93 98
93 99
96 18
96 27
96 42
96 52
96 67
96 70
96 86
96 89
96 94
96 95
14 15
14 43
78 18
78 50
78 63
78 65
78 67
78 77
15 16
15 27
15 63
43 42
43 44
43 63
43 77
16 86
27 26
27 28
27 56
63 59
63 62
63 64
86 81
86 85
86 95
18 19
26 25
26 69
26 77
69 68
69 70
69 89
19 20
19 72
20 21
20 58
20 72
72 22
72 73
72 95
21 22
21 92
21 95
58 33
58 53
58 59
58 70
58 97
22 23
22 70
92 45
92 62
92 91
92 95
92 98
95 25
95 48
95 60
95 64
95 66
95 70
95 88
95 94
95 98
95 99
23 49
23 50
49 48
49 50
49 65
49 67
50 28
50 48
50 60
81 89
77 30
77 76
77 98
77 99
28 29
28 36
56 98
56 99
29 30
36 35
36 37
36 75
30 31
30 99
31 37
31 89
99 35
99 42
99 60
99 75
99 76
99 88
99 89
99 91
37 38
37 76
89 41
89 88
33 34
94 34
94 44
94 53
94 64
94 73
94 74
94 91
94 98
34 35
35 60
60 59
75 44
75 52
75 74
75 76
75 97
76 98
53 52
41 42
41 97
97 73
44 45
45 98
98 59
65 64
65 66
65 88
67 66
67 68
88 68
88 85
66 73
73 74
74 85