0 11 28 33 44 47 74 85 97 70 1 5 15 42 92 80 2 10 23 25 34 57 66 68 76 86 91 95 38 3 20 63 83 98 24 54 4 7 16 90 26 75 99 17 53 6 37 60 61 93 94 19 21 59 82 87 96 8 9 13 12 22 56 62 65 78 88 45 50 71 14 27 46 58 72 51 30 48 84 18 29 40 31 32 79 35 52 39 55 67 36 81 69 89 64 77 43 49 73 41
0 11
0 28
0 33
0 44
0 47
0 74
0 85
0 97
0 70
11 7
11 10
11 25
11 50
11 70
11 71
11 85
11 65
11 83
11 14
28 17
28 23
28 36
28 45
28 67
28 70
28 71
28 72
28 86
28 92
28 42
28 49
28 76
28 84
28 65
28 58
33 4
33 12
33 17
33 43
33 48
33 56
33 60
33 63
33 65
33 66
33 88
33 91
33 57
44 15
44 41
44 49
44 56
44 93
47 30
47 40
47 46
47 57
47 65
47 67
47 74
47 76
47 84
47 90
47 85
47 69
74 10
74 13
74 15
74 22
74 23
74 24
74 36
74 55
74 58
85 15
85 21
85 25
85 41
85 57
85 59
85 63
85 71
85 77
85 94
85 97
97 14
97 16
97 21
97 22
97 25
97 34
97 41
97 43
97 48
97 49
97 58
97 70
97 76
70 17
70 30
70 32
70 57
70 64
70 78
70 94
70 95
1 5
1 15
1 42
1 92
1 80
5 4
5 26
5 34
5 75
5 98
5 99
5 17
5 53
15 2
15 4
15 14
15 18
15 24
15 31
15 45
15 56
15 80
15 32
15 34
15 79
42 24
42 40
42 56
42 76
42 81
42 86
42 98
92 2
92 4
92 6
92 7
92 36
92 41
92 46
92 49
92 75
92 76
80 12
80 23
80 35
80 45
80 48
80 68
80 88
2 10
2 23
2 25
2 34
2 57
2 66
2 68
2 76
2 86
2 91
2 95
2 38
10 26
10 45
10 78
10 82
10 95
23 7
23 48
23 66
23 72
23 82
23 87
23 91
23 95
23 88
23 54
23 64
25 9
25 35
25 61
25 67
25 68
25 77
25 79
25 84
25 88
34 6
34 8
34 20
34 30
34 43
34 61
34 62
34 94
57 24
57 60
57 61
57 62
57 86
66 14
66 20
66 24
66 26
66 27
66 29
66 35
66 45
66 49
66 62
66 89
66 95
68 4
68 9
68 14
68 17
68 21
68 31
68 32
68 55
68 62
68 76
68 86
76 26
76 49
76 72
76 73
76 82
76 99
86 9
86 13
86 19
86 30
86 49
86 55
86 69
86 73
86 75
86 77
86 83
91 4
91 9
91 12
91 46
91 49
91 52
91 61
91 63
91 95
95 13
95 32
95 38
95 51
95 62
95 94
38 4
38 8
38 12
38 13
38 14
38 18
38 19
38 22
38 31
38 43
38 73
38 88
38 75
38 82
3 20
3 63
3 83
3 98
3 24
3 54
20 16
20 19
20 46
20 69
20 72
20 94
63 12
63 18
63 32
63 43
63 46
63 48
63 49
63 56
63 60
63 79
63 88
83 17
83 21
83 30
83 36
83 40
83 61
98 19
98 49
98 52
98 84
24 52
24 58
24 77
24 81
24 88
24 93
54 48
54 56
54 59
54 96
4 7
4 16
4 90
7 21
7 59
7 82
7 87
7 96
16 35
16 40
16 46
16 56
16 75
90 32
90 96
26 19
26 31
26 43
26 45
75 21
75 32
75 37
75 46
75 71
75 72
99 29
99 31
99 41
99 51
99 60
99 61
99 62
17 9
17 19
17 22
17 45
17 52
17 61
17 93
53 9
53 43
53 46
53 64
53 72
53 79
6 37
6 60
6 61
6 93
6 94
6 19
37 84
60 14
60 43
60 50
60 67
60 93
61 55
93 14
93 27
93 43
93 51
93 72
94 12
94 19
94 51
94 73
94 82
19 36
19 52
19 62
19 81
19 79
21 45
21 71
21 81
21 72
21 46
21 89
21 50
59 18
59 41
59 46
59 52
59 55
59 73
82 12
82 31
82 32
82 36
82 39
87 18
87 35
87 36
87 50
87 55
87 77
96 14
96 22
96 30
96 31
96 36
96 41
96 73
8 9
8 13
9 12
9 22
9 56
9 62
9 65
9 78
9 88
13 30
13 48
13 84
13 72
13 18
12 27
12 46
12 58
12 72
12 62
12 51
22 64
22 67
56 39
56 73
62 18
62 50
62 52
62 67
62 65
65 30
65 35
65 77
78 39
78 43
78 46
78 72
78 77
78 79
88 31
88 35
88 40
88 67
88 71
88 73
88 84
45 84
71 14
71 30
71 35
14 29
14 30
14 40
27 40
27 72
27 84
46 18
46 43
46 55
58 31
72 79
72 89
51 41
51 79
51 89
30 52
30 48
48 55
48 77
84 18
84 69
18 39
18 55
18 67
29 77
29 43
40 32
40 36
40 73
31 64
31 77
32 36
32 81
35 69
52 55
52 69
39 36
39 89
55 36
55 49
55 67
55 81
67 77
36 69
81 41
49 73