0 3 4 6 8 10 11 12 14 16 17 20 21 22 25 27 31 32 33 34 35 38 39 40 41 46 48 49 55 57 58 59 60 62 64 1 7 19 24 26 28 36 37 42 47 50 53 54 65 2 9 15 23 30 51 56 61 5 13 18 44 45 52 63 29 43
0 3
0 4
0 6
0 8
0 10
0 11
0 12
0 14
0 16
0 17
0 20
0 21
0 22
0 25
0 27
0 31
0 32
0 33
0 34
0 35
0 38
0 39
0 40
0 41
0 46
0 48
0 49
0 55
0 57
0 58
0 59
0 60
0 62
0 64
3 2
3 5
3 10
3 11
3 13
3 14
3 15
3 16
3 17
3 18
3 19
3 20
3 22
3 23
3 26
3 30
3 32
3 36
3 38
3 44
3 45
3 47
3 49
3 50
3 52
3 53
3 58
3 59
3 60
3 61
3 63
3 65
4 1
4 9
4 12
4 17
4 18
4 21
4 24
4 26
4 27
4 28
4 31
4 32
4 33
4 34
4 35
4 37
4 38
4 39
4 41
4 44
4 45
4 46
4 49
4 50
4 51
4 52
4 53
4 54
4 56
4 58
4 61
4 63
4 64
4 65
6 7
6 8
6 9
6 11
6 13
6 17
6 18
6 19
6 20
6 22
6 23
6 26
6 27
6 30
6 31
6 32
6 34
6 36
6 39
6 40
6 41
6 42
6 45
6 46
6 49
6 50
6 51
6 53
6 56
6 59
6 60
6 61
6 62
8 5
8 7
8 10
8 15
8 17
8 20
8 21
8 23
8 24
8 29
8 30
8 31
8 35
8 36
8 37
8 39
8 41
8 44
8 45
8 46
8 48
8 49
8 50
8 51
8 54
8 55
8 57
8 61
8 64
8 65
10 1
10 2
10 5
10 9
10 12
10 13
10 15
10 17
10 18
10 21
10 22
10 24
10 25
10 26
10 27
10 29
10 35
10 38
10 39
10 43
10 46
10 47
10 50
10 51
10 53
10 56
10 57
10 60
10 61
10 62
11 1
11 2
11 5
11 7
11 9
11 12
11 13
11 14
11 15
11 19
11 20
11 21
11 22
11 24
11 25
11 27
11 28
11 29
11 30
11 31
11 32
11 33
11 35
11 38
11 39
11 40
11 41
11 43
11 44
11 45
11 47
11 49
11 50
11 51
11 53
11 54
11 57
11 59
11 64
11 65
12 2
12 7
12 13
12 14
12 18
12 21
12 28
12 29
12 30
12 31
12 32
12 33
12 35
12 37
12 38
12 39
12 40
12 44
12 45
12 47
12 50
12 51
12 52
12 54
12 55
12 56
12 59
12 60
12 64
12 65
14 7
14 9
14 15
14 21
14 22
14 23
14 25
14 27
14 28
14 29
14 34
14 37
14 38
14 41
14 42
14 46
14 47
14 50
14 52
14 55
14 56
14 57
14 59
14 61
14 62
14 63
14 65
16 1
16 2
16 17
16 18
16 19
16 21
16 23
16 24
16 25
16 26
16 27
16 29
16 30
16 34
16 35
16 36
16 38
16 42
16 45
16 47
16 48
16 51
16 52
16 54
16 55
16 56
16 57
16 58
16 59
16 60
16 64
17 7
17 9
17 13
17 15
17 18
17 20
17 23
17 24
17 25
17 28
17 29
17 30
17 38
17 40
17 42
17 43
17 44
17 48
17 50
17 55
17 58
17 59
17 61
17 63
20 2
20 5
20 13
20 19
20 21
20 22
20 23
20 25
20 26
20 32
20 34
20 40
20 41
20 42
20 45
20 46
20 47
20 49
20 50
20 53
20 54
20 55
20 57
20 58
20 61
20 62
20 64
20 65
21 1
21 7
21 13
21 19
21 22
21 23
21 24
21 25
21 27
21 28
21 31
21 32
21 35
21 36
21 37
21 39
21 40
21 42
21 45
21 46
21 48
21 49
21 51
21 52
21 53
21 54
21 58
21 60
21 61
21 63
21 65
22 1
22 5
22 7
22 9
22 18
22 23
22 25
22 26
22 29
22 31
22 33
22 34
22 36
22 37
22 40
22 41
22 45
22 46
22 47
22 49
22 55
22 59
22 62
22 64
22 65
25 2
25 7
25 9
25 13
25 15
25 26
25 28
25 29
25 30
25 31
25 32
25 33
25 34
25 37
25 40
25 41
25 44
25 47
25 53
25 55
25 57
25 58
25 59
25 60
25 61
25 63
25 64
25 65
27 2
27 7
27 15
27 23
27 24
27 28
27 30
27 34
27 35
27 36
27 37
27 39
27 44
27 46
27 47
27 49
27 52
27 57
27 62
31 7
31 13
31 15
31 18
31 19
31 24
31 29
31 33
31 34
31 39
31 40
31 41
31 42
31 43
31 46
31 50
31 53
31 54
31 56
31 58
31 62
31 63
32 5
32 7
32 9
32 13
32 33
32 35
32 37
32 39
32 40
32 41
32 42
32 44
32 45
32 46
32 48
32 50
32 55
32 56
32 59
32 62
32 63
33 1
33 2
33 7
33 18
33 19
33 24
33 28
33 34
33 36
33 38
33 41
33 42
33 43
33 44
33 45
33 46
33 47
33 48
33 50
33 51
33 52
33 56
33 59
33 62
33 64
33 65
34 1
34 2
34 5
34 9
34 13
34 19
34 24
34 26
34 28
34 35
34 36
34 40
34 41
34 44
34 45
34 46
34 47
34 48
34 49
34 51
34 52
34 54
34 62
34 64
34 65
35 9
35 15
35 18
35 24
35 29
35 30
35 36
35 37
35 39
35 40
35 43
35 44
35 47
35 48
35 49
35 50
35 52
35 53
35 55
35 57
35 59
35 60
35 61
35 64
35 65
38 2
38 13
38 23
38 24
38 28
38 30
38 39
38 42
38 43
38 45
38 47
38 48
38 50
38 51
38 52
38 54
38 56
38 57
38 58
38 59
38 62
39 9
39 18
39 23
39 24
39 29
39 36
39 37
39 40
39 43
39 44
39 45
39 46
39 49
39 51
39 52
39 53
39 55
39 56
39 58
39 62
39 63
39 65
40 2
40 5
40 13
40 23
40 26
40 28
40 30
40 36
40 42
40 43
40 45
40 46
40 50
40 52
40 55
40 56
40 57
40 59
40 62
40 64
40 65
41 1
41 7
41 18
41 19
41 23
41 24
41 29
41 30
41 42
41 44
41 53
41 55
41 56
41 57
41 59
41 60
41 64
46 2
46 5
46 7
46 9
46 15
46 18
46 19
46 26
46 30
46 36
46 37
46 44
46 47
46 50
46 53
46 55
46 57
46 58
46 60
46 61
46 62
46 63
46 64
46 65
48 2
48 5
48 7
48 9
48 13
48 15
48 19
48 23
48 24
48 26
48 37
48 43
48 44
48 47
48 51
48 52
48 53
48 54
48 57
48 59
48 61
48 64
49 1
49 7
49 13
49 23
49 24
49 26
49 29
49 36
49 37
49 42
49 45
49 47
49 52
49 53
49 54
49 56
49 57
49 59
49 61
55 9
55 13
55 24
55 26
55 29
55 30
55 36
55 43
55 45
55 47
55 51
55 54
55 56
55 57
55 58
55 59
55 63
55 64
55 65
57 1
57 2
57 5
57 15
57 18
57 23
57 24
57 26
57 28
57 30
57 36
57 42
57 43
57 44
57 56
57 58
57 63
57 64
57 65
58 1
58 2
58 9
58 13
58 18
58 23
58 29
58 30
58 42
58 44
58 45
58 47
58 50
58 51
58 53
58 56
58 61
59 2
59 5
59 9
59 13
59 18
59 24
59 29
59 37
59 43
59 44
59 47
59 50
59 51
59 52
59 54
59 56
59 62
59 64
60 1
60 9
60 13
60 15
60 18
60 23
60 26
60 28
60 30
60 37
60 42
60 44
60 45
60 51
60 56
60 61
60 63
62 5
62 13
62 15
62 18
62 19
62 23
62 24
62 28
62 30
62 36
62 42
62 45
62 47
62 51
62 52
62 56
62 63
62 64
62 65
64 2
64 7
64 9
64 13
64 18
64 19
64 23
64 28
64 29
64 37
64 43
64 44
64 45
64 47
64 50
64 52
64 53
64 54
64 56
64 63
1 7
1 19
1 24
1 26
1 28
1 36
1 37
1 42
1 47
1 50
1 53
1 54
1 65
7 2
7 9
7 18
7 19
7 26
7 28
7 29
7 30
7 36
7 42
7 44
7 45
7 47
7 50
7 52
7 54
7 56
7 61
7 65
19 9
19 13
19 18
19 23
19 24
19 28
19 29
19 30
19 42
19 43
19 44
19 47
19 50
19 51
19 52
19 53
19 61
19 65
24 2
24 5
24 9
24 18
24 26
24 28
24 37
24 42
24 44
24 45
24 47
24 56
24 63
24 65
26 2
26 5
26 9
26 15
26 18
26 23
26 29
26 30
26 36
26 37
26 43
26 44
26 45
26 51
26 56
26 61
26 63
26 65
28 5
28 9
28 13
28 15
28 18
28 23
28 29
28 36
28 37
28 42
28 43
28 44
28 47
28 50
28 56
36 2
36 5
36 13
36 15
36 23
36 29
36 37
36 43
36 44
36 51
36 52
36 63
36 65
37 5
37 9
37 13
37 15
37 18
37 30
37 42
37 43
37 45
37 47
37 54
37 56
37 61
37 65
42 2
42 5
42 9
42 18
42 29
42 43
42 44
42 50
42 54
42 56
42 61
42 65
47 2
47 9
47 15
47 30
47 44
47 45
47 50
47 54
47 56
47 61
50 2
50 5
50 9
50 18
50 45
50 51
50 52
50 53
50 63
50 65
53 5
53 9
53 13
53 18
53 30
53 44
53 51
53 52
53 54
53 61
53 63
54 2
54 15
54 18
54 29
54 44
54 45
54 51
54 56
65 2
65 9
65 18
65 23
65 29
65 30
65 45
65 51
65 61
65 63
2 9
2 15
2 23
2 30
2 51
2 56
2 61
9 23
9 30
9 44
9 45
9 52
9 61
9 63
15 5
15 18
15 43
15 44
23 30
23 44
23 61
23 63
30 18
30 43
30 56
30 63
51 5
51 13
51 29
51 44
51 45
51 52
51 56
51 63
56 43
56 44
56 45
56 52
56 61
61 13
61 44
61 63
5 13
5 29
5 43
5 45
5 63
13 18
13 29
13 63
18 29
18 52
18 63
44 29
44 43
45 43
45 63
52 29
52 43
29 43