0 1 2 3 4 5 6 7 8 9 10 11 12 13 14 15 16 17 18 19 20 21 22 23 24 25 26 27 28 29 30 31 32 33 34 35 36 37 38 39 40 41 42 43 44 45 46 47 48 49 50 51 52 53 54 55 56 57 58 59 60 61 62 63 64 65 66 67 68 69 70 71 72 73 74 75 76 77 78 79 80 81 82 83 84 85 86 87 88 89 90 91 92 93 94 95 96 97 98
0 33
0 1
1 36
1 20
2 37
3 39
3 8
3 40
3 12
4 41
4 6
4 42
5 29
5 19
5 43
6 45
6 46
7 48
7 17
7 22
8 49
8 50
8 21
9 52
9 26
9 51
9 30
10 54
10 21
11 55
11 15
11 20
12 58
12 29
12 57
13 60
13 18
13 59
14 23
14 18
14 61
14 62
15 24
15 19
15 16
15 64
16 66
17 68
17 67
18 70
18 69
19 72
20 73
20 74
20 32
21 76
21 75
23 80
23 79
24 82
24 81
25 84
26 85
26 86
27 28
28 90
28 29
29 91
30 94
30 93
31 95
32 98
32 97
33 35
34 36
37 39
38 40
42 44
45 47
46 48
49 51
53 55
54 56
58 60
61 63
65 67
66 68
69 71
77 79
78 80
81 83
82 84
85 87
86 88
89 91
90 92
93 95
94 96