0 1 2 3 4 5 6 7 8 9 10 11 12 13 14 15 16 17 18 19 20 21 22 23 24 25 26 27 28 29 30 31 32 33 34 35 36 37 38 39 40 41 42 43 44 45 46 47 48 49 50 51 52 53 54 55 56 57 58 59 60 61 62 63 64 65 66 67 68 69 70 71 72 73 74 75 76 77 78 79 80 81 82 83 84 85 86 87 88 89 90 91 92
0 1
0 3
0 4
0 49
0 54
0 21
0 44
0 56
0 69
0 51
0 73
0 28
0 47
0 76
0 68
0 91
0 27
0 31
0 24
0 8
0 6
0 71
0 38
0 9
0 46
0 90
0 85
0 89
0 33
0 81
0 72
0 29
0 67
0 20
0 70
1 2
1 7
1 86
1 63
1 89
1 49
1 4
1 42
1 39
1 33
1 25
1 22
1 82
1 54
1 79
1 40
1 83
1 59
1 15
1 5
1 78
1 65
1 38
1 30
1 23
1 14
1 62
1 43
1 21
1 9
1 12
1 53
1 27
2 11
2 29
2 34
2 43
2 56
2 9
2 82
2 16
2 87
2 27
2 76
2 25
2 48
2 24
2 19
2 84
2 59
2 20
2 83
2 41
2 57
2 75
2 53
2 8
2 17
2 88
2 67
2 70
2 66
2 33
2 23
2 31
2 62
2 12
2 45
3 9
3 15
3 27
3 28
3 55
3 14
3 57
3 21
3 90
3 71
3 36
3 85
3 87
3 32
3 59
3 70
3 76
3 58
3 92
3 68
3 34
3 72
3 38
3 6
3 43
3 62
3 23
3 7
3 37
3 20
3 8
3 4
3 79
3 53
3 51
3 80
3 46
4 5
4 6
4 16
4 21
4 47
4 76
4 89
4 87
4 82
4 7
4 92
4 91
4 40
4 19
4 68
4 86
4 83
4 17
4 43
4 18
4 20
4 66
4 55
4 12
4 53
4 15
4 72
4 27
4 49
4 56
4 8
4 81
4 85
4 74
4 61
4 75
5 8
5 83
5 20
5 54
5 66
5 44
5 86
5 61
5 52
5 58
5 60
5 27
5 49
5 62
5 50
5 39
5 24
5 36
5 74
5 59
5 30
5 34
5 78
5 23
5 13
5 22
5 33
5 89
5 42
5 85
5 90
5 67
5 81
5 15
5 77
5 68
6 10
6 24
6 32
6 43
6 63
6 30
6 19
6 90
6 12
6 78
6 50
6 59
6 53
6 55
6 20
6 65
6 33
6 86
6 35
6 54
6 68
6 52
6 69
6 64
6 56
6 89
6 14
6 74
6 26
6 39
6 34
6 29
6 70
6 80
6 8
6 27
6 42
6 25
6 15
6 22
6 21
7 80
7 51
7 49
7 10
7 47
7 42
7 13
7 19
7 27
7 64
7 63
7 46
7 70
7 22
7 83
7 23
7 48
7 52
7 90
7 35
7 78
7 85
7 8
7 11
7 57
7 40
7 77
7 56
7 54
7 33
7 91
7 12
7 72
7 20
7 65
7 60
7 31
8 20
8 48
8 31
8 16
8 85
8 19
8 25
8 57
8 11
8 13
8 44
8 83
8 77
8 39
8 71
8 49
8 26
8 9
8 47
8 82
8 51
8 28
8 32
8 37
8 23
8 91
8 90
8 21
8 84
8 63
8 46
8 67
8 60
8 34
9 23
9 42
9 63
9 32
9 77
9 18
9 47
9 57
9 89
9 73
9 14
9 55
9 21
9 46
9 64
9 59
9 54
9 87
9 51
9 75
9 69
9 10
9 80
9 41
9 27
9 72
9 50
9 49
9 67
9 60
9 26
9 66
9 29
9 22
9 76
10 12
10 85
10 88
10 55
10 35
10 68
10 65
10 34
10 32
10 17
10 28
10 51
10 60
10 81
10 46
10 42
10 24
10 87
10 69
10 52
10 86
10 33
10 27
10 67
10 20
10 73
10 80
10 61
10 62
11 14
11 50
11 54
11 38
11 31
11 41
11 71
11 20
11 36
11 69
11 51
11 33
11 87
11 57
11 32
11 89
11 13
11 44
11 85
11 84
11 83
11 40
11 58
11 64
11 26
11 92
11 39
11 60
11 90
12 13
12 37
12 68
12 79
12 72
12 70
12 31
12 83
12 81
12 62
12 42
12 15
12 26
12 67
12 80
12 57
12 53
12 76
12 34
12 85
12 77
12 87
12 54
12 69
12 23
12 36
12 86
12 45
12 38
12 52
12 88
12 14
12 32
12 92
12 63
12 78
13 17
13 29
13 36
13 38
13 92
13 77
13 27
13 42
13 71
13 55
13 62
13 50
13 47
13 59
13 16
13 89
13 33
13 67
13 40
13 45
13 49
13 35
13 73
13 22
13 37
13 52
13 91
13 61
13 48
13 31
13 43
13 41
13 90
14 36
14 45
14 53
14 47
14 62
14 54
14 19
14 25
14 41
14 86
14 73
14 22
14 76
14 50
14 91
14 70
14 64
14 16
14 60
14 21
14 57
14 24
14 71
14 49
14 80
14 82
14 17
14 75
15 25
15 60
15 22
15 41
15 32
15 35
15 34
15 19
15 89
15 21
15 82
15 55
15 77
15 28
15 24
15 43
15 42
15 64
15 87
15 17
15 69
15 88
15 66
15 26
15 67
15 36
16 44
16 25
16 57
16 65
16 89
16 52
16 69
16 68
16 35
16 36
16 54
16 76
16 59
16 37
16 70
16 20
16 79
16 26
16 17
16 64
16 48
16 30
17 18
17 22
17 76
17 37
17 33
17 21
17 91
17 54
17 46
17 65
17 29
17 39
17 35
17 92
17 44
17 27
17 78
17 26
17 72
17 73
17 75
17 67
17 71
18 19
18 52
18 62
18 86
18 24
18 87
18 20
18 29
18 27
18 34
18 58
18 69
18 23
18 74
18 22
18 43
18 32
18 71
18 53
18 44
18 66
18 31
18 90
18 75
18 91
18 82
18 72
18 47
18 39
19 31
19 38
19 39
19 46
19 28
19 75
19 90
19 70
19 36
19 25
19 27
19 40
19 35
19 67
19 68
19 65
19 69
19 30
19 50
19 29
19 60
19 63
19 91
19 53
19 41
19 66
20 26
20 30
20 69
20 24
20 92
20 44
20 85
20 62
20 38
20 64
20 51
20 88
20 77
20 46
20 79
20 65
20 91
20 48
20 47
20 73
20 63
20 49
20 52
20 89
20 29
20 39
20 80
20 45
20 50
20 36
20 83
20 25
21 91
21 79
21 40
21 52
21 42
21 31
21 77
21 86
21 30
21 70
21 61
21 65
21 46
21 55
21 37
21 81
21 25
21 66
21 33
21 74
21 47
21 48
21 28
21 57
21 24
21 76
21 38
21 51
22 62
22 45
22 33
22 34
22 72
22 31
22 59
22 86
22 28
22 68
22 76
22 92
22 84
22 66
22 63
22 40
22 83
22 44
22 54
22 50
22 53
22 88
22 87
22 30
22 78
22 46
22 80
22 58
23 55
23 63
23 76
23 81
23 61
23 39
23 57
23 41
23 86
23 33
23 70
23 91
23 25
23 53
23 43
23 50
23 62
23 38
23 27
23 68
23 29
23 36
23 40
24 84
24 65
24 73
24 70
24 63
24 66
24 39
24 72
24 59
24 80
24 49
24 75
24 33
24 58
24 60
24 51
24 26
24 81
24 82
24 90
24 79
24 29
24 91
24 41
24 36
24 64
24 86
24 32
24 78
24 55
24 54
24 35
24 38
25 72
25 75
25 64
25 41
25 40
25 71
25 35
25 61
25 83
25 45
25 47
25 57
25 60
25 52
25 86
25 26
25 90
25 73
25 46
25 56
25 91
25 67
25 62
25 32
25 48
25 58
25 92
25 87
26 49
26 84
26 85
26 64
26 42
26 72
26 33
26 92
26 80
26 51
26 88
26 78
26 68
26 27
26 83
26 82
26 61
26 90
26 53
26 29
26 36
26 47
26 43
26 63
26 67
26 57
26 28
27 47
27 87
27 42
27 70
27 71
27 39
27 75
27 67
27 53
27 50
27 29
27 48
27 31
27 72
27 83
27 28
27 57
27 79
27 33
27 86
27 49
27 91
27 52
27 56
28 37
28 34
28 78
28 89
28 82
28 71
28 51
28 92
28 91
28 64
28 81
28 39
28 36
28 87
28 58
28 65
28 44
28 30
28 57
28 85
28 62
28 45
28 35
28 69
28 55
28 77
28 50
29 35
29 81
29 83
29 69
29 70
29 86
29 50
29 76
29 65
29 42
29 34
29 39
29 32
29 89
29 43
29 82
29 91
29 30
29 85
29 60
29 58
29 62
29 45
29 61
29 84
30 40
30 41
30 65
30 62
30 66
30 61
30 37
30 79
30 31
30 42
30 91
30 35
30 70
30 73
30 49
30 36
31 33
31 82
31 59
31 62
31 81
31 63
31 80
31 57
31 74
31 75
31 32
31 65
31 89
31 39
31 90
31 53
31 88
31 42
31 70
31 50
32 51
32 52
32 37
32 44
32 78
32 70
32 41
32 76
32 62
32 66
32 87
32 82
32 71
32 75
32 92
32 84
32 64
32 72
32 69
32 47
32 65
32 67
32 81
32 85
32 33
32 59
32 89
32 79
32 36
33 65
33 63
33 85
33 50
33 41
33 83
33 79
33 70
33 40
33 46
33 57
33 71
33 51
33 75
33 72
33 81
33 47
33 37
33 61
33 56
34 80
34 44
34 65
34 60
34 48
34 90
34 86
34 56
34 42
34 43
34 46
34 74
34 77
34 37
34 69
34 76
34 55
34 54
34 59
35 50
35 74
35 48
35 64
35 88
35 81
35 82
35 85
35 67
35 76
35 45
35 89
35 41
35 87
35 53
35 61
35 90
35 71
35 37
35 40
35 70
35 66
35 43
35 79
36 78
36 85
36 63
36 42
36 67
36 57
36 73
36 50
36 69
36 74
36 77
36 89
36 56
36 40
36 58
36 72
36 64
36 79
36 47
36 61
36 68
36 59
37 73
37 67
37 46
37 71
37 38
37 39
37 52
37 61
37 40
37 65
37 63
37 53
37 88
37 77
37 68
37 83
37 70
37 42
37 55
37 85
37 43
37 91
37 89
37 54
38 70
38 90
38 69
38 87
38 76
38 44
38 53
38 49
38 88
38 47
38 46
38 58
38 67
38 60
38 64
38 40
38 61
38 86
38 84
39 43
39 74
39 59
39 66
39 60
39 71
39 41
39 83
39 48
39 79
39 90
39 72
39 47
39 58
39 50
39 64
39 62
39 77
39 56
40 82
40 57
40 47
40 52
40 61
40 65
40 89
40 86
40 69
40 80
40 81
40 88
40 87
40 45
40 90
40 60
40 72
40 85
40 56
40 66
40 58
40 59
40 44
40 42
40 46
40 74
41 54
41 83
41 65
41 78
41 71
41 81
41 59
41 56
41 64
41 57
41 63
41 62
41 61
42 71
42 50
42 90
42 91
42 43
42 89
42 51
42 56
42 78
42 81
42 70
42 60
42 87
42 75
42 54
42 72
42 47
43 51
43 58
43 48
43 44
43 50
43 57
43 73
43 76
43 87
43 49
43 79
43 85
43 83
43 64
43 90
43 65
43 68
43 59
44 89
44 73
44 68
44 76
44 47
44 74
44 56
44 66
44 86
44 50
44 62
44 49
44 78
44 52
44 48
44 51
44 92
44 46
45 92
45 48
45 47
45 50
45 86
45 77
45 71
45 55
45 72
45 58
45 88
45 63
45 74
45 68
45 56
45 79
45 80
46 91
46 83
46 67
46 71
46 61
46 72
46 78
46 51
46 49
46 64
46 80
46 66
46 90
46 60
46 85
46 65
46 58
46 76
46 89
47 57
47 67
47 72
47 62
47 54
47 55
47 49
47 68
47 83
47 52
47 90
47 85
47 91
47 63
47 79
47 58
47 77
47 88
47 73
47 74
48 51
48 63
48 65
48 71
48 86
48 68
48 73
48 49
48 58
48 89
48 78
48 66
48 62
48 57
48 74
49 54
49 59
49 61
49 77
49 50
49 66
49 65
49 64
49 52
49 76
49 88
49 90
49 74
49 63
49 84
49 73
49 68
50 58
50 68
50 54
50 90
50 53
50 84
50 62
50 70
50 82
50 86
50 87
51 56
51 54
51 72
51 86
51 80
51 91
51 71
51 89
51 70
51 62
51 76
51 58
51 60
52 63
52 73
52 55
52 68
52 56
52 80
52 69
52 84
52 76
52 91
52 89
52 81
52 78
52 74
52 67
52 59
52 83
52 87
53 60
53 79
53 71
53 67
53 87
53 86
53 59
53 61
53 74
53 75
53 77
54 56
54 75
54 74
54 66
54 64
54 78
54 63
54 68
54 65
54 90
54 61
54 55
54 91
55 64
55 71
55 72
55 57
55 81
55 62
55 61
55 77
55 73
55 89
55 60
55 75
55 90
55 87
55 67
55 78
55 92
55 56
55 88
55 59
55 74
56 62
56 91
56 77
56 87
56 84
56 85
56 79
56 64
56 86
56 90
56 76
56 60
56 70
57 91
57 58
57 72
57 66
57 73
57 77
57 92
57 90
57 59
57 88
57 61
57 71
58 80
58 89
58 61
58 70
58 92
58 74
58 78
58 59
58 90
58 76
58 77
58 82
59 69
59 70
59 66
59 84
59 85
59 61
59 87
59 92
59 83
59 78
59 79
60 73
60 66
60 81
60 82
60 92
60 68
60 83
60 65
60 72
60 67
60 75
61 91
61 87
61 86
61 62
61 79
61 63
61 72
61 66
61 67
61 88
61 77
61 92
61 64
62 72
62 90
62 74
62 66
62 67
62 84
62 65
62 85
63 80
63 82
63 69
63 88
63 75
63 67
63 83
64 66
64 78
64 81
64 69
64 67
64 68
64 73
64 71
64 86
64 70
64 72
65 75
65 88
65 83
65 81
65 68
65 86
65 89
65 71
65 91
65 92
65 79
65 66
66 84
66 70
66 77
66 69
66 86
66 80
66 87
66 78
66 79
66 72
66 67
66 83
66 89
67 81
67 79
67 75
67 90
67 76
67 89
67 77
67 72
68 72
68 91
68 76
68 75
68 92
68 80
68 78
68 74
68 86
68 81
69 84
69 73
69 89
69 83
69 82
69 90
69 70
69 79
69 91
69 81
70 75
70 83
70 88
70 71
70 81
70 89
70 84
70 74
71 88
71 81
71 85
71 76
71 86
71 72
71 78
71 73
71 74
71 75
71 87
72 81
72 89
72 84
72 75
72 91
72 79
72 92
72 86
72 90
72 74
73 75
73 74
73 91
73 85
73 79
73 92
73 88
73 86
73 82
74 77
74 76
74 79
74 90
74 85
74 83
74 87
74 91
74 78
75 90
75 91
75 84
75 78
75 77
76 79
76 77
76 82
76 88
77 88
77 86
77 92
77 83
78 88
78 90
78 83
78 79
78 82
78 81
79 92
79 84
79 86
79 91
79 88
80 86
80 85
80 91
80 83
81 89
81 83
81 85
81 92
81 91
81 84
82 89
82 90
82 88
82 87
83 85
83 86
83 91
83 89
83 88
84 87
84 85
85 87
86 91
86 92
86 90
87 89
87 88
87 90
88 89
88 91
88 92