0 79 1 20 2 95 3 8 4 47 5 89 6 32 7 81 9 10 72 11 16 12 13 67 14 75 15 36 35 17 55 18 48 19 21 22 77 23 65 24 44 27 37 90 97 49 56 87 85 39 51 92 57 83 59 71 28 50 88 76 34 99 70 29 73 91 42 61 45 53 84 93 66 25 68 94 26 64 40 96 98 62 52 54 74 80 30 60 63 41 86 78 69 33 58 31 43 82 38 46
0 90
0 27
0 6
0 1
79 50
1 68
20 97
20 67
20 69
20 40
2 95
2 78
2 46
95 14
3 94
8 58
8 45
4 11
4 64
47 65
47 93
47 99
5 85
5 49
89 13
89 31
32 56
7 83
81 9
9 26
9 58
10 76
72 87
72 65
16 53
12 57
12 18
13 66
67 49
67 56
75 62
15 73
15 71
36 57
36 62
35 63
35 98
17 28
55 64
55 50
48 57
19 70
21 25
22 88
77 23
23 24
23 34
65 92
65 41
24 74
24 38
44 99
44 74
44 56
27 58
37 52
37 71
37 53
90 30
97 70
97 96
49 46
49 84
87 64
87 61
87 80
39 60
39 52
51 43
92 98
83 58
59 58
28 74
50 82
88 58
76 26
34 33
70 62
70 86
70 54
29 25
91 38
42 64
53 30
93 25
94 46
40 31
40 43
52 33