0 70 28 51 13 8 74 36 47 7 26 2 64 66 42 87 20 92 34 18 80 98 49 43 57 65 31 46 24 79 12 84 55 56 11 50 21 3 94 41 9 60 30 14 82 27 40 77 61 62 59 58 48 52 29 33 85 73 86 35 91 71 45 67 53 68 32 96 10 93 25 76 72 97 39 90 83 38 88 16 81 6 95 44 89 5 22 63 15 37 19 75 1 69 17 54 4 23 78
0 70
0 28
0 93
0 37
0 23
70 28
70 4
70 23
28 51
28 17
28 23
51 13
51 17
51 23
13 8
13 21
13 10
13 83
13 1
13 17
13 23
8 74
8 43
8 6
8 23
74 36
74 21
74 4
74 23
36 47
36 84
36 56
36 9
36 39
36 90
36 75
36 4
36 23
47 7
47 17
47 4
7 26
7 72
7 63
7 37
7 4
7 23
26 2
26 49
26 89
26 4
26 23
2 64
2 19
2 23
64 66
64 52
64 23
66 42
66 49
66 93
66 22
66 54
66 23
42 87
42 24
42 56
42 23
87 20
87 65
87 90
87 4
20 92
20 94
20 6
20 4
20 23
92 34
92 61
92 17
92 23
34 18
34 17
34 23
18 80
18 83
18 69
80 98
80 48
80 83
80 23
98 49
98 82
98 83
98 4
98 23
49 43
49 4
49 23
43 57
43 55
43 96
43 81
43 44
43 75
43 17
43 23
57 65
57 4
65 31
65 69
65 4
31 46
31 61
31 89
31 4
31 23
46 24
46 48
46 23
24 79
24 6
24 17
24 4
24 23
79 12
79 37
79 23
12 84
84 55
84 4
55 56
55 25
55 95
55 19
55 23
56 11
56 72
56 39
56 95
56 1
11 50
11 9
11 72
11 23
50 21
50 73
50 17
50 4
50 23
21 3
21 85
3 94
3 72
3 83
3 81
3 44
3 1
3 17
94 41
94 68
94 93
94 15
94 1
94 17
94 23
41 9
41 39
41 89
41 22
41 54
41 23
9 60
9 63
9 4
9 23
60 30
60 72
60 69
60 17
60 4
60 23
30 14
30 83
30 54
30 23
14 82
14 85
14 83
14 6
14 37
14 17
14 23
82 27
82 95
82 23
27 40
27 59
27 85
27 69
27 17
27 4
27 23
40 77
40 89
40 37
40 23
77 61
77 90
77 95
77 69
77 17
77 23
61 62
61 59
61 68
61 6
61 95
62 59
62 68
62 63
62 23
59 58
59 17
59 4
59 23
58 48
58 96
58 10
58 39
58 23
48 52
48 6
48 63
48 23
52 29
52 1
52 4
52 23
29 33
29 93
29 90
29 23
33 85
33 39
33 23
85 73
85 23
73 86
73 37
73 4
86 35
86 39
86 63
86 17
86 23
35 91
35 72
91 71
91 93
91 25
91 76
91 16
91 1
91 23
71 45
71 16
71 69
45 67
45 23
67 53
67 68
67 19
67 69
67 23
53 68
53 75
53 17
53 23
68 32
68 23
32 96
32 76
32 44
32 1
32 23
96 10
96 75
96 1
96 23
10 93
10 17
10 4
10 23
93 25
93 23
25 76
25 88
25 81
25 23
76 72
76 39
76 83
76 4
76 23
72 97
72 39
72 75
72 4
72 23
97 39
97 89
97 63
97 69
97 17
39 90
39 63
39 37
39 69
39 23
90 83
90 38
90 44
90 89
90 19
90 1
90 4
90 23
83 38
83 23
38 88
38 1
38 23
88 16
88 4
88 23
16 81
16 6
16 4
16 23
81 6
81 44
81 19
81 69
81 23
6 95
6 17
6 4
6 23
95 44
95 1
95 23
44 89
44 4
44 23
89 5
89 17
89 23
5 22
5 19
5 4
22 63
22 23
63 15
15 37
15 69
15 17
15 4
15 23
37 19
37 23
19 75
19 1
19 23
75 1
75 4
75 23
1 69
1 4
1 23
69 17
69 4
69 23
17 54
17 4
17 23
54 4
54 23
4 23
23 78