0 1 2 3 4 5 6 7 8 9 10 11 12 13 14 15 16 17 18 19 20 21 22 23 24 25 26 27 28 29 30 31 32 33 34 35 36 37 38 39 40 41 42 43 44 45 46 47 48 49 50 51 52 53 54 55 56 57 58 59 60 61 62 63 64 65 66 67 68 69 70 71 72 73 74 75 76 77 78 79 80 81 82 83 84 85 86 87 88 89 90 91 92 93 94 95 96 97 98
0 34
0 10
0 9
1 35
1 29
1 36
2 25
2 38
2 37
3 13
3 8
3 24
3 32
4 20
4 41
4 26
5 43
5 44
5 8
5 31
6 45
6 46
6 23
7 48
7 47
7 29
8 50
8 29
8 49
9 52
10 53
11 55
11 23
11 56
12 58
12 57
13 60
13 59
14 62
14 28
15 32
15 63
16 66
16 65
17 67
17 22
17 28
18 70
18 20
18 69
19 72
19 31
20 74
20 73
21 75
21 76
22 78
23 79
23 80
24 81
24 82
25 83
25 29
26 85
26 86
27 87
27 88
28 89
29 92
30 93
30 32
30 94
31 96
31 95
32 97
32 98
33 35
34 36
37 39
38 40
41 43
42 44
46 48
49 51
54 56
58 60
61 63
62 64
65 67
66 68
69 71
74 76
77 79
78 80
82 84
85 87
89 91
90 92