0 5 16 25 26 27 1 21 28 29 30 2 9 3 31 32 33 7 34 35 36 4 11 37 38 39 12 40 41 42 6 43 44 45 46 47 48 8 14 49 50 51 10 52 53 54 55 56 57 22 58 59 60 17 61 62 63 13 64 65 66 67 68 69 15 19 23 70 71 72 73 74 75 76 77 78 18 79 80 81 82 83 84 20 24 85 86 87 88 89 90 91 92 93 94 95 96 97 98 99
0 5
0 16
0 25
0 26
0 27
5 12
5 40
5 41
5 42
16 6
16 11
16 13
16 14
16 73
16 74
16 75
25 89
25 29
26 73
26 29
27 56
1 21
1 28
1 29
1 30
21 13
21 88
21 89
21 90
28 57
28 77
29 35
29 83
30 68
30 31
2 9
2 3
2 31
2 32
2 33
9 10
9 52
9 53
9 54
3 7
3 34
3 35
3 36
31 98
31 63
32 78
33 34
7 11
7 46
7 47
7 48
34 42
34 88
35 44
36 38
36 67
4 11
4 37
4 38
4 39
11 22
11 58
11 59
11 60
37 59
37 84
37 46
37 95
38 87
38 65
38 95
39 47
39 40
39 64
39 75
39 90
12 17
12 61
12 62
12 63
40 51
41 93
41 99
42 76
6 43
6 44
6 45
43 85
44 74
45 92
46 66
46 81
46 70
48 96
48 74
8 14
8 49
8 50
8 51
14 67
14 68
14 69
49 97
50 77
10 55
10 56
10 57
52 53
52 58
52 86
52 76
54 86
55 66
56 72
56 77
22 18
22 20
22 91
22 92
22 93
60 94
17 76
17 77
17 78
61 88
61 67
61 69
62 78
62 70
63 71
63 99
13 64
13 65
13 66
65 91
69 97
69 71
15 19
15 23
15 70
15 71
15 72
19 82
19 83
19 84
23 18
23 94
23 95
23 96
70 85
76 82
77 92
78 92
18 79
18 80
18 81
79 87
80 97
81 90
83 85
20 24
20 85
20 86
20 87
24 97
24 98
24 99
86 94