0 1 2 3 4 5 6 7 8 9 10 11 12 13 14 15 16 17 18 19 20 21 22 23 24 25 26 27 28 29 30 31 32 33 34 35 36 37 38 39 40 41 42 43 44 45 46 47 48 49 50 51 52 53 54 55 56 57 58 59 60 61 62 63 64 65 66 67 68 69 70 71 72 73 74 75 76 77 78 79 80 81 82 83 84 85 86 87 88 89 90 91 92 93 94 95 96 97 98
0 33
0 34
1 36
1 13
1 11
1 35
2 25
2 30
2 37
3 40
3 18
3 39
4 41
4 42
4 19
4 13
4 12
4 24
5 43
5 17
6 46
6 45
6 10
7 47
7 24
7 16
8 49
8 12
8 20
9 51
9 29
9 52
10 30
10 53
10 54
11 55
11 56
12 57
13 60
13 14
14 61
14 17
15 64
15 63
15 31
15 26
16 65
16 66
18 70
19 72
19 71
20 73
20 74
21 29
21 76
21 75
22 78
22 26
22 27
22 30
22 77
23 79
23 80
24 82
24 81
26 32
26 85
27 88
28 89
28 90
29 91
30 93
31 96
32 98
32 97
34 36
38 40
42 44
46 48
49 51
50 52
53 55
57 59
58 60
62 64
65 67
66 68
69 71
70 72
78 80
81 83
82 84
85 87
86 88
89 91
90 92
93 95
94 96