0 2 5 54 56 59 71 78 87 89 1 30 37 63 66 70 94 7 10 55 62 69 85 3 15 84 4 43 20 38 50 92 6 16 48 65 98 99 8 23 52 72 9 19 27 44 76 81 88 11 36 40 12 34 75 83 13 29 51 61 97 14 22 24 41 67 47 96 18 60 17 21 28 46 53 68 82 90 77 42 95 73 79 80 86 25 49 26 74 31 45 32 33 39 93 35 91 57 64 58
0 2
0 5
0 54
0 56
0 59
0 71
0 78
0 87
0 89
2 7
2 10
2 55
2 62
2 69
2 85
5 20
5 38
5 50
5 59
5 92
54 4
54 6
54 18
54 30
54 37
54 46
54 55
54 56
54 75
56 10
56 12
56 18
56 24
56 26
56 27
56 32
56 88
59 68
71 57
71 64
71 76
71 78
71 83
71 95
78 8
78 30
78 45
78 47
78 48
78 61
78 64
78 73
78 88
87 40
87 50
87 72
87 74
87 77
89 28
89 37
89 83
89 91
89 97
1 30
1 37
1 63
1 66
1 70
1 94
30 10
30 13
30 27
30 31
30 61
30 63
30 74
30 88
30 95
37 9
37 24
37 46
37 52
37 86
37 94
63 6
63 11
63 17
63 21
63 33
63 46
63 49
63 53
63 91
63 96
66 10
66 16
66 53
66 58
70 11
70 34
70 45
70 72
70 82
70 91
70 92
70 95
94 6
94 24
94 32
94 42
94 43
94 75
94 79
94 81
7 3
7 92
10 19
10 81
10 88
55 12
55 42
55 46
55 88
55 98
62 6
62 20
62 24
62 32
62 57
62 60
62 80
69 21
69 31
69 32
69 36
69 42
69 72
85 4
85 8
85 13
85 19
85 25
85 48
85 79
85 95
3 15
3 84
15 47
15 65
15 96
84 35
84 45
84 49
84 52
84 67
84 79
84 86
84 91
4 43
43 21
43 45
43 61
43 73
43 77
43 98
20 36
20 42
20 47
20 60
38 12
38 13
38 76
50 32
50 48
50 61
50 65
50 73
50 91
50 92
92 33
92 36
92 44
92 76
6 16
6 48
6 65
6 98
6 99
16 13
16 18
16 60
16 67
16 76
48 27
48 35
48 41
48 77
65 9
65 13
65 22
65 39
65 44
65 45
65 61
65 93
98 8
98 24
98 40
98 51
99 90
8 23
8 52
8 72
23 12
23 19
23 22
23 25
52 32
52 39
52 40
52 53
52 57
52 86
72 19
72 22
72 28
72 41
72 61
72 79
72 96
9 19
9 27
9 44
9 76
19 42
19 95
19 96
27 22
27 41
27 74
44 34
44 51
44 57
44 60
44 80
76 41
76 45
76 75
81 25
81 31
81 58
81 97
88 61
88 68
88 80
88 96
11 36
11 40
36 17
36 32
36 45
36 83
40 12
40 46
40 75
12 34
12 75
12 83
34 17
34 18
34 25
34 42
34 73
34 90
34 97
75 80
75 91
83 21
83 49
83 73
83 97
13 29
13 51
13 61
13 97
51 14
51 32
51 53
51 80
61 25
61 39
61 49
97 18
97 39
97 82
97 93
14 22
14 24
14 41
14 67
22 67
22 68
22 79
22 80
22 86
24 49
24 53
41 26
41 35
41 91
41 96
67 18
67 82
47 64
96 26
96 57
96 82
18 46
18 77
60 33
60 57
60 74
60 86
60 91
17 21
17 28
17 46
17 53
17 68
17 82
17 90
21 68
21 73
28 26
28 74
68 73
68 80
82 35
82 74
82 86
82 91
42 39
95 25
95 31
95 93
73 79
79 45
80 64
25 26
49 93
31 45
45 91
33 39
33 93
93 35
93 91