0 1 4 5 6 11 13 14 17 18 19 20 23 27 29 31 32 33 35 36 37 39 42 43 46 50 51 53 57 59 61 62 63 67 68 70 74 77 80 85 86 92 94 95 96 98 99 8 15 16 21 26 28 30 40 41 45 49 54 64 65 66 71 72 75 79 81 87 88 93 2 7 10 12 22 38 44 48 52 55 69 73 78 82 84 90 97 3 9 24 25 34 58 83 47 60 76 89 56 91
0 1
0 4
0 5
0 6
0 11
0 13
0 14
0 17
0 18
0 19
0 20
0 23
0 27
0 29
0 31
0 32
0 33
0 35
0 36
0 37
0 39
0 42
0 43
0 46
0 50
0 51
0 53
0 57
0 59
0 61
0 62
0 63
0 67
0 68
0 70
0 74
0 77
0 80
0 85
0 86
0 92
0 94
0 95
0 96
0 98
0 99
1 8
1 11
1 15
1 16
1 17
1 18
1 19
1 21
1 26
1 28
1 29
1 30
1 32
1 33
1 35
1 36
1 40
1 41
1 42
1 43
1 45
1 46
1 49
1 51
1 54
1 61
1 64
1 65
1 66
1 67
1 71
1 72
1 75
1 77
1 79
1 81
1 85
1 87
1 88
1 93
4 2
4 3
4 5
4 8
4 13
4 16
4 18
4 21
4 23
4 25
4 26
4 30
4 32
4 37
4 39
4 46
4 47
4 52
4 58
4 59
4 60
4 62
4 69
4 72
4 74
4 76
4 79
4 81
4 83
4 84
4 90
4 93
4 97
4 98
5 7
5 9
5 11
5 13
5 14
5 15
5 17
5 18
5 20
5 25
5 27
5 30
5 32
5 33
5 34
5 36
5 40
5 41
5 43
5 44
5 48
5 51
5 52
5 53
5 58
5 63
5 67
5 68
5 69
5 70
5 73
5 75
5 79
5 80
5 86
5 87
5 89
5 92
5 95
5 96
5 97
6 3
6 9
6 10
6 12
6 15
6 25
6 27
6 28
6 29
6 30
6 33
6 34
6 37
6 45
6 46
6 47
6 50
6 54
6 56
6 60
6 61
6 62
6 63
6 67
6 68
6 69
6 71
6 72
6 75
6 77
6 78
6 79
6 89
6 90
6 95
11 9
11 10
11 15
11 16
11 18
11 20
11 24
11 27
11 28
11 32
11 33
11 40
11 42
11 43
11 44
11 46
11 47
11 49
11 50
11 52
11 53
11 54
11 56
11 57
11 58
11 64
11 65
11 68
11 69
11 71
11 75
11 77
11 81
11 82
11 83
11 86
11 87
11 88
11 93
11 97
11 99
13 10
13 21
13 24
13 29
13 31
13 35
13 36
13 37
13 41
13 43
13 44
13 46
13 47
13 49
13 50
13 52
13 57
13 58
13 60
13 63
13 66
13 70
13 71
13 74
13 75
13 80
13 81
13 83
13 85
13 87
13 91
13 96
13 97
14 3
14 7
14 12
14 15
14 17
14 18
14 23
14 25
14 26
14 34
14 35
14 36
14 38
14 39
14 41
14 43
14 46
14 47
14 48
14 50
14 55
14 57
14 58
14 61
14 62
14 69
14 70
14 72
14 73
14 81
14 83
14 86
14 87
14 91
14 92
14 94
14 98
14 99
17 2
17 7
17 9
17 10
17 18
17 20
17 24
17 25
17 28
17 33
17 37
17 38
17 39
17 40
17 43
17 49
17 52
17 55
17 56
17 57
17 59
17 63
17 66
17 67
17 71
17 72
17 73
17 75
17 76
17 91
17 92
17 93
17 95
17 97
17 98
17 99
18 7
18 9
18 15
18 20
18 21
18 23
18 27
18 31
18 32
18 33
18 35
18 36
18 38
18 39
18 40
18 41
18 43
18 49
18 50
18 51
18 53
18 55
18 56
18 59
18 63
18 64
18 65
18 66
18 67
18 68
18 72
18 73
18 75
18 79
18 81
18 86
18 89
18 90
18 91
18 94
18 95
18 96
18 97
18 99
19 7
19 8
19 16
19 23
19 24
19 25
19 29
19 32
19 36
19 37
19 42
19 47
19 48
19 51
19 55
19 59
19 60
19 65
19 71
19 74
19 78
19 79
19 81
19 87
19 90
19 95
19 97
19 98
19 99
20 7
20 16
20 23
20 27
20 30
20 33
20 36
20 37
20 44
20 45
20 47
20 50
20 51
20 57
20 58
20 59
20 61
20 67
20 68
20 71
20 73
20 77
20 78
20 81
20 83
20 85
20 89
20 90
20 92
20 93
20 98
23 3
23 8
23 15
23 21
23 22
23 25
23 26
23 30
23 31
23 32
23 34
23 40
23 42
23 47
23 48
23 49
23 51
23 53
23 56
23 58
23 61
23 64
23 67
23 70
23 71
23 72
23 73
23 79
23 81
23 82
23 86
23 87
23 88
23 95
23 96
23 97
23 98
27 3
27 7
27 8
27 9
27 10
27 15
27 24
27 28
27 41
27 42
27 43
27 45
27 48
27 50
27 51
27 53
27 55
27 60
27 61
27 62
27 67
27 74
27 77
27 78
27 81
27 82
27 85
27 86
27 88
27 90
27 92
27 93
27 95
27 97
27 98
29 3
29 7
29 9
29 21
29 26
29 28
29 32
29 33
29 34
29 44
29 46
29 48
29 49
29 50
29 55
29 59
29 61
29 65
29 67
29 68
29 70
29 71
29 75
29 76
29 77
29 78
29 79
29 81
29 84
29 88
29 91
29 92
29 97
29 98
31 3
31 7
31 9
31 12
31 22
31 32
31 35
31 37
31 39
31 40
31 41
31 42
31 44
31 45
31 46
31 49
31 50
31 51
31 53
31 59
31 60
31 62
31 65
31 66
31 71
31 73
31 77
31 79
31 82
31 85
31 87
31 88
31 93
31 94
32 22
32 24
32 25
32 28
32 33
32 35
32 37
32 39
32 40
32 42
32 44
32 49
32 51
32 57
32 58
32 61
32 62
32 64
32 67
32 68
32 70
32 71
32 72
32 73
32 74
32 75
32 77
32 78
32 81
32 84
32 86
32 88
32 89
32 90
32 91
32 95
32 99
33 2
33 10
33 15
33 22
33 24
33 25
33 41
33 44
33 45
33 53
33 56
33 61
33 63
33 66
33 70
33 71
33 73
33 74
33 75
33 76
33 77
33 79
33 81
33 85
33 86
33 87
33 91
33 92
33 93
33 96
33 97
33 98
33 99
35 2
35 8
35 10
35 12
35 15
35 25
35 34
35 36
35 37
35 39
35 41
35 45
35 46
35 47
35 51
35 53
35 54
35 55
35 57
35 58
35 60
35 61
35 62
35 65
35 68
35 69
35 73
35 75
35 76
35 77
35 81
35 85
35 89
35 92
35 95
35 98
36 3
36 7
36 9
36 22
36 24
36 25
36 26
36 34
36 40
36 41
36 42
36 44
36 45
36 50
36 54
36 57
36 61
36 62
36 65
36 70
36 72
36 75
36 77
36 78
36 79
36 82
36 86
36 88
36 90
36 91
36 94
36 95
36 97
36 98
37 2
37 3
37 8
37 9
37 12
37 15
37 34
37 38
37 42
37 44
37 45
37 50
37 52
37 59
37 60
37 61
37 63
37 67
37 70
37 71
37 75
37 78
37 80
37 88
37 89
37 92
37 96
37 97
39 2
39 7
39 8
39 16
39 22
39 24
39 25
39 26
39 30
39 38
39 43
39 48
39 50
39 51
39 53
39 57
39 58
39 62
39 64
39 65
39 66
39 69
39 70
39 73
39 75
39 76
39 77
39 78
39 82
39 84
39 85
39 88
39 92
39 99
42 8
42 9
42 10
42 12
42 16
42 21
42 25
42 26
42 34
42 40
42 50
42 52
42 57
42 60
42 62
42 63
42 64
42 66
42 68
42 69
42 70
42 72
42 75
42 76
42 83
42 90
42 91
42 94
43 8
43 9
43 12
43 16
43 22
43 28
43 30
43 38
43 40
43 41
43 45
43 46
43 50
43 51
43 52
43 60
43 64
43 67
43 69
43 72
43 74
43 75
43 79
43 81
43 86
43 91
43 92
43 93
43 96
43 97
43 98
43 99
46 3
46 9
46 10
46 12
46 26
46 45
46 47
46 51
46 58
46 59
46 60
46 61
46 73
46 74
46 75
46 83
46 86
46 90
46 91
46 92
46 94
46 98
50 2
50 7
50 8
50 9
50 10
50 12
50 15
50 21
50 25
50 30
50 40
50 41
50 44
50 47
50 48
50 54
50 60
50 63
50 65
50 66
50 68
50 71
50 74
50 76
50 79
50 80
50 81
50 83
50 84
50 90
50 91
50 92
51 2
51 3
51 8
51 12
51 15
51 21
51 26
51 34
51 38
51 41
51 44
51 48
51 52
51 54
51 61
51 63
51 65
51 69
51 75
51 79
51 83
51 84
51 85
51 88
51 90
51 95
51 96
51 98
51 99
53 7
53 9
53 22
53 26
53 28
53 47
53 55
53 56
53 57
53 59
53 60
53 71
53 72
53 73
53 76
53 81
53 82
53 83
53 84
53 86
53 90
53 92
53 93
53 94
53 95
53 96
53 99
57 2
57 7
57 8
57 9
57 12
57 44
57 49
57 52
57 60
57 61
57 62
57 64
57 71
57 74
57 75
57 77
57 81
57 83
57 84
57 88
57 97
59 9
59 16
59 21
59 25
59 30
59 34
59 38
59 40
59 44
59 48
59 55
59 61
59 66
59 67
59 68
59 70
59 71
59 72
59 74
59 77
59 78
59 79
59 80
59 81
59 82
59 87
59 88
59 90
59 97
61 2
61 16
61 24
61 25
61 28
61 30
61 41
61 44
61 47
61 48
61 52
61 58
61 63
61 67
61 68
61 70
61 73
61 77
61 78
61 80
61 81
61 83
61 87
61 91
61 96
62 3
62 7
62 8
62 10
62 12
62 22
62 24
62 28
62 30
62 40
62 49
62 52
62 56
62 63
62 65
62 69
62 72
62 75
62 79
62 81
62 89
62 93
62 95
62 98
63 25
63 30
63 34
63 38
63 41
63 58
63 60
63 64
63 65
63 67
63 68
63 74
63 78
63 79
63 80
63 82
63 83
63 84
63 85
63 86
63 87
63 89
63 90
63 92
63 97
63 98
67 8
67 12
67 15
67 16
67 22
67 30
67 40
67 41
67 47
67 48
67 56
67 58
67 60
67 66
67 69
67 76
67 79
67 82
67 83
67 84
67 85
67 86
67 87
67 89
67 93
67 94
67 95
67 99
68 15
68 16
68 25
68 26
68 28
68 34
68 44
68 45
68 47
68 48
68 49
68 55
68 69
68 70
68 76
68 78
68 79
68 80
68 87
68 90
68 91
68 92
68 93
68 94
68 96
68 99
70 3
70 9
70 10
70 15
70 16
70 22
70 24
70 25
70 28
70 30
70 34
70 44
70 47
70 49
70 55
70 60
70 64
70 69
70 71
70 73
70 78
70 80
70 82
70 86
70 88
70 89
70 92
70 95
70 97
74 7
74 8
74 10
74 21
74 22
74 28
74 30
74 40
74 45
74 48
74 49
74 52
74 54
74 56
74 58
74 65
74 69
74 72
74 73
74 78
74 79
74 80
74 81
74 83
74 85
74 86
74 87
74 88
74 91
74 92
74 93
74 97
74 98
77 2
77 8
77 9
77 10
77 25
77 28
77 30
77 34
77 40
77 41
77 44
77 45
77 48
77 52
77 55
77 64
77 69
77 71
77 72
77 73
77 75
77 79
77 80
77 81
77 87
77 92
77 94
77 95
77 99
80 3
80 7
80 9
80 10
80 24
80 25
80 26
80 38
80 41
80 44
80 47
80 52
80 55
80 66
80 75
80 78
80 79
80 85
80 86
80 92
80 95
80 99
85 7
85 9
85 12
85 15
85 16
85 21
85 26
85 34
85 38
85 44
85 45
85 47
85 48
85 49
85 54
85 60
85 69
85 71
85 78
85 81
85 87
85 89
85 90
85 91
85 95
85 96
86 3
86 7
86 8
86 12
86 15
86 21
86 24
86 25
86 30
86 44
86 45
86 48
86 65
86 66
86 72
86 75
86 81
86 82
86 83
86 87
86 89
86 92
86 94
86 97
92 7
92 8
92 10
92 12
92 15
92 21
92 24
92 55
92 56
92 58
92 60
92 65
92 71
92 72
92 73
92 75
92 76
92 78
92 79
92 89
92 93
92 95
92 96
92 98
92 99
94 2
94 3
94 9
94 15
94 22
94 24
94 25
94 28
94 40
94 44
94 52
94 64
94 72
94 76
94 87
94 88
94 90
94 91
94 95
94 97
95 7
95 9
95 10
95 16
95 25
95 28
95 30
95 34
95 38
95 45
95 48
95 49
95 54
95 65
95 73
95 75
95 78
95 81
95 82
95 96
95 98
96 8
96 9
96 12
96 15
96 25
96 26
96 34
96 41
96 44
96 48
96 49
96 60
96 69
96 73
96 82
96 90
96 91
96 97
98 3
98 8
98 12
98 16
98 26
98 28
98 30
98 38
98 40
98 41
98 44
98 54
98 55
98 64
98 66
98 71
98 75
98 79
98 81
98 83
98 84
98 88
98 90
98 93
99 3
99 16
99 21
99 22
99 24
99 25
99 26
99 28
99 40
99 44
99 60
99 69
99 79
99 81
99 82
99 89
99 93
8 2
8 16
8 28
8 34
8 38
8 41
8 44
8 47
8 48
8 49
8 55
8 56
8 58
8 64
8 65
8 66
8 76
8 82
8 88
15 2
15 3
15 12
15 24
15 25
15 30
15 40
15 41
15 47
15 48
15 49
15 60
15 65
15 71
15 76
15 81
15 83
15 87
15 88
15 93
16 7
16 9
16 22
16 28
16 38
16 40
16 41
16 48
16 49
16 56
16 60
16 65
16 66
16 81
16 82
16 87
16 97
21 2
21 7
21 9
21 10
21 24
21 25
21 28
21 38
21 41
21 45
21 49
21 52
21 55
21 65
21 66
21 71
21 76
21 79
21 83
21 87
21 90
21 97
26 2
26 9
26 22
26 40
26 44
26 49
26 60
26 66
26 69
26 71
26 79
26 88
26 93
26 97
28 3
28 7
28 9
28 10
28 24
28 30
28 38
28 41
28 47
28 49
28 54
28 55
28 65
28 66
28 72
28 73
28 75
28 79
28 82
28 83
28 84
28 88
28 89
28 97
30 3
30 9
30 10
30 22
30 24
30 38
30 44
30 47
30 48
30 54
30 60
30 64
30 66
30 73
30 78
30 82
30 84
30 87
30 89
30 97
40 3
40 10
40 22
40 38
40 41
40 44
40 45
40 47
40 52
40 54
40 55
40 56
40 58
40 65
40 66
40 73
40 78
40 81
40 82
40 87
40 91
41 2
41 44
41 48
41 49
41 58
41 65
41 71
41 75
41 78
41 84
41 87
41 88
41 90
41 97
45 3
45 9
45 12
45 25
45 38
45 44
45 48
45 52
45 60
45 65
45 76
45 82
45 84
45 87
45 88
45 90
45 93
49 7
49 9
49 10
49 22
49 34
49 44
49 48
49 52
49 54
49 58
49 79
49 81
49 84
49 87
49 89
49 90
49 93
54 7
54 9
54 34
54 38
54 44
54 47
54 48
54 55
54 56
54 58
54 64
54 65
54 69
54 71
54 72
54 75
54 79
54 81
54 84
54 89
54 90
54 91
54 93
64 2
64 10
64 22
64 47
64 55
64 56
64 60
64 65
64 66
64 69
64 72
64 81
64 82
64 83
64 84
65 7
65 12
65 22
65 25
65 34
65 48
65 52
65 55
65 66
65 73
65 75
65 76
65 84
65 91
65 93
66 7
66 10
66 22
66 24
66 34
66 44
66 47
66 48
66 52
66 60
66 69
66 73
66 78
66 81
66 84
66 88
66 89
71 3
71 9
71 22
71 38
71 48
71 56
71 58
71 75
71 78
71 81
71 83
71 84
71 87
72 12
72 24
72 25
72 34
72 47
72 48
72 52
72 55
72 56
72 60
72 75
72 76
72 78
72 79
72 87
72 88
72 90
75 2
75 7
75 12
75 24
75 25
75 44
75 47
75 48
75 55
75 58
75 78
75 81
75 83
75 89
75 90
75 91
75 93
75 97
79 2
79 7
79 24
79 34
79 58
79 60
79 87
79 88
79 89
79 93
81 2
81 25
81 47
81 48
81 52
81 58
81 60
81 69
81 76
81 87
81 89
87 7
87 34
87 48
87 69
87 73
87 76
87 78
87 84
87 88
87 97
88 2
88 7
88 10
88 24
88 34
88 55
88 56
88 78
88 82
88 83
88 91
88 97
93 7
93 9
93 10
93 22
93 47
93 56
93 82
93 89
93 91
2 7
2 10
2 12
2 22
2 38
2 44
2 48
2 52
2 55
2 69
2 73
2 78
2 82
2 84
2 90
2 97
7 3
7 12
7 34
7 48
7 52
7 69
7 76
7 83
7 90
7 97
10 9
10 12
10 69
10 76
10 90
10 97
12 9
12 24
12 25
12 44
12 47
12 48
12 55
12 56
12 60
12 69
12 83
12 90
12 91
22 9
22 24
22 25
22 34
22 38
22 47
22 48
22 52
22 56
22 58
22 60
22 82
22 90
38 3
38 44
38 47
38 48
38 56
38 76
38 78
38 82
38 89
38 90
38 91
38 97
44 48
44 52
44 56
44 58
44 78
44 82
48 3
48 52
48 55
48 58
48 60
48 73
48 82
48 83
48 90
48 97
52 3
52 24
52 55
52 69
52 78
52 84
52 90
55 3
55 9
55 34
55 56
55 58
55 76
55 82
55 89
55 90
55 91
69 3
69 25
69 34
69 47
69 56
69 78
69 82
69 83
69 90
69 91
73 24
73 34
73 47
73 56
73 78
73 83
73 84
73 90
78 3
78 25
78 47
78 56
78 76
78 82
78 83
82 3
82 25
82 47
82 76
82 83
82 84
82 90
82 97
84 9
84 24
84 34
84 76
84 97
90 3
90 25
90 34
90 56
90 60
90 76
90 89
90 91
97 25
97 47
97 56
97 58
97 60
97 76
3 9
3 24
3 25
3 34
3 58
3 83
9 56
9 58
9 76
9 89
9 91
24 34
24 60
24 76
24 83
24 91
25 34
25 56
25 60
25 91
34 58
34 89
34 91
58 83
58 89
83 47
47 89
60 56
60 91
76 56
76 91
56 91