0 57 87 8 91 60 75 99 36 68 35 53 84 3 61 25 80 96 54 9 92 77 81 39 19 14 23 64 16 63 88 33 26 42 22 72 97 15 71 44 1 90 86 56 45 67 7 37 98 2 13 30 50 69 11 95 4 18 20 6 66 34 74 65 21 5 17 51 58 38 79 55 85 40 73 82 52 10 83 41 47 12 94 43 28 49 27 78 31 76 89 93 24 46 32 29 48 62 59 70
0 57
0 87
0 8
0 91
0 60
0 75
0 99
0 36
0 68
0 35
0 53
0 84
0 3
0 61
0 25
0 80
0 96
0 54
0 9
0 92
0 77
0 81
0 39
0 19
0 14
0 23
0 64
0 16
0 63
0 88
0 33
0 26
0 42
0 22
0 72
0 97
0 15
0 71
0 44
0 1
0 2
0 4
0 5
0 7
0 10
0 11
0 12
0 13
0 17
0 18
0 20
0 21
0 24
0 28
0 29
0 30
0 31
0 32
0 37
0 40
0 41
0 43
0 45
0 46
0 47
0 48
0 49
0 50
0 51
0 52
0 55
0 56
0 58
0 59
0 62
0 65
0 66
0 67
0 69
0 70
0 73
0 74
0 76
0 78
0 79
0 82
0 83
0 85
0 86
0 89
0 90
0 93
0 94
0 98
57 1
57 5
57 6
57 7
57 10
57 11
57 12
57 14
57 16
57 17
57 20
57 21
57 24
57 25
57 27
57 30
57 31
57 32
57 39
57 41
57 43
57 45
57 46
57 48
57 49
57 50
57 52
57 53
57 55
57 56
57 40
57 29
57 51
57 8
57 47
57 34
57 18
57 4
57 58
57 59
57 61
57 62
57 66
57 67
57 69
57 70
57 71
57 75
57 79
57 81
57 83
57 85
57 89
57 92
57 93
57 94
57 95
57 96
57 99
87 5
87 10
87 12
87 14
87 16
87 17
87 20
87 21
87 24
87 25
87 27
87 29
87 30
87 31
87 32
87 35
87 37
87 41
87 42
87 43
87 45
87 46
87 47
87 48
87 50
87 53
87 58
87 59
87 62
87 64
87 66
87 67
87 68
87 70
87 75
87 76
87 78
87 79
87 82
87 85
87 97
87 6
87 69
87 18
87 88
87 89
87 90
87 92
87 93
87 94
87 95
87 99
8 2
8 82
8 52
8 71
8 30
8 11
8 14
8 10
8 12
8 13
8 16
8 17
8 20
8 21
8 22
8 24
8 25
8 28
8 29
8 31
8 32
8 35
8 37
8 41
8 42
8 43
8 45
8 46
8 48
8 49
8 59
8 61
8 62
8 65
8 67
8 70
8 73
8 74
8 78
8 79
8 83
8 85
8 89
8 92
8 93
8 94
8 97
8 98
8 99
91 6
91 7
91 10
91 12
91 14
91 17
91 20
91 21
91 24
91 25
91 29
91 30
91 32
91 39
91 42
91 43
91 46
91 48
91 49
91 51
91 56
91 58
91 59
91 62
91 64
91 66
91 70
91 71
91 73
91 75
91 79
91 80
91 81
91 85
91 89
91 53
91 68
91 23
91 55
91 38
91 4
91 22
91 35
91 82
91 92
91 93
91 97
91 99
60 1
60 3
60 4
60 5
60 6
60 10
60 16
60 18
60 19
60 21
60 25
60 27
60 28
60 29
60 32
60 34
60 37
60 41
60 42
60 43
60 45
60 48
60 49
60 50
60 52
60 56
60 58
60 59
60 24
60 72
60 12
60 36
60 84
60 46
60 61
60 38
60 55
60 30
60 35
60 68
60 62
60 65
60 67
60 69
60 70
60 71
60 74
60 75
60 79
60 81
60 83
60 85
60 89
60 93
60 96
60 97
60 99
75 5
75 12
75 16
75 29
75 35
75 51
75 73
75 74
75 13
75 62
75 64
75 90
75 21
75 56
75 36
75 30
75 11
75 43
75 54
75 14
75 68
75 38
75 77
75 61
75 47
75 26
75 83
75 1
75 27
75 3
75 53
75 67
75 45
75 19
75 48
75 40
75 34
75 88
75 17
75 20
75 46
75 66
75 84
75 41
75 95
75 28
75 37
75 25
75 24
75 31
75 39
75 32
75 70
75 15
75 55
75 33
75 44
75 18
75 42
75 59
75 52
75 71
75 58
75 86
75 2
75 7
75 9
75 10
75 98
75 4
75 72
75 63
75 69
75 50
75 96
75 76
75 78
75 79
75 81
75 82
75 85
75 89
75 92
75 93
75 94
75 97
99 5
99 13
99 20
99 29
99 42
99 50
99 59
99 62
99 74
99 56
99 70
99 52
99 53
99 37
99 3
99 43
99 21
99 39
99 68
99 78
99 61
99 98
99 24
99 2
99 23
99 49
99 16
99 27
99 88
99 18
99 86
99 92
99 69
99 58
99 40
99 44
99 11
99 81
99 17
99 47
99 48
99 63
99 41
99 4
99 76
99 66
99 28
99 31
99 9
99 82
99 93
99 7
99 10
99 77
99 79
99 83
99 95
99 34
99 94
99 84
99 6
99 46
99 64
99 54
99 90
99 12
99 25
99 65
99 96
99 45
99 30
99 38
99 71
99 33
99 80
99 89
99 67
99 97
99 55
99 73
99 85
36 1
36 4
36 5
36 7
36 10
36 17
36 18
36 19
36 21
36 23
36 24
36 25
36 29
36 31
36 32
36 35
36 12
36 22
36 72
36 41
36 14
36 50
36 37
36 42
36 43
36 45
36 48
36 49
36 51
36 52
36 53
36 56
36 58
36 59
36 61
36 62
36 66
36 67
36 68
36 70
36 71
36 76
36 79
36 81
36 82
36 85
36 86
36 89
36 92
36 93
36 94
68 1
68 3
68 4
68 6
68 13
68 16
68 32
68 42
68 43
68 45
68 47
68 49
68 55
68 59
68 61
68 62
68 14
68 18
68 72
68 41
68 34
68 25
68 12
68 27
68 20
68 67
68 7
68 35
68 37
68 2
68 33
68 11
68 21
68 86
68 53
68 10
68 29
68 17
68 77
68 52
68 31
68 24
68 50
68 66
68 9
68 46
68 69
68 64
68 38
68 44
68 98
68 28
68 96
68 48
68 51
68 65
68 58
68 5
68 70
68 71
68 73
68 74
68 79
68 80
68 81
68 82
68 83
68 88
68 89
68 90
68 92
68 93
68 94
68 95
35 1
35 10
35 13
35 17
35 18
35 22
35 25
35 28
35 29
35 30
35 31
35 32
35 34
35 9
35 19
35 54
35 62
35 38
35 11
35 95
35 88
35 63
35 69
35 5
35 4
35 7
35 24
35 47
35 27
35 44
35 3
35 12
35 6
35 21
35 20
35 33
35 41
35 84
35 77
35 40
35 42
35 45
35 46
35 48
35 50
35 52
35 55
35 58
35 59
35 61
35 65
35 66
35 67
35 70
35 71
35 73
35 74
35 76
35 79
35 81
35 82
35 85
35 89
35 92
35 93
35 94
35 96
53 4
53 5
53 10
53 13
53 14
53 16
53 20
53 21
53 28
53 29
53 30
53 31
53 32
53 38
53 42
53 43
53 45
53 46
53 48
53 49
53 54
53 12
53 63
53 67
53 52
53 2
53 44
53 37
53 17
53 92
53 76
53 83
53 1
53 80
53 7
53 3
53 84
53 11
53 65
53 33
53 98
53 22
53 61
53 50
53 41
53 73
53 55
53 56
53 58
53 59
53 62
53 64
53 70
53 74
53 78
53 79
53 81
53 82
53 85
53 88
53 93
53 94
53 95
53 97
84 4
84 6
84 7
84 10
84 12
84 14
84 17
84 20
84 21
84 23
84 25
84 27
84 29
84 30
84 31
84 32
84 37
84 39
84 42
84 43
84 45
84 46
84 48
84 52
84 58
84 59
84 62
84 67
84 69
84 70
84 73
84 76
84 79
84 82
84 83
84 66
84 63
84 85
84 88
84 89
84 92
84 93
84 94
84 95
84 97
3 11
3 13
3 86
3 26
3 22
3 96
3 72
3 44
3 80
3 95
3 5
3 6
3 10
3 12
3 14
3 17
3 21
3 24
3 27
3 29
3 30
3 31
3 32
3 37
3 41
3 42
3 43
3 45
3 46
3 48
3 49
3 50
3 51
3 52
3 55
3 58
3 59
3 61
3 62
3 66
3 69
3 70
3 71
3 76
3 78
3 79
3 81
3 82
3 83
3 88
3 89
3 90
3 92
3 93
3 94
3 97
3 98
61 4
61 14
61 21
61 29
61 30
61 32
61 38
61 42
61 47
61 49
61 55
61 58
61 34
61 2
61 31
61 33
61 12
61 16
61 41
61 88
61 48
61 51
61 25
61 40
61 97
61 46
61 9
61 5
61 72
61 37
61 52
61 56
61 17
61 6
61 23
61 43
61 59
61 63
61 39
61 26
61 77
61 65
61 28
61 11
61 1
61 10
61 45
61 13
61 24
61 98
61 20
61 19
61 95
61 62
61 67
61 69
61 70
61 71
61 74
61 76
61 79
61 81
61 82
61 85
61 89
61 93
25 17
25 92
25 14
25 12
25 19
25 5
25 90
25 69
25 33
25 71
25 2
25 20
25 80
25 82
25 15
25 6
25 86
25 34
25 16
25 11
25 47
25 95
25 78
25 24
25 43
25 88
25 81
25 50
25 51
25 26
25 38
25 1
25 72
25 22
25 63
25 7
25 4
25 31
25 10
25 9
25 96
25 77
25 21
25 23
25 32
25 40
25 13
25 18
25 27
25 28
25 29
25 30
25 37
25 39
25 41
25 42
25 44
25 45
25 46
25 48
25 49
25 52
25 55
25 56
25 58
25 59
25 62
25 65
25 66
25 67
25 70
25 73
25 76
25 79
25 83
25 85
25 89
25 93
25 94
25 97
80 5
80 7
80 10
80 12
80 13
80 17
80 18
80 20
80 26
80 27
80 29
80 31
80 32
80 37
80 42
80 43
80 45
80 46
80 48
80 49
80 52
80 58
80 59
80 62
80 65
80 66
80 69
80 70
80 71
80 74
80 76
80 79
80 2
80 28
80 33
80 54
80 21
80 39
80 1
80 73
80 67
80 86
80 82
80 83
80 85
80 88
80 92
80 93
80 94
80 95
80 97
96 5
96 6
96 10
96 12
96 14
96 17
96 18
96 21
96 23
96 24
96 28
96 29
96 30
96 31
96 32
96 37
96 38
96 39
96 40
96 41
96 45
96 46
96 48
96 49
96 50
96 55
96 56
96 58
96 59
96 62
96 64
96 65
96 66
96 67
96 69
96 70
96 71
96 74
96 79
96 82
96 83
96 89
96 93
96 95
96 63
96 4
96 54
96 7
96 85
96 77
96 43
54 1
54 2
54 6
54 10
54 13
54 14
54 20
54 22
54 26
54 28
54 29
54 30
54 31
54 32
54 40
54 41
54 42
54 44
54 45
54 46
54 48
54 49
54 50
54 51
54 52
54 37
54 23
54 7
54 21
54 72
54 17
54 12
54 55
54 56
54 58
54 59
54 62
54 64
54 66
54 67
54 70
54 71
54 74
54 76
54 79
54 81
54 82
54 83
54 85
54 89
54 93
54 94
54 95
9 1
9 2
9 7
9 5
9 10
9 12
9 13
9 14
9 16
9 17
9 21
9 23
9 29
9 32
9 39
9 42
9 46
9 48
9 49
9 51
9 52
9 55
9 56
9 59
9 62
9 66
9 70
9 73
9 76
9 79
9 81
9 82
9 83
9 85
9 89
9 90
9 93
9 94
9 95
9 98
92 30
92 31
92 39
92 46
92 58
92 70
92 79
92 82
92 89
92 17
92 65
92 6
92 1
92 41
92 40
92 14
92 63
92 13
92 48
92 94
92 19
92 21
92 74
92 16
92 5
92 88
92 83
92 44
92 29
92 42
92 50
92 76
92 45
92 72
92 12
92 15
92 49
92 55
92 78
92 59
92 85
92 2
92 81
92 24
92 43
92 62
92 10
92 37
92 34
92 86
92 69
92 71
92 67
92 47
92 97
92 20
92 4
92 26
92 33
92 56
92 18
92 64
92 90
92 93
92 95
77 1
77 2
77 5
77 6
77 7
77 10
77 12
77 14
77 20
77 21
77 26
77 28
77 29
77 31
77 32
77 39
77 41
77 42
77 43
77 45
77 46
77 47
77 48
77 49
77 51
77 52
77 55
77 56
77 58
77 59
77 62
77 67
77 70
77 71
77 74
77 76
77 40
77 79
77 30
77 16
77 81
77 82
77 83
77 85
77 89
77 90
77 93
77 94
77 95
81 1
81 7
81 10
81 20
81 21
81 27
81 29
81 30
81 31
81 32
81 39
81 42
81 45
81 46
81 48
81 49
81 51
81 52
81 56
81 58
81 64
81 67
81 70
81 71
81 73
81 74
81 78
81 2
81 13
81 5
81 4
81 62
81 65
81 98
81 19
81 79
81 43
81 55
81 50
81 12
81 17
81 47
81 18
81 33
81 66
81 41
81 59
81 23
81 82
81 83
81 85
81 89
81 90
81 93
81 94
81 95
39 10
39 17
39 23
39 29
39 33
39 37
39 1
39 5
39 30
39 98
39 22
39 21
39 51
39 7
39 71
39 6
39 73
39 64
39 20
39 2
39 14
39 16
39 44
39 28
39 45
39 27
39 24
39 13
39 31
39 32
39 18
39 12
39 72
39 40
39 41
39 42
39 43
39 46
39 48
39 55
39 56
39 58
39 59
39 62
39 67
39 69
39 70
39 74
39 76
39 78
39 79
39 82
39 83
39 85
39 88
39 90
39 93
39 94
39 95
19 1
19 6
19 7
19 10
19 12
19 13
19 14
19 16
19 17
19 18
19 23
19 11
19 20
19 21
19 26
19 27
19 28
19 29
19 30
19 31
19 37
19 40
19 43
19 45
19 46
19 47
19 48
19 49
19 50
19 51
19 52
19 55
19 58
19 59
19 62
19 64
19 65
19 67
19 70
19 71
19 72
19 76
19 78
19 79
19 82
19 83
19 85
19 86
19 89
19 93
19 94
19 95
14 12
14 4
14 6
14 10
14 47
14 7
14 95
14 83
14 69
14 44
14 40
14 88
14 34
14 13
14 5
14 50
14 33
14 1
14 30
14 72
14 64
14 67
14 23
14 86
14 11
14 90
14 15
14 22
14 98
14 16
14 17
14 18
14 20
14 21
14 24
14 26
14 28
14 29
14 31
14 32
14 37
14 38
14 41
14 43
14 45
14 46
14 48
14 49
14 52
14 55
14 56
14 58
14 59
14 62
14 65
14 70
14 71
14 73
14 74
14 76
14 78
14 82
14 85
14 89
14 93
14 94
23 2
23 4
23 5
23 7
23 10
23 12
23 16
23 20
23 69
23 26
23 34
23 17
23 18
23 41
23 1
23 13
23 24
23 27
23 29
23 32
23 38
23 40
23 44
23 45
23 46
23 49
23 50
23 52
23 55
23 58
23 59
23 62
23 65
23 66
23 67
23 70
23 71
23 73
23 74
23 76
23 78
23 79
23 82
23 83
23 85
23 89
23 93
23 94
23 95
23 97
23 98
64 1
64 5
64 10
64 12
64 13
64 16
64 17
64 21
64 24
64 29
64 31
64 32
64 37
64 41
64 42
64 43
64 45
64 46
64 48
64 55
64 56
64 58
64 59
64 62
64 49
64 20
64 83
64 18
64 6
64 52
64 7
64 44
64 11
64 63
64 67
64 70
64 74
64 76
64 78
64 79
64 89
64 90
64 93
64 94
64 95
16 1
16 5
16 12
16 13
16 86
16 4
16 40
16 98
16 10
16 41
16 69
16 38
16 2
16 18
16 17
16 21
16 24
16 28
16 29
16 30
16 31
16 32
16 42
16 43
16 45
16 46
16 47
16 48
16 49
16 50
16 51
16 52
16 55
16 56
16 58
16 59
16 62
16 66
16 67
16 70
16 71
16 73
16 76
16 79
16 83
16 89
16 93
16 94
16 95
16 97
63 4
63 6
63 10
63 11
63 12
63 17
63 20
63 21
63 24
63 28
63 29
63 30
63 31
63 32
63 38
63 41
63 42
63 43
63 45
63 46
63 49
63 50
63 52
63 55
63 58
63 59
63 62
63 48
63 15
63 1
63 66
63 70
63 71
63 73
63 74
63 76
63 78
63 79
63 82
63 83
63 85
63 89
63 90
63 93
63 94
63 95
63 97
88 6
88 7
88 10
88 12
88 17
88 20
88 21
88 26
88 30
88 32
88 40
88 41
88 48
88 50
88 52
88 56
88 58
88 62
88 67
88 70
88 73
88 74
88 76
88 78
88 79
88 82
88 86
88 4
88 59
88 47
88 72
88 66
88 83
88 45
88 1
88 2
88 43
88 55
88 95
88 28
88 71
88 85
88 44
88 31
88 89
88 90
88 93
88 94
88 98
33 1
33 4
33 5
33 7
33 10
33 12
33 13
33 17
33 18
33 21
33 24
33 27
33 29
33 31
33 32
33 37
33 38
33 41
33 42
33 43
33 45
33 46
33 48
33 49
33 50
33 51
33 55
33 56
33 58
33 59
33 62
33 70
33 73
33 76
33 79
33 82
33 85
33 86
33 89
33 93
33 94
33 95
33 97
26 4
26 5
26 7
26 10
26 12
26 13
26 20
26 21
26 24
26 1
26 51
26 6
26 86
26 17
26 29
26 31
26 32
26 37
26 38
26 40
26 45
26 46
26 48
26 49
26 50
26 52
26 55
26 56
26 58
26 59
26 62
26 66
26 67
26 69
26 70
26 73
26 76
26 78
26 79
26 82
26 85
26 89
26 90
26 93
26 94
26 95
26 97
42 5
42 7
42 37
42 41
42 30
42 1
42 38
42 44
42 21
42 32
42 34
42 18
42 31
42 56
42 40
42 45
42 10
42 6
42 28
42 29
42 24
42 49
42 65
42 13
42 95
42 27
42 98
42 12
42 17
42 20
42 79
42 43
42 46
42 47
42 48
42 50
42 52
42 55
42 58
42 59
42 62
42 66
42 67
42 69
42 70
42 71
42 72
42 73
42 74
42 76
42 78
42 82
42 83
42 85
42 86
42 89
42 90
42 93
42 94
42 97
22 1
22 5
22 6
22 7
22 10
22 11
22 12
22 13
22 17
22 18
22 21
22 40
22 24
22 28
22 29
22 30
22 31
22 32
22 38
22 41
22 43
22 45
22 46
22 48
22 49
22 50
22 52
22 55
22 56
22 58
22 59
22 62
22 65
22 66
22 70
22 71
22 73
22 76
22 78
22 79
22 82
22 83
22 85
22 89
22 90
22 93
22 94
22 97
72 7
72 17
72 20
72 24
72 29
72 30
72 32
72 40
72 41
72 43
72 44
72 45
72 48
72 49
72 58
72 59
72 62
72 66
72 70
72 1
72 37
72 18
72 71
72 4
72 12
72 5
72 46
72 21
72 11
72 73
72 76
72 79
72 82
72 85
72 86
72 89
72 90
72 93
72 95
97 1
97 2
97 4
97 5
97 6
97 10
97 17
97 21
97 24
97 37
97 41
97 43
97 45
97 46
97 47
97 58
97 65
97 69
97 70
97 71
97 85
97 89
97 90
97 93
97 13
97 18
97 29
97 94
97 51
97 67
97 7
97 15
97 50
97 44
97 76
97 27
97 66
97 38
97 55
97 98
97 83
97 74
97 32
97 62
97 12
97 30
97 79
97 20
97 82
97 40
97 56
97 28
97 73
97 95
97 49
97 31
97 48
15 5
15 6
15 10
15 12
15 86
15 51
15 17
15 20
15 21
15 27
15 28
15 29
15 31
15 32
15 37
15 41
15 43
15 45
15 46
15 50
15 52
15 55
15 56
15 58
15 59
15 62
15 66
15 70
15 71
15 73
15 74
15 79
15 83
15 85
15 89
15 93
15 94
15 95
71 1
71 17
71 28
71 31
71 47
71 58
71 73
71 38
71 10
71 50
71 69
71 32
71 37
71 24
71 6
71 82
71 7
71 86
71 2
71 43
71 5
71 13
71 52
71 18
71 12
71 41
71 21
71 51
71 59
71 20
71 74
71 44
71 90
71 11
71 70
71 29
71 56
71 78
71 45
71 98
71 30
71 62
71 55
71 4
71 34
71 40
71 46
71 49
71 65
71 48
71 76
71 79
71 83
71 85
71 89
71 93
71 94
71 95
44 1
44 2
44 5
44 10
44 12
44 18
44 21
44 24
44 29
44 30
44 31
44 32
44 38
44 41
44 43
44 95
44 20
44 6
44 45
44 46
44 47
44 48
44 49
44 51
44 52
44 55
44 56
44 58
44 59
44 62
44 65
44 67
44 70
44 74
44 78
44 79
44 83
44 85
44 89
44 93
44 94
44 98
1 90
1 86
1 56
1 45
1 67
1 7
1 37
1 98
1 4
1 5
1 6
1 10
1 12
1 17
1 18
1 20
1 21
1 24
1 27
1 28
1 29
1 30
1 31
1 32
1 41
1 43
1 46
1 48
1 49
1 50
1 52
1 55
1 58
1 59
1 62
1 65
1 66
1 69
1 70
1 73
1 76
1 78
1 79
1 82
1 83
1 85
1 89
1 93
1 94
1 95
90 2
90 5
90 12
90 17
90 18
90 20
90 29
90 30
90 32
90 37
90 38
90 46
90 47
90 48
90 51
90 58
90 59
90 62
90 70
90 73
90 89
90 56
90 76
90 55
90 67
90 21
90 82
90 65
90 50
90 79
90 69
90 78
90 41
90 74
90 10
90 24
90 7
90 66
90 49
90 93
90 94
90 95
90 98
86 2
86 7
86 10
86 11
86 17
86 18
86 28
86 30
86 32
86 37
86 41
86 46
86 48
86 49
86 50
86 52
86 55
86 56
86 58
86 59
86 62
86 66
86 69
86 70
86 74
86 76
86 78
86 79
86 82
86 73
86 31
86 65
86 83
86 29
86 27
86 12
86 24
86 43
86 45
86 21
86 85
86 6
86 89
86 93
86 94
56 18
56 37
56 45
56 29
56 67
56 4
56 12
56 52
56 50
56 49
56 46
56 31
56 65
56 2
56 69
56 13
56 32
56 21
56 66
56 17
56 20
56 43
56 10
56 30
56 7
56 98
56 28
56 51
56 11
56 24
56 27
56 55
56 48
56 38
56 58
56 59
56 62
56 70
56 73
56 74
56 76
56 78
56 79
56 82
56 83
56 85
56 89
56 93
56 94
56 95
45 12
45 21
45 4
45 29
45 67
45 40
45 46
45 41
45 2
45 13
45 27
45 18
45 65
45 28
45 38
45 6
45 34
45 52
45 32
45 85
45 17
45 5
45 37
45 11
45 10
45 78
45 24
45 30
45 51
45 66
45 20
45 7
45 31
45 47
45 48
45 49
45 50
45 55
45 58
45 59
45 62
45 69
45 70
45 74
45 76
45 79
45 82
45 83
45 89
45 93
45 94
45 95
67 2
67 5
67 10
67 17
67 24
67 27
67 29
67 31
67 43
67 50
67 52
67 62
67 69
67 37
67 32
67 83
67 34
67 4
67 41
67 18
67 46
67 40
67 65
67 11
67 30
67 51
67 28
67 59
67 20
67 48
67 47
67 12
67 13
67 94
67 55
67 58
67 7
67 21
67 73
67 70
67 74
67 82
67 85
67 89
67 93
67 95
67 98
7 4
7 38
7 55
7 37
7 85
7 5
7 20
7 6
7 95
7 11
7 30
7 40
7 73
7 98
7 10
7 12
7 17
7 18
7 21
7 24
7 28
7 29
7 31
7 32
7 41
7 43
7 46
7 48
7 49
7 50
7 52
7 58
7 59
7 62
7 66
7 70
7 74
7 76
7 78
7 79
7 82
7 83
7 89
7 93
7 94
37 10
37 17
37 21
37 24
37 29
37 32
37 6
37 2
37 5
37 4
37 40
37 12
37 65
37 30
37 31
37 34
37 28
37 20
37 79
37 13
37 69
37 38
37 41
37 43
37 46
37 47
37 48
37 49
37 52
37 55
37 58
37 59
37 62
37 66
37 70
37 74
37 76
37 78
37 82
37 83
37 85
37 89
37 93
37 94
37 95
37 98
98 5
98 10
98 12
98 13
98 20
98 21
98 24
98 27
98 30
98 31
98 41
98 43
98 48
98 49
98 50
98 52
98 55
98 58
98 62
98 66
98 69
98 70
98 73
98 79
98 82
98 83
98 85
98 89
98 93
98 94
98 76
98 46
98 4
98 78
98 17
98 51
98 18
98 29
98 38
98 32
98 65
98 59
98 95
2 13
2 30
2 50
2 69
2 4
2 6
2 10
2 12
2 17
2 18
2 20
2 28
2 29
2 31
2 32
2 41
2 43
2 46
2 47
2 48
2 49
2 52
2 55
2 58
2 59
2 62
2 65
2 66
2 70
2 74
2 76
2 79
2 82
2 83
2 85
2 89
2 93
2 94
2 95
13 4
13 6
13 10
13 38
13 5
13 34
13 41
13 47
13 12
13 40
13 78
13 31
13 17
13 18
13 20
13 21
13 24
13 28
13 29
13 30
13 32
13 43
13 46
13 48
13 49
13 50
13 52
13 55
13 58
13 59
13 62
13 65
13 66
13 70
13 73
13 76
13 79
13 82
13 85
13 89
13 93
13 94
13 95
30 4
30 10
30 18
30 69
30 27
30 6
30 65
30 29
30 12
30 40
30 34
30 41
30 5
30 28
30 20
30 21
30 24
30 55
30 11
30 17
30 51
30 31
30 32
30 38
30 43
30 46
30 47
30 48
30 49
30 50
30 58
30 59
30 62
30 66
30 70
30 73
30 74
30 78
30 79
30 82
30 83
30 85
30 89
30 93
30 94
30 95
50 5
50 10
50 17
50 21
50 29
50 48
50 34
50 12
50 32
50 4
50 46
50 6
50 65
50 43
50 20
50 31
50 41
50 24
50 49
50 51
50 52
50 55
50 58
50 62
50 66
50 69
50 70
50 73
50 74
50 76
50 79
50 82
50 83
50 89
50 93
50 94
50 95
69 4
69 6
69 10
69 17
69 20
69 24
69 32
69 38
69 40
69 46
69 48
69 49
69 52
69 58
69 59
69 62
69 65
69 66
69 21
69 78
69 55
69 31
69 41
69 18
69 5
69 29
69 47
69 12
69 85
69 70
69 73
69 74
69 76
69 79
69 82
69 83
69 89
69 93
69 94
69 95
11 5
11 6
11 10
11 47
11 12
11 17
11 18
11 21
11 24
11 28
11 31
11 32
11 34
11 41
11 43
11 46
11 48
11 51
11 55
11 58
11 59
11 62
11 65
11 70
11 76
11 79
11 82
11 83
11 85
11 89
11 93
11 94
11 95
95 5
95 12
95 17
95 20
95 43
95 46
95 47
95 48
95 49
95 55
95 59
95 65
95 66
95 79
95 85
95 93
95 70
95 24
95 18
95 27
95 6
95 29
95 38
95 32
95 74
95 4
95 40
95 82
95 78
95 83
95 58
95 31
95 89
95 76
95 62
95 52
95 10
95 73
95 94
95 41
95 21
4 18
4 20
4 6
4 66
4 34
4 74
4 65
4 21
4 5
4 10
4 12
4 24
4 28
4 29
4 31
4 43
4 46
4 47
4 48
4 49
4 51
4 52
4 55
4 58
4 59
4 62
4 70
4 73
4 76
4 79
4 82
4 83
4 85
4 89
4 93
4 94
18 10
18 89
18 73
18 5
18 12
18 6
18 38
18 17
18 27
18 93
18 76
18 40
18 74
18 24
18 20
18 21
18 28
18 29
18 31
18 32
18 41
18 43
18 46
18 47
18 48
18 51
18 52
18 55
18 58
18 59
18 62
18 65
18 66
18 70
18 79
18 82
18 83
18 85
18 94
20 10
20 17
20 12
20 6
20 40
20 51
20 65
20 5
20 21
20 24
20 28
20 29
20 31
20 32
20 38
20 41
20 43
20 46
20 48
20 49
20 52
20 55
20 58
20 59
20 62
20 70
20 73
20 76
20 78
20 79
20 82
20 83
20 85
20 89
20 93
20 94
6 5
6 58
6 38
6 79
6 10
6 12
6 21
6 24
6 27
6 28
6 29
6 31
6 32
6 43
6 46
6 48
6 49
6 52
6 59
6 62
6 65
6 66
6 70
6 73
6 74
6 76
6 78
6 82
6 83
6 85
6 89
6 93
6 94
66 12
66 17
66 21
66 27
66 32
66 41
66 46
66 48
66 51
66 55
66 58
66 79
66 34
66 59
66 28
66 76
66 65
66 5
66 10
66 38
66 29
66 40
66 73
66 52
66 24
66 31
66 62
66 94
66 49
66 70
66 74
66 82
66 83
66 85
66 89
66 93
34 5
34 10
34 12
34 17
34 21
34 24
34 28
34 29
34 31
34 32
34 40
34 43
34 46
34 47
34 48
34 49
34 52
34 55
34 58
34 59
34 62
34 65
34 70
34 73
34 76
34 82
34 83
34 85
34 89
34 93
34 94
74 29
74 62
74 76
74 21
74 73
74 32
74 38
74 51
74 40
74 94
74 49
74 78
74 59
74 28
74 10
74 27
74 41
74 46
74 70
74 55
74 48
74 12
74 89
74 31
74 47
74 17
74 52
74 43
74 24
74 79
74 82
74 83
74 85
74 93
65 10
65 17
65 29
65 41
65 47
65 48
65 58
65 59
65 40
65 49
65 43
65 32
65 52
65 21
65 24
65 83
65 46
65 85
65 51
65 31
65 12
65 55
65 70
65 73
65 76
65 78
65 79
65 82
65 89
65 93
65 94
21 17
21 46
21 27
21 47
21 89
21 12
21 38
21 40
21 76
21 24
21 10
21 31
21 51
21 5
21 73
21 29
21 32
21 43
21 48
21 49
21 52
21 55
21 58
21 59
21 62
21 70
21 78
21 79
21 82
21 83
21 85
21 93
21 94
5 17
5 51
5 10
5 12
5 24
5 27
5 28
5 29
5 31
5 32
5 41
5 43
5 46
5 47
5 48
5 52
5 55
5 59
5 62
5 70
5 73
5 76
5 79
5 82
5 85
5 89
5 93
5 94
17 27
17 41
17 12
17 76
17 40
17 38
17 43
17 10
17 24
17 29
17 31
17 32
17 46
17 47
17 48
17 49
17 51
17 52
17 55
17 58
17 59
17 62
17 70
17 73
17 78
17 79
17 82
17 83
17 85
17 89
17 93
17 94
51 10
51 12
51 24
51 31
51 32
51 41
51 43
51 47
51 48
51 46
51 52
51 89
51 49
51 40
51 29
51 27
51 55
51 58
51 59
51 62
51 70
51 73
51 76
51 78
51 79
51 82
51 83
51 85
51 94
58 32
58 52
58 31
58 89
58 46
58 12
58 49
58 27
58 48
58 38
58 47
58 29
58 28
58 43
58 24
58 40
58 55
58 10
58 59
58 62
58 70
58 73
58 76
58 78
58 79
58 82
58 83
58 85
58 93
58 94
38 10
38 29
38 32
38 40
38 78
38 12
38 28
38 73
38 24
38 43
38 27
38 41
38 47
38 48
38 49
38 52
38 55
38 59
38 62
38 70
38 79
38 82
38 83
38 85
38 89
38 93
38 94
79 43
79 62
79 49
79 55
79 28
79 29
79 41
79 31
79 32
79 83
79 27
79 76
79 46
79 73
79 78
79 70
79 12
79 48
79 59
79 52
79 40
79 94
79 24
79 10
79 82
79 85
79 89
79 93
55 24
55 32
55 52
55 31
55 29
55 41
55 48
55 46
55 43
55 27
55 78
55 40
55 47
55 28
55 10
55 12
55 94
55 85
55 59
55 62
55 70
55 73
55 76
55 82
55 83
55 89
55 93
85 27
85 29
85 52
85 62
85 73
85 59
85 10
85 76
85 78
85 31
85 24
85 32
85 48
85 47
85 40
85 43
85 28
85 12
85 70
85 83
85 41
85 46
85 49
85 82
85 89
85 93
85 94
40 10
40 27
40 28
40 29
40 52
40 12
40 32
40 24
40 41
40 43
40 46
40 48
40 49
40 59
40 62
40 70
40 73
40 78
40 82
40 83
40 89
40 93
73 10
73 24
73 48
73 49
73 52
73 29
73 12
73 31
73 59
73 41
73 32
73 62
73 43
73 70
73 46
73 78
73 82
73 83
73 93
73 94
82 48
82 27
82 47
82 24
82 59
82 10
82 70
82 49
82 76
82 89
82 78
82 62
82 31
82 43
82 12
82 52
82 32
82 29
82 41
82 28
82 46
82 83
82 93
82 94
52 31
52 43
52 49
52 47
52 29
52 41
52 10
52 27
52 24
52 48
52 46
52 12
52 59
52 62
52 70
52 76
52 78
52 83
52 89
52 93
52 94
10 83
10 41
10 12
10 24
10 27
10 28
10 29
10 31
10 32
10 43
10 46
10 47
10 48
10 49
10 59
10 62
10 70
10 76
10 78
10 89
10 93
10 94
83 27
83 31
83 49
83 62
83 70
83 76
83 59
83 32
83 46
83 24
83 78
83 29
83 48
83 47
83 28
83 12
83 89
83 93
83 94
41 29
41 31
41 28
41 27
41 24
41 89
41 62
41 48
41 43
41 12
41 94
41 46
41 49
41 59
41 70
41 76
41 78
41 93
47 28
47 46
47 29
47 24
47 43
47 78
47 32
47 31
47 12
47 48
47 49
47 59
47 62
47 70
47 76
47 89
47 93
12 94
12 43
12 28
12 49
12 27
12 24
12 29
12 31
12 32
12 46
12 48
12 59
12 62
12 70
12 76
12 78
12 89
12 93
94 89
94 46
94 70
94 93
94 27
94 76
94 29
94 48
94 32
94 24
94 78
94 43
94 59
94 62
94 31
94 49
43 24
43 29
43 27
43 28
43 78
43 32
43 46
43 48
43 49
43 59
43 62
43 70
43 76
43 89
43 93
28 24
28 31
28 29
28 32
28 46
28 48
28 49
28 59
28 62
28 70
28 76
28 78
28 89
28 93
49 32
49 24
49 29
49 48
49 46
49 76
49 31
49 27
49 78
49 59
49 62
49 70
49 89
49 93
27 24
27 29
27 31
27 32
27 46
27 48
27 59
27 62
27 70
27 76
27 78
27 89
27 93
78 29
78 48
78 31
78 32
78 24
78 59
78 46
78 62
78 76
78 70
78 89
78 93
31 29
31 24
31 32
31 46
31 48
31 59
31 62
31 70
31 76
31 89
31 93
76 29
76 62
76 46
76 59
76 24
76 48
76 32
76 70
76 89
76 93
89 29
89 48
89 62
89 59
89 46
89 32
89 24
89 70
89 93
93 48
93 59
93 24
93 62
93 70
93 29
93 32
93 46
24 29
24 32
24 46
24 59
24 62
24 70
46 32
46 29
46 48
46 59
46 62
46 70
32 29
32 48
32 59
32 62
32 70
29 48
29 59
29 62
29 70
48 59
48 62
48 70
62 59
62 70
59 70