0 79 1 61 44 60 31 21 64 73 33 92 56 93 52 39 59 32 98 6 48 28 65 94 49 90 86 22 16 74 10 26 53 55 81 37 77 46 88 76 67 2 34 70 97 85 3 99 8 13 4 87 78 54 82 57 42 29 71 15 58 50 24 47 84 69 25 36 80 91 62 38 96 66 40 27 18 9 68 7 19 17 43 41 23 51 45 83 11 72 89 5 12 30 75 14 63 35 20 95
0 79
79 1
79 4
79 6
79 8
79 9
79 10
79 11
79 12
79 14
79 16
79 18
79 19
79 20
79 21
79 22
79 28
79 29
79 32
79 34
79 35
79 38
79 39
79 43
79 45
79 50
79 51
79 53
79 54
79 57
79 61
79 69
79 70
79 74
79 77
79 78
79 99
79 97
79 93
79 81
79 94
79 98
79 84
79 87
79 86
79 89
79 91
79 90
1 61
1 44
1 60
1 31
1 21
1 64
1 73
1 33
1 92
1 56
1 93
1 52
1 39
1 59
1 32
1 98
1 6
1 48
1 28
1 65
1 94
1 49
1 90
1 86
1 22
1 16
1 74
1 10
1 26
1 53
1 55
1 81
1 37
1 77
1 46
1 88
1 76
1 67
61 3
61 6
61 7
61 8
61 14
61 19
61 20
61 22
61 23
61 28
61 29
61 31
61 32
61 33
61 35
61 36
61 42
61 44
61 47
61 50
61 52
61 55
61 59
61 63
61 99
61 93
61 86
61 77
61 95
61 81
61 66
61 83
61 74
61 70
61 89
61 84
44 2
44 3
44 4
44 13
44 14
44 22
44 24
44 25
44 26
44 27
44 31
44 32
44 35
44 38
44 40
44 42
44 63
44 69
44 89
44 99
44 68
44 50
44 92
44 48
44 46
44 87
44 59
44 88
44 98
44 45
44 97
44 76
44 57
44 86
44 67
44 94
44 72
44 49
44 55
44 58
60 6
60 7
60 8
60 11
60 14
60 15
60 17
60 18
60 19
60 21
60 23
60 26
60 27
60 28
60 29
60 32
60 33
60 34
60 35
60 38
60 39
60 41
60 49
60 53
60 55
60 56
60 59
60 90
60 74
60 75
60 78
60 81
60 99
60 70
60 86
60 85
60 88
60 98
60 71
60 77
31 2
31 3
31 4
31 5
31 7
31 11
31 14
31 15
31 17
31 18
31 20
31 23
31 25
31 26
31 27
31 28
31 89
31 76
31 86
31 75
31 92
31 91
31 69
31 52
31 55
31 36
31 97
31 84
31 67
31 74
31 53
31 48
31 51
31 87
31 41
31 90
31 47
31 35
31 81
21 2
21 3
21 7
21 11
21 12
21 13
21 16
21 17
21 26
21 41
21 51
21 22
21 95
21 30
21 28
21 65
21 32
21 47
21 40
21 70
21 48
21 77
21 82
21 42
21 85
21 96
21 81
21 73
21 68
21 71
21 52
21 35
21 63
21 45
21 37
21 67
64 8
64 9
64 10
64 11
64 15
64 16
64 20
64 25
64 28
64 30
64 32
64 37
64 42
64 43
64 46
64 48
64 55
64 56
64 63
64 97
64 66
64 67
64 95
64 71
64 94
64 68
64 96
64 91
64 80
64 70
64 75
64 87
64 69
64 76
64 78
64 99
64 93
64 77
73 7
73 9
73 13
73 14
73 17
73 19
73 20
73 25
73 26
73 28
73 39
73 45
73 52
73 53
73 55
73 56
73 58
73 59
73 66
73 67
73 72
73 93
73 76
73 82
73 80
73 74
73 99
73 85
73 89
73 90
73 96
73 94
33 5
33 6
33 12
33 16
33 22
33 23
33 27
33 28
33 29
33 32
33 99
33 80
33 82
33 47
33 75
33 67
33 59
33 49
33 86
33 87
33 74
33 71
33 97
33 84
33 98
33 70
33 58
33 90
33 92
33 45
33 37
33 66
33 53
33 77
33 54
33 48
33 85
33 46
33 55
92 5
92 8
92 11
92 17
92 24
92 27
92 32
92 36
92 38
92 40
92 46
92 47
92 52
92 55
92 56
92 59
92 65
92 67
92 74
92 75
92 76
92 80
92 87
92 88
92 98
92 96
56 5
56 7
56 8
56 10
56 15
56 17
56 18
56 19
56 20
56 22
56 23
56 27
56 28
56 29
56 32
56 37
56 42
56 45
56 51
56 53
56 74
56 88
56 99
56 82
56 86
56 85
56 63
56 66
56 76
56 78
56 80
56 59
56 95
56 68
93 10
93 13
93 14
93 15
93 19
93 20
93 22
93 24
93 25
93 26
93 35
93 36
93 39
93 40
93 41
93 48
93 50
93 53
93 55
93 58
93 59
93 62
93 63
93 66
93 69
93 70
93 71
93 72
93 75
93 76
93 80
93 81
93 82
93 83
93 85
93 87
93 88
93 90
93 91
93 95
52 3
52 4
52 6
52 8
52 12
52 14
52 16
52 17
52 18
52 19
52 25
52 32
52 35
52 41
52 50
52 51
52 80
52 99
52 65
52 78
52 66
52 59
52 67
52 63
52 53
52 75
52 54
52 77
39 4
39 5
39 7
39 9
39 10
39 12
39 13
39 16
39 17
39 22
39 23
39 24
39 25
39 26
39 29
39 30
39 32
39 34
39 35
39 36
39 38
39 98
39 41
39 74
39 76
39 87
39 99
39 81
39 48
39 53
39 88
39 62
39 94
39 54
39 97
39 77
39 82
39 66
59 3
59 7
59 11
59 12
59 14
59 16
59 17
59 18
59 24
59 25
59 26
59 28
59 34
59 37
59 40
59 42
59 43
59 47
59 48
59 49
59 51
59 57
59 91
59 88
59 71
59 90
59 66
59 69
59 84
59 67
59 83
32 4
32 7
32 11
32 24
32 26
32 27
32 28
32 29
32 41
32 97
32 69
32 66
32 82
32 36
32 62
32 50
32 45
32 87
32 98
32 76
32 84
32 54
32 47
32 42
32 88
32 75
32 49
32 35
32 94
32 51
32 53
98 5
98 12
98 13
98 15
98 23
98 24
98 26
98 28
98 36
98 38
98 40
98 41
98 47
98 48
98 50
98 51
98 55
98 62
98 65
98 69
98 82
98 84
98 85
98 86
98 87
98 88
98 91
98 96
98 99
6 2
6 4
6 14
6 16
6 28
6 48
6 24
6 11
6 68
6 82
6 57
6 25
6 23
6 34
6 26
6 78
6 15
6 46
6 86
6 40
6 17
6 53
6 22
6 66
6 9
6 30
6 63
6 35
6 45
6 65
6 91
6 13
48 3
48 8
48 10
48 14
48 15
48 18
48 19
48 20
48 24
48 27
48 29
48 42
48 43
48 69
48 83
48 54
48 89
48 88
48 68
48 63
48 85
48 72
48 49
48 78
48 84
48 71
48 87
48 51
48 50
48 91
48 77
48 94
48 99
48 58
28 4
28 7
28 10
28 17
28 18
28 23
28 26
28 27
28 29
28 95
28 80
28 63
28 54
28 51
28 58
28 38
28 82
28 43
28 91
28 47
28 81
28 66
28 74
28 76
28 34
28 83
28 40
28 45
28 36
28 49
65 4
65 5
65 7
65 9
65 11
65 13
65 17
65 19
65 22
65 23
65 24
65 27
65 30
65 34
65 36
65 42
65 43
65 49
65 50
65 57
65 58
65 62
65 81
65 78
65 94
65 82
65 97
65 70
65 67
65 89
65 69
65 83
65 75
94 9
94 10
94 11
94 15
94 17
94 18
94 19
94 20
94 27
94 30
94 34
94 36
94 40
94 49
94 50
94 57
94 63
94 66
94 68
94 69
94 72
94 75
94 76
94 81
94 82
94 85
94 89
94 90
94 91
49 5
49 7
49 8
49 12
49 13
49 19
49 20
49 26
49 29
49 30
49 34
49 37
49 42
49 43
49 46
49 47
49 74
49 84
49 50
49 80
49 76
49 78
49 63
49 96
49 57
49 87
49 75
49 82
49 97
49 68
49 62
49 81
90 4
90 7
90 12
90 13
90 16
90 17
90 18
90 20
90 22
90 26
90 29
90 34
90 36
90 37
90 47
90 50
90 51
90 55
90 57
90 58
90 66
90 69
90 74
90 76
90 77
90 78
90 84
90 87
90 88
90 89
90 95
90 97
90 91
90 99
86 2
86 5
86 7
86 10
86 12
86 14
86 16
86 17
86 19
86 27
86 29
86 30
86 41
86 42
86 46
86 50
86 53
86 57
86 62
86 66
86 69
86 71
86 76
86 80
86 81
86 83
86 84
86 85
86 97
86 96
86 95
86 88
22 14
22 15
22 17
22 20
22 30
22 46
22 80
22 23
22 38
22 53
22 72
22 88
22 41
22 68
22 54
22 55
22 43
22 47
22 99
22 82
22 96
22 71
22 27
22 63
22 89
22 35
22 91
22 66
22 87
22 85
22 75
22 34
22 42
16 5
16 9
16 12
16 13
16 14
16 47
16 25
16 35
16 30
16 23
16 36
16 54
16 46
16 83
16 78
16 26
16 87
16 77
16 29
16 41
16 91
16 69
16 82
16 58
16 18
16 89
16 57
16 85
16 74
16 95
74 5
74 12
74 13
74 17
74 19
74 23
74 24
74 26
74 37
74 41
74 43
74 45
74 46
74 50
74 54
74 62
74 66
74 70
74 72
74 87
74 85
74 99
74 96
74 83
74 78
74 88
74 91
74 89
10 3
10 4
10 5
10 20
10 83
10 17
10 30
10 47
10 40
10 19
10 25
10 80
10 27
10 13
10 55
10 11
10 23
10 68
10 77
10 82
10 84
10 69
10 71
10 53
10 26
10 97
10 35
10 43
10 96
10 72
10 87
10 91
10 15
10 34
26 3
26 5
26 7
26 11
26 12
26 13
26 14
26 15
26 19
26 20
26 23
26 66
26 82
26 37
26 50
26 43
26 87
26 47
26 46
26 76
26 57
26 89
26 80
26 70
26 67
26 72
53 2
53 4
53 5
53 8
53 11
53 13
53 14
53 25
53 30
53 36
53 43
53 46
53 47
53 78
53 84
53 68
53 58
53 77
53 76
53 97
53 85
53 66
53 91
53 83
53 96
53 99
55 5
55 11
55 18
55 24
55 29
55 34
55 37
55 38
55 41
55 42
55 46
55 47
55 75
55 62
55 96
55 84
55 63
55 78
55 83
55 89
55 69
55 82
55 70
55 72
81 2
81 3
81 8
81 9
81 12
81 13
81 14
81 20
81 27
81 29
81 34
81 38
81 40
81 41
81 43
81 45
81 50
81 54
81 57
81 58
81 66
81 67
81 77
81 78
81 80
81 85
81 89
81 96
81 97
81 84
37 3
37 5
37 7
37 9
37 13
37 20
37 25
37 30
37 36
37 85
37 66
37 99
37 89
37 38
37 58
37 87
37 42
37 91
37 57
37 82
37 88
37 41
37 46
37 47
37 97
37 76
37 72
37 45
37 78
37 96
37 80
37 69
37 40
77 2
77 3
77 4
77 5
77 8
77 9
77 11
77 13
77 14
77 15
77 17
77 24
77 25
77 30
77 38
77 46
77 50
77 51
77 58
77 62
77 63
77 66
77 70
77 72
77 75
77 76
77 85
77 96
77 78
77 82
77 87
77 83
77 89
46 2
46 3
46 5
46 7
46 9
46 11
46 12
46 17
46 20
46 24
46 27
46 30
46 34
46 35
46 36
46 40
46 41
46 42
46 45
46 70
46 67
46 51
46 68
46 72
46 50
46 99
46 85
46 84
46 63
46 71
46 58
88 4
88 5
88 7
88 8
88 9
88 12
88 13
88 14
88 29
88 30
88 40
88 42
88 43
88 47
88 50
88 51
88 54
88 57
88 58
88 62
88 63
88 67
88 68
88 71
88 75
88 76
88 78
88 84
88 99
88 97
88 91
76 2
76 4
76 5
76 8
76 9
76 12
76 13
76 17
76 19
76 24
76 25
76 27
76 29
76 35
76 40
76 42
76 45
76 54
76 58
76 62
76 63
76 66
76 71
76 96
76 82
76 80
76 91
76 85
76 89
76 99
76 97
76 83
67 2
67 3
67 4
67 8
67 11
67 12
67 18
67 19
67 20
67 34
67 38
67 42
67 47
67 54
67 58
67 63
67 66
67 87
67 91
67 89
67 96
67 80
2 34
2 70
2 97
2 85
2 3
2 99
2 8
2 13
2 4
2 87
2 78
2 54
2 82
2 57
2 42
2 29
2 71
2 15
2 58
2 50
2 24
2 47
2 84
2 69
2 25
2 36
34 11
34 12
34 13
34 14
34 15
34 18
34 19
34 20
34 23
34 25
34 27
34 30
34 66
34 62
34 35
34 50
34 57
34 97
34 78
34 42
34 38
34 75
34 80
34 96
34 72
34 45
34 91
70 8
70 14
70 15
70 17
70 18
70 19
70 20
70 24
70 54
70 57
70 62
70 66
70 80
70 83
70 72
70 84
70 75
97 3
97 4
97 7
97 8
97 11
97 12
97 15
97 17
97 24
97 27
97 29
97 36
97 38
97 41
97 43
97 47
97 57
97 58
97 63
97 66
97 68
97 72
97 78
97 85
97 95
97 99
85 3
85 7
85 9
85 18
85 20
85 25
85 27
85 35
85 43
85 45
85 47
85 50
85 54
85 57
85 58
85 66
85 68
85 69
85 72
85 75
85 84
85 95
85 91
85 96
3 80
3 91
3 71
3 47
3 62
3 38
3 96
3 66
3 40
3 27
3 18
3 9
3 68
3 24
3 69
3 7
3 19
3 17
3 43
3 41
3 23
3 36
3 15
3 51
3 45
3 78
3 83
99 4
99 7
99 11
99 15
99 20
99 25
99 27
99 41
99 45
99 50
99 58
99 63
99 68
99 75
99 87
99 96
8 5
8 23
8 72
8 19
8 62
8 29
8 96
8 43
8 80
8 50
8 13
8 25
8 45
8 40
8 38
8 24
13 11
13 17
13 19
13 36
13 69
13 95
13 58
13 71
13 62
13 38
13 47
13 25
13 51
13 80
13 72
13 66
13 35
4 36
4 38
4 80
4 17
4 15
4 19
4 11
4 18
4 41
4 29
4 82
4 72
4 42
4 7
4 58
4 47
4 23
4 24
4 89
87 9
87 19
87 20
87 24
87 25
87 30
87 38
87 40
87 42
87 43
87 47
87 54
87 62
87 66
87 68
87 78
78 5
78 7
78 11
78 17
78 23
78 24
78 25
78 27
78 36
78 38
78 40
78 41
78 47
78 50
78 54
78 66
78 71
78 80
78 91
78 96
54 5
54 11
54 14
54 15
54 18
54 19
54 24
54 27
54 29
54 30
54 35
54 41
54 47
54 63
54 84
54 69
54 91
54 57
54 80
82 5
82 11
82 18
82 20
82 23
82 24
82 27
82 29
82 38
82 40
82 41
82 42
82 43
82 66
82 68
82 72
82 75
82 84
82 89
57 12
57 18
57 27
57 29
57 38
57 40
57 41
57 42
57 45
57 47
57 50
57 51
57 68
57 58
57 84
57 66
42 5
42 9
42 17
42 18
42 20
42 25
42 27
42 35
42 36
42 41
42 71
42 83
42 80
42 68
42 95
42 72
42 50
42 96
42 58
42 43
29 7
29 14
29 17
29 18
29 24
29 89
29 30
29 63
29 47
29 80
29 66
29 95
29 71
29 91
29 58
29 35
71 15
71 24
71 27
71 38
71 40
71 41
71 43
71 68
71 83
71 84
71 96
71 72
15 5
15 11
15 14
15 96
15 20
15 89
15 63
15 72
15 27
15 51
15 38
15 75
15 43
15 84
15 24
15 36
15 47
15 40
15 83
15 25
15 35
58 7
58 11
58 14
58 18
58 19
58 23
58 24
58 25
58 27
58 35
58 38
58 43
58 45
58 68
58 80
58 62
58 96
58 91
58 89
58 69
58 75
50 7
50 9
50 11
50 17
50 18
50 19
50 20
50 24
50 27
50 35
50 43
50 45
50 96
50 83
50 80
24 11
24 69
24 83
24 84
24 80
24 30
24 27
24 47
24 91
24 95
24 68
24 75
24 72
47 5
47 12
47 19
47 23
47 25
47 35
47 36
47 38
47 40
47 41
47 68
47 72
47 96
47 63
47 89
47 95
84 5
84 7
84 12
84 17
84 18
84 20
84 27
84 38
84 41
84 43
84 45
84 63
84 69
84 80
84 96
84 95
69 5
69 7
69 12
69 14
69 19
69 27
69 35
69 36
69 38
69 51
69 62
69 68
69 89
69 72
25 5
25 11
25 12
25 14
25 19
25 23
25 72
25 62
25 89
25 45
25 41
25 51
25 91
36 11
36 19
36 20
36 30
36 80
36 68
36 45
36 75
36 41
36 91
36 62
80 9
80 11
80 12
80 18
80 35
80 38
80 40
80 62
80 66
80 75
80 96
80 89
91 12
91 17
91 19
91 35
91 43
91 62
91 89
91 96
91 95
62 5
62 11
62 12
62 27
62 35
62 38
62 63
38 7
38 30
38 40
38 43
38 66
38 83
38 41
38 63
38 89
96 7
96 14
96 17
96 18
96 20
96 27
96 43
96 51
96 66
96 68
96 83
96 89
66 7
66 9
66 12
66 14
66 23
66 30
66 40
66 41
66 45
66 95
66 89
66 75
40 14
40 18
40 19
40 23
40 27
40 35
40 68
40 83
40 63
40 89
40 45
40 43
27 12
27 17
27 19
27 20
27 68
27 75
27 72
27 95
27 51
18 9
18 11
18 14
18 83
18 30
18 89
9 7
9 68
9 45
9 19
9 30
68 7
68 12
68 14
68 17
68 30
68 35
68 51
68 63
68 83
7 51
7 72
7 12
7 83
7 19
7 41
7 17
7 89
19 12
19 14
19 17
19 89
19 75
19 45
19 51
19 20
19 95
17 11
17 14
17 72
17 51
17 89
17 45
17 95
17 20
17 41
43 11
43 12
43 20
43 89
43 75
41 5
41 11
41 14
41 20
41 30
41 35
41 51
41 75
23 11
23 95
23 63
23 35
23 75
23 51
23 45
51 5
51 12
51 45
51 63
51 72
45 11
45 12
45 35
45 89
45 63
45 72
83 11
83 12
83 14
83 20
83 63
11 5
11 95
11 12
11 14
11 30
11 35
72 14
72 30
72 63
72 95
72 89
89 12
89 20
89 35
5 12
5 30
5 75
5 14
12 20
12 30
12 95
30 14
30 20
30 63
30 95
30 35
75 14
75 35
14 63
14 95
35 20