0 20 13 27 28 29 30 31 32 33 34 35 36 37 38 39 40 41 42 43 44 45 46 1 3 47 48 49 50 51 52 53 54 55 56 57 58 59 60 61 62 2 11 63 64 65 66 67 68 69 70 71 72 73 74 75 76 77 17 78 79 80 81 82 83 84 85 86 87 88 89 90 91 92 93 4 12 26 94 95 96 97 98 99 5 24 10 6 7 19 8 21 9 23 14 15 22 25 16 18
0 20
0 13
0 27
0 28
0 29
0 30
0 31
0 32
0 33
0 34
0 35
0 36
0 37
0 38
0 39
0 40
0 41
0 42
0 43
0 44
0 45
0 46
20 10
20 41
13 22
13 36
13 53
13 69
13 84
27 1
28 2
29 3
30 4
31 5
32 6
33 8
34 10
35 11
37 16
38 17
39 18
40 19
42 21
43 22
44 23
45 24
46 25
1 3
1 47
1 48
1 49
1 50
1 51
1 52
1 53
1 54
1 55
1 56
1 57
1 58
1 59
1 60
1 61
1 62
3 17
3 63
3 78
3 79
3 80
3 81
3 82
3 83
3 84
3 85
3 86
3 87
3 88
3 89
3 90
3 91
3 92
3 93
47 2
48 4
49 5
50 7
51 10
52 11
54 16
55 17
56 18
57 19
58 21
59 22
60 23
61 24
62 26
2 11
2 63
2 64
2 65
2 66
2 67
2 68
2 69
2 70
2 71
2 72
2 73
2 74
2 75
2 76
2 77
11 15
11 68
11 83
11 98
64 7
65 8
66 9
67 10
70 14
71 16
72 18
73 19
74 21
75 23
76 25
77 26
17 6
17 21
17 87
78 4
79 5
80 6
81 7
82 10
85 15
86 16
88 18
89 19
90 21
91 22
92 23
93 24
4 12
4 26
4 94
4 95
4 96
4 97
4 98
4 99
12 7
12 99
94 6
95 8
96 9
97 10
5 24
5 10
10 23
10 14
7 19
19 18
19 22
8 21
21 14
9 23
14 25
15 16
15 18