0 7 19 22 33 39 45 59 76 1 8 66 84 86 2 24 49 54 3 20 55 67 88 4 27 5 61 65 6 26 47 72 85 9 57 92 10 53 96 11 21 25 12 36 41 62 80 13 91 95 14 15 63 71 98 16 81 87 17 18 75 89 70 23 50 69 77 28 35 79 97 29 48 64 30 58 82 94 31 32 40 68 34 52 74 37 93 38 56 42 43 44 73 83 46 99 51 60 78 90
0 7
0 19
0 22
0 33
0 39
0 45
0 59
0 76
7 85
22 18
22 63
22 70
33 12
33 30
39 9
39 14
39 47
39 50
39 61
45 3
45 5
45 59
45 84
59 5
59 27
59 31
59 68
76 1
76 82
1 8
1 66
1 84
1 86
66 42
66 91
66 93
84 4
84 17
84 92
86 61
86 62
2 24
2 49
2 54
24 18
49 99
54 43
3 20
3 55
3 67
3 88
55 34
55 87
67 68
67 93
88 48
88 57
88 77
4 27
5 61
5 65
61 6
61 25
61 28
61 38
61 75
65 35
65 53
65 80
6 26
6 47
6 72
26 12
26 63
47 14
47 23
47 46
72 37
72 52
72 56
85 56
9 57
9 92
57 14
57 17
57 53
57 92
57 99
92 10
92 82
10 53
10 96
53 58
53 69
96 23
96 38
96 41
96 50
96 70
11 21
11 25
25 50
25 69
25 77
12 36
12 41
12 62
12 80
36 13
36 74
36 79
41 79
62 29
62 43
13 91
13 95
91 43
91 90
95 46
15 63
15 71
15 98
63 30
98 23
16 81
16 87
81 43
87 23
87 52
87 60
18 75
18 89
75 43
89 50
70 29
70 56
50 79
69 58
77 28
77 37
77 38
77 83
28 35
28 79
28 97
97 78
29 48
29 64
64 30
64 37
30 58
30 82
30 94
94 42
94 83
32 40
32 68
40 56
34 52
52 38
52 78
37 93
93 38
44 73
44 83
73 60
51 60
51 78