1 0 2 3 4 5 6 7 8 9 10 11 12 13 14 15 16 17 18 19 20 21 22 23 24 25 26 27 28 29 30 31 32 33 34 35 36 37 38 39 40 41 42 43 44 45 46 47 48 49 50 51 52 53 54 55 56 57 58 59 60 61 62 63 64 65 66 67 68 69 70 71 72 73 74 75 76 77 78 79 80 81 82 83 84 85 86 87 88 89 90 91 92 93 94 95 96 97 98 99
1 0
1 2
1 35
0 39
0 43
0 46
0 48
0 78
2 3
2 92
3 4
3 10
3 52
3 56
4 5
4 6
5 6
5 61
5 65
5 73
6 7
6 31
6 85
7 8
7 10
7 25
7 91
8 9
8 61
8 71
8 72
8 88
8 95
9 10
9 11
9 39
9 60
9 74
10 11
10 20
10 23
10 24
10 28
10 31
10 49
10 60
11 12
11 31
11 51
12 13
12 48
12 97
13 14
13 28
13 79
14 15
14 18
14 94
15 16
15 34
16 17
16 50
17 18
17 25
17 41
18 19
18 25
18 87
19 20
19 64
19 69
19 85
19 94
20 21
20 52
20 54
20 60
21 22
21 83
22 23
22 25
22 48
22 95
23 24
23 37
23 43
23 89
24 25
24 43
24 49
25 26
25 50
25 54
25 67
26 27
26 57
26 58
26 62
26 68
26 86
27 28
27 43
27 68
27 76
28 29
28 66
28 81
28 94
29 30
29 87
29 95
29 97
30 31
30 40
30 45
30 55
30 62
30 94
31 32
31 93
32 33
32 55
33 34
33 68
33 76
34 35
34 41
34 46
35 36
35 42
35 79
35 80
35 85
36 37
36 39
36 58
36 75
36 87
37 38
37 46
37 65
37 76
37 95
38 39
38 65
38 86
39 40
39 43
39 45
39 58
40 41
40 47
40 58
40 79
41 42
41 44
41 61
41 67
41 76
41 94
42 43
42 53
42 94
43 44
43 47
43 48
43 63
43 65
43 80
43 91
44 45
44 47
44 53
45 46
45 50
45 69
45 81
46 47
46 60
46 70
46 98
47 48
47 66
47 73
48 49
48 61
48 68
49 50
49 63
49 82
50 51
50 78
50 79
50 83
51 52
52 53
52 88
53 54
53 57
53 61
53 73
53 86
53 89
54 55
54 65
54 99
55 56
56 57
56 61
57 58
58 59
59 60
59 66
59 84
59 97
60 61
60 71
60 74
60 89
60 92
61 62
61 82
62 63
62 64
62 77
62 98
63 64
63 74
63 81
63 85
64 65
64 73
65 66
65 73
65 94
66 67
66 69
66 91
66 99
67 68
67 96
68 69
69 70
69 94
70 71
70 85
71 72
72 73
72 89
72 98
73 74
73 84
73 95
74 75
75 76
76 77
76 84
76 93
77 78
78 79
78 88
79 80
80 81
81 82
81 86
82 83
82 97
83 84
83 91
84 85
84 88
84 93
85 86
85 92
86 87
87 88
88 89
88 92
89 90
90 91
91 92
91 95
92 93
93 94
94 95
95 96
96 97
97 98
98 99