0 80 82 89 92 1 11 29 33 70 78 2 37 3 52 61 63 4 21 71 5 7 53 59 79 95 6 8 66 64 99 35 83 9 16 62 69 10 13 58 81 23 24 41 60 12 22 25 28 43 68 14 74 15 48 98 18 31 67 17 40 42 50 56 57 19 34 47 20 36 39 45 46 55 90 26 97 27 85 96 30 32 73 54 49 51 38 77 88 93 84 44 72 75 76 65 94 91 87 86
0 80
0 82
0 89
0 92
80 11
80 57
82 35
82 56
82 96
89 27
89 32
89 54
89 59
89 96
92 3
92 86
1 11
1 29
1 33
1 70
1 78
11 23
11 24
11 41
11 60
11 61
29 2
29 6
29 8
29 15
29 31
29 37
29 39
29 48
29 63
29 66
29 78
33 3
33 22
33 28
33 42
33 70
70 35
70 40
70 41
70 67
70 98
78 17
78 24
78 71
2 37
37 16
37 48
37 49
37 51
37 52
37 58
3 52
3 61
3 63
52 16
52 25
52 68
52 74
61 6
61 8
61 12
63 6
63 8
63 16
63 36
63 43
4 21
4 71
21 8
21 39
21 99
71 8
5 7
5 53
5 59
5 79
5 95
7 59
7 64
7 99
53 9
53 38
53 81
79 44
79 45
79 68
79 87
95 46
95 58
95 72
95 77
95 81
95 93
6 8
6 66
8 35
8 83
66 20
66 43
66 67
66 74
64 69
64 75
64 88
99 12
99 25
99 42
99 45
99 51
35 20
35 24
35 28
35 41
83 15
9 16
9 62
9 69
16 18
16 25
16 31
16 48
16 67
16 74
62 14
62 58
62 76
69 81
10 13
10 58
10 81
13 43
13 68
58 43
58 65
58 77
23 24
24 67
41 22
41 40
41 42
41 51
60 40
60 91
12 22
12 25
12 28
22 28
22 45
22 46
22 50
22 55
22 90
25 14
25 18
25 48
25 74
28 17
28 42
68 36
68 74
14 74
15 48
15 98
48 31
48 98
98 17
98 40
18 57
31 73
17 40
17 42
17 50
17 56
40 20
40 73
42 84
50 51
50 65
50 84
50 85
57 91
57 94
19 34
19 47
34 54
47 30
47 32
47 93
20 36
39 96
45 76
45 84
46 54
55 26
55 94
55 97
90 54
26 97
97 32
27 85
27 96
85 54
85 91
85 94
30 32
54 65
38 77
38 88
38 93
77 72
88 84
93 72
44 72
44 75
75 87