0 1 3 2 4 5 6 7 8 9 10 11 12 13 14 15 16 17 18 19 20 21 22 23 24 25 26 27 28 29 30 31 32 33 34 35 36 37 38 39 40 41 42 43 44 45 46 47 48 49 50 51 52 53 54 55 56 57 58 59 60 61 62 63 77 64 65 66 67 68 69 70 71 72 73 74 75 76
0 1
0 3
0 26
1 2
1 3
1 27
1 49
3 4
3 6
3 10
3 37
3 47
3 51
2 50
4 5
5 14
5 38
6 7
6 8
6 9
6 12
6 13
7 15
8 59
9 65
10 11
11 26
11 27
11 28
11 29
14 16
14 17
14 18
14 19
15 20
15 21
15 22
15 23
15 24
15 25
20 54
21 48
23 31
25 33
25 40
25 41
26 30
26 31
26 32
26 33
27 28
28 29
29 30
29 56
29 57
30 31
33 34
34 35
35 36
36 37
36 39
37 62
38 58
38 73
39 44
39 66
41 42
41 43
43 52
44 45
45 46
45 60
46 69
46 72
47 55
49 53
49 76
55 74
56 61
58 68
59 71
60 67
61 75
62 64
63 77
77 75
66 70