0 61 93 36 97 76 98 44 80 99 62 64 18 87 20 27 75 54 4 41 88 59 68 74 24 19 12 35 7 15 39 55 34 8 2 51 58 86 37 5 22 89 82 21 67 60 73 91 63 14 94 53 47 56 52 33 40 96 30 43 16 83 1 69 11 46 10 38 31 49 71 6 81 13 84 90 66 72 45 48 85 70 3 95 77 78 28 79 65 92 25 50 57 42 17 26 29 9 23 32
0 61
0 80
0 55
0 99
0 81
61 93
61 86
61 12
61 55
61 11
61 78
61 44
61 75
61 64
93 36
93 59
93 68
93 94
93 67
93 44
93 83
36 97
36 68
36 76
97 76
97 4
97 41
97 94
97 98
97 71
97 95
97 77
97 67
76 98
76 87
76 20
76 6
76 81
76 16
76 90
76 44
76 11
76 21
98 44
98 89
98 82
98 53
98 57
98 81
98 65
98 42
98 45
98 17
98 77
98 26
98 30
98 2
44 80
44 88
44 19
44 2
44 12
44 15
44 38
44 69
44 42
44 56
80 99
80 68
80 94
80 66
80 91
80 33
80 28
80 75
80 95
80 65
99 62
99 19
99 12
99 34
99 8
99 87
99 69
99 27
99 84
99 90
99 16
99 75
62 64
62 94
62 49
62 71
62 82
64 18
64 8
64 37
64 77
64 78
64 46
64 22
64 55
18 87
18 39
18 55
18 24
18 50
18 14
18 21
87 67
87 96
87 74
87 27
87 24
87 1
87 42
20 27
20 4
20 39
20 16
20 54
20 29
20 71
27 75
27 51
27 16
75 54
75 91
75 63
75 72
75 94
75 56
75 22
75 29
75 85
75 68
54 4
54 30
54 51
54 74
54 69
54 45
4 52
4 22
4 94
41 88
41 15
41 89
41 45
41 53
41 16
41 30
88 59
88 37
88 43
88 48
88 25
88 50
88 46
88 24
59 24
59 19
59 21
59 71
68 74
68 91
68 50
68 69
68 42
68 56
68 13
68 32
74 24
74 86
74 67
74 94
74 84
74 53
74 89
74 79
74 77
74 9
74 33
24 58
24 86
24 46
24 85
24 78
19 34
19 92
19 42
12 35
12 37
12 13
12 51
12 21
12 16
12 77
35 7
35 31
35 71
35 49
35 6
7 15
7 40
7 82
7 1
7 94
7 72
7 65
15 39
15 66
15 72
39 55
39 86
39 95
55 34
55 56
55 52
55 33
55 6
55 5
55 91
55 79
55 70
34 8
34 2
34 94
34 69
34 21
34 58
34 31
8 30
2 51
2 72
2 78
2 82
2 31
51 58
51 11
51 46
51 53
58 42
86 5
86 45
37 5
37 65
37 77
5 22
5 82
5 72
5 49
5 66
22 89
22 6
22 70
22 50
22 81
22 94
89 46
89 69
89 90
89 30
89 49
89 95
89 63
89 78
82 21
82 46
82 6
82 84
82 25
82 91
82 56
21 67
21 57
21 70
21 65
21 9
21 79
67 60
67 16
67 10
60 73
60 77
60 9
73 91
73 43
73 16
91 14
91 28
91 70
91 95
91 48
91 69
91 30
91 31
63 14
63 3
63 69
63 17
63 94
63 38
14 90
94 85
94 1
94 28
94 84
94 96
94 23
94 9
53 47
53 6
53 45
53 48
47 56
47 25
47 17
56 10
56 23
52 85
52 77
33 40
33 49
33 42
96 30
96 31
96 43
96 11
30 83
30 1
30 43
30 65
30 17
43 49
43 79
16 57
16 25
16 84
16 17
83 1
83 25
1 72
1 84
1 81
69 11
69 10
69 28
69 85
69 65
69 92
11 38
10 38
38 31
38 49
31 49
31 6
71 6
6 85
6 29
81 13
81 92
81 70
81 65
81 9
13 29
90 66
90 42
72 45
72 17
45 70
45 3
48 25
85 95
85 42
70 9
70 42
78 57
92 17
25 26
25 17