0 1 2 3 4 5 6 7 8 9 10 11 12 13 14 15 16 17 18 26 27 24 25 30 31 32 28 29 19 20 21 22 23 33 34 35 36 37 38 39 40 87 88 89 90 91 41 42 43 47 48 49 50 51 52 53 54 55 56 57 58 59 60 44 45 46 61 62 63 64 65 69 70 71 72 66 67 68 73 74 75 76 85 86 78 79 80 77 81 82 84 93 94 95 83 96 97 98 99 92
0 1
1 2
1 72
1 99
2 3
3 4
4 5
4 90
4 57
4 20
5 6
6 7
6 78
6 9
7 8
8 9
8 98
9 10
9 85
10 11
10 28
11 12
12 13
13 14
14 15
15 16
16 17
17 18
18 19
26 27
26 25
27 28
24 25
24 23
30 31
30 29
31 32
31 60
31 48
32 33
32 54
28 29
28 23
29 76
19 20
20 21
21 22
22 23
23 96
33 34
34 35
34 45
34 78
34 80
35 36
36 37
37 38
38 39
39 40
40 41
87 88
87 86
88 89
89 90
89 84
90 91
91 92
41 42
42 43
42 76
43 44
47 48
47 46
48 49
49 50
50 51
51 52
52 53
53 54
54 55
55 56
56 57
56 45
56 93
57 58
58 59
59 60
60 61
44 45
45 46
45 65
61 62
62 63
63 64
64 65
65 66
69 70
69 68
69 72
70 71
71 72
72 73
66 67
67 68
67 76
68 96
73 74
74 75
75 76
76 77
85 86
85 84
78 79
78 77
79 80
80 81
81 82
82 83
84 83
93 94
93 92
94 95
95 96
96 97
97 98
98 99