0 1 8 9 2 3 4 5 6 10 12 13 14 7 11 17 16 18 19 15 21 22 20 23 24 26 34 25 33 27 28 29 30 31 35 37 38 39 32 36 42 41 43 44 40 46 47 45 48 49 60 53 50 51 58 59 52 54 55 56 62 63 64 57 61 67 66 68 69 65 71 72 70 73 74 99 76 75 83 84 77 78 79 80 81 85 87 88 89 82 86 92 91 93 94 90 96 97 95 98
0 1
0 8
0 9
1 9
1 2
1 3
8 7
2 4
2 5
2 6
3 10
3 12
4 12
4 5
5 13
5 14
6 7
6 14
10 11
10 17
12 11
12 13
13 16
13 18
13 19
14 15
11 17
17 20
16 21
16 22
18 23
19 24
15 26
15 34
20 24
26 25
26 34
26 27
26 28
34 25
25 33
33 32
27 29
27 30
27 31
28 35
28 37
29 37
29 30
30 38
30 39
31 32
31 39
35 36
35 42
37 36
37 38
38 41
38 43
38 44
39 40
36 42
42 45
41 46
41 47
43 48
44 49
40 60
40 53
45 49
60 53
60 61
60 67
53 51
53 62
50 51
50 58
50 59
51 59
51 52
58 57
52 54
52 55
52 56
54 62
54 55
55 63
55 64
56 57
56 64
62 61
62 63
63 66
63 68
63 69
64 65
61 67
67 70
66 71
66 72
68 73
69 74
65 99
65 76
70 74
99 94
99 95
76 75
76 84
76 77
76 78
75 83
75 84
83 82
77 79
77 80
77 81
78 85
78 87
79 87
79 80
80 88
80 89
81 82
81 89
85 86
85 92
87 86
87 88
88 91
88 93
88 94
89 90
86 92
92 95
91 96
91 97
93 98