0 1 2 3 4 5 6 7 8 9 10 11 12 13 14 15 16 17 18 19 20 21 22 23 24 25 26 27 28 29 30 31 32 33 34 35 36 37 38 39 40 41 42 43 44 45 46 47 48 49 50 51 52 53 54 55 56 57 58 59 60 61 62 63 64 65 66 67 68 69 70 71 72 73 74 75 76 77 78 79 80 81 82 83 84 85 86 87 88 89 90 91 92 93 94 95 96 97 98 99
0 1
0 2
1 3
1 4
2 5
2 6
3 7
3 8
4 9
4 10
5 11
5 12
6 13
6 14
7 15
7 16
8 17
8 18
9 19
9 20
10 21
10 22
11 23
11 24
24 25
25 26
25 27
25 37
26 28
26 29
27 30
27 31
28 32
28 33
29 34
29 35
30 36
30 37
31 38
31 39
32 40
32 41
33 42
33 43
34 44
34 45
35 46
35 47
36 48
36 49
37 50
37 51
38 52
38 53
39 54
39 55
40 56
40 57
41 58
41 59
42 60
42 61
43 62
44 63
44 64
45 65
45 66
46 67
46 68
47 69
47 70
48 71
48 72
49 73
49 74
50 75
50 76
51 77
51 78
52 79
52 80
53 81
53 82
54 83
54 84
55 85
55 86
56 87
56 88
57 89
57 90
58 91
58 92
59 93
59 94
60 95
60 96
61 97
61 98
62 99