0 1 2 3 4 5 6 7 8 9 10 11 12 13 14 15 16 17 18 19 20 21 22 23 24 25 26 27 28 29 30 31 32 33 34 35 36 37 38 39 40 41 42 43 44 45 46 47 48 49 50 51 52 53 54 55 56 57 58 59 60 61 62 63 64 65 66 67 68 69 70 71 72 73 74 75 76 77 78 79 80 81 82 83 84 85 86 87 88 89 90 91 92 93 94 95 96 97 98 99
0 64
0 85
0 91
1 6
1 26
1 24
2 93
2 8
3 63
4 18
4 66
5 93
5 35
6 33
7 47
7 98
9 66
9 41
10 64
10 37
11 63
12 61
12 59
12 97
12 71
13 48
13 34
14 79
15 16
15 79
17 26
18 57
18 88
19 34
19 40
19 25
20 63
20 26
21 25
21 43
22 39
22 73
23 34
23 70
23 31
23 24
24 39
24 60
24 36
25 80
25 89
26 76
26 86
26 46
27 98
28 98
28 45
29 99
30 86
32 53
32 84
35 53
38 45
40 83
40 55
42 81
44 92
44 51
44 96
47 78
48 96
49 58
49 76
50 68
51 91
51 68
52 84
53 75
54 78
55 81
56 98
56 82
58 94
58 72
61 87
61 83
62 86
65 74
65 83
66 93
67 92
69 77
70 95
77 85
78 90
78 84
79 85
83 88
89 99