1 0 2 3 4 5 6 7 8 9 10 11 12 13 14 15 16 17 18 19 20 21 22 23 24 25 26 27 28 29 30 31 32 33 34 35 36 37 38 39 40 41 42 43 44 45 46 47 48 49 50 51 52 53 54 55 56 57 58 59 60 61 62 63 64 65 66 67 68 69 70 71 72 73 74 75 76 77 78 79 80 81 82 83 84 85 86 87 88 89 90 91 92 93 94 95 96 97 98 99
1 60
1 81
0 89
0 70
2 11
2 48
2 32
2 50
3 85
4 98
4 19
5 70
6 76
7 48
7 22
8 92
8 43
9 86
10 63
10 56
12 85
12 32
12 62
13 74
14 38
15 81
15 68
15 37
15 34
16 47
16 92
17 18
17 80
18 39
18 42
18 67
18 88
19 76
19 97
20 98
20 74
20 73
21 66
21 49
22 74
22 56
23 26
24 89
25 62
26 53
27 36
28 53
28 77
29 52
29 44
29 84
29 55
30 59
31 99
31 85
33 74
33 51
35 46
36 56
36 38
37 71
38 86
39 75
39 86
40 51
41 56
41 94
42 59
43 57
45 79
46 91
47 82
47 48
51 89
52 71
53 84
54 97
56 81
57 83
58 68
61 82
64 79
64 87
65 66
66 71
68 93
69 95
72 83
76 87
78 98
78 91
82 90
92 96
95 99