0 27 40 41 42 43 44 45 46 47 48 49 50 51 52 53 54 55 56 57 58 59 60 61 62 63 64 65 66 67 68 1 12 69 70 71 72 73 74 75 76 77 78 79 80 81 82 83 84 85 86 87 88 89 90 91 92 93 94 95 96 97 98 99 2 6 3 4 18 5 11 28 37 30 35 25 7 8 31 29 13 9 10 19 24 21 33 14 17 23 15 16 20 34 36 22 26 38 32 39
0 57
0 60
0 67
0 63
0 49
0 50
0 51
0 56
0 58
0 64
0 45
0 42
0 53
0 40
0 55
27 57
41 3
43 5
44 6
46 8
47 10
48 11
50 15
52 17
54 19
59 29
61 31
62 32
65 36
66 37
68 39
1 12
1 88
1 69
1 85
1 96
1 83
1 70
1 74
1 75
1 80
1 81
1 84
1 98
1 99
1 91
1 87
1 76
1 89
1 73
12 21
12 78
71 4
72 5
77 11
79 13
82 18
86 24
90 28
92 30
93 31
94 33
95 34
97 36
2 6
6 3
6 25
6 35
4 18
18 19
18 34
5 28
5 30
5 37
5 11
11 24
28 23
30 26
30 39
35 15
25 29
25 16
7 29
7 13
7 8
7 31
31 9
29 32
13 33
10 19
19 16
21 22
21 26
33 36
14 23
14 17
17 20
20 36
26 38