0 29 55 56 57 58 59 60 61 62 63 64 65 66 67 68 69 70 71 72 73 74 75 76 77 78 79 80 81 82 83 84 85 86 87 88 89 90 91 92 93 94 95 96 1 43 97 98 99 2 19 28 3 4 12 52 5 8 42 6 39 7 40 48 24 9 10 14 11 23 41 54 13 33 37 15 53 35 16 49 17 18 30 38 20 46 21 22 25 50 26 34 36 27 31 32 45 44 47 51
0 29
0 55
0 56
0 57
0 58
0 59
0 60
0 61
0 62
0 63
0 64
0 65
0 66
0 67
0 68
0 69
0 70
0 71
0 72
0 73
0 74
0 75
0 76
0 77
0 78
0 79
0 80
0 81
0 82
0 83
0 84
0 85
0 86
0 87
0 88
0 89
0 90
0 91
0 92
0 93
0 94
0 95
0 96
29 9
29 78
55 1
56 2
57 3
58 4
59 5
60 6
61 8
62 9
63 11
64 12
65 13
66 14
67 16
68 17
69 18
70 20
71 22
72 23
73 24
74 25
75 26
76 27
77 28
79 30
80 33
81 34
82 35
83 36
84 37
85 39
86 40
87 41
88 42
89 44
90 45
91 46
92 47
93 49
94 50
95 52
96 53
1 43
1 97
1 98
1 99
43 9
43 17
43 18
97 2
98 3
99 4
2 19
2 28
28 8
3 4
3 12
4 52
12 23
12 41
12 54
52 6
5 8
5 42
5 6
42 49
6 39
39 22
7 40
7 48
7 24
40 20
48 32
24 15
10 14
14 35
11 23
41 25
41 45
54 21
13 33
13 37
13 15
13 53
53 25
35 25
16 49
18 30
18 38
30 31
38 26
20 46
25 50
50 44
26 34
26 36
34 27
36 45
44 47
47 51