0 1 11 12 14 18 19 20 22 23 25 27 28 29 30 32 33 36 39 40 44 46 47 49 50 52 53 54 55 56 57 58 6 60 61 62 63 64 66 69 7 70 72 75 77 78 79 8 80 81 84 85 86 87 88 89 93 94 96 97 98 10 13 15 17 2 3 31 35 37 38 42 43 5 51 59 65 67 68 71 73 74 82 83 9 90 16 24 34 41 48 76 92 95 21 91 26 45 4
0 1
0 11
0 12
0 14
0 18
0 19
0 20
0 22
0 23
0 25
0 27
0 28
0 29
0 30
0 32
0 33
0 36
0 39
0 40
0 44
0 46
0 47
0 49
0 50
0 52
0 53
0 54
0 55
0 56
0 57
0 58
0 6
0 60
0 61
0 62
0 63
0 64
0 66
0 69
0 7
0 70
0 72
0 75
0 77
0 78
0 79
0 8
0 80
0 81
0 84
0 85
0 86
0 87
0 88
0 89
0 93
0 94
0 96
0 97
0 98
1 10
1 12
1 13
1 14
1 15
1 17
1 18
1 2
1 20
1 22
1 23
1 25
1 27
1 28
1 29
1 3
1 31
1 32
1 35
1 36
1 37
1 38
1 39
1 40
1 42
1 43
1 44
1 46
1 47
1 49
1 5
1 51
1 52
1 53
1 55
1 56
1 59
1 61
1 62
1 63
1 64
1 65
1 67
1 68
1 69
1 7
1 70
1 71
1 73
1 74
1 77
1 78
1 79
1 80
1 82
1 83
1 84
1 85
1 86
1 87
1 9
1 90
1 93
1 96
1 97
11 10
11 13
11 14
11 15
11 16
11 17
11 19
11 21
11 22
11 23
11 24
11 25
11 27
11 28
11 36
11 38
11 39
11 41
11 43
11 44
11 46
11 47
11 49
11 53
11 58
11 61
11 62
11 63
11 65
11 66
11 67
11 68
11 71
11 72
11 73
11 75
11 76
11 80
11 81
11 87
11 88
11 91
11 92
11 93
11 95
11 96
11 97
11 98
11 4
11 7
11 8
12 10
12 16
12 17
12 20
12 22
12 23
12 24
12 26
12 27
12 28
12 31
12 33
12 34
12 35
12 36
12 37
12 38
12 40
12 41
12 43
12 44
12 45
12 47
12 48
12 49
12 51
12 53
12 54
12 55
12 56
12 58
12 60
12 65
12 66
12 68
12 69
12 71
12 72
12 73
12 74
12 75
12 76
12 78
12 79
12 83
12 84
12 85
12 87
12 88
12 89
12 91
12 92
12 93
12 96
12 98
12 2
12 5
12 6
12 8
12 9
14 10
14 13
14 15
14 16
14 17
14 18
14 20
14 21
14 23
14 25
14 26
14 28
14 29
14 32
14 35
14 37
14 38
14 39
14 42
14 43
14 44
14 46
14 47
14 48
14 49
14 51
14 52
14 53
14 55
14 56
14 60
14 61
14 62
14 63
14 66
14 67
14 68
14 69
14 71
14 72
14 76
14 78
14 80
14 83
14 84
14 85
14 87
14 88
14 89
14 92
14 93
14 94
14 96
14 97
14 2
14 7
14 8
14 9
18 10
18 13
18 20
18 22
18 23
18 24
18 25
18 26
18 28
18 29
18 30
18 31
18 33
18 34
18 36
18 39
18 40
18 42
18 44
18 45
18 46
18 49
18 51
18 52
18 53
18 55
18 56
18 57
18 59
18 62
18 63
18 65
18 66
18 68
18 69
18 71
18 72
18 73
18 74
18 76
18 77
18 78
18 79
18 80
18 83
18 86
18 87
18 88
18 89
18 90
18 91
18 94
18 97
18 98
18 2
18 3
18 4
18 5
18 6
19 17
19 20
19 22
19 24
19 27
19 28
19 30
19 35
19 36
19 37
19 38
19 39
19 42
19 43
19 44
19 46
19 47
19 49
19 52
19 53
19 54
19 55
19 56
19 60
19 61
19 62
19 64
19 65
19 67
19 69
19 71
19 72
19 73
19 74
19 75
19 76
19 77
19 79
19 82
19 85
19 87
19 89
19 92
19 95
19 96
19 2
19 3
19 9
20 10
20 13
20 15
20 16
20 17
20 2
20 21
20 22
20 24
20 25
20 27
20 28
20 32
20 33
20 34
20 36
20 40
20 41
20 43
20 44
20 47
20 48
20 49
20 50
20 53
20 55
20 56
20 57
20 58
20 61
20 65
20 67
20 68
20 70
20 71
20 74
20 75
20 77
20 80
20 82
20 83
20 84
20 87
20 89
20 91
20 92
20 93
20 95
20 97
20 98
20 7
20 9
22 13
22 15
22 16
22 17
22 2
22 24
22 27
22 28
22 31
22 33
22 34
22 39
22 40
22 46
22 47
22 48
22 49
22 50
22 51
22 53
22 54
22 55
22 56
22 58
22 59
22 60
22 62
22 63
22 64
22 65
22 66
22 67
22 68
22 69
22 70
22 71
22 72
22 75
22 78
22 79
22 80
22 82
22 83
22 85
22 86
22 88
22 89
22 90
22 91
22 92
22 93
22 94
22 95
22 96
22 97
22 98
22 4
22 5
22 7
22 9
23 10
23 13
23 15
23 17
23 24
23 25
23 27
23 29
23 30
23 31
23 36
23 38
23 39
23 40
23 42
23 43
23 44
23 45
23 47
23 48
23 50
23 54
23 59
23 60
23 62
23 63
23 65
23 70
23 71
23 73
23 75
23 76
23 77
23 78
23 79
23 82
23 84
23 86
23 87
23 88
23 89
23 90
23 92
23 94
23 95
23 96
23 97
23 3
23 4
23 5
23 6
23 7
23 9
25 10
25 13
25 16
25 26
25 31
25 32
25 33
25 36
25 37
25 38
25 39
25 40
25 42
25 43
25 44
25 45
25 47
25 48
25 51
25 53
25 55
25 58
25 60
25 61
25 62
25 63
25 64
25 65
25 67
25 68
25 69
25 73
25 74
25 76
25 77
25 78
25 79
25 82
25 83
25 84
25 85
25 86
25 89
25 91
25 92
25 93
25 95
25 96
25 98
25 3
25 4
25 5
25 6
25 7
25 8
25 9
27 10
27 13
27 15
27 16
27 21
27 24
27 26
27 28
27 31
27 35
27 37
27 38
27 40
27 41
27 43
27 44
27 46
27 48
27 49
27 50
27 51
27 52
27 54
27 55
27 56
27 57
27 60
27 62
27 63
27 64
27 65
27 66
27 67
27 69
27 71
27 72
27 73
27 74
27 76
27 77
27 78
27 79
27 80
27 82
27 84
27 86
27 87
27 88
27 89
27 91
27 92
27 93
27 94
27 95
27 96
27 97
27 98
27 4
27 5
27 8
28 13
28 15
28 2
28 21
28 24
28 26
28 29
28 30
28 31
28 33
28 35
28 36
28 37
28 38
28 40
28 41
28 43
28 44
28 48
28 49
28 50
28 51
28 53
28 55
28 57
28 60
28 61
28 62
28 63
28 67
28 68
28 75
28 76
28 77
28 78
28 79
28 80
28 81
28 82
28 83
28 86
28 87
28 89
28 90
28 92
28 93
28 94
28 97
28 98
28 3
28 5
28 6
28 7
28 8
28 9
29 13
29 15
29 16
29 2
29 21
29 24
29 26
29 30
29 32
29 33
29 34
29 36
29 37
29 41
29 42
29 44
29 45
29 46
29 48
29 49
29 51
29 52
29 55
29 56
29 58
29 59
29 61
29 63
29 65
29 66
29 67
29 68
29 69
29 70
29 71
29 72
29 74
29 75
29 77
29 78
29 82
29 83
29 88
29 89
29 90
29 92
29 93
29 94
29 95
29 97
29 3
29 4
29 5
29 6
29 7
29 8
29 9
30 10
30 13
30 15
30 16
30 17
30 2
30 3
30 31
30 35
30 37
30 39
30 40
30 41
30 42
30 45
30 48
30 50
30 51
30 52
30 55
30 60
30 63
30 64
30 65
30 66
30 67
30 68
30 69
30 70
30 72
30 73
30 75
30 77
30 79
30 80
30 82
30 85
30 86
30 87
30 88
30 89
30 91
30 92
30 93
30 94
30 95
30 96
30 97
30 98
30 8
30 9
32 10
32 13
32 15
32 2
32 21
32 24
32 26
32 3
32 33
32 37
32 38
32 42
32 43
32 44
32 46
32 47
32 48
32 50
32 55
32 57
32 60
32 61
32 63
32 64
32 65
32 66
32 67
32 71
32 72
32 74
32 75
32 77
32 78
32 81
32 82
32 84
32 91
32 92
32 93
32 94
32 95
32 96
32 97
32 98
32 4
32 5
32 6
32 7
33 13
33 16
33 17
33 34
33 35
33 38
33 39
33 41
33 42
33 44
33 48
33 49
33 50
33 51
33 57
33 58
33 59
33 62
33 64
33 65
33 66
33 67
33 69
33 71
33 73
33 75
33 76
33 77
33 78
33 79
33 80
33 82
33 86
33 87
33 88
33 91
33 94
33 95
33 96
33 97
33 4
33 7
33 8
33 9
36 13
36 15
36 17
36 2
36 21
36 24
36 26
36 3
36 34
36 38
36 40
36 41
36 42
36 47
36 48
36 49
36 50
36 51
36 53
36 54
36 56
36 58
36 61
36 63
36 64
36 65
36 66
36 67
36 68
36 69
36 71
36 73
36 74
36 76
36 77
36 81
36 83
36 84
36 87
36 89
36 90
36 93
36 95
36 96
36 98
36 4
36 7
39 15
39 16
39 17
39 21
39 24
39 34
39 35
39 38
39 40
39 47
39 48
39 49
39 50
39 51
39 52
39 55
39 57
39 58
39 59
39 60
39 61
39 62
39 63
39 64
39 65
39 68
39 70
39 71
39 72
39 73
39 76
39 78
39 80
39 84
39 85
39 86
39 87
39 88
39 90
39 91
39 92
39 93
39 96
39 97
39 5
39 6
39 7
40 10
40 13
40 15
40 16
40 17
40 21
40 24
40 3
40 31
40 35
40 37
40 38
40 42
40 44
40 46
40 48
40 50
40 51
40 52
40 53
40 55
40 57
40 61
40 62
40 65
40 67
40 68
40 71
40 74
40 77
40 79
40 81
40 82
40 83
40 84
40 85
40 86
40 88
40 90
40 91
40 92
40 94
40 95
40 97
40 5
40 6
40 8
40 9
44 13
44 15
44 16
44 21
44 24
44 3
44 31
44 34
44 37
44 41
44 42
44 43
44 45
44 46
44 47
44 49
44 53
44 55
44 56
44 57
44 58
44 61
44 62
44 64
44 67
44 70
44 72
44 73
44 74
44 77
44 79
44 80
44 82
44 86
44 87
44 90
44 93
44 94
44 95
44 98
44 5
44 6
44 7
44 9
46 15
46 21
46 26
46 3
46 35
46 43
46 45
46 48
46 49
46 52
46 53
46 54
46 57
46 59
46 62
46 67
46 68
46 69
46 70
46 71
46 74
46 76
46 77
46 80
46 82
46 83
46 84
46 86
46 88
46 89
46 90
46 91
46 96
46 97
46 8
46 9
47 10
47 2
47 21
47 24
47 26
47 31
47 34
47 4
47 41
47 42
47 43
47 45
47 49
47 52
47 53
47 54
47 59
47 60
47 61
47 62
47 67
47 68
47 69
47 71
47 72
47 74
47 79
47 80
47 81
47 82
47 86
47 87
47 88
47 89
47 90
47 91
47 93
47 94
47 95
47 96
47 97
47 98
47 5
47 6
47 7
47 8
49 10
49 13
49 15
49 16
49 17
49 2
49 21
49 24
49 26
49 3
49 31
49 35
49 37
49 38
49 41
49 42
49 45
49 48
49 51
49 55
49 56
49 57
49 58
49 59
49 60
49 61
49 64
49 65
49 66
49 67
49 68
49 69
49 70
49 71
49 73
49 74
49 75
49 76
49 77
49 78
49 79
49 80
49 81
49 82
49 83
49 84
49 85
49 87
49 89
49 90
49 91
49 93
49 94
49 95
49 96
49 97
49 5
49 7
49 8
49 9
50 10
50 13
50 17
50 2
50 21
50 24
50 26
50 3
50 31
50 34
50 35
50 38
50 4
50 41
50 42
50 43
50 51
50 52
50 53
50 55
50 58
50 60
50 63
50 65
50 67
50 69
50 70
50 71
50 72
50 73
50 75
50 78
50 80
50 83
50 87
50 88
50 92
50 94
50 95
50 97
50 98
50 6
50 8
52 10
52 13
52 15
52 17
52 24
52 3
52 31
52 35
52 37
52 4
52 42
52 43
52 53
52 55
52 57
52 59
52 61
52 63
52 67
52 68
52 70
52 72
52 73
52 74
52 75
52 76
52 77
52 78
52 79
52 80
52 82
52 87
52 88
52 92
52 95
52 96
52 97
52 98
52 7
52 8
53 10
53 13
53 15
53 16
53 21
53 3
53 34
53 35
53 38
53 4
53 43
53 45
53 5
53 51
53 54
53 55
53 56
53 59
53 61
53 63
53 64
53 66
53 67
53 70
53 72
53 73
53 74
53 78
53 80
53 81
53 83
53 85
53 91
53 92
53 94
53 95
53 96
53 97
53 98
53 8
54 10
54 13
54 15
54 16
54 17
54 31
54 35
54 37
54 4
54 48
54 5
54 56
54 57
54 59
54 60
54 62
54 64
54 65
54 71
54 72
54 74
54 76
54 78
54 79
54 82
54 83
54 86
54 88
54 90
54 93
54 95
54 96
54 98
54 7
54 8
54 9
55 10
55 13
55 15
55 16
55 2
55 21
55 24
55 26
55 34
55 35
55 38
55 42
55 43
55 48
55 5
55 51
55 56
55 59
55 60
55 62
55 63
55 64
55 66
55 68
55 69
55 72
55 73
55 74
55 75
55 76
55 80
55 81
55 83
55 84
55 85
55 86
55 87
55 88
55 89
55 91
55 94
55 97
55 6
55 7
55 8
55 9
56 10
56 13
56 15
56 17
56 2
56 31
56 38
56 4
56 43
56 48
56 5
56 51
56 57
56 58
56 59
56 61
56 62
56 65
56 66
56 67
56 68
56 70
56 71
56 72
56 73
56 74
56 77
56 78
56 81
56 83
56 85
56 87
56 89
56 90
56 92
56 93
56 97
56 9
57 10
57 13
57 17
57 21
57 3
57 31
57 34
57 37
57 38
57 42
57 43
57 45
57 48
57 58
57 60
57 62
57 63
57 68
57 70
57 72
57 74
57 75
57 77
57 79
57 80
57 82
57 83
57 84
57 85
57 88
57 90
57 91
57 92
57 93
57 94
57 98
57 6
57 8
58 10
58 13
58 16
58 17
58 2
58 21
58 24
58 3
58 31
58 37
58 38
58 45
58 48
58 51
58 60
58 61
58 63
58 64
58 65
58 68
58 70
58 73
58 74
58 75
58 76
58 77
58 79
58 80
58 81
58 82
58 83
58 84
58 87
58 88
58 92
58 93
58 95
58 7
58 9
6 2
6 4
6 5
6 10
6 13
6 16
6 17
6 24
6 26
6 31
6 35
6 37
6 38
6 41
6 42
6 43
6 48
6 59
6 61
6 63
6 64
6 67
6 71
6 72
6 73
6 74
6 75
6 76
6 77
6 79
6 8
6 81
6 83
6 84
6 85
6 87
6 9
6 90
6 92
6 93
6 95
6 96
6 97
60 10
60 13
60 2
60 3
60 31
60 34
60 37
60 4
60 42
60 43
60 45
60 48
60 5
60 59
60 61
60 64
60 65
60 66
60 69
60 73
60 75
60 76
60 77
60 79
60 80
60 81
60 82
60 84
60 86
60 87
60 90
60 91
60 93
60 94
60 95
60 96
60 97
60 98
60 8
60 9
61 10
61 13
61 15
61 2
61 24
61 26
61 3
61 31
61 34
61 37
61 38
61 4
61 41
61 45
61 48
61 51
61 59
61 62
61 63
61 64
61 67
61 70
61 73
61 76
61 78
61 79
61 81
61 82
61 83
61 84
61 85
61 86
61 88
61 89
61 92
61 93
61 97
61 8
61 9
62 10
62 13
62 16
62 17
62 21
62 24
62 26
62 3
62 31
62 34
62 35
62 37
62 4
62 41
62 42
62 43
62 45
62 5
62 51
62 65
62 67
62 68
62 69
62 71
62 74
62 75
62 77
62 78
62 79
62 80
62 81
62 82
62 85
62 86
62 87
62 90
62 92
62 94
62 95
62 96
62 9
63 13
63 17
63 2
63 21
63 24
63 3
63 31
63 37
63 38
63 4
63 41
63 43
63 5
63 65
63 66
63 67
63 68
63 69
63 70
63 71
63 72
63 73
63 76
63 77
63 78
63 79
63 81
63 82
63 83
63 84
63 85
63 86
63 87
63 89
63 91
63 98
63 7
63 9
64 17
64 21
64 24
64 26
64 3
64 34
64 35
64 4
64 41
64 42
64 43
64 48
64 5
64 65
64 66
64 67
64 68
64 72
64 73
64 75
64 77
64 78
64 79
64 81
64 82
64 83
64 84
64 85
64 86
64 88
64 90
64 91
64 92
64 93
64 96
64 97
64 7
64 9
66 13
66 15
66 16
66 17
66 2
66 21
66 24
66 34
66 35
66 37
66 38
66 41
66 48
66 5
66 59
66 68
66 70
66 71
66 74
66 75
66 76
66 77
66 80
66 81
66 82
66 84
66 85
66 86
66 88
66 90
66 91
66 92
66 94
66 97
66 98
66 7
66 8
66 9
69 10
69 13
69 15
69 17
69 2
69 24
69 26
69 3
69 34
69 37
69 38
69 43
69 45
69 48
69 5
69 51
69 71
69 74
69 75
69 76
69 77
69 81
69 82
69 83
69 84
69 86
69 87
69 88
69 91
69 95
69 96
69 97
69 98
69 8
69 9
7 2
7 3
7 4
7 5
7 13
7 17
7 24
7 26
7 31
7 34
7 35
7 37
7 38
7 45
7 48
7 65
7 67
7 70
7 72
7 73
7 74
7 76
7 78
7 79
7 80
7 81
7 82
7 83
7 86
7 88
7 89
7 90
7 91
7 92
7 96
7 97
7 98
70 15
70 16
70 17
70 3
70 34
70 35
70 37
70 38
70 4
70 41
70 45
70 48
70 5
70 51
70 59
70 65
70 68
70 71
70 72
70 76
70 79
70 82
70 86
70 87
70 90
70 91
70 97
70 8
70 9
72 10
72 13
72 15
72 16
72 17
72 21
72 24
72 26
72 3
72 31
72 34
72 35
72 37
72 4
72 41
72 42
72 5
72 51
72 59
72 65
72 68
72 71
72 73
72 74
72 75
72 76
72 78
72 80
72 81
72 82
72 83
72 85
72 87
72 88
72 91
72 93
72 98
72 8
72 9
75 10
75 13
75 16
75 21
75 24
75 34
75 35
75 37
75 38
75 43
75 48
75 65
75 67
75 68
75 71
75 76
75 77
75 78
75 80
75 82
75 83
75 84
75 85
75 88
75 89
75 90
75 94
75 95
75 97
75 98
77 10
77 15
77 16
77 17
77 2
77 21
77 3
77 31
77 34
77 35
77 37
77 38
77 4
77 42
77 59
77 65
77 68
77 73
77 74
77 76
77 78
77 80
77 81
77 82
77 85
77 87
77 91
77 92
77 93
77 94
77 97
77 98
77 8
78 10
78 16
78 2
78 26
78 3
78 31
78 37
78 4
78 41
78 42
78 43
78 5
78 51
78 59
78 68
78 73
78 74
78 76
78 79
78 82
78 84
78 94
78 96
78 97
78 8
78 9
79 13
79 17
79 2
79 21
79 24
79 26
79 34
79 37
79 42
79 43
79 51
79 65
79 67
79 71
79 73
79 74
79 76
79 80
79 84
79 87
79 88
79 89
79 92
79 94
79 95
79 96
79 97
79 98
79 8
8 2
8 5
8 10
8 13
8 15
8 16
8 17
8 21
8 24
8 26
8 35
8 42
8 43
8 51
8 59
8 73
8 81
8 82
8 83
8 85
8 89
8 9
8 92
8 94
8 95
8 96
8 97
8 98
80 10
80 13
80 15
80 17
80 2
80 24
80 26
80 3
80 31
80 34
80 35
80 37
80 38
80 4
80 41
80 42
80 43
80 45
80 48
80 5
80 59
80 65
80 67
80 68
80 73
80 81
80 82
80 84
80 85
80 86
80 87
80 88
80 90
80 91
80 92
80 93
80 95
80 96
80 98
80 9
81 15
81 2
81 26
81 3
81 35
81 38
81 4
81 42
81 43
81 48
81 5
81 51
81 65
81 67
81 68
81 71
81 73
81 74
81 82
81 83
81 84
81 85
81 86
81 88
81 89
81 90
81 91
81 92
81 93
81 95
81 96
81 97
81 98
81 9
84 13
84 15
84 16
84 17
84 2
84 21
84 26
84 3
84 31
84 34
84 37
84 4
84 41
84 5
84 51
84 59
84 65
84 68
84 71
84 74
84 85
84 87
84 88
84 89
84 90
84 92
84 95
84 9
85 15
85 16
85 24
85 3
85 31
85 34
85 37
85 38
85 41
85 42
85 43
85 48
85 5
85 51
85 59
85 71
85 73
85 87
85 89
85 90
85 93
85 95
85 9
86 13
86 15
86 21
86 3
86 35
86 37
86 38
86 4
86 42
86 65
86 67
86 68
86 73
86 91
86 93
86 94
86 98
86 9
87 13
87 16
87 2
87 21
87 24
87 26
87 3
87 38
87 4
87 42
87 43
87 45
87 48
87 59
87 65
87 67
87 71
87 73
87 74
87 76
87 82
87 83
87 90
87 92
87 94
87 97
87 98
88 10
88 13
88 15
88 26
88 34
88 38
88 4
88 42
88 43
88 51
88 65
88 67
88 68
88 71
88 73
88 83
88 90
88 91
88 93
88 96
88 9
89 16
89 17
89 26
89 3
89 31
89 34
89 35
89 37
89 38
89 4
89 41
89 48
89 5
89 51
89 65
89 67
89 73
89 76
89 82
89 83
89 91
89 95
89 96
93 13
93 15
93 17
93 2
93 21
93 24
93 3
93 35
93 37
93 38
93 4
93 41
93 43
93 45
93 5
93 51
93 59
93 65
93 67
93 71
93 74
93 82
93 83
93 90
93 94
93 95
93 96
94 10
94 13
94 15
94 16
94 21
94 24
94 26
94 31
94 34
94 35
94 37
94 38
94 4
94 41
94 42
94 43
94 48
94 51
94 59
94 65
94 68
94 71
94 73
94 76
94 82
94 95
94 96
96 13
96 15
96 16
96 2
96 24
96 26
96 37
96 38
96 4
96 41
96 42
96 43
96 51
96 59
96 68
96 73
96 74
96 76
96 82
96 83
96 9
96 91
96 92
96 95
96 97
97 13
97 17
97 21
97 24
97 3
97 31
97 34
97 35
97 37
97 38
97 4
97 42
97 45
97 48
97 59
97 68
97 74
97 82
97 9
97 91
97 92
98 10
98 15
98 17
98 2
98 21
98 24
98 38
98 41
98 45
98 51
98 65
98 68
98 71
98 74
98 82
98 83
98 91
98 92
10 15
10 16
10 24
10 31
10 34
10 41
10 42
10 43
10 48
10 65
10 67
10 74
10 76
10 83
10 90
10 92
10 95
10 2
10 4
10 5
10 9
13 17
13 21
13 31
13 34
13 35
13 37
13 41
13 42
13 45
13 51
13 65
13 68
13 71
13 76
13 83
13 92
13 2
13 4
13 9
15 16
15 17
15 34
15 35
15 38
15 41
15 45
15 48
15 51
15 68
15 71
15 74
15 82
15 90
15 92
15 95
15 2
15 3
15 5
17 16
17 34
17 35
17 37
17 42
17 51
17 59
17 67
17 71
17 73
17 74
17 76
17 91
17 92
17 95
17 2
17 3
17 4
17 9
2 16
2 21
2 24
2 34
2 35
2 37
2 4
2 43
2 48
2 5
2 68
2 71
2 82
2 9
2 91
2 92
3 26
3 35
3 38
3 4
3 41
3 45
3 48
3 5
3 51
3 59
3 67
3 68
3 71
3 73
3 82
3 83
3 9
3 91
3 92
31 16
31 21
31 24
31 37
31 42
31 43
31 45
31 48
31 59
31 67
31 68
31 71
31 73
31 76
31 90
31 92
31 95
31 4
31 9
35 16
35 21
35 24
35 26
35 34
35 42
35 43
35 48
35 59
35 68
35 71
35 73
35 76
35 82
35 83
35 90
35 91
35 92
35 95
35 4
35 5
35 9
37 16
37 21
37 24
37 34
37 38
37 41
37 42
37 43
37 45
37 48
37 59
37 65
37 67
37 68
37 71
37 74
37 76
37 83
37 91
37 92
37 95
37 5
37 9
38 16
38 21
38 26
38 41
38 42
38 43
38 45
38 48
38 51
38 67
38 68
38 71
38 73
38 76
38 91
38 92
38 95
38 4
38 5
38 9
42 16
42 24
42 26
42 34
42 4
42 41
42 43
42 45
42 51
42 59
42 67
42 68
42 74
42 83
42 91
42 95
42 5
42 9
43 16
43 24
43 34
43 41
43 45
43 67
43 71
43 73
43 74
43 76
43 83
43 90
43 91
43 95
43 5
43 9
5 4
5 21
5 24
5 26
5 41
5 45
5 48
5 51
5 59
5 67
5 74
5 83
5 9
5 90
5 95
51 16
51 21
51 24
51 26
51 34
51 41
51 45
51 48
51 59
51 65
51 67
51 71
51 73
51 74
51 82
51 83
51 90
51 91
59 21
59 24
59 26
59 4
59 45
59 48
59 65
59 68
59 74
59 76
59 82
59 83
59 90
59 91
59 92
65 16
65 26
65 41
65 45
65 48
65 68
65 73
65 76
65 82
65 90
65 92
65 9
67 21
67 24
67 26
67 4
67 41
67 45
67 74
67 76
67 82
67 83
67 90
67 91
67 9
68 24
68 26
68 34
68 4
68 71
68 73
68 74
68 82
68 90
68 91
68 95
68 9
71 16
71 34
71 4
71 41
71 74
71 76
71 82
71 83
71 91
71 92
71 9
73 26
73 41
73 45
73 82
73 83
73 90
73 92
73 95
74 16
74 24
74 4
74 45
74 76
74 83
74 90
74 91
74 92
74 95
74 9
82 16
82 26
82 41
82 76
82 83
82 90
82 91
82 95
82 9
83 16
83 21
83 24
83 26
83 34
83 4
83 41
83 76
83 91
83 92
9 16
9 21
9 24
9 41
9 76
9 90
9 91
9 95
90 16
90 26
90 41
90 91
90 95
16 24
16 34
16 41
16 91
16 92
16 95
16 4
24 21
24 26
24 41
24 45
24 48
24 76
24 91
24 92
24 95
24 4
34 26
34 41
34 48
34 92
34 4
41 26
41 4
41 48
41 76
41 91
48 26
48 4
48 45
48 76
48 91
76 26
76 4
76 95
92 21
92 26
92 4
92 45
92 91
92 95
95 21
95 4
95 45
95 91
21 26
21 4
91 4