4 70 52 58 54 66 7 41 0 63 11 16 48 76 35 75 61 71 31 91 2 93 22 9 24 57 55 42 6 85 53 37 45 87 21 13 38 74 33 46 88 90 8 67 68 27 47 25 36 59 39 72 78 92 49 12 82 43 3 18 73 64 62 5 84 17 51 29 86 89 32 77 1 14 26 10 79 34 50 60 28 44 65 56 19 15 81 23 40 69 30 80 83 20
4 70
4 63
4 24
4 59
4 25
4 69
4 40
4 35
4 52
4 11
4 22
4 32
4 74
4 3
4 72
4 28
4 88
4 41
4 87
4 91
4 54
4 18
4 89
4 38
4 13
4 29
4 14
4 92
4 31
4 61
4 80
4 86
4 6
4 57
4 66
4 55
4 5
4 50
4 60
4 73
4 23
4 65
4 26
4 7
4 78
4 17
4 82
4 12
4 53
4 8
4 19
4 30
4 49
4 58
4 2
4 37
4 48
4 43
4 45
4 21
4 85
4 67
4 51
4 47
4 71
4 0
4 20
4 79
4 76
4 62
4 42
4 44
4 33
4 10
4 16
4 77
70 71
70 13
70 43
70 1
70 17
70 36
70 90
70 26
70 88
70 9
70 7
70 86
70 63
70 92
70 72
70 25
70 14
70 82
70 57
70 23
70 39
70 5
70 0
70 67
70 83
70 20
70 33
70 6
70 54
70 41
70 76
70 78
70 8
70 64
70 77
70 38
70 11
70 3
70 37
70 84
70 27
70 46
70 61
70 18
70 53
70 19
70 12
70 89
70 74
70 70
70 73
70 87
70 66
70 60
70 91
70 59
70 56
70 50
70 24
70 15
70 21
70 93
70 28
70 81
70 45
70 40
70 10
70 49
70 51
52 58
52 62
52 28
52 14
52 16
52 24
52 23
52 26
52 38
52 3
52 54
52 20
52 18
52 76
52 89
52 36
52 33
52 67
52 39
52 43
52 0
52 53
52 68
52 87
52 45
52 61
52 56
52 72
52 51
52 66
52 91
52 63
52 75
52 17
52 31
52 49
52 37
52 15
52 55
52 77
52 93
52 40
52 42
52 88
52 48
52 30
52 5
52 19
52 13
52 2
52 7
52 69
52 9
52 34
52 73
52 84
52 32
52 46
52 59
52 35
52 12
52 86
52 79
52 80
52 74
52 47
52 11
52 90
52 71
52 10
52 83
52 57
52 78
52 29
58 21
58 24
58 43
58 74
58 19
58 56
58 85
58 41
58 78
58 80
58 65
58 6
58 35
58 37
58 10
58 47
58 17
58 27
58 92
58 46
58 45
58 33
58 12
58 5
58 75
58 57
58 83
58 38
58 67
58 48
58 39
58 87
58 55
58 49
58 40
58 69
58 44
58 42
58 90
58 73
58 0
58 25
58 30
58 7
58 22
58 93
58 32
58 23
58 81
58 2
58 20
58 29
58 89
58 16
58 51
58 8
58 76
58 36
58 88
58 28
58 34
58 77
58 61
58 18
58 84
58 53
58 14
58 60
58 50
58 62
58 58
58 79
58 11
58 54
58 13
58 64
54 66
54 57
54 82
54 61
54 37
54 74
54 87
54 48
54 50
54 68
54 54
54 88
54 64
54 16
54 59
54 2
54 36
54 43
54 40
54 32
54 33
54 10
54 30
54 6
54 77
54 55
54 45
54 12
54 84
54 91
54 44
54 34
54 47
54 93
54 90
54 51
54 89
54 29
54 21
54 76
54 17
54 0
54 62
54 60
54 11
54 85
54 81
54 19
54 56
54 42
54 31
54 49
54 46
54 1
54 79
54 35
54 86
54 67
54 22
54 3
54 73
54 14
54 24
54 78
66 0
66 12
66 3
66 25
66 71
66 49
66 86
66 64
66 9
66 34
66 18
66 17
66 39
66 69
66 87
66 50
66 67
66 93
66 13
66 8
66 88
66 81
66 60
66 19
66 57
66 62
66 77
66 74
66 38
66 46
66 72
66 89
66 22
66 80
66 5
66 73
66 47
66 11
66 37
66 55
66 59
66 65
66 31
66 48
66 92
66 82
66 76
66 85
66 6
66 15
66 2
66 91
66 24
66 28
66 90
66 20
66 61
66 33
66 10
66 26
66 43
66 51
66 14
66 79
66 63
66 84
66 53
7 41
7 55
7 68
7 23
7 1
7 38
7 87
7 33
7 77
7 69
7 30
7 12
7 37
7 65
7 63
7 5
7 50
7 9
7 79
7 53
7 32
7 76
7 24
7 27
7 13
7 89
7 43
7 0
7 60
7 64
7 61
7 2
7 39
7 47
7 90
7 3
7 46
7 86
7 62
7 25
7 57
7 91
7 29
7 67
7 10
7 17
7 72
7 8
7 11
7 80
7 21
7 93
7 75
7 48
7 83
7 26
7 44
7 22
7 40
7 45
7 85
7 42
7 78
7 28
7 92
7 81
7 36
7 35
7 16
7 15
7 88
41 2
41 85
41 89
41 39
41 14
41 20
41 1
41 22
41 36
41 77
41 6
41 76
41 92
41 30
41 34
41 11
41 67
41 71
41 90
41 46
41 10
41 48
41 82
41 18
41 72
41 29
41 27
41 43
41 61
41 88
41 83
41 16
41 53
41 41
41 25
41 86
41 19
41 50
41 51
41 55
41 81
41 15
41 57
41 33
41 80
41 44
41 42
41 79
41 45
41 63
41 73
41 56
41 3
41 37
41 32
41 35
41 65
41 38
0 21
0 18
0 29
0 90
0 55
0 74
0 73
0 3
0 27
0 62
0 56
0 15
0 64
0 71
0 9
0 67
0 43
0 47
0 93
0 14
0 11
0 60
0 23
0 87
0 83
0 78
0 30
0 65
0 25
0 8
0 6
0 82
0 92
0 20
0 91
0 37
0 32
0 89
0 69
0 77
0 63
0 75
0 36
0 68
0 24
0 48
0 49
0 38
0 85
0 86
0 81
0 61
0 84
0 5
0 76
0 46
0 33
0 10
0 72
0 26
0 40
0 57
0 45
0 2
0 31
0 12
63 35
63 67
63 37
63 90
63 9
63 80
63 63
63 43
63 69
63 25
63 62
63 36
63 42
63 51
63 91
63 68
63 46
63 21
63 92
63 47
63 12
63 57
63 28
63 48
63 13
63 64
63 74
63 81
63 84
63 65
63 34
63 19
63 33
63 31
63 76
63 50
63 72
63 78
63 29
63 59
63 79
63 18
63 60
63 45
63 1
63 3
63 17
63 8
63 82
63 88
63 44
63 20
63 75
63 40
63 2
63 53
63 49
63 56
63 38
63 32
63 85
63 15
63 86
63 71
63 16
63 73
63 11
63 22
11 16
11 37
11 74
11 32
11 15
11 48
11 85
11 82
11 26
11 45
11 21
11 86
11 35
11 80
11 87
11 84
11 65
11 39
11 40
11 90
11 92
11 22
11 44
11 9
11 83
11 49
11 31
11 71
11 12
11 51
11 68
11 18
11 38
11 78
11 81
11 61
11 67
11 17
11 46
11 34
11 33
11 13
11 60
11 77
11 75
11 89
11 5
11 23
11 14
11 10
11 30
11 29
11 1
11 64
11 42
11 6
11 24
11 28
11 27
11 53
11 73
11 25
11 72
11 55
11 43
11 47
11 91
16 8
16 80
16 57
16 9
16 82
16 6
16 91
16 48
16 13
16 90
16 19
16 26
16 43
16 73
16 81
16 75
16 60
16 18
16 89
16 31
16 39
16 93
16 40
16 71
16 10
16 36
16 5
16 51
16 21
16 85
16 20
16 42
16 30
16 25
16 74
16 87
16 55
16 68
16 49
16 59
16 50
16 83
16 78
16 69
16 88
16 38
16 2
16 86
16 29
16 3
16 33
16 16
16 1
16 62
16 14
16 15
16 84
16 64
16 72
16 56
48 76
48 6
48 79
48 51
48 3
48 25
48 91
48 73
48 20
48 89
48 77
48 74
48 45
48 44
48 83
48 38
48 62
48 13
48 67
48 88
48 59
48 1
48 50
48 21
48 82
48 24
48 15
48 39
48 26
48 61
48 90
48 46
48 87
48 72
48 42
48 32
48 40
48 31
48 43
48 60
48 19
48 18
48 35
48 93
48 56
48 55
48 9
48 92
48 65
48 47
48 17
48 53
48 27
48 84
48 71
48 64
48 22
48 85
48 37
48 81
48 80
48 28
48 78
76 77
76 19
76 15
76 80
76 42
76 29
76 5
76 57
76 44
76 26
76 92
76 84
76 32
76 14
76 3
76 65
76 37
76 9
76 74
76 17
76 86
76 43
76 56
76 47
76 40
76 33
76 59
76 21
76 87
76 81
76 30
76 38
76 25
76 67
76 2
76 1
76 10
76 91
76 79
76 35
76 34
76 55
76 50
76 46
76 90
76 64
76 6
76 51
76 68
76 18
76 8
76 78
76 13
76 75
76 27
76 20
76 53
76 62
76 45
76 36
76 69
76 12
35 36
35 92
35 1
35 46
35 10
35 17
35 20
35 81
35 64
35 62
35 69
35 78
35 57
35 31
35 15
35 47
35 79
35 82
35 42
35 71
35 37
35 30
35 53
35 89
35 5
35 19
35 39
35 40
35 73
35 6
35 38
35 75
35 91
35 61
35 49
35 90
35 13
35 68
35 24
35 34
35 28
35 65
35 9
35 80
35 72
35 59
35 23
35 14
35 87
35 33
35 18
35 2
35 84
35 27
35 51
35 88
75 61
75 32
75 53
75 6
75 78
75 75
75 44
75 71
75 55
75 19
75 42
75 65
75 43
75 36
75 30
75 21
75 24
75 1
75 80
75 73
75 46
75 74
75 23
75 89
75 86
75 15
75 68
75 12
75 13
75 49
75 25
75 31
75 62
75 20
75 84
75 14
75 47
75 18
75 50
75 92
75 93
75 56
75 77
75 33
75 69
75 37
75 85
75 59
75 2
75 83
75 26
75 5
75 39
75 88
75 81
75 9
75 79
75 82
75 29
75 10
75 72
75 38
75 60
75 87
75 34
75 64
75 40
75 22
75 90
75 8
75 67
61 8
61 24
61 91
61 79
61 33
61 14
61 42
61 50
61 72
61 12
61 39
61 56
61 69
61 60
61 22
61 2
61 43
61 32
61 5
61 27
61 86
61 67
61 34
61 23
61 29
61 68
61 55
61 53
61 83
61 59
61 62
61 36
61 73
61 40
61 30
61 9
61 28
61 1
61 19
61 51
61 6
61 87
61 25
61 81
61 85
61 31
61 92
61 20
61 77
61 61
61 71
61 49
61 18
61 65
61 74
71 55
71 72
71 68
71 37
71 47
71 64
71 90
71 1
71 82
71 27
71 83
71 24
71 80
71 15
71 49
71 30
71 42
71 25
71 46
71 19
71 6
71 32
71 38
71 91
71 87
71 3
71 59
71 8
71 67
71 18
71 89
71 13
71 56
71 45
71 78
71 50
71 29
71 33
71 77
71 10
71 43
71 2
71 93
71 79
71 22
71 34
71 84
71 74
71 21
71 81
71 5
71 23
71 36
71 73
71 17
31 91
31 22
31 1
31 9
31 28
31 33
31 72
31 73
31 44
31 45
31 56
31 17
31 80
31 12
31 18
31 37
31 59
31 51
31 6
31 20
31 57
31 89
31 67
31 55
31 69
31 68
31 3
31 62
31 5
31 49
31 88
31 53
31 50
31 15
31 92
31 82
31 78
31 42
31 40
31 21
31 23
31 8
31 26
31 24
31 29
31 10
31 65
31 93
31 84
31 38
31 25
31 39
31 77
31 81
31 87
31 19
91 5
91 55
91 3
91 39
91 6
91 51
91 38
91 27
91 90
91 65
91 21
91 83
91 68
91 13
91 34
91 43
91 1
91 2
91 24
91 81
91 50
91 28
91 40
91 45
91 23
91 29
91 86
91 92
91 9
91 88
91 36
91 33
91 53
91 8
91 74
91 59
91 78
91 84
91 19
91 14
91 82
91 42
91 85
91 60
91 37
91 87
91 91
91 26
91 32
91 56
91 25
91 69
91 17
91 93
91 67
91 18
91 64
2 93
2 90
2 18
2 30
2 28
2 46
2 36
2 74
2 64
2 88
2 53
2 67
2 5
2 87
2 60
2 45
2 23
2 92
2 29
2 81
2 42
2 1
2 73
2 22
2 25
2 85
2 78
2 82
2 19
2 40
2 56
2 17
2 6
2 68
2 55
2 69
2 50
2 44
2 59
2 21
2 39
2 9
2 72
2 34
2 84
2 13
2 43
2 51
2 86
2 49
2 15
2 77
2 38
2 32
2 37
2 12
2 2
2 47
2 83
93 72
93 10
93 77
93 85
93 28
93 82
93 25
93 55
93 56
93 92
93 73
93 40
93 57
93 13
93 65
93 38
93 36
93 43
93 64
93 32
93 42
93 46
93 67
93 34
93 8
93 87
93 47
93 9
93 21
93 18
93 81
93 68
93 33
93 19
93 49
93 62
93 6
93 51
93 60
93 69
93 14
93 88
93 50
93 79
93 74
93 93
93 3
93 30
22 42
22 84
22 18
22 44
22 15
22 87
22 8
22 45
22 50
22 13
22 46
22 59
22 65
22 83
22 62
22 53
22 82
22 6
22 55
22 57
22 89
22 32
22 67
22 10
22 33
22 85
22 20
22 9
22 68
22 12
22 24
22 27
22 37
22 74
22 14
22 72
22 25
22 60
22 34
22 79
22 29
22 56
22 86
22 47
22 3
22 36
22 69
9 24
9 43
9 77
9 56
9 33
9 69
9 87
9 46
9 78
9 8
9 1
9 40
9 74
9 55
9 53
9 64
9 28
9 90
9 32
9 82
9 83
9 72
9 10
9 34
9 12
9 44
9 15
9 62
9 5
9 45
9 27
9 88
9 79
9 19
9 60
9 42
9 21
9 26
9 84
9 50
9 49
9 80
9 3
9 18
9 81
9 67
9 59
9 17
9 25
9 92
9 39
24 67
24 46
24 56
24 20
24 23
24 78
24 15
24 73
24 19
24 25
24 21
24 18
24 26
24 42
24 6
24 85
24 40
24 43
24 77
24 89
24 13
24 62
24 83
24 45
24 81
24 38
24 72
24 8
24 28
24 86
24 10
24 5
24 1
24 12
24 57
24 87
24 64
24 80
24 84
24 60
24 68
24 3
24 14
24 39
24 69
24 24
24 36
24 17
24 37
24 79
24 59
24 44
24 82
24 51
57 6
57 87
57 65
57 49
57 29
57 46
57 15
57 69
57 72
57 79
57 23
57 47
57 27
57 14
57 89
57 21
57 44
57 68
57 20
57 64
57 13
57 67
57 34
57 10
57 18
57 85
57 33
57 38
57 28
57 56
57 80
57 19
57 83
57 88
57 51
57 82
57 12
57 43
57 8
57 59
57 45
57 90
57 55
57 42
57 53
57 36
55 32
55 65
55 80
55 1
55 23
55 72
55 15
55 85
55 55
55 21
55 14
55 92
55 33
55 64
55 84
55 60
55 18
55 45
55 17
55 47
55 88
55 81
55 27
55 46
55 86
55 43
55 73
55 6
55 20
55 51
55 44
55 77
55 19
55 62
55 68
55 78
55 56
55 82
55 74
55 69
55 26
55 53
55 40
55 38
55 12
55 29
55 39
55 3
55 34
55 25
55 30
55 42
55 13
55 8
42 33
42 12
42 5
42 53
42 73
42 21
42 82
42 3
42 46
42 49
42 45
42 77
42 83
42 1
42 40
42 26
42 81
42 56
42 23
42 89
42 37
42 44
42 14
42 28
42 19
42 84
42 67
42 87
42 17
42 10
42 88
42 42
42 59
42 69
42 80
42 27
42 47
42 78
42 20
42 43
42 68
42 62
42 34
42 50
42 85
42 65
42 72
42 36
42 30
42 8
42 38
42 74
42 64
42 13
42 79
6 85
6 88
6 27
6 20
6 38
6 30
6 79
6 49
6 59
6 69
6 60
6 64
6 6
6 82
6 28
6 25
6 14
6 68
6 89
6 77
6 13
6 90
6 15
6 45
6 47
6 86
6 43
6 18
6 33
6 72
6 92
6 3
6 51
6 74
6 32
6 1
6 87
6 65
6 19
6 37
6 81
6 29
6 46
6 34
6 17
85 43
85 13
85 73
85 72
85 28
85 26
85 19
85 53
85 15
85 77
85 30
85 39
85 90
85 32
85 80
85 68
85 38
85 69
85 12
85 64
85 81
85 67
85 60
85 50
85 36
85 18
85 84
85 17
85 3
85 37
85 46
85 10
85 78
85 33
85 83
85 27
85 14
85 92
85 20
85 88
85 8
85 44
85 47
85 5
85 82
85 65
85 49
85 56
85 79
85 34
53 37
53 84
53 59
53 44
53 1
53 72
53 65
53 51
53 82
53 68
53 46
53 69
53 80
53 19
53 53
53 89
53 12
53 88
53 32
53 62
53 23
53 15
53 79
53 33
53 40
53 34
53 8
53 36
53 43
53 5
53 49
53 30
53 26
53 73
53 74
53 21
53 67
53 28
53 60
53 10
53 87
53 83
53 64
53 45
53 56
53 17
53 47
53 90
53 38
53 20
53 13
53 86
53 39
53 18
37 1
37 20
37 65
37 73
37 25
37 88
37 43
37 14
37 50
37 62
37 38
37 51
37 92
37 81
37 10
37 45
37 67
37 69
37 80
37 21
37 44
37 33
37 17
37 29
37 26
37 83
37 49
37 59
37 47
37 19
37 27
37 82
37 90
37 56
37 32
37 36
37 89
37 39
37 68
37 46
37 60
37 15
37 72
37 12
37 74
45 87
45 49
45 26
45 1
45 89
45 33
45 43
45 50
45 45
45 32
45 13
45 77
45 36
45 56
45 28
45 23
45 80
45 39
45 3
45 69
45 15
45 62
45 88
45 72
45 29
45 67
45 68
45 10
45 74
45 25
45 8
45 17
45 84
45 34
45 78
45 21
45 51
45 44
45 79
45 20
45 14
45 30
45 47
45 46
45 19
45 5
45 81
87 39
87 18
87 65
87 15
87 3
87 92
87 56
87 79
87 23
87 64
87 90
87 82
87 17
87 19
87 74
87 32
87 49
87 43
87 72
87 50
87 36
87 83
87 69
87 14
87 12
87 47
87 78
87 20
87 8
87 26
87 81
87 40
87 80
87 44
87 62
87 29
87 51
87 88
87 89
87 77
87 34
87 33
87 86
87 1
87 38
87 13
87 5
87 68
87 46
87 28
21 33
21 25
21 28
21 47
21 92
21 8
21 82
21 34
21 86
21 17
21 50
21 15
21 60
21 89
21 5
21 72
21 38
21 49
21 64
21 73
21 23
21 26
21 27
21 51
21 77
21 40
21 36
21 14
21 3
21 12
21 67
21 44
21 65
21 84
21 81
21 80
21 32
21 79
21 83
21 30
21 13
21 1
21 56
21 78
21 29
21 21
21 20
21 69
21 68
21 18
21 88
21 46
13 59
13 17
13 5
13 30
13 39
13 90
13 73
13 8
13 36
13 34
13 49
13 27
13 33
13 68
13 56
13 81
13 44
13 78
13 3
13 69
13 13
13 46
13 74
13 72
13 62
13 1
13 92
13 26
13 23
13 15
13 67
13 86
13 77
13 43
13 40
13 79
13 47
13 83
13 88
13 60
13 80
13 38
38 74
38 25
38 43
38 44
38 64
38 86
38 34
38 27
38 47
38 67
38 79
38 50
38 92
38 26
38 28
38 3
38 5
38 88
38 72
38 90
38 49
38 46
38 1
38 89
38 8
38 82
38 56
38 77
38 10
38 69
38 81
38 14
38 29
38 15
38 73
38 65
38 59
38 84
38 80
38 38
38 23
38 78
38 83
38 17
38 60
38 19
38 40
38 20
74 51
74 69
74 29
74 78
74 82
74 60
74 20
74 1
74 33
74 84
74 12
74 59
74 74
74 27
74 26
74 30
74 32
74 15
74 64
74 47
74 36
74 14
74 5
74 89
74 34
74 79
74 44
74 50
74 56
74 72
74 18
74 46
74 90
74 25
74 40
74 10
74 8
74 77
74 49
74 23
74 28
74 83
74 73
74 88
74 65
74 81
33 8
33 15
33 49
33 92
33 88
33 3
33 18
33 82
33 46
33 39
33 62
33 89
33 34
33 20
33 79
33 59
33 77
33 28
33 67
33 68
33 69
33 47
33 1
33 30
33 83
33 78
33 29
33 60
33 12
33 5
33 80
33 40
33 50
33 90
33 73
33 86
33 17
33 64
33 51
33 56
33 23
33 65
33 36
46 88
46 14
46 28
46 15
46 5
46 64
46 36
46 8
46 92
46 72
46 23
46 3
46 1
46 84
46 17
46 83
46 25
46 30
46 43
46 47
46 34
46 40
46 26
46 20
46 73
46 90
46 78
46 79
46 44
46 27
46 67
46 68
46 77
46 51
46 50
46 18
46 59
46 19
46 89
46 32
46 49
88 86
88 36
88 34
88 79
88 49
88 10
88 89
88 82
88 1
88 90
88 18
88 88
88 62
88 51
88 81
88 25
88 20
88 50
88 40
88 27
88 64
88 77
88 8
88 73
88 83
88 60
88 84
88 5
88 39
88 23
88 19
88 92
88 56
88 15
88 28
88 3
88 67
88 78
88 68
88 47
88 14
90 5
90 49
90 82
90 27
90 72
90 3
90 14
90 92
90 50
90 1
90 8
90 86
90 19
90 10
90 26
90 78
90 30
90 17
90 80
90 36
90 40
90 43
90 90
90 44
90 68
90 79
90 23
90 60
90 20
90 62
90 51
90 15
90 59
90 77
90 32
90 67
90 39
8 67
8 68
8 56
8 80
8 39
8 18
8 78
8 14
8 8
8 84
8 1
8 49
8 15
8 62
8 19
8 26
8 64
8 60
8 59
8 86
8 92
8 51
8 30
8 79
8 27
8 82
8 5
8 83
8 73
8 28
8 89
8 36
8 20
8 25
8 77
8 40
8 3
8 32
8 72
8 69
8 47
67 68
67 1
67 64
67 81
67 84
67 32
67 5
67 49
67 86
67 34
67 89
67 10
67 69
67 26
67 51
67 56
67 14
67 28
67 29
67 23
67 77
67 78
67 43
67 36
67 20
67 30
67 3
67 59
67 79
67 62
67 60
67 65
67 15
67 19
67 73
67 80
67 72
67 17
68 68
68 69
68 86
68 72
68 51
68 15
68 36
68 44
68 19
68 60
68 23
68 29
68 39
68 84
68 92
68 78
68 20
68 89
68 83
68 59
68 5
68 28
68 18
68 64
68 77
68 12
68 73
68 34
68 47
68 25
68 49
27 51
27 82
27 62
27 60
27 34
27 72
27 25
27 83
27 47
27 36
27 89
27 44
27 19
27 14
27 5
27 12
27 26
27 32
27 78
27 30
27 65
27 15
27 77
27 73
27 80
27 28
27 69
27 50
27 40
27 20
27 10
27 18
47 25
47 47
47 89
47 19
47 43
47 32
47 20
47 69
47 84
47 34
47 81
47 15
47 44
47 77
47 40
47 86
47 29
47 49
47 14
47 79
47 83
47 18
47 39
47 30
47 62
47 92
47 28
47 72
47 56
47 12
47 26
47 59
47 3
47 65
47 73
25 81
25 5
25 80
25 50
25 60
25 28
25 32
25 64
25 44
25 29
25 59
25 43
25 10
25 51
25 77
25 92
25 73
25 56
25 19
25 18
25 49
25 62
25 72
25 15
25 82
25 69
25 26
25 89
25 23
25 39
25 65
25 36
36 39
36 65
36 69
36 72
36 73
36 50
36 34
36 5
36 82
36 78
36 20
36 30
36 40
36 44
36 80
36 64
36 36
36 89
36 10
36 14
36 43
36 83
36 62
36 23
36 51
36 12
36 15
36 86
36 92
36 60
36 3
36 28
36 77
59 28
59 65
59 5
59 72
59 92
59 39
59 29
59 73
59 69
59 60
59 30
59 26
59 59
59 15
59 79
59 80
59 83
59 49
59 86
59 18
59 56
59 84
59 77
59 40
59 44
59 12
59 3
59 81
59 20
59 14
59 32
59 62
39 44
39 34
39 40
39 62
39 30
39 84
39 29
39 1
39 73
39 79
39 83
39 43
39 49
39 10
39 3
39 89
39 77
39 32
39 26
39 60
39 56
39 23
39 72
39 86
39 51
39 14
39 5
39 64
39 80
39 65
39 12
39 50
39 15
39 20
39 81
72 78
72 5
72 92
72 10
72 32
72 69
72 81
72 65
72 26
72 17
72 50
72 64
72 40
72 84
72 56
72 19
72 28
72 23
72 14
72 3
72 60
72 43
72 20
72 77
72 29
72 83
72 72
72 12
72 89
78 79
78 81
78 17
78 44
78 83
78 62
78 49
78 19
78 84
78 92
78 14
78 28
78 15
78 82
78 5
78 56
78 29
78 73
78 18
78 80
78 3
78 60
78 89
78 32
78 69
78 40
92 49
92 81
92 65
92 62
92 28
92 84
92 19
92 50
92 34
92 69
92 5
92 43
92 20
92 23
92 44
92 18
92 10
92 82
92 12
92 15
92 89
92 29
92 51
92 40
92 79
92 30
92 56
92 17
92 83
92 26
92 73
49 30
49 10
49 73
49 40
49 32
49 1
49 82
49 56
49 80
49 83
49 77
49 26
49 50
49 64
49 19
49 81
49 69
49 18
49 34
49 65
49 79
49 15
49 23
49 12
49 51
49 3
49 44
49 86
49 5
49 49
12 12
12 50
12 18
12 80
12 17
12 51
12 89
12 34
12 10
12 28
12 30
12 83
12 44
12 1
12 23
12 64
12 79
12 19
12 26
12 40
12 20
12 65
12 5
12 43
12 82
12 73
12 77
12 32
12 15
12 69
82 84
82 69
82 73
82 62
82 44
82 86
82 15
82 80
82 23
82 34
82 26
82 79
82 17
82 43
82 30
82 10
82 29
82 77
82 81
82 28
82 14
82 82
82 89
82 5
82 60
82 50
82 3
43 28
43 51
43 81
43 60
43 83
43 18
43 5
43 80
43 34
43 64
43 79
43 10
43 29
43 65
43 56
43 32
43 17
43 77
43 73
43 89
43 23
43 3
43 14
43 40
43 44
43 84
43 30
43 43
3 29
3 26
3 30
3 56
3 15
3 10
3 60
3 1
3 65
3 14
3 23
3 19
3 18
3 50
3 86
3 77
3 28
3 84
3 44
3 81
3 34
3 73
3 17
3 79
18 26
18 5
18 32
18 23
18 73
18 19
18 65
18 64
18 79
18 10
18 1
18 30
18 28
18 60
18 81
18 84
18 15
18 77
18 62
18 83
18 86
18 17
18 44
73 64
73 30
73 73
73 34
73 23
73 17
73 56
73 14
73 60
73 15
73 65
73 50
73 29
73 10
73 86
73 32
73 79
73 81
73 89
73 62
73 77
73 40
73 69
73 28
73 83
73 1
64 5
64 77
64 29
64 15
64 23
64 19
64 64
64 89
64 1
64 65
64 10
64 79
64 30
64 34
64 56
64 60
64 40
64 44
64 17
64 51
62 84
62 65
62 26
62 69
62 62
62 17
62 44
62 28
62 51
62 34
62 79
62 89
62 10
62 80
62 50
62 32
62 5
62 77
62 29
62 15
5 65
5 17
5 1
5 86
5 19
5 44
5 81
5 29
5 50
5 23
5 14
5 89
5 51
5 60
5 32
5 80
5 40
5 77
5 83
5 26
5 20
5 30
5 79
5 34
84 83
84 77
84 34
84 10
84 81
84 20
84 15
84 80
84 84
84 89
84 26
84 40
84 69
84 60
84 51
84 28
84 79
84 1
84 29
84 44
84 56
84 17
84 32
17 51
17 89
17 86
17 34
17 17
17 83
17 44
17 10
17 20
17 50
17 81
17 32
17 19
17 28
17 77
17 65
17 60
17 14
17 40
17 26
17 56
51 81
51 23
51 80
51 34
51 19
51 77
51 65
51 56
51 89
51 60
51 26
51 14
51 29
51 1
51 69
51 20
51 10
51 15
51 83
29 60
29 15
29 83
29 40
29 20
29 69
29 80
29 56
29 28
29 34
29 79
29 86
29 10
29 14
29 23
29 44
29 32
29 50
29 89
29 19
86 86
86 20
86 79
86 89
86 15
86 69
86 1
86 14
86 65
86 56
86 32
86 34
86 28
86 26
86 23
86 19
86 10
86 40
86 44
86 80
89 32
89 50
89 20
89 40
89 28
89 80
89 79
89 81
89 1
89 19
89 83
89 77
89 56
89 34
89 14
89 30
89 44
89 26
89 69
89 60
32 77
32 34
32 40
32 69
32 81
32 19
32 1
32 15
32 26
32 65
32 28
32 44
32 30
32 79
32 60
32 50
32 14
77 44
77 20
77 10
77 40
77 81
77 30
77 65
77 15
77 26
77 34
77 60
77 50
77 1
77 19
77 23
1 14
1 50
1 23
1 44
1 10
1 20
1 15
1 80
1 30
1 60
1 81
1 83
1 19
1 28
1 56
1 69
1 34
1 26
14 40
14 26
14 83
14 34
14 60
14 56
14 23
14 28
14 69
14 19
14 30
14 15
14 79
14 20
14 50
14 10
14 65
26 60
26 65
26 44
26 30
26 23
26 81
26 28
26 69
26 79
26 40
26 15
26 56
26 10
26 20
26 50
26 34
10 79
10 80
10 69
10 28
10 19
10 20
10 65
10 83
10 60
10 40
79 40
79 60
79 81
79 56
79 34
79 19
79 23
79 20
79 50
79 80
79 30
79 65
79 15
79 83
34 50
34 28
34 83
34 60
34 34
34 65
34 30
34 19
34 15
34 40
34 23
34 20
34 69
34 80
50 83
50 30
50 15
50 81
50 19
50 23
50 60
50 50
50 80
50 28
50 20
50 56
60 60
60 80
60 69
60 81
60 65
60 20
60 44
60 40
60 23
60 30
60 83
60 28
60 19
28 69
28 40
28 15
28 80
28 30
28 44
28 83
44 65
44 19
44 83
44 81
44 56
44 15
44 40
44 80
44 20
65 30
65 83
65 20
65 69
65 15
65 80
56 83
56 15
56 40
56 23
56 20
56 81
56 19
56 30
19 30
19 20
19 15
19 40
19 80
19 69
19 83
19 23
15 23
15 81
15 80
15 69
15 20
15 83
81 69
81 80
81 30
81 83
81 23
81 40
81 20
23 40
23 83
23 80
23 20
23 69
23 30
40 83
40 20
40 40
40 30
40 69
69 69
69 80
69 83
69 20
30 83
30 80
80 83
80 80
83 83
20 20