0 1 2 3 4 5 6 7 8 9 10 11 12 13 14 15 16 17 18 19 20 21 22 23 24 25 26 27 28 29 30 31 32 33 34 35 36 37 38 39 40 41 42 43 44 45 46 47 48 49 50 51 52 53 54 55 56 57 58 59 60 61 62 63 64 65 66 67 68 69 70 71 72 73 74 75 76 77 78 79 80 81 82 83 84 85 86 87 88 89 90 91 92 93 94 95 96 97 98 99
0 1
0 99
0 63
0 75
1 2
1 45
1 83
2 3
2 13
2 4
3 4
3 53
3 26
4 5
4 49
5 6
5 93
6 7
6 15
6 95
7 8
7 19
7 68
8 9
8 98
8 41
9 10
9 82
9 88
10 11
10 69
10 46
11 12
11 35
11 34
12 13
12 87
12 56
13 14
13 86
14 15
14 91
14 48
15 16
15 47
16 17
16 65
16 80
17 18
17 84
17 85
18 19
18 50
18 51
19 20
19 36
20 21
20 99
20 55
21 22
21 51
21 62
22 23
22 75
22 36
23 24
23 90
23 98
24 25
24 89
24 52
25 26
25 92
25 31
26 27
26 61
27 28
27 78
27 63
28 29
28 60
28 76
29 30
29 37
29 35
30 31
30 57
30 32
31 32
31 66
32 33
32 57
33 34
33 71
33 45
34 35
34 58
35 36
36 37
37 38
37 73
38 39
38 68
38 50
39 40
39 44
39 84
40 41
40 62
40 70
41 42
41 69
42 43
42 72
42 73
43 44
43 77
44 45
44 67
45 46
46 47
46 94
47 48
47 49
48 49
48 67
49 50
50 51
51 52
52 53
52 87
53 54
53 88
54 55
54 76
54 78
55 56
55 60
56 57
56 91
57 58
58 59
58 81
59 60
59 70
59 92
60 61
61 62
61 96
62 63
63 64
64 65
64 83
65 66
66 67
66 82
67 68
68 69
69 70
70 71
71 72
71 79
72 73
72 95
73 74
74 75
74 81
74 90
75 76
76 77
77 78
78 79
79 80
79 85
80 81
80 99
81 82
82 83
83 84
84 85
85 86
86 87
86 97
87 88
88 89
89 90
89 94
90 91
91 92
92 93
93 94
94 95
95 96
96 97
97 98
98 99