0 1 53 36 57 2 43 8 72 3 50 63 4 83 60 5 49 9 6 20 7 29 10 25 85 82 11 79 86 12 39 64 70 26 13 92 14 61 30 15 21 67 59 65 16 17 56 18 37 19 38 94 46 48 22 75 23 24 91 73 76 27 28 31 32 54 33 34 35 41 55 77 40 90 42 44 93 45 87 89 71 47 88 58 66 51 52 99 62 97 98 68 69 74 78 80 81 84 95 96
0 1
0 53
0 36
0 57
1 2
1 43
1 8
1 72
53 52
53 54
53 86
36 34
36 35
36 37
36 55
36 77
36 46
57 23
57 40
57 42
57 56
57 58
2 3
2 50
2 63
43 42
43 44
43 93
8 7
8 9
8 72
72 26
72 44
72 71
72 73
3 4
3 83
3 60
50 49
50 51
50 52
63 30
63 32
63 56
63 62
63 64
4 5
4 49
4 9
83 5
83 9
83 49
83 62
83 82
83 84
60 59
60 61
5 6
5 20
49 32
49 48
49 90
49 76
9 10
9 25
9 85
9 82
6 7
20 19
20 21
20 48
7 29
29 19
29 28
29 30
10 11
10 79
10 86
25 24
25 26
85 27
85 84
85 86
82 81
11 12
11 39
11 64
11 70
11 26
79 78
79 80
79 91
86 32
86 69
86 87
12 13
12 92
39 38
39 40
39 90
64 14
64 37
64 65
64 97
70 34
70 69
70 71
70 91
70 92
26 27
13 14
13 61
13 92
13 30
92 80
92 91
92 93
14 15
14 21
14 67
14 59
14 65
61 62
30 31
15 16
21 22
21 67
21 75
67 22
67 66
67 68
59 58
59 99
59 71
65 48
65 66
65 90
16 17
16 56
17 18
17 37
56 55
18 19
18 38
18 94
18 46
37 38
38 32
38 73
94 93
94 95
46 45
46 47
48 47
48 58
48 66
22 23
75 74
75 76
23 24
23 91
24 73
24 76
91 90
73 71
73 74
73 89
76 77
27 28
31 32
31 54
32 33
54 55
33 34
34 35
35 41
41 40
41 42
55 77
55 99
77 78
90 89
44 45
44 87
44 89
45 71
87 88
89 88
71 66
47 88
66 99
66 98
51 52
99 98
97 96
97 98
68 69
80 81
95 96