0 31 43 45 71 28 36 88 93 1 44 68 5 20 22 33 92 2 40 67 72 73 10 32 65 77 3 18 70 7 81 4 16 23 56 60 24 11 14 42 6 50 55 62 90 97 79 85 91 8 41 61 82 30 46 9 51 54 69 21 37 38 75 87 19 12 13 39 64 74 15 66 63 17 47 26 29 99 34 48 83 98 49 76 27 94 57 25 89 35 86 80 59 58 53 52 84 78 96 95
0 31
0 43
0 45
0 71
0 28
0 36
0 88
0 93
31 5
31 7
31 13
31 70
31 57
43 6
43 7
43 40
43 73
43 80
45 1
45 8
45 17
45 20
45 27
45 36
45 51
71 5
71 13
71 29
71 41
71 53
71 57
71 59
28 16
28 21
28 26
28 57
28 75
28 82
28 87
36 32
36 86
36 65
88 22
88 48
88 91
88 92
93 6
1 44
1 68
1 5
1 20
1 22
1 33
1 92
44 19
44 27
44 59
44 76
44 81
44 86
44 94
68 9
68 30
68 39
68 46
68 51
68 58
68 72
5 24
5 70
5 11
5 14
5 42
20 4
20 29
20 39
20 41
20 69
20 70
22 21
22 51
22 64
22 76
33 8
33 14
33 16
33 17
33 23
33 40
33 42
92 14
92 16
92 39
92 56
92 73
2 40
2 67
2 72
2 73
2 10
2 32
2 65
2 77
40 8
40 27
40 52
40 70
40 77
67 13
67 14
67 25
67 38
67 48
67 69
72 4
72 12
72 25
72 41
72 51
72 86
73 11
73 32
73 52
73 57
10 9
10 21
10 37
10 38
10 42
10 75
10 87
32 12
32 18
32 34
32 37
32 55
65 58
65 59
65 65
65 76
65 77
65 89
77 4
77 12
77 34
77 50
77 87
3 18
3 70
3 7
3 81
18 29
18 30
18 55
18 81
18 99
18 87
70 4
70 11
70 54
7 79
7 85
7 91
81 16
81 41
81 57
81 83
81 90
4 16
4 23
4 56
4 60
16 15
16 23
16 55
23 19
23 27
23 94
56 34
56 86
56 66
60 14
60 35
60 48
60 49
60 50
60 53
60 59
24 6
24 21
24 27
24 34
24 57
24 61
24 62
11 11
11 19
11 37
14 12
14 54
14 87
42 48
42 54
42 61
42 69
42 76
6 50
6 55
6 62
6 90
6 97
50 62
50 90
50 89
55 27
55 38
55 39
55 64
62 9
62 39
62 85
62 90
62 97
90 17
90 41
90 66
90 74
97 9
97 35
97 74
97 78
97 80
97 97
79 17
79 76
85 12
91 26
91 74
91 82
8 41
8 61
8 82
8 30
8 46
41 29
41 84
61 21
61 80
82 15
82 38
30 13
30 54
30 69
30 74
30 80
46 78
46 48
9 51
9 54
9 69
51 37
51 58
51 86
54 13
54 47
54 63
69 47
69 53
69 89
21 37
21 49
21 76
37 17
37 74
37 98
38 58
38 49
38 74
38 98
75 15
75 80
75 86
87 49
87 53
87 64
19 29
19 34
19 48
19 83
19 98
13 39
13 64
13 74
39 17
39 83
64 26
64 86
74 34
15 66
15 63
66 25
66 89
63 34
63 52
63 99
17 47
17 26
47 25
47 26
47 29
47 49
47 52
26 35
26 83
26 89
29 29
29 49
99 95
99 98
34 59
48 80
48 83
83 76
83 98
98 80
98 84
98 94
49 25
76 78
27 35
27 86
94 95
57 58
57 96
25 89
35 58
35 53
35 59
58 58
58 78
52 84
84 78