0 1 2 3 4 5 6 7 8 9 10 11 12 13 14 15 16 17 18 19 20 21 22 23 24 25 26 27 28 29 30 31 32 33 34 35 36 37 38 39 40 41 42 43 44 45 46 47 48 49 50 51 52 53 54 55 56 57 58 59 60 61 62 63 64 65 66 67 68 69 70 71 72 73 74 75 76 77 78 79 80 81 82 83 84 85 86 87 88 89 90 91 92 93 94 95 96 97 98 99
0 18
0 28
0 86
0 15
0 92
0 9
0 39
0 70
0 54
0 81
0 60
0 99
0 64
0 83
0 37
0 73
0 87
0 75
0 82
0 59
0 25
0 55
0 84
0 76
0 8
0 96
0 93
0 45
0 48
0 7
0 3
0 79
0 56
0 5
0 35
0 22
0 34
0 50
0 67
0 13
0 19
0 41
0 11
0 43
0 26
0 32
0 95
0 74
0 1
0 89
0 31
0 78
2 3
4 5
5 6
9 10
11 12
14 15
15 16
16 17
19 20
21 22
22 23
24 25
26 27
28 29
30 31
33 34
36 37
37 38
40 41
41 42
44 45
46 47
47 48
49 50
51 52
52 53
53 54
57 58
58 59
60 61
61 62
62 63
64 65
66 67
67 68
68 69
70 71
71 72
76 77
79 80
85 86
88 89
89 90
91 92
93 94
96 97
98 99