0 14 53 61 71 84 86 1 6 8 13 62 93 96 99 2 4 5 11 22 25 28 56 59 63 76 92 95 98 3 33 34 39 75 81 24 26 40 50 68 83 87 89 29 44 65 67 7 32 36 46 51 79 15 35 43 88 9 12 18 97 19 47 58 64 70 10 41 55 77 80 20 30 60 73 78 91 27 37 74 42 48 82 16 66 17 54 72 85 49 21 69 23 38 90 57 45 52 31 94
0 14
0 53
0 61
0 71
0 84
0 86
14 3
14 7
14 18
14 48
14 53
14 71
14 74
14 82
53 22
53 29
53 41
53 47
53 52
53 69
53 90
53 92
61 5
61 9
61 10
61 11
61 23
61 27
61 30
61 54
61 59
61 65
61 71
61 73
61 83
61 99
71 7
71 10
71 11
71 18
71 20
71 23
71 36
71 58
71 62
71 64
71 75
71 86
71 90
84 2
84 9
84 18
84 22
84 25
84 39
84 45
84 49
84 60
84 65
84 69
84 76
84 79
84 93
84 99
86 3
86 8
86 19
86 28
86 31
86 47
86 48
86 50
86 69
86 70
86 90
86 91
86 95
1 6
1 8
1 13
1 62
1 93
1 96
1 99
6 5
6 7
6 8
6 32
6 36
6 46
6 50
6 51
6 75
6 79
6 99
8 9
8 12
8 18
8 24
8 44
8 88
8 97
13 27
13 35
13 36
13 42
13 43
13 48
13 68
13 70
62 5
62 12
62 35
62 42
62 60
62 74
93 5
93 12
93 16
93 22
93 24
93 31
93 42
93 51
93 60
93 70
96 2
96 7
96 24
96 27
96 43
96 56
96 57
96 60
96 67
96 78
96 80
99 24
99 27
99 31
99 52
99 77
99 88
2 4
2 5
2 11
2 22
2 25
2 28
2 56
2 59
2 63
2 76
2 92
2 95
2 98
4 3
4 5
4 24
4 26
4 40
4 50
4 59
4 68
4 83
4 87
4 89
5 29
5 40
5 44
5 65
5 67
5 83
11 20
11 28
11 30
11 33
11 60
11 63
11 68
11 70
11 73
11 78
11 91
11 97
22 16
22 17
22 18
22 35
22 41
25 30
25 48
25 58
25 73
25 90
28 3
28 18
28 42
28 45
28 48
28 68
28 90
56 21
56 24
56 26
56 27
56 35
56 46
56 64
59 3
59 9
59 33
59 35
59 54
59 66
59 90
59 94
63 12
63 24
63 34
63 54
63 60
63 73
63 82
63 98
76 29
76 55
76 58
76 66
76 81
76 88
76 97
92 18
92 20
92 31
92 32
92 35
92 50
92 52
92 57
92 89
92 97
95 19
95 23
95 60
95 68
95 75
95 79
95 89
95 90
95 91
95 94
95 98
98 12
98 46
98 54
98 88
98 94
3 33
3 34
3 39
3 75
3 81
33 17
33 20
33 39
33 58
33 89
34 16
34 19
34 64
34 69
34 74
39 16
39 29
39 69
39 85
39 94
75 30
75 37
75 46
75 69
75 82
75 83
75 89
81 9
81 16
81 21
81 24
81 54
81 66
81 85
24 29
24 30
24 38
24 74
24 91
26 9
26 16
26 35
26 46
26 49
26 70
26 83
26 90
40 18
40 19
40 21
40 44
40 48
50 7
50 38
50 41
50 51
50 54
50 64
50 78
50 87
68 20
68 23
68 41
68 80
68 82
83 15
83 19
83 21
83 90
87 9
87 29
87 30
87 32
87 51
87 72
87 77
87 79
87 88
89 23
89 74
89 85
89 91
29 7
29 30
29 41
29 43
29 44
29 47
29 52
29 58
29 64
44 16
44 85
44 90
65 41
65 57
65 77
67 19
67 20
67 32
67 37
67 47
67 73
67 74
67 79
67 85
7 15
7 35
7 36
7 43
7 46
7 88
32 42
32 49
32 52
32 82
32 90
36 23
36 47
36 52
36 60
36 73
46 12
46 16
46 21
46 27
46 54
46 91
51 35
51 70
51 79
51 85
79 35
79 60
79 94
15 20
15 37
15 47
35 19
35 38
35 74
35 97
43 18
43 74
43 91
88 49
88 54
88 60
88 64
88 82
88 91
88 97
9 19
9 47
9 58
9 64
9 70
12 27
12 37
12 47
12 55
12 74
18 37
18 58
97 31
97 57
97 64
97 70
97 90
19 42
19 49
47 31
47 73
47 82
47 85
58 52
58 64
58 78
64 30
64 54
70 27
70 73
70 78
10 41
10 55
10 77
10 80
41 38
41 54
55 27
55 72
55 80
55 94
77 21
77 27
77 49
77 54
77 78
80 82
20 17
20 21
30 17
30 57
30 78
30 91
60 74
73 37
73 52
73 94
78 23
78 90
91 27
91 37
91 42
91 57
91 90
27 57
27 66
74 17
74 82
74 94
42 21
42 48
42 52
48 66
48 94
82 49
82 52
82 54
82 94
16 66
66 57
17 54
17 72
17 85
54 72
72 94
49 45
49 94
21 69
69 31
23 38