0 15 26 60 75 87 93 4 5 12 19 21 28 35 47 57 77 81 2 8 9 16 20 24 25 40 41 49 63 65 72 86 88 54 68 85 27 31 32 46 82 99 3 17 51 64 98 61 74 90 1 14 23 34 44 50 58 59 66 94 97 6 42 56 48 79 96 13 29 45 53 55 70 80 89 30 62 76 22 33 11 36 78 84 92 52 18 37 73 71 83 10 39 91 43 69 67 95 7 38
0 15
0 26
0 60
0 75
0 87
0 93
15 4
15 5
15 12
15 19
15 21
15 28
15 35
15 47
15 57
15 77
15 81
26 2
26 8
26 9
26 16
26 20
26 24
26 25
26 26
26 40
26 41
26 49
26 63
26 65
26 72
26 86
26 88
60 54
60 68
60 72
60 75
60 77
60 81
60 85
75 27
75 28
75 31
75 32
75 46
75 82
75 99
87 3
87 17
87 51
87 64
87 77
87 98
93 16
93 27
93 61
93 74
93 90
4 34
4 68
4 81
4 27
4 67
5 46
5 33
5 86
5 20
5 24
5 49
12 6
12 10
12 33
12 37
12 92
19 58
19 54
19 89
19 47
19 80
19 88
21 37
21 38
21 18
28 14
28 58
28 54
28 61
28 52
28 82
28 11
28 76
28 35
35 34
35 68
35 67
35 49
35 56
35 30
35 35
47 25
47 24
47 77
47 52
47 82
47 76
57 34
57 39
57 69
57 16
57 74
57 96
57 78
57 80
77 46
77 58
77 6
77 10
77 49
77 70
77 13
77 29
77 37
77 71
77 77
81 31
81 66
81 94
81 2
81 3
81 20
81 27
81 29
81 30
81 41
81 51
81 52
81 80
81 88
81 95
2 59
2 6
2 10
2 25
2 32
2 33
2 39
2 54
2 63
2 68
2 90
2 91
2 98
8 66
8 6
8 69
8 86
8 20
8 11
8 51
8 78
8 85
9 23
9 66
9 6
9 25
9 64
9 29
9 45
9 73
9 92
9 99
16 6
16 33
16 61
16 29
16 42
16 80
20 98
20 18
20 80
20 96
24 23
24 37
24 42
24 48
24 78
24 95
24 99
25 34
25 58
25 66
25 52
25 54
25 62
25 72
25 92
25 99
40 1
40 3
40 6
40 22
40 33
40 54
40 55
40 80
40 90
41 66
41 6
41 32
41 91
41 61
41 7
41 13
41 73
41 84
49 32
49 68
49 64
49 13
63 33
63 13
63 48
63 63
63 68
63 71
63 76
63 80
63 83
65 23
65 59
65 90
65 52
65 72
65 45
65 95
72 34
72 59
72 66
72 97
72 10
72 90
72 7
72 48
72 79
86 3
86 22
86 42
86 43
88 94
88 52
88 99
88 48
88 71
88 83
54 31
54 46
54 94
54 3
54 36
54 43
54 45
54 70
68 94
68 22
68 48
68 80
68 84
85 58
85 30
85 76
85 83
27 11
27 36
27 92
27 99
31 1
31 6
31 13
31 29
31 45
31 53
31 55
31 59
31 64
31 70
31 80
31 89
32 32
32 45
32 61
32 64
32 67
32 69
32 80
32 95
46 1
46 3
46 11
46 13
46 42
46 45
46 76
46 84
46 90
46 92
46 94
46 96
82 23
82 90
82 91
82 98
82 69
82 22
82 74
82 7
99 39
99 73
99 30
99 71
3 14
3 50
3 6
3 98
3 61
3 64
3 69
17 14
17 44
17 10
17 42
17 11
17 76
17 95
51 67
51 74
51 38
51 71
64 58
64 39
64 98
64 61
64 11
64 37
64 48
98 50
98 6
98 13
98 69
61 90
61 18
61 38
61 53
61 69
74 6
74 18
74 73
90 58
90 66
90 94
90 43
90 70
90 92
1 14
1 23
1 34
1 44
1 50
1 58
1 59
1 66
1 94
1 97
14 6
14 42
14 56
23 48
23 56
23 79
23 96
34 30
34 53
34 62
34 76
44 11
44 36
44 45
44 78
50 30
50 33
50 53
58 6
58 48
58 52
59 18
59 29
59 97
66 11
66 29
66 37
66 56
66 62
66 73
66 79
66 84
94 37
94 42
94 53
94 62
94 71
94 78
97 13
97 78
97 80
97 83
6 22
6 42
6 43
6 69
6 70
6 91
42 33
42 22
56 39
56 91
56 38
56 55
48 10
48 43
48 70
48 29
48 76
48 84
79 67
79 70
79 73
79 80
79 18
96 91
96 7
96 52
96 36
96 73
13 10
13 70
13 45
13 89
29 10
29 43
45 10
45 22
45 70
45 62
53 39
53 76
55 11
70 43
70 62
70 71
80 69
89 30
89 95
30 33
30 39
30 67
30 52
30 83
62 73
76 10
76 33
76 39
22 18
22 73
33 95
11 73
11 92
36 91
36 37
36 83
78 73
84 67
84 95
84 18
84 84
92 43
52 43
52 7
52 37
18 91
37 7
71 43
10 39
39 69
39 95
91 7
43 43
69 95
67 67
7 38