0 2 18 19 21 29 52 62 98 1 73 9 33 53 74 77 94 3 6 11 14 23 65 4 24 31 55 61 5 15 28 64 84 96 44 7 8 47 68 97 12 51 72 81 27 32 85 87 88 92 10 17 42 48 56 60 86 50 57 78 13 20 38 63 58 16 36 37 70 80 45 46 59 71 43 99 22 66 40 25 76 26 35 75 82 34 54 41 30 39 90 69 89 95 49 91 79 83 67 93
0 2
0 18
0 19
0 21
0 29
0 52
0 62
0 98
2 1
2 9
2 33
2 52
2 53
2 74
2 77
2 94
18 10
18 45
18 46
18 56
18 61
18 62
18 88
19 9
19 45
19 52
19 59
19 71
19 72
19 81
19 92
21 28
21 43
21 80
21 96
21 99
29 26
29 41
29 82
29 86
29 98
52 16
52 61
52 63
52 68
52 75
52 82
62 24
62 42
62 46
62 56
62 71
98 26
98 66
1 73
73 30
73 39
73 54
73 55
73 70
73 97
9 27
9 32
9 85
9 87
9 88
9 92
33 5
33 8
33 14
33 26
33 37
33 80
33 92
53 3
53 20
53 75
74 24
74 26
74 30
74 42
74 46
74 71
74 75
74 84
74 97
77 50
77 65
94 7
94 71
94 90
3 6
3 11
3 14
3 23
3 65
6 24
6 31
6 44
6 84
11 8
11 60
11 86
14 20
14 38
14 63
14 65
23 5
23 22
23 40
23 42
23 47
23 78
23 88
23 99
65 17
65 26
65 28
65 39
65 40
65 50
65 75
65 76
65 97
4 24
4 31
4 55
4 61
24 13
24 32
24 42
24 44
24 48
24 58
24 78
24 84
31 38
31 39
31 84
31 90
55 16
55 27
55 69
55 79
55 90
55 99
61 26
61 42
61 92
5 15
5 28
5 64
5 84
5 96
15 58
28 8
28 34
28 44
28 47
28 54
64 26
64 36
64 95
84 30
96 36
96 44
44 56
44 59
44 72
7 8
7 47
7 68
7 97
8 12
8 51
8 72
8 81
47 16
47 34
47 41
47 49
68 40
68 57
68 80
68 85
68 93
97 37
97 46
97 78
97 81
97 87
97 92
12 50
12 51
12 57
12 78
51 27
51 37
51 92
72 32
72 41
72 82
72 93
81 17
27 35
27 36
27 37
27 75
27 82
27 85
32 45
32 60
32 69
32 89
32 95
85 13
85 16
85 17
85 20
87 39
87 58
88 91
92 17
92 22
92 54
10 17
10 42
10 48
10 56
42 34
42 63
48 39
56 57
56 69
56 78
60 22
60 83
86 66
86 67
86 70
50 70
57 22
57 79
57 80
78 35
38 70
63 30
63 36
63 43
63 67
63 83
58 25
58 39
58 76
58 90
58 91
16 36
16 37
16 70
16 80
37 40
70 83
80 69
45 35
46 41
46 76
59 35
59 82
59 91
71 41
43 76
99 35
99 95
22 66
66 40
66 91
25 76
76 82
35 90
54 41
54 90
54 91
69 93
95 49