0 78 57 95 68 55 1 34 24 54 84 10 66 2 90 30 5 37 65 92 80 3 8 7 18 52 4 15 31 39 69 77 29 12 58 75 6 20 33 74 73 44 47 9 14 16 48 11 28 86 64 13 19 35 56 45 85 17 79 71 99 21 43 26 59 22 93 40 23 62 25 82 91 51 27 72 38 50 32 87 46 88 36 81 96 41 63 42 94 98 53 49 76 67 61 60 83 70 89 97
0 78
0 57
0 95
0 68
0 55
78 22
78 25
78 50
78 63
57 33
57 37
57 53
57 77
57 85
95 9
95 32
95 50
95 68
95 88
68 7
68 13
55 66
55 87
55 80
1 34
1 24
1 54
1 84
1 10
1 66
34 88
34 77
34 71
24 62
24 65
54 36
54 56
54 60
54 76
84 5
84 11
84 53
84 67
84 82
84 86
84 87
10 92
10 16
10 48
10 12
66 6
66 26
66 50
2 90
2 30
2 5
2 37
2 65
2 92
2 80
90 23
90 52
90 97
30 12
30 26
30 99
30 50
5 77
5 29
5 12
5 58
5 75
37 3
37 38
65 9
65 17
65 94
65 76
92 19
92 21
92 83
80 18
80 33
80 42
80 97
80 89
3 8
3 7
3 18
3 52
8 47
7 6
7 44
18 48
18 28
18 71
52 23
52 49
52 87
52 74
4 15
4 31
4 39
4 69
15 73
31 27
31 91
39 29
39 96
69 6
69 51
69 53
69 64
77 32
29 71
12 33
12 86
12 64
58 81
58 83
58 75
75 21
75 36
75 60
6 20
6 33
6 74
6 73
20 99
33 46
33 88
74 19
74 89
74 81
73 64
73 82
44 32
44 42
44 85
47 62
9 14
14 56
14 45
16 11
16 85
48 22
48 36
48 40
48 42
11 28
28 17
28 72
86 23
86 61
86 81
64 26
13 19
13 35
35 43
45 59
45 46
85 40
85 70
85 93
17 79
79 25
79 61
71 60
71 87
99 89
21 43
21 26
21 59
43 98
43 53
26 25
26 51
59 53
22 93
22 40
93 76
62 27
25 82
25 91
82 98
91 51
27 72
27 38
50 67
50 61
32 87
88 41
36 81
81 61
96 70
41 63
63 98
42 94
49 76
70 89