0 6 9 33 39 41 52 58 68 81 84 87 89 1 2 21 44 47 67 70 71 78 88 98 17 28 32 37 48 57 3 30 85 96 4 8 24 27 69 80 5 25 53 65 77 91 92 16 20 22 34 40 7 11 50 12 14 38 43 60 82 26 55 83 94 10 31 49 36 46 54 59 75 93 18 74 86 13 35 99 23 15 62 97 29 42 51 63 66 90 19 56 79 76 45 64 72 61 73 95
0 6
0 9
0 33
0 39
0 41
0 52
0 58
0 68
0 81
0 84
0 87
0 89
6 2
6 16
6 20
6 22
6 34
6 40
9 24
9 26
9 27
9 43
9 52
9 55
9 83
9 94
33 11
33 13
33 15
33 23
33 31
33 32
33 36
33 42
33 43
33 60
33 75
39 15
39 18
39 43
39 48
39 57
39 90
39 95
41 27
41 32
41 80
41 81
41 87
41 94
41 96
52 2
52 7
52 12
52 24
52 25
52 38
52 56
52 59
52 62
52 64
52 68
52 72
52 74
52 79
58 11
58 17
58 29
58 32
58 40
58 47
58 51
58 54
58 88
58 89
68 3
68 7
68 23
68 27
68 34
68 53
68 70
68 72
68 75
68 83
68 87
68 95
81 37
81 47
81 56
81 57
81 64
81 65
81 66
81 71
81 85
81 88
81 89
81 90
81 94
84 24
84 27
84 50
84 60
84 74
84 77
84 80
84 85
84 94
84 96
87 12
87 15
87 22
87 48
87 51
87 60
87 65
87 69
87 71
87 77
87 82
87 85
89 5
89 10
89 15
89 19
89 21
89 25
89 31
89 35
89 73
89 90
89 91
89 95
1 2
1 21
1 44
1 47
1 67
1 70
1 71
1 78
1 88
1 98
2 17
2 28
2 32
2 37
2 47
2 48
2 57
2 71
21 25
21 46
21 76
21 88
21 90
44 15
44 16
44 18
44 25
44 36
44 38
44 73
44 77
44 94
44 99
47 4
47 5
47 11
47 12
47 14
47 20
47 49
47 71
47 95
67 24
67 28
67 54
67 61
67 65
67 71
67 78
67 92
70 5
70 7
70 10
70 12
70 13
70 29
70 50
70 60
70 62
70 71
70 73
70 75
70 77
70 79
70 96
70 99
71 5
71 30
71 31
71 34
71 35
71 40
71 42
71 73
71 90
78 4
78 10
78 38
78 43
78 49
78 59
78 61
78 75
78 91
88 19
88 22
88 29
88 31
88 35
88 59
88 64
88 79
88 80
88 86
98 15
98 17
98 18
98 19
98 26
98 30
98 43
98 51
17 4
17 20
17 55
17 66
17 90
17 91
28 3
28 4
28 11
28 19
28 27
28 29
28 45
28 46
28 54
28 60
28 66
32 11
32 27
32 54
32 66
32 72
32 85
32 94
37 8
37 18
37 30
37 45
37 63
37 69
37 73
37 77
37 80
48 4
48 10
48 18
48 23
48 36
48 59
48 61
48 69
48 75
48 92
57 4
57 22
57 23
57 31
57 43
57 60
57 69
57 73
3 30
3 85
3 96
30 24
30 34
30 56
30 61
30 62
30 83
30 96
85 35
85 40
85 51
85 53
85 63
85 74
85 86
85 94
96 27
96 53
96 54
96 83
96 93
4 8
4 24
4 27
4 69
4 80
8 12
8 14
8 38
8 43
8 53
8 60
8 77
8 82
8 91
8 92
24 14
24 29
24 42
24 56
24 61
24 74
27 36
27 46
27 69
27 73
69 12
69 13
69 18
69 20
69 42
69 50
69 51
69 53
69 79
69 86
80 5
80 14
80 38
80 53
80 55
80 66
80 93
5 25
5 53
5 65
5 77
5 91
5 92
25 11
25 29
25 40
25 42
25 43
25 63
25 82
25 83
53 34
53 45
53 54
53 65
53 75
53 76
53 91
53 94
53 95
65 11
65 34
65 38
65 40
65 42
65 43
65 64
65 66
65 82
77 15
77 34
77 42
77 61
77 74
77 82
77 83
77 86
91 18
91 22
91 50
91 55
91 56
91 59
91 62
91 63
91 79
91 83
92 7
92 13
92 14
92 50
92 51
92 74
92 95
92 99
16 10
16 29
16 40
16 42
16 51
16 62
16 63
16 83
20 54
20 56
20 79
20 83
20 93
22 11
22 13
22 45
22 62
22 64
22 93
22 99
34 12
34 29
34 45
34 61
34 72
40 35
40 43
40 60
40 72
40 76
7 11
7 50
11 26
11 36
11 46
11 54
11 59
11 75
11 83
11 93
50 29
50 36
50 42
50 55
50 86
12 18
12 43
12 74
12 86
12 93
14 23
38 15
38 63
38 76
38 82
43 13
43 23
43 36
43 51
43 54
43 62
43 64
43 82
43 86
43 99
60 99
82 55
26 15
26 29
26 79
55 29
55 31
55 90
83 10
83 19
83 36
83 42
94 46
94 56
94 74
94 93
94 95
10 31
10 49
31 23
31 29
31 35
31 73
31 86
49 29
49 45
49 46
49 59
49 99
36 15
36 90
36 93
46 19
46 66
46 93
46 95
46 97
54 23
54 62
54 97
59 61
75 19
75 79
93 56
93 61
93 79
93 95
93 97
18 13
18 29
18 51
18 90
74 13
74 42
74 61
74 72
74 79
86 29
86 35
86 45
86 56
86 79
13 35
13 99
35 56
35 66
99 23
99 51
23 72
15 62
15 97
97 51
97 73
97 95
29 66
42 66
51 19
63 66
63 79
63 90
66 56
90 56
79 72
76 45