1 0 2 3 4 5 6 7 8 9 10 11 12 13 14 15 16 17 18 19 20 21 22 23 24 25 26 27 28 29 30 31 32 33 34 35 36 37 38 39 40 41 42 43 44 45 46 47 48 49 50 51 52 53 54 55 56 57 58 59 60 61 62 63 64 65 66 67 68 69 70 71 72 73 74 75 76 77 78 79 80 81 82 83 84 85 86 87 88 89 90 91 92 93 94 95 96 97 98 99
1 0
1 2
1 22
1 85
1 92
0 55
0 65
0 85
0 90
0 97
2 3
2 6
2 44
2 61
2 84
3 4
3 58
3 65
3 73
3 81
4 5
4 79
5 6
5 37
5 55
5 57
5 84
6 7
6 13
6 24
6 53
6 72
6 74
7 8
7 9
7 23
7 39
7 55
7 63
7 68
7 92
8 9
8 19
8 36
8 87
9 10
9 95
10 11
10 57
10 85
10 92
11 12
11 28
11 97
12 13
12 49
12 52
12 64
12 82
12 84
13 14
13 38
13 52
13 53
14 15
14 37
14 55
15 16
15 34
15 45
15 90
16 17
17 18
17 19
17 48
17 52
18 19
18 32
18 68
18 98
19 20
19 25
19 39
19 44
19 46
19 62
20 21
20 32
20 84
20 86
20 88
20 95
21 22
21 31
21 63
21 68
21 71
22 23
22 58
22 90
23 24
23 53
23 64
23 83
23 87
24 25
24 29
24 55
24 56
24 63
24 81
24 85
25 26
25 50
25 58
25 67
25 76
25 89
26 27
26 33
26 74
27 28
27 80
28 29
28 30
28 56
28 58
28 70
28 71
29 30
29 32
29 41
30 31
30 35
30 59
30 63
30 68
30 75
31 32
31 33
31 73
31 88
31 93
32 33
32 35
32 69
32 75
32 88
33 34
33 35
33 45
33 50
33 64
33 75
34 35
34 81
34 86
34 90
35 36
35 38
35 58
36 37
36 71
36 88
37 38
37 54
37 63
37 88
38 39
39 40
39 64
39 82
40 41
40 48
40 56
41 42
41 60
42 43
42 54
42 55
42 97
43 44
43 62
43 73
43 91
44 45
44 76
44 82
45 46
45 67
46 47
46 85
47 48
47 65
48 49
48 64
48 68
48 71
48 80
49 50
49 85
50 51
50 72
50 93
51 52
51 60
52 53
53 54
53 68
54 55
54 71
54 85
55 56
55 57
55 62
55 89
56 57
56 71
56 96
57 58
57 68
58 59
58 72
58 74
58 97
59 60
59 77
60 61
60 67
60 79
60 86
61 62
61 77
62 63
62 78
62 91
63 64
63 93
64 65
64 98
65 66
65 91
66 67
66 90
67 68
67 74
67 82
68 69
69 70
70 71
70 96
71 72
72 73
73 74
73 96
74 75
75 76
76 77
76 96
77 78
77 84
78 79
79 80
80 81
80 87
81 82
82 83
83 84
83 90
84 85
85 86
86 87
87 88
88 89
88 92
89 90
90 91
91 92
91 96
92 93
93 94
94 95
95 96
96 97
97 98
98 99