0 1 3 4 5 6 7 8 11 12 13 14 17 18 21 23 26 25 27 29 30 31 32 37 38 39 40 41 44 45 46 47 48 49 51 50 52 53 54 55 56 57 58 59 60 61 62 63 64 65 66 67 68 69 70 71 72 73 74 76 75 79 80 81 82 83 87 88 89 90 94 95 96 97 98 99
0 1
0 4
0 5
1 7
3 4
3 11
4 13
5 6
5 14
6 23
7 8
8 21
12 13
12 17
17 18
18 49
26 27
26 32
25 29
25 30
30 31
30 39
31 32
31 48
37 38
38 39
39 40
40 41
40 74
44 45
45 46
46 47
47 48
48 49
51 52
51 57
50 54
50 55
53 54
55 56
55 64
56 57
56 73
58 59
58 71
60 61
60 69
62 63
63 64
64 65
65 66
65 99
67 68
68 69
69 70
70 71
71 72
72 73
73 74
76 82
75 79
75 80
80 81
80 89
81 82
81 98
83 96
87 88
88 89
89 90
94 95
95 96
96 97
97 98
98 99