61 96 38 0 9 50 54 78 81 51 92 31 12 46 48 21 14 91 66 23 4 63 82 1 76 16 25 35 17 7 37 90 72 70 97 28 10 55 24 74 8 42 18 36 45 83 43 49 65 39 2 71 86 95 40 75 32 73 67 29 64 34 41 3 80 33 87 15 27 44 6 94 5 88 68 62 89 13 57 93 19 77 84 52 26 30 58 11 98 20 69 53 47 60 56 59 85 22 99 79
61 96
61 38
61 95
61 14
61 26
61 55
61 33
61 57
61 34
61 89
61 6
61 47
61 74
61 46
61 68
61 27
61 93
61 40
61 70
61 77
61 64
61 36
61 71
61 69
61 79
61 59
61 45
61 97
61 78
61 58
61 29
61 66
61 4
61 53
61 35
96 79
96 99
96 78
96 21
96 13
96 37
96 39
96 55
96 95
96 86
96 43
96 3
96 11
96 91
96 26
96 44
96 36
96 50
96 48
96 73
96 47
96 10
96 25
96 16
96 23
96 64
96 20
96 88
96 31
96 32
96 12
96 28
38 0
38 23
38 33
38 35
38 68
38 10
38 79
38 88
38 59
38 19
38 46
38 65
38 53
38 94
38 75
38 17
38 82
38 44
38 95
38 8
38 6
38 50
38 4
38 34
38 43
38 2
38 69
38 7
38 55
38 1
0 9
0 28
0 74
0 53
0 86
0 34
0 19
0 21
0 7
0 73
0 24
0 13
0 35
0 59
0 58
0 31
0 15
0 60
0 17
0 39
0 80
0 20
0 2
0 85
0 3
0 52
0 83
0 11
0 70
0 87
0 10
9 50
9 60
9 31
9 56
9 19
9 63
9 88
9 39
9 22
9 97
9 90
9 69
9 45
9 54
9 43
9 70
9 58
9 3
9 8
9 37
9 42
9 36
9 93
9 23
9 81
9 1
9 91
9 2
9 21
9 18
9 5
9 11
9 95
9 64
9 67
9 82
50 54
50 84
50 51
50 22
50 62
50 42
50 11
50 13
50 17
50 1
50 68
50 6
50 43
50 36
50 82
50 87
50 30
50 18
50 73
50 55
50 94
50 81
50 63
50 20
50 5
50 16
50 27
50 33
50 45
50 90
54 78
54 13
54 43
54 81
54 8
54 90
54 86
54 85
54 65
54 57
54 93
54 92
54 39
54 21
54 67
54 10
54 7
54 49
54 63
54 66
54 30
54 60
54 36
54 95
54 76
54 68
54 51
54 40
54 37
54 73
78 81
78 80
78 24
78 45
78 15
78 11
78 27
78 57
78 16
78 28
78 21
78 49
78 47
78 84
78 23
78 1
78 43
78 73
78 19
78 85
78 91
78 77
78 22
78 75
78 99
78 48
78 65
78 89
78 59
81 51
81 8
81 85
81 43
81 27
81 52
81 40
81 59
81 10
81 76
81 30
81 45
81 72
81 44
81 73
81 23
81 2
81 15
81 3
81 12
81 33
81 24
81 71
81 48
81 11
81 64
81 6
81 91
81 14
51 92
51 68
51 22
51 2
51 49
51 35
51 20
51 95
51 75
51 73
51 83
51 63
51 62
51 36
51 42
51 31
51 52
51 46
51 5
51 37
51 85
51 74
51 60
51 65
51 66
51 21
51 45
51 57
51 55
51 86
51 47
51 48
92 31
92 15
92 3
92 18
92 2
92 68
92 85
92 71
92 34
92 91
92 95
92 55
92 77
92 24
92 94
92 99
92 73
92 90
92 64
92 53
92 41
92 33
92 97
92 39
92 87
92 63
92 35
92 11
92 57
92 46
92 56
92 28
92 25
31 12
31 1
31 75
31 11
31 20
31 35
31 56
31 76
31 4
31 29
31 10
31 49
31 42
31 88
31 19
31 36
31 26
31 23
31 93
31 17
31 67
31 91
31 7
31 60
31 24
31 85
31 53
31 72
31 2
12 46
12 6
12 4
12 72
12 44
12 22
12 62
12 83
12 58
12 69
12 48
12 91
12 60
12 2
12 97
12 76
12 95
12 20
12 21
12 18
12 43
12 65
12 98
12 49
12 75
12 79
12 7
12 55
12 70
12 41
12 29
46 48
46 29
46 93
46 70
46 58
46 94
46 95
46 75
46 8
46 13
46 44
46 22
46 67
46 16
46 43
46 6
46 91
46 98
46 62
46 86
46 76
46 21
46 68
46 60
46 23
46 79
46 26
46 27
46 17
48 21
48 70
48 71
48 11
48 97
48 15
48 73
48 44
48 93
48 22
48 24
48 16
48 1
48 94
48 25
48 29
48 52
48 57
48 84
48 90
48 86
48 43
48 72
48 35
48 80
48 36
48 41
48 74
48 27
48 75
21 14
21 56
21 7
21 16
21 6
21 33
21 23
21 66
21 97
21 37
21 13
21 95
21 18
21 85
21 8
21 57
21 90
21 89
21 24
21 68
21 47
21 77
21 17
21 36
21 71
21 5
14 91
14 40
14 39
14 76
14 35
14 98
14 37
14 6
14 87
14 43
14 80
14 42
14 60
14 30
14 79
14 88
14 68
14 90
14 74
14 29
14 5
14 99
14 19
14 72
14 24
14 45
14 53
14 52
14 7
14 71
91 66
91 93
91 95
91 85
91 75
91 23
91 82
91 32
91 47
91 36
91 40
91 4
91 49
91 67
91 22
91 72
91 57
91 89
91 70
91 8
91 63
91 42
91 2
91 1
91 73
91 16
66 23
66 10
66 97
66 7
66 17
66 55
66 33
66 18
66 76
66 37
66 64
66 8
66 5
66 53
66 47
66 11
66 26
66 15
66 71
66 49
66 34
66 95
66 74
66 56
66 83
66 25
66 77
66 4
66 85
66 42
66 16
23 4
23 7
23 30
23 80
23 99
23 63
23 70
23 5
23 69
23 39
23 34
23 73
23 25
23 42
23 84
23 72
23 36
23 89
23 83
23 29
4 63
4 95
4 29
4 17
4 34
4 18
4 16
4 47
4 86
4 32
4 3
4 55
4 71
4 27
4 74
4 35
4 77
4 33
4 88
4 62
4 37
4 93
4 36
63 82
63 24
63 62
63 79
63 28
63 8
63 30
63 47
63 70
63 64
63 93
63 37
63 45
63 35
63 76
63 43
63 27
63 80
63 90
63 29
63 2
63 73
63 17
63 18
63 88
63 11
82 1
82 68
82 99
82 67
82 24
82 98
82 85
82 57
82 32
82 15
82 25
82 34
82 2
82 37
82 83
82 11
82 94
82 5
82 53
82 74
82 10
82 72
82 80
82 76
82 17
82 69
1 76
1 77
1 80
1 87
1 5
1 55
1 65
1 16
1 40
1 7
1 86
1 98
1 44
1 74
1 85
1 34
1 69
1 24
1 42
1 3
1 20
1 30
1 10
1 88
1 89
1 58
1 2
1 43
76 16
76 80
76 45
76 88
76 40
76 44
76 5
76 22
76 2
76 85
76 19
76 87
76 71
76 18
76 3
76 93
76 98
76 7
76 29
76 52
76 89
76 58
76 67
16 25
16 52
16 67
16 2
16 97
16 28
16 71
16 20
16 36
16 41
16 7
16 18
16 89
16 22
16 72
16 40
16 8
16 64
16 80
16 15
16 65
16 27
25 35
25 73
25 55
25 5
25 72
25 95
25 3
25 42
25 11
25 52
25 57
25 40
25 87
25 88
25 24
25 13
25 45
25 77
25 62
25 93
25 29
25 59
25 26
25 22
25 47
25 2
25 36
25 69
25 20
35 17
35 65
35 15
35 45
35 19
35 26
35 6
35 71
35 32
35 86
35 49
35 39
35 57
35 11
35 2
35 64
35 88
35 47
35 18
35 87
35 7
35 97
17 7
17 89
17 6
17 3
17 24
17 62
17 40
17 68
17 84
17 26
17 32
17 33
17 41
17 39
17 83
17 8
17 79
17 87
17 93
7 37
7 59
7 36
7 89
7 28
7 42
7 88
7 83
7 24
7 73
7 15
7 95
7 53
7 93
7 3
7 47
7 85
7 26
7 94
7 65
7 97
37 90
37 79
37 39
37 44
37 84
37 8
37 3
37 94
37 97
37 11
37 18
37 5
37 29
37 42
37 69
37 77
37 55
37 22
37 10
37 56
37 57
37 45
90 72
90 88
90 36
90 67
90 10
90 73
90 24
90 27
90 33
90 30
90 65
90 80
90 44
90 94
90 89
90 55
90 98
90 41
90 53
90 45
90 8
90 52
90 79
90 32
90 22
72 70
72 97
72 89
72 39
72 65
72 80
72 60
72 85
72 34
72 68
72 41
72 8
72 11
72 93
72 59
72 77
72 84
72 56
72 95
72 62
72 40
72 13
70 97
70 26
70 27
70 36
70 64
70 53
70 8
70 56
70 74
70 83
70 11
70 5
70 99
70 44
70 58
70 84
70 3
70 45
70 39
70 71
70 43
70 98
70 2
70 19
97 28
97 71
97 41
97 53
97 42
97 8
97 10
97 30
97 84
97 3
97 20
97 45
97 44
97 55
97 26
97 69
97 22
97 87
97 33
97 86
97 24
97 40
97 57
28 10
28 22
28 8
28 74
28 86
28 59
28 88
28 73
28 47
28 77
28 41
28 18
28 39
28 94
28 52
28 6
28 57
28 44
28 87
28 56
28 49
28 19
28 30
10 55
10 27
10 20
10 47
10 49
10 53
10 44
10 98
10 40
10 88
10 36
10 30
10 67
10 42
10 93
10 71
10 32
10 89
10 33
10 86
55 24
55 58
55 5
55 60
55 65
55 19
55 57
55 3
55 30
55 94
55 56
55 88
55 44
55 13
55 69
55 95
55 64
55 15
24 74
24 34
24 13
24 36
24 42
24 69
24 93
24 80
24 85
24 86
24 11
24 45
24 32
24 62
24 15
24 60
24 47
24 64
74 8
74 27
74 30
74 56
74 75
74 57
74 39
74 15
74 84
74 93
74 85
74 62
74 36
74 71
74 83
74 22
74 69
74 44
74 40
74 43
74 26
74 67
74 33
74 34
8 42
8 40
8 83
8 60
8 6
8 98
8 53
8 47
8 27
8 87
8 41
8 59
8 62
8 69
8 5
8 80
8 30
8 68
42 18
42 57
42 65
42 3
42 93
42 52
42 67
42 69
42 68
42 20
42 85
42 13
42 5
42 47
42 87
42 64
42 49
42 89
42 84
18 36
18 58
18 59
18 64
18 71
18 68
18 3
18 2
18 79
18 69
18 53
18 45
18 13
18 89
18 11
18 95
18 32
18 87
18 86
18 44
36 45
36 2
36 58
36 60
36 85
36 39
36 62
36 87
36 13
36 95
36 44
36 80
45 83
45 19
45 57
45 77
45 2
45 41
45 71
45 94
45 75
45 65
45 98
45 59
45 15
45 30
45 99
45 11
83 43
83 87
83 20
83 65
83 41
83 49
83 71
83 84
83 98
83 59
83 29
83 95
83 52
83 13
83 19
83 11
83 64
83 88
83 33
83 79
43 49
43 86
43 32
43 69
43 30
43 41
43 52
43 39
43 44
43 47
43 27
43 62
43 60
43 34
43 20
43 58
43 98
49 65
49 19
49 62
49 69
49 6
49 2
49 73
49 39
49 57
49 75
49 77
49 29
49 68
49 99
49 20
49 11
49 95
49 84
65 39
65 93
65 6
65 88
65 58
65 67
65 33
65 64
65 59
65 20
65 15
65 60
65 29
65 41
65 26
65 95
65 22
65 13
65 44
65 79
39 2
39 5
39 84
39 86
39 53
39 52
39 85
39 29
39 59
39 19
39 58
39 44
39 6
39 73
39 89
39 94
39 69
39 99
2 71
2 98
2 93
2 11
2 87
2 52
2 60
2 62
2 89
2 20
2 30
2 6
71 86
71 47
71 93
71 87
71 59
71 19
71 84
71 62
71 67
71 60
71 5
71 20
71 41
86 95
86 75
86 98
86 22
86 67
86 32
86 33
86 68
86 69
86 84
86 53
86 60
86 3
86 40
86 64
86 94
95 40
95 6
95 56
95 85
95 15
95 11
95 32
95 67
95 47
95 5
95 3
95 68
95 77
40 75
40 47
40 15
40 84
40 80
40 98
40 5
40 60
40 41
40 59
40 34
40 52
40 30
40 99
40 3
75 32
75 87
75 94
75 13
75 67
75 89
75 73
75 27
75 56
75 79
75 19
75 58
75 34
75 47
75 62
75 93
75 22
75 53
32 73
32 85
32 84
32 79
32 19
32 29
32 53
32 30
32 20
32 69
32 94
32 33
32 22
32 88
32 57
32 5
73 67
73 30
73 98
73 26
73 29
73 52
73 99
73 6
73 53
73 59
73 5
73 80
73 13
73 34
67 29
67 11
67 44
67 3
67 41
67 80
67 99
67 77
67 59
67 98
67 27
67 85
67 79
29 64
29 94
29 56
29 80
29 99
29 58
29 22
29 41
29 20
29 52
29 34
29 77
29 87
29 15
29 62
64 34
64 62
64 26
64 88
64 60
64 13
64 68
64 77
64 80
64 6
64 11
64 87
64 59
64 30
64 41
64 27
64 52
64 33
64 93
34 41
34 60
34 57
34 77
34 13
34 5
34 26
34 79
34 99
34 15
34 68
34 19
34 89
34 84
34 3
41 3
41 53
41 88
41 27
41 98
41 77
41 20
41 26
41 44
41 33
41 58
41 85
41 93
41 94
3 80
3 94
3 60
3 98
3 93
3 52
3 77
3 22
3 27
3 88
3 99
80 33
80 47
80 62
80 77
80 52
80 93
80 19
80 94
80 30
80 6
80 68
80 85
33 87
33 30
33 89
33 69
33 77
33 27
33 79
33 84
33 93
33 58
33 44
33 47
33 98
33 5
33 57
33 62
87 15
87 59
87 77
87 84
87 85
87 22
87 89
87 99
87 58
87 57
87 98
87 5
15 27
15 89
15 68
15 44
15 77
15 93
15 58
15 59
15 88
15 56
27 44
27 30
27 93
27 99
27 68
27 57
27 19
27 11
27 85
27 20
27 58
44 6
44 11
44 57
44 5
44 99
44 60
44 22
44 84
6 94
6 19
6 26
6 68
6 89
6 88
6 79
6 52
6 98
6 59
6 77
94 5
94 77
94 52
94 26
94 89
94 11
94 79
94 13
94 59
94 56
94 22
5 88
5 22
5 59
5 11
5 60
5 19
5 79
5 69
5 30
5 53
5 20
88 68
88 59
88 22
88 89
88 13
88 85
88 99
88 26
68 62
68 79
68 22
68 98
68 20
68 84
68 53
68 58
62 89
62 93
62 11
62 30
62 26
62 22
62 79
89 13
89 99
89 58
89 79
89 56
89 59
89 22
13 57
13 47
13 53
13 19
13 84
13 79
13 58
13 69
13 99
13 98
13 26
57 93
57 84
57 47
57 79
57 53
93 19
93 30
93 69
93 98
93 20
93 26
19 77
19 99
19 22
19 56
19 84
19 53
19 85
77 84
77 52
77 79
77 99
77 53
77 56
77 60
77 30
84 52
84 69
84 20
84 58
84 11
84 79
52 26
52 85
52 11
52 58
52 47
52 22
52 56
26 30
26 98
26 69
26 20
26 53
26 60
26 99
30 58
30 56
30 99
30 11
30 85
30 22
58 11
58 85
58 60
58 56
58 47
11 98
98 20
98 56
98 99
98 69
20 69
20 53
20 79
20 59
69 53
69 59
69 79
69 56
69 47
53 47
53 79
47 60
47 56
47 59
60 56
60 79
60 59
56 59
56 22
59 85
59 79
59 99
85 22
85 99
22 99
99 79