0 26 61 62 63 64 65 66 67 68 69 70 71 72 73 74 75 76 77 78 79 80 81 82 83 84 85 86 87 88 89 90 91 92 93 94 95 96 97 98 99 1 30 3 47 2 50 43 25 23 4 8 38 5 7 6 48 12 33 9 27 46 49 10 20 11 31 60 16 13 32 14 44 15 41 37 52 29 17 18 58 19 56 57 34 21 22 51 24 53 55 28 59 35 40 36 45 39 42 54
0 86
0 26
0 72
0 92
0 77
0 99
0 70
0 82
0 94
0 88
0 80
0 63
0 64
0 62
0 89
0 97
0 93
0 76
0 78
0 74
26 55
26 53
26 3
61 2
63 4
65 6
66 7
67 9
68 10
69 11
71 14
73 17
75 20
79 27
81 29
83 31
84 33
85 35
87 37
90 42
91 43
95 48
96 49
98 53
1 47
1 3
1 30
30 35
3 25
3 23
47 56
2 50
2 43
43 31
43 15
25 10
23 18
4 38
4 8
8 33
38 6
5 7
7 12
6 48
48 17
48 54
12 16
9 27
9 49
9 46
49 56
10 20
20 34
11 60
11 31
31 40
31 24
60 17
16 29
16 37
16 52
13 32
32 28
32 21
32 18
32 22
32 44
14 44
15 41
41 57
29 59
18 58
19 56
57 39
22 51
59 42
59 36
40 36
36 45