0 1 5 8 9 11 12 15 16 17 18 21 22 24 27 30 32 34 35 37 39 40 41 43 46 47 48 52 57 58 59 60 62 67 71 72 75 77 78 79 80 85 90 94 95 98 99 2 3 7 14 19 20 31 33 49 50 51 53 55 61 63 74 76 87 88 91 92 96 6 13 25 26 42 56 64 65 66 84 86 4 10 28 29 45 69 73 82 93 97 36 81 89 23 54 83 38 44 70 68
0 0
0 1
0 5
0 8
0 9
0 11
0 12
0 15
0 16
0 17
0 18
0 21
0 22
0 24
0 27
0 30
0 32
0 34
0 35
0 37
0 39
0 40
0 41
0 43
0 46
0 47
0 48
0 52
0 57
0 58
0 59
0 60
0 62
0 67
0 71
0 72
0 75
0 77
0 78
0 79
0 80
0 85
0 90
0 94
0 95
0 98
0 99
1 1
1 2
1 3
1 7
1 8
1 11
1 12
1 14
1 18
1 19
1 20
1 21
1 27
1 30
1 31
1 32
1 33
1 34
1 35
1 37
1 39
1 41
1 43
1 47
1 49
1 50
1 51
1 53
1 55
1 57
1 58
1 59
1 61
1 63
1 67
1 71
1 74
1 75
1 76
1 77
1 78
1 87
1 88
1 91
1 92
1 94
1 96
1 98
5 2
5 3
5 4
5 6
5 8
5 18
5 19
5 21
5 22
5 23
5 25
5 29
5 31
5 32
5 33
5 34
5 36
5 39
5 40
5 46
5 47
5 48
5 49
5 50
5 51
5 54
5 59
5 61
5 62
5 63
5 64
5 69
5 71
5 76
5 77
5 78
5 79
5 80
5 82
5 83
5 86
5 88
5 89
5 90
5 91
5 93
5 94
8 3
8 4
8 6
8 14
8 16
8 17
8 18
8 19
8 26
8 27
8 28
8 30
8 33
8 34
8 38
8 45
8 47
8 48
8 49
8 50
8 55
8 59
8 60
8 63
8 64
8 66
8 69
8 70
8 71
8 72
8 73
8 78
8 83
8 84
8 86
8 87
8 88
8 89
8 93
8 96
8 97
8 98
9 3
9 6
9 7
9 12
9 15
9 16
9 17
9 18
9 21
9 23
9 24
9 25
9 26
9 27
9 28
9 31
9 36
9 38
9 39
9 40
9 44
9 45
9 46
9 47
9 49
9 52
9 55
9 58
9 59
9 60
9 61
9 63
9 69
9 71
9 72
9 73
9 74
9 77
9 78
9 79
9 80
9 82
9 86
9 87
9 89
9 90
9 93
9 94
9 98
9 99
11 2
11 3
11 4
11 6
11 7
11 14
11 15
11 16
11 17
11 18
11 20
11 22
11 23
11 24
11 25
11 27
11 28
11 29
11 31
11 34
11 36
11 43
11 44
11 45
11 48
11 50
11 52
11 53
11 54
11 55
11 57
11 63
11 65
11 66
11 67
11 69
11 70
11 73
11 76
11 81
11 83
11 85
11 88
11 91
11 92
11 96
11 97
12 3
12 4
12 6
12 7
12 10
12 14
12 16
12 17
12 18
12 20
12 22
12 23
12 25
12 26
12 30
12 35
12 42
12 46
12 53
12 54
12 56
12 60
12 61
12 66
12 67
12 68
12 69
12 70
12 75
12 76
12 78
12 80
12 81
12 82
12 83
12 85
12 86
12 89
12 90
12 91
12 92
12 93
12 94
12 95
12 96
12 97
12 98
15 3
15 4
15 7
15 10
15 13
15 18
15 19
15 20
15 22
15 23
15 25
15 33
15 34
15 36
15 37
15 39
15 43
15 44
15 45
15 46
15 49
15 50
15 51
15 52
15 53
15 55
15 61
15 62
15 64
15 70
15 71
15 75
15 76
15 78
15 79
15 84
15 85
15 89
15 91
15 92
15 94
15 96
15 97
16 2
16 6
16 10
16 16
16 18
16 19
16 21
16 22
16 23
16 24
16 25
16 28
16 31
16 33
16 35
16 38
16 39
16 40
16 43
16 46
16 47
16 48
16 52
16 55
16 56
16 62
16 63
16 64
16 65
16 70
16 71
16 75
16 77
16 79
16 80
16 81
16 82
16 83
16 86
16 89
16 92
16 94
16 95
16 99
17 7
17 13
17 14
17 18
17 19
17 21
17 22
17 23
17 25
17 28
17 30
17 31
17 33
17 35
17 37
17 38
17 39
17 40
17 41
17 43
17 45
17 51
17 52
17 53
17 55
17 56
17 59
17 60
17 61
17 62
17 63
17 66
17 68
17 73
17 74
17 75
17 79
17 81
17 82
17 83
17 84
17 85
17 86
17 87
17 89
17 92
17 93
17 97
17 98
17 99
18 3
18 10
18 22
18 23
18 25
18 28
18 31
18 32
18 33
18 35
18 38
18 40
18 43
18 44
18 46
18 47
18 53
18 54
18 55
18 57
18 58
18 59
18 62
18 64
18 65
18 67
18 68
18 71
18 72
18 74
18 80
18 82
18 84
18 85
18 88
18 90
18 91
18 92
18 95
18 96
21 2
21 6
21 19
21 20
21 21
21 22
21 23
21 27
21 28
21 29
21 31
21 32
21 35
21 36
21 39
21 42
21 46
21 47
21 48
21 53
21 54
21 59
21 60
21 62
21 63
21 64
21 65
21 66
21 67
21 69
21 71
21 75
21 76
21 77
21 78
21 80
21 82
21 85
21 86
21 87
21 92
21 95
22 2
22 6
22 10
22 13
22 29
22 30
22 32
22 36
22 38
22 40
22 41
22 44
22 45
22 47
22 49
22 50
22 51
22 52
22 53
22 54
22 55
22 57
22 59
22 60
22 62
22 63
22 64
22 66
22 72
22 73
22 75
22 77
22 79
22 81
22 82
22 84
22 85
22 86
22 88
22 89
22 90
22 93
22 94
22 96
22 98
24 3
24 6
24 13
24 14
24 23
24 25
24 26
24 27
24 34
24 41
24 43
24 44
24 47
24 48
24 51
24 53
24 56
24 57
24 59
24 60
24 62
24 63
24 68
24 69
24 70
24 75
24 76
24 77
24 79
24 80
24 81
24 82
24 84
24 85
24 87
24 89
24 90
24 92
24 94
24 95
24 96
24 97
24 98
27 2
27 3
27 6
27 7
27 10
27 13
27 14
27 19
27 20
27 27
27 31
27 32
27 33
27 35
27 40
27 41
27 42
27 44
27 45
27 47
27 49
27 50
27 51
27 52
27 54
27 55
27 56
27 60
27 62
27 64
27 65
27 66
27 67
27 68
27 69
27 76
27 80
27 81
27 83
27 84
27 85
27 88
27 89
27 90
27 91
27 92
27 95
27 99
30 2
30 7
30 13
30 23
30 28
30 32
30 33
30 37
30 40
30 45
30 48
30 49
30 50
30 54
30 57
30 58
30 61
30 62
30 64
30 66
30 68
30 70
30 71
30 77
30 80
30 82
30 84
30 85
30 88
30 89
30 91
30 94
32 2
32 3
32 6
32 7
32 10
32 19
32 20
32 23
32 31
32 33
32 34
32 36
32 38
32 39
32 43
32 44
32 45
32 46
32 48
32 51
32 53
32 55
32 56
32 60
32 63
32 64
32 65
32 66
32 68
32 69
32 71
32 74
32 75
32 77
32 78
32 80
32 82
32 86
32 89
32 90
32 91
32 92
32 95
34 3
34 4
34 6
34 7
34 13
34 19
34 20
34 23
34 26
34 28
34 34
34 36
34 44
34 48
34 49
34 50
34 57
34 58
34 61
34 64
34 65
34 67
34 70
34 71
34 72
34 74
34 76
34 79
34 81
34 83
34 85
34 87
34 88
34 89
34 92
34 95
34 97
34 98
34 99
35 3
35 7
35 20
35 23
35 26
35 29
35 38
35 40
35 41
35 43
35 44
35 45
35 46
35 47
35 50
35 52
35 54
35 59
35 60
35 62
35 64
35 65
35 66
35 68
35 71
35 72
35 73
35 74
35 76
35 80
35 81
35 83
35 85
35 86
35 88
35 92
35 93
35 97
35 98
37 2
37 3
37 4
37 6
37 7
37 10
37 14
37 20
37 23
37 26
37 29
37 33
37 38
37 41
37 42
37 44
37 45
37 53
37 54
37 55
37 57
37 60
37 64
37 65
37 66
37 70
37 72
37 73
37 74
37 75
37 76
37 78
37 80
37 84
37 85
37 87
37 92
37 94
37 96
37 97
37 99
39 2
39 3
39 6
39 13
39 19
39 20
39 23
39 25
39 26
39 29
39 39
39 41
39 43
39 48
39 49
39 52
39 53
39 56
39 59
39 61
39 62
39 63
39 64
39 71
39 72
39 73
39 74
39 75
39 81
39 82
39 83
39 84
39 87
39 88
39 90
39 91
39 92
39 93
39 94
39 99
40 2
40 3
40 6
40 25
40 29
40 31
40 36
40 42
40 43
40 44
40 45
40 46
40 47
40 48
40 50
40 52
40 54
40 57
40 60
40 61
40 65
40 66
40 67
40 69
40 70
40 71
40 72
40 74
40 75
40 76
40 77
40 78
40 79
40 84
40 85
40 91
40 92
40 94
40 96
40 97
40 98
40 99
41 3
41 7
41 10
41 13
41 19
41 23
41 31
41 36
41 38
41 41
41 42
41 43
41 44
41 45
41 48
41 50
41 51
41 52
41 53
41 56
41 57
41 58
41 61
41 62
41 63
41 66
41 67
41 68
41 69
41 70
41 74
41 77
41 79
41 80
41 82
41 87
41 91
41 92
41 94
41 95
41 96
41 98
43 2
43 4
43 10
43 13
43 14
43 19
43 20
43 25
43 26
43 29
43 36
43 38
43 42
43 43
43 44
43 46
43 47
43 49
43 50
43 52
43 54
43 59
43 61
43 62
43 68
43 75
43 76
43 79
43 80
43 83
43 84
43 85
43 86
43 87
43 91
43 95
43 96
43 97
43 99
46 2
46 4
46 6
46 7
46 20
46 25
46 28
46 31
46 38
46 42
46 44
46 46
46 47
46 48
46 53
46 57
46 58
46 60
46 61
46 63
46 67
46 69
46 71
46 72
46 74
46 76
46 78
46 79
46 86
46 87
46 88
46 89
46 91
46 92
46 94
46 98
47 2
47 3
47 6
47 7
47 13
47 14
47 20
47 23
47 26
47 28
47 31
47 33
47 38
47 42
47 44
47 45
47 47
47 53
47 59
47 60
47 61
47 63
47 64
47 66
47 68
47 73
47 75
47 77
47 78
47 79
47 80
47 84
47 85
47 86
47 89
47 90
47 91
47 96
47 97
47 98
47 99
48 4
48 6
48 13
48 19
48 20
48 23
48 25
48 26
48 42
48 44
48 45
48 49
48 50
48 54
48 56
48 57
48 58
48 60
48 62
48 63
48 64
48 66
48 67
48 68
48 69
48 72
48 73
48 76
48 78
48 81
48 87
48 90
48 91
48 92
48 93
48 94
48 96
48 97
48 98
52 2
52 3
52 4
52 13
52 14
52 19
52 20
52 23
52 29
52 36
52 38
52 51
52 52
52 53
52 54
52 56
52 58
52 59
52 61
52 62
52 65
52 67
52 68
52 69
52 73
52 76
52 77
52 78
52 79
52 81
52 82
52 83
52 86
52 87
52 88
52 90
52 92
52 93
52 94
52 95
52 98
52 99
57 2
57 10
57 20
57 26
57 31
57 33
57 45
57 50
57 53
57 54
57 55
57 56
57 57
57 58
57 59
57 60
57 61
57 63
57 65
57 66
57 67
57 68
57 70
57 71
57 72
57 73
57 74
57 75
57 77
57 78
57 82
57 85
57 86
57 88
57 90
57 91
57 95
57 97
58 2
58 6
58 10
58 19
58 26
58 29
58 38
58 42
58 44
58 45
58 49
58 51
58 53
58 54
58 59
58 60
58 63
58 65
58 66
58 68
58 69
58 70
58 71
58 72
58 78
58 80
58 81
58 83
58 84
58 93
58 95
58 96
58 98
59 2
59 3
59 7
59 10
59 14
59 20
59 29
59 31
59 36
59 51
59 61
59 62
59 63
59 64
59 66
59 67
59 68
59 71
59 73
59 74
59 75
59 77
59 78
59 79
59 80
59 84
59 85
59 88
59 89
59 91
59 92
59 96
59 98
59 99
60 2
60 3
60 6
60 7
60 10
60 13
60 14
60 25
60 28
60 31
60 33
60 36
60 38
60 49
60 50
60 51
60 53
60 56
60 60
60 61
60 63
60 66
60 67
60 69
60 70
60 76
60 78
60 79
60 83
60 84
60 86
60 91
60 92
60 93
60 95
60 96
60 97
60 99
62 2
62 6
62 10
62 13
62 19
62 20
62 26
62 28
62 29
62 31
62 33
62 36
62 42
62 44
62 45
62 49
62 51
62 53
62 54
62 55
62 62
62 63
62 64
62 68
62 69
62 76
62 78
62 79
62 82
62 84
62 85
62 86
62 88
62 90
62 91
62 93
62 95
62 98
62 99
67 2
67 7
67 13
67 20
67 25
67 26
67 28
67 29
67 31
67 36
67 44
67 49
67 51
67 56
67 63
67 64
67 66
67 69
67 70
67 74
67 76
67 81
67 82
67 83
67 84
67 85
67 89
67 90
67 91
67 94
67 96
67 98
67 99
71 3
71 4
71 10
71 13
71 14
71 19
71 23
71 25
71 28
71 31
71 36
71 45
71 49
71 51
71 54
71 55
71 61
71 63
71 65
71 68
71 70
71 73
71 74
71 78
71 79
71 82
71 88
71 89
71 91
71 93
71 95
71 96
71 97
71 98
71 99
72 13
72 23
72 28
72 29
72 33
72 42
72 44
72 45
72 54
72 55
72 56
72 61
72 63
72 64
72 65
72 66
72 68
72 69
72 70
72 77
72 78
72 79
72 80
72 81
72 83
72 84
72 86
72 88
72 90
72 91
72 96
75 2
75 6
75 10
75 19
75 23
75 25
75 36
75 50
75 54
75 55
75 61
75 64
75 66
75 68
75 69
75 70
75 76
75 77
75 81
75 82
75 83
75 84
75 85
75 89
75 90
75 93
75 94
75 95
75 97
77 3
77 7
77 14
77 25
77 28
77 33
77 38
77 42
77 44
77 49
77 51
77 53
77 56
77 61
77 65
77 68
77 76
77 77
77 78
77 80
77 81
77 85
77 88
77 91
77 92
77 93
77 94
77 96
77 97
78 3
78 4
78 6
78 10
78 13
78 20
78 26
78 29
78 31
78 36
78 38
78 44
78 49
78 50
78 54
78 55
78 56
78 61
78 63
78 65
78 68
78 70
78 78
78 79
78 81
78 90
78 92
78 93
78 97
79 3
79 4
79 6
79 10
79 20
79 23
79 25
79 29
79 31
79 49
79 54
79 61
79 63
79 68
79 70
79 76
79 79
79 80
79 83
79 86
79 89
79 91
79 92
79 93
79 95
79 96
79 97
79 99
80 2
80 4
80 6
80 13
80 14
80 19
80 23
80 29
80 31
80 33
80 38
80 44
80 45
80 50
80 51
80 53
80 54
80 55
80 56
80 65
80 66
80 74
80 80
80 82
80 83
80 86
80 87
80 90
80 94
85 6
85 7
85 13
85 14
85 31
85 33
85 44
85 45
85 49
85 50
85 51
85 55
85 56
85 61
85 63
85 65
85 74
85 81
85 83
85 84
85 87
85 89
85 91
85 92
85 95
85 96
85 97
90 2
90 3
90 4
90 7
90 20
90 26
90 31
90 42
90 45
90 49
90 51
90 55
90 56
90 63
90 66
90 68
90 69
90 70
90 73
90 74
90 76
90 87
90 89
90 90
90 91
90 96
90 97
94 4
94 19
94 23
94 28
94 29
94 38
94 42
94 44
94 45
94 50
94 51
94 56
94 64
94 68
94 70
94 76
94 83
94 86
94 87
94 88
94 93
94 94
94 95
94 97
94 99
95 2
95 3
95 4
95 6
95 13
95 14
95 20
95 23
95 25
95 26
95 29
95 31
95 33
95 36
95 38
95 45
95 54
95 55
95 56
95 61
95 66
95 68
95 70
95 73
95 81
95 82
95 83
95 86
95 87
95 88
95 89
95 92
95 95
95 96
95 97
95 98
98 3
98 13
98 20
98 25
98 28
98 29
98 36
98 44
98 45
98 50
98 53
98 55
98 63
98 65
98 73
98 76
98 82
98 83
98 88
98 91
98 92
98 93
98 97
98 98
99 3
99 4
99 6
99 7
99 10
99 14
99 23
99 28
99 33
99 36
99 42
99 44
99 45
99 54
99 66
99 69
99 70
99 73
99 81
99 84
99 87
99 88
99 92
99 96
2 3
2 6
2 7
2 13
2 14
2 20
2 25
2 26
2 31
2 33
2 42
2 50
2 51
2 53
2 55
2 56
2 63
2 64
2 65
2 66
2 74
2 84
2 86
2 87
2 88
2 91
2 96
3 4
3 7
3 10
3 13
3 14
3 19
3 25
3 28
3 29
3 31
3 45
3 61
3 63
3 69
3 73
3 82
3 86
3 87
3 91
3 92
3 93
3 96
3 97
7 13
7 20
7 26
7 29
7 38
7 42
7 44
7 49
7 51
7 54
7 64
7 69
7 81
7 82
7 83
7 87
7 88
7 92
7 93
7 97
14 6
14 10
14 13
14 23
14 26
14 29
14 33
14 36
14 38
14 51
14 54
14 64
14 65
14 73
14 76
14 81
14 82
14 83
14 84
14 86
14 88
14 91
14 93
14 96
19 6
19 13
19 20
19 23
19 25
19 26
19 28
19 29
19 38
19 45
19 49
19 51
19 53
19 61
19 66
19 68
19 74
19 76
19 81
19 82
19 89
19 93
19 96
20 4
20 10
20 13
20 20
20 26
20 38
20 42
20 50
20 54
20 55
20 56
20 63
20 66
20 69
20 70
20 73
20 74
20 82
20 83
20 86
20 88
20 92
20 93
20 97
31 4
31 6
31 13
31 23
31 25
31 31
31 36
31 42
31 49
31 50
31 53
31 61
31 63
31 65
31 66
31 69
31 70
31 73
31 76
31 87
31 89
31 91
31 92
31 93
31 96
33 6
33 13
33 23
33 26
33 28
33 29
33 36
33 44
33 45
33 49
33 50
33 55
33 64
33 68
33 70
33 74
33 82
33 87
33 96
33 97
49 13
49 23
49 28
49 38
49 42
49 44
49 45
49 49
49 50
49 51
49 61
49 65
49 69
49 70
49 81
49 87
49 88
49 89
49 91
50 4
50 6
50 13
50 25
50 26
50 36
50 38
50 42
50 44
50 51
50 53
50 55
50 56
50 65
50 69
50 70
50 74
50 83
50 86
50 87
50 88
51 4
51 13
51 26
51 36
51 38
51 42
51 45
51 63
51 65
51 66
51 70
51 73
51 74
51 76
51 81
51 83
51 87
51 92
51 96
51 97
53 13
53 36
53 38
53 42
53 44
53 53
53 55
53 56
53 61
53 65
53 66
53 68
53 73
53 74
53 82
53 84
53 87
53 91
53 92
53 96
55 13
55 42
55 45
55 56
55 61
55 66
55 69
55 70
55 74
55 81
55 82
55 84
55 87
55 88
55 97
61 4
61 10
61 28
61 29
61 36
61 45
61 54
61 56
61 70
61 83
61 84
61 89
61 91
61 92
61 96
63 10
63 25
63 26
63 28
63 38
63 42
63 44
63 56
63 63
63 65
63 68
63 70
63 73
63 74
63 76
63 81
63 83
63 86
63 87
63 88
63 93
63 96
63 97
74 4
74 6
74 13
74 26
74 28
74 29
74 45
74 54
74 56
74 64
74 70
74 73
74 76
74 86
74 88
74 89
74 91
74 92
76 4
76 10
76 23
76 28
76 29
76 36
76 42
76 45
76 64
76 69
76 70
76 83
76 88
76 89
76 93
76 96
76 97
87 4
87 10
87 23
87 25
87 26
87 29
87 36
87 38
87 42
87 44
87 56
87 64
87 66
87 68
87 69
87 70
87 73
87 82
87 84
87 86
87 87
87 89
87 97
88 4
88 10
88 13
88 23
88 26
88 42
88 54
88 64
88 65
88 70
88 82
88 83
88 86
88 88
88 89
88 93
91 4
91 6
91 25
91 26
91 29
91 38
91 45
91 56
91 64
91 65
91 68
91 73
91 81
91 83
91 84
91 86
91 89
91 92
91 96
91 97
92 4
92 10
92 23
92 25
92 38
92 44
92 45
92 56
92 68
92 69
92 70
92 73
92 83
92 86
92 92
92 93
92 96
92 97
96 4
96 10
96 13
96 25
96 28
96 42
96 44
96 45
96 68
96 69
96 70
96 82
96 83
96 93
6 6
6 10
6 13
6 23
6 26
6 38
6 42
6 44
6 54
6 56
6 64
6 65
6 66
6 69
6 73
6 81
6 82
6 83
6 84
13 10
13 23
13 25
13 28
13 29
13 36
13 38
13 42
13 44
13 45
13 54
13 64
13 66
13 70
13 81
13 82
13 84
13 86
25 10
25 36
25 38
25 45
25 54
25 56
25 64
25 65
25 69
25 73
25 83
26 10
26 28
26 45
26 65
26 66
26 70
26 81
26 82
26 83
26 84
26 89
26 97
42 4
42 10
42 23
42 29
42 64
42 65
42 66
42 69
42 73
42 81
42 84
42 86
42 97
56 4
56 10
56 28
56 36
56 38
56 56
56 64
56 66
56 83
56 84
56 93
64 4
64 10
64 28
64 29
64 64
64 66
64 70
64 73
64 82
64 83
64 86
64 93
64 97
65 4
65 10
65 29
65 36
65 38
65 66
65 73
65 81
65 83
66 10
66 28
66 29
66 38
66 44
66 66
66 69
66 73
66 84
66 93
66 97
84 10
84 36
84 38
84 44
84 45
84 70
84 73
84 82
84 83
84 84
84 86
86 4
86 23
86 28
86 36
86 54
86 69
86 73
86 81
86 83
4 4
4 28
4 29
4 36
4 69
4 81
4 82
4 89
4 93
10 10
10 29
10 45
10 54
10 69
10 73
10 83
10 97
28 28
28 36
28 38
28 68
28 69
28 70
28 82
28 83
29 29
29 54
29 69
29 70
29 83
45 23
69 23
69 36
69 54
69 68
69 70
69 73
69 81
69 93
69 97
73 36
73 38
73 44
73 54
73 68
73 73
73 81
73 97
82 36
82 44
82 70
82 81
82 83
93 68
93 89
93 93
93 97
97 23
97 68
97 89
97 97
36 36
36 89
81 38
81 44
81 54
81 68
81 81
81 89
89 38
89 54
89 89
23 23
23 38
23 44
23 54
23 68
23 83
54 38
54 54
54 83
83 38
83 44
83 83
38 38
38 70
44 44
44 68
68 68