0 1 2 3 4 5 6 7 8 9 10 11 12 13 14 15 16 17 18 19 20 21 22 23 24 25 26 27 28 29 30 31 32 33 34 35 36 37 38 39 40 41 42 43 44 45 46 47 48 49 50 51 52 53 54
0 1
0 2
1 2
2 3
2 4
3 4
4 5
4 6
5 6
6 7
6 8
7 8
8 9
8 10
9 10
10 11
10 12
11 12
12 13
12 14
13 14
14 15
14 16
15 16
16 17
16 18
17 18
18 19
18 20
19 20
20 21
20 22
21 22
22 23
22 24
23 24
24 25
24 26
25 26
26 27
26 28
27 28
28 29
28 30
29 30
30 31
30 32
31 32
32 33
32 34
33 34
34 35
34 36
34 37
34 38
34 39
34 40
34 41
34 42
34 43
34 44
34 45
34 46
34 47
34 48
34 49
34 50
34 51
34 52
34 53
34 54
53 54