0 27 32 33 41 47 52 53 56 61 62 63 74 75 81 89 91 92 99 1 8 10 14 15 18 31 37 40 45 46 48 54 72 83 84 86 2 16 26 28 30 49 50 51 59 66 69 70 73 76 93 3 7 12 20 23 29 44 68 78 87 4 17 19 85 95 97 5 21 35 39 55 65 88 90 6 24 25 34 43 67 94 11 58 60 71 77 79 9 36 80 38 96 98 13 22 42 64 57 82
0 27
0 32
0 33
0 41
0 47
0 52
0 53
0 56
0 61
0 62
0 63
0 74
0 75
0 81
0 89
0 91
0 92
0 99
27 14
27 18
27 28
27 29
27 34
27 45
27 62
27 63
27 70
27 72
27 77
27 80
27 81
27 82
27 85
27 87
27 98
27 99
32 3
32 6
32 14
32 18
32 21
32 26
32 42
32 63
32 66
32 76
32 86
32 88
32 93
32 94
32 95
33 1
33 8
33 11
33 13
33 34
33 35
33 40
33 47
33 48
33 52
33 62
33 69
33 80
33 83
33 87
33 91
41 2
41 12
41 23
41 38
41 48
41 65
41 68
41 80
41 85
41 92
41 98
47 6
47 16
47 17
47 19
47 54
47 62
47 78
47 85
47 89
47 90
47 93
47 95
47 97
52 3
52 28
52 42
52 44
52 46
52 51
52 57
52 61
52 68
52 74
52 83
52 92
52 94
53 4
53 6
53 19
53 22
53 26
53 34
53 44
53 46
53 49
53 54
53 62
53 66
53 83
53 86
53 88
53 97
53 99
56 4
56 7
56 13
56 21
56 39
56 40
56 51
56 58
56 63
56 67
56 69
56 74
56 87
56 88
61 1
61 5
61 13
61 15
61 37
61 46
61 57
61 65
61 67
61 71
61 81
61 83
61 84
61 96
62 4
62 5
62 6
62 9
62 14
62 17
62 29
62 36
62 44
62 46
62 50
62 51
62 67
62 72
62 73
62 79
62 80
62 86
62 92
63 4
63 10
63 35
63 44
63 60
63 70
63 75
63 83
63 92
63 96
74 8
74 10
74 14
74 18
74 20
74 22
74 23
74 28
74 39
74 44
74 45
74 83
74 84
74 89
75 7
75 25
75 30
75 38
75 42
75 44
75 59
75 83
75 84
75 85
75 87
75 94
75 95
81 12
81 18
81 19
81 21
81 25
81 37
81 39
81 46
81 78
81 88
81 93
81 95
81 99
89 1
89 2
89 14
89 20
89 25
89 30
89 70
91 37
91 49
91 51
91 54
91 66
91 92
92 3
92 12
92 17
92 28
92 37
92 46
92 57
92 59
92 67
92 69
92 71
92 73
92 76
92 90
92 93
92 97
92 99
99 1
99 5
99 8
99 10
99 13
99 14
99 39
99 43
99 44
99 51
99 54
99 60
99 65
99 70
99 71
1 8
1 10
1 14
1 15
1 18
1 31
1 37
1 40
1 45
1 46
1 48
1 54
1 72
1 83
1 84
1 86
8 5
8 11
8 12
8 24
8 48
8 58
8 60
8 65
8 71
8 77
8 79
8 90
8 95
10 3
10 6
10 14
10 16
10 24
10 34
10 38
10 43
10 46
10 48
10 50
10 80
10 87
10 96
10 98
14 13
14 23
14 26
14 29
14 34
14 44
14 45
14 46
14 48
14 68
14 71
14 72
14 79
14 83
14 90
15 2
15 22
15 26
15 28
15 34
15 37
15 42
15 85
15 88
15 98
18 9
18 25
18 29
18 38
18 45
18 48
18 64
18 68
18 77
18 86
31 11
31 12
31 20
31 26
31 35
31 37
31 42
31 45
31 48
31 59
31 69
31 72
31 79
31 84
31 85
31 87
31 90
31 93
31 96
37 6
37 16
37 24
37 28
37 29
37 34
37 48
37 57
37 65
37 67
37 72
37 97
40 28
40 64
40 70
40 85
40 86
40 96
45 21
45 35
45 42
45 82
45 84
45 86
45 94
46 9
46 12
46 22
46 30
46 51
46 64
46 67
46 68
46 72
46 80
46 85
46 94
46 95
46 96
48 3
48 12
48 43
48 54
48 68
48 71
48 80
48 83
48 87
48 88
54 3
54 11
54 19
54 29
54 30
54 51
54 55
54 60
54 73
54 76
54 82
54 96
72 12
72 16
72 21
72 25
72 28
72 39
72 68
72 70
72 76
72 86
72 96
72 98
83 23
83 26
83 58
83 67
83 94
84 30
84 44
84 49
84 50
84 73
84 85
84 87
84 90
84 96
84 97
86 2
86 6
86 17
86 22
86 42
86 50
86 76
86 88
86 96
2 16
2 26
2 28
2 30
2 49
2 50
2 51
2 59
2 66
2 69
2 70
2 73
2 76
2 93
16 9
16 22
16 35
16 58
16 59
16 64
16 66
26 19
26 21
26 28
26 29
26 35
26 51
26 57
26 65
26 71
26 73
26 88
26 95
26 98
28 24
28 29
28 39
28 42
28 49
28 51
28 57
28 60
28 68
28 69
28 82
28 88
30 12
30 17
30 20
30 29
30 50
30 51
30 65
30 95
49 12
49 35
49 42
49 44
49 88
49 98
50 7
50 21
50 22
50 29
50 36
50 39
50 51
50 57
50 59
50 64
50 97
51 4
51 60
51 64
51 78
51 93
59 3
59 4
59 17
59 68
59 69
59 70
59 82
59 93
66 19
66 22
66 34
66 55
69 4
69 20
69 34
69 38
69 43
69 57
70 3
70 4
70 12
70 20
70 34
70 36
70 38
70 55
70 58
70 65
70 90
73 7
73 29
73 36
73 68
73 77
73 80
73 90
76 13
76 20
76 71
76 78
76 88
76 93
76 95
93 13
93 17
93 58
93 87
3 7
3 12
3 20
3 23
3 29
3 44
3 68
3 78
3 87
7 24
7 44
7 88
7 94
12 4
12 5
12 23
12 24
12 34
12 60
12 67
12 68
12 71
20 6
20 11
20 19
20 21
20 22
20 23
20 43
20 68
20 82
20 97
23 9
23 21
23 43
23 64
23 87
23 88
23 90
23 97
29 25
29 38
29 42
29 57
29 65
29 68
29 88
29 98
44 35
44 36
44 65
44 78
44 88
44 96
68 11
68 13
68 57
68 82
68 88
68 98
78 4
78 17
78 35
78 39
78 65
78 97
78 98
87 43
87 64
4 17
4 19
4 85
4 95
4 97
17 11
17 38
17 42
17 55
17 57
17 65
17 67
17 71
17 77
19 5
19 24
19 39
19 43
19 57
19 67
19 71
19 79
19 85
19 97
19 98
85 9
85 71
95 6
95 38
95 39
95 94
97 6
97 43
97 57
97 60
97 80
97 82
97 88
97 90
5 21
5 35
5 39
5 55
5 65
5 88
5 90
21 24
21 43
21 57
21 94
35 11
35 42
35 88
35 96
39 57
39 80
39 96
55 9
55 34
55 36
55 77
55 82
55 90
65 11
65 13
65 43
65 71
65 88
65 94
65 96
65 98
88 9
88 24
88 77
88 94
88 96
90 34
90 60
90 82
6 24
6 25
6 34
6 43
6 67
6 94
24 11
24 77
24 98
25 43
25 60
25 71
25 79
25 80
34 13
34 38
34 67
34 79
43 96
67 79
94 13
94 22
94 38
94 58
94 77
11 36
11 79
58 64
58 77
60 22
60 57
60 71
60 77
60 80
77 38
77 96
9 36
9 80
38 22
38 82
98 22
98 42