0 1 14 26 36 67 72 85 91 4 11 34 51 53 65 93 2 59 61 3 38 71 16 63 79 96 5 25 43 80 90 6 7 23 27 35 37 81 52 84 94 8 24 9 40 44 10 46 57 58 98 75 12 88 13 30 33 60 62 70 73 89 15 45 49 17 20 47 66 95 18 41 97 19 48 78 21 28 22 74 42 56 83 92 99 29 31 55 32 69 39 50 86 54 77 82 64 68 76 87
0 1
0 14
0 26
0 36
0 67
0 72
0 85
0 91
1 4
1 11
1 34
1 51
1 53
1 65
1 93
14 35
14 89
26 5
26 27
26 42
26 75
36 13
36 69
36 73
36 74
36 86
36 88
36 91
67 10
67 64
67 74
67 84
67 98
72 3
72 8
72 18
72 43
72 64
72 75
72 83
85 4
85 15
85 31
85 50
85 55
85 80
85 90
91 7
91 17
91 48
91 54
91 73
4 11
4 16
4 63
4 65
4 79
4 96
11 75
34 17
34 18
34 37
34 53
34 88
51 9
51 20
51 35
51 40
53 22
53 27
53 28
53 55
53 84
65 10
65 45
65 80
93 6
93 38
93 61
93 88
2 59
2 61
59 20
59 69
59 95
61 7
61 41
61 54
61 70
61 86
3 38
3 71
38 12
38 18
38 41
38 81
38 83
71 24
71 39
71 70
71 77
71 90
16 88
63 21
63 32
63 37
63 95
79 10
79 12
79 13
79 49
79 68
79 77
79 78
96 97
5 25
5 43
5 80
5 90
25 45
25 62
25 74
43 58
43 62
80 29
80 32
80 48
80 54
90 45
90 60
90 87
90 99
6 7
6 23
6 27
6 35
6 37
6 81
7 52
7 84
7 94
23 21
23 81
27 41
27 47
27 56
27 89
35 31
37 22
37 52
37 54
37 78
37 94
81 44
81 66
81 73
52 46
52 47
52 49
52 75
52 88
52 94
84 32
94 70
8 24
24 74
9 40
9 44
40 19
40 28
40 69
40 75
40 99
44 31
44 50
44 98
10 46
10 57
10 58
10 98
46 62
57 12
57 15
57 48
57 70
57 74
57 77
58 12
75 77
75 92
12 88
88 60
88 66
13 30
13 33
13 60
13 62
13 70
13 73
30 31
30 55
30 78
30 97
33 39
33 50
60 82
62 77
62 82
70 15
70 92
73 28
89 29
89 82
15 45
15 49
45 74
45 83
45 95
49 92
17 20
17 47
17 66
17 95
47 32
95 69
18 41
18 97
41 56
41 77
41 99
19 48
19 78
48 42
48 92
78 28
21 28
28 83
28 92
28 99
74 86
42 56
42 83
42 92
92 31
31 32
32 69
77 76
82 76