0 1 2 3 4 5 6 7 8 9 10 11 12 13 14 15 16 17 18 19 20 21 22 23 24 25 26 27 28 29 30 31 32 33 34 35 36 37 38 39 40 41 42 43 44 45 46 47 48 49 50 51 52 53 54 55 56 57 58 59 60 61 62 63 64 65 66 67 68 69 70 71 72 73 74 75 76 77 78 79 80 81 82 83 84 85 86 87 88 89 90 91 92 93 94 95 96 97 98
0 11
0 33
0 34
1 36
1 24
1 23
1 8
2 37
2 38
3 40
3 25
3 39
4 41
4 19
4 9
5 44
5 11
5 43
5 9
6 46
6 15
6 45
7 14
7 9
7 47
8 50
8 49
9 28
9 52
10 53
10 54
10 16
10 12
11 56
13 59
13 60
13 19
14 61
14 29
15 63
15 25
15 64
16 65
16 24
16 21
16 66
17 67
17 68
17 22
18 70
18 69
18 19
19 71
19 72
20 73
20 29
20 74
21 76
21 32
21 29
22 77
22 78
23 79
25 83
25 84
26 31
27 87
27 31
27 88
28 90
28 31
28 89
29 92
30 93
31 95
31 96
32 97
32 98
33 35
37 39
42 44
46 48
49 51
53 55
57 59
58 60
61 63
62 64
65 67
73 75
78 80
81 83
82 84
85 87
86 88
89 91
93 95
94 96