0 57 9 18 36 39 49 64 75 91 92 97 1 10 12 25 27 41 53 60 73 74 77 80 85 94 96 2 15 7 3 19 28 29 30 40 48 54 59 62 72 78 83 47 34 81 84 4 5 35 51 58 79 56 14 20 23 43 44 6 50 22 32 38 45 66 82 70 26 31 37 46 52 8 76 89 16 11 33 61 69 93 21 55 63 87 13 42 86 95 98 24 67 90 17 68 65 71 88
0 57
0 9
0 18
0 36
0 39
0 49
0 64
0 75
0 91
0 92
0 97
57 5
57 8
57 10
57 20
57 25
57 36
57 46
57 49
57 72
57 68
57 70
57 73
57 75
57 77
57 85
9 4
9 5
9 7
9 8
9 11
9 18
9 33
9 34
9 44
9 46
9 54
9 56
9 61
9 69
9 73
9 82
9 83
9 89
9 93
9 97
18 6
18 16
18 28
18 74
18 27
18 51
18 68
18 69
18 84
18 87
18 94
36 1
36 12
36 14
36 58
36 48
36 52
36 54
36 65
36 70
36 72
36 73
36 78
36 79
36 80
36 82
36 84
36 92
36 98
39 11
39 15
39 17
39 34
39 80
39 44
39 43
39 49
39 51
39 53
39 56
39 68
39 79
39 92
39 93
39 94
49 1
49 13
49 15
49 28
49 35
49 40
49 46
49 61
49 50
49 51
49 52
49 53
49 60
49 67
49 71
49 80
64 2
64 4
64 11
64 37
64 51
64 65
64 76
64 82
64 86
64 93
75 5
75 6
75 7
75 14
75 24
75 26
75 29
75 35
75 38
75 41
75 44
75 61
75 63
75 70
75 82
75 85
75 89
75 97
91 1
91 3
91 13
91 14
91 16
91 28
91 47
91 58
91 60
91 62
91 67
91 71
91 79
91 81
91 86
91 87
92 1
92 13
92 17
92 20
92 22
92 24
92 47
92 58
92 60
92 72
92 86
92 96
97 4
97 6
97 7
97 25
97 34
97 41
97 46
97 58
97 59
97 61
97 69
97 71
97 82
97 85
1 10
1 12
1 25
1 27
1 41
1 53
1 60
1 73
1 74
1 77
1 80
1 85
1 94
1 96
10 6
10 23
10 38
10 96
10 34
10 14
10 19
10 21
10 54
10 61
10 66
10 69
10 73
10 82
10 93
12 4
12 69
12 87
12 45
12 13
12 16
12 28
12 38
12 40
12 42
12 44
12 51
12 66
12 77
12 86
12 89
12 95
12 96
12 98
25 2
25 11
25 23
25 60
25 79
25 68
25 50
25 55
25 63
25 69
25 81
25 87
25 95
27 2
27 11
27 14
27 19
27 24
27 82
27 44
27 59
27 60
27 69
27 70
27 84
27 90
41 8
41 22
41 30
41 44
41 50
41 61
41 71
41 98
53 11
53 17
53 22
53 26
53 29
53 37
53 46
53 55
53 58
53 70
53 78
53 81
53 85
53 94
60 7
60 14
60 16
60 20
60 38
60 42
60 54
60 55
60 69
60 71
60 79
73 2
73 11
73 29
73 30
73 43
73 44
73 59
73 66
73 67
73 80
73 98
74 14
74 15
74 17
74 31
74 33
74 42
74 46
74 51
74 54
74 56
74 63
74 68
74 77
74 83
74 86
74 93
77 5
77 8
77 16
77 29
77 59
77 70
77 72
77 86
77 88
77 90
77 93
80 30
80 56
80 59
80 63
80 65
80 76
80 79
80 94
80 96
85 5
85 20
85 28
85 51
85 54
85 59
85 67
85 70
85 87
85 94
94 29
94 34
94 37
94 45
94 52
94 54
94 61
94 78
94 84
96 14
96 19
96 22
96 28
96 32
96 37
96 38
96 51
96 69
96 87
96 93
2 15
2 7
2 3
2 19
2 28
2 29
2 30
2 40
2 48
2 54
2 59
2 62
2 72
2 78
15 13
15 22
15 20
15 32
15 40
15 43
15 46
15 50
15 59
15 76
15 82
7 6
7 70
7 84
7 23
7 26
7 29
7 31
7 37
7 46
7 51
7 52
7 83
3 78
3 83
3 47
3 34
3 81
3 84
19 93
19 62
19 37
19 42
19 48
19 65
19 66
19 82
19 83
19 89
28 4
28 21
28 33
28 46
28 48
28 55
28 81
28 88
28 93
29 5
29 44
29 45
29 48
29 86
29 88
29 95
30 8
30 11
30 16
30 21
30 26
30 33
30 47
30 65
30 72
30 76
30 83
30 90
30 98
40 5
40 21
40 61
40 79
40 90
40 98
48 5
48 21
48 46
48 63
48 71
48 79
54 20
54 24
54 42
54 47
54 50
54 59
54 66
54 76
54 79
59 5
59 17
59 20
59 32
59 46
59 88
59 93
62 4
62 8
62 11
62 26
62 35
62 43
62 44
62 52
62 89
72 4
72 21
72 34
72 38
72 44
72 56
72 61
72 78
78 4
78 5
78 16
78 46
78 61
78 90
78 93
78 95
83 4
83 16
83 17
83 22
83 24
83 31
83 33
83 58
83 65
83 68
83 69
83 81
83 93
83 95
47 4
47 16
47 26
47 32
47 35
47 37
47 58
47 70
47 82
47 84
47 93
34 31
34 88
34 44
81 22
81 26
81 33
81 38
81 50
81 56
81 76
81 90
84 23
84 38
84 50
84 70
84 87
84 89
4 5
4 35
4 51
4 58
4 79
5 56
5 14
5 20
5 23
5 43
5 44
35 22
35 23
35 31
35 43
35 55
35 86
35 88
35 95
51 16
51 31
51 46
51 58
51 71
51 76
51 79
51 82
58 11
58 20
58 24
58 26
58 31
58 45
58 46
58 50
58 52
58 68
58 76
58 79
79 20
79 45
79 55
79 82
56 8
56 21
56 26
56 71
56 68
56 70
56 86
56 88
56 89
56 98
14 13
14 31
14 45
14 50
14 67
14 90
20 17
20 21
20 26
20 32
20 44
20 65
20 71
20 86
23 32
23 50
23 63
23 70
23 76
23 82
23 90
23 98
43 8
43 13
43 16
43 33
43 37
43 98
43 50
43 87
44 38
44 90
44 93
44 50
44 55
44 61
44 65
44 68
44 76
6 50
6 22
6 32
6 38
6 45
6 66
6 82
50 16
50 37
50 38
50 98
50 52
50 55
22 24
22 70
22 89
22 95
32 16
32 17
32 45
32 61
32 87
32 88
38 11
38 17
38 24
38 65
45 17
45 21
45 26
45 71
45 63
45 67
45 68
45 87
66 37
66 46
66 98
66 87
66 88
66 93
66 95
82 16
82 26
82 33
82 95
70 13
70 17
70 26
70 31
70 42
70 55
70 67
70 69
70 76
70 90
26 17
26 95
26 61
26 69
31 8
31 24
31 95
31 65
37 33
37 69
37 71
37 76
37 95
46 11
46 65
46 86
46 89
46 90
52 33
52 76
52 89
8 76
8 89
8 16
76 17
76 71
76 95
89 21
16 13
16 24
16 33
11 33
11 55
11 63
33 13
33 65
33 68
33 71
33 93
61 21
61 65
61 67
61 69
69 55
93 68
21 24
21 42
21 68
21 71
21 98
55 42
55 67
55 88
55 90
63 95
63 88
87 67
87 71
13 24
13 86
42 71
42 90
86 67
86 68
95 88
98 67
24 88
67 71
90 71
17 68
68 88