0 1 2 3 4 5 6 7 8 9 10 11 12 13 14 15 16 17 18 19 20 21 22 23 24 25 26 27 28 29 30 31 32 33 34 35 36 37 38 39 40 41 45 46 42 48 43 47 44 49 59 50 51 55 54 52 56 57 53 58
0 1
0 20
1 2
1 21
2 3
2 22
2 41
3 4
3 23
3 41
4 5
4 24
5 6
5 20
5 42
6 7
6 21
7 8
7 22
7 43
8 9
8 23
9 10
9 24
9 44
10 11
10 25
10 37
10 59
11 12
11 26
12 13
12 27
12 50
13 14
13 28
13 51
14 15
14 29
14 50
14 54
15 16
15 25
15 51
16 17
16 26
16 52
17 18
17 27
17 53
18 19
18 28
18 52
19 29
19 53
20 30
21 31
22 32
23 34
24 35
26 27
30 40
32 33
35 36
36 37
37 38
38 39
41 45
45 46
42 48
43 47
47 49
44 49
51 55
52 56
56 57
53 58