65 50 19 89 96 10 67 29 82 49 87 68 84 63 6 81 24 22 12 4 41 38 34 35 83 92 54 26 93 21 13 86 88 11 98 91 95 71 36 7 62 18 47 80 44 90 14 64 57 28 40 55 39 61 33 69 78 8 94 74 53 75 46 76 48 23 99 17 97 2 79 45 66 25 30 77 0 56 9 37 72 85 42 1 73 60 59 32 31 51 20 58 3 27 16 52 15 5 43 70
65 50
65 69
65 78
65 52
65 38
50 19
19 89
19 3
19 48
89 96
89 8
89 94
89 6
89 34
89 71
89 67
89 25
89 54
96 10
96 61
96 4
96 94
96 11
96 38
96 52
96 43
96 17
10 67
67 29
67 54
67 26
67 6
67 33
67 71
67 2
67 81
67 83
67 12
29 82
29 48
29 23
29 38
29 87
82 49
82 18
82 23
82 44
82 78
49 87
49 38
49 75
49 72
49 95
49 48
49 84
87 68
87 57
87 28
87 74
87 55
87 26
87 56
87 92
87 44
87 18
87 58
87 99
68 84
68 41
68 55
68 35
68 48
84 63
84 93
84 86
84 33
63 6
63 34
63 35
6 81
6 4
6 41
6 94
6 42
6 2
6 18
6 75
6 27
81 24
81 48
24 22
24 99
24 17
24 97
24 2
24 56
24 9
24 25
24 46
24 15
24 5
24 52
24 62
22 12
22 35
22 83
22 13
22 86
22 60
22 72
12 4
12 40
12 69
12 95
12 58
12 53
12 0
12 70
4 91
4 41
4 33
41 38
41 95
41 90
41 14
41 55
41 34
41 11
41 88
41 1
41 28
41 9
38 34
38 92
38 54
38 91
38 99
38 17
38 80
38 18
38 25
34 90
34 1
35 62
35 48
35 13
83 92
83 78
83 95
83 97
92 32
92 13
92 20
54 48
54 64
54 86
54 7
54 62
54 9
54 90
26 93
26 66
26 8
26 2
26 17
26 75
93 21
93 2
93 18
93 97
21 13
21 95
21 88
21 46
21 76
21 98
21 94
13 40
13 91
13 11
13 71
13 25
13 37
86 88
86 75
86 66
86 3
86 8
88 11
88 80
88 44
88 8
88 17
88 76
88 61
88 48
88 73
88 9
88 71
88 23
88 64
11 98
11 74
11 73
11 42
98 91
98 2
98 18
98 71
91 55
91 39
91 61
91 23
91 53
91 1
95 71
95 9
95 60
95 59
95 8
71 36
71 33
71 23
71 85
71 80
71 32
36 7
7 62
7 18
62 18
62 59
62 99
62 97
18 47
18 33
18 77
18 23
47 80
80 56
80 1
44 90
44 2
44 23
90 53
90 52
14 64
14 58
14 69
64 57
64 2
64 73
64 97
64 66
57 46
57 79
57 69
57 3
28 40
28 30
40 79
40 32
40 37
55 39
55 1
61 23
33 69
33 76
33 97
33 79
33 85
33 42
33 53
69 16
78 94
8 25
8 94
8 15
74 37
74 99
74 66
74 25
53 75
53 32
53 23
53 25
75 46
75 45
75 48
46 27
46 79
76 48
23 79
23 45
23 9
23 37
23 16
99 72
17 0
17 73
17 30
79 51
79 32
79 37
45 58
45 52
25 30
25 52
25 60
30 77
77 0
77 72
0 72
56 9
9 32
9 37
9 15
9 60
9 72
42 31
1 20
31 51
3 52
52 5
15 43