0 1 2 3 4 5 6 7 8 9 10 11 12 13 14 15 16 17 18 19 20 21 22 23 24 25 26 27 28 29 30 31 32 33 34 35 36 37 38 39 40 41 42 43 44 45 46 47 48 49 50 51 52 53 54 55 56 57 58 59 60 61 62 63 64 65 66 67 68 69 70 71 72 73 74 75 76 77 78 79 80 81 82 83 84 85 86 87 88 89 90 91 92 93 94 95 96 97 98
0 34
0 33
1 36
1 32
1 23
2 37
2 12
2 14
2 38
3 13
3 9
3 39
3 40
4 41
4 42
4 18
5 26
5 43
6 31
6 45
6 21
7 47
7 48
7 27
7 29
8 49
8 50
9 51
9 52
9 28
10 20
10 54
10 53
11 55
11 56
12 57
12 58
12 18
13 25
13 24
14 62
15 64
15 63
16 32
16 66
17 67
17 22
18 70
18 25
18 69
19 72
20 74
20 26
21 75
21 76
22 77
22 78
23 79
23 30
23 27
24 81
24 32
24 82
25 84
25 83
26 86
26 85
27 88
29 91
29 92
30 94
30 93
31 95
32 98
32 97
33 35
34 36
42 44
45 47
46 48
49 51
54 56
57 59
58 60
61 63
62 64
65 67
66 68
69 71
70 72
73 75
74 76
77 79
78 80
85 87
89 91
90 92
94 96