0 37 49 50 51 52 53 54 55 56 57 58 59 60 61 62 63 64 65 66 67 68 69 70 71 72 73 74 75 76 77 78 79 80 81 82 83 1 29 32 5 84 85 86 87 88 89 90 91 92 93 94 95 96 97 98 99 2 42 44 40 3 33 26 4 36 23 47 6 45 7 34 8 38 20 9 10 43 11 12 13 14 18 24 17 15 39 22 16 46 31 19 27 35 21 48 25 28 30 41
0 74
0 37
0 60
0 55
0 78
0 81
0 64
0 49
0 76
0 69
0 67
0 68
0 83
0 82
0 61
0 59
0 72
0 57
0 70
37 14
50 4
51 5
52 7
53 8
54 10
56 12
58 14
62 19
63 20
65 23
66 24
71 30
73 33
75 36
77 40
79 42
80 43
1 5
1 29
1 96
1 89
1 87
1 93
1 99
1 32
1 86
1 95
1 94
1 85
1 92
5 47
84 2
88 6
90 8
91 9
97 17
98 18
99 20
2 44
2 42
2 40
44 26
44 41
40 30
40 10
3 33
3 26
33 21
4 23
4 36
36 6
36 12
23 16
47 11
47 28
47 25
6 45
45 13
7 34
34 39
8 38
8 20
20 35
20 27
20 19
9 10
9 43
43 35
14 17
14 18
14 24
17 31
17 19
15 22
39 28
22 48
16 46
46 30
35 48