0 7 1 31 32 33 34 35 36 37 38 39 40 41 42 43 44 45 46 47 48 49 50 51 52 53 54 55 56 57 3 58 59 60 61 62 63 64 65 66 67 68 69 70 71 72 73 74 75 76 2 26 4 77 78 79 80 81 82 83 84 85 86 87 88 89 90 91 92 93 94 95 96 97 9 19 10 98 99 27 5 14 6 29 8 12 15 13 11 28 23 16 24 17 18 30 20 21 22 25
0 7
0 1
0 31
0 32
0 33
0 34
0 35
0 36
0 37
0 38
0 39
0 40
0 41
0 42
0 43
0 44
0 45
0 46
0 47
0 48
0 49
0 50
0 51
0 52
0 53
0 54
0 55
0 56
0 57
7 29
7 36
7 80
1 3
1 31
1 58
1 59
1 60
1 61
1 62
1 63
1 64
1 65
1 66
1 67
1 68
1 69
1 70
1 71
1 72
1 73
1 74
1 75
1 76
32 2
33 4
34 5
35 6
37 8
38 9
39 10
40 12
41 13
42 14
43 15
44 16
45 17
46 18
47 19
48 21
49 22
50 23
51 24
52 25
53 26
54 27
55 28
56 29
57 30
3 9
3 19
3 10
3 59
3 77
3 98
3 99
58 2
60 4
61 5
62 6
63 9
64 12
65 15
66 16
67 17
68 18
69 20
70 21
71 23
72 24
73 25
74 26
75 27
76 29
2 26
2 4
2 77
2 78
2 79
2 80
2 81
2 82
2 83
2 84
2 85
2 86
2 87
2 88
2 89
2 90
2 91
2 92
2 93
2 94
2 95
2 96
2 97
26 94
4 27
4 5
4 98
78 5
79 6
81 8
82 10
83 11
84 12
85 15
86 16
87 17
88 18
89 20
90 21
91 22
92 23
93 25
95 27
96 28
97 30
9 13
19 5
19 6
10 11
99 6
27 20
5 14
8 12
8 15
15 23
11 28
28 17
28 21
28 25
23 22
16 24
24 30
17 18
18 30
22 25