0 13 19 31 46 70 71 81 83 86 92 1 27 52 56 2 10 34 40 74 76 3 69 4 79 96 5 8 32 35 6 28 78 91 94 7 62 84 48 57 59 9 11 55 80 30 68 75 82 12 36 50 53 25 38 14 37 67 15 16 33 72 73 17 18 29 20 85 66 51 65 98 21 22 44 49 23 24 64 26 42 99 58 90 95 54 61 87 43 41 77 39 60 97 93 45 47 63 89 88
0 13
0 19
0 31
0 46
0 70
0 71
0 81
0 83
0 86
0 92
13 25
13 38
13 80
19 15
19 38
19 66
19 68
31 18
31 28
31 64
31 83
31 99
46 34
46 75
46 77
46 96
70 56
70 61
70 96
81 25
81 42
81 48
81 93
83 76
83 97
83 99
92 3
92 7
92 8
92 39
92 40
92 73
92 93
1 27
1 52
1 56
27 11
27 42
27 66
52 20
52 44
52 58
52 73
52 76
52 88
52 97
56 26
56 47
56 57
56 62
56 64
56 85
2 10
2 34
2 40
2 74
2 76
10 78
10 80
34 9
34 16
34 30
34 40
34 51
34 54
34 61
34 79
34 84
34 87
34 98
40 15
40 35
40 50
40 51
40 79
40 95
74 7
74 23
74 26
74 42
74 55
74 68
74 69
74 79
74 90
76 12
76 49
76 64
3 69
69 41
69 47
69 55
69 94
69 99
4 79
4 96
79 24
79 35
96 7
5 8
5 32
5 35
8 48
8 57
8 59
32 58
35 43
6 28
6 78
6 91
6 94
28 48
28 49
78 87
91 66
91 88
94 20
94 22
94 87
7 62
7 84
62 82
84 49
84 65
84 68
48 24
48 30
48 51
48 87
48 97
57 29
57 36
57 65
57 72
57 97
59 38
59 55
59 58
59 60
59 87
9 11
9 55
11 30
11 68
11 75
11 82
55 58
80 23
80 38
80 41
30 20
30 25
30 33
68 25
68 36
68 54
68 67
68 77
68 95
75 16
75 45
75 51
82 37
82 66
12 36
12 50
12 53
50 22
50 45
53 54
53 89
53 95
38 41
38 77
38 85
14 37
14 67
16 33
16 72
16 73
33 21
33 85
33 90
33 95
73 44
17 18
17 29
18 20
18 85
29 98
20 51
20 65
20 98
65 23
65 24
65 61
65 63
22 44
22 49
44 26
44 93
49 89
49 93
24 64
95 41
54 39
54 43
61 60
87 47
43 93
41 97
39 60
93 89
47 63
63 89