0 65 1 2 53 12 52 3 8 4 5 6 7 9 10 11 13 22 25 14 20 15 16 17 18 19 21 23 24 26 51 27 44 43 35 28 34 29 30 31 32 33 37 36 38 39 40 41 42 50 45 46 47 48 49 54 59 55 56 57 58 60 61 64 62 63
0 65
65 64
1 2
1 53
1 12
1 52
2 3
2 8
53 52
53 54
53 59
12 13
12 22
12 25
52 50
52 51
3 4
3 5
3 6
3 7
8 7
8 9
8 10
8 11
13 14
13 20
22 23
25 26
25 51
14 15
14 16
14 17
14 18
14 19
20 21
23 24
26 27
26 51
51 44
27 44
27 43
27 35
27 28
44 42
44 50
44 45
43 35
43 39
43 42
35 37
35 36
28 34
28 29
34 33
29 30
29 31
31 32
37 36
37 38
38 39
39 40
40 41
41 42
45 46
45 47
45 48
45 49
54 55
59 60
55 56
56 57
57 58
60 61
60 64
61 62
62 63