0 1 2 3 4 5 6 7 8 9 10 11 12 13 14 15 16 17 18 19 20 21 22 23 24 25 26 27 28 29 30 31 32 33 34 35 36 37 38 39 40 41 42 43 44 45 46 47 48 49 50 51 52 53 54 55 56 57 58 59 60 61 62 63 64 65 66 67 68 69 70 71 72 73 74 75 76 77 78 79 80 81 82 83 84 85 86 87 88 89 90 91 92 93 94 95 96 97 98 99
0 72
1 23
1 13
2 75
2 96
3 83
3 79
3 49
3 93
4 55
5 87
5 95
6 9
7 94
7 29
8 24
9 14
10 57
10 44
10 64
11 61
12 31
14 22
15 46
15 38
16 42
17 35
17 59
17 32
17 65
18 28
19 77
20 45
20 82
20 67
21 37
22 37
22 62
23 70
23 61
24 57
24 61
24 60
25 40
26 88
26 73
27 78
27 93
28 59
29 75
29 39
30 79
31 34
31 46
32 99
33 76
34 88
35 63
36 56
39 76
40 58
41 80
42 68
43 87
44 56
45 50
45 52
47 71
48 65
48 74
49 81
50 68
50 99
51 79
51 66
52 62
53 54
54 56
54 80
55 87
56 58
56 89
57 86
57 69
58 67
58 87
63 92
70 96
71 88
71 79
72 88
73 84
74 91
75 83
77 94
78 85
79 97
83 90
84 98