0 20 10 56 57 58 59 60 61 62 63 64 65 66 67 68 69 70 71 72 73 74 75 76 77 78 79 80 81 82 83 84 85 86 87 88 89 90 91 1 40 9 92 93 94 95 96 97 98 99 2 24 3 4 7 47 51 23 46 5 30 41 45 6 55 8 13 35 33 36 17 11 12 15 54 16 21 14 27 18 48 19 22 50 38 43 25 26 28 29 31 42 32 52 34 37 49 53 39 44
0 20
0 10
0 56
0 57
0 58
0 59
0 60
0 61
0 62
0 63
0 64
0 65
0 66
0 67
0 68
0 69
0 70
0 71
0 72
0 73
0 74
0 75
0 76
0 77
0 78
0 79
0 80
0 81
0 82
0 83
0 84
0 85
0 86
0 87
0 88
0 89
0 90
0 91
20 3
20 11
20 24
20 69
10 17
10 62
10 99
56 2
57 4
58 5
59 6
60 8
61 9
63 11
64 13
65 14
66 16
67 17
68 19
70 23
71 25
72 27
73 30
74 31
75 34
76 35
77 39
78 41
79 42
80 43
81 44
82 45
83 46
84 47
85 48
86 49
87 50
88 51
89 52
90 54
91 55
1 40
1 9
1 92
1 93
1 94
1 95
1 96
1 97
1 98
1 99
9 36
9 98
92 2
93 4
94 5
95 6
96 7
97 8
2 24
4 7
4 47
4 51
4 23
4 46
7 5
23 38
23 43
46 6
46 19
46 28
5 30
5 41
5 45
41 29
6 55
55 44
8 13
8 35
8 33
13 16
13 21
35 18
35 26
33 17
33 36
17 12
12 15
12 54
54 42
16 27
21 14
21 50
18 48
48 37
19 22
50 25
50 34
43 42
31 42
42 39
32 52
52 44
37 49
37 53