33 91 62 65 59 37 6 48 61 85 81 26 4 45 97 10 31 28 19 80 88 24 8 52 89 71 95 12 54 5 40 79 7 25 93 82 53 13 43 58 50 14 30 78 42 41 94 18 96 68 22 76 47 51 2 63 83 49 23 3 60 87 46 1 75 84 16 21 92 99 27 72 98 70 29 66 77 17 36 20 86 57 0 67 34 64 39 55 38 9 69 73 44 15 90 32 56 11 35 74
33 91
33 2
33 3
33 7
33 9
33 11
33 12
33 13
33 14
33 16
33 21
33 29
33 30
33 31
33 1
33 4
33 6
33 8
33 10
33 19
33 20
33 26
33 27
33 34
33 37
33 38
33 41
33 42
33 43
33 44
33 46
33 47
33 49
33 50
33 52
33 53
33 55
33 56
33 60
33 61
33 62
33 64
33 67
33 73
33 74
33 76
33 77
33 78
33 79
33 81
33 84
33 85
33 87
33 94
33 95
33 98
33 99
33 39
33 40
33 45
33 48
33 51
33 54
33 57
33 58
33 59
33 66
33 68
33 69
33 70
33 80
33 83
33 90
33 93
91 62
91 0
91 1
91 2
91 6
91 7
91 8
91 9
91 11
91 17
91 19
91 21
91 24
91 27
91 29
91 30
91 32
91 36
91 38
91 39
91 41
91 42
91 43
91 46
91 48
91 51
91 57
91 58
91 60
91 65
91 67
91 69
91 73
91 75
91 78
91 79
91 85
91 86
91 88
91 90
91 15
91 16
91 20
91 23
91 26
91 35
91 40
91 44
91 45
91 52
91 53
91 55
91 56
91 59
91 63
91 64
91 68
91 70
91 71
91 76
91 77
91 83
91 93
91 96
91 97
91 92
91 94
91 95
91 98
91 99
62 65
62 0
62 1
62 5
62 7
62 12
62 13
62 14
62 15
62 21
62 29
62 32
62 35
62 37
62 39
62 40
62 43
62 45
62 47
62 48
62 49
62 51
62 52
62 55
62 56
62 57
62 58
62 4
62 6
62 9
62 10
62 17
62 19
62 22
62 23
62 24
62 26
62 28
62 30
62 31
62 34
62 36
62 38
62 46
62 53
62 59
62 64
62 68
62 69
62 71
62 73
62 74
62 75
62 76
62 77
62 78
62 80
62 86
62 87
62 88
62 92
62 93
62 98
62 66
62 67
62 79
62 83
62 84
62 89
62 94
62 95
62 97
62 99
65 59
65 0
65 3
65 4
65 6
65 9
65 10
65 12
65 14
65 17
65 18
65 19
65 21
65 22
65 23
65 25
65 26
65 27
65 34
65 35
65 36
65 42
65 43
65 44
65 45
65 53
65 55
65 58
65 60
65 1
65 2
65 5
65 7
65 13
65 16
65 37
65 38
65 39
65 40
65 41
65 46
65 47
65 48
65 50
65 51
65 52
65 64
65 66
65 67
65 70
65 72
65 74
65 75
65 77
65 78
65 82
65 84
65 87
65 89
65 92
65 93
65 95
65 96
65 99
65 68
65 73
65 80
65 81
65 86
65 88
59 37
59 3
59 4
59 5
59 7
59 8
59 9
59 12
59 13
59 14
59 15
59 17
59 18
59 19
59 20
59 21
59 22
59 23
59 25
59 27
59 30
59 34
59 38
59 39
59 40
59 41
59 43
59 44
59 46
59 47
59 48
59 55
59 57
59 0
59 2
59 6
59 29
59 31
59 35
59 36
59 42
59 49
59 50
59 54
59 58
59 61
59 64
59 67
59 68
59 69
59 70
59 71
59 72
59 73
59 74
59 77
59 79
59 83
59 85
59 86
59 87
59 89
59 95
59 97
59 98
59 63
59 66
59 75
59 76
59 81
59 92
59 96
37 6
37 0
37 2
37 3
37 4
37 5
37 7
37 9
37 10
37 11
37 13
37 15
37 17
37 24
37 29
37 30
37 34
37 35
37 36
37 14
37 20
37 26
37 32
37 38
37 43
37 45
37 46
37 51
37 52
37 53
37 56
37 58
37 63
37 64
37 66
37 67
37 68
37 69
37 70
37 73
37 75
37 77
37 78
37 80
37 81
37 82
37 84
37 86
37 87
37 88
37 93
37 94
37 95
37 39
37 41
37 42
37 47
37 50
37 54
37 55
37 57
37 61
37 71
37 72
37 76
37 79
37 85
37 90
37 92
37 96
37 98
37 99
6 48
6 3
6 5
6 0
6 2
6 9
6 10
6 11
6 12
6 16
6 18
6 19
6 20
6 22
6 26
6 28
6 29
6 30
6 31
6 32
6 36
6 38
6 40
6 41
6 46
6 49
6 51
6 52
6 53
6 54
6 55
6 57
6 60
6 61
6 63
6 64
6 66
6 68
6 70
6 71
6 76
6 80
6 81
6 82
6 83
6 87
6 92
6 93
6 96
6 97
6 98
6 8
6 14
6 17
6 24
6 25
6 27
6 34
6 39
6 42
6 44
6 47
6 56
6 72
6 73
6 74
6 77
6 86
6 88
6 89
6 94
6 95
6 99
48 61
48 0
48 2
48 7
48 10
48 11
48 13
48 15
48 19
48 23
48 27
48 28
48 30
48 31
48 32
48 36
48 44
48 46
48 47
48 1
48 3
48 5
48 8
48 12
48 14
48 16
48 20
48 21
48 22
48 24
48 26
48 35
48 40
48 43
48 45
48 53
48 54
48 55
48 56
48 57
48 63
48 66
48 68
48 70
48 73
48 74
48 75
48 76
48 77
48 81
48 83
48 85
48 88
48 89
48 90
48 95
48 96
48 97
48 98
48 49
48 50
48 51
48 52
48 58
48 64
48 67
48 71
48 72
48 78
48 84
48 86
48 87
48 92
48 94
48 99
61 85
61 1
61 3
61 4
61 7
61 10
61 12
61 17
61 23
61 25
61 27
61 29
61 32
61 34
61 36
61 38
61 40
61 41
61 42
61 43
61 45
61 50
61 52
61 57
61 58
61 8
61 13
61 16
61 20
61 21
61 22
61 35
61 39
61 49
61 60
61 66
61 67
61 70
61 71
61 72
61 75
61 76
61 79
61 86
61 87
61 88
61 92
61 93
61 94
61 96
61 99
61 74
61 77
61 80
61 81
61 84
61 89
61 90
61 95
61 98
85 81
85 2
85 5
85 8
85 11
85 13
85 16
85 18
85 25
85 29
85 30
85 31
85 34
85 41
85 42
85 43
85 46
85 47
85 49
85 52
85 53
85 56
85 58
85 64
85 69
85 71
85 75
85 77
85 79
85 80
85 82
85 0
85 1
85 3
85 4
85 12
85 20
85 22
85 27
85 28
85 32
85 35
85 36
85 38
85 50
85 54
85 57
85 63
85 68
85 70
85 72
85 73
85 78
85 84
85 87
85 93
85 97
85 99
85 88
85 90
85 96
85 98
81 26
81 2
81 3
81 5
81 8
81 9
81 13
81 14
81 17
81 20
81 25
81 27
81 28
81 29
81 31
81 34
81 35
81 38
81 39
81 41
81 43
81 46
81 52
81 54
81 57
81 66
81 68
81 69
81 72
81 73
81 74
81 75
81 78
81 79
81 0
81 1
81 7
81 10
81 11
81 12
81 22
81 23
81 24
81 30
81 36
81 42
81 45
81 49
81 50
81 51
81 56
81 58
81 63
81 64
81 71
81 76
81 84
81 86
81 87
81 88
81 89
81 93
81 95
81 98
81 99
81 83
81 92
26 4
26 2
26 3
26 5
26 7
26 9
26 10
26 11
26 14
26 16
26 19
26 21
26 22
26 23
26 24
26 17
26 18
26 27
26 28
26 31
26 34
26 39
26 40
26 42
26 44
26 45
26 47
26 49
26 50
26 52
26 57
26 60
26 63
26 67
26 68
26 72
26 74
26 78
26 80
26 83
26 87
26 88
26 90
26 94
26 95
26 96
26 97
26 98
26 30
26 35
26 38
26 41
26 43
26 46
26 55
26 56
26 70
26 71
26 79
26 82
26 86
26 89
26 93
4 45
4 0
4 1
4 5
4 8
4 9
4 10
4 11
4 14
4 15
4 17
4 18
4 19
4 21
4 28
4 30
4 31
4 34
4 35
4 36
4 41
4 42
4 43
4 44
4 47
4 49
4 50
4 51
4 55
4 56
4 57
4 64
4 66
4 70
4 71
4 72
4 75
4 79
4 80
4 82
4 83
4 86
4 93
4 94
4 95
4 96
4 99
4 7
4 12
4 16
4 23
4 24
4 25
4 29
4 32
4 38
4 39
4 63
4 73
4 74
4 87
4 88
4 89
4 98
45 97
45 0
45 1
45 7
45 8
45 9
45 10
45 11
45 13
45 15
45 17
45 18
45 28
45 30
45 31
45 32
45 35
45 36
45 40
45 43
45 2
45 3
45 5
45 12
45 14
45 19
45 21
45 22
45 24
45 34
45 38
45 39
45 42
45 46
45 50
45 57
45 60
45 63
45 64
45 66
45 72
45 76
45 79
45 83
45 86
45 88
45 89
45 90
45 92
45 93
45 94
45 95
45 96
45 99
45 49
45 51
45 52
45 55
45 56
45 67
45 68
45 73
45 74
45 77
45 80
45 82
45 84
45 98
97 10
97 0
97 2
97 12
97 13
97 14
97 16
97 18
97 19
97 20
97 21
97 23
97 24
97 27
97 29
97 31
97 32
97 41
97 43
97 44
97 47
97 50
97 51
97 52
97 53
97 54
97 56
97 57
97 58
97 64
97 66
97 69
97 70
97 71
97 72
97 74
97 75
97 77
97 78
97 79
97 83
97 84
97 88
97 90
97 95
97 96
97 1
97 7
97 11
97 15
97 25
97 35
97 36
97 39
97 55
97 60
97 63
97 76
97 80
97 82
97 93
97 94
97 98
10 31
10 0
10 1
10 2
10 7
10 8
10 9
10 5
10 14
10 16
10 17
10 24
10 28
10 29
10 32
10 34
10 39
10 41
10 43
10 47
10 49
10 55
10 57
10 60
10 64
10 66
10 67
10 69
10 70
10 73
10 74
10 75
10 77
10 78
10 80
10 83
10 92
10 93
10 94
10 95
10 96
10 99
10 15
10 18
10 19
10 20
10 23
10 25
10 30
10 38
10 40
10 44
10 46
10 50
10 51
10 52
10 56
10 58
10 63
10 71
10 72
10 76
10 84
10 87
10 88
10 89
10 90
10 98
31 28
31 3
31 8
31 9
31 11
31 12
31 15
31 16
31 19
31 21
31 22
31 23
31 25
31 29
31 30
31 2
31 7
31 13
31 14
31 17
31 18
31 20
31 24
31 32
31 36
31 39
31 42
31 46
31 47
31 49
31 50
31 51
31 53
31 54
31 55
31 58
31 60
31 66
31 68
31 72
31 77
31 79
31 80
31 82
31 83
31 87
31 88
31 90
31 95
31 96
31 99
31 34
31 41
31 44
31 52
31 63
31 67
31 69
31 74
31 75
31 76
31 78
31 84
31 92
31 93
28 19
28 2
28 3
28 5
28 9
28 11
28 12
28 15
28 20
28 21
28 22
28 23
28 25
28 27
28 13
28 16
28 29
28 30
28 34
28 35
28 36
28 38
28 39
28 44
28 46
28 47
28 49
28 50
28 51
28 53
28 54
28 56
28 57
28 58
28 63
28 73
28 74
28 77
28 79
28 80
28 84
28 86
28 93
28 96
28 98
28 99
28 40
28 41
28 42
28 43
28 55
28 60
28 67
28 68
28 72
28 87
28 88
28 94
28 95
19 80
19 2
19 3
19 7
19 11
19 12
19 14
19 15
19 17
19 13
19 16
19 23
19 27
19 30
19 32
19 34
19 36
19 38
19 39
19 40
19 42
19 46
19 47
19 51
19 53
19 56
19 57
19 58
19 63
19 64
19 67
19 68
19 74
19 76
19 79
19 82
19 84
19 87
19 88
19 90
19 93
19 95
19 99
19 21
19 22
19 24
19 25
19 29
19 41
19 43
19 44
19 49
19 50
19 66
19 72
19 77
19 78
19 83
19 86
19 89
19 98
80 88
80 0
80 2
80 5
80 7
80 8
80 11
80 12
80 15
80 16
80 18
80 21
80 24
80 25
80 27
80 29
80 30
80 32
80 38
80 40
80 43
80 47
80 51
80 52
80 53
80 56
80 57
80 58
80 64
80 68
80 69
80 72
80 75
80 76
80 78
80 79
80 1
80 3
80 17
80 22
80 34
80 41
80 42
80 60
80 63
80 66
80 67
80 71
80 73
80 74
80 77
80 82
80 84
80 86
80 87
80 89
80 92
80 93
80 95
80 98
80 99
88 24
88 0
88 1
88 2
88 11
88 12
88 13
88 16
88 20
88 23
88 25
88 27
88 34
88 35
88 36
88 38
88 39
88 41
88 46
88 47
88 52
88 53
88 55
88 56
88 57
88 58
88 66
88 67
88 69
88 70
88 72
88 73
88 78
88 86
88 87
88 7
88 8
88 9
88 14
88 17
88 21
88 22
88 30
88 32
88 42
88 43
88 44
88 49
88 60
88 68
88 74
88 75
88 76
88 77
88 79
88 84
88 89
88 90
88 95
88 98
88 93
88 99
24 8
24 1
24 2
24 3
24 5
24 7
24 11
24 13
24 14
24 15
24 17
24 21
24 22
24 12
24 16
24 18
24 20
24 23
24 25
24 27
24 29
24 32
24 38
24 39
24 43
24 44
24 46
24 49
24 50
24 52
24 53
24 58
24 63
24 64
24 66
24 68
24 70
24 71
24 72
24 75
24 76
24 77
24 79
24 82
24 84
24 86
24 87
24 89
24 90
24 92
24 98
24 36
24 41
24 42
24 47
24 51
24 55
24 57
24 67
24 83
24 95
24 96
24 99
8 52
8 2
8 7
8 0
8 1
8 3
8 5
8 9
8 11
8 14
8 15
8 16
8 17
8 18
8 20
8 22
8 23
8 29
8 30
8 32
8 34
8 35
8 36
8 39
8 41
8 43
8 44
8 50
8 51
8 53
8 54
8 56
8 58
8 69
8 70
8 72
8 73
8 74
8 76
8 78
8 82
8 84
8 86
8 89
8 94
8 99
8 12
8 38
8 40
8 42
8 47
8 57
8 60
8 63
8 64
8 66
8 71
8 75
8 77
8 90
8 96
8 98
52 89
52 0
52 1
52 2
52 3
52 5
52 7
52 9
52 11
52 12
52 13
52 16
52 18
52 21
52 23
52 25
52 27
52 34
52 35
52 36
52 40
52 43
52 44
52 46
52 50
52 14
52 15
52 30
52 32
52 42
52 51
52 54
52 63
52 64
52 71
52 72
52 75
52 77
52 84
52 86
52 87
52 90
52 95
52 98
52 99
52 53
52 55
52 56
52 57
52 60
52 66
52 69
52 78
52 79
52 82
52 83
52 92
52 94
52 96
89 71
89 0
89 1
89 2
89 3
89 5
89 11
89 12
89 15
89 16
89 17
89 21
89 25
89 29
89 30
89 35
89 43
89 46
89 50
89 56
89 60
89 66
89 72
89 74
89 76
89 78
89 83
89 84
89 86
89 7
89 9
89 18
89 22
89 27
89 32
89 34
89 38
89 39
89 40
89 49
89 51
89 58
89 69
89 75
89 79
89 82
89 92
89 93
89 95
89 96
89 98
89 90
71 95
71 1
71 2
71 3
71 5
71 7
71 11
71 12
71 13
71 16
71 17
71 20
71 29
71 32
71 34
71 36
71 39
71 42
71 43
71 47
71 50
71 56
71 60
71 64
71 67
71 9
71 21
71 22
71 27
71 35
71 38
71 46
71 49
71 51
71 63
71 66
71 70
71 78
71 82
71 84
71 86
71 90
71 93
71 94
71 98
71 73
71 74
71 75
71 77
71 79
71 87
71 96
71 99
95 12
95 3
95 5
95 7
95 11
95 14
95 15
95 16
95 17
95 18
95 20
95 21
95 23
95 27
95 32
95 35
95 39
95 42
95 43
95 47
95 49
95 50
95 51
95 53
95 55
95 57
95 58
95 69
95 72
95 73
95 74
95 76
95 77
95 79
95 82
95 83
95 84
95 87
95 0
95 1
95 13
95 25
95 29
95 36
95 46
95 60
95 64
95 68
95 70
95 78
95 93
95 98
95 99
12 54
12 0
12 9
12 1
12 2
12 7
12 15
12 17
12 18
12 20
12 22
12 25
12 29
12 32
12 34
12 42
12 43
12 44
12 47
12 50
12 53
12 55
12 57
12 63
12 64
12 66
12 67
12 69
12 74
12 75
12 86
12 87
12 92
12 94
12 96
12 99
12 14
12 35
12 40
12 41
12 46
12 51
12 56
12 70
12 72
12 73
12 76
12 82
12 84
12 90
12 93
12 98
54 5
54 0
54 1
54 2
54 9
54 18
54 21
54 25
54 32
54 34
54 36
54 38
54 39
54 40
54 41
54 42
54 44
54 47
54 49
54 3
54 11
54 13
54 30
54 35
54 43
54 46
54 50
54 55
54 56
54 57
54 58
54 60
54 66
54 67
54 68
54 69
54 74
54 75
54 78
54 79
54 92
54 93
54 96
54 98
54 64
54 70
54 76
54 77
54 83
54 86
54 90
5 40
5 0
5 1
5 3
5 2
5 7
5 11
5 14
5 16
5 22
5 23
5 25
5 34
5 35
5 38
5 41
5 44
5 46
5 47
5 50
5 53
5 57
5 60
5 66
5 68
5 72
5 73
5 76
5 78
5 79
5 86
5 92
5 93
5 94
5 96
5 13
5 17
5 20
5 27
5 30
5 32
5 36
5 49
5 56
5 58
5 63
5 64
5 90
40 79
40 1
40 3
40 13
40 14
40 15
40 16
40 17
40 20
40 21
40 23
40 25
40 27
40 29
40 32
40 35
40 36
40 39
40 18
40 38
40 43
40 44
40 47
40 49
40 50
40 53
40 55
40 56
40 60
40 63
40 66
40 68
40 70
40 73
40 75
40 76
40 77
40 82
40 86
40 87
40 90
40 93
40 94
40 96
40 41
40 42
40 46
40 57
40 58
40 64
40 67
40 69
40 83
40 99
79 7
79 0
79 11
79 16
79 17
79 18
79 20
79 21
79 23
79 25
79 27
79 30
79 32
79 39
79 41
79 42
79 46
79 47
79 49
79 50
79 56
79 57
79 63
79 67
79 68
79 69
79 72
79 73
79 74
79 78
79 1
79 9
79 14
79 15
79 29
79 38
79 43
79 44
79 51
79 60
79 70
79 77
79 82
79 83
79 87
79 92
79 93
79 94
79 96
79 98
79 99
79 86
7 25
7 0
7 2
7 3
7 1
7 11
7 13
7 16
7 17
7 18
7 20
7 21
7 29
7 42
7 43
7 44
7 46
7 47
7 55
7 57
7 60
7 63
7 66
7 67
7 68
7 69
7 70
7 72
7 73
7 74
7 75
7 77
7 82
7 86
7 90
7 94
7 9
7 15
7 22
7 27
7 34
7 38
7 39
7 41
7 49
7 50
7 51
7 56
7 58
7 78
7 83
7 84
7 92
7 93
7 96
7 98
7 99
25 93
25 2
25 3
25 9
25 11
25 13
25 14
25 16
25 17
25 20
25 21
25 18
25 30
25 38
25 39
25 42
25 46
25 50
25 55
25 56
25 58
25 63
25 64
25 68
25 69
25 70
25 72
25 73
25 77
25 86
25 87
25 90
25 98
25 34
25 36
25 41
25 43
25 47
25 57
25 60
25 66
25 67
25 83
25 84
25 92
93 82
93 0
93 2
93 13
93 15
93 18
93 20
93 21
93 22
93 23
93 27
93 29
93 30
93 35
93 36
93 42
93 43
93 46
93 49
93 55
93 58
93 63
93 64
93 66
93 67
93 68
93 70
93 74
93 75
93 78
93 84
93 92
93 1
93 14
93 17
93 34
93 39
93 41
93 44
93 50
93 51
93 56
93 72
93 77
93 83
93 87
93 94
93 98
93 99
82 53
82 0
82 1
82 11
82 16
82 17
82 18
82 23
82 27
82 29
82 32
82 38
82 39
82 41
82 42
82 46
82 49
82 51
82 55
82 56
82 60
82 67
82 69
82 72
82 75
82 76
82 77
82 78
82 2
82 9
82 13
82 14
82 15
82 34
82 35
82 43
82 58
82 63
82 66
82 68
82 70
82 83
82 86
82 90
82 94
82 99
82 96
53 13
53 0
53 2
53 9
53 14
53 15
53 16
53 17
53 20
53 21
53 22
53 27
53 30
53 32
53 34
53 35
53 41
53 44
53 46
53 49
53 50
53 11
53 47
53 55
53 57
53 60
53 63
53 64
53 66
53 67
53 69
53 70
53 73
53 74
53 75
53 76
53 86
53 90
53 92
53 94
53 96
53 99
53 68
53 77
53 83
53 87
53 98
13 43
13 0
13 2
13 3
13 9
13 11
13 14
13 16
13 20
13 22
13 27
13 29
13 30
13 34
13 38
13 39
13 41
13 42
13 50
13 55
13 57
13 63
13 64
13 68
13 69
13 72
13 75
13 76
13 77
13 78
13 83
13 84
13 87
13 90
13 92
13 94
13 98
13 15
13 17
13 18
13 21
13 23
13 32
13 35
13 46
13 47
13 49
13 51
13 58
13 60
13 66
13 86
13 96
43 58
43 1
43 9
43 11
43 17
43 18
43 20
43 21
43 22
43 29
43 30
43 34
43 35
43 38
43 39
43 41
43 42
43 2
43 16
43 23
43 36
43 44
43 46
43 47
43 49
43 50
43 51
43 55
43 56
43 57
43 63
43 64
43 67
43 68
43 69
43 72
43 74
43 83
43 84
43 86
43 87
43 90
43 92
43 94
43 96
43 60
43 70
43 73
43 76
43 78
43 99
58 50
58 0
58 2
58 3
58 11
58 14
58 15
58 16
58 21
58 23
58 29
58 30
58 34
58 36
58 38
58 41
58 47
58 49
58 56
58 1
58 9
58 18
58 22
58 27
58 35
58 39
58 42
58 44
58 46
58 55
58 57
58 63
58 67
58 68
58 69
58 70
58 73
58 75
58 77
58 98
58 99
58 74
58 78
58 84
58 86
58 87
58 90
58 92
58 96
50 14
50 3
50 11
50 15
50 17
50 18
50 21
50 22
50 32
50 34
50 35
50 38
50 42
50 47
50 49
50 0
50 2
50 9
50 20
50 29
50 30
50 36
50 41
50 46
50 56
50 57
50 60
50 63
50 69
50 70
50 73
50 75
50 76
50 77
50 92
50 94
50 96
50 67
50 72
50 74
50 90
50 98
14 30
14 0
14 3
14 1
14 2
14 9
14 16
14 18
14 20
14 21
14 22
14 29
14 34
14 42
14 47
14 51
14 56
14 60
14 66
14 67
14 69
14 70
14 73
14 74
14 75
14 76
14 84
14 86
14 90
14 92
14 98
14 15
14 23
14 35
14 38
14 39
14 41
14 49
14 55
14 63
14 64
14 77
14 94
14 96
30 78
30 1
30 2
30 15
30 17
30 20
30 23
30 29
30 16
30 18
30 21
30 22
30 32
30 41
30 42
30 44
30 46
30 55
30 56
30 57
30 63
30 66
30 72
30 73
30 74
30 75
30 83
30 98
30 99
30 34
30 39
30 49
30 60
30 70
30 76
30 77
30 86
30 96
78 42
78 3
78 15
78 16
78 20
78 22
78 29
78 32
78 35
78 36
78 38
78 41
78 46
78 63
78 69
78 72
78 73
78 75
78 76
78 77
78 1
78 2
78 11
78 18
78 21
78 39
78 49
78 55
78 60
78 66
78 67
78 70
78 83
78 84
78 86
78 87
78 90
78 94
78 99
78 98
42 41
42 0
42 2
42 3
42 11
42 15
42 16
42 18
42 21
42 22
42 23
42 27
42 32
42 34
42 36
42 38
42 20
42 29
42 35
42 39
42 46
42 47
42 49
42 51
42 55
42 56
42 57
42 63
42 66
42 68
42 69
42 73
42 74
42 75
42 76
42 77
42 83
42 86
42 87
42 90
42 96
42 44
42 70
42 84
42 98
42 99
41 94
41 0
41 1
41 3
41 9
41 15
41 17
41 23
41 29
41 32
41 2
41 11
41 16
41 20
41 35
41 36
41 38
41 39
41 46
41 51
41 55
41 60
41 64
41 66
41 67
41 69
41 70
41 73
41 77
41 83
41 84
41 96
41 47
41 49
41 57
41 74
41 75
41 76
41 90
41 92
41 99
94 18
94 1
94 2
94 9
94 11
94 22
94 32
94 35
94 36
94 38
94 39
94 47
94 49
94 51
94 56
94 57
94 60
94 63
94 67
94 68
94 69
94 72
94 73
94 75
94 87
94 90
94 92
94 0
94 3
94 17
94 20
94 21
94 27
94 29
94 34
94 44
94 46
94 70
94 74
94 77
94 96
94 99
18 96
18 1
18 2
18 9
18 11
18 16
18 17
18 3
18 21
18 27
18 29
18 32
18 36
18 38
18 49
18 55
18 56
18 57
18 60
18 64
18 68
18 73
18 74
18 75
18 77
18 84
18 86
18 87
18 92
18 23
18 34
18 35
18 39
18 46
18 66
18 69
18 83
18 99
96 68
96 2
96 9
96 11
96 15
96 16
96 17
96 20
96 21
96 22
96 23
96 27
96 29
96 34
96 35
96 36
96 39
96 47
96 49
96 51
96 60
96 69
96 70
96 72
96 73
96 74
96 83
96 84
96 87
96 90
96 92
96 32
96 44
96 55
96 56
96 66
96 67
96 77
96 86
96 98
96 99
68 22
68 1
68 9
68 15
68 17
68 20
68 21
68 27
68 29
68 32
68 34
68 44
68 51
68 55
68 56
68 57
68 63
68 67
68 3
68 16
68 23
68 39
68 49
68 64
68 66
68 69
68 75
68 76
68 83
68 86
68 90
68 92
68 77
68 87
22 76
22 0
22 3
22 9
22 11
22 15
22 17
22 21
22 23
22 29
22 32
22 34
22 46
22 49
22 56
22 60
22 63
22 70
22 72
22 73
22 74
22 75
22 77
22 86
22 87
22 92
22 98
22 27
22 38
22 39
22 47
22 55
22 69
22 83
22 90
76 47
76 0
76 1
76 2
76 15
76 17
76 23
76 32
76 35
76 36
76 39
76 46
76 51
76 56
76 63
76 66
76 75
76 3
76 9
76 16
76 20
76 27
76 29
76 44
76 67
76 70
76 73
76 83
76 84
76 86
76 87
76 92
76 98
76 77
76 99
47 51
47 3
47 17
47 20
47 21
47 23
47 35
47 36
47 39
47 46
47 0
47 9
47 11
47 16
47 27
47 32
47 49
47 66
47 75
47 77
47 83
47 86
47 87
47 90
47 92
47 64
47 69
47 70
47 72
47 74
47 99
51 2
51 9
51 11
51 15
51 16
51 17
51 21
51 23
51 32
51 35
51 36
51 38
51 44
51 0
51 20
51 39
51 46
51 57
51 60
51 67
51 70
51 72
51 73
51 74
51 77
51 84
51 86
51 90
51 98
51 56
51 63
51 75
51 92
51 99
2 63
2 0
2 1
2 3
2 9
2 11
2 16
2 23
2 29
2 32
2 35
2 39
2 46
2 56
2 60
2 66
2 67
2 74
2 75
2 86
2 90
2 92
2 99
2 15
2 21
2 36
2 38
2 49
2 55
2 64
2 69
2 72
2 73
2 77
2 87
2 98
63 83
63 0
63 16
63 20
63 27
63 29
63 34
63 46
63 55
63 56
63 60
63 1
63 3
63 9
63 11
63 15
63 36
63 44
63 57
63 67
63 69
63 70
63 72
63 74
63 77
63 84
63 86
63 90
63 87
63 98
63 99
83 49
83 1
83 9
83 15
83 16
83 20
83 36
83 56
83 57
83 66
83 69
83 72
83 74
83 75
83 77
83 11
83 17
83 21
83 23
83 27
83 29
83 32
83 38
83 39
83 44
83 46
83 55
83 60
83 64
83 70
83 84
83 87
83 90
83 98
83 86
83 92
83 99
49 23
49 0
49 11
49 15
49 16
49 20
49 21
49 27
49 29
49 32
49 35
49 36
49 39
49 44
49 9
49 17
49 46
49 60
49 64
49 67
49 69
49 75
49 77
49 86
49 87
49 90
49 57
49 66
49 70
49 72
49 74
49 84
23 3
23 9
23 11
23 16
23 17
23 20
23 21
23 29
23 32
23 34
23 39
23 44
23 46
23 69
23 70
23 72
23 73
23 74
23 75
23 77
23 86
23 87
23 92
23 98
23 99
23 27
23 35
23 36
23 38
23 55
23 84
23 90
3 60
3 15
3 29
3 32
3 35
3 38
3 39
3 55
3 66
3 67
3 70
3 75
3 77
3 87
3 90
3 11
3 16
3 17
3 20
3 21
3 36
3 46
3 57
3 64
3 69
3 84
3 98
3 99
60 87
60 1
60 9
60 21
60 29
60 38
60 39
60 44
60 55
60 56
60 57
60 11
60 15
60 20
60 34
60 35
60 66
60 67
60 74
60 75
60 99
60 69
60 73
60 77
60 84
60 90
60 92
87 46
87 9
87 11
87 16
87 17
87 20
87 29
87 32
87 34
87 35
87 36
87 56
87 64
87 66
87 67
87 69
87 70
87 72
87 74
87 86
87 0
87 15
87 21
87 27
87 39
87 55
87 73
87 84
87 98
87 92
87 99
46 1
46 9
46 11
46 29
46 32
46 35
46 36
46 38
46 44
46 16
46 21
46 27
46 39
46 57
46 66
46 67
46 70
46 74
46 86
46 92
46 98
46 99
46 56
46 69
46 73
46 77
46 84
1 75
1 9
1 11
1 16
1 20
1 21
1 27
1 32
1 35
1 38
1 39
1 55
1 56
1 57
1 66
1 98
1 15
1 17
1 29
1 34
1 44
1 64
1 69
1 70
1 74
1 77
1 84
1 92
1 99
75 84
75 17
75 27
75 32
75 35
75 36
75 38
75 44
75 64
75 66
75 67
75 73
75 11
75 15
75 20
75 29
75 55
75 56
75 57
75 70
75 74
75 90
75 92
75 98
75 99
75 77
84 16
84 0
84 11
84 15
84 17
84 20
84 21
84 29
84 32
84 34
84 35
84 36
84 39
84 56
84 57
84 64
84 66
84 67
84 69
84 72
84 73
84 77
84 9
84 38
84 70
84 90
84 92
84 98
84 86
84 99
16 21
16 0
16 11
16 29
16 35
16 36
16 38
16 39
16 66
16 67
16 69
16 72
16 74
16 90
16 17
16 32
16 44
16 57
16 86
16 92
21 92
21 0
21 11
21 15
21 17
21 20
21 27
21 32
21 35
21 36
21 38
21 44
21 55
21 56
21 57
21 66
21 67
21 69
21 86
21 99
21 29
21 34
21 70
21 74
21 98
92 99
92 0
92 17
92 27
92 32
92 34
92 36
92 55
92 56
92 57
92 66
92 72
92 73
92 74
92 77
92 9
92 15
92 29
92 69
92 70
92 98
99 27
99 0
99 9
99 11
99 15
99 20
99 32
99 35
99 36
99 44
99 57
99 67
99 69
99 70
99 72
99 73
99 74
99 77
99 98
99 17
99 29
99 38
99 39
99 55
99 56
99 64
99 66
99 86
27 72
27 11
27 17
27 20
27 15
27 29
27 32
27 34
27 35
27 36
27 38
27 64
27 69
27 73
27 74
27 86
27 44
27 56
27 57
27 66
27 77
27 98
72 98
72 0
72 11
72 15
72 32
72 34
72 35
72 38
72 39
72 44
72 57
72 67
72 69
72 55
72 70
72 73
72 74
72 86
72 90
98 70
98 0
98 15
98 17
98 32
98 34
98 36
98 39
98 57
98 64
98 67
98 77
98 9
98 11
98 20
98 29
98 35
98 38
98 44
98 55
98 69
98 74
70 29
70 0
70 9
70 15
70 32
70 38
70 55
70 20
70 34
70 35
70 44
70 66
70 67
70 73
70 90
70 74
70 77
29 66
29 0
29 9
29 11
29 15
29 17
29 20
29 34
29 35
29 38
29 39
29 56
29 64
29 90
29 36
29 44
29 55
29 57
29 73
66 77
66 9
66 17
66 35
66 39
66 64
66 20
66 56
66 57
66 73
66 74
66 67
66 90
77 17
77 0
77 11
77 34
77 36
77 38
77 44
77 55
77 57
77 64
77 67
77 69
77 73
77 9
77 15
77 20
77 35
77 39
77 86
17 36
17 9
17 11
17 15
17 20
17 32
17 44
17 56
17 64
17 67
17 74
17 86
17 38
17 55
17 57
17 69
36 20
36 11
36 32
36 34
36 0
36 38
36 39
36 44
36 55
36 67
36 86
36 56
36 57
36 90
20 86
20 11
20 15
20 9
20 38
20 44
20 56
20 64
20 67
20 73
20 32
20 35
20 55
20 57
86 57
86 9
86 11
86 15
86 35
86 44
86 55
86 64
86 67
86 69
86 74
86 0
86 34
86 38
86 73
86 90
57 0
57 9
57 15
57 34
57 11
57 39
57 56
57 64
57 67
57 69
57 73
57 74
57 90
0 67
0 9
0 32
0 35
0 39
0 64
0 73
0 90
0 15
0 34
0 44
0 55
67 34
67 9
67 32
67 35
67 38
67 39
67 44
67 55
67 15
67 64
67 73
67 74
67 90
34 64
34 11
34 32
34 39
34 44
34 56
34 73
34 35
34 55
34 74
64 39
64 9
64 11
64 44
64 56
64 15
64 32
64 35
64 90
64 73
39 55
39 9
39 15
39 35
39 38
39 32
39 69
39 73
39 74
39 44
39 56
55 38
55 9
55 11
55 15
55 44
55 35
55 56
55 69
55 73
55 74
38 9
38 11
38 35
38 15
38 44
38 69
38 74
38 90
38 73
9 69
9 11
9 32
9 35
9 44
9 74
9 90
9 73
69 73
69 35
69 56
69 11
69 32
69 74
69 90
73 44
73 32
73 35
73 56
73 15
73 90
73 74
44 15
44 11
44 35
44 56
44 74
44 90
15 90
15 11
15 56
15 32
15 35
15 74
90 32
90 56
90 11
90 74
32 56
56 11
56 74
11 35
35 74