30 48 72 45 90 98 35 15 37 21 17 58 50 11 36 32 78 73 14 47 67 16 87 42 4 25 86 51 91 88 85 41 2 43 38 60 63 26 57 27 0 19 52 12 84 34 81 66 65 1 7 96 49 64 77 95 71 92 68 82 89 93 75 22 74 46 69 83 56 80 6 9 40 44 29 5 53 3 54 39 13 79 62 33 31 94 61 24 70 76 10 97 23 28 20 8 59 55 18
30 48
30 72
30 26
30 64
30 59
30 33
30 57
30 63
48 51
48 35
48 75
48 82
48 36
48 17
48 49
48 95
48 31
48 97
72 11
72 89
72 75
72 24
72 67
72 68
72 39
72 44
72 73
72 69
72 70
72 96
72 83
72 90
72 61
72 88
72 87
72 78
72 76
45 90
45 54
45 23
45 29
45 62
45 91
45 87
45 58
45 53
45 47
45 68
90 92
90 94
90 17
90 52
90 66
90 81
90 67
90 86
90 69
90 96
90 91
90 28
90 83
90 49
90 87
90 70
90 98
98 35
98 21
98 2
98 17
98 94
98 43
98 62
98 88
98 41
98 92
98 71
98 53
98 80
98 84
98 65
98 77
98 83
98 96
98 87
98 93
98 95
35 74
35 83
35 94
35 42
35 82
35 66
35 44
15 37
15 82
15 92
15 51
15 50
15 39
37 67
37 23
37 69
37 54
37 84
37 60
37 14
37 52
37 16
37 58
37 64
37 81
21 22
21 62
21 8
21 19
21 73
21 96
17 58
17 71
17 67
17 19
17 62
17 77
58 46
58 73
58 47
58 91
58 39
58 41
58 77
58 92
58 56
58 71
58 94
50 11
50 12
50 6
50 54
50 65
50 59
50 96
50 81
50 67
50 92
50 56
50 93
11 4
11 68
11 97
11 85
11 60
11 61
11 14
11 19
11 8
36 32
36 16
36 71
36 57
36 47
36 25
36 44
36 82
36 23
36 76
36 29
32 27
32 76
32 59
32 43
32 25
32 26
32 94
32 56
32 81
32 71
32 52
32 96
78 73
78 1
78 7
78 0
78 92
78 10
78 66
78 57
78 61
78 74
78 76
78 43
78 82
78 68
78 71
78 97
78 88
78 65
78 94
73 38
73 82
73 1
73 54
73 46
73 57
73 24
73 60
73 55
73 47
73 52
73 59
73 56
73 97
73 63
14 47
14 5
14 27
14 86
14 51
14 79
47 92
47 42
47 57
47 83
67 40
67 13
67 82
67 49
67 94
67 46
67 68
67 88
67 97
67 77
67 85
67 59
67 66
67 71
67 64
67 93
16 60
16 56
16 26
87 42
87 7
87 31
87 38
87 28
87 41
87 53
87 49
87 60
87 96
87 86
87 81
87 54
87 39
87 2
87 74
87 95
87 88
87 75
87 84
87 80
87 92
87 94
42 2
42 61
42 33
42 89
42 41
42 92
42 69
42 85
4 0
4 81
4 49
4 41
25 86
25 81
25 44
25 3
25 95
25 34
25 18
25 56
25 79
25 88
25 61
25 65
25 71
25 41
86 12
86 38
86 85
86 26
86 63
86 82
86 76
86 49
86 43
86 88
86 95
86 65
86 44
86 51
86 91
86 97
86 64
86 79
51 65
51 80
51 66
51 39
51 43
51 2
51 38
51 83
51 95
51 76
91 88
91 68
91 2
91 71
91 8
91 18
91 70
91 38
91 95
91 63
91 59
91 74
91 65
91 83
91 93
91 89
91 85
88 2
88 82
88 79
88 75
88 83
88 76
88 56
88 84
88 80
88 61
88 74
88 97
88 93
88 95
85 41
85 65
85 29
85 23
85 40
85 81
85 62
85 76
85 75
85 94
85 82
85 89
41 70
41 74
41 57
41 96
41 83
41 89
41 33
41 65
41 38
41 40
41 92
2 43
2 61
2 81
2 94
2 57
2 24
2 70
2 71
2 93
2 46
2 54
2 92
2 75
2 96
2 97
2 84
43 63
43 71
43 53
43 40
43 74
43 24
43 94
43 38
43 52
43 19
38 57
38 12
38 28
38 40
38 77
60 63
60 19
60 9
60 68
60 24
60 39
60 40
60 59
60 62
60 93
60 89
60 57
60 71
60 74
63 6
63 56
63 52
63 27
63 33
63 96
63 57
63 84
63 71
26 52
26 49
26 12
26 64
26 80
26 84
57 39
57 22
57 93
57 40
57 96
57 71
57 82
57 95
27 82
27 10
27 31
27 70
27 75
27 94
27 64
0 40
19 95
19 40
52 8
52 94
52 40
52 53
52 74
52 83
52 55
52 89
12 84
12 94
84 34
84 95
84 69
84 68
84 61
84 23
84 28
84 55
84 80
84 94
84 79
84 97
34 82
34 77
34 28
34 80
34 92
34 49
34 68
81 66
81 89
81 22
81 13
81 75
81 18
81 93
81 56
81 64
81 70
81 94
81 97
81 77
81 80
81 61
81 92
66 93
66 20
66 62
66 77
66 64
66 96
66 55
66 59
66 74
66 95
66 69
65 69
65 31
65 18
65 80
65 49
65 95
65 33
65 79
65 77
7 96
7 13
7 56
96 68
96 92
96 80
96 69
96 53
96 61
96 54
96 95
49 53
49 80
49 55
49 97
49 40
49 24
49 29
49 59
49 92
64 9
64 89
64 33
64 24
64 69
64 70
64 76
64 93
64 74
64 59
64 97
77 95
77 29
77 13
77 44
77 97
77 94
77 71
77 89
77 92
77 82
77 79
95 93
95 20
95 94
95 56
95 97
95 61
95 71
95 68
95 79
95 82
95 80
95 83
71 61
71 44
71 92
71 83
71 75
71 69
92 75
92 6
92 53
92 61
92 56
92 97
92 23
92 80
92 69
92 62
92 68
92 94
68 79
68 59
68 82
68 18
68 75
68 61
68 93
82 75
82 39
82 46
82 76
82 31
82 79
82 13
82 97
89 74
89 39
89 54
89 83
89 70
89 79
93 74
93 33
93 20
93 56
93 79
93 54
75 83
75 62
75 80
75 74
22 74
22 29
22 54
74 70
46 69
46 31
46 55
69 23
69 29
69 28
69 83
69 76
83 56
83 54
83 28
83 40
56 31
56 76
80 33
80 54
80 94
9 53
40 61
40 33
44 31
44 39
44 61
29 24
29 76
29 79
53 97
3 97
54 79
54 94
54 55
39 76
79 24
79 70
62 55
62 61
62 59
33 31
33 23
33 10
94 55
94 97
94 59
94 70
61 59
61 24
61 97
70 18
76 23
76 97