0 41 70 47 43 44 42 37 87 60 72 20 13 12 93 96 11 86 83 23 5 39 45 88 84 40 67 62 35 16 51 59 18 32 50 21 55 1 58 89 52 17 36 80 28 85 25 76 92 30 63 2 19 38 48 14 71 33 74 26 91 27 57 15 68 65 99 66 8 3 6 61 7 73 4 49 78 64 46 81 10 79 56 53 90 69 75 82 54 24 98 31 95 9 94 34 77 22 29 97
0 41
0 70
0 47
0 43
0 44
0 42
0 37
0 87
0 60
0 72
0 20
0 13
0 12
0 93
0 96
0 11
0 86
0 83
0 23
0 5
0 39
0 45
0 88
0 84
0 40
0 67
0 62
0 35
0 16
0 51
0 59
0 18
0 32
0 50
0 21
0 55
41 1
41 3
41 7
41 8
41 10
41 11
41 13
41 21
41 22
41 29
41 38
41 39
41 99
41 73
41 49
41 82
41 96
41 61
41 77
41 47
41 69
41 70
41 92
41 83
41 52
41 80
41 89
41 72
41 42
41 58
41 62
41 68
41 81
41 90
41 60
41 78
70 2
70 11
70 12
70 13
70 16
70 17
70 18
70 19
70 21
70 22
70 27
70 28
70 30
70 32
70 33
70 37
70 38
70 42
70 43
70 44
70 48
70 49
70 53
70 55
70 58
70 62
70 63
70 67
70 69
70 99
70 72
70 81
70 78
70 73
70 95
70 96
70 89
70 83
70 76
70 87
70 86
70 74
70 80
70 88
47 2
47 3
47 4
47 6
47 8
47 9
47 10
47 11
47 12
47 13
47 14
47 17
47 20
47 21
47 22
47 23
47 24
47 26
47 27
47 28
47 29
47 32
47 33
47 34
47 43
47 46
47 74
47 64
47 58
47 90
47 80
47 48
47 94
47 95
47 54
47 87
47 79
47 63
47 55
47 56
47 91
43 1
43 5
43 6
43 9
43 14
43 15
43 25
43 26
43 29
43 30
43 31
43 33
43 35
43 96
43 90
43 92
43 81
43 44
43 45
43 97
43 57
43 54
43 89
43 88
43 73
43 68
43 48
43 79
43 50
43 84
43 53
43 82
43 63
43 75
44 1
44 3
44 4
44 7
44 8
44 13
44 15
44 17
44 18
44 19
44 26
44 28
44 29
44 31
44 34
44 35
44 38
44 40
44 62
44 96
44 57
44 76
44 84
44 69
44 77
44 95
44 82
44 61
44 88
44 85
44 67
44 81
44 89
44 54
44 66
44 56
44 93
44 90
44 79
44 68
42 2
42 3
42 4
42 5
42 6
42 9
42 10
42 13
42 14
42 16
42 17
42 19
42 21
42 22
42 29
42 30
42 31
42 33
42 34
42 35
42 95
42 88
42 54
42 86
42 52
42 71
42 76
42 80
42 66
42 68
42 69
42 87
42 98
42 53
42 89
42 97
42 60
42 46
42 63
42 51
42 58
42 78
42 92
42 94
42 62
42 74
42 49
42 77
37 7
37 9
37 12
37 13
37 14
37 17
37 21
37 22
37 24
37 30
37 33
37 34
37 35
37 65
37 82
37 92
37 90
37 81
37 73
37 95
37 91
37 98
37 67
37 55
37 79
37 85
37 71
37 69
37 49
37 74
37 75
37 50
37 89
37 64
37 59
37 63
37 80
37 52
37 88
37 40
87 4
87 5
87 12
87 13
87 17
87 20
87 21
87 22
87 23
87 24
87 25
87 26
87 27
87 28
87 29
87 31
87 33
87 34
87 38
87 40
87 46
87 48
87 50
87 51
87 53
87 54
87 56
87 63
87 69
87 71
87 74
87 75
87 78
87 79
87 84
87 98
87 97
87 88
87 96
87 99
87 94
87 95
60 1
60 2
60 6
60 10
60 11
60 13
60 14
60 15
60 17
60 20
60 21
60 22
60 23
60 25
60 27
60 28
60 32
60 33
60 34
60 50
60 52
60 53
60 55
60 72
60 79
60 71
60 93
60 96
60 78
60 84
60 64
60 95
60 89
60 94
60 62
60 99
60 73
60 98
60 69
60 81
60 61
60 86
72 1
72 5
72 7
72 8
72 9
72 11
72 17
72 23
72 24
72 25
72 31
72 32
72 38
72 39
72 40
72 50
72 55
72 61
72 65
72 76
72 79
72 77
72 96
72 86
72 84
72 89
72 90
72 88
72 93
72 85
72 83
72 91
72 98
20 10
20 18
20 19
20 74
20 21
20 73
20 77
20 30
20 75
20 64
20 80
20 98
20 91
20 66
20 85
20 61
20 53
20 59
20 94
20 69
20 38
20 29
20 76
20 84
20 22
20 79
20 55
20 89
20 25
13 2
13 3
13 4
13 5
13 7
13 10
13 12
13 56
13 31
13 93
13 45
13 77
13 85
13 24
13 59
13 96
13 58
13 27
13 69
13 65
13 25
13 38
13 22
13 61
13 88
13 16
13 62
13 53
13 94
13 19
13 83
13 54
13 74
13 36
13 34
12 3
12 4
12 8
12 9
12 10
12 73
12 88
12 91
12 15
12 38
12 84
12 69
12 55
12 86
12 33
12 85
12 67
12 94
12 96
12 76
12 97
12 14
12 36
12 66
12 77
12 83
12 53
12 71
93 1
93 10
93 14
93 28
93 31
93 33
93 38
93 39
93 48
93 52
93 53
93 54
93 57
93 61
93 64
93 66
93 71
93 73
93 75
93 82
93 83
93 85
93 86
93 92
93 97
93 94
93 99
93 98
96 3
96 7
96 10
96 16
96 18
96 19
96 22
96 23
96 27
96 29
96 30
96 32
96 34
96 38
96 46
96 48
96 53
96 54
96 64
96 65
96 69
96 74
96 75
96 78
96 79
96 82
96 83
96 84
96 85
96 91
96 94
96 99
11 6
11 9
11 94
11 65
11 98
11 78
11 48
11 85
11 95
11 51
11 83
11 19
11 35
11 62
11 82
11 32
11 27
11 71
11 23
11 59
11 29
11 25
11 89
11 57
11 18
11 67
86 3
86 5
86 6
86 14
86 17
86 19
86 23
86 25
86 27
86 29
86 30
86 31
86 36
86 38
86 46
86 48
86 50
86 51
86 53
86 58
86 62
86 63
86 64
86 66
86 68
86 74
86 78
86 81
86 83
86 85
86 98
86 88
83 2
83 3
83 6
83 14
83 16
83 17
83 18
83 21
83 24
83 27
83 30
83 32
83 35
83 50
83 52
83 53
83 61
83 64
83 65
83 73
83 74
83 77
83 78
83 79
83 99
83 89
23 2
23 3
23 5
23 6
23 8
23 9
23 10
23 14
23 18
23 21
23 27
23 97
23 64
23 62
23 99
23 80
23 69
23 33
23 59
23 78
23 26
23 95
23 52
23 63
23 31
23 81
23 57
23 61
23 76
23 29
23 94
23 75
23 55
5 1
5 3
5 4
5 91
5 36
5 53
5 81
5 58
5 56
5 55
5 98
5 31
5 65
5 64
5 95
5 17
5 49
5 9
5 16
5 50
5 57
5 7
5 26
5 52
5 38
5 69
5 68
5 15
5 74
5 39
5 10
5 71
5 67
5 6
5 25
5 63
5 94
5 30
39 2
39 8
39 10
39 14
39 16
39 19
39 29
39 36
39 38
39 81
39 94
39 61
39 63
39 84
39 98
39 74
39 46
39 66
39 58
39 97
39 79
39 56
39 45
39 67
39 64
39 90
39 80
39 52
39 92
45 8
45 9
45 18
45 19
45 25
45 27
45 28
45 29
45 30
45 32
45 34
45 35
45 36
45 61
45 46
45 68
45 98
45 76
45 69
45 49
45 65
45 59
45 48
45 82
45 58
45 52
45 53
45 71
45 80
45 81
45 77
88 3
88 4
88 7
88 9
88 10
88 16
88 21
88 27
88 31
88 34
88 38
88 40
88 49
88 51
88 52
88 57
88 58
88 59
88 61
88 62
88 74
88 77
88 78
88 79
88 81
88 84
88 85
88 95
88 97
88 94
88 91
88 92
84 1
84 2
84 4
84 6
84 7
84 14
84 17
84 18
84 22
84 25
84 27
84 28
84 30
84 34
84 38
84 40
84 50
84 54
84 56
84 59
84 64
84 65
84 66
84 67
84 74
84 75
84 78
84 81
84 97
84 90
84 91
40 1
40 4
40 14
40 15
40 17
40 18
40 29
40 30
40 33
40 38
40 57
40 64
40 89
40 74
40 65
40 92
40 66
40 53
40 50
40 91
40 73
40 99
40 62
40 79
40 75
40 55
40 76
40 69
40 59
40 71
40 85
67 1
67 6
67 14
67 16
67 17
67 19
67 22
67 29
67 30
67 31
67 34
67 36
67 49
67 53
67 54
67 59
67 63
67 65
67 94
67 69
67 80
67 97
67 82
67 78
67 98
67 73
67 75
62 3
62 4
62 6
62 9
62 15
62 17
62 19
62 21
62 25
62 26
62 29
62 31
62 32
62 34
62 49
62 51
62 52
62 55
62 56
62 58
62 99
62 79
62 92
62 65
62 89
62 98
62 82
62 71
62 90
62 77
35 2
35 4
35 7
35 15
35 17
35 22
35 25
35 26
35 28
35 31
35 34
35 75
35 85
35 76
35 69
35 81
35 65
35 97
35 77
35 55
35 90
35 36
35 49
35 80
35 92
35 71
35 74
35 48
16 1
16 4
16 9
16 10
16 14
16 65
16 29
16 71
16 28
16 85
16 99
16 19
16 64
16 97
16 18
16 77
16 92
16 25
16 51
16 38
16 27
16 55
16 76
16 68
16 34
16 95
16 24
16 59
16 63
51 2
51 3
51 6
51 7
51 8
51 9
51 18
51 19
51 21
51 22
51 24
51 25
51 29
51 32
51 33
51 36
51 38
51 50
51 61
51 99
51 74
51 91
51 97
51 78
51 57
51 81
51 94
51 98
51 56
51 80
51 63
51 90
51 64
59 2
59 7
59 8
59 9
59 19
59 26
59 27
59 28
59 29
59 30
59 33
59 34
59 38
59 46
59 49
59 50
59 57
59 82
59 68
59 85
59 90
59 78
59 76
59 80
59 71
59 63
59 64
59 79
59 92
59 75
59 97
18 3
18 4
18 6
18 15
18 91
18 74
18 58
18 69
18 92
18 24
18 30
18 79
18 53
18 80
18 81
18 95
18 66
18 78
18 82
18 89
18 27
18 73
18 26
18 65
18 48
18 49
18 28
18 31
18 99
18 33
18 94
18 36
32 21
32 24
32 29
32 31
32 46
32 76
32 33
32 64
32 61
32 75
32 50
32 49
32 91
32 98
32 53
32 97
32 69
32 95
32 78
32 38
32 79
32 81
50 1
50 3
50 4
50 7
50 8
50 9
50 21
50 26
50 31
50 46
50 82
50 53
50 73
50 75
50 56
50 64
50 52
50 90
50 58
50 97
50 98
50 99
50 91
50 77
50 80
50 63
21 2
21 3
21 10
21 14
21 17
21 19
21 98
21 46
21 79
21 27
21 82
21 25
21 36
21 30
21 63
21 73
21 66
21 48
21 34
21 55
21 64
21 31
21 53
21 29
21 90
21 81
21 57
21 99
55 1
55 3
55 8
55 9
55 15
55 22
55 24
55 25
55 27
55 30
55 31
55 33
55 36
55 38
55 48
55 52
55 75
55 58
55 97
55 78
55 71
55 99
55 68
55 79
55 80
55 94
55 73
55 95
55 63
55 90
1 58
1 89
1 52
1 17
1 36
1 80
1 28
1 85
1 25
1 76
1 92
1 30
1 63
1 2
1 19
1 38
1 48
1 14
1 71
1 33
1 74
1 26
1 91
1 27
1 57
58 3
58 8
58 10
58 19
58 36
58 48
58 52
58 53
58 54
58 56
58 89
58 81
58 69
58 78
58 85
58 61
58 92
58 65
58 63
58 99
58 68
58 76
89 2
89 6
89 7
89 10
89 14
89 17
89 19
89 22
89 27
89 31
89 49
89 52
89 53
89 56
89 61
89 63
89 66
89 68
89 76
89 78
89 81
89 85
89 90
89 97
89 91
89 99
52 2
52 3
52 9
52 10
52 17
52 22
52 24
52 28
52 30
52 31
52 48
52 99
52 79
52 53
52 76
52 68
52 69
52 56
52 90
52 92
52 61
52 98
52 91
52 95
17 4
17 6
17 68
17 71
17 74
17 38
17 73
17 31
17 79
17 63
17 61
17 82
17 19
17 69
17 48
17 53
17 78
17 46
17 25
17 99
17 30
17 49
17 81
17 80
17 92
36 2
36 3
36 8
36 14
36 15
36 19
36 24
36 30
36 31
36 33
36 34
36 75
36 76
36 99
36 46
36 66
36 65
36 92
36 90
36 61
36 53
36 98
36 38
36 71
36 94
80 3
80 14
80 15
80 19
80 24
80 28
80 29
80 30
80 31
80 33
80 53
80 54
80 56
80 66
80 68
80 73
80 76
80 77
80 78
80 79
80 97
80 94
80 81
80 82
28 3
28 4
28 6
28 15
28 19
28 22
28 26
28 74
28 46
28 56
28 30
28 95
28 49
28 31
28 68
28 29
28 54
28 81
28 91
28 78
28 61
28 90
85 3
85 4
85 7
85 14
85 15
85 22
85 25
85 30
85 31
85 53
85 54
85 61
85 73
85 74
85 76
85 77
85 78
85 81
85 82
85 95
85 92
85 97
85 94
25 2
25 8
25 9
25 10
25 24
25 90
25 38
25 33
25 56
25 79
25 30
25 95
25 54
25 71
25 31
25 74
25 73
25 99
25 57
25 98
25 77
25 49
25 78
25 81
76 2
76 7
76 9
76 10
76 14
76 19
76 22
76 24
76 38
76 46
76 48
76 49
76 53
76 54
76 63
76 64
76 68
76 69
76 71
76 74
76 91
76 77
76 78
76 99
76 97
76 79
92 7
92 8
92 9
92 15
92 22
92 26
92 33
92 46
92 53
92 63
92 64
92 65
92 66
92 68
92 69
92 71
92 75
92 77
92 79
92 81
92 82
92 91
30 2
30 9
30 10
30 19
30 22
30 26
30 27
30 38
30 69
30 31
30 48
30 56
30 79
30 53
30 82
30 71
30 49
30 91
30 65
30 33
63 3
63 8
63 9
63 15
63 19
63 24
63 27
63 29
63 31
63 33
63 34
63 49
63 57
63 98
63 71
63 95
63 75
63 99
63 64
63 68
63 94
63 73
2 57
2 15
2 68
2 65
2 99
2 66
2 8
2 3
2 38
2 6
2 27
2 74
2 61
2 7
2 73
2 4
2 49
2 91
2 78
19 7
19 10
19 14
19 81
19 74
19 26
19 90
19 61
19 56
19 79
19 66
19 97
19 29
19 33
19 64
19 98
19 82
19 78
19 57
38 4
38 6
38 10
38 22
38 26
38 34
38 77
38 56
38 61
38 57
38 82
38 99
38 95
38 91
38 73
38 78
38 48
38 54
48 3
48 7
48 24
48 29
48 31
48 46
48 97
48 68
48 99
48 57
48 71
48 74
48 95
48 90
48 53
48 77
48 98
48 65
48 54
14 3
14 8
14 10
14 97
14 64
14 71
14 81
14 94
14 53
14 33
14 15
14 31
14 26
14 34
14 66
14 75
71 3
71 4
71 10
71 22
71 26
71 29
71 33
71 61
71 65
71 66
71 97
71 79
71 81
71 94
71 75
71 73
71 91
71 77
33 3
33 4
33 6
33 24
33 27
33 79
33 66
33 82
33 99
33 57
33 64
33 77
74 3
74 4
74 7
74 9
74 15
74 24
74 26
74 27
74 29
74 46
74 53
74 54
74 61
74 65
74 68
74 69
74 73
74 81
74 99
74 95
74 75
26 4
26 9
26 22
26 24
26 54
26 82
26 90
26 78
26 94
26 57
26 29
26 65
26 53
26 66
26 95
26 27
91 7
91 27
91 31
91 34
91 49
91 56
91 61
91 68
91 79
91 81
91 94
27 3
27 7
27 8
27 10
27 15
27 22
27 99
27 29
27 57
27 69
27 56
27 34
57 9
57 31
57 54
57 56
57 61
57 64
57 95
57 81
57 94
57 79
57 82
57 65
57 90
57 68
15 3
15 4
15 6
15 7
15 8
15 73
15 78
15 99
15 54
15 64
15 65
15 97
15 56
15 68
15 61
15 81
15 34
68 6
68 9
68 29
68 31
68 56
68 65
68 81
68 94
68 73
68 78
68 90
65 4
65 6
65 7
65 9
65 24
65 31
65 56
65 61
65 98
65 66
65 75
65 81
65 95
99 9
99 22
99 49
99 61
99 69
99 73
99 78
99 79
99 95
66 4
66 6
66 9
66 29
66 31
66 34
66 56
66 61
66 90
66 69
66 79
66 82
66 97
66 94
66 95
66 75
8 3
8 7
8 69
8 64
8 94
8 22
8 79
8 53
8 31
8 29
8 90
8 82
8 97
3 64
3 49
3 46
3 73
3 81
3 61
3 10
3 79
3 56
3 53
6 73
6 31
6 49
6 53
6 61
6 69
6 46
6 79
6 7
6 10
6 82
61 10
61 46
61 49
61 90
61 75
61 95
61 69
61 78
7 4
7 79
7 95
7 94
7 64
7 98
7 69
7 46
7 10
7 34
7 77
7 54
7 56
7 82
7 78
7 81
7 75
7 73
73 22
73 29
73 56
73 78
73 81
73 95
73 97
4 90
4 69
4 75
4 82
4 79
4 53
4 78
4 54
4 24
4 64
49 24
49 29
49 78
49 64
49 56
49 53
49 79
78 29
78 31
78 34
78 64
78 69
78 77
78 90
78 95
78 98
78 97
64 10
64 29
64 31
64 46
64 54
64 81
64 95
64 77
64 94
46 22
46 75
46 81
46 56
46 95
46 82
46 94
46 53
46 77
46 54
81 9
81 22
81 31
81 34
81 77
81 94
81 98
10 9
10 53
10 29
10 69
10 31
10 90
10 94
10 82
10 97
10 75
79 54
79 69
79 94
79 97
56 22
56 34
56 75
56 69
56 77
56 90
56 98
53 9
53 22
53 31
53 75
53 82
53 54
53 94
90 29
90 34
90 77
90 98
90 94
69 24
69 97
69 77
75 22
75 24
75 29
75 31
75 95
75 98
75 94
82 24
82 31
82 54
82 77
82 95
54 24
54 34
54 98
54 97
54 95
24 22
24 34
24 77
24 29
24 94
98 9
98 77
98 95
31 9
31 29
31 34
31 95
31 97
95 29
9 22
9 34
94 22
94 29
94 34
34 29
34 97
77 22
77 29