0 2 7 12 13 15 16 18 19 25 28 30 32 33 39 47 48 49 50 57 61 62 66 67 69 71 72 83 87 89 95 98 1 4 23 27 34 35 41 43 44 51 52 56 59 64 80 82 84 85 86 88 93 3 6 11 24 29 31 36 37 38 60 63 76 81 90 92 94 99 10 14 17 21 42 45 46 53 65 74 78 96 5 8 58 77 9 54 55 75 79 20 40 97 68 70 22 73 91 26
0 2
0 7
0 12
0 13
0 15
0 16
0 18
0 19
0 25
0 28
0 30
0 32
0 33
0 39
0 47
0 48
0 49
0 50
0 57
0 61
0 62
0 66
0 67
0 69
0 71
0 72
0 83
0 87
0 89
0 95
0 98
2 3
2 6
2 7
2 11
2 12
2 13
2 15
2 18
2 19
2 23
2 24
2 25
2 27
2 29
2 31
2 36
2 37
2 38
2 41
2 43
2 47
2 50
2 60
2 62
2 63
2 64
2 71
2 76
2 80
2 81
2 85
2 86
2 90
2 92
2 94
2 99
7 1
7 3
7 11
7 15
7 19
7 20
7 23
7 24
7 25
7 32
7 41
7 46
7 52
7 55
7 59
7 61
7 65
7 68
7 69
7 76
7 81
7 82
7 83
7 88
7 90
7 97
7 98
12 9
12 15
12 23
12 28
12 29
12 31
12 33
12 35
12 36
12 37
12 38
12 44
12 45
12 47
12 48
12 49
12 55
12 56
12 62
12 64
12 69
12 75
12 77
12 78
12 79
12 80
12 81
12 82
12 91
12 95
13 1
13 4
13 9
13 11
13 23
13 25
13 29
13 31
13 32
13 33
13 34
13 37
13 38
13 39
13 40
13 43
13 45
13 46
13 53
13 54
13 57
13 65
13 68
13 73
13 74
13 76
13 79
13 86
13 89
13 91
13 93
15 1
15 4
15 10
15 18
15 21
15 22
15 23
15 24
15 26
15 32
15 37
15 38
15 45
15 48
15 50
15 51
15 59
15 61
15 67
15 71
15 72
15 74
15 76
15 82
15 83
15 94
15 98
15 99
16 1
16 3
16 4
16 5
16 6
16 11
16 22
16 24
16 27
16 28
16 32
16 38
16 39
16 40
16 45
16 48
16 49
16 50
16 54
16 55
16 58
16 60
16 65
16 66
16 69
16 70
16 74
16 80
16 81
16 86
16 92
16 96
16 97
16 98
18 1
18 4
18 11
18 14
18 20
18 24
18 25
18 26
18 41
18 42
18 44
18 47
18 48
18 50
18 54
18 57
18 59
18 61
18 68
18 73
18 76
18 79
18 83
18 85
18 88
18 92
18 95
19 1
19 4
19 5
19 6
19 8
19 14
19 21
19 22
19 27
19 31
19 33
19 34
19 35
19 36
19 38
19 43
19 46
19 48
19 49
19 53
19 58
19 59
19 61
19 62
19 66
19 73
19 78
19 82
19 85
19 87
19 90
19 97
19 98
25 1
25 20
25 22
25 27
25 30
25 31
25 34
25 37
25 40
25 42
25 45
25 46
25 47
25 53
25 54
25 58
25 59
25 67
25 68
25 69
25 71
25 73
25 74
25 83
25 85
25 86
25 90
25 96
25 97
28 4
28 10
28 17
28 20
28 22
28 30
28 31
28 36
28 37
28 42
28 44
28 45
28 49
28 52
28 53
28 54
28 61
28 63
28 64
28 67
28 70
28 73
28 78
28 84
28 86
28 92
28 93
28 94
28 98
28 99
30 8
30 10
30 11
30 17
30 21
30 24
30 26
30 37
30 39
30 40
30 41
30 44
30 46
30 52
30 53
30 59
30 60
30 61
30 66
30 67
30 68
30 70
30 74
30 75
30 77
30 83
30 85
30 86
30 87
30 88
30 92
30 93
30 94
32 1
32 4
32 6
32 8
32 20
32 26
32 27
32 35
32 38
32 40
32 41
32 42
32 45
32 54
32 59
32 69
32 70
32 75
32 76
32 79
32 81
32 84
32 86
32 89
32 91
32 93
32 95
33 4
33 5
33 8
33 9
33 11
33 17
33 22
33 24
33 40
33 42
33 46
33 47
33 53
33 55
33 57
33 61
33 63
33 64
33 65
33 66
33 78
33 81
33 82
33 83
33 84
33 85
33 87
33 89
33 91
33 94
39 1
39 3
39 5
39 6
39 8
39 11
39 24
39 27
39 34
39 48
39 53
39 54
39 55
39 61
39 62
39 65
39 66
39 69
39 81
39 86
39 87
39 91
39 93
39 94
39 95
39 96
39 98
47 4
47 9
47 11
47 20
47 21
47 22
47 24
47 29
47 35
47 37
47 40
47 43
47 44
47 51
47 60
47 63
47 66
47 67
47 87
47 88
47 89
47 90
47 91
47 97
47 99
48 1
48 8
48 9
48 20
48 27
48 34
48 38
48 45
48 50
48 55
48 56
48 59
48 65
48 68
48 72
48 74
48 79
48 84
48 88
48 93
48 99
49 3
49 6
49 8
49 9
49 14
49 21
49 22
49 23
49 24
49 26
49 29
49 34
49 35
49 36
49 37
49 40
49 44
49 46
49 52
49 56
49 57
49 58
49 59
49 64
49 66
49 69
49 71
49 72
49 73
49 74
49 78
49 82
49 84
49 85
49 93
49 97
50 4
50 20
50 34
50 38
50 41
50 44
50 45
50 52
50 54
50 55
50 60
50 61
50 70
50 76
50 86
50 87
50 96
50 97
50 98
57 5
57 6
57 11
57 14
57 21
57 23
57 29
57 34
57 43
57 52
57 54
57 55
57 63
57 65
57 67
57 68
57 71
57 72
57 75
57 81
57 86
57 87
57 93
57 97
61 4
61 5
61 11
61 22
61 26
61 29
61 34
61 42
61 45
61 51
61 56
61 58
61 64
61 72
61 80
61 81
61 91
61 93
61 94
61 99
62 8
62 20
62 21
62 37
62 45
62 51
62 52
62 64
62 65
62 68
62 69
62 70
62 75
62 77
62 81
62 84
62 85
62 89
62 94
62 98
62 99
66 14
66 17
66 20
66 24
66 34
66 36
66 37
66 38
66 43
66 44
66 55
66 60
66 63
66 69
66 80
66 81
66 82
66 83
66 84
66 86
66 92
66 93
66 97
66 99
67 11
67 17
67 23
67 29
67 38
67 42
67 43
67 44
67 56
67 59
67 73
67 75
67 77
67 79
67 80
67 87
67 89
67 91
69 1
69 3
69 4
69 5
69 11
69 17
69 21
69 22
69 27
69 31
69 37
69 41
69 43
69 46
69 53
69 54
69 55
69 60
69 63
69 73
69 75
69 80
69 81
69 86
69 87
69 96
69 98
71 10
71 24
71 31
71 34
71 41
71 46
71 56
71 59
71 73
71 74
71 75
71 80
71 81
71 82
71 83
71 84
71 85
71 88
71 89
71 90
71 93
71 95
72 1
72 5
72 6
72 17
72 23
72 24
72 26
72 29
72 38
72 41
72 44
72 46
72 52
72 54
72 65
72 76
72 78
72 79
72 80
72 84
72 86
72 89
72 93
72 97
83 1
83 3
83 4
83 17
83 20
83 21
83 26
83 27
83 29
83 35
83 37
83 43
83 45
83 54
83 55
83 56
83 58
83 60
83 75
83 77
83 80
83 85
83 95
83 98
87 4
87 11
87 17
87 20
87 21
87 26
87 34
87 38
87 40
87 44
87 45
87 58
87 64
87 68
87 73
87 84
87 90
87 96
87 97
89 4
89 8
89 14
89 21
89 23
89 36
89 37
89 40
89 45
89 51
89 52
89 56
89 58
89 65
89 68
89 82
89 91
89 92
89 96
95 4
95 10
95 24
95 34
95 36
95 38
95 42
95 53
95 59
95 65
95 70
95 73
95 75
95 76
95 77
95 80
95 86
95 90
95 91
95 92
95 93
95 98
98 3
98 6
98 11
98 14
98 20
98 31
98 34
98 35
98 37
98 42
98 43
98 52
98 53
98 64
98 79
98 81
98 85
98 86
98 91
98 93
1 4
1 23
1 27
1 34
1 35
1 41
1 43
1 44
1 51
1 52
1 56
1 59
1 64
1 80
1 82
1 84
1 85
1 86
1 88
1 93
4 5
4 6
4 8
4 23
4 29
4 34
4 38
4 42
4 43
4 45
4 58
4 60
4 76
4 77
4 81
4 96
23 9
23 11
23 14
23 27
23 41
23 51
23 52
23 60
23 64
23 70
23 79
23 94
27 3
27 6
27 10
27 17
27 29
27 31
27 35
27 36
27 40
27 41
27 51
27 52
27 60
27 68
27 79
27 84
27 90
27 91
34 6
34 8
34 11
34 17
34 24
34 29
34 42
34 54
34 56
34 58
34 59
34 70
34 80
34 86
34 93
34 96
34 99
35 5
35 10
35 11
35 14
35 31
35 51
35 52
35 54
35 63
35 68
35 75
35 80
35 84
35 90
35 92
35 97
35 99
41 9
41 11
41 14
41 21
41 36
41 44
41 51
41 65
41 68
41 73
41 77
41 81
41 85
41 90
41 97
43 3
43 5
43 9
43 17
43 21
43 37
43 40
43 52
43 53
43 55
43 56
43 63
43 78
43 84
43 86
43 91
43 93
43 97
43 99
44 6
44 8
44 20
44 22
44 37
44 51
44 53
44 58
44 59
44 65
44 81
44 84
44 86
44 92
44 96
51 8
51 9
51 11
51 20
51 22
51 24
51 29
51 37
51 40
51 42
51 53
51 58
51 68
51 75
51 79
51 81
51 82
51 85
51 86
51 92
51 93
51 94
52 6
52 8
52 11
52 14
52 29
52 40
52 45
52 55
52 56
52 58
52 60
52 65
52 70
52 76
52 78
52 79
52 82
52 85
52 90
52 96
52 99
56 6
56 8
56 11
56 26
56 46
56 60
56 63
56 68
56 74
56 78
56 82
56 84
56 94
56 96
59 6
59 9
59 17
59 29
59 42
59 55
59 63
59 70
59 75
59 79
59 82
59 88
59 97
64 6
64 9
64 11
64 29
64 31
64 36
64 38
64 40
64 45
64 46
64 54
64 58
64 60
64 68
64 73
64 74
64 76
64 77
64 78
64 79
64 91
80 3
80 14
80 21
80 26
80 29
80 31
80 36
80 46
80 53
80 58
80 60
80 63
80 68
80 86
80 92
80 96
80 99
82 8
82 10
82 11
82 17
82 20
82 21
82 38
82 54
82 58
82 60
82 76
82 79
82 85
82 92
84 3
84 21
84 29
84 73
84 74
84 81
84 88
84 91
85 3
85 6
85 8
85 17
85 21
85 37
85 54
85 60
85 68
85 79
85 88
85 90
85 94
86 11
86 17
86 20
86 24
86 46
86 73
86 74
86 78
86 79
86 91
86 94
86 97
88 10
88 17
88 20
88 29
88 38
88 53
88 55
88 68
88 70
88 76
88 78
88 81
88 90
88 96
93 6
93 8
93 11
93 14
93 20
93 22
93 24
93 31
93 38
93 40
93 70
93 74
93 76
93 78
93 79
93 90
93 96
93 99
3 10
3 14
3 17
3 21
3 42
3 45
3 46
3 53
3 63
3 65
3 74
3 78
3 96
6 20
6 21
6 24
6 38
6 40
6 63
6 65
6 90
6 94
6 97
6 99
11 9
11 14
11 17
11 21
11 29
11 31
11 40
11 53
11 54
11 91
11 92
11 94
11 96
24 9
24 21
24 38
24 45
24 55
24 58
24 60
24 63
24 68
24 79
24 81
24 90
24 94
24 96
29 10
29 38
29 40
29 42
29 46
29 53
29 54
29 55
29 65
29 68
29 70
29 74
29 77
29 78
29 91
29 97
31 14
31 20
31 22
31 46
31 53
31 55
31 73
31 77
31 79
31 94
31 96
31 97
36 8
36 17
36 21
36 26
36 38
36 45
36 58
36 63
36 65
36 76
36 92
37 14
37 22
37 58
37 60
37 73
37 75
37 77
37 81
37 90
37 92
37 94
37 97
38 8
38 20
38 21
38 46
38 60
38 68
38 74
38 90
38 92
38 96
60 5
60 14
60 40
60 42
60 55
60 65
60 74
60 81
63 8
63 10
63 14
63 17
63 26
63 46
63 53
63 55
63 58
63 65
63 70
63 76
63 78
63 91
63 94
63 99
76 8
76 17
76 26
76 45
76 46
76 68
76 70
76 90
76 97
81 14
81 21
81 73
81 75
81 77
81 91
81 94
81 99
90 5
90 9
90 20
90 21
90 53
90 73
90 77
90 94
90 97
92 8
92 17
92 20
92 21
92 40
92 46
92 58
92 70
92 73
94 21
94 42
94 58
94 78
94 97
94 99
99 5
99 8
99 14
99 17
99 53
99 58
99 65
99 70
99 74
99 78
99 79
99 96
99 97
10 8
10 17
10 22
10 45
10 46
10 53
10 73
10 78
10 96
14 8
14 22
14 26
14 40
14 42
14 46
14 55
14 58
14 65
14 73
14 74
14 77
14 79
14 91
17 8
17 21
17 26
17 40
17 46
17 53
17 55
17 58
17 78
21 5
21 40
21 65
21 68
21 70
21 75
21 77
21 91
42 53
42 70
42 73
42 74
42 75
42 77
42 91
42 97
45 5
45 55
45 74
45 75
45 79
45 97
46 8
46 22
46 53
46 65
46 73
46 74
46 75
46 91
53 8
53 20
53 26
53 55
53 58
53 70
53 96
65 20
65 26
65 58
65 68
65 70
65 78
65 97
74 8
74 40
74 58
74 68
78 20
78 22
78 40
78 73
96 58
96 68
96 75
96 91
5 8
5 9
5 54
5 55
5 75
5 77
5 79
8 55
8 70
8 79
8 97
58 9
58 22
58 40
58 55
58 75
58 79
58 97
77 9
77 20
77 26
77 73
9 68
54 22
54 73
54 75
55 22
55 73
55 75
75 20
75 26
75 79
75 91
79 20
79 26
79 68
79 91
20 68
20 97
40 73
97 73
97 91
68 26
70 22
70 26
22 91
73 91