11 18 72 95 2 73 84 86 24 32 56 88 59 96 77 80 9 25 12 40 70 75 36 49 16 48 7 97 85 23 5 1 55 68 91 51 67 17 64 89 98 78 3 34 39 33 99 90 65 60 82 94 43 14 27 83 41 69 76 26 19 45 92 46 87 15 44 61 29 0 6 30 4 79 81 93 71 21 8 42 22 62 38 31 37 63 53 54 28 35 57 52 13 50 58 10 66 20 74 47
11 18
11 9
11 35
11 54
11 86
11 20
11 76
11 15
11 48
11 30
11 70
11 73
11 61
11 74
11 40
11 26
11 80
11 17
11 66
11 0
11 19
11 42
11 95
11 33
11 69
11 53
11 62
11 88
11 10
11 12
11 98
11 78
11 57
11 97
11 11
11 25
11 29
11 45
11 3
11 55
11 59
11 1
11 72
11 41
11 36
11 81
11 51
11 4
11 60
11 52
11 79
11 46
18 97
18 1
18 57
18 44
18 93
18 32
18 74
18 16
18 15
18 20
18 45
18 94
18 89
18 88
18 17
18 25
18 22
18 31
18 27
18 41
18 79
18 5
18 9
18 96
18 81
18 66
18 49
18 28
18 33
18 0
18 12
18 84
18 3
18 29
18 23
18 47
18 71
18 78
18 6
18 70
18 72
18 62
18 24
18 37
18 51
18 60
18 39
18 82
18 19
18 35
18 46
18 61
18 54
18 98
18 38
18 26
18 63
18 10
18 13
18 85
18 86
18 36
72 95
72 14
72 69
72 22
72 50
72 84
72 54
72 9
72 15
72 44
72 40
72 52
72 83
72 98
72 78
72 88
72 49
72 2
72 38
72 72
72 12
72 51
72 90
72 97
72 62
72 42
72 37
72 87
72 34
72 85
72 21
72 30
72 71
72 41
72 39
72 80
72 73
72 86
72 82
72 13
72 76
72 75
72 47
72 94
72 26
72 59
72 70
72 74
72 24
72 17
72 58
72 48
72 5
72 27
72 55
72 61
72 23
72 53
95 99
95 43
95 30
95 94
95 57
95 80
95 0
95 41
95 45
95 69
95 44
95 67
95 89
95 48
95 13
95 85
95 31
95 70
95 39
95 68
95 23
95 58
95 90
95 16
95 14
95 61
95 6
95 38
95 84
95 33
95 65
95 49
95 81
95 93
95 96
95 24
95 76
95 35
95 60
95 97
95 9
95 40
95 56
95 17
95 83
95 8
95 91
95 77
95 71
95 29
95 36
95 66
95 86
95 10
95 64
95 82
95 21
95 27
95 78
2 73
2 84
2 93
2 34
2 56
2 79
2 74
2 85
2 61
2 32
2 1
2 8
2 57
2 82
2 16
2 17
2 80
2 98
2 36
2 87
2 45
2 28
2 88
2 30
2 25
2 7
2 2
2 64
2 41
2 63
2 65
2 89
2 15
2 13
2 50
2 97
2 99
2 38
2 42
2 47
2 60
2 83
2 66
2 39
2 76
2 58
2 77
2 53
2 71
2 92
2 19
2 26
2 37
2 51
2 55
2 12
73 77
73 67
73 29
73 55
73 31
73 47
73 45
73 22
73 88
73 84
73 80
73 42
73 16
73 33
73 50
73 59
73 48
73 86
73 13
73 74
73 24
73 99
73 83
73 65
73 6
73 53
73 9
73 58
73 96
73 43
73 52
73 76
73 51
73 73
73 19
73 30
73 63
73 28
73 41
73 1
73 49
73 56
73 40
73 7
73 15
73 98
73 27
73 90
73 10
73 66
73 81
73 70
73 5
73 87
73 82
73 94
73 0
73 60
73 85
73 36
73 25
73 35
84 86
84 76
84 71
84 65
84 63
84 37
84 68
84 47
84 7
84 80
84 22
84 12
84 10
84 57
84 67
84 82
84 75
84 91
84 45
84 74
84 69
84 36
84 42
84 24
84 9
84 81
84 92
84 53
84 20
84 99
84 51
84 25
84 50
84 64
84 60
84 1
84 93
84 38
84 5
84 87
84 31
84 54
84 70
84 89
84 28
84 59
84 88
84 21
86 87
86 6
86 65
86 96
86 82
86 31
86 79
86 17
86 53
86 88
86 13
86 83
86 19
86 26
86 74
86 59
86 4
86 10
86 69
86 33
86 91
86 63
86 20
86 55
86 68
86 15
86 48
86 41
86 14
86 62
86 66
86 61
86 22
86 94
86 93
86 44
86 56
86 51
86 99
86 86
86 98
86 92
86 70
86 23
86 30
86 67
86 37
86 12
86 46
86 97
86 80
86 40
86 32
86 49
86 36
86 1
86 90
86 42
86 35
86 3
86 76
24 32
24 87
24 9
24 26
24 81
24 44
24 12
24 80
24 1
24 15
24 98
24 41
24 40
24 43
24 34
24 19
24 83
24 91
24 90
24 60
24 48
24 49
24 89
24 10
24 55
24 42
24 20
24 63
24 38
24 76
24 56
24 4
24 16
24 64
24 69
24 82
24 65
24 17
24 31
24 96
24 36
24 46
24 70
24 54
24 93
24 77
24 37
24 14
24 8
24 25
24 13
24 85
24 92
24 5
24 67
24 59
24 88
32 23
32 48
32 49
32 46
32 13
32 90
32 53
32 31
32 42
32 70
32 12
32 27
32 80
32 44
32 61
32 41
32 99
32 17
32 60
32 15
32 0
32 21
32 64
32 71
32 20
32 65
32 87
32 83
32 34
32 78
32 29
32 85
32 45
32 16
32 55
32 92
32 47
32 10
32 54
32 43
32 5
32 52
32 38
32 96
32 3
32 68
32 98
32 1
32 36
32 37
32 40
32 57
56 88
56 42
56 65
56 15
56 69
56 0
56 30
56 60
56 66
56 68
56 46
56 19
56 31
56 44
56 74
56 20
56 48
56 57
56 13
56 58
56 96
56 76
56 81
56 85
56 45
56 23
56 98
56 6
56 33
56 93
56 12
56 83
56 39
56 61
56 28
56 3
56 36
56 51
56 63
56 25
56 82
56 78
56 7
56 49
56 90
56 50
56 4
56 34
56 52
56 99
56 71
56 8
56 16
56 26
56 29
56 35
56 47
56 97
88 51
88 90
88 41
88 63
88 28
88 30
88 68
88 78
88 29
88 70
88 46
88 45
88 20
88 66
88 39
88 44
88 6
88 67
88 74
88 79
88 38
88 35
88 80
88 98
88 97
88 15
88 0
88 16
88 60
88 62
88 53
88 12
88 87
88 10
88 55
88 82
88 14
88 31
88 33
88 23
88 65
88 54
88 76
88 5
88 81
88 85
88 96
88 61
88 75
88 50
88 69
88 52
59 96
59 23
59 82
59 9
59 53
59 80
59 10
59 8
59 93
59 70
59 78
59 91
59 62
59 45
59 22
59 19
59 68
59 4
59 28
59 49
59 16
59 58
59 25
59 75
59 66
59 5
59 46
59 47
59 85
59 87
59 83
59 67
59 17
59 1
59 13
59 55
59 52
59 40
59 98
59 90
59 65
59 39
59 42
59 6
59 30
96 99
96 21
96 79
96 19
96 46
96 14
96 8
96 52
96 47
96 53
96 6
96 30
96 90
96 97
96 9
96 44
96 41
96 26
96 93
96 81
96 20
96 77
96 27
96 12
96 67
96 49
96 62
96 25
96 69
96 34
96 78
96 31
96 7
96 50
96 89
96 71
96 5
96 3
96 96
96 87
96 45
96 58
96 54
96 48
96 85
96 64
96 38
96 0
96 91
96 35
96 37
96 40
96 17
77 80
77 25
77 52
77 70
77 34
77 14
77 3
77 82
77 90
77 21
77 39
77 58
77 99
77 78
77 44
77 53
77 98
77 23
77 93
77 41
77 47
77 0
77 75
77 7
77 43
77 36
77 69
77 61
77 22
77 46
77 29
77 97
77 26
77 81
77 91
77 67
77 92
77 79
77 4
77 51
77 60
77 87
77 76
77 1
77 5
77 37
77 33
77 19
77 10
77 50
77 77
77 94
77 64
77 71
77 66
77 55
77 54
77 9
77 28
77 20
77 74
77 16
77 89
80 78
80 60
80 91
80 50
80 66
80 79
80 94
80 71
80 35
80 27
80 55
80 85
80 80
80 19
80 29
80 15
80 0
80 5
80 89
80 83
80 64
80 7
80 3
80 28
80 75
80 17
80 25
80 49
80 68
80 98
80 54
80 87
80 65
80 76
80 67
80 13
80 90
80 74
80 40
80 70
80 9
80 34
80 69
80 4
80 6
80 1
80 53
80 43
80 46
80 61
80 42
80 37
80 51
80 20
80 10
9 25
9 70
9 75
9 55
9 4
9 13
9 14
9 51
9 71
9 36
9 93
9 98
9 31
9 60
9 34
9 74
9 22
9 66
9 29
9 68
9 85
9 6
9 94
9 58
9 3
9 65
9 21
9 79
9 27
9 87
9 17
9 30
9 62
9 26
9 53
9 64
9 1
9 69
9 57
9 28
9 90
9 83
9 19
9 39
9 99
9 89
9 8
9 12
25 15
25 13
25 97
25 47
25 61
25 98
25 68
25 76
25 92
25 17
25 46
25 33
25 78
25 45
25 38
25 10
25 4
25 36
25 22
25 87
25 26
25 93
25 28
25 37
25 81
25 90
25 52
25 63
25 6
25 21
25 16
25 35
25 66
25 3
25 23
25 43
25 99
25 27
25 89
25 29
25 60
25 67
25 20
25 41
25 91
25 34
25 75
25 74
25 5
12 40
12 5
12 13
12 62
12 44
12 0
12 52
12 35
12 99
12 68
12 90
12 58
12 26
12 15
12 97
12 61
12 65
12 34
12 33
12 91
12 70
12 37
12 38
12 14
12 63
12 67
12 16
12 57
12 92
12 64
12 43
12 94
12 82
12 87
12 7
12 39
12 21
12 98
12 23
12 6
12 4
12 29
12 79
12 89
12 76
12 30
12 81
12 8
12 17
12 3
12 93
12 41
12 74
12 19
40 48
40 38
40 89
40 78
40 58
40 62
40 70
40 6
40 5
40 41
40 30
40 76
40 27
40 69
40 90
40 15
40 45
40 68
40 36
40 82
40 7
40 43
40 54
40 39
40 85
40 53
40 87
40 31
40 50
40 51
40 60
40 26
40 74
40 44
40 97
40 19
40 13
40 52
40 49
40 57
40 63
40 83
40 93
40 21
40 34
40 55
40 91
40 65
70 75
70 27
70 47
70 4
70 26
70 7
70 6
70 99
70 34
70 74
70 39
70 81
70 16
70 67
70 20
70 53
70 43
70 61
70 22
70 42
70 29
70 63
70 76
70 38
70 97
70 21
70 55
70 66
70 78
70 19
70 58
70 28
70 3
70 60
70 82
70 48
70 5
70 71
70 79
70 23
70 92
70 50
70 91
70 52
70 30
70 90
70 85
70 36
70 93
70 70
70 57
70 10
70 98
70 33
70 46
70 13
70 14
70 87
75 83
75 28
75 81
75 38
75 17
75 82
75 78
75 93
75 62
75 64
75 52
75 29
75 68
75 8
75 26
75 30
75 13
75 94
75 57
75 20
75 75
75 15
75 92
75 50
75 16
75 33
75 54
75 19
75 7
75 85
75 42
75 27
75 60
75 71
75 3
75 48
75 21
75 43
75 14
75 31
75 51
75 35
75 45
75 99
75 87
75 91
36 49
36 27
36 19
36 53
36 8
36 71
36 37
36 98
36 97
36 65
36 5
36 44
36 41
36 29
36 45
36 85
36 36
36 34
36 48
36 1
36 92
36 20
36 33
36 89
36 64
36 16
36 54
36 76
36 81
36 3
36 35
36 55
36 69
36 4
36 79
36 30
36 57
36 26
36 38
36 62
36 39
36 7
36 15
36 14
49 51
49 26
49 15
49 66
49 68
49 28
49 89
49 43
49 34
49 94
49 21
49 44
49 3
49 35
49 39
49 23
49 13
49 55
49 76
49 92
49 85
49 58
49 63
49 17
49 90
49 98
49 60
49 0
49 6
49 61
49 65
49 64
49 27
49 93
49 57
49 38
49 50
49 97
49 48
49 54
16 48
16 57
16 94
16 81
16 31
16 52
16 39
16 14
16 66
16 90
16 42
16 99
16 47
16 15
16 23
16 91
16 19
16 16
16 64
16 71
16 13
16 85
16 97
16 92
16 41
16 69
16 27
16 98
16 6
16 89
16 63
16 44
16 8
16 38
16 43
16 5
16 53
16 83
16 54
16 26
16 37
16 65
16 35
16 82
16 33
48 65
48 57
48 46
48 74
48 34
48 85
48 62
48 71
48 28
48 4
48 90
48 55
48 47
48 93
48 5
48 8
48 30
48 27
48 52
48 15
48 21
48 13
48 37
48 17
48 91
48 43
48 35
48 51
48 29
48 38
48 41
48 33
48 60
48 78
48 7
48 76
48 81
48 42
48 89
48 87
48 0
48 61
48 64
7 97
7 34
7 37
7 79
7 57
7 92
7 42
7 7
7 15
7 85
7 26
7 33
7 35
7 58
7 22
7 64
7 19
7 65
7 98
7 13
7 91
7 99
7 53
7 38
7 43
7 30
7 17
7 74
7 87
7 52
7 63
7 55
7 44
7 0
7 66
7 82
7 67
7 39
7 78
7 61
7 10
7 81
7 83
7 20
97 85
97 91
97 65
97 98
97 13
97 94
97 27
97 71
97 19
97 63
97 29
97 97
97 57
97 83
97 1
97 6
97 92
97 74
97 20
97 61
97 78
97 8
97 60
97 55
97 41
97 31
97 81
97 87
97 46
97 45
97 62
97 17
97 26
97 67
97 50
97 52
97 90
97 58
97 28
97 44
97 21
97 51
97 76
97 30
97 82
97 42
85 79
85 15
85 91
85 58
85 78
85 31
85 89
85 37
85 92
85 26
85 22
85 28
85 17
85 5
85 39
85 0
85 76
85 51
85 20
85 43
85 23
85 62
85 35
85 50
85 14
85 85
85 34
85 33
85 10
85 57
85 93
85 65
85 87
85 83
85 41
85 38
85 30
85 3
85 98
85 64
85 66
85 54
85 6
85 21
23 13
23 8
23 90
23 44
23 51
23 81
23 30
23 37
23 89
23 52
23 53
23 3
23 63
23 94
23 0
23 45
23 34
23 91
23 83
23 54
23 22
23 10
23 55
23 65
23 29
23 6
23 57
23 62
23 71
23 35
23 41
23 42
23 4
23 64
23 15
23 38
23 58
23 79
5 0
5 30
5 90
5 99
5 64
5 69
5 62
5 50
5 26
5 27
5 5
5 31
5 89
5 54
5 74
5 57
5 61
5 60
5 55
5 44
5 28
5 3
5 53
5 8
5 10
5 29
5 47
5 33
5 45
5 94
5 43
5 66
5 83
5 41
5 51
5 76
5 71
5 98
5 87
1 55
1 42
1 35
1 54
1 26
1 43
1 29
1 69
1 90
1 17
1 76
1 44
1 15
1 1
1 47
1 28
1 65
1 33
1 13
1 93
1 19
1 60
1 41
1 10
1 64
1 52
1 79
1 45
1 61
1 66
1 57
1 0
1 51
1 71
1 34
1 78
1 87
1 98
1 37
1 6
1 74
1 83
1 94
1 50
1 14
55 26
55 13
55 64
55 76
55 45
55 42
55 93
55 41
55 44
55 15
55 78
55 8
55 46
55 69
55 21
55 31
55 37
55 92
55 30
55 89
55 22
55 82
55 19
55 65
55 99
55 3
55 27
55 39
55 98
55 57
55 6
55 63
55 35
55 28
55 10
55 90
55 79
55 58
55 14
55 50
55 54
55 87
55 47
68 91
68 3
68 46
68 39
68 94
68 60
68 38
68 8
68 19
68 79
68 98
68 69
68 35
68 4
68 78
68 31
68 21
68 51
68 65
68 20
68 27
68 47
68 83
68 89
68 29
68 92
68 42
68 82
68 26
68 17
68 28
68 50
68 66
68 57
68 30
68 68
68 67
68 71
68 54
68 53
68 99
68 90
91 83
91 66
91 35
91 64
91 67
91 42
91 87
91 81
91 52
91 8
91 79
91 14
91 98
91 20
91 94
91 78
91 4
91 26
91 93
91 17
91 92
91 90
91 21
91 61
91 89
91 45
91 13
91 82
91 60
91 65
91 43
91 30
91 47
91 0
91 69
91 3
91 99
91 31
91 54
91 91
91 51
91 63
91 76
51 19
51 89
51 8
51 15
51 61
51 42
51 67
51 76
51 47
51 78
51 81
51 92
51 57
51 94
51 14
51 65
51 54
51 30
51 83
51 35
51 4
51 50
51 74
51 39
51 71
51 58
51 93
51 34
51 17
51 27
51 98
51 44
51 3
51 64
51 26
51 90
51 28
51 6
51 37
51 82
51 60
67 4
67 79
67 28
67 57
67 20
67 83
67 47
67 37
67 76
67 0
67 52
67 13
67 64
67 98
67 38
67 26
67 39
67 21
67 60
67 63
67 74
67 62
67 69
67 46
67 35
67 93
67 22
67 29
67 87
67 44
67 53
67 41
67 58
67 3
67 15
17 64
17 6
17 76
17 15
17 60
17 30
17 79
17 71
17 8
17 54
17 3
17 93
17 4
17 58
17 19
17 37
17 83
17 57
17 45
17 21
17 61
17 81
17 65
17 69
17 13
17 90
17 26
17 33
17 38
17 62
17 82
17 98
17 17
17 34
64 79
64 81
64 54
64 19
64 98
64 27
64 13
64 3
64 87
64 4
64 10
64 93
64 76
64 65
64 28
64 34
64 50
64 30
64 31
64 14
64 42
64 33
64 37
64 60
64 94
64 52
64 99
64 90
64 78
64 63
64 43
89 98
89 29
89 39
89 78
89 22
89 92
89 33
89 47
89 52
89 71
89 69
89 63
89 28
89 83
89 41
89 94
89 31
89 62
89 10
89 3
89 90
89 6
89 57
89 87
89 44
89 58
89 89
89 38
89 0
89 21
89 61
89 82
89 93
89 14
89 15
89 54
98 99
98 93
98 8
98 4
98 78
98 20
98 76
98 29
98 19
98 52
98 13
98 43
98 92
98 44
98 22
98 47
98 65
98 21
98 27
98 90
98 71
98 0
98 26
98 10
98 66
98 31
98 45
98 37
98 61
98 62
98 94
98 41
98 34
98 98
98 53
98 6
98 81
98 3
98 33
98 35
98 57
98 69
98 39
98 42
78 74
78 35
78 79
78 63
78 46
78 71
78 66
78 58
78 90
78 33
78 8
78 14
78 76
78 87
78 34
78 43
78 53
78 62
78 22
78 92
78 82
78 47
78 45
78 61
78 99
78 21
78 83
78 28
78 42
78 44
78 41
78 4
78 0
78 50
3 74
3 39
3 69
3 90
3 50
3 14
3 15
3 79
3 10
3 92
3 81
3 99
3 35
3 38
3 37
3 0
3 54
3 61
3 33
3 31
3 30
3 42
3 65
3 76
3 19
3 27
3 34
3 47
3 26
3 43
3 87
3 94
3 60
34 39
34 41
34 82
34 74
34 65
34 47
34 34
34 38
34 61
34 79
34 14
34 94
34 8
34 69
34 58
34 35
34 66
34 22
34 30
34 15
34 90
34 26
34 50
34 60
34 31
34 10
34 42
34 57
34 29
34 93
34 81
34 37
34 99
34 27
34 19
39 33
39 20
39 29
39 82
39 19
39 92
39 54
39 66
39 39
39 44
39 76
39 31
39 37
39 42
39 4
39 21
39 35
39 93
39 60
39 13
39 27
39 38
39 83
39 15
39 69
39 57
39 58
39 63
39 41
39 6
39 28
39 90
39 71
39 45
39 10
33 46
33 66
33 93
33 30
33 41
33 99
33 53
33 14
33 35
33 45
33 74
33 82
33 63
33 37
33 90
33 27
33 4
33 29
33 6
33 42
33 8
33 65
33 44
33 69
33 79
33 15
33 26
33 94
33 13
33 22
33 92
33 21
33 87
33 28
99 92
99 69
99 60
99 74
99 90
99 35
99 26
99 63
99 83
99 52
99 87
99 50
99 4
99 14
99 71
99 31
99 27
99 15
99 0
99 30
99 76
99 13
99 44
99 37
99 94
99 79
99 66
99 53
99 29
99 54
99 20
99 82
99 8
99 6
99 38
90 92
90 21
90 29
90 83
90 20
90 14
90 94
90 58
90 65
90 90
90 62
90 6
90 82
90 15
90 52
90 46
90 61
90 42
90 44
90 13
90 10
90 35
90 31
90 8
90 30
90 81
90 27
90 22
90 69
90 79
90 66
90 53
90 74
90 57
90 45
90 60
90 50
90 38
65 19
65 38
65 63
65 43
65 71
65 30
65 27
65 8
65 42
65 44
65 54
65 76
65 31
65 21
65 26
65 83
65 87
65 46
65 20
65 41
65 6
65 79
65 62
65 94
65 22
65 61
65 28
65 50
65 58
65 15
65 0
65 65
60 27
60 50
60 30
60 60
60 76
60 4
60 79
60 26
60 46
60 41
60 62
60 37
60 35
60 43
60 71
60 28
60 53
60 38
60 61
60 92
60 42
60 81
60 57
60 29
60 10
60 69
82 94
82 35
82 4
82 44
82 82
82 8
82 21
82 69
82 14
82 79
82 0
82 29
82 6
82 19
82 71
82 61
82 50
82 22
82 10
82 63
82 53
82 37
82 26
82 66
82 81
82 20
82 57
82 30
82 87
82 54
82 31
94 47
94 63
94 53
94 57
94 76
94 81
94 45
94 28
94 26
94 71
94 83
94 20
94 92
94 6
94 46
94 13
94 22
94 38
94 4
94 87
94 94
94 29
94 19
94 43
94 50
94 14
94 44
94 69
94 61
43 41
43 92
43 61
43 81
43 79
43 43
43 44
43 20
43 14
43 26
43 4
43 76
43 62
43 74
43 53
43 31
43 69
43 35
43 42
43 29
43 38
43 46
43 8
43 50
43 58
43 47
43 10
43 45
43 6
43 63
43 13
14 0
14 57
14 28
14 45
14 83
14 69
14 71
14 52
14 22
14 93
14 81
14 14
14 62
14 44
14 79
14 27
14 92
14 29
14 87
14 66
14 8
14 20
14 38
14 4
14 47
14 50
14 58
27 53
27 76
27 71
27 15
27 79
27 44
27 6
27 28
27 81
27 0
27 46
27 63
27 66
27 13
27 35
27 74
27 54
27 29
27 57
27 27
27 92
27 41
27 38
27 22
27 37
27 87
27 26
27 30
27 21
83 66
83 76
83 50
83 45
83 19
83 57
83 54
83 69
83 0
83 81
83 6
83 92
83 8
83 35
83 38
83 46
83 61
83 53
83 37
83 22
83 4
83 52
83 87
83 20
83 63
83 15
83 74
41 22
41 6
41 29
41 76
41 8
41 13
41 10
41 35
41 61
41 31
41 19
41 45
41 69
41 92
41 4
41 79
41 41
41 81
69 61
69 66
69 4
69 13
69 52
69 45
69 58
69 87
69 53
69 74
69 0
69 21
69 62
69 47
69 26
69 19
69 46
69 6
69 38
69 10
69 30
69 54
69 22
69 71
69 63
69 31
76 54
76 92
76 58
76 42
76 22
76 13
76 45
76 52
76 35
76 6
76 81
76 57
76 19
76 29
76 63
76 61
76 66
76 8
76 93
76 15
76 26
76 28
76 87
76 44
76 0
76 74
76 76
76 21
76 47
76 38
76 50
26 47
26 19
26 71
26 28
26 26
26 42
26 46
26 79
26 63
26 61
26 8
26 74
26 29
26 0
26 45
26 66
26 87
26 92
26 20
26 6
26 15
26 22
19 10
19 0
19 35
19 30
19 62
19 31
19 15
19 8
19 38
19 19
19 29
19 37
19 53
19 45
19 21
19 57
19 46
19 13
19 81
19 4
19 61
19 63
19 28
45 92
45 6
45 57
45 42
45 74
45 28
45 81
45 71
45 38
45 10
45 0
45 53
45 62
45 15
45 54
45 4
45 63
45 22
45 8
45 29
45 37
45 61
92 87
92 58
92 20
92 92
92 53
92 54
92 42
92 4
92 13
92 0
92 15
92 74
92 29
92 63
92 93
92 22
92 71
92 47
46 15
46 38
46 62
46 66
46 54
46 37
46 31
46 93
46 74
46 50
46 13
46 4
46 8
46 21
46 22
46 46
46 35
46 10
46 42
46 52
46 30
46 47
46 71
46 58
87 8
87 62
87 38
87 10
87 4
87 54
87 22
87 58
87 66
87 15
87 44
87 47
87 57
87 63
87 93
87 87
87 61
87 6
87 52
87 71
87 31
87 29
87 81
87 0
15 20
15 10
15 6
15 28
15 22
15 13
15 62
15 66
15 93
15 74
15 0
15 37
15 52
15 58
15 61
15 71
15 57
15 29
15 30
15 35
15 81
15 42
15 31
15 54
44 61
44 44
44 8
44 35
44 81
44 58
44 37
44 71
44 22
44 53
44 50
44 79
44 62
44 57
44 30
44 74
44 47
44 54
44 29
44 20
44 93
61 35
61 21
61 8
61 63
61 66
61 57
61 28
61 61
61 38
61 31
61 47
61 93
61 50
61 71
61 37
29 35
29 6
29 13
29 38
29 50
29 53
29 58
29 29
29 52
29 0
29 31
29 93
29 30
29 66
29 21
29 57
0 10
0 20
0 62
0 21
0 31
0 6
0 79
0 35
0 66
0 71
0 93
0 30
0 54
0 4
0 50
0 38
0 63
0 58
6 47
6 52
6 10
6 62
6 30
6 93
6 38
6 6
6 35
6 21
6 53
6 71
6 4
6 13
6 66
6 63
30 28
30 74
30 8
30 71
30 37
30 93
30 21
30 10
30 13
30 20
30 66
30 47
30 58
30 57
30 42
30 50
30 22
30 53
30 30
4 8
4 31
4 71
4 35
4 22
4 53
4 62
4 28
4 74
4 10
4 4
4 13
4 42
4 47
4 66
4 20
79 21
79 81
79 58
79 52
79 50
79 20
79 63
79 10
79 93
79 38
79 37
79 13
79 54
79 62
81 93
81 57
81 53
81 8
81 38
81 22
81 66
81 37
81 50
81 54
81 21
81 10
93 53
93 63
93 28
93 38
93 13
93 66
93 37
93 62
93 22
93 58
93 57
93 93
93 35
93 10
93 31
93 47
93 52
71 35
71 20
71 22
71 31
71 21
71 47
71 58
71 13
71 53
71 66
71 63
71 52
71 28
71 38
71 57
71 71
71 37
21 22
21 10
21 31
21 53
21 50
21 35
21 58
21 20
21 28
21 47
21 57
21 52
21 13
21 63
21 62
21 37
8 63
8 66
8 10
8 74
8 52
8 37
8 20
8 47
8 22
8 28
8 54
8 8
42 42
42 50
42 37
42 52
42 58
42 47
42 63
42 66
42 54
42 13
42 20
42 22
22 47
22 13
22 38
22 37
22 58
22 20
22 54
22 63
22 57
22 10
22 22
22 53
22 62
22 66
22 28
22 31
62 20
62 35
62 50
62 31
62 53
62 37
62 63
62 74
62 57
62 10
62 38
62 66
62 28
62 47
62 52
38 50
38 47
38 28
38 57
38 38
38 20
38 74
38 66
38 53
38 37
38 10
31 31
31 47
31 57
31 13
31 63
31 54
31 50
31 28
31 37
31 35
31 58
31 10
37 63
37 57
37 47
37 74
37 35
37 58
37 37
37 13
63 66
63 63
63 50
63 53
63 47
63 57
63 74
63 35
53 54
53 66
53 28
53 20
53 53
53 58
53 47
53 57
53 50
53 52
54 57
54 20
54 52
54 10
54 54
54 35
54 28
54 74
54 47
28 35
28 52
28 58
28 50
28 28
28 10
35 57
35 35
35 74
35 52
35 66
35 47
35 13
57 13
57 47
57 10
57 52
57 74
52 47
52 20
13 74
13 13
13 20
13 66
13 47
50 74
50 20
50 47
50 66
58 58
58 10
58 20
10 47
10 20
10 66
10 10
66 66
66 47
20 74
74 47
74 74
47 47