1 2 3 4 5 6 7 8 9 10 11 12 13 14 15 16 17 18 19 20 21 22 23 24 25 26 27 28 29 30 31 32 33 34 35 36 37 38 39 40 41 42 43 44 45 46 47 48 49 50 51 52 53 54 55 56 57 58 59 60 61 62 63 64 65 66 67 68 69 70 71 72 73 74 75 76 77 78 79 80 81 82 83 84 85 86 87 88 89 90 91 92 93 94 95 96 97 98 99 0
1 2
1 3
2 3
2 4
2 5
3 5
3 6
4 5
4 7
4 8
5 6
5 8
5 9
6 9
6 10
7 8
7 11
7 12
8 9
8 12
8 13
9 10
9 13
9 14
10 14
10 15
11 12
11 16
11 17
12 13
12 17
12 18
13 14
13 18
13 19
14 15
14 19
14 20
15 20
15 21
16 17
16 22
16 23
17 18
17 23
17 24
18 19
18 24
18 25
19 20
19 25
19 26
20 21
20 26
20 27
21 27
21 28
22 23
22 29
22 30
23 24
23 30
23 31
24 25
24 31
24 32
25 26
25 32
25 33
26 27
26 33
26 34
27 28
27 34
27 35
28 35
28 36
29 30
29 37
29 38
30 31
30 38
30 39
31 32
31 39
31 40
32 33
32 40
32 41
33 34
33 41
33 42
34 35
34 42
34 43
35 36
35 43
35 44
36 44
36 45
37 38
37 46
37 47
38 39
38 47
38 48
39 40
39 48
39 49
40 41
40 49
40 50
41 42
41 50
41 51
42 43
42 51
42 52
43 44
43 52
43 53
44 45
44 53
44 54
45 54
45 55
46 47
46 56
47 48
47 56
47 57
48 49
48 57
48 58
49 50
49 58
49 59
50 51
50 59
50 60
51 52
51 60
51 61
52 53
52 61
52 62
53 54
53 62
53 63
54 55
54 63
54 64
55 64
56 57
56 65
57 58
57 65
57 66
58 59
58 66
58 67
59 60
59 67
59 68
60 61
60 68
60 69
61 62
61 69
61 70
62 63
62 70
62 71
63 64
63 71
63 72
64 72
65 66
65 73
66 67
66 73
66 74
67 68
67 74
67 75
68 69
68 75
68 76
69 70
69 76
69 77
70 71
70 77
70 78
71 72
71 78
71 79
72 79
73 74
73 80
74 75
74 80
74 81
75 76
75 81
75 82
76 77
76 82
76 83
77 78
77 83
77 84
78 79
78 84
78 85
79 85
80 81
80 86
81 82
81 86
81 87
82 83
82 87
82 88
83 84
83 88
83 89
84 85
84 89
84 90
85 90
86 87
86 91
87 88
87 91
87 92
88 89
88 92
88 93
89 90
89 93
89 94
90 94
91 92
91 95
92 93
92 95
92 96
93 94
93 96
93 97
94 97
95 96
95 98
96 97
96 98
96 99
97 99
98 99
98 0
99 0