0 1 2 3 4 5 6 7 8 9 10 11 12 13 14 15 16 17 18 19 20 21 22 23 24 25 26 27 28 29 30 31 32 33 34 35 36 37 38 39 40 41 42 43 44 45 46 47 48 49 50 51 52 53 54 55 56 57 58 59 60 61 62 63 64 65 66 67 68 69 70 71 72 73 74 75 76 77 78 79 80 81 82 83 84 85 86 87 88 89 90 91 92 93 94 95 96 97 98
0 33
0 17
0 34
1 29
2 38
3 39
3 18
3 12
3 40
4 42
4 7
5 44
5 43
5 16
5 24
5 31
6 46
6 22
7 48
7 28
7 47
8 50
8 17
8 13
8 49
8 14
9 51
9 10
9 52
10 53
10 54
10 26
10 29
11 18
11 15
12 57
12 58
13 60
13 59
14 62
15 63
16 65
16 66
17 67
17 30
17 68
18 69
18 70
18 21
18 25
19 72
19 71
20 73
20 24
21 76
22 78
23 79
23 80
23 24
24 82
24 81
25 84
25 83
26 86
26 85
27 87
27 28
27 88
28 90
28 89
29 91
29 92
30 32
31 95
31 96
32 97
32 98
33 35
34 36
37 39
38 40
41 43
42 44
45 47
46 48
50 52
53 55
54 56
58 60
61 63
62 64
65 67
70 72
73 75
74 76
77 79
93 95
94 96