0 1 2 3 5 95 4 98 6 9 99 7 8 10 11 14 12 13 15 16 19 17 18 20 21 24 22 23 25 26 29 27 28 30 31 34 32 33 35 36 39 37 38 40 41 44 42 43 45 46 49 47 48 50 51 54 52 53 55 56 59 57 58 60 61 64 62 63 65 66 69 67 68 70 71 74 72 73 75 76 79 77 78 80 81 84 82 83 85 86 89 87 88 90 91 94 92 93 96 97
0 1
0 2
0 3
0 5
0 95
1 4
1 2
1 98
2 4
2 3
3 4
3 6
5 6
5 7
5 8
5 10
95 90
95 96
95 97
95 98
4 9
4 99
98 97
98 99
6 9
6 7
9 7
9 8
9 14
99 94
99 96
99 97
7 8
8 11
10 11
10 12
10 13
10 15
11 14
11 12
14 12
14 13
14 19
12 13
13 16
15 16
15 17
15 18
15 20
16 19
16 17
19 17
19 18
19 24
17 18
18 21
20 21
20 22
20 23
20 25
21 24
21 22
24 22
24 23
24 29
22 23
23 26
25 26
25 27
25 28
25 30
26 29
26 27
29 27
29 28
29 34
27 28
28 31
30 31
30 32
30 33
30 35
31 34
31 32
34 32
34 33
34 39
32 33
33 36
35 36
35 37
35 38
35 40
36 39
36 37
39 37
39 38
39 44
37 38
38 41
40 41
40 42
40 43
40 45
41 44
41 42
44 42
44 43
44 49
42 43
43 46
45 46
45 47
45 48
45 50
46 49
46 47
49 47
49 48
49 54
47 48
48 51
50 51
50 52
50 53
50 55
51 54
51 52
54 52
54 53
54 59
52 53
53 56
55 56
55 57
55 58
55 60
56 59
56 57
59 57
59 58
59 64
57 58
58 61
60 61
60 62
60 63
60 65
61 64
61 62
64 62
64 63
64 69
62 63
63 66
65 66
65 67
65 68
65 70
66 69
66 67
69 67
69 68
69 74
67 68
68 71
70 71
70 72
70 73
70 75
71 74
71 72
74 72
74 73
74 79
72 73
73 76
75 76
75 77
75 78
75 80
76 79
76 77
79 77
79 78
79 84
77 78
78 81
80 81
80 82
80 83
80 85
81 84
81 82
84 82
84 83
84 89
82 83
83 86
85 86
85 87
85 88
85 90
86 89
86 87
89 87
89 88
89 94
87 88
88 91
90 91
90 92
90 93
91 94
91 92
94 92
94 93
92 93
93 96
96 97