0 1 2 3 4 5 6 7 8 9 10 11 12 13 14 15 16 17 18 19 20 21 22 23 24 25 26 27 28 29 30 31 32 33 34 35 36 37 38 39 40 41 42 43 44 45 46 47 48 49 50 51 52 53 54 55 56 57 58 59 60 61 62 63 64 65 66 67 68 69 70 71 72 73 74 75 76 77 78 79 80 81 82 83 84 85 86 87 88 89 90 91 92 93 94 95 96 97 98
0 24
0 33
0 6
1 36
1 31
2 37
2 38
3 39
3 26
3 40
4 7
4 41
4 5
4 42
5 28
5 8
5 22
6 46
6 45
7 47
8 49
8 27
8 50
9 52
10 54
10 53
10 15
11 56
11 55
11 23
11 28
11 17
12 57
12 25
12 30
12 58
12 18
13 26
13 25
13 59
14 62
15 63
15 64
16 66
16 65
16 23
17 67
18 70
18 69
19 71
20 74
21 29
21 76
21 75
23 80
23 26
23 79
24 81
25 84
26 85
26 86
27 88
28 90
28 89
29 92
30 94
30 32
31 96
31 95
32 98
32 97
33 35
34 36
37 39
41 43
42 44
45 47
46 48
49 51
50 52
53 55
58 60
61 63
62 64
66 68
69 71
70 72
73 75
74 76
77 79
78 80
81 83
82 84
85 87
89 91
90 92
93 95
94 96