90 52 6 63 12 61 37 16 22 27 76 15 30 62 96 14 7 74 87 39 46 45 92 86 89 44 60 94 57 23 72 83 38 68 81 19 18 28 5 8 13 67 79 41 10 59 85 91 11 71 31 17 21 99 48 34 65 25 53 2 4 3 36 95 42 93 35 26 82 97 47 24 58 1 20 66 0 70 55 32 51 33 40 43 80 78 54 50 64 56 84 88 29 98 69 77 73 9 49 75
90 52
90 82
90 41
52 6
52 11
52 2
52 94
52 85
52 49
6 63
6 38
6 24
6 26
6 77
6 95
6 23
63 12
63 68
12 61
12 99
12 45
61 37
61 86
61 49
61 93
37 16
37 71
37 93
37 0
37 25
37 40
37 88
37 99
16 22
16 38
16 27
16 94
16 67
16 73
16 4
16 36
22 27
22 5
22 20
22 76
22 98
22 15
27 76
27 56
27 38
27 25
27 35
27 0
76 15
76 45
76 21
76 78
76 84
76 74
76 75
76 53
76 28
76 98
15 30
15 42
15 88
15 68
15 47
30 62
30 39
30 88
30 7
30 67
30 13
62 96
96 14
96 23
96 2
96 44
96 9
96 86
96 69
14 7
14 21
14 33
14 71
14 25
7 74
7 48
7 70
7 40
7 56
74 87
74 89
87 39
87 66
87 24
87 0
87 78
39 46
39 40
39 34
39 56
39 84
39 99
46 45
46 84
46 98
46 19
45 92
45 1
45 58
45 53
92 86
92 78
92 80
92 88
92 83
86 89
89 44
89 38
89 1
44 60
44 23
44 11
44 65
44 64
44 57
60 94
94 57
94 50
94 21
57 23
57 33
57 25
57 73
57 91
23 72
23 71
23 98
23 84
23 28
72 83
72 8
83 38
83 88
38 68
38 41
38 56
38 17
38 51
68 81
68 82
68 20
68 84
81 19
19 18
19 66
19 5
19 71
18 28
18 97
18 48
18 77
28 5
28 10
5 8
5 56
5 17
8 13
8 47
13 67
13 17
13 53
13 36
67 79
67 2
67 48
79 41
41 10
41 77
10 59
10 17
10 0
10 47
10 1
10 77
10 97
59 85
59 66
59 73
59 80
59 29
59 1
85 91
85 78
91 11
11 71
11 43
11 40
71 31
71 78
31 17
31 69
31 97
31 21
31 1
31 99
17 21
17 82
17 9
21 99
21 78
99 48
99 98
48 34
48 66
48 42
34 65
34 69
65 25
65 75
25 53
53 2
53 0
2 4
4 3
4 75
3 36
3 20
3 1
3 64
36 95
95 42
95 29
42 93
42 69
93 35
93 33
93 51
93 70
35 26
35 77
26 82
26 88
82 97
97 47
47 24
47 78
47 73
47 55
47 54
24 58
58 1
58 98
1 20
1 50
1 0
1 51
20 66
20 77
20 51
66 0
66 73
0 70
0 69
0 9
70 55
70 9
55 32
32 51
32 40
51 33
33 40
40 43
43 80
80 78
80 84
78 54
78 49
54 50
50 64
64 56
56 84
84 88
88 29
88 98
29 98
98 69
69 77
77 73
73 9
9 49
49 75