0 1 2 3 4 5 8 9 6 7 10 11 13 12 17 14 15 16 18 21 22 19 20 23 26 28 29 27 25 24 35 31 34 32 33 30 36 39 37 38 40 41 44 43 47 46 42 45 53 48 52 49 50 51 58 59 56 57 54 55 63 60 64 61 62 65 67 68 69 70 71 66 72 74 75 77 76 73 81 80 78 83 82 79 87 88 84 85 86 89 90 91 92 93 94 95 96 99 97 98
0 1
0 2
0 3
0 4
0 5
0 6
4 8
4 9
5 8
5 9
8 6
8 14
9 6
9 11
9 7
6 7
6 10
6 11
6 12
10 17
11 13
11 15
13 12
12 14
12 15
12 16
12 17
12 18
12 21
14 22
18 19
18 20
18 21
18 22
18 23
18 26
21 29
21 19
22 23
22 25
19 25
23 29
26 24
26 25
26 27
28 29
28 27
28 24
28 35
28 33
29 24
29 34
27 24
27 32
25 24
25 31
35 31
35 30
35 36
35 34
31 30
31 36
34 30
34 39
32 33
32 30
33 30
30 36
36 37
36 38
36 39
36 40
36 41
39 44
37 43
40 46
41 47
44 42
44 53
43 42
43 48
47 42
47 53
47 52
46 42
46 53
42 45
53 48
53 56
48 49
48 50
48 51
48 52
48 58
52 56
52 57
50 51
58 59
58 54
59 54
59 63
59 55
56 54
57 54
54 55
54 60
54 64
54 61
63 60
63 64
60 61
60 62
60 64
60 65
60 67
61 62
67 68
67 71
67 66
67 72
68 69
68 66
68 74
69 70
69 66
69 75
70 71
70 66
70 77
71 66
71 73
66 72
72 73
72 74
72 75
72 76
72 77
74 81
75 80
77 76
77 82
76 78
73 83
81 78
80 78
80 87
78 79
78 82
78 83
83 88
87 84
88 84
84 85
84 86
84 89
84 90
90 91
90 92
90 93
90 94
90 95
90 96
91 96
92 97
93 99
94 99
96 97
96 98
96 99