0 11 7 42 43 44 45 46 47 48 49 50 51 52 53 54 55 56 57 58 59 60 61 62 63 64 65 66 67 68 69 70 71 72 73 1 17 22 74 75 76 77 78 79 80 81 82 83 84 85 86 87 88 89 90 91 92 93 94 95 96 97 98 99 2 25 3 13 28 4 29 32 27 5 18 37 6 20 8 15 12 9 36 40 10 30 14 16 39 34 38 19 21 23 24 26 31 33 35 41
0 11
0 7
0 42
0 43
0 44
0 45
0 46
0 47
0 48
0 49
0 50
0 51
0 52
0 53
0 54
0 55
0 56
0 57
0 58
0 59
0 60
0 61
0 62
0 63
0 64
0 65
0 66
0 67
0 68
0 69
0 70
0 71
0 72
0 73
11 30
11 50
7 1
7 48
42 1
43 2
44 3
45 4
46 5
47 6
49 9
51 12
52 13
53 14
54 15
55 19
56 20
57 21
58 22
59 23
60 24
61 25
62 26
63 27
64 28
65 29
66 30
67 33
68 34
69 35
70 36
71 37
72 39
73 40
1 17
1 22
1 74
1 75
1 76
1 77
1 78
1 79
1 80
1 81
1 82
1 83
1 84
1 85
1 86
1 87
1 88
1 89
1 90
1 91
1 92
1 93
1 94
1 95
1 96
1 97
1 98
1 99
17 38
17 82
22 21
22 86
74 2
75 5
76 8
77 10
78 12
79 13
80 14
81 16
83 19
84 20
85 21
87 23
88 24
89 25
90 26
91 27
92 28
93 30
94 31
95 33
96 34
97 35
98 39
99 40
2 25
25 6
3 13
3 28
13 10
28 26
4 29
4 32
4 27
32 31
27 9
27 19
5 18
5 37
37 6
6 20
20 15
20 23
8 15
8 12
12 9
9 36
9 40
40 14
40 26
40 34
40 41
16 39
16 34
39 35
38 33
19 21
21 24