0 12 79 48 84 19 24 47 90 53 43 21 73 8 31 33 14 61 4 86 81 38 74 10 80 85 50 13 29 3 11 62 1 69 55 15 52 95 83 76 82 23 65 9 40 67 58 27 49 77 16 51 34 71 89 6 68 2 96 66 37 87 41 94 36 18 44 70 75 46 92 88 72 57 97 59 26 45 64 56 5 30 32 28 63 42 54 22 20 7 98 78 93 60 25 35 39 91 17 99
0 12
0 79
0 48
0 84
0 19
0 24
0 47
0 90
0 53
0 43
0 21
0 73
0 8
0 31
0 33
0 14
0 61
0 4
0 86
0 81
0 38
0 74
0 10
0 80
0 85
0 50
0 13
0 29
0 3
0 11
0 62
0 1
0 2
0 15
0 17
0 18
0 20
0 23
0 25
0 26
0 27
0 28
0 30
0 32
0 40
0 42
0 45
0 46
0 49
0 52
0 57
0 59
0 64
0 65
0 66
0 68
0 70
0 72
0 76
0 82
0 87
0 92
12 6
12 9
12 10
12 11
12 28
12 20
12 46
12 84
12 88
12 35
12 39
12 85
12 43
12 14
12 65
12 17
12 93
12 40
12 41
12 7
12 49
12 89
12 94
12 59
12 26
12 16
12 56
12 18
12 90
12 51
12 68
12 21
12 95
12 42
12 75
12 87
12 8
12 13
12 15
12 24
12 29
12 31
12 36
12 37
12 47
12 48
12 50
12 52
12 60
12 62
12 69
12 71
12 74
12 78
12 81
12 86
79 7
79 14
79 15
79 16
79 17
79 18
79 19
79 23
79 25
79 26
79 29
79 30
79 37
79 44
79 46
79 47
79 48
79 49
79 56
79 58
79 59
79 62
79 64
79 71
79 75
79 78
79 66
79 34
79 38
79 22
79 2
79 92
79 21
79 77
79 27
79 52
79 24
79 97
79 90
79 9
79 42
79 61
79 73
79 6
79 35
79 70
79 32
79 3
79 82
79 33
79 57
79 5
79 76
79 84
79 80
79 83
79 85
79 87
79 89
79 94
79 98
48 4
48 6
48 8
48 11
48 13
48 14
48 15
48 16
48 18
48 24
48 27
48 29
48 30
48 31
48 39
48 40
48 45
48 46
48 47
48 83
48 50
48 36
48 94
48 26
48 92
48 41
48 10
48 80
48 28
48 82
48 17
48 44
48 62
48 21
48 23
48 69
48 5
48 35
48 38
48 98
48 84
48 74
48 96
48 86
48 43
48 48
48 64
48 2
48 58
48 49
48 51
48 53
48 55
48 57
48 59
48 60
48 63
48 65
48 71
48 72
48 75
48 77
48 78
48 85
48 88
48 91
84 3
84 9
84 20
84 25
84 26
84 29
84 36
84 39
84 41
84 42
84 43
84 44
84 46
84 47
84 49
84 50
84 54
84 57
84 59
84 60
84 63
84 69
84 74
84 80
84 83
84 71
84 8
84 19
84 14
84 35
84 92
84 1
84 90
84 67
84 27
84 70
84 94
84 95
84 18
84 55
84 23
84 68
84 73
84 88
84 40
84 5
84 76
84 32
84 91
84 75
84 24
84 21
84 4
84 51
84 52
84 13
84 77
84 64
84 7
84 10
84 85
84 86
84 89
84 96
84 98
19 5
19 6
19 8
19 11
19 14
19 18
19 44
19 7
19 15
19 35
19 80
19 30
19 73
19 46
19 88
19 42
19 62
19 1
19 54
19 72
19 96
19 75
19 91
19 89
19 63
19 77
19 23
19 34
19 40
19 45
19 3
19 25
19 53
19 21
19 20
19 22
19 24
19 28
19 29
19 33
19 36
19 38
19 49
19 50
19 52
19 55
19 56
19 58
19 59
19 60
19 61
19 64
19 66
19 67
19 76
19 81
19 90
19 92
19 93
19 94
19 97
19 98
24 3
24 4
24 5
24 8
24 9
24 11
24 14
24 17
24 21
24 23
24 85
24 56
24 32
24 52
24 1
24 74
24 18
24 13
24 27
24 64
24 60
24 95
24 16
24 10
24 6
24 67
24 39
24 76
24 70
24 94
24 75
24 25
24 26
24 31
24 33
24 34
24 35
24 37
24 40
24 41
24 43
24 44
24 45
24 51
24 54
24 55
24 57
24 63
24 65
24 69
24 73
24 77
24 78
24 82
24 83
24 87
24 90
24 92
24 93
24 96
24 97
24 98
47 7
47 8
47 9
47 15
47 16
47 18
47 21
47 23
47 25
47 30
47 36
47 38
47 39
47 41
47 42
47 43
47 44
47 45
47 46
47 17
47 54
47 55
47 85
47 68
47 71
47 83
47 2
47 28
47 14
47 4
47 94
47 87
47 26
47 20
47 34
47 31
47 22
47 95
47 89
47 76
47 10
47 13
47 81
47 69
47 40
47 82
47 78
47 80
47 64
47 3
47 62
47 70
47 51
47 52
47 56
47 57
47 63
47 65
47 72
47 73
47 74
47 77
47 88
47 90
47 92
47 93
47 96
90 4
90 13
90 14
90 18
90 20
90 23
90 25
90 33
90 41
90 43
90 45
90 52
90 54
90 56
90 57
90 63
90 66
90 71
90 72
90 76
90 77
90 78
90 83
90 89
90 15
90 73
90 6
90 60
90 37
90 61
90 53
90 8
90 42
90 7
90 97
90 22
90 35
90 36
90 80
90 88
90 69
90 96
90 85
90 9
90 49
90 2
90 39
90 16
90 51
90 90
90 29
90 10
90 32
90 5
90 91
90 93
90 95
53 1
53 2
53 9
53 17
53 21
53 22
53 27
53 29
53 30
53 34
53 35
53 39
53 46
53 49
53 50
53 52
53 70
53 74
53 51
53 98
53 72
53 41
53 62
53 76
53 60
53 71
53 10
53 11
53 94
53 69
53 42
53 15
53 86
53 28
53 53
53 93
53 7
53 56
53 81
53 3
53 97
53 38
53 77
53 68
53 96
53 13
53 82
53 4
53 31
53 83
53 54
53 55
53 65
53 66
53 67
53 73
53 75
53 85
53 87
53 88
53 89
53 92
53 95
43 3
43 6
43 9
43 10
43 14
43 18
43 20
43 22
43 23
43 27
43 29
43 31
43 32
43 41
43 42
43 73
43 83
43 51
43 33
43 65
43 8
43 59
43 35
43 50
43 13
43 21
43 11
43 63
43 17
43 49
43 1
43 69
43 62
43 85
43 25
43 57
43 66
43 98
43 26
43 28
43 88
43 91
43 58
43 64
43 44
43 46
43 52
43 55
43 67
43 68
43 74
43 76
43 77
43 78
43 80
43 81
43 87
43 92
43 93
43 96
21 3
21 6
21 9
21 13
21 14
21 17
21 20
21 74
21 59
21 28
21 89
21 45
21 60
21 56
21 40
21 88
21 50
21 94
21 27
21 72
21 96
21 69
21 36
21 15
21 18
21 66
21 80
21 1
21 67
21 65
21 78
21 51
21 63
21 52
21 10
21 7
21 30
21 8
21 22
21 25
21 34
21 35
21 37
21 41
21 42
21 44
21 54
21 55
21 61
21 62
21 64
21 71
21 91
21 92
21 97
73 1
73 3
73 6
73 7
73 9
73 10
73 11
73 17
73 18
73 27
73 28
73 36
73 37
73 41
73 55
73 57
73 58
73 62
73 63
73 64
73 65
73 66
73 72
73 70
73 56
73 29
73 40
73 32
73 59
73 92
73 67
73 86
73 61
73 26
73 60
73 16
73 13
73 31
73 20
73 95
73 50
73 49
73 5
73 8
73 75
73 93
73 2
73 73
73 69
73 80
73 54
73 88
73 74
73 77
73 87
73 89
73 94
73 97
73 98
8 5
8 6
8 7
8 29
8 55
8 11
8 23
8 2
8 13
8 4
8 89
8 86
8 95
8 44
8 94
8 15
8 52
8 62
8 32
8 16
8 3
8 10
8 1
8 88
8 63
8 68
8 70
8 75
8 9
8 14
8 17
8 22
8 25
8 26
8 31
8 33
8 34
8 35
8 39
8 40
8 42
8 46
8 49
8 51
8 54
8 59
8 60
8 67
8 69
8 71
8 76
8 77
8 80
8 83
8 91
8 92
8 93
8 97
31 1
31 2
31 5
31 9
31 16
31 25
31 27
31 30
31 91
31 65
31 62
31 4
31 58
31 71
31 75
31 88
31 97
31 72
31 66
31 64
31 69
31 6
31 14
31 59
31 85
31 39
31 80
31 55
31 83
31 33
31 32
31 34
31 36
31 38
31 44
31 56
31 57
31 60
31 61
31 68
31 70
31 76
31 96
31 98
33 1
33 6
33 9
33 15
33 16
33 22
33 23
33 26
33 32
33 58
33 66
33 40
33 69
33 5
33 29
33 87
33 89
33 13
33 20
33 82
33 64
33 70
33 33
33 14
33 42
33 72
33 44
33 10
33 45
33 96
33 95
33 56
33 18
33 36
33 34
33 35
33 37
33 38
33 41
33 49
33 50
33 51
33 57
33 59
33 60
33 62
33 65
33 67
33 68
33 74
33 75
33 78
33 80
33 81
33 85
33 86
33 88
33 93
14 3
14 4
14 6
14 10
14 13
14 68
14 83
14 96
14 32
14 45
14 75
14 51
14 37
14 86
14 70
14 98
14 93
14 23
14 69
14 41
14 14
14 1
14 44
14 5
14 40
14 62
14 15
14 17
14 20
14 26
14 27
14 28
14 29
14 34
14 35
14 36
14 39
14 46
14 50
14 54
14 55
14 58
14 61
14 63
14 67
14 72
14 74
14 77
14 81
14 82
14 85
14 92
14 97
61 1
61 6
61 7
61 10
61 13
61 15
61 16
61 25
61 27
61 30
61 38
61 39
61 42
61 44
61 46
61 55
61 57
61 58
61 59
61 60
61 65
61 9
61 52
61 26
61 98
61 35
61 94
61 34
61 71
61 64
61 92
61 40
61 5
61 41
61 63
61 97
61 77
61 37
61 23
61 11
61 3
61 80
61 4
61 72
61 69
61 62
61 66
61 67
61 74
61 75
61 81
61 82
61 83
61 86
61 88
61 91
61 95
61 96
4 1
4 3
4 86
4 13
4 40
4 97
4 58
4 59
4 26
4 70
4 49
4 95
4 89
4 68
4 77
4 36
4 45
4 34
4 92
4 64
4 16
4 11
4 57
4 2
4 18
4 56
4 5
4 15
4 20
4 23
4 27
4 30
4 32
4 35
4 39
4 41
4 42
4 46
4 50
4 51
4 54
4 55
4 60
4 62
4 66
4 67
4 82
4 85
4 87
4 93
4 94
4 96
4 98
86 2
86 3
86 5
86 10
86 23
86 29
86 36
86 45
86 46
86 49
86 52
86 56
86 59
86 60
86 63
86 64
86 68
86 71
86 74
86 76
86 78
86 85
86 81
86 69
86 55
86 28
86 82
86 65
86 80
86 6
86 75
86 20
86 62
86 50
86 77
86 32
86 83
86 97
86 16
86 96
86 7
86 18
86 30
86 26
86 40
86 87
86 88
86 91
86 92
86 93
86 95
81 1
81 5
81 6
81 18
81 25
81 28
81 32
81 35
81 40
81 41
81 49
81 56
81 58
81 63
81 72
81 74
81 80
81 45
81 64
81 13
81 36
81 37
81 98
81 7
81 69
81 60
81 10
81 52
81 78
81 51
81 17
81 54
81 38
81 59
81 76
81 93
81 20
81 87
81 30
81 29
81 11
81 57
81 16
81 92
81 65
81 82
81 83
81 85
81 91
81 95
38 3
38 11
38 16
38 25
38 26
38 27
38 35
38 37
38 20
38 29
38 63
38 52
38 6
38 70
38 64
38 40
38 9
38 7
38 2
38 5
38 94
38 98
38 10
38 55
38 30
38 17
38 39
38 42
38 45
38 46
38 49
38 58
38 59
38 62
38 66
38 72
38 75
38 77
38 78
38 82
38 83
38 85
38 87
38 88
38 95
38 96
38 97
74 6
74 10
74 16
74 26
74 28
74 29
74 30
74 36
74 41
74 42
74 59
74 63
74 67
74 68
74 71
74 17
74 80
74 2
74 51
74 65
74 76
74 39
74 18
74 7
74 45
74 60
74 57
74 91
74 37
74 78
74 58
74 23
74 98
74 69
74 92
74 82
74 32
74 94
74 22
74 70
74 49
74 50
74 54
74 55
74 85
74 83
74 75
74 77
74 87
74 89
74 93
10 6
10 9
10 75
10 96
10 34
10 40
10 5
10 68
10 23
10 37
10 1
10 67
10 26
10 2
10 25
10 13
10 58
10 29
10 72
10 45
10 91
10 46
10 56
10 7
10 18
10 87
10 85
10 11
10 15
10 22
10 27
10 28
10 32
10 39
10 42
10 44
10 49
10 50
10 51
10 55
10 57
10 63
10 64
10 69
10 70
10 71
10 83
10 88
10 89
10 93
10 95
10 98
80 2
80 9
80 29
80 30
80 36
80 46
80 57
80 65
80 69
80 70
80 72
80 77
80 78
80 32
80 66
80 25
80 18
80 96
80 83
80 42
80 85
80 35
80 16
80 26
80 51
80 41
80 82
80 75
80 58
80 17
80 88
80 71
80 15
80 87
80 20
80 92
80 49
80 6
80 28
80 93
80 97
85 1
85 3
85 7
85 13
85 17
85 29
85 35
85 37
85 39
85 42
85 51
85 52
85 59
85 60
85 63
85 65
85 67
85 69
85 72
85 77
85 78
85 83
85 54
85 70
85 49
85 66
85 34
85 22
85 23
85 36
85 2
85 40
85 25
85 46
85 32
85 88
85 6
85 56
85 18
85 62
85 82
85 9
85 68
85 15
85 75
85 87
85 89
85 91
85 94
85 96
85 98
50 5
50 13
50 17
50 18
50 22
50 32
50 34
50 39
50 42
50 45
50 49
50 87
50 37
50 29
50 44
50 41
50 23
50 40
50 92
50 62
50 3
50 68
50 52
50 67
50 64
50 78
50 7
50 60
50 9
50 95
50 56
50 59
50 97
50 1
50 51
50 54
50 55
50 58
50 63
50 71
50 72
50 82
50 83
50 88
50 91
50 94
13 1
13 2
13 3
13 11
13 29
13 72
13 34
13 95
13 18
13 36
13 27
13 5
13 69
13 46
13 35
13 52
13 37
13 25
13 87
13 56
13 32
13 26
13 55
13 57
13 93
13 39
13 15
13 23
13 28
13 40
13 42
13 44
13 49
13 63
13 64
13 65
13 67
13 70
13 75
13 76
13 77
13 78
13 91
13 94
13 96
29 1
29 2
29 6
29 15
29 16
29 17
29 20
29 27
29 28
29 3
29 52
29 82
29 49
29 29
29 58
29 62
29 36
29 41
29 64
29 92
29 40
29 66
29 34
29 57
29 32
29 44
29 30
29 45
29 51
29 54
29 55
29 56
29 59
29 60
29 63
29 65
29 67
29 70
29 71
29 75
29 83
29 89
29 91
29 96
3 2
3 89
3 46
3 40
3 27
3 9
3 18
3 92
3 71
3 1
3 41
3 82
3 88
3 68
3 69
3 72
3 65
3 75
3 57
3 97
3 5
3 15
3 16
3 25
3 32
3 34
3 36
3 37
3 39
3 44
3 49
3 56
3 58
3 60
3 62
3 63
3 70
3 76
3 87
3 91
3 94
11 6
11 7
11 71
11 46
11 37
11 64
11 82
11 83
11 88
11 92
11 51
11 52
11 75
11 62
11 15
11 17
11 18
11 39
11 67
11 65
11 2
11 16
11 20
11 23
11 25
11 27
11 28
11 34
11 35
11 44
11 45
11 55
11 56
11 72
11 77
11 89
11 91
11 94
11 95
11 96
11 97
11 98
62 2
62 5
62 7
62 15
62 18
62 20
62 22
62 30
62 32
62 34
62 36
62 42
62 45
62 58
62 59
62 97
62 6
62 1
62 55
62 26
62 54
62 25
62 64
62 77
62 66
62 57
62 67
62 46
62 91
62 9
62 37
62 23
62 51
62 70
62 49
62 63
62 71
62 72
62 75
62 82
62 87
62 88
62 92
62 98
1 69
1 55
1 15
1 52
1 95
1 83
1 76
1 82
1 23
1 65
1 9
1 40
1 67
1 58
1 27
1 49
1 77
1 16
1 51
1 34
1 71
1 1
1 89
1 6
1 68
1 2
1 7
1 22
1 28
1 30
1 32
1 35
1 39
1 44
1 45
1 46
1 57
1 66
1 72
1 91
1 92
1 97
69 15
69 18
69 27
69 35
69 37
69 46
69 54
69 55
69 57
69 60
69 63
69 68
69 75
69 52
69 39
69 23
69 94
69 9
69 30
69 49
69 88
69 45
69 26
69 82
69 2
69 95
69 67
69 96
69 93
69 32
69 17
69 70
69 71
69 72
69 78
69 83
69 91
69 97
69 98
55 2
55 9
55 17
55 22
55 23
55 27
55 32
55 34
55 39
55 40
55 42
55 45
55 49
55 54
55 41
55 51
55 72
55 65
55 94
55 92
55 57
55 67
55 36
55 35
55 59
55 30
55 5
55 6
55 55
55 68
55 98
55 52
55 16
55 83
55 71
55 64
55 7
55 56
55 60
55 63
55 66
55 76
55 87
55 88
55 93
55 95
15 6
15 9
15 91
15 72
15 78
15 39
15 97
15 25
15 17
15 30
15 45
15 63
15 60
15 89
15 42
15 22
15 95
15 27
15 87
15 71
15 18
15 83
15 2
15 16
15 23
15 26
15 28
15 32
15 36
15 40
15 44
15 49
15 51
15 52
15 57
15 58
15 66
15 68
15 76
15 92
15 93
15 96
15 98
52 2
52 6
52 7
52 9
52 17
52 36
52 39
52 41
52 44
52 51
52 30
52 26
52 40
52 42
52 66
52 56
52 67
52 87
52 93
52 32
52 49
52 27
52 60
52 58
52 52
52 83
52 16
52 22
52 20
52 46
52 98
52 82
52 35
52 57
52 59
52 63
52 64
52 65
52 68
52 70
52 71
52 78
52 94
95 2
95 5
95 17
95 18
95 34
95 54
95 57
95 59
95 60
95 67
95 68
95 72
95 78
95 83
95 88
95 89
95 93
95 94
95 46
95 92
95 37
95 98
95 82
95 36
95 91
95 20
95 35
95 97
95 26
95 49
95 41
95 22
95 58
95 42
95 66
95 6
95 16
95 64
95 96
83 2
83 7
83 17
83 20
83 22
83 25
83 35
83 39
83 41
83 44
83 45
83 54
83 56
83 58
83 64
83 65
83 72
83 82
83 77
83 75
83 37
83 28
83 78
83 59
83 40
83 36
83 70
83 67
83 88
83 5
83 96
83 18
83 76
83 46
83 63
83 68
83 23
83 9
83 89
83 92
83 93
83 97
83 98
76 7
76 16
76 17
76 20
76 23
76 25
76 26
76 27
76 28
76 30
76 35
76 42
76 46
76 51
76 54
76 58
76 64
76 65
76 66
76 71
76 72
76 75
76 89
76 5
76 88
76 39
76 34
76 94
76 60
76 70
76 93
76 57
76 41
76 59
76 44
76 2
76 92
76 77
76 78
76 91
76 97
82 7
82 17
82 18
82 20
82 23
82 25
82 26
82 32
82 37
82 39
82 42
82 49
82 59
82 71
82 45
82 30
82 51
82 56
82 75
82 67
82 5
82 16
82 65
82 41
82 6
82 46
82 60
82 54
82 63
82 88
82 89
82 98
23 6
23 17
23 18
23 20
23 22
23 96
23 41
23 28
23 35
23 91
23 2
23 51
23 59
23 44
23 88
23 75
23 40
23 39
23 57
23 16
23 25
23 30
23 32
23 45
23 46
23 49
23 54
23 66
23 67
23 71
23 77
23 89
23 92
23 94
23 97
23 98
65 2
65 7
65 18
65 20
65 27
65 36
65 37
65 41
65 42
65 44
65 49
65 59
65 64
65 17
65 45
65 51
65 35
65 22
65 6
65 98
65 72
65 28
65 88
65 60
65 96
65 54
65 32
65 5
65 91
65 93
65 66
65 67
65 70
65 75
65 78
65 89
65 92
65 94
65 97
9 6
9 75
9 59
9 63
9 25
9 34
9 35
9 18
9 77
9 16
9 58
9 51
9 42
9 46
9 32
9 7
9 39
9 20
9 22
9 27
9 36
9 41
9 45
9 54
9 57
9 60
9 64
9 66
9 67
9 71
9 72
9 87
9 89
9 91
9 93
9 94
9 98
40 7
40 16
40 17
40 22
40 25
40 27
40 28
40 32
40 36
40 39
40 78
40 88
40 35
40 45
40 58
40 94
40 40
40 72
40 96
40 6
40 44
40 46
40 30
40 89
40 64
40 56
40 41
40 51
40 54
40 57
40 59
40 63
40 66
40 67
40 68
40 70
40 71
40 75
40 91
40 92
67 17
67 20
67 26
67 32
67 36
67 41
67 42
67 45
67 51
67 56
67 58
67 60
67 64
67 66
67 2
67 54
67 97
67 39
67 6
67 25
67 75
67 59
67 30
67 16
67 28
67 67
67 37
67 68
67 71
67 72
67 77
67 78
67 91
67 94
67 96
67 98
58 2
58 5
58 6
58 27
58 28
58 36
58 37
58 39
58 45
58 51
58 54
58 57
58 75
58 97
58 22
58 98
58 66
58 94
58 87
58 63
58 41
58 17
58 46
58 93
58 91
58 59
58 70
58 71
58 78
58 88
58 92
27 5
27 26
27 44
27 45
27 35
27 41
27 18
27 97
27 56
27 87
27 77
27 72
27 25
27 59
27 88
27 34
27 60
27 16
27 30
27 89
27 32
27 63
27 22
27 54
27 7
27 75
27 28
27 39
27 64
27 68
27 70
27 78
27 91
27 96
49 2
49 16
49 32
49 35
49 41
49 42
49 46
49 5
49 56
49 97
49 92
49 45
49 7
49 36
49 66
49 20
49 26
49 54
49 63
49 64
49 78
49 89
49 91
49 96
77 7
77 17
77 20
77 25
77 26
77 28
77 34
77 35
77 36
77 39
77 41
77 45
77 51
77 54
77 60
77 63
77 68
77 16
77 59
77 57
77 37
77 64
77 75
77 2
77 22
77 44
77 30
77 46
77 32
77 78
77 88
77 92
77 93
77 94
77 96
16 34
16 18
16 42
16 44
16 91
16 5
16 93
16 45
16 7
16 16
16 63
16 28
16 6
16 2
16 25
16 37
16 87
16 26
16 98
16 92
16 17
16 20
16 39
16 41
16 51
16 56
16 57
16 66
16 70
16 71
16 75
16 78
16 89
16 94
16 96
51 2
51 5
51 20
51 30
51 32
51 34
51 35
51 45
51 41
51 70
51 44
51 91
51 54
51 64
51 37
51 66
51 36
51 60
51 46
51 57
51 75
51 42
51 56
51 59
51 63
51 68
51 71
51 72
51 78
51 89
51 92
51 93
51 96
51 98
34 28
34 32
34 26
34 98
34 42
34 92
34 57
34 18
34 45
34 64
34 6
34 22
34 93
34 37
34 89
34 30
34 54
34 25
34 34
34 56
34 36
34 35
34 44
34 46
34 66
34 72
34 78
34 87
34 91
34 94
34 96
71 6
71 28
71 30
71 35
71 39
71 41
71 44
71 46
71 59
71 70
71 42
71 87
71 5
71 60
71 22
71 54
71 93
71 18
71 66
71 96
71 26
71 88
71 32
71 97
71 92
71 72
71 75
71 78
71 94
89 22
89 25
89 26
89 35
89 37
89 44
89 45
89 57
89 64
89 88
89 20
89 89
89 17
89 93
89 66
89 6
89 60
89 2
89 28
89 75
89 87
89 41
89 59
89 5
89 7
89 98
89 30
89 91
89 96
89 97
6 2
6 5
6 63
6 42
6 54
6 22
6 20
6 92
6 44
6 41
6 30
6 66
6 70
6 87
6 7
6 18
6 25
6 26
6 28
6 32
6 36
6 37
6 56
6 59
6 88
6 93
6 94
6 96
68 2
68 25
68 26
68 28
68 37
68 44
68 46
68 63
68 64
68 72
68 78
68 87
68 54
68 59
68 35
68 22
68 17
68 93
68 39
68 56
68 32
68 70
68 75
68 91
68 92
68 96
68 98
2 96
2 66
2 37
2 2
2 87
2 41
2 94
2 36
2 18
2 44
2 70
2 75
2 5
2 20
2 25
2 28
2 32
2 35
2 39
2 42
2 54
2 57
2 59
2 60
2 64
2 72
2 88
2 91
2 92
2 93
96 20
96 28
96 37
96 41
96 56
96 59
96 78
96 94
96 91
96 25
96 88
96 46
96 72
96 35
96 57
96 22
96 26
96 92
96 44
96 30
96 64
96 60
96 17
96 36
96 32
96 97
66 5
66 20
66 22
66 25
66 26
66 30
66 41
66 44
66 45
66 59
66 32
66 46
66 97
66 36
66 18
66 70
66 42
66 64
66 72
66 75
66 78
66 87
66 88
66 91
66 92
66 94
37 17
37 18
37 30
37 35
37 36
37 25
37 22
37 98
37 72
37 64
37 41
37 32
37 60
37 5
37 42
37 57
37 63
37 75
37 93
37 97
87 20
87 32
87 46
87 56
87 57
87 63
87 72
87 17
87 30
87 60
87 97
87 36
87 5
87 41
87 93
87 64
87 54
87 78
87 28
87 44
87 45
87 35
87 88
87 91
87 92
87 94
87 98
41 7
41 20
41 32
41 35
41 39
41 94
41 18
41 30
41 28
41 41
41 22
41 54
41 36
41 26
41 44
41 60
41 42
41 56
41 59
41 64
41 72
41 91
41 93
94 7
94 17
94 22
94 26
94 30
94 32
94 39
94 54
94 57
94 59
94 63
94 70
94 75
94 78
94 93
94 60
94 88
94 46
94 25
94 5
94 91
94 97
94 98
36 20
36 26
36 30
36 35
36 22
36 88
36 28
36 46
36 97
36 92
36 36
36 17
36 78
36 42
36 60
36 98
36 39
36 44
36 54
36 56
36 63
36 64
36 70
36 72
36 75
36 93
18 17
18 22
18 45
18 56
18 35
18 75
18 28
18 44
18 91
18 32
18 5
18 57
18 20
18 25
18 26
18 39
18 64
18 70
18 88
18 98
44 5
44 25
44 26
44 39
44 59
44 70
44 92
44 46
44 97
44 75
44 30
44 7
44 20
44 22
44 45
44 54
44 57
44 63
44 72
44 88
44 93
70 7
70 30
70 35
70 39
70 54
70 57
70 63
70 42
70 97
70 93
70 60
70 78
70 91
70 92
75 20
75 22
75 25
75 30
75 39
75 42
75 56
75 59
75 64
75 93
75 7
75 5
75 45
75 72
75 26
75 75
75 92
75 35
75 78
75 97
46 20
46 25
46 39
46 42
46 45
46 35
46 17
46 97
46 60
46 32
46 98
46 54
46 56
46 64
46 91
46 92
46 93
92 17
92 25
92 39
92 45
92 56
92 60
92 91
92 30
92 42
92 32
92 98
92 88
92 63
92 64
92 22
92 28
92 54
92 93
88 28
88 35
88 54
88 56
88 57
88 60
88 26
88 93
88 5
88 22
88 45
88 20
88 64
88 97
72 25
72 45
72 54
72 59
72 60
72 64
72 93
72 56
72 57
72 7
72 72
72 20
72 39
72 35
72 42
72 78
72 98
57 25
57 30
57 32
57 56
57 59
57 54
57 26
57 60
57 42
57 63
57 64
57 91
57 97
97 22
97 30
97 32
97 39
97 45
97 54
97 56
97 64
97 78
97 91
97 60
97 5
97 35
97 20
97 59
97 93
97 17
97 98
59 17
59 22
59 35
59 54
59 56
59 30
59 32
59 7
59 63
59 28
59 26
59 39
59 60
59 91
59 93
26 17
26 25
26 20
26 22
26 56
26 93
26 7
26 30
26 39
26 42
26 45
26 54
26 63
26 64
26 91
26 98
45 7
45 20
45 28
45 39
45 93
45 78
45 5
45 25
45 60
45 91
45 98
64 5
64 20
64 25
64 32
64 35
64 39
64 42
64 63
64 64
64 28
64 22
64 7
64 54
64 78
64 91
64 93
56 42
56 32
56 60
56 7
56 98
56 35
56 78
56 20
56 63
56 25
56 5
56 56
56 93
5 30
5 32
5 28
5 7
5 25
5 54
5 60
5 93
5 98
30 17
30 22
30 28
30 7
30 30
30 25
30 54
30 42
30 60
30 91
30 93
30 98
32 17
32 20
32 22
32 28
32 35
32 42
32 54
32 63
32 91
28 20
28 25
28 22
28 78
28 98
28 91
28 35
28 39
28 60
28 63
63 17
63 25
63 60
63 20
63 7
63 91
63 39
63 54
63 22
63 93
63 98
42 22
42 7
42 60
42 35
42 54
42 39
42 78
42 91
42 93
54 25
54 39
54 54
54 91
54 93
22 98
22 7
22 25
22 60
22 35
22 39
20 7
20 25
20 17
20 93
20 91
20 35
20 98
7 98
7 78
7 93
7 60
7 17
7 39
98 78
98 93
98 35
98 60
98 39
98 99
78 91
78 25
78 39
78 35
78 93
93 17
93 25
93 35
93 91
60 35
60 25
25 17
25 35
25 39
35 17
35 39
35 91
39 39
39 17
39 91
91 91