0 10 24 25 26 27 1 16 23 12 28 29 30 2 6 21 18 31 32 33 3 13 34 35 36 4 37 38 39 5 9 40 41 42 17 43 44 45 7 46 47 48 8 49 50 51 52 53 54 55 56 57 11 15 58 59 60 61 62 63 64 65 66 14 67 68 69 22 70 71 72 73 74 75 76 77 78 79 80 81 19 20 82 83 84 85 86 87 88 89 90 91 92 93 94 95 96 97 98 99
0 10
0 24
0 25
0 26
0 27
10 4
10 5
10 55
10 56
10 57
24 19
24 97
24 98
24 99
25 50
26 35
27 57
27 74
27 54
1 16
1 23
1 12
1 28
1 29
1 30
16 7
16 73
16 74
16 75
23 94
23 95
23 96
12 4
12 18
12 15
12 61
12 62
12 63
28 72
28 84
29 52
29 89
29 71
30 50
2 6
2 21
2 18
2 31
2 32
2 33
6 13
6 17
6 43
6 44
6 45
21 88
21 89
21 90
18 79
18 80
18 81
31 33
31 96
31 99
32 48
32 58
32 96
3 13
3 34
3 35
3 36
13 64
13 65
13 66
34 82
35 39
36 54
36 46
4 37
4 38
4 39
37 86
37 47
38 68
38 95
38 42
38 82
39 87
39 40
5 9
5 40
5 41
5 42
9 8
9 52
9 53
9 54
40 92
40 98
41 47
42 84
17 76
17 77
17 78
43 49
43 50
43 97
44 87
45 55
7 46
7 47
7 48
46 55
46 94
47 79
8 49
8 50
8 51
50 82
51 66
51 98
51 69
53 91
55 67
55 69
56 90
56 88
11 15
11 58
11 59
11 60
15 14
15 22
15 70
15 71
15 72
58 78
59 65
59 82
60 96
61 74
62 70
63 89
64 72
14 67
14 68
14 69
22 91
22 92
22 93
70 87
71 77
71 94
73 95
75 93
75 83
76 80
79 84
80 94
80 86
81 93
19 20
19 82
19 83
19 84
20 85
20 86
20 87
82 83
85 93
88 99
91 96
96 97