0 3 4 6 13 15 20 21 22 23 24 25 27 29 33 35 36 37 38 39 40 42 45 46 47 48 49 50 56 59 64 68 69 70 71 72 74 75 79 80 81 82 88 90 91 92 96 97 99 1 5 8 9 11 18 26 30 31 32 51 52 53 55 61 62 63 66 76 77 78 84 85 87 89 93 2 7 12 16 17 19 28 43 44 54 57 60 65 83 86 10 58 67 73 94 98 34 41 14 95
0 3
0 4
0 6
0 13
0 15
0 20
0 21
0 22
0 23
0 24
0 25
0 27
0 29
0 33
0 35
0 36
0 37
0 38
0 39
0 40
0 42
0 45
0 46
0 47
0 48
0 49
0 50
0 56
0 59
0 64
0 68
0 69
0 70
0 71
0 72
0 74
0 75
0 79
0 80
0 81
0 82
0 88
0 90
0 91
0 92
0 96
0 97
0 99
3 1
3 2
3 5
3 8
3 9
3 10
3 11
3 13
3 17
3 18
3 19
3 21
3 25
3 30
3 31
3 35
3 36
3 40
3 43
3 44
3 45
3 47
3 50
3 51
3 52
3 58
3 63
3 65
3 67
3 68
3 69
3 71
3 73
3 74
3 75
3 76
3 78
3 79
3 80
3 81
3 83
3 89
3 92
3 93
3 94
3 98
3 99
4 1
4 2
4 9
4 10
4 15
4 16
4 17
4 19
4 22
4 23
4 28
4 29
4 31
4 32
4 36
4 43
4 45
4 47
4 50
4 52
4 54
4 59
4 60
4 62
4 63
4 64
4 68
4 70
4 71
4 72
4 73
4 74
4 76
4 77
4 78
4 79
4 80
4 84
4 86
4 87
4 89
4 97
4 99
6 1
6 2
6 5
6 7
6 8
6 10
6 11
6 14
6 15
6 16
6 17
6 20
6 23
6 24
6 25
6 28
6 30
6 33
6 34
6 35
6 37
6 41
6 43
6 44
6 46
6 47
6 48
6 51
6 52
6 55
6 56
6 57
6 58
6 63
6 66
6 69
6 70
6 71
6 72
6 76
6 77
6 80
6 82
6 83
6 85
6 89
6 92
6 93
6 97
13 1
13 7
13 8
13 9
13 10
13 14
13 16
13 19
13 20
13 23
13 24
13 28
13 31
13 32
13 34
13 35
13 36
13 39
13 43
13 44
13 47
13 48
13 49
13 51
13 53
13 56
13 57
13 61
13 62
13 63
13 64
13 67
13 72
13 73
13 74
13 75
13 78
13 82
13 86
13 88
13 89
13 90
13 91
13 95
13 96
13 97
13 98
13 99
15 1
15 5
15 8
15 10
15 11
15 12
15 14
15 16
15 17
15 19
15 21
15 23
15 30
15 33
15 37
15 38
15 46
15 48
15 55
15 56
15 57
15 59
15 64
15 65
15 66
15 69
15 71
15 72
15 73
15 74
15 78
15 79
15 80
15 81
15 82
15 84
15 85
15 88
15 90
15 91
15 92
15 93
15 95
15 97
15 99
20 2
20 5
20 9
20 10
20 11
20 14
20 16
20 24
20 25
20 27
20 30
20 31
20 35
20 36
20 37
20 38
20 39
20 40
20 45
20 47
20 48
20 51
20 53
20 54
20 55
20 65
20 66
20 69
20 72
20 73
20 82
20 84
20 86
20 87
20 90
20 91
20 98
21 5
21 11
21 14
21 16
21 22
21 26
21 27
21 30
21 31
21 32
21 34
21 35
21 36
21 37
21 40
21 41
21 42
21 43
21 44
21 45
21 46
21 49
21 50
21 52
21 53
21 54
21 55
21 58
21 59
21 62
21 63
21 65
21 66
21 70
21 71
21 73
21 76
21 77
21 80
21 85
21 86
21 87
21 89
21 96
21 97
21 98
21 99
22 5
22 7
22 8
22 11
22 12
22 17
22 19
22 24
22 26
22 27
22 29
22 32
22 33
22 35
22 39
22 40
22 41
22 42
22 43
22 46
22 48
22 50
22 52
22 53
22 54
22 55
22 56
22 59
22 61
22 63
22 65
22 66
22 68
22 70
22 71
22 72
22 79
22 82
22 83
22 85
22 86
22 87
22 90
22 92
22 94
22 98
22 99
23 2
23 9
23 10
23 24
23 25
23 26
23 29
23 30
23 33
23 34
23 39
23 40
23 41
23 44
23 45
23 46
23 47
23 51
23 52
23 53
23 54
23 55
23 56
23 61
23 63
23 64
23 65
23 66
23 67
23 68
23 69
23 70
23 71
23 72
23 73
23 74
23 75
23 76
23 79
23 83
23 88
23 89
23 92
23 95
23 97
24 5
24 7
24 8
24 10
24 14
24 17
24 18
24 25
24 26
24 30
24 31
24 32
24 33
24 44
24 47
24 49
24 50
24 51
24 56
24 57
24 61
24 62
24 64
24 65
24 66
24 69
24 70
24 72
24 73
24 77
24 78
24 79
24 80
24 81
24 82
24 86
24 90
24 92
24 96
24 97
25 1
25 2
25 5
25 7
25 8
25 10
25 16
25 17
25 19
25 28
25 31
25 33
25 34
25 35
25 38
25 39
25 40
25 42
25 43
25 44
25 46
25 48
25 50
25 51
25 53
25 55
25 56
25 61
25 62
25 65
25 66
25 67
25 71
25 73
25 74
25 79
25 80
25 81
25 84
25 85
25 87
25 88
25 89
25 92
25 93
25 95
25 98
27 5
27 7
27 8
27 9
27 10
27 11
27 12
27 14
27 19
27 28
27 32
27 34
27 35
27 36
27 37
27 40
27 43
27 47
27 49
27 50
27 52
27 58
27 60
27 64
27 69
27 70
27 72
27 76
27 78
27 79
27 80
27 82
27 86
27 87
27 94
27 95
27 96
27 97
27 98
29 1
29 7
29 8
29 11
29 12
29 14
29 17
29 18
29 19
29 26
29 30
29 32
29 33
29 34
29 38
29 40
29 42
29 45
29 46
29 48
29 51
29 52
29 53
29 55
29 61
29 63
29 64
29 65
29 66
29 67
29 70
29 71
29 72
29 73
29 74
29 77
29 78
29 79
29 80
29 81
29 85
29 86
29 98
29 99
33 1
33 9
33 11
33 14
33 19
33 30
33 31
33 34
33 37
33 38
33 42
33 43
33 45
33 48
33 50
33 51
33 53
33 54
33 55
33 58
33 59
33 60
33 64
33 67
33 71
33 72
33 73
33 74
33 77
33 78
33 80
33 81
33 82
33 83
33 85
33 86
33 87
33 89
33 93
33 94
33 97
33 98
33 99
35 1
35 2
35 7
35 8
35 10
35 14
35 18
35 30
35 39
35 44
35 46
35 52
35 54
35 55
35 59
35 61
35 62
35 64
35 65
35 66
35 72
35 73
35 76
35 77
35 78
35 79
35 81
35 82
35 87
35 89
35 91
35 92
35 96
35 98
35 99
36 1
36 2
36 8
36 9
36 11
36 17
36 31
36 32
36 34
36 38
36 39
36 42
36 43
36 44
36 46
36 51
36 54
36 55
36 57
36 58
36 60
36 63
36 65
36 66
36 67
36 68
36 69
36 71
36 79
36 81
36 83
36 89
36 92
36 93
36 96
36 97
37 2
37 5
37 11
37 14
37 16
37 30
37 31
37 32
37 38
37 43
37 45
37 48
37 50
37 53
37 54
37 56
37 57
37 58
37 61
37 62
37 63
37 65
37 66
37 67
37 70
37 72
37 76
37 78
37 81
37 82
37 83
37 85
37 86
37 89
37 90
37 92
37 93
37 94
37 97
37 98
38 8
38 9
38 10
38 14
38 16
38 17
38 18
38 26
38 28
38 34
38 39
38 40
38 42
38 44
38 45
38 48
38 52
38 55
38 57
38 64
38 68
38 70
38 71
38 75
38 77
38 79
38 80
38 81
38 82
38 84
38 86
38 87
38 88
38 89
38 91
38 92
38 93
38 94
38 97
39 1
39 7
39 9
39 14
39 26
39 28
39 30
39 31
39 32
39 34
39 40
39 41
39 44
39 45
39 46
39 47
39 48
39 50
39 51
39 52
39 57
39 58
39 60
39 63
39 64
39 65
39 67
39 68
39 69
39 72
39 76
39 79
39 80
39 83
39 85
39 87
39 88
39 90
39 93
39 98
40 1
40 2
40 10
40 11
40 16
40 17
40 18
40 19
40 26
40 28
40 31
40 41
40 45
40 48
40 49
40 51
40 53
40 57
40 59
40 62
40 64
40 66
40 67
40 68
40 69
40 71
40 72
40 73
40 74
40 76
40 77
40 80
40 81
40 83
40 84
40 86
40 87
40 88
40 92
40 93
40 96
40 97
42 2
42 5
42 7
42 8
42 9
42 10
42 12
42 14
42 16
42 17
42 26
42 31
42 32
42 34
42 41
42 43
42 45
42 48
42 49
42 50
42 52
42 54
42 57
42 60
42 62
42 68
42 71
42 74
42 77
42 78
42 79
42 83
42 85
42 86
42 88
42 89
42 90
42 95
42 98
45 1
45 2
45 7
45 8
45 10
45 12
45 16
45 18
45 26
45 28
45 30
45 31
45 41
45 43
45 44
45 47
45 48
45 49
45 50
45 51
45 53
45 54
45 55
45 56
45 58
45 63
45 64
45 65
45 66
45 67
45 68
45 70
45 75
45 77
45 79
45 81
45 82
45 84
45 85
45 86
45 87
45 89
45 93
45 94
45 97
45 98
45 99
46 5
46 7
46 8
46 9
46 17
46 19
46 26
46 31
46 41
46 47
46 48
46 50
46 51
46 53
46 56
46 57
46 58
46 60
46 61
46 63
46 64
46 66
46 69
46 71
46 72
46 74
46 80
46 83
46 84
46 85
46 89
46 93
46 95
46 97
46 98
47 5
47 7
47 9
47 10
47 12
47 14
47 16
47 19
47 26
47 31
47 34
47 43
47 51
47 54
47 55
47 59
47 61
47 63
47 66
47 67
47 68
47 69
47 70
47 73
47 74
47 77
47 80
47 81
47 85
47 87
47 93
47 94
47 97
47 99
48 5
48 7
48 8
48 10
48 11
48 12
48 16
48 17
48 18
48 19
48 26
48 31
48 34
48 41
48 43
48 49
48 50
48 54
48 55
48 56
48 58
48 61
48 63
48 64
48 65
48 68
48 70
48 71
48 72
48 73
48 76
48 78
48 79
48 83
48 91
48 92
48 94
48 95
48 98
49 1
49 2
49 5
49 7
49 8
49 9
49 10
49 11
49 14
49 16
49 19
49 26
49 28
49 30
49 31
49 32
49 34
49 50
49 51
49 52
49 53
49 54
49 58
49 60
49 61
49 62
49 63
49 67
49 68
49 71
49 72
49 74
49 77
49 78
49 79
49 82
49 83
49 86
49 87
49 88
49 89
49 90
49 93
49 94
49 96
49 99
50 2
50 5
50 7
50 8
50 10
50 19
50 31
50 32
50 34
50 41
50 44
50 52
50 55
50 57
50 58
50 62
50 66
50 67
50 68
50 69
50 71
50 72
50 73
50 75
50 76
50 77
50 78
50 81
50 82
50 85
50 88
50 90
50 91
50 94
50 95
56 7
56 9
56 12
56 17
56 19
56 26
56 28
56 34
56 41
56 51
56 58
56 60
56 61
56 63
56 65
56 66
56 68
56 70
56 72
56 73
56 74
56 75
56 77
56 79
56 80
56 81
56 83
56 84
56 85
56 87
56 88
56 96
56 97
56 98
56 99
59 5
59 10
59 16
59 17
59 18
59 28
59 30
59 31
59 32
59 34
59 41
59 44
59 62
59 63
59 64
59 65
59 66
59 67
59 70
59 71
59 75
59 76
59 77
59 84
59 87
59 90
59 91
59 92
59 94
59 95
59 96
59 98
64 1
64 2
64 5
64 8
64 14
64 16
64 17
64 18
64 26
64 28
64 34
64 43
64 44
64 52
64 53
64 62
64 63
64 66
64 67
64 69
64 70
64 71
64 72
64 74
64 76
64 77
64 78
64 80
64 81
64 87
64 88
64 90
64 91
64 92
64 98
68 2
68 5
68 8
68 12
68 16
68 26
68 28
68 31
68 34
68 41
68 43
68 44
68 51
68 54
68 57
68 60
68 61
68 63
68 72
68 73
68 75
68 78
68 79
68 80
68 83
68 84
68 86
68 87
68 90
68 92
68 96
68 97
68 98
68 99
69 1
69 5
69 8
69 9
69 11
69 12
69 28
69 30
69 34
69 41
69 51
69 54
69 58
69 60
69 67
69 71
69 72
69 75
69 77
69 79
69 82
69 83
69 87
69 88
69 92
69 93
69 94
69 95
69 96
69 97
69 98
69 99
70 2
70 8
70 9
70 10
70 11
70 12
70 14
70 16
70 19
70 43
70 44
70 51
70 52
70 58
70 62
70 63
70 65
70 66
70 67
70 71
70 72
70 75
70 76
70 77
70 78
70 79
70 80
70 81
70 82
70 87
70 90
70 92
70 95
70 96
70 98
71 2
71 5
71 8
71 9
71 10
71 11
71 12
71 14
71 16
71 18
71 19
71 28
71 30
71 31
71 52
71 53
71 55
71 60
71 62
71 63
71 66
71 72
71 75
71 79
71 80
71 81
71 82
71 84
71 85
71 86
71 88
71 89
71 90
71 91
71 97
71 98
72 2
72 11
72 14
72 19
72 43
72 44
72 58
72 60
72 61
72 62
72 65
72 67
72 73
72 75
72 76
72 77
72 80
72 83
72 85
72 87
72 90
72 91
72 94
72 96
72 97
74 1
74 7
74 8
74 9
74 10
74 12
74 14
74 17
74 18
74 19
74 26
74 28
74 31
74 32
74 41
74 43
74 44
74 55
74 57
74 58
74 60
74 61
74 66
74 67
74 77
74 80
74 81
74 82
74 83
74 88
74 89
74 91
74 92
74 95
74 96
74 98
74 99
75 2
75 10
75 11
75 12
75 14
75 17
75 18
75 26
75 28
75 30
75 31
75 32
75 34
75 41
75 43
75 51
75 57
75 60
75 61
75 66
75 67
75 78
75 79
75 80
75 81
75 85
75 87
75 89
75 90
75 91
75 92
75 94
75 95
75 96
75 99
79 2
79 11
79 16
79 17
79 26
79 28
79 34
79 51
79 53
79 55
79 57
79 67
79 73
79 77
79 84
79 88
79 90
79 93
79 94
79 95
79 96
79 97
80 2
80 5
80 10
80 12
80 16
80 28
80 30
80 31
80 32
80 34
80 41
80 43
80 51
80 52
80 53
80 55
80 58
80 60
80 63
80 65
80 66
80 67
80 73
80 76
80 81
80 83
80 86
80 90
80 91
80 92
80 93
80 97
80 99
81 5
81 7
81 8
81 9
81 16
81 17
81 18
81 30
81 41
81 43
81 51
81 52
81 54
81 57
81 58
81 60
81 61
81 62
81 63
81 65
81 66
81 73
81 76
81 78
81 83
81 87
81 89
81 90
81 91
81 93
81 94
81 95
81 96
81 97
82 1
82 5
82 9
82 10
82 16
82 17
82 19
82 26
82 28
82 30
82 41
82 43
82 52
82 54
82 57
82 60
82 61
82 66
82 67
82 78
82 84
82 86
82 88
82 89
82 92
82 95
82 97
82 98
88 1
88 2
88 5
88 9
88 10
88 12
88 14
88 17
88 30
88 43
88 51
88 76
88 84
88 85
88 86
88 87
88 89
88 90
88 91
88 93
88 94
88 95
88 99
90 1
90 2
90 5
90 10
90 12
90 16
90 18
90 19
90 28
90 30
90 31
90 43
90 51
90 52
90 55
90 57
90 58
90 60
90 62
90 65
90 66
90 67
90 73
90 83
90 85
90 86
90 89
90 91
90 92
90 94
90 96
90 97
90 98
91 5
91 7
91 9
91 10
91 11
91 31
91 32
91 34
91 41
91 43
91 44
91 52
91 53
91 57
91 58
91 61
91 62
91 63
91 66
91 67
91 77
91 84
91 86
91 92
91 95
91 96
92 1
92 2
92 7
92 10
92 11
92 12
92 14
92 16
92 17
92 19
92 28
92 30
92 43
92 51
92 52
92 54
92 55
92 58
92 60
92 62
92 63
92 67
92 76
92 77
92 83
92 84
92 86
92 89
92 93
92 95
92 97
92 99
96 5
96 7
96 9
96 10
96 11
96 12
96 14
96 16
96 18
96 26
96 28
96 30
96 31
96 32
96 34
96 41
96 53
96 55
96 61
96 62
96 63
96 65
96 67
96 77
96 84
96 86
96 87
96 89
96 94
96 95
96 99
97 2
97 5
97 7
97 10
97 11
97 26
97 28
97 30
97 31
97 32
97 34
97 41
97 53
97 55
97 58
97 61
97 62
97 65
97 73
97 77
97 78
97 83
97 84
97 87
97 89
97 95
99 1
99 5
99 7
99 9
99 10
99 11
99 14
99 16
99 17
99 18
99 26
99 28
99 51
99 52
99 54
99 57
99 61
99 62
99 63
99 66
99 76
99 78
99 83
99 85
99 86
99 89
99 93
99 94
99 98
1 5
1 8
1 9
1 11
1 18
1 26
1 30
1 31
1 32
1 51
1 52
1 53
1 55
1 61
1 62
1 63
1 66
1 76
1 77
1 78
1 84
1 85
1 87
1 89
1 93
5 2
5 7
5 9
5 10
5 11
5 12
5 17
5 19
5 26
5 28
5 34
5 41
5 44
5 51
5 53
5 57
5 62
5 63
5 65
5 67
5 77
5 84
5 86
5 93
5 94
5 98
8 2
8 7
8 10
8 14
8 18
8 26
8 28
8 31
8 34
8 54
8 63
8 66
8 67
8 73
8 77
8 78
8 83
8 84
8 86
8 87
8 94
8 98
9 2
9 14
9 17
9 26
9 30
9 31
9 32
9 41
9 43
9 44
9 51
9 55
9 60
9 62
9 63
9 66
9 67
9 76
9 77
9 84
9 85
9 86
9 87
9 89
9 93
9 94
11 2
11 10
11 14
11 18
11 26
11 28
11 31
11 32
11 51
11 55
11 62
11 65
11 67
11 77
11 83
11 84
11 86
11 87
18 2
18 10
18 16
18 19
18 26
18 28
18 31
18 41
18 51
18 52
18 53
18 58
18 60
18 66
18 73
18 76
18 77
18 87
18 89
18 93
18 95
18 98
26 2
26 7
26 12
26 17
26 19
26 32
26 41
26 44
26 57
26 58
26 60
26 62
26 63
26 65
26 66
26 73
26 77
26 78
26 84
26 94
26 95
30 2
30 16
30 17
30 31
30 32
30 41
30 43
30 44
30 51
30 52
30 53
30 54
30 55
30 60
30 62
30 63
30 65
30 66
30 73
30 77
30 85
30 86
30 98
31 10
31 12
31 17
31 41
31 43
31 44
31 55
31 60
31 61
31 62
31 63
31 67
31 73
31 84
31 85
31 86
31 89
31 93
31 94
31 95
32 2
32 12
32 17
32 19
32 43
32 51
32 53
32 54
32 57
32 61
32 63
32 73
32 76
32 78
32 83
32 84
32 85
32 86
32 87
32 93
32 98
51 10
51 12
51 14
51 16
51 17
51 19
51 28
51 34
51 52
51 55
51 57
51 58
51 63
51 65
51 66
51 67
51 73
51 76
51 77
51 78
51 85
51 86
51 87
51 94
52 2
52 7
52 10
52 12
52 14
52 16
52 34
52 44
52 53
52 55
52 61
52 63
52 66
52 67
52 77
52 78
52 83
52 84
52 86
52 89
52 95
52 98
53 2
53 10
53 16
53 17
53 19
53 44
53 54
53 58
53 60
53 61
53 62
53 65
53 67
53 73
53 78
53 83
53 86
53 87
53 89
53 93
55 2
55 12
55 14
55 16
55 28
55 34
55 57
55 58
55 60
55 62
55 65
55 73
55 76
55 78
55 83
55 87
55 95
55 98
61 7
61 10
61 17
61 19
61 28
61 41
61 44
61 54
61 57
61 58
61 62
61 73
61 76
61 78
61 83
61 84
61 85
61 86
61 89
61 95
62 2
62 12
62 19
62 41
62 43
62 44
62 57
62 58
62 60
62 63
62 65
62 67
62 85
62 86
62 87
62 89
62 94
63 7
63 10
63 14
63 16
63 41
63 43
63 57
63 58
63 66
63 77
63 83
63 95
63 98
66 2
66 7
66 10
66 12
66 16
66 34
66 44
66 57
66 58
66 60
66 65
66 67
66 73
66 84
66 93
66 98
76 7
76 10
76 12
76 16
76 17
76 34
76 41
76 43
76 54
76 57
76 67
76 77
76 83
76 84
76 86
76 87
76 89
76 93
76 94
76 95
76 98
77 2
77 7
77 10
77 12
77 17
77 28
77 41
77 43
77 44
77 60
77 73
77 78
77 83
77 84
77 85
77 86
77 87
77 89
77 95
77 98
78 2
78 10
78 16
78 28
78 41
78 43
78 54
78 58
78 65
78 73
78 84
78 87
78 89
78 93
78 94
78 95
78 98
84 2
84 16
84 28
84 41
84 43
84 44
84 54
84 57
84 67
84 85
84 87
84 89
84 94
85 7
85 10
85 12
85 17
85 28
85 34
85 41
85 44
85 54
85 57
85 58
85 60
85 67
85 86
85 87
85 89
85 93
85 94
85 98
87 10
87 28
87 41
87 43
87 44
87 57
87 60
87 67
87 73
87 83
87 89
87 93
87 94
87 95
89 2
89 10
89 12
89 14
89 41
89 54
89 67
89 73
89 93
89 95
93 2
93 7
93 14
93 16
93 19
93 28
93 34
93 41
93 43
93 44
93 58
93 65
93 67
93 83
93 94
2 7
2 12
2 16
2 17
2 19
2 28
2 43
2 44
2 54
2 57
2 60
2 65
2 83
2 86
7 16
7 28
7 34
7 41
7 43
7 44
7 54
7 57
7 83
7 86
7 95
7 98
12 10
12 14
12 16
12 17
12 28
12 57
12 60
12 65
12 73
12 83
12 95
16 14
16 28
16 34
16 41
16 57
16 58
16 67
16 73
16 83
16 86
16 95
16 98
17 10
17 19
17 34
17 41
17 43
17 44
17 54
17 57
17 60
17 73
17 83
17 94
17 95
19 14
19 28
19 34
19 44
19 58
19 83
19 98
28 34
28 43
28 44
28 54
28 60
28 73
28 86
28 94
28 95
43 14
43 44
43 54
43 58
43 60
43 67
43 73
43 95
44 10
44 14
44 58
44 60
44 86
44 94
44 95
54 10
54 14
54 34
54 57
54 60
54 86
54 98
57 34
57 58
57 60
57 67
57 73
57 95
57 98
60 14
60 41
60 58
60 67
60 86
60 94
65 10
65 41
65 67
65 83
65 95
83 14
83 34
83 73
83 94
83 98
86 10
86 41
86 73
86 94
10 41
10 58
10 94
10 95
58 67
58 95
58 98
67 34
73 34
73 94
73 98
94 95
94 98
98 14
98 41
98 95
14 95