55 16 67 77 96 64 54 1 98 56 29 80 18 62 28 57 86 59 72 46 20 50 31 87 78 69 32 49 94 2 3 76 48 38 51 6 89 12 5 14 84 24 23 85 93 17 33 36 53 52 37 60 79 88 10 61 66 75 58 44 91 92 90 41 9 39 63 95 30 13 7 71 4 73 74 27 65 21 15 8 82 97 99 26 43 42 22 35 70 47 19 25 34 40 68 11 83 0 81 45
55 16
55 4
55 8
55 10
55 13
55 26
55 29
55 37
55 42
55 57
55 71
55 73
55 85
55 86
55 89
55 99
16 67
16 2
16 3
16 5
16 6
16 14
16 20
16 21
16 23
16 27
16 46
16 51
16 52
16 63
16 64
16 66
16 68
16 75
16 77
16 82
16 91
16 99
67 77
67 0
67 1
67 7
67 18
67 20
67 23
67 24
67 30
67 32
67 33
67 35
67 40
67 43
67 47
67 53
67 54
67 58
67 60
67 73
67 78
67 90
67 97
77 96
77 5
77 8
77 15
77 31
77 45
77 59
77 64
77 71
77 80
77 81
77 90
77 94
77 98
96 64
96 1
96 8
96 15
96 18
96 20
96 28
96 30
96 35
96 38
96 48
96 53
96 57
96 60
96 65
96 69
96 72
96 74
96 79
96 85
96 87
96 97
64 54
64 4
64 6
64 7
64 10
64 14
64 15
64 18
64 23
64 42
64 43
64 44
64 49
64 51
64 53
64 57
64 60
64 61
64 62
64 65
64 68
64 73
64 76
64 82
64 89
64 92
64 94
54 1
54 8
54 13
54 14
54 18
54 35
54 39
54 41
54 44
54 49
54 50
54 59
54 63
54 83
54 85
54 86
54 89
54 92
54 93
54 99
1 98
1 8
1 22
1 30
1 35
1 39
1 41
1 48
1 52
1 57
1 59
1 60
1 65
1 66
1 79
1 97
98 56
98 0
98 3
98 4
98 13
98 17
98 24
98 29
98 33
98 35
98 37
98 42
98 59
98 63
98 65
98 71
98 72
98 73
98 74
98 87
56 29
56 9
56 20
56 21
56 28
56 30
56 37
56 49
56 50
56 57
56 63
56 66
56 81
56 88
29 80
29 3
29 17
29 19
29 20
29 25
29 34
29 36
29 42
29 44
29 52
29 53
29 66
29 70
29 75
29 79
29 83
29 92
80 18
80 6
80 11
80 22
80 23
80 34
80 36
80 38
80 40
80 57
80 58
80 59
80 62
80 71
80 72
80 73
80 81
80 88
80 97
18 62
18 4
18 7
18 25
18 28
18 37
18 45
18 61
18 73
18 83
18 85
62 28
62 4
62 17
62 19
62 21
62 25
62 38
62 44
62 47
62 78
62 82
62 83
28 57
28 2
28 4
28 8
28 9
28 10
28 33
28 34
28 35
28 43
28 48
28 76
28 78
28 86
28 89
28 92
28 94
28 99
57 86
57 0
57 7
57 8
57 14
57 15
57 23
57 30
57 36
57 40
57 47
57 53
57 70
57 75
57 78
86 59
86 7
86 23
86 25
86 27
86 32
86 33
86 40
86 45
86 46
86 71
86 93
86 99
59 72
59 4
59 5
59 10
59 11
59 12
59 17
59 20
59 27
59 42
59 58
59 73
59 75
59 83
59 93
59 97
72 46
72 7
72 13
72 20
72 21
72 26
72 43
72 49
72 79
72 94
72 95
72 97
46 20
46 4
46 7
46 11
46 23
46 30
46 31
46 34
46 37
46 47
46 66
46 83
46 87
46 93
20 50
20 0
20 4
20 9
20 23
20 25
20 31
20 34
20 35
20 38
20 41
20 43
20 49
20 51
20 52
20 53
20 65
20 68
20 71
20 74
20 75
20 82
20 87
20 88
20 91
20 97
50 31
50 0
50 2
50 6
50 10
50 21
50 23
50 27
50 33
50 37
50 38
50 39
50 42
50 58
50 61
50 68
50 73
50 82
50 87
50 94
31 87
31 5
31 6
31 7
31 13
31 21
31 22
31 26
31 36
31 37
31 39
31 42
31 52
31 68
31 88
31 97
87 78
87 3
87 7
87 8
87 19
87 26
87 32
87 33
87 35
87 39
87 42
87 43
87 44
87 51
87 75
87 76
87 84
87 88
87 90
87 91
87 94
87 99
78 69
78 4
78 8
78 17
78 19
78 21
78 25
78 39
78 40
78 43
78 47
78 49
78 52
78 68
78 75
78 81
78 83
78 95
69 32
69 4
69 7
69 8
69 9
69 23
69 30
69 36
69 39
69 40
69 47
69 60
69 63
69 65
69 66
69 75
69 76
69 82
69 91
32 49
32 4
32 14
32 30
32 36
32 39
32 40
32 43
32 52
32 53
32 58
32 63
32 70
32 81
32 97
49 94
49 14
49 15
49 26
49 38
49 45
49 65
49 66
49 71
49 73
49 81
49 99
94 2
94 6
94 7
94 10
94 11
94 17
94 25
94 34
94 41
94 45
94 52
94 53
94 61
94 63
94 75
94 90
94 92
94 97
94 99
2 3
2 17
2 23
2 26
2 36
2 51
2 52
3 76
3 0
3 11
3 12
3 21
3 22
3 23
3 30
3 36
3 44
3 52
3 53
3 73
3 82
3 84
3 85
3 88
3 91
3 99
76 48
76 9
76 12
76 13
76 15
76 21
76 25
76 26
76 35
76 40
76 52
76 63
76 66
76 68
76 70
76 75
76 79
76 83
76 84
76 92
76 95
48 38
48 0
48 7
48 14
48 24
48 43
48 58
48 60
48 63
48 85
48 89
38 51
38 5
38 7
38 12
38 13
38 22
38 24
38 34
38 41
38 42
38 43
38 61
38 66
38 71
38 82
51 6
51 8
51 21
51 23
51 24
51 30
51 43
51 61
51 63
51 81
51 90
51 93
51 95
6 89
6 7
6 10
6 11
6 21
6 23
6 33
6 35
6 40
6 41
6 43
6 44
6 53
6 66
6 73
6 83
89 12
89 4
89 5
89 7
89 10
89 21
89 30
89 35
89 43
89 44
89 52
89 61
89 66
89 71
89 74
89 75
89 81
89 93
89 99
12 5
12 0
12 14
12 22
12 23
12 24
12 36
12 61
12 65
12 71
12 75
12 82
12 97
5 14
5 7
5 23
5 26
5 27
5 37
5 47
5 52
5 53
5 68
5 81
5 93
5 95
14 84
14 4
14 17
14 24
14 39
14 40
14 73
14 74
14 88
84 24
84 4
84 17
84 22
84 25
84 30
84 41
84 60
84 61
84 68
84 75
84 83
84 85
84 91
84 95
84 97
24 23
24 4
24 11
24 17
24 26
24 39
24 40
24 41
24 53
24 63
24 65
24 79
24 81
24 88
24 90
24 97
23 85
23 9
23 10
23 33
23 43
23 44
23 52
23 66
23 70
23 73
23 90
23 95
85 93
85 0
85 8
85 15
85 17
85 27
85 33
85 41
85 92
93 17
93 13
93 25
93 42
93 44
93 58
93 73
93 74
93 79
93 83
93 99
17 33
17 0
17 4
17 9
17 21
17 25
17 39
17 41
17 45
17 73
17 75
17 79
17 91
17 92
33 36
33 9
33 15
33 37
33 39
33 40
33 41
33 43
33 47
33 52
33 53
33 65
33 68
33 99
36 53
36 4
36 7
36 15
36 25
36 30
36 37
36 47
36 58
36 61
36 73
36 74
36 75
36 79
36 90
36 97
53 52
53 8
53 10
53 22
53 34
53 37
53 61
53 70
53 73
53 83
53 91
53 95
52 37
52 0
52 7
52 26
52 34
52 35
52 47
52 65
52 73
52 74
52 79
52 90
52 95
52 99
37 60
37 4
37 13
37 15
37 26
37 35
37 43
37 47
37 70
37 92
60 79
60 8
60 27
60 40
60 42
60 61
60 63
60 68
60 73
60 82
60 90
60 95
60 97
79 88
79 4
79 8
79 10
79 11
79 26
79 27
79 35
79 47
79 58
79 61
79 63
79 65
79 81
79 82
79 90
88 10
88 4
88 21
88 34
88 45
88 65
88 66
88 73
88 91
88 97
10 61
10 7
10 13
10 19
10 25
10 42
10 45
10 63
10 71
10 82
10 83
61 66
61 8
61 9
61 11
61 21
61 26
61 39
61 42
61 43
61 47
61 70
61 75
61 82
66 75
66 13
66 25
66 73
66 83
75 58
75 8
75 9
75 25
75 42
75 44
75 95
58 44
58 4
58 8
58 11
58 13
58 15
58 27
58 81
58 83
44 91
44 4
44 15
44 19
44 25
44 30
44 34
44 82
91 92
91 4
91 21
91 40
91 63
91 82
91 83
91 99
92 90
92 4
92 9
92 11
92 13
92 22
92 26
92 47
92 70
92 73
92 95
90 41
90 7
90 13
90 15
90 40
90 42
90 45
90 70
90 83
90 95
41 9
41 7
41 21
41 22
41 39
41 65
41 70
41 95
9 39
9 15
9 26
9 35
9 47
9 68
39 63
39 8
39 13
39 19
39 26
39 27
39 42
39 45
39 68
39 71
39 83
39 95
63 95
63 4
63 8
63 21
63 27
63 47
63 70
63 71
63 74
63 82
63 99
95 30
95 43
95 68
95 71
95 99
30 13
30 4
30 11
30 19
30 21
30 26
30 42
30 45
13 7
13 15
13 34
13 65
13 70
13 81
7 71
7 4
7 11
7 27
7 35
7 42
7 47
7 81
71 4
71 25
71 47
71 83
4 73
4 8
4 15
4 26
4 83
73 74
73 0
73 8
73 11
73 15
73 83
74 27
74 0
74 11
74 25
74 43
74 47
74 99
27 65
27 0
27 45
27 81
27 82
27 97
27 99
65 21
65 11
65 22
65 34
65 43
65 70
65 81
65 83
21 15
21 19
21 34
21 40
21 68
21 83
15 8
15 25
15 26
15 34
15 43
15 45
15 97
8 82
8 45
82 97
82 22
82 40
82 42
82 70
97 99
97 35
97 40
97 43
97 70
97 83
99 26
99 0
99 34
99 45
99 81
26 43
26 25
26 42
26 70
43 42
43 40
43 47
42 22
42 34
42 35
42 40
22 35
22 25
22 47
22 83
35 70
35 40
70 47
70 11
70 19
47 19
47 11
19 25
19 0
25 34
25 0
25 83
34 40
34 83
40 68
40 11
68 11
11 83
11 0
83 0
0 81
81 45