0 50 20 39 8 9 10 29 45 1 67 4 21 87 63 2 32 92 27 76 3 68 85 73 25 26 62 53 33 56 31 5 16 98 51 6 94 89 7 40 17 74 95 23 18 46 61 30 47 99 93 24 91 19 71 44 79 11 97 36 12 66 15 13 70 72 58 78 14 84 28 35 86 48 22 55 37 80 49 42 82 96 43 65 81 34 90 64 38 54 88 75 52 41 57 77 83 59 60 69
0 50
0 20
0 39
0 8
0 9
0 10
0 29
0 45
50 13
50 46
50 83
50 84
50 92
20 96
20 67
20 71
20 31
20 43
20 82
20 51
20 84
20 27
20 28
20 61
20 63
39 34
39 48
39 78
39 70
39 80
39 62
8 3
8 98
8 18
8 46
8 10
8 92
8 61
8 30
8 47
9 1
9 99
9 21
9 93
9 24
9 91
9 29
9 85
9 31
10 19
10 71
10 92
10 44
10 79
29 19
29 64
29 98
29 38
29 54
29 61
29 79
45 11
45 16
45 30
45 44
45 84
45 54
45 58
45 93
45 95
1 67
1 4
1 21
1 87
1 63
67 12
67 16
67 31
67 83
67 74
4 68
4 53
4 33
4 56
4 31
21 11
21 12
21 80
21 35
21 68
21 56
21 61
21 44
87 5
87 28
87 43
87 58
87 63
87 95
63 15
63 23
63 31
63 43
63 52
63 55
63 98
63 81
63 84
2 32
2 92
2 27
2 76
32 14
32 16
32 80
32 97
32 88
32 44
92 17
92 19
92 51
92 69
92 96
27 12
27 15
27 17
27 24
27 36
76 11
76 14
76 15
76 25
76 47
76 51
76 58
76 90
3 68
3 85
3 73
3 25
3 26
3 62
68 19
68 31
68 43
68 47
68 96
68 83
68 69
85 28
85 31
85 51
85 52
85 64
85 70
85 71
73 6
73 23
73 71
25 81
25 34
25 51
25 53
25 58
25 90
25 79
26 72
26 78
62 11
62 52
62 57
62 58
62 71
62 65
53 33
53 54
53 90
53 60
53 95
33 5
33 89
33 82
56 11
56 15
56 19
56 28
56 38
56 58
31 19
31 28
31 75
31 44
31 93
31 49
31 58
31 90
5 16
5 98
5 51
16 37
98 19
98 35
98 54
98 99
51 15
51 47
51 49
51 75
51 77
51 93
6 94
6 89
94 19
94 69
94 90
94 91
89 13
89 17
89 36
89 41
89 54
89 77
7 40
7 17
7 74
7 95
7 23
40 58
40 82
17 80
17 49
17 24
17 42
17 79
74 14
74 37
74 42
74 44
74 46
74 54
95 11
95 22
95 34
95 57
23 65
23 97
23 28
18 14
18 36
46 14
46 19
46 22
46 41
46 42
46 44
46 82
46 88
46 91
61 65
30 72
30 35
30 81
30 88
30 58
47 15
47 37
47 42
47 48
47 79
47 77
99 43
99 49
99 54
99 75
99 80
99 93
93 49
93 81
91 64
91 69
91 97
19 71
19 79
19 49
19 82
71 86
71 90
44 35
44 84
44 57
79 58
79 70
11 97
11 36
11 12
97 22
97 34
97 37
97 66
97 77
36 75
12 66
12 15
66 37
66 49
66 64
66 70
66 75
15 35
15 86
15 48
15 84
15 22
15 55
13 70
13 72
13 58
13 78
70 34
70 88
70 84
70 72
72 34
58 37
58 57
58 81
78 28
78 77
78 88
14 84
14 28
84 52
84 57
84 88
35 37
35 90
48 52
48 81
37 52
37 82
80 42
49 64
42 52
42 57
82 75
82 90
96 34
43 81
65 34
65 38
65 41
81 34
81 75
81 90
64 38
64 54
64 77
54 41
54 77
54 69
52 59
41 57