39 84 3 38 34 43 23 25 57 69 16 70 44 76 19 20 60 63 74 78 33 98 15 52 1 67 13 92 73 8 45 9 62 89 36 77 96 12 65 10 5 86 40 47 93 80 0 87 41 11 37 51 54 14 71 27 22 79 50 49 53 82 59 56 83 30 72 24 28 91 17 31 46 58 18 21 94 75 85 6 97 81 88 95 26 66 61 7 99 90 55 2 32 29 42 48 64 4 35 68
39 84
39 50
39 57
39 60
39 8
39 88
39 55
39 13
39 89
84 96
84 75
84 81
84 16
84 66
84 48
84 21
84 23
3 38
3 67
3 8
3 0
3 81
3 41
3 21
3 1
3 19
3 70
3 34
3 73
3 99
38 28
38 1
38 12
38 33
38 37
38 26
38 78
38 42
38 45
38 53
38 41
38 48
38 27
38 73
34 43
34 85
34 25
34 6
34 57
34 81
34 93
34 94
43 30
43 59
43 52
43 61
43 82
43 54
23 25
23 77
23 28
23 15
23 60
23 64
23 26
23 11
25 80
25 28
25 51
25 78
25 68
25 98
25 57
57 69
57 12
57 93
57 9
57 11
57 63
57 27
57 54
57 62
57 46
57 80
57 83
57 73
69 10
69 1
69 35
69 64
16 70
16 82
16 2
16 54
16 67
16 47
16 87
16 97
16 96
16 37
16 10
16 14
70 55
70 83
70 78
70 72
70 97
70 0
44 76
44 94
44 75
44 52
44 8
44 95
76 71
76 13
76 93
76 2
76 63
76 35
19 20
19 82
19 31
19 59
20 78
20 74
20 65
20 54
20 55
20 26
60 63
60 89
60 27
60 74
60 81
60 45
60 88
60 73
60 67
60 9
60 51
63 50
63 36
63 62
63 55
63 56
63 68
63 81
63 51
74 78
74 96
74 87
74 2
78 12
78 54
78 37
78 22
33 98
33 41
98 96
98 91
98 9
98 15
98 31
15 52
15 65
15 41
15 1
15 13
15 54
52 36
52 72
52 26
52 88
1 67
1 5
1 79
1 37
1 91
1 65
1 17
1 64
1 35
1 41
67 73
67 86
67 95
67 75
67 24
13 92
13 5
13 85
13 87
13 54
13 2
13 61
13 14
92 9
92 50
92 55
92 32
92 93
92 81
92 27
73 14
73 24
73 94
73 96
73 6
73 35
8 45
8 22
8 6
8 56
8 66
8 94
45 71
45 17
45 0
45 21
45 75
9 62
9 72
9 46
9 27
9 97
9 56
62 21
62 36
62 29
62 2
62 32
62 0
62 79
89 12
89 37
89 30
89 0
89 83
36 18
36 41
36 27
77 10
77 71
96 83
96 71
12 40
12 91
12 24
12 47
12 86
12 35
12 82
12 49
65 86
65 82
65 93
65 53
65 7
65 26
10 72
10 55
5 87
5 42
5 72
5 29
5 95
86 95
86 6
86 31
86 83
86 88
86 50
86 79
40 81
40 88
40 87
47 93
47 59
47 37
47 99
93 61
93 91
93 22
93 17
93 94
80 30
0 87
0 11
0 58
87 94
87 14
87 91
87 24
87 81
41 90
41 53
41 51
11 37
11 49
11 82
11 27
11 7
11 79
37 56
37 30
37 61
51 54
51 22
51 97
51 83
54 61
54 49
54 58
54 29
14 95
14 22
14 48
14 30
14 68
71 7
71 42
71 91
27 24
27 6
22 55
22 66
22 29
79 75
79 4
79 90
79 49
50 64
49 53
49 35
53 46
53 66
53 88
53 21
53 58
53 75
82 81
59 94
59 58
56 58
56 26
56 7
56 90
56 21
56 66
83 24
83 46
83 6
83 91
83 31
30 18
30 66
30 55
30 31
72 46
72 88
72 17
72 35
28 31
28 18
91 99
91 55
91 95
17 31
31 48
46 7
46 88
46 6
58 61
58 68
18 21
18 81
18 4
18 95
94 97
94 26
75 4
85 68
6 97
6 32
97 61
97 48
81 88
81 61
81 90
88 66
88 26
95 55
26 48
66 32
66 7
55 35
32 64
42 48
64 68