0 6 5 9 2 14 17 11 10 15 23 20 26 25 37 31 34 32 33 42 40 47 41 54 56 50 59 53 60 62 63 68 69 71 76 79 72 74 89 86 87 84 85 98 97 94 99 1 12 21 52 67 90 13 36 45 75 83 3 7 88 82 80 4 8 30 66 78 16 43 81 28 38 49 70 18 22 24 48 61 96 55 19 39 73 91 44 57 65 93 29 27 35 77 95 46 92 64 51 58
0 6
0 5
0 9
0 2
0 14
0 17
0 11
0 10
0 15
0 23
0 20
0 26
0 25
0 37
0 31
0 34
0 32
0 33
0 42
0 40
0 47
0 41
0 54
0 56
0 50
0 59
0 53
0 60
0 62
0 63
0 68
0 69
0 71
0 76
0 79
0 72
0 74
0 89
0 86
0 87
0 84
0 85
0 98
0 97
0 94
0 99
6 2
6 4
6 17
6 28
6 38
6 49
6 54
6 67
6 70
6 97
5 1
5 3
5 16
5 23
5 31
5 36
5 45
5 43
5 59
5 54
5 66
5 69
5 78
5 83
5 81
5 98
9 1
9 2
9 3
9 40
9 43
9 54
9 55
9 62
9 61
9 72
9 82
9 98
2 13
2 10
2 23
2 21
2 36
2 37
2 45
2 69
2 72
2 75
2 83
2 98
14 10
14 11
14 12
14 13
14 15
14 16
14 17
14 19
14 33
14 45
14 59
14 61
14 69
14 71
14 82
14 93
17 10
17 12
17 16
17 18
17 19
17 25
17 20
17 29
17 45
17 40
17 67
17 78
17 96
17 90
17 98
17 95
11 10
11 12
11 13
11 15
11 16
11 18
11 19
11 39
11 32
11 42
11 50
11 67
11 70
11 73
11 86
11 91
10 4
10 12
10 15
10 16
10 61
10 87
10 89
10 86
10 97
15 3
15 12
15 13
15 18
15 19
15 39
15 31
15 57
15 62
15 66
15 97
23 21
23 22
23 27
23 37
23 42
23 40
23 69
23 92
23 98
20 13
20 22
20 24
20 27
20 33
20 43
20 48
20 45
20 61
20 95
26 24
26 25
26 29
26 37
26 36
26 31
26 43
26 57
26 65
26 70
26 85
25 12
25 24
25 27
25 28
25 29
25 51
25 63
25 61
25 68
25 72
25 81
25 89
25 87
37 30
37 31
37 33
37 34
37 35
37 36
37 54
37 64
37 85
31 1
31 4
31 13
31 30
31 32
31 33
31 34
31 36
31 47
31 40
31 55
31 70
31 85
31 98
34 3
34 19
34 28
34 30
34 32
34 33
34 36
34 38
34 39
34 66
34 69
32 30
32 33
32 35
32 36
32 38
32 59
32 52
32 66
32 69
32 76
32 83
32 82
32 95
32 90
32 94
33 30
33 36
33 38
33 39
33 65
33 61
33 69
33 72
33 79
33 88
33 87
33 83
33 86
33 85
42 21
42 28
42 43
42 45
42 48
42 58
42 83
42 97
42 93
40 43
40 47
40 59
40 60
40 67
40 64
40 61
40 74
40 72
40 85
40 96
47 7
47 22
47 27
47 30
47 41
47 44
47 46
47 59
47 64
47 66
47 74
47 81
47 94
47 91
41 19
41 35
41 43
41 45
41 46
41 69
41 89
41 85
41 91
54 4
54 12
54 13
54 22
54 24
54 49
54 50
54 51
54 52
54 53
54 55
54 56
54 57
54 58
54 59
54 63
54 69
54 71
54 70
54 84
54 81
54 92
56 7
56 24
56 50
56 52
56 53
56 57
56 64
56 61
56 70
56 78
56 93
50 29
50 36
50 38
50 52
50 55
50 58
50 59
50 63
50 61
50 68
50 69
50 82
50 85
59 16
59 35
59 51
59 53
59 55
59 57
59 86
59 85
59 99
53 19
53 22
53 28
53 46
53 52
53 55
53 69
53 83
53 88
53 94
60 1
60 3
60 12
60 22
60 38
60 62
60 63
60 68
60 77
60 73
60 74
60 85
60 92
62 1
62 13
62 55
62 58
62 64
62 65
62 68
62 69
62 75
62 88
62 86
62 96
62 99
62 97
63 16
63 48
63 55
63 65
63 68
63 86
68 4
68 21
68 39
68 45
68 58
68 61
68 72
68 79
68 80
68 85
68 93
68 98
69 4
69 8
69 12
69 18
69 19
69 22
69 27
69 29
69 38
69 43
69 45
69 51
69 57
69 61
69 65
69 66
69 79
69 72
69 78
69 87
69 89
69 83
69 84
69 85
69 93
69 91
69 90
69 95
71 8
71 35
71 45
71 73
71 75
71 76
71 78
71 79
71 84
71 85
71 93
71 95
76 58
76 61
76 66
76 70
76 72
76 73
76 74
76 75
76 78
76 79
76 81
76 98
79 12
79 24
79 27
79 39
79 44
79 70
79 72
79 73
79 74
79 75
79 85
79 95
72 22
72 38
72 45
72 46
72 64
72 66
72 70
72 73
72 74
72 75
72 80
72 81
74 3
74 16
74 18
74 29
74 39
74 44
74 70
74 73
74 75
74 77
74 78
74 84
74 88
74 85
74 96
89 7
89 29
89 61
89 70
89 84
89 85
89 87
86 13
86 51
86 81
86 84
86 87
86 95
87 21
87 61
87 66
87 67
87 81
87 83
87 84
87 85
87 88
87 91
87 92
87 98
84 7
84 45
84 61
84 65
84 77
84 80
84 88
85 1
85 3
85 4
85 7
85 12
85 13
85 19
85 22
85 27
85 28
85 30
85 36
85 44
85 49
85 57
85 58
85 64
85 66
85 77
85 81
85 83
85 88
85 94
85 92
85 90
85 91
98 7
98 38
98 55
98 65
98 91
98 94
98 95
98 97
98 99
97 22
97 48
97 51
97 55
97 82
97 90
97 91
97 95
97 96
97 99
94 21
94 24
94 35
94 39
94 49
94 66
94 88
94 91
94 92
94 93
94 96
99 28
99 46
99 49
99 90
99 91
99 92
99 93
99 95
1 12
1 21
1 52
1 67
1 90
12 3
12 13
12 18
12 19
12 39
12 44
12 43
12 52
12 67
12 70
12 80
12 90
12 91
21 8
21 22
21 28
21 88
21 93
52 4
52 35
52 51
52 57
52 80
67 3
67 22
67 24
67 36
67 44
67 48
67 55
67 64
67 66
67 77
90 3
90 38
90 57
90 73
90 93
90 96
13 16
13 18
13 19
13 57
13 65
13 78
36 35
36 38
36 43
36 64
36 61
36 95
45 44
45 48
45 49
45 66
45 88
45 83
75 51
75 70
75 77
75 78
75 92
83 18
83 48
83 64
83 80
83 91
83 96
3 7
3 88
3 82
3 80
7 4
7 18
7 22
7 24
7 49
7 48
7 61
88 16
88 30
88 66
88 80
88 81
82 30
82 35
82 49
82 77
82 80
80 22
80 43
80 65
4 8
4 30
4 66
4 78
8 28
8 78
8 96
30 35
30 38
30 51
30 65
30 93
66 16
66 18
66 19
66 46
66 61
66 77
78 38
78 58
78 73
78 77
78 91
16 18
16 19
16 29
16 27
16 35
16 77
43 46
43 48
43 58
81 28
81 57
81 92
28 27
28 35
28 57
28 65
38 29
38 39
49 44
49 46
49 58
49 61
49 77
70 35
70 55
70 77
18 19
18 44
18 46
22 19
22 24
22 27
22 29
22 39
24 64
48 35
48 55
48 64
61 27
61 51
61 57
61 93
61 95
96 29
96 65
96 91
96 92
96 93
55 35
55 51
55 57
55 58
55 77
55 95
39 44
73 29
73 57
73 65
73 77
73 95
91 92
91 93
91 95
44 46
44 51
57 51
57 58
65 27
65 35
65 93
93 29
93 77
93 92
93 95
27 58
77 46
95 92
92 64