0 1 2 3 4 5 6 7 8 9 10 11 12 13 14 15 16 17 18 19 20 21 22 23 24 25 26 27 28 29 30 31 32 33 34 35 36 37 38 39 40 41 42 43 44 45 46 47 48 49 50 51 52 53 54 55 56 57 58 59 60 61 62 63 64 65 66 67 68 69 70 71 72 73 74 75 76 77 78 79 80 81 82 83 84 85 86 87 88 89 90 91 92 93 94 95 96 97 98
0 89
1 7
2 74
3 50
3 88
4 40
5 84
6 29
7 47
7 35
8 62
8 10
8 38
8 17
9 84
9 47
10 36
11 82
12 72
13 54
13 52
13 43
14 77
15 46
15 81
15 70
15 44
16 46
17 90
18 49
18 70
18 60
18 37
19 61
19 51
20 70
20 74
21 22
21 26
22 30
22 82
22 34
23 59
23 70
23 78
23 28
24 42
25 83
25 47
27 41
29 56
30 35
31 36
32 54
33 66
36 51
38 98
39 98
40 76
41 91
41 45
42 47
43 69
47 80
47 78
47 50
48 49
48 58
50 65
50 56
50 76
53 87
55 84
57 82
59 63
59 86
62 87
62 97
63 79
63 73
63 85
64 96
66 85
66 67
68 91
68 80
69 96
71 84
71 72
73 77
75 78
79 87
79 94
82 95
83 89
85 93
92 95
96 98