0 15 20 25 26 27 1 4 28 29 30 2 24 31 32 33 3 22 10 34 35 36 37 38 39 5 12 18 40 41 42 6 7 43 44 45 14 19 46 47 48 8 23 49 50 51 9 52 53 54 55 56 57 11 58 59 60 61 62 63 13 16 64 65 66 67 68 69 21 70 71 72 73 74 75 17 76 77 78 79 80 81 82 83 84 85 86 87 88 89 90 91 92 93 94 95 96 97 98 99
0 15
0 20
0 25
0 26
0 27
15 21
15 18
15 70
15 71
15 72
20 16
20 85
20 86
20 87
25 78
25 42
25 97
25 90
26 72
26 61
27 91
1 4
1 28
1 29
1 30
4 3
4 37
4 38
4 39
28 76
29 57
29 71
29 43
29 62
30 68
2 24
2 31
2 32
2 33
24 6
24 10
24 16
24 97
24 98
24 99
31 44
32 76
33 79
3 22
3 10
3 34
3 35
3 36
22 11
22 91
22 92
22 93
10 55
10 56
10 57
34 36
35 85
35 43
36 84
36 60
37 61
38 50
39 41
5 12
5 18
5 40
5 41
5 42
12 9
12 61
12 62
12 63
18 23
18 79
18 80
18 81
40 46
41 66
42 60
6 7
6 43
6 44
6 45
7 14
7 19
7 46
7 47
7 48
43 46
43 77
43 86
44 86
45 97
14 67
14 68
14 69
19 82
19 83
19 84
46 75
47 73
47 81
48 64
48 62
48 91
8 23
8 49
8 50
8 51
23 94
23 95
23 96
49 74
50 53
51 74
9 52
9 53
9 54
52 58
52 63
53 82
53 80
54 77
55 70
56 93
56 81
11 58
11 59
11 60
59 66
59 64
61 83
63 94
13 16
13 64
13 65
13 66
16 73
16 74
16 75
64 88
65 75
67 86
68 94
69 76
69 93
21 17
21 88
21 89
21 90
70 92
73 96
74 80
74 84
17 76
17 77
17 78
76 95
79 80
80 89
81 91
81 98
81 99
83 86
86 87
86 92
90 93
94 97