22 72 43 28 52 2 38 26 41 96 65 25 36 87 44 1 59 79 55 29 80 95 17 33 12 15 93 39 83 71 97 34 70 37 62 82 5 40 60 27 69 18 85 7 32 54 24 66 73 48 50 3 78 68 42 16 11 21 90 8 63 4 98 20 45 89 46 51 84 30 35 10 57 6 49 9 58 88 81 64 76 75 47 86 56 94 74 14 67 13 61 31 91 77 53 92 0 99 19 23
22 72
22 46
22 55
22 20
22 18
22 97
22 26
22 76
22 39
22 13
22 57
22 61
22 49
22 12
22 82
22 36
22 74
22 37
22 98
22 52
22 15
22 51
22 86
22 99
22 16
22 91
22 80
22 2
22 83
22 71
22 58
72 1
72 78
72 85
72 93
72 16
72 69
72 86
72 39
72 57
72 70
72 25
72 48
72 49
72 17
72 51
72 13
72 52
72 63
72 55
72 62
72 82
72 28
72 43
72 65
72 81
72 4
72 56
72 61
72 8
72 77
72 88
43 28
43 36
43 83
43 38
43 89
43 8
43 88
43 2
43 92
43 26
43 45
43 93
43 70
43 11
43 94
43 3
43 17
43 85
43 44
43 96
43 24
43 80
43 84
43 18
43 27
43 51
43 90
43 78
43 54
43 75
43 59
43 19
28 18
28 48
28 30
28 14
28 90
28 74
28 35
28 99
28 34
28 67
28 91
28 47
28 40
28 68
28 7
28 53
28 37
28 33
28 83
28 24
28 88
28 89
28 70
28 29
28 80
28 15
28 31
28 77
28 55
28 96
28 1
28 32
28 62
28 95
52 2
52 4
52 45
52 85
52 60
52 59
52 88
52 77
52 74
52 35
52 21
52 36
52 71
52 3
52 14
52 93
52 6
52 66
52 49
52 51
52 86
52 80
52 18
52 76
52 82
52 94
52 37
52 10
2 41
2 95
2 62
2 20
2 76
2 51
2 32
2 58
2 21
2 29
2 48
2 73
2 81
2 27
2 96
2 63
2 35
2 83
2 10
2 47
2 30
2 65
2 19
2 99
2 25
2 60
2 24
2 59
2 87
2 61
2 64
2 45
2 3
2 31
2 40
2 36
2 98
2 75
2 56
2 18
2 4
38 26
38 20
38 58
38 82
38 89
38 6
38 13
38 63
38 93
38 88
38 86
38 70
38 57
38 5
38 64
38 42
38 59
38 97
38 77
38 44
38 34
38 24
38 56
38 69
38 18
38 46
26 82
26 1
26 17
26 65
26 98
26 11
26 10
26 85
26 80
26 62
26 15
26 27
26 33
26 14
26 60
26 76
26 29
26 39
26 9
26 88
26 87
26 67
26 13
26 63
26 5
26 6
26 53
26 3
41 12
41 42
41 3
41 54
41 21
41 13
41 50
41 68
41 65
41 40
41 53
41 80
41 84
41 83
41 63
41 69
41 9
41 86
41 18
41 33
41 15
41 88
41 51
41 6
41 66
41 91
41 71
41 8
41 49
96 65
96 73
96 82
96 98
96 24
96 60
96 70
96 36
96 55
96 5
96 91
96 19
96 33
96 83
96 99
96 87
96 23
96 37
96 31
96 69
96 51
96 50
96 80
96 3
65 37
65 53
65 55
65 94
65 49
65 92
65 62
65 73
65 11
65 48
65 16
65 17
65 99
65 29
65 89
65 63
65 10
65 50
65 19
65 27
65 51
65 88
65 36
65 20
65 8
25 36
25 88
25 61
25 69
25 16
25 27
25 5
25 33
25 47
25 14
25 30
25 63
25 93
25 56
25 40
25 71
25 70
25 86
25 10
25 82
25 6
25 42
36 15
36 21
36 56
36 88
36 90
36 91
36 77
36 87
36 53
36 20
36 63
36 81
36 24
36 9
36 58
36 19
36 42
36 8
36 60
36 7
36 45
36 85
36 69
36 74
36 54
36 75
36 66
36 95
36 23
87 44
87 32
87 58
87 82
87 10
87 19
87 98
87 90
87 34
87 89
87 67
87 94
87 17
87 91
87 35
87 12
87 80
87 46
44 16
44 69
44 12
44 35
44 86
44 9
44 45
44 34
44 33
44 70
44 71
44 61
44 68
44 51
44 78
44 74
44 21
44 82
44 58
44 59
1 59
1 16
1 77
1 46
1 6
1 24
1 32
1 40
1 8
1 68
1 92
1 13
1 35
1 60
1 58
1 85
1 99
1 7
1 3
1 67
1 83
1 4
1 61
1 49
1 94
59 93
59 30
59 83
59 53
59 75
59 82
59 61
59 6
59 35
59 62
59 3
59 24
59 66
59 46
59 19
59 69
59 0
59 8
59 90
59 97
59 5
59 88
59 42
59 56
59 95
59 31
59 77
59 78
59 33
79 55
79 67
79 49
79 62
79 83
79 12
79 84
79 7
79 61
79 27
79 88
79 34
79 35
79 80
79 18
79 98
79 51
79 40
79 94
79 15
79 8
79 11
79 24
79 4
79 66
79 3
55 27
55 40
55 15
55 7
55 19
55 49
55 60
55 35
55 90
55 11
55 64
55 32
55 86
55 88
55 50
55 94
55 4
55 46
55 6
55 77
55 14
55 33
55 54
55 51
55 98
55 85
55 39
55 67
55 68
29 80
29 97
29 24
29 23
29 68
29 91
29 62
29 99
29 92
29 76
29 73
29 21
29 74
29 37
29 32
29 51
29 61
29 11
29 98
29 15
29 8
29 95
29 60
29 57
29 6
80 27
80 63
80 84
80 3
80 17
80 20
80 11
80 98
80 56
80 86
80 8
80 40
80 68
80 95
80 71
80 76
95 97
95 21
95 46
95 3
95 93
95 15
95 34
95 75
95 51
95 64
95 56
95 70
95 23
95 67
95 58
95 16
95 17
95 82
95 10
17 33
17 81
17 83
17 66
17 27
17 53
17 82
17 15
17 7
17 73
17 91
17 10
17 18
17 46
17 63
17 35
17 67
17 6
17 84
17 85
17 58
17 48
17 88
33 71
33 85
33 68
33 23
33 98
33 60
33 6
33 92
33 64
33 99
33 21
33 45
33 40
33 11
12 58
12 93
12 88
12 31
12 60
12 63
12 9
12 18
12 67
12 84
12 71
12 3
12 45
12 69
12 85
12 68
12 20
12 10
12 53
12 62
15 63
15 6
15 89
15 97
15 32
15 70
15 34
15 51
15 83
15 20
15 16
15 92
15 14
15 27
15 68
15 86
15 4
15 93
15 62
15 13
93 39
93 9
93 19
93 68
93 60
93 16
93 98
93 75
93 14
93 73
93 74
93 4
93 70
93 61
93 89
93 45
93 81
93 78
39 81
39 54
39 77
39 35
39 84
39 56
39 13
39 94
39 99
39 75
39 76
39 19
39 85
39 9
39 57
39 23
39 48
83 73
83 89
83 27
83 47
83 8
83 46
83 77
83 21
83 81
83 20
83 76
83 53
83 98
83 35
83 5
83 18
83 49
71 97
71 21
71 32
71 77
71 24
71 5
71 14
71 48
71 30
71 35
71 98
71 94
71 53
71 13
71 4
71 68
71 16
71 89
71 6
71 7
71 81
97 74
97 92
97 66
97 7
97 98
97 0
97 67
97 85
97 47
97 73
97 60
97 19
97 34
97 61
97 6
97 53
34 70
34 37
34 31
34 77
34 42
34 13
34 53
34 19
34 8
34 94
34 98
34 50
34 32
34 49
34 74
34 91
34 90
34 9
34 92
34 67
34 21
34 88
34 68
34 24
34 56
34 6
34 54
70 98
70 99
70 5
70 21
70 46
70 85
70 91
70 31
70 23
70 48
70 20
70 89
70 61
70 94
70 6
70 13
70 8
70 75
70 42
70 82
37 76
37 62
37 54
37 3
37 63
37 24
37 84
37 68
37 19
37 56
37 8
37 58
37 98
37 16
37 73
62 6
62 73
62 13
62 75
62 82
62 90
62 69
62 50
62 88
62 63
62 45
62 47
62 57
62 20
62 53
62 51
62 27
62 92
62 19
62 4
82 5
82 66
82 23
82 60
82 32
82 94
82 84
82 6
82 63
82 40
82 68
82 73
82 98
82 0
5 18
5 27
5 68
5 67
5 77
5 60
5 3
5 69
5 16
5 21
5 61
5 10
5 76
5 74
5 11
40 60
40 67
40 84
40 89
40 27
40 20
40 8
40 77
40 53
40 18
40 48
40 51
40 32
40 68
40 69
40 85
40 4
40 7
40 90
40 75
60 81
60 56
60 78
60 84
60 49
60 75
60 46
60 88
60 24
60 51
60 13
60 10
60 53
60 94
60 77
60 99
60 57
60 11
60 3
60 32
27 69
27 11
27 24
27 92
27 50
27 3
27 89
27 42
27 49
27 6
27 45
27 63
27 84
27 94
27 13
27 76
27 68
27 77
69 75
69 94
69 13
69 98
69 86
69 10
69 53
69 35
69 45
69 74
69 63
69 42
69 77
18 54
18 91
18 50
18 90
18 78
18 61
18 46
18 99
18 75
18 86
18 32
18 89
18 48
18 11
18 63
18 56
18 31
18 9
18 85
18 0
85 7
85 3
85 68
85 47
85 73
85 21
85 32
85 35
85 61
85 53
85 31
85 48
85 81
85 10
85 51
7 58
7 90
7 94
7 61
7 78
7 0
7 76
7 31
7 77
7 9
7 11
7 63
7 35
7 6
7 48
7 73
7 16
7 75
7 57
7 20
7 64
32 54
32 30
32 81
32 75
32 51
32 35
32 3
32 0
32 64
32 19
32 53
32 73
32 4
32 20
32 48
32 90
54 61
54 58
54 21
54 13
54 81
54 53
54 31
54 63
54 24
54 49
54 94
54 51
54 67
54 42
24 66
24 50
24 8
24 61
24 84
24 21
24 45
24 98
24 16
24 49
24 4
24 63
24 47
24 94
24 6
66 42
66 91
66 89
66 56
66 8
66 46
66 10
66 51
66 48
66 13
66 35
66 45
66 23
66 81
66 21
66 6
66 99
66 75
66 94
66 68
73 64
73 46
73 81
73 53
73 58
73 61
73 77
73 21
73 86
73 63
73 47
73 68
73 19
73 90
73 20
73 50
73 75
73 67
73 45
48 35
48 57
48 58
48 46
48 49
48 98
48 88
48 4
50 3
50 76
50 90
50 94
50 99
50 30
50 8
50 57
50 9
50 23
50 92
50 58
50 56
50 89
50 78
50 98
50 64
3 0
3 42
3 6
3 67
3 94
3 78
3 86
3 92
3 30
3 56
78 68
78 91
78 11
78 46
78 90
78 42
78 58
78 6
78 16
78 67
78 51
78 9
78 30
78 10
78 74
78 21
68 10
68 86
68 53
68 13
68 51
68 30
68 0
68 42
42 63
42 9
42 88
42 64
42 76
42 30
42 19
42 46
42 31
42 99
42 67
42 0
42 84
42 91
16 58
16 35
16 88
16 21
16 76
16 47
16 67
16 23
16 49
16 20
16 89
16 75
16 45
16 81
11 21
11 47
11 90
11 63
11 74
11 88
11 14
11 45
11 94
11 9
11 91
21 89
21 74
21 91
21 19
21 10
21 58
21 90
21 76
21 49
21 8
21 45
21 47
21 81
21 75
21 88
21 31
21 67
90 8
90 91
90 14
90 67
90 46
90 58
90 56
90 6
90 45
90 77
90 47
90 23
90 81
90 49
90 31
8 4
8 53
8 98
8 49
8 51
8 14
8 35
8 94
8 77
8 19
63 81
63 14
63 77
63 30
63 67
63 31
63 47
63 56
63 35
63 98
63 46
63 19
63 64
63 75
4 98
4 75
4 9
4 13
4 53
4 20
4 89
4 31
4 99
4 30
98 20
98 23
98 61
98 45
98 58
98 67
98 13
98 46
98 77
20 89
20 47
20 88
20 92
20 0
20 10
45 92
45 0
45 30
45 89
45 53
45 9
45 19
45 74
45 35
45 75
89 76
89 81
89 30
89 49
89 9
89 86
89 0
89 64
46 57
46 47
46 92
46 74
46 77
46 99
46 91
46 61
46 51
46 13
46 94
51 84
51 10
51 61
51 74
51 86
51 47
51 92
51 64
51 56
51 58
51 77
51 14
51 19
84 57
84 0
84 77
84 67
84 94
84 81
30 10
30 53
30 9
30 92
30 0
30 6
30 19
35 13
35 74
35 9
35 53
35 31
35 94
35 88
10 58
10 94
10 14
10 77
10 53
10 0
10 23
57 6
57 75
57 31
57 94
57 77
57 47
57 13
57 23
57 53
57 76
6 92
6 88
6 56
6 91
6 14
6 75
6 58
6 31
6 86
49 9
49 86
49 99
49 14
49 92
49 56
49 53
9 64
9 14
9 86
9 74
9 53
9 58
9 19
9 92
9 56
9 23
9 75
58 86
58 81
58 76
58 0
88 94
88 67
88 74
88 53
88 14
88 77
88 86
81 94
81 74
81 31
81 0
81 19
81 67
81 75
81 53
81 61
64 31
64 23
64 47
64 61
64 99
64 76
64 56
76 53
76 94
76 13
76 23
76 74
75 77
75 91
75 14
75 19
47 91
86 77
86 99
86 94
94 14
94 99
74 14
74 67
74 0
74 91
14 0
14 23
14 99
14 77
67 92
67 77
67 19
67 13
13 99
13 61
61 99
61 19
61 77
61 53
31 19
31 0
31 77
91 53
91 19
91 77
77 92
77 99
77 53
53 92
92 0
92 23
0 19