0 8 17 24 30 78 86 91 1 13 16 29 33 50 57 75 83 85 96 2 41 49 94 3 18 34 73 4 46 76 5 98 6 69 72 77 82 7 22 42 19 23 9 60 10 12 25 38 40 58 59 74 80 11 27 36 53 89 95 14 55 87 15 90 39 92 61 20 28 88 21 65 54 79 32 48 37 44 62 93 31 26 63 56 66 99 68 67 35 45 64 43 47 51 81 97 70 52 71 84
0 8
0 17
0 24
0 30
0 78
0 86
0 91
8 19
8 23
8 73
8 94
8 96
17 23
17 55
17 57
24 36
24 37
24 44
24 57
24 62
24 93
30 16
30 63
30 94
78 7
78 21
78 22
78 52
78 64
78 80
91 19
91 22
91 34
91 55
91 62
91 75
91 92
1 13
1 16
1 29
1 33
1 50
1 57
1 75
1 83
1 85
1 96
13 18
13 25
13 38
13 95
16 2
16 39
16 49
16 75
29 6
29 10
29 27
29 66
29 69
29 74
29 85
29 99
33 23
33 68
33 82
33 87
50 38
50 69
50 70
50 81
57 4
57 35
57 56
57 61
57 90
57 96
75 65
75 95
83 2
83 53
83 54
83 59
83 84
85 28
85 56
85 87
85 90
85 98
96 15
96 41
96 42
96 49
96 79
96 88
2 41
2 49
2 94
41 14
41 34
41 56
41 77
41 79
49 5
49 9
49 23
49 37
49 40
49 45
49 88
49 97
94 10
94 43
94 84
94 89
3 18
3 34
3 73
18 22
18 72
18 92
34 12
34 27
34 31
34 67
34 87
34 88
34 92
73 40
73 70
73 84
4 46
4 76
46 48
76 26
76 84
76 90
5 98
98 31
98 55
98 69
98 71
98 84
98 90
98 99
6 69
6 72
6 77
6 82
69 20
69 71
72 32
72 51
72 82
72 93
77 55
82 55
82 63
7 22
7 42
22 39
22 54
22 74
22 79
42 14
42 15
42 19
42 23
42 54
42 87
19 53
19 61
19 80
23 32
23 48
23 60
9 60
60 10
60 59
60 95
10 12
10 25
10 38
10 40
10 58
10 59
10 74
10 80
12 36
12 53
12 89
25 31
25 40
25 95
38 43
38 53
40 20
40 81
58 80
58 87
59 37
74 31
74 45
74 55
80 39
11 27
27 55
27 65
36 15
36 21
36 45
36 54
36 89
53 88
53 89
89 14
89 84
89 97
95 21
95 28
95 65
95 97
14 55
14 87
55 47
15 90
90 67
39 26
39 45
39 47
39 51
92 20
92 31
92 54
92 70
61 28
61 43
61 47
20 28
20 88
28 56
28 63
88 48
88 68
21 65
65 37
79 68
79 99
32 37
37 64
44 97
44 99
26 63
63 70
99 51
67 35
67 70
64 51
43 47
97 52