25 26 37 36 35 38 27 41 42 43 34 28 29 33 46 30 32 31 48 49 47 39 40 44 45 0 1 2 3 4 5 8 9 6 7 19 10 11 12 13 14 15 16 17 18 20 23 24 21 22 53 80 87 88 96 57 65 82 91 98 52 99 54 66 69 71 94 67 68 85 92 56 61 64 90 97 55 70 73 78 60 86 58 59 81 74 75 77 51 50 76 79 89 83 84 62 95 72 93 63
25 26
25 37
25 36
25 35
25 38
25 39
25 52
25 61
25 66
25 86
25 90
25 95
25 99
26 27
26 38
26 35
26 75
26 77
26 83
37 38
37 20
37 52
37 59
37 68
37 73
37 74
37 79
37 85
37 86
37 93
37 98
36 38
36 65
36 68
36 76
36 96
35 27
35 42
35 41
35 38
35 51
35 89
35 98
38 39
38 40
38 41
38 62
38 64
38 67
38 68
38 73
38 84
38 92
27 41
27 42
27 43
27 34
27 28
27 50
27 52
27 78
27 80
27 87
41 39
41 40
41 42
41 44
41 53
41 56
41 73
41 75
41 77
41 81
41 84
41 86
41 90
41 97
42 43
42 7
42 58
42 84
42 89
43 33
43 34
43 44
43 49
43 45
43 46
43 77
43 80
43 82
43 89
43 93
43 94
43 96
34 28
34 53
34 88
28 29
28 33
28 14
28 66
28 75
28 89
28 92
29 46
29 15
29 52
29 68
29 71
29 72
29 83
29 99
33 32
33 47
33 49
33 56
33 57
33 58
33 67
33 71
33 86
33 89
46 49
46 55
46 63
46 73
46 81
46 90
46 92
46 94
30 32
30 31
30 62
30 64
30 72
30 76
30 77
30 88
32 31
32 49
32 12
32 67
32 74
32 75
32 83
32 88
32 97
31 48
31 54
48 47
48 49
48 50
48 52
48 64
48 75
48 77
49 44
49 45
49 47
49 80
47 53
47 59
47 69
39 40
39 11
39 51
39 93
40 52
40 82
40 90
44 78
44 89
44 91
44 95
45 71
0 1
0 2
0 53
0 80
1 3
1 4
1 16
1 87
1 88
1 96
2 3
2 57
2 65
2 82
2 91
2 98
3 52
3 99
4 5
4 8
4 9
4 54
4 66
4 69
4 71
4 82
4 94
4 96
4 98
5 6
5 52
5 67
5 68
5 80
5 82
5 85
5 92
8 7
8 9
8 19
8 55
8 70
8 85
9 10
9 11
9 19
9 73
9 78
9 87
6 7
6 56
6 99
7 61
7 64
7 67
7 68
7 90
7 97
19 20
19 23
19 24
19 53
19 62
19 86
10 12
10 13
10 16
10 60
10 73
10 86
11 12
11 56
11 58
11 59
11 67
11 71
11 81
11 82
11 87
11 94
11 99
12 56
12 61
12 74
12 75
12 77
12 85
13 14
13 15
13 51
13 52
13 68
13 81
13 86
14 15
14 50
14 56
14 71
14 92
14 98
15 16
15 58
15 76
15 77
15 79
15 88
15 89
15 98
16 17
16 54
16 66
16 82
16 83
16 86
16 96
17 18
17 50
17 80
17 84
17 88
18 58
18 62
18 84
18 91
18 92
18 97
20 21
20 22
20 23
20 24
20 59
20 66
20 70
20 85
20 87
23 21
23 22
23 24
23 54
23 57
23 70
23 73
23 81
23 84
24 52
24 74
24 81
24 86
24 88
24 96
24 98
21 22
21 54
21 56
21 57
21 74
21 75
21 82
22 52
22 57
22 60
22 84
22 87
22 91
53 54
53 55
53 62
53 64
53 66
53 74
53 77
53 80
53 81
53 94
53 98
53 99
80 58
80 61
80 64
80 73
80 76
80 78
80 79
80 81
80 87
80 92
80 96
87 52
87 56
87 57
87 60
87 70
87 73
87 97
87 99
88 50
88 82
88 84
88 91
88 93
96 51
96 59
96 66
96 84
96 90
57 58
57 62
57 63
57 73
65 50
65 51
65 56
65 66
65 67
65 70
65 77
65 86
65 93
82 50
82 51
82 55
82 58
82 62
82 63
82 64
82 67
82 75
82 76
82 78
82 98
82 99
91 59
91 64
91 72
91 77
91 90
91 92
91 93
91 99
98 55
98 58
98 59
98 62
98 64
98 66
98 68
98 72
98 73
98 74
98 85
98 89
52 81
52 83
52 97
52 99
99 50
99 51
99 56
99 58
99 63
99 67
99 70
99 75
99 77
99 78
99 81
99 84
99 86
99 90
99 92
99 94
54 55
54 56
54 58
54 69
54 78
54 83
54 92
54 93
66 50
66 64
66 69
66 72
66 75
66 94
69 50
69 63
69 73
69 74
69 75
69 83
69 92
71 55
71 60
71 64
71 72
71 73
71 75
71 83
71 94
94 58
94 60
94 67
94 83
94 95
67 50
67 55
67 56
67 72
67 83
68 60
68 64
68 95
68 97
85 58
85 60
85 63
85 72
85 78
85 79
85 83
85 89
85 97
92 55
92 63
92 75
92 89
92 93
56 62
56 77
61 51
61 63
61 70
61 74
61 76
61 81
61 95
64 79
64 89
64 90
64 95
64 97
90 60
90 63
90 70
90 77
90 84
97 60
97 63
97 73
97 79
97 89
97 93
97 95
55 50
55 58
55 60
55 70
55 81
55 95
70 50
70 58
70 59
70 77
70 78
70 86
73 50
73 74
78 72
78 77
78 83
78 89
60 77
86 51
86 62
86 81
86 84
58 62
58 77
58 93
59 51
59 84
81 50
81 51
74 72
74 76
74 77
75 63
75 72
77 95
51 50
51 93
50 62
50 84
50 95
76 62
76 84
76 93
79 83
79 95
95 63