48 55 36 75 35 88 15 20 87 52 4 28 56 30 64 31 97 22 16 62 63 61 24 44 96 33 2 50 98 38 7 89 74 13 18 43 1 82 6 79 77 49 51 65 19 69 29 76 45 70 72 5 41 23 10 95 42 78 86 46 83 14 92 32 94 26 9 3 21 59 39 17 99 90 81 68 25 84 47 11 91 66 40 60 93 54 34 57 85 27 80 67 0 37 12 53 8 73 71 58
48 55
48 94
48 45
48 98
48 41
48 75
48 15
48 35
48 6
48 30
48 20
48 89
48 17
55 10
55 39
55 59
55 63
55 9
55 32
55 46
55 79
55 68
55 16
55 45
55 19
55 57
36 75
36 35
36 5
36 19
36 82
36 77
36 38
36 68
36 40
36 15
36 65
36 41
36 6
36 73
75 31
75 50
75 2
75 94
75 90
75 70
75 29
35 97
35 51
35 95
35 72
35 10
35 62
35 70
35 5
88 15
88 76
88 52
88 0
88 92
88 32
88 41
88 78
88 4
15 59
15 29
15 10
15 99
15 47
15 5
15 30
15 64
15 83
15 12
15 78
15 50
15 81
20 87
20 79
20 90
20 34
20 0
20 72
20 77
87 30
87 57
87 85
87 68
87 98
87 82
87 63
87 46
87 32
87 42
52 4
52 46
52 34
52 51
52 18
52 68
52 9
52 7
52 3
52 56
52 33
52 86
52 54
52 31
52 99
4 18
4 17
4 66
4 23
4 93
4 45
4 27
4 51
4 0
4 86
4 64
4 53
4 73
4 16
4 12
4 7
4 22
4 19
28 56
28 91
28 49
28 21
28 80
28 65
28 43
28 89
28 86
56 63
56 46
56 22
56 95
56 37
56 50
56 44
56 64
56 86
56 19
30 64
30 53
30 8
30 22
30 27
30 46
30 63
30 44
30 29
30 79
30 7
30 76
30 3
64 70
64 8
64 32
64 46
64 13
64 80
64 91
64 53
64 72
64 10
64 41
31 1
31 69
31 84
31 19
31 17
31 53
31 21
31 14
31 58
31 41
31 70
97 2
97 21
97 11
97 72
97 37
97 33
97 74
97 39
97 43
97 79
97 67
97 65
97 86
97 7
97 13
22 16
22 69
22 81
22 76
22 43
22 14
22 12
22 99
22 42
22 3
22 92
16 44
16 72
16 93
16 95
16 50
16 12
16 21
16 65
16 70
16 89
62 63
62 44
62 41
62 23
62 83
62 3
62 21
62 59
62 38
62 25
62 85
62 90
62 68
62 43
63 98
63 24
63 0
63 29
63 47
63 74
63 1
63 54
63 3
63 34
61 24
61 47
61 74
61 2
61 13
61 32
24 79
24 81
24 85
24 14
24 3
24 27
24 2
24 91
24 68
24 12
24 73
24 1
24 11
44 10
44 46
44 67
44 41
96 33
96 50
96 3
96 93
96 99
96 66
96 68
96 21
96 10
96 39
96 12
96 26
96 17
33 86
33 51
33 80
33 89
33 95
33 2
33 65
33 18
2 91
2 82
2 18
2 77
2 57
2 29
50 83
50 40
50 6
50 51
50 27
50 74
98 38
98 43
98 77
98 32
98 3
98 19
98 34
98 29
98 94
98 54
98 14
98 6
98 79
98 49
38 68
38 99
38 9
38 76
38 1
38 7
38 90
38 39
7 89
7 42
7 26
7 99
7 37
7 82
7 79
7 58
7 45
7 76
89 68
89 5
89 65
89 17
89 69
89 42
89 49
74 13
74 72
74 17
74 68
74 69
74 73
74 49
13 1
13 86
13 84
13 5
13 77
13 23
13 71
13 18
13 14
13 34
18 71
18 90
18 0
18 34
43 11
43 81
43 8
43 67
43 41
43 69
43 72
43 70
43 37
43 17
43 99
1 81
1 3
1 21
1 70
1 39
1 46
1 53
1 27
1 34
82 6
82 59
82 9
82 41
82 14
82 42
82 94
82 25
82 84
82 32
82 73
6 93
6 80
6 72
6 19
6 21
6 17
6 69
6 23
6 29
79 95
79 77
79 81
79 40
79 23
79 19
79 14
79 45
77 49
77 23
77 25
77 41
77 90
77 51
49 76
49 9
49 57
49 94
49 92
49 23
49 39
49 29
51 65
51 9
51 59
51 92
51 14
51 46
51 26
51 57
51 68
65 29
65 3
65 59
65 46
65 90
65 19
19 69
19 29
19 66
19 46
19 3
19 37
19 5
19 81
69 45
69 59
69 76
69 60
69 34
69 42
69 23
29 78
29 26
29 47
29 80
29 17
29 3
29 85
29 37
29 46
29 42
76 86
76 95
76 21
76 9
76 23
76 99
76 42
45 23
45 73
45 81
45 42
45 0
45 72
70 72
70 99
70 81
70 67
70 23
70 39
70 47
70 80
72 83
72 21
72 91
5 54
5 58
5 26
5 14
5 81
5 10
41 83
41 39
41 81
41 60
41 8
41 73
41 93
23 85
23 53
23 47
23 17
23 58
23 9
23 42
10 95
10 3
10 91
10 71
10 60
95 42
95 27
95 94
95 54
95 85
95 34
95 86
42 71
42 54
42 80
42 91
78 86
78 93
78 32
78 60
86 11
86 90
86 14
86 46
46 32
46 93
46 58
46 17
83 14
83 92
83 39
83 0
83 40
83 3
14 94
14 8
14 17
14 99
14 91
92 40
92 47
92 17
92 34
32 8
32 99
94 84
94 91
26 54
26 66
26 8
26 17
9 25
9 47
9 34
9 67
9 90
3 67
3 34
3 90
3 40
21 25
21 40
59 66
59 37
59 99
59 53
59 17
39 17
39 66
39 0
39 8
17 90
17 67
99 90
99 58
90 58
90 0
81 80
81 8
25 84
25 57
84 47
47 12
47 40
11 40
91 37
66 27
66 34
40 37
40 67
40 85
40 53
60 80
93 73
34 71
34 80
85 0
27 53
67 0
0 12
0 73
37 71