0 27 86 43 1 12 84 77 11 76 55 18 24 49 53 97 66 65 41 5 42 33 50 58 92 63 16 40 48 62 9 3 13 68 93 99 30 4 26 23 59 31 21 6 78 2 36 25 34 61 17 32 35 87 46 90 57 89 75 96 88 44 72 56 70 29 81 67 91 39 28 15 85 45 38 19 20 22 71 10 94 47 73 64 95 14 80 7 74 69 79 60 8 82 83 52 51 98 37 54
0 27
0 86
0 43
0 1
0 12
0 84
0 77
0 11
0 76
0 55
0 18
0 24
0 49
0 53
0 97
0 66
0 65
0 41
0 5
0 42
0 33
0 50
0 58
0 92
0 63
0 4
0 6
0 9
0 14
0 17
0 26
0 31
0 32
0 37
0 51
0 57
0 67
0 68
0 69
0 71
0 74
0 81
0 82
0 89
0 90
0 91
0 93
0 94
27 1
27 4
27 16
27 21
27 24
27 38
27 13
27 98
27 55
27 80
27 52
27 91
27 97
27 11
27 33
27 92
27 5
27 26
27 29
27 60
27 59
27 49
27 74
27 30
27 14
27 23
27 72
27 42
27 93
27 28
27 32
27 34
27 44
27 46
27 48
27 50
27 51
27 53
27 66
27 70
27 75
27 81
27 88
27 90
27 96
27 99
86 10
86 20
86 25
86 34
86 38
86 48
86 51
86 58
86 60
86 64
86 67
86 69
86 70
86 79
86 80
86 81
86 82
86 83
86 84
86 37
86 96
86 15
86 66
86 13
86 32
86 71
86 23
86 47
86 39
86 12
86 14
86 30
86 6
86 59
86 57
86 7
86 28
86 72
86 31
86 29
86 87
86 3
86 99
86 93
86 94
43 1
43 2
43 6
43 8
43 14
43 19
43 33
43 39
43 41
43 42
43 63
43 37
43 18
43 26
43 40
43 64
43 25
43 54
43 7
43 89
43 57
43 4
43 21
43 9
43 56
43 36
43 46
43 48
43 35
43 95
43 52
43 11
43 51
43 93
43 85
43 50
43 53
43 60
43 61
43 65
43 67
43 72
43 73
43 74
43 75
43 76
43 84
43 88
43 96
43 98
43 99
1 16
1 40
1 48
1 62
1 9
1 3
1 13
1 68
1 93
1 77
1 99
1 30
1 4
1 58
1 26
1 23
1 59
1 31
1 42
1 21
1 6
1 78
1 41
1 11
1 66
1 7
1 10
1 19
1 24
1 33
1 34
1 36
1 38
1 39
1 44
1 47
1 51
1 55
1 61
1 65
1 67
1 69
1 70
1 71
1 73
1 74
1 80
1 83
1 85
1 88
1 91
1 92
1 95
1 97
12 10
12 77
12 24
12 95
12 92
12 30
12 82
12 53
12 44
12 54
12 25
12 88
12 17
12 19
12 42
12 56
12 34
12 11
12 75
12 73
12 32
12 3
12 68
12 13
12 20
12 21
12 28
12 40
12 45
12 46
12 51
12 52
12 58
12 59
12 60
12 64
12 70
12 71
12 80
12 81
12 97
84 11
84 16
84 22
84 23
84 38
84 39
84 41
84 42
84 46
84 49
84 52
84 65
84 67
84 73
84 75
84 77
84 80
84 53
84 28
84 60
84 54
84 29
84 34
84 81
84 62
84 25
84 99
84 78
84 47
84 63
84 26
84 13
84 90
84 70
84 58
84 85
84 32
84 76
84 89
84 91
84 95
84 98
77 9
77 10
77 15
77 17
77 31
77 32
77 34
77 48
77 50
77 51
77 56
77 63
77 64
77 65
77 68
77 72
77 73
77 75
77 76
77 8
77 26
77 16
77 74
77 41
77 4
77 6
77 30
77 24
77 85
77 19
77 89
77 13
77 21
77 80
77 70
77 62
77 61
77 33
77 18
77 92
77 99
11 2
11 8
11 23
11 90
11 46
11 55
11 61
11 28
11 75
11 37
11 89
11 57
11 54
11 36
11 9
11 94
11 35
11 78
11 16
11 73
11 45
11 15
11 25
11 31
11 32
11 33
11 34
11 38
11 39
11 42
11 44
11 47
11 48
11 49
11 51
11 60
11 64
11 65
11 72
11 79
11 82
11 95
11 96
11 98
76 3
76 4
76 19
76 20
76 33
76 38
76 39
76 40
76 44
76 45
76 55
76 58
76 68
76 69
76 71
76 75
76 29
76 72
76 94
76 93
76 13
76 92
76 17
76 30
76 70
76 64
76 9
76 47
76 66
76 18
76 73
76 37
76 65
76 31
76 36
76 42
76 5
76 41
76 80
76 79
76 82
76 83
76 85
76 89
76 91
76 96
76 99
55 2
55 9
55 10
55 13
55 15
55 26
55 28
55 31
55 34
55 37
55 42
55 47
55 50
55 51
55 54
55 24
55 35
55 78
55 49
55 72
55 33
55 89
55 96
55 82
55 98
55 21
55 19
55 23
55 85
55 57
55 63
55 69
55 70
55 71
55 73
55 80
55 90
55 91
55 95
55 99
18 5
18 6
18 9
18 10
18 26
18 81
18 88
18 73
18 87
18 48
18 51
18 3
18 16
18 17
18 69
18 47
18 54
18 59
18 95
18 31
18 32
18 34
18 38
18 39
18 40
18 45
18 56
18 66
18 68
18 70
18 82
18 83
18 90
18 96
18 97
18 98
24 13
24 16
24 17
24 22
24 93
24 36
24 10
24 30
24 54
24 56
24 92
24 7
24 38
24 32
24 8
24 63
24 25
24 33
24 57
24 66
24 9
24 19
24 72
24 20
24 82
24 85
24 31
24 35
24 37
24 39
24 49
24 58
24 60
24 65
24 70
24 74
24 75
24 79
24 83
49 5
49 19
49 20
49 31
49 40
49 34
49 89
49 3
49 68
49 6
49 70
49 87
49 13
49 97
49 42
49 51
49 65
49 9
49 22
49 71
49 21
49 33
49 30
49 66
49 85
49 96
49 57
49 50
49 52
49 53
49 54
49 58
49 60
49 62
49 75
49 79
49 80
49 81
49 82
49 88
49 92
49 94
49 99
53 2
53 3
53 5
53 16
53 26
53 30
53 31
53 33
53 36
53 39
53 25
53 98
53 93
53 47
53 22
53 63
53 97
53 13
53 62
53 9
53 59
53 6
53 21
53 17
53 4
53 8
53 20
53 14
53 82
53 44
53 57
53 58
53 66
53 68
53 72
53 78
53 85
53 87
53 90
53 92
53 94
97 6
97 16
97 21
97 26
97 28
97 29
97 39
97 40
97 41
97 51
97 52
97 56
97 57
97 64
97 67
97 68
97 70
97 75
97 81
97 82
97 91
97 94
97 58
97 9
97 63
97 30
97 20
97 46
97 32
97 4
97 66
97 99
97 35
97 10
97 83
97 37
97 5
97 47
97 89
66 4
66 6
66 15
66 21
66 28
66 33
66 39
66 41
66 44
66 48
66 51
66 52
66 54
66 56
66 57
66 65
66 92
66 7
66 40
66 8
66 31
66 83
66 35
66 32
66 29
66 89
66 59
66 94
66 46
66 78
66 3
66 87
66 38
66 81
66 67
66 68
66 72
66 73
66 85
66 91
66 93
66 96
66 99
65 2
65 6
65 10
65 61
65 30
65 5
65 98
65 25
65 41
65 50
65 75
65 69
65 44
65 31
65 9
65 80
65 16
65 39
65 62
65 64
65 34
65 51
65 72
65 54
65 85
65 99
65 95
65 73
65 82
65 83
65 87
65 94
65 96
41 7
41 14
41 20
41 30
41 31
41 32
41 35
41 36
41 37
41 38
41 89
41 83
41 57
41 54
41 61
41 6
41 22
41 99
41 50
41 29
41 10
41 42
41 33
41 47
41 28
41 62
41 39
41 59
41 40
41 4
41 93
41 34
41 64
41 79
41 52
41 68
41 69
41 75
41 78
41 81
41 95
41 98
5 4
5 20
5 90
5 22
5 13
5 71
5 10
5 56
5 61
5 35
5 17
5 85
5 94
5 33
5 28
5 47
5 3
5 39
5 63
5 73
5 93
5 89
5 29
5 36
5 81
5 30
5 64
5 75
5 14
5 15
5 16
5 38
5 44
5 48
5 50
5 57
5 60
5 68
42 6
42 7
42 14
42 21
42 22
42 31
42 35
42 40
42 80
42 10
42 67
42 72
42 93
42 2
42 91
42 90
42 62
42 57
42 99
42 8
42 45
42 48
42 54
42 59
42 60
42 61
42 71
42 73
42 74
42 78
42 81
42 82
42 85
42 92
42 96
33 13
33 15
33 21
33 28
33 38
33 96
33 31
33 32
33 8
33 63
33 90
33 2
33 69
33 23
33 6
33 19
33 9
33 35
33 60
33 92
33 34
33 45
33 47
33 48
33 51
33 52
33 58
33 61
33 64
33 68
33 70
33 79
33 87
33 94
33 95
50 7
50 10
50 16
50 30
50 34
50 37
50 47
50 70
50 99
50 40
50 57
50 88
50 23
50 78
50 96
50 8
50 67
50 54
50 58
50 59
50 60
50 64
50 73
50 80
50 87
50 89
50 92
50 93
58 6
58 10
58 14
58 16
58 17
58 23
58 25
58 28
58 30
58 39
58 40
58 44
58 47
58 57
58 82
58 9
58 46
58 3
58 22
58 51
58 81
58 99
58 26
58 56
58 34
58 69
58 36
58 64
58 68
58 79
58 85
58 91
58 93
58 94
58 96
58 98
92 2
92 3
92 6
92 13
92 23
92 29
92 34
92 35
92 38
92 44
92 46
92 52
92 60
92 61
92 63
92 67
92 70
92 82
92 89
92 31
92 37
92 7
92 72
92 51
92 20
92 47
92 59
92 79
92 91
92 15
92 22
92 8
92 69
92 68
92 80
92 94
92 90
92 87
92 88
92 93
92 85
92 96
63 13
63 20
63 39
63 52
63 57
63 59
63 62
63 61
63 14
63 47
63 2
63 4
63 37
63 7
63 71
63 38
63 69
63 95
63 30
63 6
63 45
63 25
63 73
63 32
63 64
63 72
63 78
63 82
63 87
63 90
16 71
16 25
16 94
16 51
16 72
16 26
16 35
16 20
16 34
16 90
16 98
16 60
16 22
16 23
16 28
16 29
16 36
16 44
16 46
16 48
16 54
16 59
16 64
16 68
16 73
16 74
16 78
16 79
16 87
16 88
16 96
16 99
40 15
40 19
40 22
40 30
40 39
40 45
40 87
40 6
40 52
40 7
40 51
40 34
40 73
40 46
40 38
40 61
40 67
40 4
40 32
40 85
40 64
40 8
40 37
40 47
40 62
40 72
40 74
40 81
40 82
40 83
40 96
48 4
48 15
48 20
48 29
48 35
48 36
48 39
48 47
48 8
48 30
48 25
48 60
48 6
48 9
48 64
48 17
48 57
48 7
48 21
48 44
48 61
48 99
48 62
48 59
48 71
48 80
48 88
48 89
48 90
48 91
48 96
62 6
62 14
62 19
62 21
62 23
62 25
62 29
62 37
62 44
62 47
62 59
62 60
62 94
62 34
62 28
62 99
62 89
62 72
62 69
62 36
62 96
62 20
62 45
62 39
62 85
62 75
62 78
62 88
62 91
62 93
9 69
9 52
9 38
9 47
9 8
9 82
9 85
9 99
9 88
9 19
9 79
9 22
9 34
9 29
9 4
9 87
9 15
9 44
9 57
9 61
9 64
9 96
3 96
3 88
3 34
3 44
3 90
3 72
3 56
3 23
3 70
3 29
3 81
3 21
3 4
3 67
3 2
3 93
3 91
3 10
3 15
3 17
3 28
3 31
3 32
3 38
3 52
3 54
3 57
3 71
3 74
3 78
3 82
3 95
3 98
13 2
13 6
13 88
13 61
13 21
13 85
13 99
13 60
13 23
13 68
13 79
13 82
13 4
13 81
13 29
13 25
13 19
13 20
13 54
13 7
13 35
13 47
13 17
13 14
13 28
13 32
13 34
13 44
13 67
13 70
13 71
13 72
13 78
13 87
13 93
13 95
68 6
68 15
68 21
68 25
68 28
68 30
68 34
68 35
68 37
68 46
68 57
68 59
68 61
68 91
68 23
68 96
68 32
68 60
68 10
68 64
68 93
68 90
68 95
68 2
68 72
68 74
68 78
68 83
68 87
68 88
93 4
93 19
93 21
93 22
93 25
93 30
93 31
93 35
93 37
93 54
93 56
93 59
93 73
93 78
93 88
93 89
93 90
93 72
93 28
93 61
93 7
93 91
93 67
93 60
93 15
93 95
93 79
93 6
93 26
93 85
93 81
93 57
93 23
93 2
93 20
93 99
99 2
99 6
99 10
99 30
99 39
99 46
99 54
99 69
99 79
99 83
99 87
99 94
99 95
99 22
99 88
99 31
99 19
99 59
99 78
99 57
99 82
99 73
99 45
99 23
99 32
99 80
99 85
99 64
99 25
99 75
99 20
99 91
30 6
30 8
30 17
30 23
30 26
30 28
30 10
30 39
30 89
30 34
30 51
30 78
30 91
30 15
30 38
30 37
30 57
30 14
30 29
30 47
30 56
30 61
30 67
30 71
30 74
30 75
30 79
30 83
30 85
30 87
30 88
4 39
4 28
4 57
4 15
4 75
4 88
4 85
4 72
4 67
4 45
4 38
4 29
4 6
4 19
4 10
4 14
4 20
4 23
4 26
4 32
4 35
4 36
4 44
4 47
4 59
4 61
4 70
4 71
4 78
4 80
4 82
4 83
4 94
4 96
4 98
26 2
26 94
26 25
26 98
26 59
26 21
26 82
26 39
26 60
26 56
26 8
26 70
26 73
26 83
26 80
26 47
26 38
26 46
26 54
26 61
26 69
26 71
26 74
26 85
26 95
23 6
23 17
23 20
23 22
23 98
23 69
23 38
23 21
23 35
23 32
23 78
23 56
23 31
23 45
23 60
23 37
23 94
23 34
23 39
23 44
23 57
23 59
23 61
23 82
23 87
23 89
23 91
23 95
59 2
59 6
59 21
59 28
59 32
59 47
59 54
59 31
59 35
59 45
59 7
59 64
59 38
59 70
59 10
59 56
59 36
59 20
59 25
59 72
59 83
59 60
59 90
59 94
59 95
31 7
31 8
31 14
31 17
31 64
31 32
31 54
31 61
31 25
31 70
31 56
31 72
31 52
31 21
31 34
31 46
31 51
31 57
31 67
31 71
31 87
31 89
31 96
21 14
21 20
21 98
21 15
21 67
21 38
21 51
21 19
21 6
21 2
21 82
21 70
21 34
21 75
21 7
21 94
21 81
21 10
21 22
21 28
21 29
21 39
21 44
21 45
21 57
21 61
21 80
21 95
6 95
6 90
6 75
6 14
6 73
6 29
6 10
6 28
6 39
6 15
6 80
6 17
6 20
6 32
6 47
6 54
6 56
6 67
6 69
6 70
6 71
6 72
6 74
6 78
6 83
6 88
6 89
6 94
78 10
78 19
78 25
78 28
78 36
78 37
78 51
78 79
78 73
78 14
78 46
78 98
78 90
78 22
78 64
78 34
78 70
78 35
78 94
78 57
78 52
78 45
78 8
78 89
78 91
78 96
2 36
2 25
2 34
2 61
2 17
2 32
2 35
2 87
2 46
2 90
2 57
2 89
2 75
2 8
2 10
2 14
2 15
2 39
2 52
2 60
2 67
2 71
36 8
36 10
36 22
36 25
36 19
36 37
36 54
36 75
36 46
36 14
36 44
36 91
36 88
36 79
36 81
36 69
36 38
36 45
36 52
36 61
36 72
36 90
25 22
25 35
25 37
25 17
25 73
25 87
25 72
25 79
25 60
25 52
25 82
25 19
25 91
25 69
25 89
25 20
25 95
25 67
25 51
25 39
25 83
25 32
25 44
25 70
25 75
25 85
25 96
34 8
34 10
34 22
34 71
34 39
34 32
34 57
34 82
34 44
34 45
34 64
34 69
34 70
34 73
34 81
34 95
61 7
61 10
61 37
61 39
61 51
61 56
61 57
61 90
61 98
61 72
61 44
61 83
61 8
61 73
61 74
61 95
61 19
61 94
61 15
61 47
61 38
61 67
61 69
61 64
61 91
17 15
17 79
17 75
17 71
17 8
17 54
17 94
17 87
17 81
17 19
17 51
17 80
17 67
17 64
17 83
17 32
17 45
17 52
17 57
17 60
17 69
17 70
17 89
17 90
17 98
32 8
32 28
32 38
32 15
32 22
32 95
32 47
32 64
32 90
32 60
32 51
32 94
32 72
32 98
32 96
32 7
32 39
32 44
32 46
32 56
32 57
32 69
32 75
32 80
32 85
32 88
35 22
35 91
35 82
35 39
35 8
35 60
35 75
35 80
35 94
35 14
35 37
35 51
35 70
35 72
35 79
35 89
35 90
87 52
87 80
87 83
87 14
87 73
87 28
87 70
87 15
87 88
87 38
87 54
87 20
87 56
87 47
87 64
87 89
87 85
87 69
87 98
87 46
87 57
87 95
87 90
87 91
46 14
46 22
46 28
46 38
46 45
46 15
46 82
46 79
46 10
46 37
46 85
46 54
46 74
46 57
46 96
46 72
46 80
46 51
46 56
46 64
46 67
46 69
46 81
46 83
46 91
46 95
90 8
90 10
90 14
90 15
90 20
90 37
90 38
90 39
90 45
90 52
90 57
90 85
90 19
90 60
90 51
90 29
90 74
90 22
90 72
90 89
90 94
57 8
57 10
57 19
57 28
57 39
57 44
57 52
57 56
57 47
57 69
57 37
57 89
57 20
57 81
57 22
57 79
57 73
57 98
57 14
57 54
57 64
57 67
57 71
57 74
57 94
57 95
89 37
89 60
89 71
89 85
89 52
89 20
89 74
89 73
89 96
89 81
89 8
89 44
89 67
89 54
89 91
89 94
89 98
75 7
75 10
75 29
75 47
75 52
75 56
75 60
75 67
75 72
75 74
75 73
75 70
75 39
75 38
75 80
75 54
75 95
75 14
75 82
75 22
75 88
96 7
96 14
96 15
96 22
96 45
96 82
96 88
96 94
96 44
96 29
96 70
96 20
96 72
96 54
96 8
96 56
96 19
96 64
96 83
96 98
88 7
88 28
88 29
88 54
88 69
88 47
88 79
88 80
88 73
88 38
88 45
44 10
44 19
44 20
44 38
44 82
44 72
44 60
44 69
44 29
44 28
44 81
44 15
44 45
44 71
44 73
44 85
44 52
44 79
44 80
44 83
44 91
44 94
44 95
44 98
72 39
72 54
72 67
72 64
72 8
72 51
72 79
72 60
72 52
72 85
72 22
72 7
72 73
72 74
72 95
56 22
56 28
56 38
56 45
56 52
56 39
56 15
56 79
56 60
56 85
56 70
56 71
56 74
56 81
70 15
70 20
70 37
70 45
70 54
70 69
70 7
70 28
70 29
70 19
70 8
70 47
70 10
70 74
70 82
70 80
70 85
70 91
70 94
29 7
29 10
29 14
29 19
29 20
29 22
29 85
29 81
29 8
29 15
29 91
29 67
29 98
29 37
29 64
29 69
81 19
81 39
81 47
81 54
81 67
81 69
81 79
81 80
81 22
81 95
81 10
81 7
81 64
81 8
81 85
81 60
81 83
81 94
67 7
67 8
67 14
67 28
67 38
67 45
67 51
67 54
67 71
67 80
67 64
67 69
67 22
67 20
67 74
67 10
67 73
67 82
67 94
91 20
91 39
91 82
91 85
91 94
91 22
91 7
91 98
91 52
91 80
91 19
91 8
91 15
91 51
91 74
91 54
91 10
91 95
39 8
39 28
39 52
39 79
39 47
39 45
39 38
39 20
39 64
39 73
28 7
28 8
28 10
28 20
28 79
28 47
28 51
28 71
28 80
15 19
15 20
15 94
15 98
15 37
15 47
15 52
15 60
15 64
15 74
15 79
15 83
15 85
15 95
85 7
85 45
85 73
85 60
85 22
85 52
85 47
85 38
85 51
85 79
85 14
85 74
85 71
85 80
45 7
45 38
45 98
45 47
45 71
45 69
45 8
45 14
45 80
45 79
45 64
45 94
45 95
38 7
38 98
38 83
38 8
38 14
38 20
38 69
38 19
38 94
38 79
19 7
19 95
19 60
19 80
19 82
19 20
19 22
19 37
19 51
20 14
20 82
20 69
20 47
20 37
20 79
20 10
20 22
20 52
20 60
20 80
20 83
20 95
22 73
22 64
22 7
22 82
22 14
22 51
22 94
22 79
22 37
22 52
22 60
22 83
71 7
71 37
71 69
71 8
71 51
71 60
71 14
71 83
71 54
71 94
71 95
71 98
10 47
10 95
10 51
10 98
10 8
10 83
10 37
10 54
10 64
10 73
10 74
94 7
94 14
94 37
94 64
94 80
94 74
94 98
94 83
94 52
94 54
94 95
47 7
47 74
47 64
47 79
47 37
47 82
47 83
47 98
73 7
73 52
73 83
73 95
73 8
73 37
73 14
73 82
73 79
73 98
64 79
64 69
64 7
64 98
64 82
95 60
95 74
95 80
95 51
95 37
14 82
14 74
14 80
14 52
14 98
80 60
80 74
80 83
80 8
80 98
7 74
7 69
7 79
7 60
7 8
7 98
74 51
74 83
74 8
74 37
74 82
74 52
74 79
74 98
69 8
69 52
69 98
69 83
69 37
69 54
69 79
79 37
79 52
79 54
79 60
79 83
79 82
60 37
60 54
60 52
60 51
60 82
60 98
8 82
8 83
8 52
8 54
8 98
82 83
83 52
83 37
83 51
52 98
52 54
51 54
51 37
98 54
98 37