0 3 25 26 27 1 4 28 29 30 2 11 31 32 33 18 34 35 36 7 12 9 37 38 39 5 8 40 41 42 6 43 44 45 46 47 48 22 49 50 51 10 52 53 54 55 56 57 58 59 60 61 62 63 13 64 65 66 14 20 16 67 68 69 15 70 71 72 24 73 74 75 17 19 76 77 78 79 80 81 82 83 84 21 85 86 87 88 89 90 23 91 92 93 94 95 96 97 98 99
0 3
0 25
0 26
0 27
3 11
3 18
3 4
3 34
3 35
3 36
25 39
25 77
26 97
27 96
1 4
1 28
1 29
1 30
4 7
4 12
4 9
4 37
4 38
4 39
28 58
28 67
29 61
30 55
30 91
2 11
2 31
2 32
2 33
11 58
11 59
11 60
31 88
32 37
32 45
33 75
33 52
18 13
18 79
18 80
18 81
34 57
35 84
35 88
35 57
36 78
36 62
7 46
7 47
7 48
12 61
12 62
12 63
9 6
9 10
9 22
9 52
9 53
9 54
37 46
38 84
5 8
5 40
5 41
5 42
8 22
8 49
8 50
8 51
40 81
40 89
41 83
41 95
42 49
42 61
6 43
6 44
6 45
43 76
44 89
44 76
44 71
45 65
45 77
47 86
48 56
48 80
22 14
22 15
22 23
22 91
22 92
22 93
49 94
49 96
50 54
50 94
51 53
10 55
10 56
10 57
52 53
52 77
52 88
55 82
55 71
56 66
57 74
57 76
59 90
59 73
60 82
61 99
62 86
62 79
63 72
63 80
13 64
13 65
13 66
64 88
65 70
14 20
14 16
14 67
14 68
14 69
20 21
20 85
20 86
20 87
16 24
16 73
16 74
16 75
67 86
68 82
69 77
15 70
15 71
15 72
24 17
24 97
24 98
24 99
73 93
73 88
17 19
17 76
17 77
17 78
19 82
19 83
19 84
76 87
77 79
78 85
80 91
80 99
84 95
21 88
21 89
21 90
88 92
88 98
89 97
23 94
23 95
23 96