0 50 51 52 53 54 55 56 57 58 59 60 64 65 66 67 70 72 74 76 79 81 82 85 86 87 89 91 95 99 1 61 68 69 75 77 83 90 92 93 97 2 62 63 71 78 80 88 98 3 73 4 5 6 94 7 96 8 84 9 10 11 12 13 14 15 16 17 18 19 20 21 22 23 24 25 26 27 28 29 30 31 32 33 34 35 36 37 38 39 40 41 42 43 44 45 46 47 48 49
0 50
0 51
0 52
0 53
0 54
0 55
0 56
0 57
0 58
0 59
0 60
0 64
0 65
0 66
0 67
0 70
0 72
0 74
0 76
0 79
0 81
0 82
0 85
0 86
0 87
0 89
0 91
0 95
0 99
50 1
50 2
50 3
50 4
50 5
50 6
50 7
50 8
50 9
50 10
50 11
50 12
50 13
50 14
50 15
50 16
50 17
50 18
50 19
50 20
50 21
50 22
50 23
50 24
50 25
50 26
50 27
50 28
50 29
50 30
50 31
50 32
50 33
50 34
50 35
50 36
50 37
50 38
50 39
50 40
50 41
50 42
50 43
50 44
50 45
50 46
50 47
50 48
50 49
50 51
50 52
50 53
50 54
50 55
50 56
50 57
50 58
50 59
50 60
50 61
50 62
50 63
50 64
50 65
50 66
50 67
50 68
50 69
50 70
50 71
50 72
50 73
50 74
50 75
50 76
50 77
50 78
50 79
50 80
50 81
50 82
50 83
50 84
50 85
50 86
50 87
50 88
50 89
50 90
50 91
50 92
50 93
50 95
50 97
50 99
51 1
51 2
51 3
51 4
51 5
51 6
51 7
51 8
51 9
51 10
51 11
51 12
51 13
51 14
51 15
51 16
51 18
51 19
51 20
51 21
51 22
51 23
51 24
51 25
51 26
51 27
51 28
51 29
51 30
51 31
51 32
51 33
51 34
51 35
51 36
51 37
51 38
51 39
51 40
51 41
51 42
51 43
51 44
51 45
51 46
51 47
51 48
51 49
51 52
51 53
51 54
51 55
51 56
51 57
51 58
51 59
51 60
51 61
51 62
51 63
51 64
51 65
51 66
51 67
51 68
51 69
51 70
51 71
51 72
51 73
51 74
51 75
51 76
51 77
51 78
51 79
51 80
51 81
51 82
51 83
51 84
51 85
51 87
51 89
51 90
51 92
51 93
51 94
51 95
51 96
51 97
51 99
52 1
52 2
52 3
52 4
52 6
52 7
52 8
52 9
52 10
52 11
52 12
52 13
52 14
52 15
52 16
52 17
52 18
52 19
52 20
52 21
52 22
52 23
52 24
52 25
52 26
52 27
52 28
52 29
52 30
52 31
52 32
52 33
52 34
52 35
52 36
52 37
52 38
52 40
52 41
52 42
52 43
52 44
52 45
52 46
52 47
52 48
52 49
52 53
52 54
52 55
52 56
52 57
52 58
52 59
52 60
52 61
52 62
52 63
52 64
52 65
52 66
52 67
52 68
52 69
52 70
52 71
52 72
52 73
52 74
52 75
52 76
52 77
52 78
52 81
52 82
52 83
52 84
52 85
52 86
52 87
52 88
52 89
52 90
52 93
52 94
52 99
53 1
53 2
53 3
53 4
53 6
53 7
53 8
53 9
53 10
53 11
53 12
53 13
53 14
53 15
53 16
53 17
53 18
53 19
53 20
53 21
53 22
53 23
53 24
53 25
53 26
53 27
53 28
53 29
53 30
53 31
53 32
53 33
53 34
53 35
53 37
53 38
53 40
53 41
53 42
53 43
53 44
53 45
53 46
53 47
53 48
53 49
53 54
53 55
53 56
53 57
53 58
53 59
53 60
53 61
53 62
53 63
53 64
53 65
53 66
53 67
53 68
53 69
53 70
53 71
53 72
53 73
53 74
53 75
53 76
53 77
53 79
53 80
53 81
53 82
53 83
53 84
53 85
53 86
53 88
53 89
53 90
53 91
53 92
53 93
53 94
53 95
53 97
53 99
54 1
54 2
54 3
54 5
54 6
54 7
54 8
54 9
54 10
54 11
54 12
54 13
54 14
54 15
54 16
54 17
54 19
54 20
54 21
54 22
54 23
54 24
54 26
54 27
54 28
54 29
54 30
54 31
54 32
54 33
54 34
54 35
54 36
54 37
54 38
54 39
54 40
54 41
54 42
54 44
54 45
54 46
54 47
54 48
54 49
54 55
54 56
54 57
54 58
54 59
54 60
54 61
54 62
54 63
54 64
54 65
54 66
54 67
54 68
54 69
54 70
54 71
54 72
54 73
54 74
54 75
54 76
54 77
54 78
54 79
54 80
54 81
54 82
54 83
54 84
54 85
54 87
54 88
54 89
54 90
54 93
54 95
54 96
54 97
54 98
54 99
55 1
55 2
55 3
55 4
55 6
55 7
55 8
55 11
55 12
55 13
55 14
55 15
55 16
55 17
55 18
55 19
55 21
55 22
55 23
55 24
55 25
55 26
55 27
55 28
55 30
55 31
55 32
55 33
55 34
55 35
55 36
55 37
55 38
55 39
55 40
55 41
55 42
55 43
55 44
55 45
55 46
55 47
55 48
55 49
55 56
55 57
55 58
55 59
55 60
55 61
55 62
55 63
55 64
55 65
55 66
55 67
55 68
55 69
55 70
55 71
55 72
55 73
55 74
55 75
55 76
55 77
55 78
55 80
55 81
55 82
55 83
55 84
55 85
55 86
55 87
55 88
55 90
55 91
55 92
55 93
55 94
55 95
55 96
55 98
55 99
56 1
56 2
56 3
56 4
56 5
56 6
56 7
56 8
56 9
56 10
56 11
56 12
56 13
56 14
56 15
56 17
56 18
56 19
56 20
56 21
56 22
56 23
56 24
56 27
56 28
56 29
56 31
56 32
56 33
56 34
56 35
56 36
56 37
56 38
56 39
56 40
56 41
56 42
56 43
56 44
56 45
56 46
56 49
56 57
56 58
56 59
56 60
56 61
56 62
56 63
56 64
56 65
56 66
56 67
56 68
56 69
56 70
56 71
56 72
56 73
56 74
56 75
56 76
56 77
56 78
56 79
56 80
56 81
56 82
56 83
56 85
56 87
56 88
56 89
56 91
56 92
56 93
56 95
56 96
56 97
56 98
57 1
57 2
57 3
57 4
57 5
57 6
57 7
57 8
57 9
57 10
57 11
57 12
57 14
57 16
57 17
57 18
57 19
57 20
57 21
57 22
57 23
57 24
57 25
57 26
57 27
57 28
57 29
57 31
57 32
57 34
57 36
57 37
57 38
57 39
57 40
57 41
57 42
57 43
57 45
57 46
57 48
57 49
57 58
57 59
57 60
57 61
57 62
57 63
57 64
57 65
57 66
57 67
57 68
57 69
57 70
57 71
57 72
57 73
57 74
57 75
57 76
57 77
57 79
57 80
57 81
57 82
57 83
57 85
57 86
57 87
57 88
57 89
57 90
57 92
57 95
57 98
57 99
58 1
58 2
58 3
58 4
58 5
58 6
58 7
58 8
58 9
58 10
58 11
58 12
58 13
58 14
58 16
58 17
58 18
58 19
58 20
58 21
58 24
58 26
58 27
58 28
58 29
58 30
58 31
58 32
58 34
58 35
58 36
58 37
58 38
58 39
58 40
58 41
58 42
58 43
58 45
58 46
58 49
58 59
58 60
58 61
58 62
58 63
58 64
58 65
58 66
58 67
58 68
58 69
58 70
58 71
58 72
58 73
58 74
58 77
58 78
58 79
58 80
58 81
58 82
58 83
58 84
58 85
58 86
58 87
58 88
58 90
58 91
58 92
58 93
58 94
58 95
58 96
58 97
58 98
58 99
59 1
59 2
59 3
59 4
59 5
59 6
59 7
59 8
59 9
59 10
59 12
59 13
59 14
59 15
59 16
59 17
59 18
59 21
59 22
59 23
59 24
59 25
59 27
59 28
59 29
59 32
59 33
59 34
59 36
59 38
59 39
59 40
59 41
59 42
59 43
59 44
59 45
59 46
59 48
59 49
59 60
59 61
59 62
59 63
59 64
59 65
59 66
59 67
59 68
59 69
59 70
59 71
59 72
59 73
59 74
59 75
59 76
59 77
59 78
59 79
59 80
59 81
59 82
59 83
59 84
59 85
59 86
59 87
59 88
59 89
59 90
59 91
59 92
59 93
59 95
59 96
59 97
59 98
59 99
60 1
60 2
60 4
60 5
60 6
60 8
60 9
60 10
60 11
60 13
60 14
60 16
60 17
60 18
60 19
60 20
60 21
60 23
60 24
60 25
60 26
60 28
60 29
60 30
60 31
60 32
60 33
60 34
60 36
60 37
60 39
60 40
60 41
60 42
60 43
60 46
60 47
60 48
60 49
60 61
60 62
60 63
60 64
60 65
60 66
60 67
60 68
60 69
60 70
60 72
60 74
60 75
60 76
60 77
60 78
60 79
60 80
60 81
60 82
60 83
60 84
60 85
60 86
60 87
60 88
60 89
60 90
60 91
60 92
60 93
60 94
60 95
60 96
64 2
64 3
64 4
64 5
64 6
64 7
64 10
64 11
64 14
64 15
64 17
64 18
64 19
64 20
64 21
64 22
64 23
64 25
64 26
64 27
64 28
64 29
64 30
64 31
64 33
64 34
64 35
64 37
64 40
64 42
64 43
64 44
64 45
64 46
64 48
64 61
64 62
64 63
64 65
64 66
64 67
64 68
64 69
64 70
64 71
64 72
64 73
64 74
64 75
64 76
64 77
64 78
64 79
64 80
64 81
64 82
64 83
64 84
64 85
64 86
64 87
64 90
64 92
64 94
64 95
64 96
64 97
64 98
64 99
65 1
65 2
65 3
65 4
65 5
65 6
65 8
65 9
65 13
65 16
65 17
65 18
65 19
65 20
65 21
65 22
65 23
65 26
65 27
65 28
65 29
65 30
65 31
65 32
65 34
65 35
65 37
65 39
65 40
65 42
65 43
65 45
65 46
65 48
65 61
65 62
65 63
65 66
65 67
65 68
65 69
65 70
65 71
65 72
65 73
65 74
65 75
65 76
65 77
65 78
65 79
65 80
65 81
65 82
65 83
65 84
65 85
65 86
65 87
65 88
65 89
65 90
65 91
65 92
65 93
65 94
65 97
65 98
65 99
66 1
66 2
66 3
66 6
66 7
66 8
66 9
66 10
66 11
66 12
66 13
66 16
66 18
66 20
66 21
66 22
66 23
66 24
66 27
66 28
66 29
66 30
66 31
66 32
66 37
66 38
66 39
66 40
66 43
66 44
66 47
66 48
66 49
66 61
66 62
66 63
66 67
66 68
66 69
66 71
66 72
66 73
66 74
66 75
66 76
66 77
66 79
66 80
66 81
66 83
66 84
66 85
66 86
66 87
66 88
66 89
66 90
66 92
66 95
66 97
66 98
66 99
67 2
67 3
67 4
67 5
67 6
67 10
67 11
67 13
67 14
67 16
67 17
67 19
67 22
67 27
67 28
67 29
67 30
67 31
67 32
67 33
67 34
67 36
67 37
67 38
67 39
67 40
67 41
67 43
67 46
67 47
67 48
67 49
67 61
67 62
67 63
67 68
67 69
67 70
67 71
67 72
67 73
67 74
67 75
67 76
67 77
67 78
67 79
67 80
67 82
67 83
67 84
67 85
67 86
67 88
67 89
67 90
67 91
67 93
67 94
67 97
67 98
67 99
70 1
70 2
70 3
70 5
70 8
70 9
70 13
70 15
70 16
70 18
70 19
70 20
70 22
70 25
70 27
70 28
70 29
70 32
70 33
70 34
70 35
70 37
70 38
70 39
70 41
70 42
70 43
70 44
70 47
70 48
70 49
70 62
70 63
70 68
70 69
70 71
70 72
70 73
70 74
70 75
70 76
70 77
70 78
70 79
70 80
70 81
70 82
70 83
70 84
70 89
70 91
70 92
70 94
70 95
70 96
70 98
70 99
72 1
72 2
72 9
72 10
72 11
72 12
72 16
72 17
72 18
72 20
72 22
72 23
72 24
72 25
72 26
72 27
72 30
72 32
72 33
72 34
72 35
72 39
72 40
72 43
72 45
72 46
72 48
72 49
72 61
72 62
72 63
72 69
72 71
72 73
72 74
72 75
72 76
72 77
72 78
72 79
72 80
72 81
72 82
72 83
72 85
72 86
72 87
72 88
72 89
72 90
72 91
72 92
72 93
72 95
72 96
72 97
72 99
74 1
74 2
74 3
74 4
74 6
74 8
74 9
74 10
74 11
74 12
74 18
74 19
74 22
74 24
74 25
74 29
74 31
74 32
74 34
74 35
74 41
74 43
74 44
74 46
74 47
74 61
74 62
74 63
74 68
74 69
74 71
74 73
74 75
74 76
74 77
74 78
74 79
74 80
74 81
74 82
74 83
74 84
74 86
74 87
74 88
74 89
74 90
74 93
74 94
74 97
76 2
76 6
76 7
76 9
76 10
76 12
76 16
76 17
76 18
76 20
76 21
76 29
76 30
76 31
76 32
76 34
76 35
76 36
76 37
76 40
76 41
76 42
76 45
76 46
76 47
76 48
76 61
76 62
76 68
76 69
76 73
76 75
76 77
76 78
76 79
76 80
76 81
76 82
76 84
76 85
76 86
76 87
76 88
76 89
76 91
76 92
76 93
76 95
76 96
79 1
79 4
79 6
79 8
79 12
79 13
79 14
79 15
79 16
79 17
79 21
79 27
79 29
79 30
79 31
79 32
79 33
79 34
79 35
79 38
79 40
79 41
79 43
79 47
79 61
79 62
79 63
79 68
79 69
79 71
79 75
79 78
79 81
79 82
79 84
79 85
79 87
79 89
79 91
79 93
79 94
79 95
79 98
79 99
81 3
81 4
81 5
81 7
81 8
81 9
81 10
81 12
81 14
81 15
81 19
81 20
81 22
81 27
81 28
81 29
81 32
81 41
81 44
81 46
81 47
81 49
81 61
81 62
81 63
81 71
81 73
81 75
81 77
81 78
81 82
81 84
81 85
81 86
81 89
81 91
81 92
81 94
81 95
81 97
81 98
81 99
82 4
82 5
82 8
82 9
82 10
82 18
82 22
82 23
82 24
82 28
82 29
82 30
82 32
82 40
82 43
82 45
82 46
82 49
82 61
82 62
82 63
82 68
82 69
82 71
82 73
82 75
82 77
82 78
82 80
82 83
82 84
82 87
82 88
82 90
82 91
82 94
82 95
82 98
82 99
85 1
85 3
85 4
85 7
85 9
85 11
85 15
85 16
85 17
85 20
85 21
85 27
85 29
85 31
85 33
85 35
85 40
85 44
85 46
85 47
85 48
85 61
85 68
85 71
85 73
85 75
85 78
85 80
85 83
85 84
85 86
85 87
85 88
85 89
85 90
85 94
85 96
85 97
86 2
86 3
86 4
86 6
86 7
86 8
86 9
86 10
86 11
86 14
86 16
86 19
86 20
86 23
86 28
86 29
86 30
86 31
86 32
86 42
86 44
86 45
86 48
86 61
86 62
86 63
86 68
86 71
86 75
86 78
86 83
86 84
86 90
86 92
86 94
86 97
86 99
87 9
87 14
87 15
87 16
87 22
87 26
87 27
87 28
87 29
87 33
87 36
87 38
87 39
87 42
87 43
87 44
87 45
87 49
87 61
87 62
87 63
87 68
87 69
87 71
87 75
87 77
87 78
87 80
87 83
87 84
87 88
87 89
87 90
87 94
87 95
87 97
87 98
89 1
89 2
89 5
89 6
89 7
89 12
89 15
89 24
89 25
89 26
89 28
89 30
89 33
89 35
89 37
89 39
89 40
89 42
89 43
89 44
89 45
89 46
89 48
89 61
89 62
89 63
89 68
89 71
89 80
89 90
89 91
89 93
89 94
89 96
89 99
91 2
91 3
91 4
91 5
91 7
91 8
91 12
91 13
91 16
91 18
91 20
91 21
91 23
91 24
91 25
91 27
91 28
91 32
91 34
91 35
91 36
91 38
91 44
91 45
91 61
91 69
91 73
91 77
91 78
91 80
91 83
91 88
91 90
91 92
91 95
91 96
91 99
95 2
95 3
95 8
95 9
95 11
95 16
95 17
95 19
95 21
95 22
95 25
95 27
95 28
95 30
95 31
95 32
95 35
95 39
95 42
95 45
95 62
95 63
95 68
95 69
95 73
95 77
95 80
95 83
95 84
95 96
95 97
99 4
99 7
99 8
99 12
99 16
99 18
99 24
99 28
99 30
99 31
99 32
99 34
99 36
99 37
99 38
99 39
99 47
99 61
99 62
99 69
99 77
99 78
99 80
99 84
99 90
99 93
99 94
99 97
1 61
1 68
1 69
1 75
1 77
1 83
1 90
1 92
1 93
1 97
61 2
61 3
61 4
61 5
61 8
61 9
61 10
61 12
61 13
61 14
61 15
61 16
61 17
61 18
61 19
61 20
61 21
61 22
61 23
61 25
61 28
61 29
61 30
61 31
61 33
61 35
61 36
61 37
61 38
61 39
61 40
61 41
61 42
61 43
61 44
61 45
61 47
61 48
61 62
61 63
61 68
61 69
61 71
61 73
61 75
61 77
61 78
61 80
61 83
61 84
61 88
61 90
61 92
61 96
61 97
61 98
68 2
68 3
68 4
68 5
68 7
68 8
68 9
68 10
68 12
68 13
68 14
68 16
68 18
68 20
68 21
68 22
68 24
68 25
68 27
68 28
68 29
68 30
68 31
68 32
68 33
68 34
68 36
68 38
68 43
68 44
68 45
68 62
68 63
68 69
68 71
68 73
68 75
68 77
68 78
68 80
68 84
68 88
68 90
68 92
68 93
68 94
68 96
68 98
69 2
69 3
69 4
69 5
69 7
69 9
69 11
69 12
69 13
69 14
69 15
69 16
69 17
69 18
69 21
69 23
69 24
69 28
69 30
69 31
69 33
69 34
69 38
69 40
69 41
69 42
69 44
69 45
69 47
69 48
69 62
69 63
69 71
69 73
69 75
69 80
69 84
69 88
69 92
69 93
69 94
69 96
69 97
75 3
75 4
75 6
75 8
75 9
75 15
75 17
75 18
75 21
75 22
75 25
75 27
75 29
75 30
75 32
75 34
75 35
75 36
75 39
75 40
75 41
75 42
75 43
75 44
75 45
75 62
75 63
75 71
75 73
75 77
75 78
75 80
75 83
75 84
75 88
75 92
75 93
75 94
75 96
75 97
75 98
77 3
77 8
77 10
77 12
77 14
77 15
77 17
77 20
77 22
77 24
77 25
77 27
77 28
77 29
77 31
77 33
77 34
77 37
77 38
77 42
77 43
77 44
77 47
77 62
77 63
77 71
77 73
77 80
77 83
77 88
77 90
77 92
77 93
77 97
77 98
83 2
83 3
83 4
83 5
83 7
83 9
83 12
83 14
83 16
83 18
83 19
83 20
83 21
83 22
83 23
83 27
83 28
83 31
83 32
83 33
83 34
83 41
83 44
83 46
83 63
83 71
83 73
83 84
83 88
83 92
83 93
83 94
83 96
83 97
83 98
90 5
90 8
90 10
90 11
90 12
90 14
90 16
90 19
90 20
90 22
90 28
90 31
90 34
90 37
90 41
90 44
90 45
90 46
90 48
90 62
90 63
90 73
90 78
90 80
90 88
90 94
90 96
90 97
90 98
92 2
92 3
92 11
92 12
92 13
92 15
92 19
92 20
92 24
92 26
92 27
92 30
92 36
92 39
92 41
92 44
92 45
92 47
92 48
92 62
92 63
92 71
92 73
92 80
92 84
92 93
92 94
92 96
92 98
93 3
93 4
93 5
93 7
93 12
93 16
93 17
93 19
93 20
93 22
93 24
93 28
93 29
93 31
93 34
93 35
93 40
93 41
93 45
93 47
93 62
93 63
93 71
93 73
93 78
93 80
93 94
93 98
97 3
97 11
97 12
97 13
97 14
97 19
97 23
97 25
97 27
97 32
97 35
97 38
97 39
97 40
97 42
97 47
97 48
97 62
97 63
97 73
97 78
97 80
97 84
97 88
97 94
97 98
2 62
2 63
2 71
2 78
2 80
2 88
2 98
62 3
62 4
62 5
62 6
62 7
62 8
62 10
62 12
62 13
62 14
62 15
62 16
62 17
62 18
62 19
62 20
62 21
62 23
62 25
62 26
62 27
62 28
62 29
62 30
62 31
62 32
62 33
62 34
62 35
62 36
62 40
62 42
62 43
62 45
62 46
62 47
62 48
62 63
62 71
62 78
62 84
62 88
62 94
62 96
62 98
63 3
63 4
63 5
63 6
63 8
63 9
63 10
63 11
63 12
63 16
63 18
63 19
63 20
63 21
63 22
63 23
63 24
63 27
63 28
63 29
63 30
63 31
63 32
63 33
63 34
63 35
63 37
63 39
63 40
63 41
63 42
63 43
63 45
63 46
63 47
63 49
63 71
63 73
63 78
63 80
63 84
63 94
63 96
63 98
71 3
71 7
71 8
71 12
71 13
71 14
71 17
71 19
71 20
71 22
71 24
71 25
71 27
71 29
71 31
71 32
71 34
71 35
71 36
71 37
71 38
71 39
71 40
71 42
71 43
71 44
71 45
71 46
71 47
71 73
71 78
71 80
71 84
71 94
71 96
71 98
78 3
78 4
78 6
78 7
78 10
78 12
78 14
78 19
78 20
78 23
78 24
78 25
78 26
78 28
78 30
78 31
78 33
78 35
78 36
78 37
78 40
78 41
78 44
78 46
78 48
78 49
78 73
78 80
78 94
78 96
78 98
80 3
80 5
80 9
80 11
80 16
80 17
80 20
80 21
80 22
80 25
80 29
80 31
80 34
80 37
80 38
80 39
80 41
80 43
80 44
80 45
80 46
80 47
80 73
80 84
80 88
80 98
88 3
88 4
88 5
88 7
88 9
88 10
88 12
88 13
88 17
88 19
88 20
88 25
88 26
88 28
88 31
88 36
88 38
88 41
88 42
88 46
88 49
88 73
88 94
88 98
98 3
98 5
98 7
98 11
98 15
98 23
98 27
98 28
98 29
98 34
98 35
98 42
98 43
98 45
98 46
98 47
98 73
98 84
98 96
3 73
73 4
73 5
73 7
73 10
73 14
73 17
73 18
73 20
73 22
73 24
73 28
73 29
73 30
73 32
73 33
73 34
73 35
73 37
73 38
73 39
73 40
73 41
73 43
73 44
73 45
73 47
73 48
73 49
73 84
73 94
73 96
6 94
94 9
94 10
94 13
94 14
94 16
94 18
94 19
94 25
94 27
94 29
94 33
94 39
94 40
94 42
94 46
94 48
94 49
94 84
7 96
96 8
96 9
96 10
96 12
96 14
96 15
96 16
96 18
96 21
96 27
96 30
96 32
96 33
96 34
96 35
96 37
96 41
96 42
96 45
96 46
96 47
96 48
8 84
84 9
84 11
84 12
84 14
84 17
84 24
84 26
84 29
84 31
84 32
84 34
84 35
84 39
84 40
84 41
84 42
84 43
84 45
84 46
84 49