43 9 2 4 33 27 8 1 25 11 44 42 15 20 24 37 32 14 47 17 22 10 21 41 46 5 23 30 38 18 19 29 26 39 31 0 7 36 34 3 12 6 28 16 35 45 48 40 13 49
43 9
43 29
43 4
43 7
43 38
43 13
43 49
43 27
43 12
43 0
43 25
43 18
43 16
43 15
43 40
43 48
43 1
43 45
43 34
43 26
43 17
43 20
43 22
43 46
43 36
43 21
43 3
43 37
43 14
43 24
43 5
43 6
9 24
9 10
9 5
9 48
9 22
9 41
9 30
9 20
9 14
9 16
9 36
9 37
9 12
9 31
9 35
9 28
9 7
9 18
9 49
9 23
9 17
9 29
9 21
9 26
9 15
9 34
9 46
9 39
9 44
9 1
9 45
9 40
9 4
2 4
2 20
2 13
2 47
2 7
2 6
2 17
2 18
2 46
2 49
2 42
2 33
2 22
2 19
2 1
2 48
2 26
2 0
2 12
2 5
2 21
2 11
2 31
2 30
2 37
2 16
2 8
2 3
2 39
2 23
2 27
2 28
2 38
2 32
2 40
4 8
4 26
4 32
4 20
4 1
4 13
4 10
4 45
4 46
4 16
4 7
4 29
4 40
4 38
4 12
4 18
4 15
4 22
4 33
4 34
4 37
4 5
4 31
4 30
4 19
4 39
4 44
4 47
4 28
4 0
4 14
4 21
4 17
4 48
33 27
33 26
33 10
33 47
33 22
33 36
33 31
33 48
33 37
33 39
33 30
33 44
33 34
33 15
33 49
33 3
33 16
33 24
33 45
33 12
33 40
33 6
33 11
33 41
33 38
33 35
33 29
33 28
33 32
33 0
33 25
33 13
27 37
27 47
27 24
27 21
27 42
27 10
27 32
27 7
27 5
27 31
27 34
27 46
27 45
27 0
27 41
27 13
27 28
27 30
27 25
27 17
27 40
27 8
27 16
27 26
27 11
27 15
27 39
27 44
27 35
27 18
27 38
27 49
8 1
8 47
8 22
8 23
8 38
8 34
8 32
8 26
8 24
8 37
8 39
8 35
8 6
8 20
8 0
8 30
8 15
8 45
8 25
8 44
8 11
8 42
8 19
8 36
8 46
8 3
8 48
8 21
8 40
8 12
8 18
8 10
8 14
8 13
1 44
1 14
1 29
1 42
1 21
1 20
1 32
1 12
1 48
1 41
1 13
1 23
1 47
1 18
1 36
1 6
1 11
1 26
1 30
1 28
1 7
1 49
1 10
1 39
1 40
1 0
1 46
1 37
1 15
1 22
1 5
1 3
25 11
25 15
25 0
25 18
25 12
25 32
25 14
25 19
25 42
25 29
25 21
25 5
25 24
25 7
25 23
25 13
25 20
25 41
25 22
25 35
25 46
25 6
25 3
25 36
25 48
25 31
25 30
25 10
25 44
25 16
25 47
11 17
11 35
11 5
11 28
11 30
11 24
11 21
11 48
11 0
11 49
11 3
11 32
11 36
11 45
11 6
11 14
11 12
11 47
11 38
11 16
11 46
11 10
11 44
11 20
11 22
11 42
44 10
44 19
44 47
44 34
44 0
44 30
44 32
44 3
44 31
44 45
44 26
44 37
44 42
44 35
44 39
44 48
44 28
44 41
44 7
44 6
44 18
44 29
44 12
44 38
44 16
44 20
44 24
44 14
44 36
44 49
42 15
42 23
42 22
42 10
42 40
42 28
42 35
42 30
42 12
42 0
42 3
42 41
42 34
42 49
42 13
42 39
42 38
42 16
42 48
42 31
42 20
42 5
42 46
42 7
42 19
42 47
42 32
42 45
42 29
42 6
42 26
42 36
42 14
15 19
15 6
15 18
15 37
15 34
15 32
15 47
15 31
15 35
15 17
15 22
15 48
15 40
15 7
15 41
15 24
15 30
15 38
15 20
15 45
15 16
15 49
15 36
15 23
15 0
15 29
15 10
15 12
15 13
15 5
20 47
20 26
20 29
20 7
20 24
20 17
20 14
20 38
20 19
20 18
20 40
20 35
20 13
20 34
20 31
20 39
20 48
20 49
20 22
20 32
20 23
20 45
20 12
20 0
20 5
20 6
20 41
24 23
24 3
24 34
24 41
24 7
24 32
24 35
24 16
24 6
24 13
24 29
24 40
24 37
24 14
24 46
24 22
24 49
24 26
24 31
24 17
24 28
24 0
24 39
24 21
24 30
24 47
24 48
37 29
37 10
37 47
37 16
37 6
37 46
37 22
37 35
37 41
37 40
37 26
37 38
37 49
37 28
37 23
37 7
37 34
37 12
37 39
37 32
37 17
37 36
37 45
37 5
37 48
37 3
32 14
32 30
32 12
32 34
32 28
32 16
32 3
32 29
32 17
32 31
32 48
32 40
32 23
32 39
32 38
32 10
32 6
32 18
32 36
32 13
32 5
32 47
32 26
32 21
32 35
32 7
32 41
14 46
14 22
14 0
14 31
14 16
14 45
14 17
14 18
14 35
14 48
14 19
14 5
14 28
14 49
14 47
14 10
14 30
14 26
14 21
14 40
47 22
47 31
47 12
47 29
47 3
47 28
47 13
47 36
47 46
47 40
47 17
47 10
47 0
47 34
47 48
47 49
47 45
47 16
47 21
47 38
47 30
47 19
47 35
47 23
17 6
17 21
17 45
17 13
17 16
17 49
17 34
17 12
17 3
17 29
17 23
17 41
17 26
17 28
17 46
17 30
22 0
22 18
22 48
22 12
22 21
22 28
22 16
22 30
22 5
22 29
22 31
22 46
22 35
22 36
22 39
22 45
22 19
22 6
22 13
22 10
22 34
22 40
22 41
22 23
10 28
10 31
10 5
10 21
10 12
10 49
10 38
10 36
10 46
10 19
10 35
10 3
10 30
10 26
10 23
10 29
21 41
21 23
21 38
21 45
21 31
21 36
21 39
21 46
21 48
21 40
21 6
21 16
21 5
21 30
21 28
21 19
21 7
21 34
21 0
41 39
41 28
41 7
41 46
41 19
41 31
41 40
41 34
41 49
41 38
41 29
41 36
41 6
41 48
41 45
41 16
41 30
41 35
41 12
41 18
41 0
41 3
46 49
46 26
46 6
46 34
46 23
46 5
46 45
46 18
46 35
46 30
46 0
46 7
46 28
46 19
46 12
46 38
46 13
5 0
5 3
5 34
5 19
5 49
5 39
5 40
5 18
5 12
5 30
5 13
5 7
5 38
5 31
5 6
5 35
5 28
5 26
5 36
5 23
5 29
23 26
23 7
23 12
23 39
23 30
23 36
23 29
23 35
23 0
23 19
23 38
23 6
23 3
23 16
23 13
23 49
30 7
30 40
30 3
30 35
30 36
30 16
30 34
30 13
30 49
30 12
30 28
30 6
30 19
30 26
30 18
38 18
38 6
38 36
38 29
38 28
38 45
38 34
38 48
38 19
38 3
38 39
38 26
38 35
18 39
18 40
18 48
18 26
18 28
18 45
18 12
18 31
18 34
18 29
18 0
18 16
18 19
18 3
18 7
18 6
19 29
19 3
19 0
19 39
19 49
19 6
19 36
19 12
19 16
29 3
29 39
29 45
29 28
29 6
29 0
29 12
29 7
29 31
29 40
29 35
29 36
29 13
26 31
26 12
26 16
26 48
26 0
26 49
26 40
26 35
39 35
39 40
39 49
39 16
39 48
39 0
39 28
39 3
39 6
39 12
39 45
31 49
31 35
31 6
31 34
31 0
31 36
31 28
31 48
31 12
0 16
0 6
0 48
0 7
0 12
0 28
0 49
0 3
0 45
7 36
7 6
7 13
7 48
7 40
7 34
7 35
7 49
7 28
7 12
7 16
36 34
36 6
36 13
36 40
36 35
36 28
36 45
36 48
36 3
36 49
36 12
36 16
34 3
34 28
34 45
34 13
34 48
34 12
34 6
3 12
3 28
3 35
3 6
3 48
3 49
3 16
3 45
3 40
12 40
12 35
12 6
12 45
12 49
12 48
6 13
6 28
6 45
6 48
6 16
28 35
28 16
28 40
16 48
16 40
16 45
35 45
35 40
45 49
45 13
45 40
48 49
48 40
48 13
40 49
40 13