0 24 1 7 36 3 39 25 38 21 41 2 47 31 4 11 5 29 49 6 18 14 42 35 10 8 9 12 32 44 13 40 15 16 17 46 26 33 27 19 20 45 37 22 23 28 48 30 34 43
0 24
24 17
24 47
24 49
24 29
1 7
1 36
1 3
1 39
1 25
1 38
1 21
1 41
7 10
7 31
7 29
36 5
36 8
36 10
36 13
36 14
36 15
36 20
36 23
36 31
36 32
36 35
36 39
36 38
36 41
36 44
36 47
3 31
25 6
25 26
38 17
38 21
38 47
21 6
21 9
21 10
21 11
21 13
21 14
21 17
21 19
21 20
21 45
21 40
21 37
21 29
21 35
21 33
21 32
41 31
41 35
41 42
2 47
47 9
47 15
47 23
47 29
47 35
47 42
31 5
31 6
31 8
31 15
31 16
31 17
31 19
31 20
31 23
31 28
31 30
31 48
31 35
31 34
31 45
4 11
11 10
11 29
5 29
5 49
29 15
29 16
29 20
29 28
29 37
29 48
29 32
49 6
49 17
49 19
49 20
49 22
49 23
49 40
49 43
49 45
6 18
6 14
6 42
6 35
18 42
18 26
18 27
14 40
14 42
42 8
42 16
42 17
42 40
35 16
35 45
35 44
10 12
10 32
10 44
17 46
17 26
17 33