25 44 39 36 12 0 49 34 7 24 5 14 26 8 4 42 18 11 32 6 21 17 33 35 46 2 13 31 3 1 40 30 22 48 10 16 27 38 28 9 19 47 41 45 37 15 43 23 29 20
25 44
25 2
25 5
25 17
25 20
25 31
25 38
25 39
25 40
25 42
25 46
25 47
25 48
44 39
44 12
44 21
44 23
44 28
44 37
44 43
44 47
39 36
39 8
39 18
39 19
39 27
39 30
39 33
39 38
39 47
39 49
36 12
36 0
36 24
36 26
36 33
36 41
12 0
12 1
12 3
12 5
12 7
12 14
12 15
12 24
12 29
12 33
12 34
12 38
12 40
12 41
0 49
0 5
0 11
0 20
0 24
0 30
0 48
49 34
49 1
49 2
49 7
49 8
49 17
49 24
49 30
49 32
49 33
49 37
49 38
49 41
49 48
34 7
34 9
34 47
7 24
7 6
7 8
7 15
7 23
7 28
7 30
7 41
24 5
24 1
24 2
24 4
24 15
24 16
24 19
24 27
24 28
24 29
24 30
24 32
5 14
5 4
5 16
5 20
5 21
5 23
5 28
5 30
5 40
14 26
14 1
14 3
14 9
14 17
14 19
14 20
14 22
14 30
14 32
14 33
26 8
26 10
26 11
26 15
26 22
26 40
26 41
26 43
8 4
8 20
8 22
8 31
8 47
8 48
4 42
4 1
4 6
4 21
4 22
4 23
4 40
4 43
4 45
42 18
42 21
42 22
42 27
42 30
42 31
42 35
42 41
42 47
18 11
18 1
18 2
18 23
18 28
18 31
18 32
18 35
18 37
18 38
11 32
11 1
11 10
11 13
11 23
11 47
11 48
32 6
32 21
32 35
32 37
32 45
6 21
6 1
6 10
6 13
6 23
6 38
6 43
6 46
21 17
21 9
21 13
21 27
21 41
21 46
21 48
17 33
17 22
17 37
17 40
17 45
33 35
35 46
35 1
35 23
35 28
35 31
35 38
46 2
46 9
46 30
46 47
2 13
2 16
2 28
2 29
2 43
13 31
13 1
13 19
13 23
13 45
31 3
31 1
31 9
31 19
31 28
31 37
31 41
31 43
3 1
3 27
3 45
1 40
1 15
1 20
1 37
1 48
40 30
40 9
40 10
40 19
40 27
40 37
40 45
40 48
30 22
30 9
30 10
30 15
22 48
22 38
22 43
22 47
48 10
48 9
48 27
48 28
48 37
10 16
10 47
16 27
16 29
16 43
27 38
27 15
27 20
27 23
27 28
27 43
38 28
28 9
9 19
9 43
9 47
19 47
19 45
47 41
41 45
41 23
41 37
45 37
45 29
37 15
37 20
15 43
43 23
43 20
23 29
23 20
29 20