0 1 2 3 4 5 6 7 8 9 10 11 12 13 14 15 16 17 18 19 20 21 22 23 24 25 26 27 28 29 30 31 32 33 34 35 36 37 38 39 40 41 42 43 44 45 46 47 48 49
0 1
0 2
0 3
0 4
0 5
0 6
0 7
0 8
0 9
0 10
0 11
0 12
0 13
0 14
0 15
0 16
0 17
0 18
0 19
0 20
0 21
0 22
0 23
0 24
0 25
0 26
0 27
0 28
0 29
0 30
0 31
0 32
0 33
0 34
0 35
0 36
0 37
0 38
0 39
0 40
0 41
0 42
0 43
0 44
0 45
0 46
0 47
0 48
0 49
1 32
1 2
1 27
1 42
1 33
1 3
1 19
1 24
1 38
1 40
1 8
1 22
1 28
1 25
1 37
1 11
1 29
1 45
1 15
1 47
1 14
1 49
1 23
1 4
1 5
1 9
1 21
1 31
1 39
1 41
2 9
2 17
2 34
2 16
2 35
2 22
2 31
2 4
2 47
2 40
2 39
2 13
2 43
2 44
2 6
2 45
2 49
2 38
2 3
2 32
2 25
2 20
2 29
2 7
2 8
2 23
2 37
2 41
3 47
3 41
3 38
3 32
3 27
3 24
3 28
3 16
3 26
3 14
3 17
3 11
3 48
3 36
3 13
3 31
3 6
3 49
3 19
3 18
3 30
3 10
3 22
3 5
3 23
3 4
3 21
3 8
3 9
3 12
3 15
3 20
3 37
3 39
3 40
4 10
4 21
4 32
4 14
4 36
4 46
4 30
4 38
4 34
4 44
4 5
4 18
4 9
4 40
4 29
4 39
4 33
4 11
4 26
4 12
4 48
4 42
4 49
4 45
4 8
4 37
4 6
4 15
4 16
4 17
4 22
5 28
5 17
5 49
5 20
5 14
5 38
5 10
5 13
5 8
5 9
5 11
5 21
5 22
5 23
5 24
5 27
5 29
5 32
5 33
5 34
5 41
5 42
5 43
5 44
6 16
6 18
6 23
6 35
6 28
6 12
6 27
6 46
6 13
6 9
6 14
6 29
6 22
6 40
6 21
6 44
6 26
6 45
6 24
6 7
6 10
6 11
6 17
6 41
6 43
7 24
7 12
7 37
7 11
7 43
7 33
7 20
7 39
7 47
7 25
7 13
7 38
7 9
7 16
7 22
7 27
7 29
7 32
7 35
7 36
7 40
8 22
8 16
8 15
8 46
8 31
8 43
8 30
8 42
8 41
8 36
8 29
8 10
8 34
8 40
9 47
9 43
9 31
9 27
9 45
9 11
9 49
9 44
9 32
9 18
9 12
9 23
9 10
9 21
9 17
9 33
9 39
9 46
10 46
10 44
10 18
10 15
10 27
10 38
10 37
10 30
10 31
10 12
10 19
10 17
10 16
10 24
10 14
10 21
10 29
10 41
11 43
11 26
11 17
11 25
11 14
11 38
11 30
11 24
11 45
11 12
11 21
11 41
11 28
11 34
11 27
11 42
11 37
11 33
11 13
11 18
11 22
11 32
11 35
11 36
11 39
12 49
12 33
12 30
12 38
12 45
12 48
12 23
12 47
12 17
12 41
12 36
12 21
12 27
12 29
12 35
12 46
12 24
12 44
12 15
12 34
12 18
12 37
12 39
13 16
13 30
13 31
13 32
13 40
13 42
14 42
14 47
14 48
14 24
14 17
14 23
14 15
14 16
14 18
14 25
14 37
14 41
15 48
15 23
15 49
15 33
15 19
15 27
15 47
15 29
15 28
15 35
15 31
15 45
15 18
15 30
15 32
15 40
15 42
16 48
16 28
16 17
16 26
16 25
16 23
16 21
16 33
16 35
16 39
16 44
16 46
17 18
17 36
17 35
17 20
17 40
17 34
17 25
17 27
17 41
17 43
17 22
17 23
17 32
17 39
18 26
18 20
18 21
18 47
18 44
18 45
18 22
18 31
18 28
18 46
18 48
18 23
18 24
18 32
18 33
18 35
18 37
18 39
18 40
18 41
19 22
19 26
19 27
19 29
19 33
19 35
19 37
19 42
20 48
20 38
20 44
20 35
20 43
20 25
20 21
20 33
20 37
20 40
20 41
20 42
20 46
21 30
21 43
21 46
21 48
21 32
21 29
21 38
21 27
21 37
21 35
21 40
21 42
21 24
21 33
21 39
21 45
22 49
22 43
22 24
22 35
22 36
22 42
22 31
22 46
22 40
22 27
22 48
22 45
22 44
22 28
22 38
22 33
22 47
22 29
22 37
22 39
22 41
23 44
23 49
23 25
23 34
23 27
23 29
23 45
23 28
23 30
23 31
23 33
23 37
23 41
23 43
24 46
24 27
24 36
24 28
24 38
24 43
24 40
24 29
24 39
24 41
25 28
25 29
25 32
25 35
25 41
25 42
25 47
26 40
26 27
26 30
26 36
26 37
26 41
26 42
26 45
27 39
27 29
27 45
27 32
27 34
27 31
27 37
27 36
27 47
27 48
27 35
27 33
27 40
27 41
27 44
28 40
28 31
28 35
28 29
28 33
28 36
28 37
28 39
29 42
29 30
29 34
29 33
29 44
29 41
29 38
29 32
29 35
29 37
29 46
30 37
30 38
30 47
30 39
30 40
30 44
31 44
31 48
31 32
31 33
31 37
31 41
31 42
32 39
32 38
32 35
32 37
32 36
32 46
32 40
32 33
32 41
33 48
33 44
33 42
33 34
33 40
33 49
33 41
33 37
33 38
33 43
33 45
33 46
34 48
34 49
34 43
34 40
34 39
34 44
35 48
35 43
35 38
35 45
35 40
35 42
36 49
36 37
36 41
36 45
37 49
37 45
37 41
37 40
37 44
37 38
37 46
38 42
38 44
38 39
38 41
38 46
39 44
39 49
39 40
39 48
39 41
39 45
39 47
40 44
40 48
40 46
40 47
40 41
40 43
40 42
41 42
41 43
41 45
42 47
42 45
43 46
44 46
44 45
44 48
44 47
45 47
45 46