0 1 29 25 2 24 3 21 44 46 4 30 9 11 36 5 35 12 42 6 38 8 13 7 49 28 37 47 10 27 23 18 43 17 20 14 34 15 16 45 33 19 48 22 32 31 39 26 40 41
0 1
0 29
0 25
1 2
1 24
29 27
29 28
29 30
29 38
25 24
25 26
25 33
25 27
25 35
2 3
2 21
2 44
2 46
24 23
24 35
3 4
3 30
3 9
3 11
3 36
21 20
21 22
21 32
21 23
44 23
44 40
44 43
44 45
46 36
46 45
46 47
4 5
4 35
4 12
4 42
30 18
30 31
30 37
9 8
9 10
9 27
9 36
9 23
9 28
9 18
11 10
11 12
11 17
36 28
36 35
36 37
5 6
5 38
5 8
5 13
35 6
35 34
12 13
12 20
42 33
42 41
42 43
6 7
6 49
6 28
38 37
38 39
8 7
8 47
13 14
13 23
13 34
7 37
49 31
49 48
28 27
28 39
47 48
10 43
10 27
27 15
27 26
27 40
23 22
23 31
23 39
23 48
18 17
18 19
43 40
17 16
17 33
20 19
20 48
14 15
14 34
34 22
34 33
15 16
16 45
33 32
32 31
39 40
40 41