0 4 8 14 22 32 34 39 47 1 15 24 27 42 2 3 7 11 19 38 12 18 28 49 5 13 41 45 6 9 20 35 36 44 16 21 48 23 10 43 26 37 40 31 17 46 29 25 30 33
0 4
0 8
0 14
0 22
0 32
0 34
0 39
0 47
4 12
4 18
4 39
4 47
8 2
8 9
8 28
8 41
8 42
14 3
14 16
14 31
14 35
14 40
14 48
22 19
32 10
32 12
32 13
32 27
32 34
34 9
34 18
34 33
34 48
39 12
39 18
39 25
39 38
39 47
39 48
47 1
47 16
47 20
47 33
47 38
47 45
47 48
1 15
1 24
1 27
1 42
15 3
15 16
24 2
24 13
24 20
24 44
24 46
24 48
27 5
27 6
27 42
42 13
42 20
42 25
42 35
2 3
2 7
2 11
2 19
2 38
3 7
3 12
3 18
3 28
3 49
7 16
7 21
7 48
7 49
11 6
11 13
11 21
11 23
11 26
11 37
19 20
19 21
19 26
19 35
19 37
19 43
38 21
38 25
38 33
38 37
38 41
38 49
12 10
12 40
12 48
18 37
18 41
18 46
28 31
49 5
49 10
49 16
49 20
49 31
49 33
49 35
49 36
49 43
5 13
5 41
5 45
13 10
13 16
13 35
41 9
41 33
41 35
45 17
45 25
45 26
45 44
6 9
6 20
6 35
6 36
6 44
9 23
20 10
20 23
20 26
35 31
35 44
35 48
44 25
16 37
21 10
21 31
48 43
23 17
23 29
23 46
10 43
26 17
26 30
40 25
40 30
31 46