0 1 2 3 23 40 48 38 32 34 12 36 26 14 28 8 31 16 41 18 46 11 27 30 29 35 39 42 5 4 25 44 43 20 17 19 37 21 10 33 7 13 6 47 22 49 15 9 24 45
0 1
0 2
0 3
0 23
0 40
0 48
0 38
0 32
0 34
0 12
0 36
0 26
0 14
0 28
0 8
0 31
0 16
0 41
0 18
0 46
0 11
0 27
0 30
0 29
0 35
0 39
0 42
0 5
0 4
0 25
0 0
1 39
1 4
1 23
1 16
1 18
1 40
1 44
1 26
1 43
1 20
1 17
1 19
1 2
1 27
1 46
1 38
1 28
1 48
1 37
1 21
1 31
1 10
1 33
1 7
1 5
1 41
1 25
1 13
1 1
2 4
2 6
2 33
2 48
2 32
2 41
2 11
2 47
2 42
2 44
2 12
2 7
2 37
2 35
2 22
2 21
2 46
2 25
2 3
2 49
2 8
2 30
2 38
2 17
2 13
2 15
2 16
2 14
2 10
2 9
2 18
2 24
2 2
3 7
3 8
3 14
3 20
3 33
3 38
3 5
3 24
3 18
3 44
3 9
3 36
3 49
3 37
3 6
3 39
3 12
3 42
3 30
3 4
3 10
3 35
3 15
3 48
3 31
3 17
3 3
23 4
23 5
23 7
23 8
23 9
23 12
23 14
23 17
23 19
23 20
23 21
23 26
23 44
23 38
23 32
23 47
23 49
23 27
23 43
23 41
23 25
23 39
23 35
23 24
23 30
23 31
23 29
23 23
40 6
40 10
40 11
40 12
40 18
40 22
40 26
40 27
40 28
40 29
40 30
40 35
40 36
40 48
40 45
40 43
40 46
40 42
40 40
48 5
48 9
48 10
48 12
48 14
48 17
48 19
48 20
48 22
48 24
48 25
48 29
48 30
48 31
48 33
48 36
48 38
48 47
48 49
48 48
38 5
38 6
38 10
38 12
38 13
38 16
38 18
38 20
38 22
38 25
38 26
38 27
38 28
38 31
38 32
38 36
38 46
38 43
38 41
38 49
38 47
38 42
38 38
32 5
32 9
32 10
32 13
32 14
32 17
32 19
32 20
32 21
32 22
32 24
32 25
32 29
32 30
32 31
32 44
32 42
32 36
32 37
32 34
32 46
32 32
34 4
34 5
34 6
34 7
34 9
34 11
34 12
34 16
34 19
34 20
34 24
34 26
34 27
34 28
34 31
34 33
34 36
34 49
34 37
34 39
34 34
12 4
12 5
12 7
12 8
12 9
12 10
12 11
12 30
12 39
12 18
12 31
12 19
12 46
12 37
12 41
12 29
12 33
12 44
12 35
12 25
12 17
12 26
12 27
12 24
12 47
12 16
12 12
36 4
36 8
36 10
36 15
36 18
36 20
36 21
36 22
36 24
36 26
36 27
36 43
36 44
36 42
36 37
36 49
36 45
36 36
26 5
26 6
26 8
26 9
26 10
26 14
26 16
26 18
26 19
26 35
26 31
26 39
26 29
26 44
26 45
26 47
26 27
26 43
26 49
26 41
26 46
26 37
26 30
26 26
14 4
14 5
14 6
14 8
14 9
14 11
14 13
14 18
14 21
14 27
14 24
14 41
14 16
14 45
14 46
14 47
14 17
14 15
14 49
14 31
14 14
28 7
28 8
28 9
28 10
28 11
28 13
28 15
28 17
28 21
28 22
28 24
28 27
28 30
28 33
28 35
28 42
28 49
28 41
28 43
28 28
8 4
8 7
8 47
8 37
8 30
8 13
8 35
8 9
8 27
8 18
8 41
8 15
8 17
8 21
8 42
8 8
31 5
31 9
31 10
31 11
31 13
31 15
31 18
31 19
31 24
31 29
31 30
31 41
31 42
31 37
31 31
16 4
16 5
16 6
16 9
16 13
16 15
16 44
16 45
16 41
16 37
16 21
16 46
16 43
16 42
16 29
16 18
16 39
16 35
16 16
41 5
41 9
41 13
41 15
41 17
41 19
41 21
41 22
41 25
41 35
41 47
41 49
41 45
41 43
41 44
41 46
41 41
18 4
18 5
18 6
18 9
18 13
18 15
18 17
18 45
18 21
18 46
18 49
18 43
18 29
18 24
18 25
18 27
18 44
18 19
18 22
18 33
18 37
18 20
18 30
18 18
46 4
46 5
46 6
46 7
46 9
46 15
46 20
46 22
46 24
46 44
46 49
46 46
11 4
11 6
11 7
11 17
11 44
11 15
11 29
11 20
11 19
11 42
11 49
11 37
11 33
11 21
11 43
11 11
27 5
27 7
27 10
27 13
27 15
27 17
27 20
27 21
27 42
27 39
27 29
27 49
27 45
27 43
27 47
27 30
27 37
27 27
30 5
30 7
30 9
30 13
30 17
30 21
30 24
30 45
30 37
30 47
30 44
30 42
30 30
29 4
29 6
29 7
29 15
29 17
29 19
29 20
29 22
29 44
29 42
29 35
29 33
29 29
35 4
35 5
35 6
35 7
35 9
35 13
35 19
35 20
35 45
35 43
35 39
35 37
35 35
39 4
39 5
39 6
39 9
39 10
39 17
39 21
39 24
39 33
39 43
39 47
39 42
39 39
42 4
42 10
42 13
42 15
42 21
42 22
42 33
42 47
42 43
42 45
42 42
5 4
5 45
5 19
5 37
5 13
5 25
5 15
5 6
5 7
5 44
5 43
5 5
4 13
4 10
4 6
4 44
4 45
4 25
4 21
4 24
4 19
4 9
4 7
4 20
4 4
25 6
25 7
25 9
25 15
25 17
25 20
25 21
25 37
25 49
25 43
25 47
25 33
25 25
44 7
44 9
44 13
44 15
44 19
44 20
44 21
44 22
44 37
44 49
44 44
43 9
43 10
43 13
43 17
43 20
43 21
43 45
43 47
43 43
20 9
20 13
20 15
20 24
20 22
20 37
20 47
20 20
17 6
17 9
17 33
17 24
17 19
17 37
17 47
17 17
19 6
19 10
19 13
19 47
19 45
19 19
37 6
37 9
37 21
37 45
37 47
37 49
37 37
21 6
21 15
21 24
21 47
21 33
21 45
21 21
10 6
10 7
10 9
10 22
10 49
10 33
10 47
10 15
10 10
33 7
33 9
33 15
33 22
33 47
33 49
33 33
7 6
7 9
7 15
7 47
7 24
7 7
13 49
13 24
13 45
13 13
6 15
6 22
6 49
6 24
6 6
47 9
47 22
47 49
47 47
22 49
22 24
22 45
22 22
49 9
49 49
15 9
15 24
15 15
9 24
9 9
24 24
45 45