0 1 2 3 6 9 11 4 12 13 5 7 8 10 14 15 16 17 18 19 20 21 22 23 24 25 34 36 26 29 37 38 39 28 40 41 42 30 31 43 44 45 32 33 35 27
0 1
0 2
0 3
0 44
0 35
0 38
0 41
1 2
1 3
1 6
2 3
2 9
3 11
6 7
6 13
6 14
6 15
9 8
9 10
9 19
11 10
11 12
11 22
4 12
4 13
12 13
12 23
12 24
13 25
5 7
5 8
7 8
7 16
8 17
8 18
10 20
10 21
14 15
14 25
14 34
15 16
15 34
15 36
16 17
16 36
16 26
16 29
17 18
17 29
17 37
17 38
18 19
18 37
18 39
19 20
19 39
19 28
19 29
20 21
20 40
20 41
21 22
21 41
21 42
22 23
22 42
22 30
22 31
23 24
23 43
23 44
23 45
24 25
24 45
25 32
25 33
34 36
34 35
36 35
26 27
26 38
29 28
37 38
37 39
38 39
28 41
40 41
41 42
30 31
30 44
43 44
44 45
32 33
32 35