49 10 30 5 43 44 22 3 32 27 2 4 37 21 11 38 28 48 13 40 18 35 0 25 19 23 41 1 6 20 39 29 24 33 12 8 15 7 45 31 42 36 34 26 17 9 47 46 16 14
49 10
49 22
49 40
49 39
49 23
49 2
49 19
49 3
10 18
10 29
10 40
10 34
10 26
10 36
30 5
30 11
30 2
30 33
30 31
30 0
5 20
5 1
5 11
5 8
5 46
5 32
5 9
5 38
43 44
43 21
43 34
43 17
43 8
44 29
44 16
44 41
44 2
22 19
22 37
22 13
22 14
22 21
3 32
3 6
3 4
3 36
3 24
3 28
3 38
3 16
3 18
3 48
32 27
32 28
32 12
32 35
32 46
27 2
27 35
27 0
27 23
27 37
2 13
2 42
2 23
2 29
4 37
4 38
4 47
4 25
4 17
37 21
37 29
37 38
37 41
37 34
21 11
21 20
21 29
21 23
21 18
21 24
21 26
11 12
11 28
11 6
11 42
38 42
38 33
38 1
38 24
38 31
28 48
28 41
28 20
48 19
13 40
13 34
13 46
13 31
13 47
18 19
35 1
35 31
0 25
0 47
25 8
25 9
25 42
25 15
19 23
19 20
23 47
23 7
23 26
23 34
41 1
41 39
41 42
1 24
1 33
6 20
6 8
6 42
6 16
20 46
20 12
20 8
39 8
39 16
29 8
29 15
29 17
24 33
12 31
8 16
15 26
15 14
7 45
7 31
7 26
45 47
31 34
31 42
31 47
36 17
36 9
34 14
26 9
47 46