0 1 2 3 4 5 6 7 8 9 10 11 12 13 14 15 16 17 18 19 20 21 22 23 24 25 26 27 28 29 30 31 32 33 34 35 36 37 38 39 40 41 42 43 44 45 46 47 48 49
0 1
0 49
0 30
1 2
1 36
1 20
1 17
2 3
2 43
2 26
3 4
4 5
5 6
5 16
6 7
6 24
7 8
7 40
7 17
8 9
8 46
9 10
9 48
9 39
9 15
9 47
10 11
11 12
11 29
11 36
12 13
12 48
13 14
13 45
13 15
13 17
14 15
14 35
14 44
15 16
16 17
17 18
17 32
18 19
18 26
19 20
19 47
20 21
21 22
21 43
21 46
21 29
21 44
22 23
22 48
22 27
23 24
24 25
24 27
25 26
25 33
25 43
26 27
26 49
26 45
26 34
27 28
27 48
28 29
28 37
28 31
28 30
29 30
30 31
31 32
32 33
33 34
34 35
34 36
35 36
36 37
37 38
37 49
38 39
39 40
40 41
41 42
42 43
42 42
43 44
44 45
45 46
46 47
47 48
48 49
49 49