3 37 22 33 28 44 43 45 6 8 0 10 29 32 30 11 40 12 46 16 26 42 31 17 19 34 35 36 13 18 7 15 41 20 47 21 14 27 38 24 49 1 2 25 9 39 4 48 23 5
3 37
3 42
3 27
3 43
3 0
3 39
37 15
37 17
22 33
22 8
22 41
22 49
33 30
33 29
33 45
33 39
33 10
28 44
28 49
28 42
44 31
44 6
43 45
43 25
43 36
43 1
43 31
43 40
43 9
43 6
43 47
45 24
45 30
45 21
45 41
6 8
6 10
8 36
8 14
8 31
0 10
0 38
0 11
0 17
10 21
29 32
29 17
29 36
29 41
29 9
29 40
32 2
32 48
32 19
32 14
32 1
30 18
30 17
30 39
30 38
30 49
30 9
30 15
11 40
11 7
11 36
11 41
11 4
11 20
11 5
40 41
40 18
40 17
12 46
12 47
12 9
12 4
12 7
12 1
12 17
46 20
46 21
46 26
46 4
16 26
16 20
16 35
16 5
16 23
26 39
26 1
26 15
26 20
42 24
42 15
42 9
31 14
31 36
17 19
17 34
19 13
19 49
19 48
19 36
19 4
34 35
34 20
35 38
35 2
35 48
13 23
18 1
18 38
15 41
15 20
41 24
47 49
21 27
14 27
24 23
49 2
2 4
9 23
4 5