0 42 41 19 20 2 1 14 38 25 43 3 49 4 16 40 39 47 46 37 30 5 22 45 33 6 48 31 44 7 15 18 8 12 9 27 10 28 11 32 17 13 35 36 26 21 24 23 29 34
0 42
0 41
0 19
0 20
0 2
0 12
0 15
0 29
0 47
0 49
42 21
42 23
42 38
42 11
42 20
42 49
42 19
42 43
41 23
41 1
41 25
41 44
41 47
41 40
19 1
19 8
19 17
19 16
19 13
19 18
19 31
19 2
19 28
19 43
20 27
20 2
20 39
20 36
20 6
20 21
20 35
2 38
2 3
2 49
2 1
2 15
2 24
2 34
2 47
1 14
1 38
1 25
1 43
1 7
1 21
1 27
1 32
1 34
1 35
14 10
14 30
14 14
14 46
14 16
14 32
14 27
14 37
14 39
38 4
38 6
38 18
38 29
38 30
38 31
38 32
38 27
38 38
38 26
38 46
25 9
25 17
25 22
25 26
25 24
25 33
25 6
25 27
25 35
43 7
43 13
43 21
43 40
43 36
43 39
43 46
3 4
3 16
3 40
3 39
3 47
3 33
3 44
49 39
49 46
49 44
49 27
49 7
49 18
4 16
4 46
4 37
4 30
4 7
4 10
4 24
4 40
4 45
16 5
16 9
16 40
16 27
16 36
16 11
16 22
16 24
16 33
16 34
40 23
40 37
40 7
40 34
40 12
40 28
39 15
39 35
39 34
39 21
39 10
47 26
47 35
47 9
47 10
46 5
46 9
46 17
46 33
46 18
37 8
37 22
37 7
37 28
30 8
30 11
30 17
30 21
30 22
30 32
5 22
5 45
5 33
22 24
22 28
22 15
22 29
22 32
45 6
45 9
45 12
45 18
45 31
45 11
45 48
33 12
33 18
33 28
33 32
33 11
6 48
6 31
6 44
6 10
6 28
48 18
48 17
48 15
48 24
31 9
31 13
31 44
44 26
44 34
44 17
44 7
7 15
7 18
7 21
15 13
15 18
15 28
18 8
18 28
18 13
18 27
8 12
8 8
8 10
12 11
12 27
9 27
27 24
27 36
10 28
10 11
10 26
28 13
28 34
28 32
11 32
11 17
32 13
32 29
32 34
32 36
17 26
13 35
13 23
13 24
13 26
35 29
36 23
36 26
36 34
21 24
24 29
23 29
23 34