0 1 2 4 5 6 7 8 9 10 25 12 11 13 14 15 16 18 17 19 20 21 22 23 24 47 3 26 27 28 29 30 31 32 33 34 35 49 36 37 38 39 40 42 41 43 44 45 46 48
0 1
0 2
0 4
0 5
1 4
2 18
4 9
5 6
5 7
5 8
6 7
6 8
7 8
7 15
7 39
8 11
9 10
10 25
10 12
25 26
25 27
25 28
25 29
12 11
12 13
13 14
14 15
14 23
14 24
15 16
16 18
18 17
18 19
18 21
19 20
19 44
20 21
20 3
21 22
21 47
22 23
22 24
24 38
47 46
47 38
26 28
28 33
29 30
29 31
29 32
30 31
30 32
31 32
32 35
33 34
33 35
34 49
34 36
34 42
35 36
49 45
36 37
37 38
38 39
39 40
40 42
42 41
42 43
42 45
44 45
46 48