0 2 3 6 16 17 18 21 22 33 40 41 47 48 49 1 4 7 9 14 20 23 37 46 8 12 13 19 26 44 28 45 11 15 27 35 5 43 38 39 25 31 42 32 10 29 30 24 34 36
0 2
0 3
0 6
0 16
0 17
0 18
0 21
0 22
0 33
0 40
0 41
0 47
0 48
0 49
0 9
0 12
0 14
0 15
0 27
0 29
0 30
0 35
0 39
0 42
0 45
2 1
2 3
2 7
2 8
2 12
2 13
2 14
2 16
2 17
2 19
2 20
2 26
2 33
2 41
2 44
2 46
2 48
2 10
2 15
2 21
2 25
2 29
2 32
2 38
2 47
3 6
3 7
3 12
3 14
3 17
3 19
3 23
3 26
3 28
3 40
3 41
3 44
3 45
3 4
3 18
3 27
3 29
3 33
3 34
3 42
3 49
6 1
6 16
6 17
6 18
6 23
6 26
6 37
6 38
6 39
6 40
6 45
6 47
6 48
6 7
6 11
6 12
6 14
6 19
6 21
6 22
6 30
6 31
6 32
6 33
6 36
6 42
6 49
16 5
16 11
16 13
16 4
16 12
16 19
16 21
16 24
16 29
16 45
16 47
16 18
16 23
16 32
16 34
16 35
16 39
16 40
16 41
16 42
16 49
17 1
17 9
17 10
17 13
17 15
17 7
17 12
17 21
17 24
17 33
17 43
17 46
17 18
17 22
17 23
17 30
17 35
17 36
17 38
18 8
18 15
18 10
18 20
18 22
18 24
18 26
18 33
18 34
18 36
18 39
18 41
18 46
18 49
18 21
18 25
18 35
18 42
18 45
21 4
21 7
21 8
21 11
21 14
21 1
21 5
21 29
21 37
21 39
21 41
21 43
21 47
21 32
21 46
21 48
22 7
22 13
22 19
22 5
22 20
22 26
22 29
22 30
22 32
22 34
22 35
22 36
22 38
22 45
22 47
22 48
22 27
22 28
22 33
33 4
33 19
33 20
33 25
33 5
33 7
33 13
33 15
33 29
33 30
33 34
33 48
33 49
33 40
33 46
33 47
40 5
40 23
40 29
40 7
40 8
40 10
40 24
40 26
40 30
40 32
40 34
40 37
40 41
40 48
40 45
40 47
41 4
41 25
41 26
41 30
41 32
41 36
41 37
41 10
41 13
41 15
41 19
41 42
41 44
41 48
41 49
41 46
47 7
47 15
47 19
47 20
47 28
47 31
47 42
47 44
47 1
47 4
47 5
47 12
47 14
47 27
47 29
47 37
47 48
48 9
48 10
48 15
48 23
48 24
48 26
48 32
48 36
48 38
48 43
48 1
48 20
48 25
48 31
48 45
49 11
49 12
49 31
49 32
49 36
49 45
49 9
49 14
49 27
49 34
49 35
49 42
49 46
1 4
1 7
1 9
1 14
1 20
1 23
1 37
1 46
1 24
1 26
1 32
1 38
1 42
1 44
4 8
4 11
4 12
4 15
4 27
4 35
4 45
4 5
4 19
4 26
4 34
4 37
4 38
7 12
7 15
7 19
7 23
7 25
7 31
7 42
7 46
7 30
7 38
7 43
9 5
9 12
9 13
9 15
9 23
9 26
9 31
9 37
9 27
9 39
9 43
14 11
14 13
14 19
14 24
14 25
14 35
14 43
14 44
14 20
14 23
14 26
14 28
14 31
14 32
14 38
14 39
14 42
20 13
20 8
20 12
20 15
20 25
20 28
20 30
20 32
20 36
20 43
20 46
20 26
20 31
20 38
20 44
23 10
23 19
23 8
23 11
23 26
23 29
23 30
23 37
23 42
23 25
23 28
23 31
23 36
23 43
23 46
37 15
37 24
37 25
37 26
37 28
37 29
37 35
37 8
37 30
37 39
37 38
46 24
46 29
46 35
46 36
46 42
46 5
46 10
46 28
8 11
8 25
8 32
8 42
8 24
8 26
8 27
12 11
12 5
12 30
12 42
12 43
12 44
12 15
12 26
12 28
12 31
12 38
12 39
13 5
13 19
13 27
13 29
13 32
13 34
13 35
13 36
13 39
13 26
13 30
13 42
13 45
19 5
19 29
19 34
19 38
19 25
19 26
19 27
19 30
19 35
19 42
19 43
26 5
26 25
26 29
26 34
26 27
26 45
44 11
44 24
44 27
44 29
44 35
44 36
44 38
44 39
44 42
44 45
28 5
28 11
28 27
28 34
28 42
28 43
28 30
28 38
45 10
45 25
45 32
45 5
45 39
11 24
11 27
11 29
11 34
11 36
11 39
11 42
11 43
11 15
11 25
11 35
15 24
15 27
15 30
15 36
15 39
15 43
15 25
15 31
15 32
15 38
27 10
27 25
27 24
27 29
27 30
27 32
27 34
27 36
35 10
35 31
35 32
35 24
35 30
35 34
35 42
5 43
5 10
5 31
5 36
43 10
43 25
43 36
43 42
43 30
43 31
43 32
38 10
38 36
38 24
38 29
38 32
38 39
39 24
39 34
39 36
25 24
25 31
25 29
25 30
25 42
31 29
31 42
42 36
42 10
32 30
32 10
32 36
10 29
10 30
10 24
29 30
29 36
29 34
30 24
30 34
30 36
24 34