0 2 1 3 7 42 45 5 4 6 9 44 8 10 14 12 11 13 16 15 17 21 19 18 20 23 22 24 28 26 25 27 30 29 31 35 33 32 34 37 36 38 40 39 41 43 47 46 48
0 2
0 1
0 3
0 7
0 42
2 1
2 5
2 3
2 4
2 6
2 9
2 44
1 45
3 8
7 9
7 8
7 10
7 14
42 35
42 44
42 43
42 45
45 44
5 4
5 6
9 8
9 12
9 10
9 11
9 13
9 16
44 37
44 43
44 47
44 46
44 48
10 15
14 16
14 15
14 17
14 21
12 11
12 13
16 15
16 19
16 17
16 18
16 20
16 23
17 22
21 23
21 22
21 24
21 28
19 18
19 20
23 22
23 26
23 24
23 25
23 27
23 30
24 29
28 30
28 29
28 31
28 35
26 25
26 27
30 29
30 33
30 31
30 32
30 34
30 37
31 36
35 37
35 36
35 38
33 32
33 34
37 36
37 40
37 38
37 39
37 41
38 43
40 39
40 41
47 46
47 48