0 11 13 14 18 19 20 21 22 23 24 25 26 3 32 33 35 39 41 43 45 46 48 5 6 8 9 1 15 2 29 4 40 42 7 10 16 17 27 28 30 31 34 38 44 47 36 37 12
0 11
0 13
0 14
0 18
0 19
0 20
0 21
0 22
0 23
0 24
0 25
0 26
0 3
0 32
0 33
0 35
0 39
0 41
0 43
0 45
0 46
0 48
0 5
0 6
0 8
0 9
11 1
11 14
11 15
11 16
11 17
11 18
11 19
11 20
11 21
11 22
11 23
11 26
11 27
11 28
11 29
11 30
11 33
11 34
11 36
11 37
11 38
11 41
11 44
11 45
11 46
11 47
11 2
11 4
11 5
11 7
13 14
13 16
13 18
13 19
13 22
13 25
13 28
13 29
13 30
13 31
13 32
13 33
13 34
13 37
13 38
13 39
13 42
13 45
13 46
13 47
13 5
13 7
13 9
14 1
14 10
14 12
14 15
14 16
14 17
14 18
14 20
14 21
14 23
14 28
14 29
14 30
14 31
14 32
14 35
14 37
14 39
14 40
14 41
14 42
14 48
14 3
14 6
14 9
18 1
18 12
18 19
18 20
18 21
18 22
18 23
18 24
18 26
18 31
18 34
18 36
18 41
18 42
18 43
18 44
18 47
18 48
18 2
18 3
18 4
18 6
18 7
18 8
18 9
19 1
19 10
19 16
19 17
19 21
19 22
19 24
19 25
19 26
19 27
19 28
19 30
19 31
19 32
19 33
19 37
19 38
19 39
19 43
19 47
19 2
19 3
19 4
19 5
19 6
19 7
19 9
20 16
20 17
20 2
20 21
20 22
20 23
20 25
20 27
20 29
20 30
20 33
20 38
20 39
20 40
20 41
20 42
20 43
20 44
20 47
20 4
20 5
20 6
20 7
20 8
20 9
21 1
21 12
21 15
21 16
21 2
21 22
21 23
21 24
21 26
21 30
21 33
21 34
21 38
21 41
21 42
21 43
21 44
21 45
21 46
21 47
21 48
21 3
21 4
21 5
21 6
21 7
21 8
21 9
22 1
22 2
22 25
22 27
22 31
22 32
22 35
22 37
22 39
22 44
22 4
22 5
22 6
22 8
23 10
23 12
23 17
23 25
23 26
23 27
23 28
23 29
23 31
23 34
23 37
23 38
23 39
23 40
23 41
23 42
23 43
23 44
23 45
23 47
23 48
23 3
23 4
23 6
23 8
24 12
24 15
24 16
24 26
24 28
24 29
24 31
24 33
24 35
24 36
24 38
24 39
24 41
24 44
24 47
24 5
24 6
24 8
25 12
25 16
25 17
25 27
25 28
25 30
25 32
25 35
25 36
25 37
25 38
25 39
25 40
25 42
25 46
25 47
25 48
25 6
25 7
25 8
26 1
26 12
26 15
26 16
26 17
26 27
26 30
26 34
26 35
26 36
26 38
26 40
26 41
26 42
26 43
26 44
26 47
26 4
26 6
26 8
3 1
3 10
3 12
3 15
3 27
3 28
3 32
3 33
3 35
3 36
3 4
3 40
3 41
3 44
3 46
3 47
3 48
3 9
32 1
32 10
32 12
32 15
32 17
32 27
32 28
32 30
32 34
32 35
32 36
32 37
32 40
32 44
32 4
32 5
32 6
32 8
33 10
33 12
33 15
33 16
33 17
33 2
33 27
33 28
33 29
33 30
33 31
33 34
33 35
33 36
33 37
33 38
33 39
33 40
33 43
33 44
33 45
33 46
33 47
33 48
33 4
33 5
33 6
33 7
33 8
33 9
35 1
35 10
35 17
35 28
35 30
35 34
35 36
35 37
35 40
35 42
35 44
35 45
35 48
35 4
35 5
35 7
39 10
39 15
39 16
39 2
39 27
39 34
39 36
39 37
39 38
39 42
39 43
39 44
39 47
39 4
39 5
39 6
39 7
39 8
39 9
41 10
41 12
41 17
41 2
41 27
41 28
41 29
41 30
41 31
41 36
41 4
41 40
41 42
41 43
41 44
41 45
41 48
41 6
41 7
43 10
43 12
43 2
43 28
43 30
43 34
43 36
43 37
43 4
43 44
43 48
43 5
43 7
43 8
45 1
45 10
45 12
45 15
45 17
45 2
45 27
45 28
45 29
45 31
45 34
45 36
45 38
45 40
45 42
45 7
45 9
46 12
46 15
46 16
46 17
46 28
46 31
46 37
46 38
46 47
46 48
46 5
46 7
46 9
48 1
48 10
48 15
48 16
48 17
48 27
48 37
48 38
48 4
48 40
48 42
48 7
48 8
48 9
5 1
5 4
5 10
5 12
5 15
5 30
5 31
5 34
5 37
5 42
5 44
5 47
5 9
6 2
6 4
6 10
6 12
6 28
6 29
6 34
6 36
6 38
6 40
6 42
6 44
6 47
6 7
6 8
6 9
8 4
8 15
8 16
8 27
8 31
8 34
8 36
8 37
8 40
9 2
9 10
9 12
9 15
9 16
9 17
9 27
9 29
9 30
9 31
9 34
9 36
9 37
9 40
9 47
1 15
1 2
1 29
1 4
1 40
1 42
1 7
15 10
15 12
15 16
15 28
15 29
15 31
15 34
15 36
15 40
15 47
15 7
2 12
2 17
2 30
2 31
2 37
2 38
2 44
2 7
29 10
29 12
29 16
29 17
29 36
29 37
29 40
29 42
29 44
29 4
4 12
4 16
4 28
4 34
4 37
4 42
4 7
40 10
40 12
40 16
40 17
40 27
40 28
40 34
40 36
40 42
40 47
42 10
42 12
42 16
42 17
42 28
42 30
42 31
42 36
42 38
7 10
7 17
7 30
7 34
7 36
7 38
7 44
7 47
10 16
10 17
10 27
10 28
10 30
10 31
10 34
10 38
10 44
10 47
16 27
16 30
16 31
16 34
16 36
16 37
16 38
16 44
16 47
17 12
17 28
17 30
17 31
17 44
27 12
27 28
27 30
27 37
27 44
28 12
28 30
28 31
28 44
28 47
30 31
30 34
31 12
31 34
31 36
34 37
34 38
34 44
38 37
38 44
44 36
44 37
44 47
36 12
36 37