0 2 4 5 1 3 23 24 7 17 16 10 12 15 6 18 21 19 14 22 11 9 8 13 20 30 32 29 34 31 43 44 42 38 39 40 41 46 45 36 25 26 27 33 35 48 49 28 47 37
0 2
0 4
0 5
0 15
0 9
0 26
0 14
0 7
2 3
2 4
2 6
2 13
2 47
4 1
4 5
4 17
4 8
5 1
5 12
5 10
5 11
1 16
1 7
1 3
1 38
1 27
1 39
3 19
3 22
3 20
23 24
23 30
24 7
24 17
24 44
7 10
7 32
17 42
16 18
16 6
10 15
10 32
10 8
12 9
12 8
12 33
15 6
15 36
15 39
6 18
6 19
6 13
6 40
21 19
21 13
14 22
14 11
14 9
14 26
22 46
9 36
8 35
8 34
13 45
30 29
32 29
29 31
34 31
34 27
43 44
44 38
38 39
39 40
40 41
41 47
46 48
25 26
25 37
26 28
27 37
48 49
49 28