0 1 2 4 5 11 13 17 20 22 24 25 27 32 35 37 38 40 41 42 45 46 47 48 7 9 12 15 18 29 30 31 33 36 49 3 6 8 21 28 10 16 34 39 43 14 19 23 44 26
0 1
0 2
0 4
0 5
0 11
0 13
0 17
0 20
0 22
0 24
0 25
0 27
0 32
0 35
0 37
0 38
0 40
0 41
0 42
0 45
0 46
0 47
0 48
1 4
1 7
1 9
1 12
1 15
1 17
1 18
1 20
1 22
1 24
1 29
1 30
1 31
1 32
1 33
1 35
1 36
1 38
1 45
1 49
2 3
2 6
2 8
2 9
2 13
2 15
2 18
2 21
2 28
2 30
2 31
2 35
2 36
2 37
2 40
2 41
2 42
2 48
2 49
4 3
4 6
4 7
4 8
4 10
4 11
4 12
4 14
4 18
4 19
4 20
4 23
4 25
4 28
4 29
4 31
4 34
4 35
4 39
4 44
4 45
4 46
4 48
4 49
5 3
5 8
5 12
5 13
5 15
5 18
5 19
5 21
5 26
5 31
5 32
5 33
5 36
5 37
5 38
5 39
5 41
5 46
11 6
11 12
11 14
11 16
11 17
11 18
11 21
11 23
11 26
11 27
11 32
11 37
11 40
11 41
11 42
11 43
11 44
11 46
11 47
13 6
13 7
13 9
13 10
13 14
13 20
13 22
13 25
13 26
13 28
13 29
13 31
13 35
13 37
13 40
13 44
13 47
13 48
17 8
17 10
17 12
17 15
17 22
17 23
17 24
17 25
17 33
17 41
17 42
17 44
17 46
17 49
20 3
20 7
20 9
20 14
20 18
20 19
20 23
20 25
20 27
20 32
20 35
20 37
20 38
20 44
20 48
22 6
22 7
22 12
22 16
22 23
22 26
22 27
22 30
22 35
22 37
22 38
22 40
22 43
22 44
22 45
22 46
22 49
24 16
24 18
24 19
24 21
24 29
24 32
24 33
24 43
25 6
25 12
25 16
25 18
25 26
25 30
25 35
25 41
25 45
25 46
25 47
25 48
27 8
27 9
27 10
27 12
27 14
27 19
27 21
27 29
27 34
27 39
27 40
27 41
27 43
27 45
27 47
32 7
32 12
32 14
32 19
32 23
32 28
32 31
32 33
32 34
32 35
32 37
32 39
32 44
32 46
32 47
35 3
35 12
35 14
35 15
35 18
35 19
35 23
35 26
35 28
35 30
35 31
35 33
35 34
35 37
35 41
35 42
35 44
35 45
35 46
35 48
37 3
37 7
37 8
37 12
37 14
37 23
37 33
37 39
37 41
37 42
37 43
37 44
38 8
38 15
38 16
38 23
38 29
38 33
38 34
38 36
38 39
38 45
38 47
40 3
40 6
40 12
40 14
40 21
40 23
40 26
40 29
40 36
40 42
40 44
40 45
40 47
41 8
41 10
41 14
41 15
41 16
41 18
41 19
41 23
41 33
41 36
41 45
41 46
41 47
41 48
42 14
42 19
42 21
42 30
42 33
42 34
42 48
42 49
45 7
45 12
45 16
45 18
45 21
45 28
45 29
45 30
45 33
45 34
45 36
45 39
45 43
45 47
46 10
46 15
46 23
46 30
46 43
46 44
46 47
47 3
47 6
47 7
47 9
47 15
47 16
47 18
47 21
47 30
47 33
47 48
48 3
48 8
48 9
48 10
48 12
48 18
48 29
48 33
48 36
48 43
7 6
7 10
7 18
7 23
7 30
7 44
7 49
9 3
9 6
9 8
9 12
9 15
9 23
9 29
9 31
9 33
9 43
12 3
12 8
12 10
12 16
12 26
12 28
12 29
12 36
15 8
15 14
15 18
15 23
15 34
15 39
15 43
18 6
18 21
18 30
18 33
18 49
29 6
29 8
29 10
29 19
29 26
29 30
29 34
30 3
30 10
30 23
30 33
30 36
30 39
30 43
30 49
31 8
31 16
31 19
31 23
31 26
31 33
31 43
33 3
33 14
33 19
33 23
33 34
33 36
33 39
33 44
33 49
36 10
36 14
36 19
36 23
36 34
36 39
36 49
49 14
49 26
49 28
49 43
3 8
3 10
3 16
3 28
3 34
3 39
3 43
6 8
6 19
6 28
6 43
6 44
8 16
8 21
8 34
8 43
21 19
21 23
21 26
21 34
21 43
21 44
28 10
28 16
28 34
28 39
28 43
10 16
10 34
16 34
16 44
34 26
34 39
39 14
39 44
43 14
43 19
43 26
43 44
14 19
14 44
19 23
23 26
44 26