0 4 11 13 17 19 20 26 30 34 44 46 48 9 1 2 14 15 23 25 39 27 18 21 24 29 37 7 3 33 36 40 42 12 47 5 6 8 16 31 28 35 22 49 32 10 41 45 38 43
0 4
0 11
0 13
0 17
0 19
0 20
0 26
0 30
0 34
0 44
0 46
0 48
0 9
4 3
4 7
4 12
4 26
4 33
4 47
4 34
4 48
11 5
11 6
11 9
11 22
11 25
11 26
11 30
11 41
11 47
13 1
13 9
13 12
13 14
13 17
13 24
13 25
13 30
13 31
13 32
13 21
17 2
17 46
17 47
17 26
17 34
17 31
17 40
19 26
19 31
19 33
19 39
19 42
19 49
19 47
20 3
20 7
20 15
20 16
20 23
20 25
20 30
20 32
20 34
20 35
20 42
20 47
20 38
20 22
26 6
26 7
26 8
26 18
26 47
26 49
26 41
30 2
30 6
30 7
30 14
30 15
30 18
30 21
30 22
30 23
30 38
30 31
30 44
30 35
34 1
34 9
34 18
34 36
34 42
34 45
44 14
44 21
44 28
44 29
44 38
44 43
44 45
44 46
46 1
46 2
46 5
46 7
46 8
46 12
46 21
46 24
46 31
46 33
46 35
46 42
48 1
48 3
48 18
48 25
48 28
48 29
48 39
48 40
48 47
9 8
9 22
9 33
9 36
9 39
9 23
1 2
1 14
1 15
1 23
1 25
1 39
1 27
2 18
2 21
2 24
2 29
2 37
2 7
14 5
14 8
14 10
14 18
14 21
14 25
14 32
14 33
15 28
15 29
15 36
15 39
15 45
15 49
23 3
23 7
23 29
23 32
23 35
25 10
25 22
25 37
39 28
39 33
39 43
39 47
39 40
27 12
27 21
27 28
27 31
27 32
27 35
27 49
27 33
18 5
18 6
18 37
18 49
18 32
18 38
21 10
21 12
21 22
21 45
21 49
24 3
24 5
24 6
24 10
24 38
24 29
24 28
29 5
29 8
29 12
29 22
29 28
29 32
29 35
29 38
29 43
29 47
29 49
37 5
37 10
37 28
37 38
37 45
37 47
7 8
7 12
7 22
7 31
7 40
7 49
7 16
3 33
3 36
3 40
3 42
33 35
33 49
36 10
36 32
36 45
40 6
40 8
40 31
40 41
40 43
42 32
42 45
12 10
47 10
47 32
47 45
47 49
5 6
5 8
5 16
5 31
6 8
6 16
6 28
6 35
8 28
8 32
8 35
8 49
31 10
31 22
31 35
31 43
28 10
28 32
28 35
28 43
35 32
22 45
22 49
49 10
45 38