0 14 23 16 40 4 11 21 39 17 44 1 42 19 26 37 22 18 20 3 32 2 13 41 38 43 31 8 5 46 24 48 36 47 34 15 7 30 25 45 27 6 33 35 10 9 12 29 49 28
0 14
0 23
0 16
0 40
0 4
0 11
0 21
0 39
0 17
0 44
0 1
0 42
0 19
0 12
0 18
0 22
0 24
0 28
0 30
0 35
0 37
0 38
0 46
0 48
14 1
14 4
14 7
14 11
14 2
14 12
14 37
14 36
14 46
14 32
14 6
14 13
14 28
14 19
14 23
14 26
14 29
14 33
14 34
14 38
14 40
14 42
14 43
14 44
14 47
14 48
14 49
23 11
23 16
23 32
23 9
23 12
23 45
23 26
23 6
23 27
23 38
23 36
23 21
23 10
23 8
23 34
23 24
23 29
23 31
23 35
23 42
16 3
16 5
16 12
16 13
16 47
16 8
16 40
16 4
16 32
16 43
16 10
16 6
16 49
16 39
16 17
16 20
16 30
16 35
16 42
40 2
40 10
40 12
40 15
40 17
40 21
40 32
40 35
40 1
40 11
40 13
40 4
40 27
40 20
40 41
40 43
40 5
40 6
40 7
40 44
40 47
4 1
4 3
4 24
4 48
4 44
4 36
4 46
4 47
4 34
4 15
4 6
4 10
4 12
4 17
4 18
4 20
4 25
4 26
4 43
11 3
11 45
11 47
11 21
11 6
11 37
11 44
11 34
11 2
11 43
11 12
11 5
11 32
11 22
11 26
11 31
11 36
11 48
11 49
21 3
21 8
21 29
21 35
21 13
21 2
21 34
21 22
21 20
21 24
21 17
21 30
21 1
21 12
21 25
21 26
21 28
21 36
21 39
21 41
21 42
21 47
39 6
39 7
39 15
39 19
39 22
39 30
39 37
39 34
39 35
39 20
39 26
39 12
39 17
39 44
39 1
39 8
39 31
39 49
39 48
39 36
39 45
39 42
39 46
39 47
17 1
17 3
17 6
17 13
17 27
17 24
17 29
17 8
17 42
17 25
17 34
17 37
17 46
17 49
44 5
44 9
44 25
44 33
44 36
44 38
44 43
44 37
44 47
44 29
44 27
44 8
44 45
44 42
44 13
44 12
44 35
1 26
1 37
1 22
1 18
1 20
1 3
1 32
1 5
1 7
1 25
1 27
1 33
1 36
1 46
42 2
42 6
42 10
42 13
42 28
42 36
42 46
42 45
42 41
42 24
42 48
42 49
19 13
19 36
19 28
19 29
19 38
19 26
19 27
19 20
19 31
26 3
26 7
26 9
26 15
26 22
26 24
26 5
26 32
26 10
26 38
26 47
26 34
26 18
26 35
26 37
26 46
26 49
37 2
37 8
37 10
37 20
37 30
37 31
37 34
37 28
37 27
37 15
37 49
22 3
22 8
22 12
22 13
22 15
22 10
22 18
22 32
22 43
22 31
22 30
22 34
22 20
22 41
22 35
22 28
22 36
22 46
18 2
18 5
18 9
18 6
18 10
18 32
18 46
18 8
18 35
18 27
18 29
18 33
18 7
18 25
18 28
18 31
18 47
20 15
20 43
20 31
20 12
20 2
20 30
20 29
20 3
20 32
20 33
20 34
20 38
20 46
20 47
20 48
3 2
3 8
3 5
3 41
3 46
3 13
3 27
3 30
3 45
3 48
3 49
32 5
32 24
32 25
32 28
32 31
32 7
32 15
32 38
32 35
32 43
32 46
32 48
32 49
2 13
2 41
2 38
2 43
2 31
2 5
2 12
2 29
2 35
2 48
2 49
13 12
13 28
13 15
13 6
13 24
13 25
13 29
13 30
13 31
13 33
13 41
13 47
13 48
41 6
41 10
41 25
41 34
41 12
41 28
41 29
41 49
41 7
41 45
41 24
41 15
41 30
41 43
41 46
41 48
38 15
38 25
38 29
38 31
38 33
38 46
38 5
38 47
38 6
38 48
38 12
38 49
43 10
43 28
43 27
43 45
43 34
43 31
43 47
31 8
31 15
31 27
31 9
31 30
31 45
31 35
31 33
31 34
31 47
31 48
31 49
8 7
8 24
8 45
8 6
8 35
8 33
8 12
8 29
8 34
8 36
5 7
5 30
5 25
5 45
5 27
5 24
5 34
5 48
46 12
46 29
46 15
46 47
46 49
46 6
46 9
46 45
24 6
24 25
24 7
24 45
24 30
24 28
24 27
24 48
48 6
48 9
48 27
48 30
48 34
48 35
48 36
48 29
48 28
48 10
48 15
48 25
36 6
36 30
36 49
36 29
36 10
36 33
36 34
36 28
36 45
47 29
47 34
47 35
47 9
47 7
47 27
47 30
47 28
47 10
47 15
34 15
34 25
34 27
34 7
34 49
34 33
34 9
34 35
34 45
15 10
15 33
15 27
15 45
15 12
15 7
15 9
7 6
7 35
7 10
7 45
30 6
30 9
30 29
30 45
30 12
30 35
30 28
30 49
25 6
25 12
25 9
25 29
25 28
25 33
25 35
45 10
45 33
45 9
45 35
27 12
27 6
27 33
27 28
27 35
27 29
6 33
6 35
6 10
6 9
6 12
6 49
33 29
35 9
35 10
35 28
35 49
12 29
12 49
12 28
29 28
49 28