37 49 47 29 42 36 46 38 45 15 21 12 24 39 41 18 44 28 7 48 19 43 3 20 27 35 5 22 10 33 1 32 8 34 4 0 6 9 2 26 31 13 25 11 40 23 16 17 30 14
37 49
37 21
37 30
37 39
37 17
37 32
37 47
37 7
37 41
37 38
37 14
37 27
37 10
37 45
37 31
37 20
37 2
37 36
37 24
37 11
37 23
37 25
37 18
37 26
37 13
49 47
49 44
49 48
49 22
49 32
49 27
49 45
49 29
49 24
49 20
49 2
49 41
49 34
49 17
49 42
49 11
49 9
49 3
49 23
49 38
49 7
49 26
47 46
47 9
47 25
47 8
47 42
47 28
47 44
47 21
47 11
47 22
47 3
47 39
47 14
47 19
47 32
47 10
47 16
47 23
47 15
47 27
47 33
29 42
29 27
29 24
29 23
29 14
29 15
29 8
29 26
29 40
29 28
29 46
29 32
29 9
29 33
29 43
29 44
29 19
29 31
29 35
29 29
29 25
42 48
42 41
42 5
42 32
42 11
42 6
42 40
42 44
42 21
42 36
42 23
42 46
42 22
42 45
42 17
42 0
42 30
42 9
42 7
42 20
42 8
42 35
42 3
42 43
36 46
36 2
36 14
36 41
36 32
36 34
36 22
36 17
36 12
36 48
36 18
36 30
36 39
36 13
36 21
36 0
36 40
36 7
36 8
46 28
46 35
46 14
46 17
46 9
46 18
46 46
46 12
46 5
46 8
46 2
46 0
46 30
46 39
46 22
46 26
46 23
38 45
38 8
38 32
38 4
38 19
38 31
38 30
38 35
38 10
38 2
38 26
38 6
38 13
38 0
38 3
38 21
38 14
38 23
38 9
45 48
45 5
45 6
45 23
45 22
45 4
45 44
45 32
45 19
45 21
45 10
45 8
45 3
45 33
45 9
45 35
45 12
45 26
45 13
45 15
45 18
15 21
15 6
15 14
15 13
15 25
15 43
15 27
15 39
15 44
15 30
15 28
15 10
15 40
15 41
15 22
15 2
15 0
15 48
15 31
15 34
21 30
21 23
21 0
21 1
21 4
21 9
21 39
21 40
12 24
12 5
12 4
12 31
12 16
12 6
12 20
12 11
12 41
12 17
12 35
12 9
12 26
12 23
12 32
12 28
12 13
12 22
24 9
24 23
24 35
24 44
24 34
24 33
24 24
24 7
24 4
24 40
24 1
24 48
39 41
39 0
39 18
39 11
39 43
39 3
39 27
39 25
39 48
39 9
39 22
39 5
39 23
39 14
39 8
39 19
39 4
39 17
41 18
41 23
41 30
41 28
41 32
41 2
41 6
41 10
41 27
41 3
41 1
41 19
41 20
41 43
18 16
18 2
18 18
18 28
18 8
18 30
18 35
18 22
18 26
44 7
44 34
44 43
44 11
44 6
44 25
44 35
44 0
44 1
44 2
44 40
44 22
44 13
44 30
44 23
44 19
44 4
44 16
28 17
28 8
28 10
28 22
28 6
28 43
28 32
28 26
28 23
28 4
28 28
28 20
28 5
28 19
7 11
7 31
7 20
7 13
7 23
7 26
7 4
7 19
7 14
7 32
7 30
7 6
7 17
48 33
48 40
48 43
48 23
48 5
48 16
48 0
48 4
48 9
48 19
48 1
48 26
48 14
48 2
19 43
19 23
19 22
19 34
19 33
19 32
19 10
19 19
19 11
19 8
43 4
43 10
43 5
43 2
43 22
43 43
43 40
43 13
43 31
43 11
43 3
43 26
43 32
43 1
43 23
3 20
3 22
3 31
3 1
3 35
3 40
3 30
3 11
3 3
3 23
3 6
3 27
20 35
20 26
20 8
20 32
20 23
20 10
20 34
20 0
20 16
27 31
27 14
27 5
27 33
27 0
27 13
27 11
27 35
27 26
27 32
35 32
35 9
35 14
35 1
35 4
5 16
5 32
5 9
5 40
5 4
5 13
5 23
5 8
5 10
5 2
22 11
22 17
22 6
22 30
22 25
22 1
22 26
22 13
22 32
22 16
22 9
22 14
22 4
22 33
10 33
10 32
10 8
10 31
10 1
10 26
10 34
10 9
10 17
10 0
33 9
33 2
33 1
33 40
33 32
33 17
33 25
33 4
33 34
33 31
33 6
33 14
33 0
33 11
33 13
33 16
1 32
1 34
1 0
1 13
1 31
1 30
1 40
32 2
32 13
32 17
32 26
8 34
8 13
8 4
8 2
8 30
8 31
8 11
8 17
8 9
34 31
34 11
34 40
34 6
34 25
34 2
34 26
34 34
4 26
4 17
4 25
4 23
4 9
4 31
4 6
0 30
0 26
0 16
0 9
0 14
0 31
0 40
0 13
6 14
6 16
6 9
6 40
6 2
6 26
6 25
6 13
6 11
6 23
9 13
9 9
9 23
9 25
9 17
9 14
2 14
2 2
2 11
2 40
26 31
26 25
26 26
31 13
31 16
31 40
31 14
31 31
31 23
13 11
13 13
13 25
13 14
13 40
25 17
25 30
25 16
25 11
11 14
11 23
11 11
11 30
40 17
40 30
40 40
40 23
23 30
23 17
23 23
17 30
30 14