0 16 30 31 39 1 3 14 33 2 6 13 23 28 40 26 32 41 4 9 10 34 5 27 43 12 29 46 7 8 21 47 20 22 42 24 35 44 45 49 11 17 38 19 18 25 15 48 37 36
0 16
0 30
0 31
0 39
16 30
16 33
30 5
30 13
30 14
30 18
30 31
30 38
30 48
31 2
31 8
31 24
31 29
31 33
31 41
31 45
31 49
39 6
39 7
39 12
39 13
39 22
39 26
39 27
39 28
39 29
39 36
1 3
1 14
1 33
3 26
3 32
3 41
14 18
14 22
14 23
14 25
14 28
14 41
33 11
33 18
33 23
33 28
33 32
33 48
2 6
2 13
2 23
2 28
2 40
6 12
6 27
6 29
6 41
6 46
13 19
13 28
23 15
23 19
23 24
23 27
23 36
23 43
28 5
28 43
28 45
28 46
40 8
40 18
40 29
40 32
40 42
26 20
26 29
26 45
32 4
32 11
32 20
32 22
32 24
32 35
41 15
41 19
41 29
41 44
4 9
4 10
4 34
9 22
9 24
9 35
9 44
10 7
10 22
10 45
10 49
34 19
34 27
34 37
34 38
34 42
34 44
34 47
5 27
5 43
27 18
27 24
27 36
43 8
43 15
43 25
12 35
12 38
29 20
46 24
46 44
7 8
7 21
7 47
8 20
8 22
8 42
21 15
21 25
21 37
47 17
47 38
47 49
20 17
22 42
42 24
42 44
42 49
24 18
35 36
35 45
45 49
49 11
49 25
11 17
17 38
38 36
19 37
15 48