0 49 18 41 12 23 2 1 38 36 4 10 39 48 6 29 25 11 7 3 19 22 24 8 5 43 34 37 33 26 20 40 31 45 21 16 44 28 9 27 47 13 14 35 30 15 17 46 32 42
0 49
0 18
0 41
0 12
0 23
0 2
0 1
0 38
0 36
0 3
0 4
0 6
0 8
0 9
0 13
0 14
0 15
0 17
0 20
0 21
0 22
0 26
0 27
0 28
0 29
0 30
0 32
0 33
0 35
0 37
0 39
0 40
0 42
0 44
0 46
0 47
0 48
49 1
49 3
49 5
49 7
49 8
49 13
49 14
49 15
49 16
49 17
49 20
49 21
49 25
49 26
49 27
49 30
49 37
49 39
49 42
49 46
49 48
49 6
49 40
49 24
49 11
49 35
49 10
49 9
49 4
49 38
49 47
49 2
49 33
49 43
49 45
49 19
49 28
49 32
49 29
18 2
18 3
18 7
18 8
18 9
18 13
18 14
18 17
18 12
18 6
18 43
18 5
18 38
18 4
18 19
18 21
18 22
18 23
18 24
18 27
18 30
18 31
18 32
18 33
18 35
18 37
18 39
18 40
18 42
18 44
18 45
18 46
18 47
41 3
41 5
41 7
41 10
41 13
41 15
41 17
41 21
41 24
41 25
41 27
41 30
41 32
41 33
41 39
41 40
41 6
41 38
41 20
41 43
41 37
41 45
41 29
41 1
41 9
41 31
41 23
41 16
41 28
41 35
41 11
41 42
41 44
41 46
12 3
12 5
12 9
12 11
12 13
12 14
12 15
12 19
12 21
12 22
12 24
12 25
12 27
12 28
12 29
12 30
12 31
12 32
12 33
12 34
12 35
12 37
12 39
12 40
12 42
12 43
12 46
23 5
23 6
23 9
23 14
23 17
23 21
23 22
23 13
23 11
23 8
23 3
23 7
23 36
23 20
23 1
23 25
23 15
23 31
23 2
23 33
23 47
23 10
23 16
23 24
23 26
23 32
23 34
23 35
23 37
23 39
23 40
23 42
23 43
23 45
23 46
23 48
2 10
2 38
2 6
2 1
2 29
2 25
2 11
2 7
2 4
2 3
2 9
2 13
2 14
2 15
2 17
2 20
2 21
2 22
2 24
2 26
2 27
2 28
2 30
2 31
2 32
2 33
2 34
2 35
2 37
2 39
2 40
2 42
2 44
2 46
2 47
2 48
1 4
1 10
1 39
1 48
1 3
1 6
1 7
1 8
1 9
1 11
1 13
1 14
1 15
1 17
1 20
1 21
1 22
1 24
1 26
1 27
1 30
1 31
1 32
1 33
1 42
1 44
1 46
38 3
38 5
38 8
38 9
38 13
38 14
38 17
38 21
38 22
38 24
38 27
38 28
38 29
38 32
38 33
38 34
38 37
38 15
38 35
38 7
38 39
38 40
38 42
38 43
38 44
38 46
36 3
36 4
36 5
36 6
36 7
36 8
36 9
36 14
36 15
36 20
36 21
36 22
36 24
36 27
36 28
36 32
36 33
36 34
36 35
36 47
36 25
36 39
36 40
36 42
36 44
36 46
36 48
4 33
4 26
4 3
4 6
4 9
4 13
4 14
4 15
4 17
4 19
4 20
4 21
4 22
4 24
4 25
4 27
4 28
4 30
4 32
4 37
4 39
4 40
4 42
4 43
4 46
4 48
10 3
10 47
10 19
10 28
10 45
10 37
10 25
10 7
10 39
10 9
10 8
10 6
10 16
10 43
10 34
10 13
10 14
10 15
10 17
10 20
10 21
10 22
10 24
10 26
10 27
10 29
10 30
10 31
10 32
10 33
10 35
10 40
10 42
10 44
10 46
10 48
39 5
39 6
39 9
39 13
39 16
39 20
39 27
39 48
39 14
39 25
39 28
39 8
39 24
39 22
39 15
39 26
39 11
39 45
39 31
39 32
39 17
39 33
39 30
39 34
39 21
39 43
39 3
39 35
39 37
39 29
39 7
39 40
39 42
39 44
39 46
39 47
48 7
48 15
48 17
48 21
48 24
48 26
48 27
48 28
48 32
48 33
48 35
48 42
48 43
48 45
48 11
48 14
48 40
48 8
48 29
48 37
48 9
48 22
48 16
48 46
48 34
48 20
48 3
6 5
6 3
6 7
6 43
6 31
6 45
6 20
6 19
6 21
6 16
6 9
6 13
6 14
6 15
6 17
6 22
6 24
6 25
6 26
6 27
6 28
6 29
6 30
6 32
6 33
6 34
6 35
6 37
6 42
6 44
6 46
6 47
29 5
29 9
29 11
29 15
29 21
29 24
29 25
29 26
29 3
29 13
29 35
29 19
29 17
29 8
29 7
29 27
29 34
29 14
29 16
29 30
29 43
29 32
29 33
29 37
29 40
29 42
29 46
25 3
25 8
25 9
25 21
25 11
25 24
25 15
25 13
25 45
25 35
25 14
25 17
25 19
25 40
25 37
25 20
25 31
25 26
25 28
25 30
25 32
25 33
25 34
25 42
25 44
25 46
25 47
11 9
11 31
11 45
11 7
11 16
11 20
11 3
11 44
11 13
11 14
11 15
11 17
11 19
11 21
11 22
11 24
11 26
11 27
11 30
11 32
11 34
11 37
11 40
11 42
11 46
7 3
7 5
7 31
7 34
7 21
7 16
7 9
7 13
7 14
7 15
7 17
7 20
7 22
7 24
7 26
7 27
7 28
7 30
7 32
7 33
7 35
7 37
7 42
7 45
7 46
3 19
3 22
3 24
3 8
3 5
3 43
3 34
3 37
3 9
3 13
3 14
3 15
3 16
3 17
3 20
3 21
3 26
3 27
3 28
3 30
3 31
3 32
3 33
3 35
3 40
3 42
3 44
3 45
3 46
3 47
19 9
19 13
19 14
19 15
19 17
19 22
19 46
19 28
19 20
19 21
19 24
19 26
19 31
19 32
19 33
19 37
19 40
19 42
19 43
19 44
19 47
22 9
22 13
22 15
22 17
22 5
22 24
22 14
22 21
22 16
22 27
22 28
22 30
22 32
22 33
22 35
22 40
22 42
22 45
24 8
24 15
24 17
24 9
24 16
24 28
24 44
24 14
24 21
24 34
24 13
24 33
24 27
24 20
24 40
24 26
24 30
24 31
24 32
24 35
24 37
24 42
24 46
24 47
8 44
8 34
8 40
8 28
8 45
8 5
8 26
8 9
8 13
8 14
8 15
8 17
8 20
8 21
8 27
8 30
8 31
8 32
8 33
8 42
8 43
8 46
8 47
5 20
5 33
5 40
5 9
5 13
5 15
5 16
5 17
5 21
5 26
5 27
5 28
5 30
5 32
5 35
5 37
5 42
5 46
43 9
43 13
43 17
43 20
43 21
43 26
43 27
43 30
43 32
43 33
43 35
43 37
43 40
43 42
43 44
43 46
43 47
34 13
34 21
34 27
34 30
34 32
34 47
34 42
34 14
34 16
34 17
34 9
34 31
34 28
34 20
34 26
34 35
34 37
34 40
34 44
34 46
37 9
37 13
37 30
37 33
37 35
37 17
37 31
37 27
37 26
37 32
37 45
37 16
37 44
37 21
37 15
37 28
37 14
37 42
37 46
37 47
33 13
33 17
33 21
33 27
33 30
33 32
33 44
33 16
33 9
33 26
33 28
33 15
33 14
33 47
33 20
33 35
33 40
33 42
33 45
33 46
26 13
26 21
26 27
26 9
26 20
26 17
26 15
26 14
26 45
26 30
26 31
26 32
26 35
26 40
26 42
26 46
20 31
20 15
20 44
20 16
20 47
20 28
20 17
20 9
20 14
20 21
20 27
20 32
20 35
20 40
20 42
20 45
20 46
40 9
40 14
40 15
40 17
40 21
40 32
40 35
40 31
40 47
40 13
40 45
40 30
40 27
40 42
40 44
40 46
31 9
31 14
31 17
31 27
31 13
31 15
31 30
31 21
31 32
31 35
31 45
31 46
31 47
45 9
45 13
45 15
45 27
45 30
45 35
45 21
45 16
45 14
45 42
45 32
45 17
45 46
45 47
21 13
21 28
21 14
21 47
21 9
21 30
21 17
21 15
21 27
21 32
21 42
21 44
21 46
16 13
16 15
16 9
16 14
16 17
16 27
16 30
16 32
16 35
16 42
16 46
44 14
44 32
44 42
44 35
44 28
44 9
44 17
44 13
44 27
44 15
44 46
28 9
28 27
28 17
28 15
28 32
28 14
28 13
28 30
28 42
28 46
28 47
9 27
9 13
9 14
9 15
9 17
9 30
9 32
9 35
9 42
9 46
9 47
27 14
27 13
27 17
27 15
27 47
27 30
27 32
27 35
27 42
27 46
47 13
47 17
47 35
47 14
47 46
47 30
47 32
47 15
13 14
13 15
13 17
13 30
13 32
13 35
13 42
13 46
14 35
14 30
14 15
14 17
14 32
14 42
14 46
35 17
35 15
35 30
35 32
35 42
35 46
30 15
30 17
30 46
30 32
30 42
15 17
15 32
15 42
15 46
17 46
17 32
17 42
46 42
46 32
32 42