0 1 2 3 4 5 6 7 8 9 10 11 12 13 14 15 16 17 18 19 20 21 22 23 24 25 26 27 28 29 30 31 32 33 34 35 36 37 38 39 40 41 42 43 44 45 46 47 48 49
0 1
0 38
1 2
1 41
1 3
1 11
2 3
2 8
2 45
3 4
3 48
4 5
4 25
5 6
6 7
6 28
6 10
7 8
7 14
7 36
7 45
7 11
8 9
9 10
9 28
10 11
10 33
10 25
10 36
11 12
12 13
13 14
13 46
13 36
14 15
14 46
14 25
15 16
15 23
16 17
17 18
18 19
18 29
18 35
18 42
19 20
20 21
21 22
21 38
21 45
21 46
22 23
22 47
22 39
23 24
23 29
24 25
24 42
24 43
25 26
26 27
27 28
28 29
28 49
29 30
29 48
30 31
31 32
32 33
32 36
32 42
33 34
33 42
33 45
34 35
34 40
35 36
35 49
36 37
37 38
38 39
38 40
39 40
40 41
41 42
42 43
42 46
43 44
44 45
45 46
46 47
46 48
47 48
48 49