5 44 35 11 22 6 34 38 8 10 41 45 39 29 48 49 31 12 15 14 3 23 0 46 33 19 2 21 9 28 47 25 27 24 13 40 30 32 17 16 4 1 7 43 42 18 37 26 20 36
5 44
5 22
5 3
5 27
5 49
5 34
5 48
5 19
5 16
5 35
5 17
5 30
5 31
5 10
5 39
5 33
5 15
5 37
5 11
5 29
5 24
5 9
5 4
5 45
44 33
44 13
44 0
44 24
44 16
44 3
44 42
44 35
44 2
44 28
44 44
44 49
44 34
35 11
35 45
35 17
35 46
35 3
35 7
35 32
35 9
35 4
35 0
35 41
35 42
35 30
35 38
35 20
35 19
35 16
35 31
35 15
11 21
11 28
11 27
11 24
11 12
11 8
11 40
11 48
11 9
11 29
11 16
11 45
11 36
11 33
11 26
11 20
11 32
22 13
22 18
22 8
22 39
22 0
22 28
22 46
22 43
22 37
22 30
22 12
22 34
22 21
22 27
22 10
6 34
6 16
6 28
6 30
6 37
6 27
6 20
6 25
6 14
6 47
34 40
34 27
34 7
34 24
34 12
34 4
34 20
34 36
34 42
34 18
34 0
34 49
34 17
34 29
34 13
38 8
38 41
38 12
38 20
38 26
38 48
38 43
38 49
38 45
38 46
38 16
38 42
8 29
8 33
8 19
8 13
8 41
8 39
8 24
8 49
8 23
8 37
8 26
8 46
8 40
8 7
10 41
10 29
10 9
10 12
10 42
10 16
10 30
10 4
10 36
10 43
10 27
10 28
10 21
10 20
10 13
41 0
41 46
41 42
41 23
41 2
41 48
41 15
41 14
41 47
41 31
41 16
41 33
45 39
45 43
45 46
45 36
45 33
45 7
45 47
45 9
45 18
45 16
45 45
45 48
45 42
39 23
39 32
39 14
39 43
39 27
39 24
39 33
39 18
29 28
29 0
29 42
29 47
29 33
29 37
29 14
29 30
29 23
29 3
48 49
48 18
48 25
48 3
48 40
48 28
48 13
48 43
49 24
49 13
49 19
49 4
49 33
49 37
49 32
49 42
49 25
49 3
49 21
49 26
31 12
31 13
31 2
31 47
31 43
31 0
31 36
31 15
31 18
12 32
12 9
12 7
12 40
12 3
12 17
12 15
12 18
12 36
12 47
15 14
15 1
15 46
15 26
15 37
15 30
15 20
15 13
15 42
15 25
15 7
14 27
14 21
14 24
14 18
14 30
14 3
14 40
14 20
14 16
14 17
14 36
3 23
3 25
3 21
3 3
3 24
3 36
3 30
23 19
23 42
23 43
23 47
23 9
23 28
23 16
23 20
23 1
23 36
0 9
0 17
0 42
0 18
0 30
0 7
0 16
0 21
0 47
0 2
0 1
46 27
46 1
46 28
46 24
46 30
46 13
46 20
46 40
46 9
46 33
33 17
33 27
33 16
33 37
33 47
33 13
33 26
33 28
19 2
19 13
19 1
19 28
19 37
19 40
19 27
19 16
19 4
19 26
2 30
2 9
2 17
2 1
2 27
2 20
2 37
2 26
2 2
21 47
21 25
21 24
21 16
21 32
21 9
21 13
9 7
9 24
9 17
9 36
9 40
28 17
28 36
28 1
28 25
28 20
28 26
28 43
28 37
28 42
28 16
28 7
28 47
47 25
47 40
47 24
47 13
47 1
25 36
25 17
25 7
25 16
27 43
27 17
27 7
27 1
27 4
27 20
24 37
24 13
24 20
24 30
24 4
24 1
24 42
24 7
13 30
13 43
13 40
13 16
13 37
40 30
40 37
40 20
30 30
30 16
30 1
32 4
32 17
32 43
32 1
32 42
17 20
17 18
17 42
16 4
16 26
16 20
16 43
16 42
16 37
4 36
4 1
4 43
4 20
4 37
1 1
7 37
7 42
43 20
43 43
43 26
42 18
18 37
37 37
37 20
37 26
37 36
26 20
20 36