0 11 40 41 37 34 43 2 4 13 42 17 6 24 3 19 9 14 20 23 26 30 31 32 36 44 7 8 15 18 25 33 35 21 5 29 28 10 22 12 16 39 38 1 27
0 11
0 40
0 41
0 37
0 0
0 34
0 43
0 2
0 4
0 13
0 42
0 17
0 6
0 24
0 3
0 19
0 9
0 14
0 20
0 23
0 26
0 30
0 31
0 32
0 36
0 44
11 44
11 2
11 3
11 6
11 7
11 9
11 5
11 8
11 26
11 15
11 16
11 23
11 10
11 37
11 28
11 17
11 24
11 39
11 18
11 19
11 30
11 32
11 33
11 34
11 36
11 38
11 42
11 43
40 1
40 2
40 3
40 4
40 7
40 9
40 10
40 16
40 18
40 28
40 29
40 30
40 34
40 35
40 37
40 38
40 39
40 25
40 13
40 14
40 20
40 40
40 42
40 19
40 21
40 41
40 36
41 2
41 3
41 4
41 5
41 8
41 9
41 10
41 16
41 19
41 20
41 21
41 22
41 28
41 33
41 37
41 38
41 6
41 43
41 13
41 27
41 17
41 36
41 26
41 42
41 1
37 1
37 5
37 10
37 12
37 14
37 15
37 17
37 24
37 25
37 26
37 31
37 34
37 6
37 32
37 27
37 35
37 21
37 13
37 8
37 37
37 19
37 39
34 44
34 1
34 9
34 13
34 15
34 16
34 17
34 20
34 21
34 23
34 25
34 27
34 31
34 33
34 29
34 14
34 12
34 32
34 36
34 28
34 43
34 34
34 26
34 5
34 7
34 35
34 39
34 42
43 44
43 2
43 9
43 12
43 13
43 14
43 15
43 18
43 19
43 20
43 21
43 26
43 29
43 30
43 33
43 36
43 3
43 1
43 28
43 17
43 25
43 5
43 38
2 1
2 29
2 4
2 2
2 13
2 15
2 30
2 18
2 36
2 42
2 17
2 9
2 35
2 10
2 39
2 6
2 7
2 8
2 12
2 14
2 16
2 24
2 27
2 32
4 3
4 38
4 10
4 33
4 5
4 26
4 28
4 31
4 8
4 6
4 21
4 23
4 36
4 12
4 27
4 13
4 18
4 22
4 24
4 32
13 44
13 7
13 8
13 27
13 13
13 6
13 20
13 29
13 24
13 9
13 12
13 39
13 23
13 35
13 1
13 19
13 14
13 15
13 16
13 17
13 22
13 26
13 30
13 31
13 32
13 33
13 36
13 38
42 44
42 3
42 5
42 8
42 22
42 24
42 27
42 29
42 30
42 31
42 33
42 35
42 39
42 32
42 7
42 36
42 18
42 10
42 6
42 17
42 42
42 38
17 5
17 12
17 16
17 28
17 36
17 23
17 1
17 17
17 30
17 29
17 31
17 26
17 9
17 19
17 6
17 21
17 8
17 25
17 32
17 38
6 44
6 1
6 3
6 22
6 19
6 9
6 25
6 24
6 32
6 27
6 30
6 15
6 26
6 28
6 6
6 38
6 8
6 10
6 12
6 16
6 20
6 21
6 31
6 35
24 44
24 3
24 7
24 8
24 18
24 36
24 32
24 28
24 21
24 35
24 14
24 1
24 38
24 19
24 25
24 26
24 27
24 33
3 44
3 21
3 12
3 28
3 14
3 22
3 33
3 25
3 10
3 36
3 8
3 15
3 16
3 27
3 30
3 31
19 44
19 5
19 9
19 10
19 14
19 15
19 18
19 32
19 36
19 28
19 21
19 20
19 29
19 39
19 31
19 30
19 25
19 33
19 23
19 22
19 27
19 35
9 44
9 18
9 21
9 22
9 27
9 23
9 28
9 15
9 8
9 20
9 7
9 10
9 25
9 38
9 12
9 35
9 39
14 32
14 18
14 21
14 22
14 23
14 5
14 30
14 29
14 36
14 35
14 10
14 39
14 12
14 7
14 20
14 38
20 44
20 18
20 33
20 16
20 27
20 5
20 30
20 28
20 29
20 35
20 39
20 12
20 25
20 26
20 31
20 7
23 44
23 1
23 32
23 18
23 21
23 33
23 22
23 16
23 27
23 8
23 10
23 12
23 25
23 38
23 36
23 7
23 28
23 26
23 30
23 31
26 44
26 32
26 18
26 21
26 33
26 22
26 27
26 5
26 29
26 36
26 35
26 25
26 38
26 7
26 26
26 31
30 1
30 32
30 18
30 21
30 33
30 22
30 16
30 5
30 10
30 29
30 38
30 35
30 15
30 31
30 39
31 18
31 33
31 16
31 27
31 5
31 28
31 15
31 36
31 35
31 12
31 38
31 7
32 1
32 5
32 8
32 10
32 12
32 21
32 22
32 27
32 28
32 29
32 18
32 38
32 16
32 32
32 33
32 35
32 39
36 21
36 22
36 16
36 29
36 15
36 12
36 25
36 7
36 38
36 36
36 8
44 7
44 8
44 15
44 18
44 25
44 33
44 35
44 21
44 5
44 29
44 44
44 28
44 10
44 22
44 12
7 18
7 21
7 22
7 16
7 27
7 28
7 29
7 35
7 10
7 12
7 8
7 38
8 1
8 18
8 22
8 16
8 27
8 28
8 29
8 15
8 35
8 10
8 39
8 12
8 25
8 8
8 38
15 1
15 18
15 21
15 22
15 16
15 5
15 28
15 29
15 12
15 39
15 15
15 25
15 35
18 1
18 5
18 10
18 12
18 16
18 28
18 25
18 33
18 38
18 39
18 27
18 21
18 29
25 33
25 22
25 16
25 5
25 28
25 29
25 35
25 12
25 38
33 1
33 12
33 22
33 28
33 16
33 27
33 39
35 1
35 22
35 5
35 12
21 1
21 10
21 12
21 5
21 29
21 28
21 38
21 21
5 1
5 22
5 16
5 27
5 5
5 29
5 38
5 28
29 27
29 10
29 29
29 12
29 38
29 39
28 1
28 16
28 10
28 12
10 22
10 16
10 39
10 38
10 12
22 1
22 12
22 39
22 16
12 16
12 38
16 1
16 39
39 1
39 27
39 38
39 39
38 27
1 1
1 27
27 27