37 28 32 6 40 13 31 20 2 17 27 25 19 49 3 12 35 23 42 16 26 8 22 41 21 5 4 33 11 38 14 46 48 24 29 39 44 47 45 36 34 10 30 18 43 9 15 0 1 7
37 28
37 32
37 6
37 40
37 13
37 31
37 20
28 24
28 18
28 22
28 35
28 9
28 34
28 0
28 33
28 45
28 1
28 2
28 7
32 2
32 17
32 27
32 25
32 19
32 49
32 3
6 12
6 35
6 23
6 42
6 16
6 31
6 26
40 8
40 22
40 41
40 21
40 5
40 4
40 17
13 35
13 33
13 11
13 38
13 41
13 14
13 5
31 38
31 11
31 8
31 46
31 20
31 22
20 17
20 48
20 16
20 35
20 19
20 25
2 44
2 22
2 26
2 33
2 12
2 1
2 15
17 29
17 39
17 1
17 47
17 4
27 24
27 29
27 23
27 4
27 49
27 8
27 35
25 39
25 23
25 43
25 34
25 46
25 7
19 39
19 44
19 49
19 36
19 12
19 7
49 16
49 9
49 3
49 47
49 30
3 22
3 10
3 42
3 36
3 12
3 1
12 43
12 22
12 0
12 41
35 39
35 18
35 4
35 45
23 24
23 34
23 14
23 48
23 10
42 16
42 14
42 9
42 4
42 30
42 15
16 24
16 14
16 8
16 38
26 9
26 41
26 46
26 15
26 33
26 21
8 11
8 34
8 1
8 4
22 18
22 47
22 38
41 5
41 43
41 34
41 7
21 29
21 44
21 5
21 43
21 36
21 7
5 29
5 18
5 45
5 33
4 48
4 7
33 34
33 0
33 48
33 15
11 44
11 18
11 43
11 30
11 45
38 29
38 10
38 0
38 15
14 39
14 44
14 18
14 46
46 9
46 36
46 30
46 47
48 10
48 0
48 45
48 15
24 29
24 39
24 44
29 47
29 45
39 36
39 34
44 10
44 30
47 36
47 1
47 30
45 34
45 0
45 36
36 0
34 9
10 43
10 9
10 15
30 43
30 1
18 43
15 7