0 6 10 17 20 30 1 8 28 29 36 41 42 2 12 18 3 38 46 4 5 7 26 40 43 44 23 11 16 33 34 35 9 14 19 22 24 32 48 39 13 21 15 47 25 27 45 31 49 37
0 6
0 10
0 17
0 20
0 30
6 40
6 43
6 44
10 22
10 24
10 28
10 43
17 22
17 26
17 38
17 47
20 22
20 45
20 47
30 1
30 4
30 5
30 14
30 18
30 19
30 26
30 36
30 41
30 43
30 49
1 8
1 28
1 29
1 36
1 41
1 42
8 11
8 16
8 23
8 33
8 34
8 35
28 18
28 24
28 29
28 34
28 36
28 38
28 47
29 25
29 32
29 44
36 46
36 47
41 31
41 32
42 2
42 12
42 31
42 34
42 43
2 12
2 18
12 3
12 39
18 4
18 27
18 45
18 46
3 38
3 46
46 13
46 26
46 32
5 7
5 26
7 23
26 22
26 23
26 37
26 39
40 19
40 44
43 34
43 44
44 11
44 32
44 49
23 13
23 31
23 39
11 9
11 14
11 32
11 33
11 48
16 14
16 25
16 33
33 31
34 35
34 47
34 49
35 48
9 14
9 19
14 21
14 22
19 31
22 21
22 24
22 49
48 15
21 27
21 47
15 47
25 37
27 49
45 31
31 49