0 2 3 4 8 28 34 35 1 5 6 7 9 10 12 14 15 19 20 24 39 42 45 16 25 38 11 22 49 13 40 36 37 17 21 23 18 26 31 29 41 43 48 32 44 47 33 30 27 46
0 2
0 3
0 4
0 8
0 28
0 34
0 35
2 1
2 5
2 16
2 25
2 38
3 1
4 1
4 6
4 8
4 9
4 16
8 13
8 17
8 21
8 24
28 13
28 32
34 13
34 35
1 5
1 6
1 7
1 9
1 10
1 12
1 14
1 15
1 19
1 20
1 24
1 39
1 42
1 45
5 7
5 11
5 14
5 22
5 49
6 10
6 11
6 13
6 20
6 40
7 12
7 36
7 37
10 23
12 15
12 18
12 22
12 23
12 25
12 26
12 31
14 17
14 21
14 32
14 36
15 41
15 44
15 47
19 17
20 27
24 39
42 13
45 40
38 37
38 48
11 18
49 46
13 26
13 29
13 31
13 41
13 43
13 48
40 26
37 33
37 44
17 33
23 27
23 29
23 47
18 30
18 33
26 30
26 43
26 46
27 46