0 26 17 48 27 1 33 35 41 46 15 2 21 10 8 3 45 47 4 39 9 20 43 29 18 22 5 42 49 6 11 7 38 34 23 40 14 12 37 13 25 24 16 36 19 31 44 32 28 30
0 26
0 17
0 48
0 27
0 1
0 18
0 28
0 38
0 40
26 9
26 24
26 10
26 48
26 32
17 13
17 27
17 15
17 12
17 30
17 32
17 37
17 41
17 47
48 7
48 19
48 23
48 42
48 4
48 22
48 40
48 49
27 5
27 15
27 25
27 44
27 12
27 39
27 41
27 43
27 46
27 49
1 33
1 35
1 41
1 46
1 15
1 40
1 47
33 30
33 47
33 15
33 34
35 6
35 20
35 21
35 24
35 28
35 14
35 19
35 42
35 10
35 38
35 36
35 45
41 12
41 37
41 3
41 45
46 20
46 18
46 34
46 14
46 4
15 8
15 24
15 45
2 21
2 10
2 8
2 6
2 32
2 47
21 7
21 10
21 11
21 14
21 22
21 40
21 44
21 29
21 34
10 40
10 23
10 31
10 39
8 18
8 45
3 45
3 47
3 4
3 39
3 9
3 11
45 14
45 18
47 34
47 7
4 20
4 43
4 29
4 18
4 22
4 39
39 12
39 18
39 25
39 36
39 37
9 34
9 23
9 13
9 16
9 18
20 11
20 44
20 30
43 13
43 30
29 5
18 7
18 16
18 49
18 36
22 16
22 42
22 32
5 42
5 49
5 6
42 38
42 28
42 44
49 11
49 32
49 40
49 30
6 11
11 14
11 23
11 19
7 38
7 36
7 37
38 19
38 23
38 25
38 32
38 40
34 12
34 16
34 13
34 40
23 19
23 13
40 13
40 24
40 28
12 37
12 28
37 13
37 36
13 25
13 24
13 32
25 19
25 28
24 36
16 30
19 31
28 30