10 20 23 0 41 24 14 18 16 42 29 19 21 1 12 25 22 2 17 9 44 31 48 27 43 38 33 30 35 15 13 6 28 39 8 4 32 36 37 40 5 46 49 34 3 11 26 47 45 7
10 20
10 43
10 49
10 13
20 41
20 8
20 13
23 0
23 38
23 4
23 16
0 41
0 24
0 14
0 44
0 31
0 48
0 38
0 8
0 47
0 29
0 3
41 24
41 14
41 19
41 21
41 32
41 42
41 43
41 22
41 3
24 14
24 19
24 8
24 2
24 39
24 37
14 38
14 18
14 2
14 16
18 16
18 2
16 42
16 29
16 15
16 19
16 48
16 1
16 44
16 27
16 4
16 46
42 29
42 46
42 31
42 4
42 13
42 7
29 47
29 3
29 43
29 25
29 30
19 48
19 1
19 22
19 33
19 44
19 36
19 47
21 1
21 12
21 2
21 17
21 9
21 28
21 22
1 12
1 25
1 27
1 43
1 48
12 25
12 28
12 46
12 22
12 2
12 39
25 9
25 46
25 32
25 17
25 5
25 35
25 27
25 13
25 36
25 43
25 30
22 2
22 3
22 43
2 17
2 37
2 31
2 40
2 5
2 8
2 39
2 48
2 4
2 43
17 9
17 48
17 5
17 37
44 28
44 39
44 46
44 27
44 33
31 48
31 40
31 30
48 30
48 34
48 5
27 38
27 33
27 46
27 4
43 30
43 35
43 4
43 49
38 4
33 35
33 45
30 40
30 35
35 39
35 32
35 36
13 6
13 49
6 4
28 32
28 46
39 8
39 32
8 37
8 3
8 26
4 11
32 46
36 5
36 46
36 49
36 37
37 34
37 11
5 46
46 49
49 34
49 47
49 3
47 45