0 5 8 13 17 23 34 36 37 46 24 28 32 33 39 2 21 9 16 19 22 25 29 31 40 48 11 15 10 38 1 7 18 20 12 26 41 44 42 6 43 14 45 30 35 49 47 27 3 4
0 5
0 8
0 13
0 17
0 23
0 34
0 36
0 37
0 46
5 24
5 28
5 32
5 33
5 39
8 2
8 21
13 9
13 16
13 19
13 22
13 23
13 25
13 29
13 31
13 46
17 24
17 40
17 48
23 11
23 15
23 21
34 10
34 38
36 1
36 7
36 10
36 18
36 20
36 31
36 46
37 12
46 16
46 26
46 38
46 41
46 44
24 29
24 38
24 20
28 32
28 3
28 12
28 28
28 39
28 48
32 42
32 2
32 18
32 43
33 1
33 6
33 15
33 41
33 44
33 45
39 45
2 22
2 25
2 35
2 44
2 49
21 43
21 14
16 1
16 6
16 11
16 43
19 31
19 40
19 19
22 11
22 43
22 47
25 20
25 30
25 40
29 1
29 12
29 14
31 4
31 40
40 42
40 15
40 6
48 15
48 47
11 15
11 6
15 49
15 4
10 49
10 3
10 7
38 35
38 4
38 6
1 41
1 42
7 6
7 43
18 20
20 45
12 41
12 3
26 42
26 35
26 43
26 47
41 42
44 14
42 14
42 30
42 42
6 43
6 45
43 27
45 49
45 27
30 35
30 3
35 49
49 27