0 1 2 3 4 5 6 7 8 9 10 11 20 12 21 13 14 15 16 17 18 19 24 22 23 25 26 27 28 29 30 31 32 33 34 35 36 37 38 39 40 41 42 43 44 45 46 47 48 49
0 1
0 22
1 2
1 22
2 3
2 22
3 4
3 22
4 5
4 22
5 6
5 22
6 7
6 22
7 8
7 22
8 9
8 22
9 10
9 22
10 11
10 22
11 20
11 22
20 19
20 23
12 21
12 13
12 23
21 24
21 23
13 14
13 23
14 15
14 23
15 16
15 23
16 17
16 23
17 18
17 23
18 19
18 23
19 23
24 25
24 49
25 26
25 49
26 27
26 49
27 28
27 49
28 29
28 49
29 30
29 49
30 31
30 49
31 32
31 49
32 33
32 49
33 34
33 49
34 35
34 49
35 36
35 49
36 37
36 49
37 38
37 49
38 39
38 49
39 40
39 49
40 41
41 42
42 43
43 44
44 45
45 46
46 47
47 48