0 14 13 30 20 37 39 11 5 10 25 6 22 9 35 48 26 34 41 21 3 28 8 49 44 27 45 19 46 33 42 1 36 43 17 12 47 32 40 38 2 16 31 23 18 15 4 24 29 7
0 14
0 13
0 30
0 20
0 37
0 39
0 11
0 5
0 10
0 25
0 6
0 22
0 9
0 35
0 48
0 26
0 34
0 41
0 21
0 3
0 28
0 8
0 49
0 44
0 27
0 45
0 19
0 46
0 33
0 42
14 1
14 2
14 3
14 4
14 5
14 6
14 8
14 11
14 12
14 13
14 36
14 41
14 21
14 15
14 42
14 26
14 20
14 44
14 47
14 35
14 23
14 38
14 16
14 19
14 48
14 28
14 34
14 30
14 32
14 22
14 46
14 40
13 1
13 2
13 4
13 6
13 7
13 9
13 10
13 12
13 45
13 27
13 31
13 30
13 37
13 47
13 49
13 46
13 19
13 21
13 20
13 17
13 25
13 29
13 36
13 40
13 28
13 48
13 41
13 16
13 24
13 44
13 42
13 23
13 38
13 34
13 26
13 35
13 43
30 2
30 4
30 7
30 9
30 11
30 12
30 15
30 16
30 17
30 21
30 22
30 23
30 24
30 25
30 26
30 27
30 28
30 29
30 31
30 41
30 46
30 48
30 38
30 47
30 43
30 33
30 40
30 32
30 44
30 45
30 37
30 36
30 39
30 49
20 1
20 3
20 4
20 5
20 7
20 8
20 9
20 10
20 16
20 17
20 22
20 36
20 27
20 45
20 42
20 39
20 29
20 43
20 26
20 25
20 47
20 24
20 32
20 49
20 33
20 48
20 35
20 41
20 40
20 34
20 28
37 1
37 2
37 3
37 4
37 5
37 8
37 9
37 10
37 11
37 12
37 16
37 18
37 19
37 23
37 24
37 27
37 28
37 29
37 31
37 32
37 33
37 34
37 35
37 36
37 39
37 41
37 40
37 49
37 43
37 48
37 42
37 45
37 38
37 47
39 2
39 3
39 4
39 5
39 9
39 11
39 16
39 17
39 19
39 21
39 22
39 24
39 25
39 26
39 27
39 28
39 33
39 35
39 38
39 44
39 46
39 43
39 45
39 47
39 40
11 2
11 3
11 4
11 5
11 6
11 8
11 9
11 19
11 12
11 26
11 41
11 46
11 22
11 28
11 33
11 17
11 15
11 42
11 18
11 38
11 45
11 25
11 34
11 49
11 32
11 35
11 36
11 21
11 44
5 1
5 2
5 3
5 33
5 42
5 29
5 31
5 46
5 41
5 35
5 28
5 17
5 23
5 36
5 38
5 22
5 9
5 34
5 48
5 21
5 44
5 32
5 18
5 12
5 26
5 47
5 8
5 27
5 45
5 49
5 7
5 19
10 2
10 3
10 4
10 6
10 8
10 9
10 43
10 42
10 40
10 23
10 28
10 46
10 17
10 21
10 33
10 35
10 41
10 36
10 16
10 34
10 29
10 24
10 31
10 15
10 38
10 49
10 26
10 44
10 12
10 25
10 48
25 3
25 4
25 6
25 7
25 8
25 9
25 16
25 17
25 18
25 21
25 23
25 24
25 36
25 26
25 49
25 29
25 31
25 47
25 28
25 33
25 46
25 48
25 45
25 35
25 41
25 43
6 1
6 2
6 3
6 4
6 8
6 29
6 40
6 38
6 23
6 48
6 15
6 17
6 21
6 47
6 19
6 45
6 7
6 44
6 43
6 27
6 42
6 33
6 36
6 9
6 24
6 22
6 34
22 1
22 3
22 4
22 8
22 12
22 15
22 16
22 17
22 19
22 43
22 34
22 48
22 44
22 23
22 36
22 32
22 31
22 46
22 35
22 41
22 47
22 26
22 29
22 28
22 42
9 1
9 2
9 4
9 7
9 8
9 16
9 17
9 21
9 38
9 46
9 43
9 45
9 19
9 31
9 26
9 23
9 28
9 27
9 29
9 34
9 32
9 35
9 33
9 18
9 49
9 24
9 48
9 15
35 1
35 2
35 3
35 4
35 7
35 8
35 12
35 16
35 17
35 18
35 19
35 21
35 27
35 32
35 33
35 48
35 44
35 41
35 43
35 38
35 49
35 42
48 1
48 2
48 3
48 4
48 7
48 12
48 15
48 17
48 18
48 19
48 24
48 26
48 27
48 28
48 29
48 32
48 33
48 34
48 41
48 42
48 43
48 44
48 46
48 47
26 1
26 2
26 3
26 4
26 15
26 16
26 17
26 18
26 19
26 21
26 23
26 24
26 34
26 42
26 44
26 43
26 38
26 33
26 28
26 49
26 47
26 27
26 36
26 29
26 46
26 32
34 1
34 2
34 4
34 7
34 12
34 15
34 17
34 19
34 23
34 24
34 31
34 32
34 33
34 41
34 40
34 44
34 47
34 42
34 46
34 43
34 45
41 1
41 3
41 4
41 7
41 21
41 23
41 24
41 28
41 29
41 31
41 40
41 45
41 43
41 46
41 47
41 49
41 44
21 1
21 3
21 4
21 7
21 12
21 15
21 16
21 17
21 18
21 19
21 29
21 23
21 47
21 49
21 36
21 31
21 40
21 42
21 27
21 44
21 38
21 32
3 1
3 2
3 38
3 4
3 47
3 17
3 44
3 12
3 49
3 15
3 8
3 27
3 45
3 29
3 32
3 42
3 46
3 7
28 1
28 2
28 4
28 8
28 12
28 16
28 17
28 19
28 23
28 24
28 43
28 33
28 29
28 47
28 46
28 45
28 36
28 31
28 44
28 42
28 49
28 38
8 1
8 4
8 44
8 46
8 16
8 49
8 47
8 42
8 43
8 32
8 19
8 27
8 17
8 23
8 15
8 40
8 45
8 18
8 24
8 33
49 1
49 2
49 4
49 7
49 15
49 16
49 24
49 27
49 29
49 31
49 32
49 40
49 42
49 44
49 45
49 46
49 47
44 2
44 4
44 7
44 12
44 15
44 16
44 17
44 18
44 19
44 23
44 27
44 31
44 32
44 33
44 38
44 40
44 46
44 45
27 1
27 2
27 4
27 7
27 15
27 17
27 18
27 19
27 23
27 47
27 43
27 46
27 31
27 38
27 40
45 2
45 4
45 7
45 12
45 15
45 16
45 17
45 18
45 23
45 29
45 31
45 33
45 36
45 42
45 46
19 2
19 4
19 7
19 15
19 17
19 18
19 32
19 42
19 33
19 24
19 47
19 46
19 43
19 23
19 38
19 31
19 40
46 4
46 12
46 17
46 23
46 29
46 31
46 32
46 36
46 42
46 47
33 1
33 12
33 15
33 16
33 17
33 18
33 23
33 24
33 29
33 32
33 36
33 40
33 42
33 43
42 1
42 7
42 15
42 16
42 17
42 18
42 23
42 24
42 29
42 31
42 38
42 40
42 47
1 36
1 43
1 17
1 12
1 47
1 32
1 40
1 38
1 2
1 16
1 31
1 23
1 18
1 15
1 4
36 2
36 4
36 7
36 12
36 15
36 16
36 17
36 18
36 24
36 31
36 38
36 47
43 2
43 4
43 7
43 12
43 15
43 17
43 18
43 23
43 29
43 31
43 32
43 40
17 2
17 4
17 7
17 12
17 15
17 16
17 38
17 18
17 32
17 31
17 23
17 47
17 29
17 40
17 24
12 4
12 40
12 32
12 47
12 15
12 31
12 38
47 4
47 15
47 16
47 18
47 23
47 24
47 29
47 31
47 32
47 40
32 4
32 7
32 15
32 16
32 18
32 23
32 29
32 38
32 40
40 2
40 4
40 7
40 15
40 16
40 18
40 29
40 31
40 38
38 2
38 15
38 16
38 18
38 24
38 31
2 31
2 24
2 18
2 23
2 15
16 4
16 7
16 15
16 23
16 18
16 24
16 29
31 7
31 15
31 23
31 24
31 29
23 4
23 15
23 24
18 4
18 7
18 15
18 29
15 7
15 24
4 24
4 7
4 29
24 7
24 29