0 33 34 36 7 47 46 14 15 18 21 22 27 29 31 1 44 30 2 48 28 13 39 3 5 45 4 17 42 35 8 43 6 49 23 25 11 10 40 9 19 24 12 32 38 20 16 37 26 41
0 33
0 34
0 36
0 7
0 47
0 46
0 14
0 15
0 18
0 21
0 22
0 27
0 29
0 31
33 2
33 10
33 14
33 20
33 48
33 35
33 34
33 47
34 1
34 3
34 5
34 13
34 19
34 20
34 21
34 26
34 30
34 47
34 37
36 1
36 5
36 7
36 8
36 18
36 24
36 40
36 48
7 10
7 47
7 45
7 31
47 11
47 14
47 18
47 19
47 20
47 23
47 24
47 42
46 3
46 6
46 11
46 16
46 22
46 48
14 32
14 35
14 20
14 38
14 42
14 15
15 13
15 32
15 49
15 48
15 44
15 28
15 45
18 4
18 5
18 20
18 39
18 21
21 20
21 25
21 31
22 1
22 16
22 35
22 40
22 26
22 43
22 44
22 45
22 31
27 9
27 12
27 24
27 38
27 43
29 8
29 35
29 44
29 32
31 1
31 10
31 20
31 26
31 30
31 35
31 41
1 44
1 30
44 19
44 48
30 3
30 4
30 17
30 19
30 24
30 26
30 28
30 32
30 38
2 48
2 28
2 13
2 39
48 6
48 13
48 38
48 39
48 41
28 13
28 17
28 19
28 40
28 42
13 5
3 5
3 45
5 35
5 8
5 43
45 4
45 6
45 19
4 17
4 42
17 6
17 9
17 16
17 35
17 37
17 23
42 25
42 35
42 40
35 32
8 40
43 10
43 11
43 37
6 49
6 23
6 25
6 11
49 12
25 32
11 9
11 19
11 24
10 19
9 19
19 38
24 37
24 38
12 32
12 38
32 37
20 37