0 45 12 15 22 4 38 27 31 42 29 36 25 41 34 39 30 43 6 24 33 21 1 5 7 44 26 40 17 32 37 11 3 14 2 18 9 48 46 13 8 47 16 28 19 35 20 23 49 10
0 45
0 12
0 15
0 22
0 4
0 38
0 27
0 31
0 42
0 29
0 36
0 25
0 41
0 34
0 39
0 30
0 43
0 6
0 24
0 33
0 21
0 1
0 5
0 7
0 44
0 26
0 40
0 17
0 32
0 37
0 11
45 2
45 3
45 4
45 5
45 8
45 10
45 12
45 13
45 14
45 15
45 16
45 17
45 18
45 20
45 23
45 24
45 25
45 26
45 28
45 31
45 32
45 33
45 34
45 35
45 36
45 37
45 38
45 39
45 40
45 41
45 44
45 48
45 46
12 1
12 3
12 6
12 11
12 37
12 40
12 28
12 47
12 23
12 29
12 38
12 19
12 36
12 39
12 30
12 33
12 49
12 15
12 26
12 31
12 42
12 41
12 32
12 34
12 18
12 22
12 44
12 17
12 16
15 1
15 3
15 4
15 5
15 6
15 8
15 10
15 11
15 14
15 26
15 23
15 35
15 42
15 38
15 32
15 25
15 47
15 28
15 27
15 21
15 31
15 43
15 24
15 17
15 40
15 34
15 41
15 37
15 44
22 2
22 3
22 10
22 11
22 14
22 18
22 21
22 30
22 28
22 49
22 27
22 47
4 1
4 2
4 10
4 33
4 13
4 37
4 34
4 18
4 16
4 49
4 24
4 20
38 3
38 5
38 6
38 10
38 14
38 17
38 18
38 21
38 23
38 24
38 26
38 28
38 29
38 33
38 35
38 36
38 47
38 48
38 43
38 44
38 40
38 49
38 42
27 1
27 6
27 8
27 10
27 13
27 17
27 18
27 20
27 23
27 43
27 34
27 32
27 30
27 41
31 6
31 10
31 14
31 16
31 17
31 21
31 23
31 25
31 28
31 29
31 34
42 3
42 6
42 8
42 10
42 13
42 14
42 17
42 23
42 28
42 32
42 33
42 36
42 37
42 39
42 40
42 41
42 43
29 2
29 3
29 5
29 8
29 17
29 20
29 21
29 23
29 25
29 28
29 46
29 30
36 5
36 6
36 8
36 10
36 16
36 17
36 19
36 23
36 25
36 26
36 33
36 34
36 41
36 47
36 49
25 3
25 5
25 10
25 11
25 17
25 18
25 20
25 30
25 48
25 34
25 49
25 39
25 35
25 37
25 41
25 44
25 28
25 43
25 46
41 2
41 3
41 6
41 7
41 8
41 10
41 13
41 16
41 17
41 23
41 26
41 28
41 30
41 33
41 34
41 35
41 37
41 40
41 48
41 44
41 46
34 1
34 2
34 5
34 7
34 14
34 17
34 18
34 26
34 28
34 33
34 44
34 48
34 40
34 49
34 35
34 39
34 46
39 1
39 2
39 5
39 6
39 7
39 10
39 14
39 16
39 17
39 18
39 20
39 23
39 26
39 28
39 33
39 35
39 37
39 48
39 47
39 46
39 44
30 3
30 5
30 6
30 8
30 10
30 14
30 17
30 18
30 23
30 24
30 28
43 2
43 3
43 5
43 10
43 17
43 18
43 23
43 28
43 33
43 40
43 49
43 44
6 1
6 2
6 3
6 5
6 40
6 10
6 49
6 33
6 14
6 16
6 23
6 44
6 24
6 19
6 9
6 11
6 20
6 48
24 1
24 2
24 3
24 10
24 14
24 17
24 18
24 46
24 44
33 3
33 8
33 10
33 14
33 17
33 18
33 23
33 28
33 32
33 35
33 40
33 44
33 46
33 49
33 47
21 2
21 3
21 7
21 10
21 14
21 17
21 18
21 37
21 32
1 3
1 14
1 2
1 11
1 26
1 18
1 9
1 44
1 48
1 5
1 46
5 2
5 3
5 32
5 17
5 8
5 23
5 9
5 14
5 18
5 19
5 40
5 47
5 28
5 20
5 26
5 37
5 48
7 2
7 3
7 37
7 8
7 19
7 46
7 35
7 20
7 17
7 48
7 16
7 18
44 3
44 10
44 14
44 16
44 17
44 23
44 26
44 28
44 35
44 37
44 40
44 49
26 2
26 3
26 8
26 10
26 17
26 18
26 23
26 49
26 32
26 28
26 46
26 35
26 40
40 2
40 3
40 10
40 13
40 14
40 16
40 17
40 18
40 23
40 32
40 35
40 37
40 48
40 46
17 3
17 35
17 46
17 49
17 47
17 48
17 20
17 28
17 32
32 3
32 10
32 14
32 18
32 35
32 48
32 46
32 49
32 47
37 2
37 3
37 14
37 18
37 28
37 35
37 47
37 46
11 2
11 3
11 10
11 46
3 2
3 23
3 16
3 49
3 35
3 18
3 13
3 10
3 48
3 46
3 14
3 9
3 19
14 2
14 13
14 20
14 35
14 18
14 23
14 46
14 19
14 48
14 47
2 13
2 8
2 47
2 16
2 28
2 19
2 35
2 46
2 20
2 18
18 35
18 20
18 23
18 19
18 48
18 28
18 46
9 8
9 28
9 46
48 10
48 23
48 28
48 35
48 46
48 47
48 49
46 8
46 10
46 20
46 28
46 35
46 47
46 49
13 8
13 20
13 19
13 49
13 35
8 23
8 47
8 10
8 28
8 20
47 16
47 20
47 28
47 35
47 49
16 10
16 49
28 10
19 10
19 35
35 20
35 23
35 49
20 23
23 10
49 10