0 17 19 1 25 44 2 9 38 3 10 45 6 39 4 22 49 14 5 40 32 37 7 16 29 8 35 21 27 36 18 11 20 46 12 33 26 13 15 42 31 48 24 23 28 47 30 34 41 43
0 17
0 19
0 1
0 25
0 7
0 14
0 18
17 11
17 12
17 3
17 40
17 47
19 31
19 48
19 32
19 24
1 44
1 1
1 37
25 2
25 18
25 23
25 30
25 41
44 2
44 3
44 47
2 9
2 38
2 31
2 41
9 8
9 27
9 6
38 5
38 34
38 47
38 43
3 10
3 45
3 6
3 39
10 4
10 36
10 18
10 35
45 21
45 24
45 30
6 37
6 40
6 49
6 28
6 31
39 7
39 21
39 13
4 22
4 49
4 14
4 29
22 16
22 14
22 7
22 30
49 23
49 33
14 5
14 15
14 34
5 40
5 32
5 34
40 34
40 43
32 15
32 28
32 48
37 33
37 21
7 16
7 29
16 11
16 8
16 20
16 24
16 27
29 20
29 47
29 48
8 35
8 21
8 27
8 28
35 12
35 13
21 33
27 11
27 36
27 42
36 23
36 42
18 13
18 43
11 20
11 46
11 26
11 42
20 24
46 34
46 33
46 13
12 33
12 26
12 13
33 13
33 31
26 15
26 23
26 30
26 43
15 42
31 34
48 43
23 28
23 41
28 41