1 2 3 4 5 6 0 7 8 9 10 11 48 12 13 14 15 16 17 18 19 20 21 22 23 24 25 26 27 28 29 30 31 32 33 34 35 36 37 38 39 40 41 42 43 44 45 46 47
1 2
1 5
1 6
1 0
1 7
1 42
2 3
2 6
3 4
3 6
4 5
4 6
5 6
0 7
0 12
0 18
0 24
0 30
0 36
0 42
7 8
7 11
7 48
7 12
8 9
8 48
9 10
9 48
10 11
10 48
11 48
12 13
12 16
12 17
12 18
13 14
13 17
14 15
14 17
15 16
15 17
16 17
18 19
18 22
18 23
18 24
19 20
19 23
20 21
20 23
21 22
21 23
22 23
24 25
24 28
24 29
24 30
25 26
25 29
26 27
26 29
27 28
27 29
28 29
30 31
30 34
30 35
30 36
31 32
31 35
32 33
32 35
33 34
33 35
34 35
36 37
36 40
36 41
36 42
37 38
37 41
38 39
38 41
39 40
39 41
40 41
42 43
42 46
42 47
43 44
43 47
44 45
44 47
45 46
45 47
46 47