0 2 6 7 10 12 13 17 23 27 28 30 31 32 43 45 47 48 1 8 9 15 21 22 24 29 33 34 35 38 39 46 49 3 16 19 25 26 40 42 4 11 18 36 37 5 14 41 44 20
0 2
0 6
0 7
0 10
0 12
0 13
0 17
0 23
0 27
0 28
0 30
0 31
0 32
0 43
0 45
0 47
0 48
2 3
2 7
2 8
2 10
2 12
2 13
2 16
2 19
2 22
2 23
2 25
2 26
2 30
2 38
2 40
2 42
2 47
2 48
6 7
6 10
6 12
6 14
6 15
6 17
6 19
6 20
6 24
6 26
6 29
6 35
6 38
6 43
6 44
6 47
6 48
7 1
7 3
7 4
7 5
7 8
7 13
7 14
7 18
7 21
7 22
7 23
7 24
7 25
7 33
7 34
7 36
7 38
7 40
7 42
7 43
7 45
7 48
10 1
10 4
10 5
10 11
10 12
10 13
10 21
10 23
10 25
10 27
10 30
10 31
10 32
10 33
10 36
10 40
10 41
10 49
12 4
12 5
12 9
12 11
12 13
12 14
12 16
12 18
12 19
12 20
12 21
12 26
12 27
12 29
12 31
12 34
12 39
12 41
12 43
12 45
13 1
13 3
13 15
13 17
13 19
13 24
13 25
13 28
13 31
13 32
13 34
13 35
13 37
13 39
13 40
13 41
13 49
17 4
17 8
17 9
17 22
17 30
17 34
17 36
17 37
17 40
17 44
17 46
23 5
23 15
23 16
23 19
23 22
23 24
23 25
23 27
23 29
23 32
23 33
23 35
23 41
23 43
23 44
23 47
23 49
27 5
27 8
27 9
27 19
27 21
27 25
27 28
27 32
27 39
27 44
27 48
27 49
28 8
28 11
28 14
28 18
28 20
28 21
28 22
28 24
28 30
28 35
28 36
28 37
28 41
28 44
28 46
28 48
30 3
30 4
30 9
30 16
30 22
30 25
30 32
30 36
30 37
30 38
30 39
30 40
30 41
30 44
30 47
30 48
31 9
31 15
31 19
31 22
31 36
31 40
32 1
32 11
32 15
32 19
32 21
32 29
32 34
32 35
32 37
32 39
32 41
32 43
32 47
32 49
43 1
43 3
43 4
43 14
43 16
43 18
43 20
43 22
43 34
43 37
43 38
43 42
43 46
43 47
45 1
45 14
45 15
45 18
45 20
45 22
45 33
45 37
45 39
45 40
45 46
45 47
45 49
47 9
47 11
47 15
47 19
47 21
47 24
47 26
47 36
47 37
47 38
47 40
48 1
48 19
48 20
48 22
48 26
48 34
48 35
48 36
48 37
48 41
48 42
48 44
48 49
1 8
1 9
1 15
1 21
1 22
1 24
1 29
1 33
1 34
1 35
1 38
1 39
1 46
1 49
8 9
8 11
8 14
8 15
8 16
8 21
8 22
8 24
8 33
8 34
8 38
8 42
8 44
9 3
9 4
9 14
9 15
9 19
9 24
9 26
9 33
9 34
9 36
9 38
9 40
9 44
9 46
9 49
15 3
15 11
15 14
15 16
15 24
15 26
15 37
15 40
15 41
21 14
21 18
21 19
21 20
21 22
21 24
21 25
21 35
21 36
21 37
21 46
22 4
22 18
22 24
22 26
22 29
22 46
24 3
24 18
24 19
24 26
24 29
24 34
24 35
24 36
24 39
24 40
24 41
29 5
29 19
29 20
29 35
29 36
29 37
29 42
33 4
33 20
33 25
33 26
33 34
33 36
33 44
33 46
33 49
34 3
34 5
34 11
34 38
34 39
34 42
34 49
35 4
35 18
35 19
35 36
35 41
38 3
38 14
38 16
38 18
38 19
38 25
38 26
38 37
38 39
38 40
38 42
39 3
39 4
39 14
39 18
39 20
39 44
39 46
39 49
46 3
46 4
46 5
46 16
46 36
46 37
46 40
46 41
49 3
49 14
49 19
3 4
3 11
3 18
3 25
3 36
3 37
3 40
16 5
16 11
16 14
16 19
16 40
16 41
16 42
16 44
19 4
19 5
19 11
19 14
19 18
19 20
19 25
19 26
19 37
19 44
25 11
25 14
25 18
25 36
25 41
26 4
26 20
26 37
26 42
26 44
40 37
40 44
42 5
42 14
42 37
42 44
4 5
4 14
4 36
4 41
4 44
11 5
11 18
11 41
18 14
18 36
18 37
18 41
18 44
36 14
36 20
36 41
37 5
14 44
41 20