0 1 3 5 6 7 15 16 18 20 24 25 27 28 29 30 34 36 41 42 48 2 4 8 9 12 17 21 22 26 35 40 44 45 46 49 13 14 19 31 32 37 47 10 33 38 43 23 11 39
0 1
0 3
0 5
0 6
0 7
0 15
0 16
0 18
0 20
0 24
0 25
0 27
0 28
0 29
0 30
0 34
0 36
0 41
0 42
0 48
1 2
1 4
1 6
1 7
1 8
1 9
1 12
1 15
1 16
1 17
1 20
1 21
1 22
1 24
1 26
1 27
1 35
1 36
1 40
1 41
1 42
1 44
1 45
1 46
1 49
3 4
3 6
3 7
3 10
3 12
3 13
3 16
3 17
3 18
3 24
3 25
3 26
3 27
3 30
3 31
3 33
3 34
3 35
3 36
3 37
3 38
3 41
3 42
3 43
3 45
3 46
3 47
3 48
5 9
5 11
5 17
5 19
5 22
5 23
5 29
5 30
5 32
5 35
5 37
5 40
5 41
5 43
5 44
5 45
5 46
5 47
5 48
6 2
6 9
6 12
6 15
6 16
6 17
6 18
6 20
6 22
6 24
6 25
6 26
6 27
6 29
6 36
6 37
6 41
6 43
6 47
7 2
7 4
7 9
7 11
7 18
7 19
7 20
7 24
7 25
7 26
7 28
7 29
7 30
7 35
7 37
7 39
7 40
7 43
7 48
7 49
15 2
15 4
15 10
15 12
15 13
15 18
15 20
15 21
15 23
15 24
15 26
15 29
15 33
15 37
15 47
15 48
16 4
16 9
16 10
16 13
16 18
16 20
16 21
16 25
16 26
16 30
16 32
16 33
16 36
16 38
16 40
16 42
16 43
16 45
16 47
16 49
18 8
18 10
18 12
18 13
18 14
18 17
18 23
18 29
18 30
18 35
18 36
18 37
18 38
18 39
18 40
18 44
18 45
18 47
18 48
18 49
20 2
20 9
20 11
20 14
20 17
20 22
20 23
20 26
20 28
20 30
20 31
20 36
20 38
20 42
20 43
20 45
24 2
24 4
24 10
24 14
24 21
24 22
24 30
24 33
24 36
24 37
24 38
24 41
24 42
24 44
24 47
24 48
24 49
25 2
25 8
25 9
25 10
25 12
25 13
25 14
25 17
25 19
25 23
25 28
25 30
25 32
25 33
25 34
25 36
25 45
27 4
27 8
27 9
27 10
27 12
27 19
27 21
27 22
27 26
27 34
27 35
27 37
27 40
27 45
27 47
27 48
27 49
28 8
28 9
28 10
28 11
28 12
28 14
28 17
28 19
28 21
28 29
28 36
28 37
28 40
28 44
28 46
28 47
28 48
29 17
29 19
29 21
29 22
29 26
29 31
29 32
29 37
29 38
29 39
29 40
29 41
29 47
30 2
30 9
30 10
30 11
30 13
30 21
30 22
30 31
30 34
30 36
30 38
30 42
30 49
34 8
34 10
34 12
34 17
34 31
34 37
34 38
34 39
34 41
34 42
34 43
34 44
34 46
34 48
34 49
36 4
36 8
36 11
36 12
36 13
36 19
36 21
36 22
36 23
36 26
36 31
36 33
36 35
36 37
36 43
36 44
36 46
36 48
36 49
41 4
41 10
41 11
41 12
41 13
41 14
41 19
41 21
41 26
41 32
41 35
41 39
41 45
41 47
42 2
42 9
42 13
42 14
42 17
42 22
42 23
42 32
42 33
42 40
42 43
42 45
42 46
42 47
42 48
42 49
48 2
48 4
48 9
48 10
48 11
48 12
48 21
48 26
48 31
48 39
48 44
48 47
48 49
2 4
2 13
2 14
2 17
2 19
2 22
2 31
2 32
2 37
2 45
2 46
2 47
2 49
4 8
4 12
4 14
4 19
4 21
4 23
4 26
4 33
4 37
8 9
8 11
8 12
8 13
8 21
8 22
8 23
8 26
8 32
8 33
8 37
8 40
8 43
8 45
8 49
9 10
9 12
9 14
9 21
9 23
9 26
9 31
9 32
9 35
9 37
9 38
9 39
9 40
9 43
9 44
9 46
12 10
12 11
12 13
12 14
12 17
12 23
12 26
12 31
12 39
12 43
12 44
17 11
17 13
17 14
17 19
17 22
17 23
17 26
17 31
17 37
17 38
17 40
17 43
21 11
21 19
21 26
21 33
21 35
21 43
21 44
21 46
21 49
22 13
22 23
22 26
22 31
22 39
22 40
22 43
22 44
22 46
22 47
22 49
26 10
26 14
26 32
26 33
26 37
26 43
26 46
26 47
26 49
35 14
35 19
35 33
35 37
35 38
35 39
35 40
35 43
35 44
35 47
35 49
40 11
40 19
40 31
40 38
40 39
40 44
40 46
40 47
44 10
44 13
44 23
44 32
44 33
44 38
44 43
44 46
44 49
45 10
45 11
45 23
45 31
45 32
45 33
45 37
45 39
45 43
45 47
46 19
46 38
46 47
46 49
49 11
49 23
49 32
49 33
49 38
49 39
13 11
13 32
14 11
14 19
14 31
14 38
14 39
14 43
19 11
19 37
19 38
19 43
19 47
31 23
31 33
31 38
31 39
31 47
32 11
32 23
32 33
32 37
32 43
37 11
37 33
47 23
47 33
47 38
47 39
47 43
10 11
10 33
10 39
10 43
33 11
33 23
38 23
38 39
23 11