43 2 10 4 20 35 27 36 33 28 9 25 12 19 13 42 48 32 24 39 16 46 1 15 17 30 40 44 21 34 5 41 26 8 7 31 3 38 29 45 49 18 0 37 6 23 22 11 14 47
43 2
43 23
43 30
43 27
2 4
2 10
2 23
2 16
2 30
10 4
10 48
10 25
10 12
4 25
4 34
4 35
4 44
4 41
4 12
4 18
4 20
4 49
20 35
20 33
20 19
20 49
35 32
35 6
27 36
27 42
27 46
27 39
27 33
36 32
36 37
36 24
36 21
33 34
33 31
33 23
33 9
28 9
28 5
28 31
28 3
28 14
28 13
9 12
9 1
9 17
9 3
9 21
9 26
9 24
9 15
25 19
25 40
25 48
25 18
25 30
25 46
12 17
12 38
12 22
12 0
19 13
19 24
19 15
19 29
19 14
13 32
13 31
13 48
13 29
13 22
13 6
42 48
42 44
48 29
48 16
32 16
32 18
32 26
32 39
32 11
24 39
24 16
39 15
39 6
39 3
39 38
16 46
16 5
16 26
46 17
46 1
46 15
46 7
1 45
1 29
15 17
15 31
15 45
17 26
17 8
17 7
17 47
30 40
30 7
40 41
40 7
40 5
44 21
21 5
21 7
21 45
21 38
34 31
34 45
5 6
5 3
41 37
41 18
8 7
8 3
31 23
31 11
3 49
29 22
18 0
18 22
0 23