0 1 8 9 2 3 4 5 6 10 12 13 14 7 11 17 16 18 19 15 21 22 20 23 24 26 34 25 33 27 28 29 30 31 35 37 38 39 32 36 42 41 43 44 40 46 47 45 48 49
0 1
0 8
0 9
1 9
1 2
1 3
8 7
2 4
2 5
2 6
3 10
3 12
4 12
4 5
5 13
5 14
6 7
6 14
10 11
10 17
12 11
12 13
13 16
13 18
13 19
14 15
11 17
17 20
16 21
16 22
18 23
19 24
15 26
15 34
20 24
26 25
26 34
26 27
26 28
34 25
25 33
33 32
27 29
27 30
27 31
28 35
28 37
29 37
29 30
30 38
30 39
31 32
31 39
35 36
35 42
37 36
37 38
38 41
38 43
38 44
39 40
36 42
42 45
41 46
41 47
43 48
44 49
45 49