0 11 42 8 20 15 40 39 18 29 7 24 22 31 44 1 3 43 25 12 48 23 9 10 2 46 5 41 32 19 35 17 13 21 16 4 36 6 33 28 45 37 47 14 34 49 26 27 30 38
0 11
0 42
0 8
0 20
0 15
0 40
0 39
0 18
0 29
0 7
0 24
0 22
0 31
0 44
11 3
11 8
11 48
11 41
11 43
11 31
11 15
11 33
11 42
11 18
42 3
42 4
42 5
42 6
42 15
42 18
42 19
42 24
42 25
42 26
42 34
42 35
42 37
42 49
42 46
42 47
8 4
8 33
8 28
8 49
8 20
8 13
8 35
8 19
8 29
8 10
8 26
8 16
8 23
20 1
20 9
20 16
20 18
20 22
20 29
20 43
20 21
20 49
20 26
20 47
20 32
20 46
20 28
15 5
15 40
15 41
15 36
15 46
15 34
15 43
15 17
15 24
15 26
15 38
15 22
15 28
40 1
40 4
40 5
40 10
40 12
40 16
40 17
40 22
40 33
40 37
40 48
40 47
40 41
40 43
40 49
40 46
39 3
39 10
39 14
39 18
39 21
39 24
39 28
39 33
39 35
39 44
39 43
18 1
18 4
18 7
18 9
18 12
18 14
18 37
18 49
18 45
18 31
18 43
18 24
18 27
18 30
18 36
29 2
29 10
29 16
29 23
29 28
29 31
29 32
29 45
29 38
29 36
29 37
7 1
7 5
7 10
7 36
7 21
7 34
7 28
7 13
24 2
24 3
24 16
24 36
24 46
24 35
24 38
24 28
24 25
22 1
22 2
22 3
22 10
22 14
22 30
22 27
22 44
22 23
22 47
22 25
31 2
31 12
31 28
31 30
31 49
31 35
31 38
44 1
44 3
44 4
44 5
44 14
44 17
44 23
44 48
44 47
44 49
1 3
1 43
1 25
1 12
1 48
1 23
1 9
1 10
3 2
3 12
3 5
3 48
3 41
3 13
3 32
3 21
3 16
43 2
43 4
43 13
43 17
43 28
43 30
43 46
25 2
25 6
25 12
25 47
25 34
25 26
12 4
12 9
12 30
12 28
12 21
12 16
12 34
12 27
12 26
12 14
48 9
48 16
48 32
48 35
48 36
48 38
48 45
48 46
23 35
23 41
23 36
23 33
23 38
23 37
23 32
9 6
9 13
9 32
9 33
9 26
9 27
9 16
9 34
10 4
10 6
10 30
10 32
10 17
10 35
10 37
10 45
2 46
2 5
2 41
2 32
2 19
2 35
2 17
2 13
46 14
46 17
46 21
46 38
46 41
46 49
5 19
5 45
5 37
5 13
5 35
5 47
41 19
41 30
41 33
41 47
32 6
32 26
19 4
19 38
19 36
19 45
19 47
35 14
35 26
35 27
35 28
35 33
17 21
17 34
17 26
17 30
17 47
13 4
13 21
13 27
13 26
13 16
13 28
13 33
13 49
21 4
21 47
21 36
16 6
16 14
16 47
16 49
16 36
16 33
16 38
4 36
4 6
4 33
4 28
36 14
36 26
36 27
36 49
6 14
6 34
33 28
33 37
28 14
28 49
28 45
45 27
45 30
45 49
37 14
37 26
37 27
37 34
47 14
47 26
14 38
14 30
34 38
49 26
49 30