1 0 2 3 4 5 6 7 8 9 10 11 12 13 14 15 16 17 18 19 20 21 22 23 24 25 26 27 28 29 30 31 32 33 34 35 36 37 38 39 40 41 42 43 44 45 46 47 48 49
1 0
1 17
1 23
1 18
1 7
1 2
1 35
1 45
1 22
1 13
1 42
1 11
1 36
1 43
1 6
1 10
1 21
1 3
1 26
1 24
1 9
1 41
1 48
1 33
1 38
1 12
1 32
1 37
1 29
1 28
1 15
1 46
0 2
0 3
0 4
0 5
0 6
0 7
0 8
0 9
0 10
0 11
0 12
0 13
0 14
0 15
0 16
0 17
0 18
0 19
0 20
0 21
0 22
0 23
0 24
0 25
0 26
0 27
0 28
0 29
0 30
0 31
0 32
0 33
0 34
0 35
0 36
0 37
0 38
0 39
0 40
0 41
0 42
0 43
0 44
0 45
0 46
0 47
0 48
0 49
2 40
2 12
2 7
2 31
2 47
2 4
2 14
2 33
2 39
2 20
2 10
2 15
2 19
2 45
2 26
2 29
2 11
2 22
2 28
2 13
2 18
2 46
2 17
2 27
2 30
2 16
2 38
2 43
3 7
3 25
3 21
3 43
3 39
3 19
3 34
3 12
3 18
3 10
3 4
3 44
3 6
3 33
3 46
3 42
3 27
3 14
3 45
3 23
3 8
3 29
3 32
3 38
3 31
3 15
4 26
4 24
4 11
4 33
4 35
4 31
4 28
4 18
4 16
4 21
4 7
4 34
4 43
4 45
4 41
4 37
4 14
4 39
4 5
4 32
4 30
4 15
5 48
5 12
5 21
5 34
5 35
5 33
5 7
5 13
5 30
5 49
5 42
5 25
5 36
5 32
5 22
5 39
5 18
5 31
5 27
5 19
5 15
5 46
5 9
5 45
5 10
5 28
5 14
5 43
5 17
5 38
5 8
6 32
6 26
6 27
6 16
6 28
6 33
6 17
6 20
6 21
6 47
6 31
6 39
6 19
6 13
6 25
6 29
6 46
6 9
6 24
6 11
6 48
6 35
6 8
6 43
6 14
7 47
7 30
7 13
7 19
7 8
7 10
7 40
7 39
7 25
7 33
7 31
7 18
7 22
7 32
7 23
7 35
7 43
7 29
7 16
7 9
7 15
7 36
7 24
7 45
7 12
7 28
8 41
8 36
8 27
8 43
8 31
8 18
8 42
8 21
8 37
8 35
8 44
8 10
8 28
8 16
8 32
8 40
8 12
8 47
8 23
8 48
8 17
8 29
8 15
8 22
8 38
8 26
9 12
9 25
9 11
9 44
9 36
9 22
9 42
9 31
9 33
9 17
9 20
9 40
9 10
9 28
9 39
9 30
9 18
9 43
9 26
9 45
9 27
9 47
9 38
9 24
9 29
10 48
10 44
10 21
10 25
10 37
10 28
10 36
10 19
10 47
10 14
10 16
10 41
10 39
10 12
10 34
10 29
10 26
10 35
10 27
10 49
10 17
10 38
10 15
10 42
10 32
10 22
11 28
11 12
11 31
11 49
11 34
11 17
11 48
11 20
11 41
11 27
11 24
11 33
11 38
11 16
11 29
11 14
11 23
11 36
11 25
11 45
11 32
11 40
11 42
11 26
11 21
11 47
11 37
12 22
12 16
12 26
12 25
12 18
12 32
12 21
12 42
12 38
12 28
12 15
12 39
12 43
12 34
12 49
12 30
12 48
12 19
12 44
12 29
12 47
12 13
12 14
12 46
12 20
12 24
12 23
12 37
13 41
13 29
13 44
13 42
13 40
13 20
13 33
13 18
13 21
13 23
13 49
13 35
13 15
13 36
13 26
13 25
13 39
13 27
13 24
13 48
13 47
13 16
14 31
14 44
14 28
14 38
14 37
14 16
14 36
14 18
14 21
14 15
14 42
14 22
14 17
14 46
14 48
14 19
14 34
14 29
14 43
14 40
14 41
15 23
15 29
15 19
15 35
15 18
15 31
15 45
15 33
15 47
15 48
15 34
15 21
15 16
15 44
15 22
15 24
15 36
15 38
15 43
15 26
15 30
15 28
15 40
15 25
15 49
15 37
16 36
16 25
16 18
16 26
16 47
16 28
16 43
16 42
16 44
16 23
16 31
16 40
16 34
16 17
16 19
16 39
16 46
16 30
17 38
17 32
17 43
17 40
17 24
17 45
17 27
17 20
17 22
17 48
17 46
17 18
17 49
17 28
17 29
17 31
17 26
17 19
17 39
17 33
17 47
17 25
17 41
18 35
18 32
18 48
18 31
18 46
18 34
18 26
18 38
18 43
18 21
18 42
18 40
18 33
18 29
18 25
18 27
18 22
18 49
18 24
19 29
19 21
19 35
19 23
19 42
19 24
19 28
19 31
19 33
19 27
19 32
19 46
19 38
19 49
19 20
19 45
19 25
19 47
19 48
19 40
20 21
20 30
20 49
20 44
20 47
20 24
20 42
20 36
20 46
20 32
20 43
20 27
20 22
20 37
20 38
20 48
20 23
20 41
20 40
20 29
21 25
21 47
21 29
21 48
21 27
21 44
21 35
21 31
21 34
21 43
21 49
21 39
21 23
21 28
21 30
21 40
21 38
21 41
21 22
22 42
22 26
22 49
22 35
22 31
22 33
22 47
22 28
22 38
22 45
22 44
22 25
22 37
22 48
22 30
23 35
23 39
23 36
23 29
23 30
23 38
23 47
23 32
23 25
23 41
23 26
23 24
23 49
23 42
23 31
23 45
24 36
24 28
24 25
24 47
24 26
24 48
24 34
24 43
24 35
24 30
24 49
24 37
24 40
24 31
24 32
24 29
24 33
25 43
25 34
25 35
25 28
25 47
25 36
25 27
25 45
25 42
25 38
25 48
25 31
25 30
25 40
25 29
25 26
25 46
25 41
25 44
25 32
26 46
26 31
26 41
26 34
26 27
26 29
26 47
26 48
26 40
26 45
26 32
26 38
26 30
26 37
26 28
26 39
27 41
27 29
27 40
27 34
27 46
27 35
27 39
28 49
28 37
28 36
28 31
28 44
28 46
28 32
28 40
28 38
28 41
28 45
28 35
28 29
29 46
29 37
29 47
29 43
29 48
29 33
29 45
29 35
29 30
29 31
29 44
29 34
29 32
30 34
30 32
30 42
30 48
30 40
30 33
30 36
30 38
30 44
30 43
30 39
30 49
30 45
31 32
31 46
31 39
31 47
31 37
31 43
31 35
31 41
31 45
31 44
31 40
32 38
32 40
32 33
32 34
32 49
32 44
32 36
32 39
32 45
32 41
32 35
32 48
32 46
33 34
33 36
33 38
33 46
33 40
33 44
33 43
33 35
33 49
33 39
34 48
34 40
34 36
34 42
34 49
34 44
34 45
34 46
34 35
34 47
35 42
35 45
35 46
35 39
35 48
35 40
35 37
35 41
35 43
35 44
36 42
36 39
36 44
36 40
36 48
36 43
36 47
36 45
36 49
37 43
37 38
37 41
37 49
37 39
37 46
37 40
38 40
38 43
38 49
38 47
38 44
39 44
39 43
39 45
39 48
39 40
39 42
39 41
39 46
39 49
40 42
40 49
40 45
40 48
40 41
40 46
41 45
41 46
41 42
41 48
41 44
42 44
42 47
42 45
43 46
43 44
43 47
44 46
44 48
44 49
44 47
45 46
45 48
45 47
45 49
46 48
46 49
47 49
47 48