0 6 17 35 37 1 7 11 28 38 2 10 16 24 40 3 32 4 13 5 12 14 33 15 21 22 34 41 45 46 8 43 47 9 27 36 26 29 39 25 18 20 23 42 49 48 19 30 44 31
0 6
0 17
0 35
0 37
6 15
6 21
6 22
6 34
6 41
6 45
17 4
17 7
17 26
17 40
17 47
35 10
35 11
35 18
35 20
35 21
35 24
35 40
35 41
37 14
37 15
37 19
37 33
37 45
1 7
1 11
1 28
1 38
7 4
7 22
7 46
11 25
28 5
28 8
28 13
28 26
28 27
38 10
38 29
38 36
38 41
2 10
2 16
2 24
2 40
10 26
10 29
10 39
10 47
16 12
16 22
16 48
24 5
24 8
24 9
24 13
24 31
24 43
24 44
40 18
40 19
3 32
32 23
32 46
4 13
13 18
5 12
5 14
5 33
12 26
14 20
14 21
14 23
14 25
14 39
33 44
15 25
15 42
15 49
21 8
22 19
41 27
45 23
45 26
45 27
45 30
45 31
45 42
46 8
8 43
8 47
43 27
43 49
47 39
47 44
47 49
9 27
9 36
27 25
26 48
29 19
25 30
25 44
20 44
23 42
49 19
19 30
30 44