1 0 2 3 4 5 6 7 8 9 10 11 12 13 14 15 16 17 18 19 20 21 22 23 24 25 26 27 28 29 30 31 32 33 34 35 36 37 38 39 40 41 42 43 44 45 46 47 48 49
1 0
1 2
1 6
1 9
1 19
1 32
1 36
1 43
1 44
1 49
0 17
0 22
0 39
0 43
0 49
2 3
2 7
2 18
2 30
2 32
2 44
2 47
3 4
3 39
4 5
4 22
4 35
4 36
4 45
5 6
5 7
5 11
5 12
5 18
5 35
6 7
6 14
6 43
7 8
7 17
7 21
7 31
8 9
8 15
8 21
8 25
8 35
8 38
9 10
9 23
10 11
10 21
10 26
10 38
10 45
11 12
11 30
11 48
12 13
13 14
13 25
13 32
13 33
13 46
14 15
14 19
14 48
15 16
16 17
16 19
16 35
17 18
18 19
18 23
18 25
18 27
18 35
19 20
19 31
20 21
20 43
20 49
21 22
21 38
21 39
22 23
22 24
23 24
24 25
24 36
25 26
25 29
25 30
26 27
26 29
26 46
27 28
27 34
27 42
28 29
29 30
29 41
29 44
30 31
30 35
31 32
31 40
31 48
32 33
32 40
32 43
32 48
33 34
33 41
33 44
34 35
34 48
35 36
35 37
36 37
36 38
36 40
37 38
37 45
38 39
39 40
39 43
40 41
40 42
41 42
41 44
41 48
42 43
43 44
43 49
44 45
45 46
46 47
47 48
48 49