0 1 2 3 4 5 6 11 7 8 9 10 16 21 12 13 14 15 26 31 17 18 19 20 36 41 46 47 48 49 22 23 24 25 27 28 29 30 32 33 34 35 37 38 39 40 42 43 44 45
0 1
0 3
1 2
1 3
1 4
2 3
3 5
4 6
4 8
5 11
5 13
6 7
6 8
6 9
11 12
11 13
11 14
7 8
8 10
9 16
9 18
10 21
10 23
16 17
16 18
16 19
21 22
21 23
21 24
12 13
13 15
14 26
14 28
15 31
15 33
26 27
26 28
26 29
31 32
31 33
31 34
17 18
18 20
19 36
19 38
20 41
20 46
20 47
20 48
20 49
20 43
36 37
36 38
36 39
41 42
41 43
41 44
22 23
23 25
27 28
28 30
32 33
33 35
37 38
38 40
42 43
43 45