0 1 2 3 10 11 15 35 4 7 5 6 45 19 18 17 16 8 46 9 13 12 14 48 47 42 20 49 37 36 28 23 22 34 43 21 44 29 25 33 27 26 41 24 32 31 30 39 38 40
0 1
0 2
0 3
0 10
0 11
0 15
1 35
2 3
2 4
2 10
2 7
10 6
10 8
10 13
11 13
11 12
15 9
15 19
35 34
4 5
4 6
7 6
7 45
7 19
7 18
7 17
7 16
19 22
19 34
19 23
18 17
18 49
17 49
17 37
17 36
17 28
17 23
16 42
16 20
8 46
8 9
46 47
9 47
13 14
12 14
12 48
14 47
20 43
20 21
49 31
49 38
28 26
23 27
23 26
23 41
23 24
22 25
22 33
34 40
21 44
21 29
29 26
25 24
25 32
25 31
33 32
33 40
27 24
27 30
27 31
32 39
32 38