0 3 4 5 6 7 8 11 12 17 22 23 40 42 49 1 20 24 26 28 29 33 36 43 2 25 37 38 41 9 14 18 34 21 32 44 47 16 35 39 30 31 45 19 27 10 15 46 13 48
0 3
0 4
0 5
0 6
0 7
0 8
0 11
0 12
0 17
0 22
0 23
0 40
0 42
0 49
3 9
3 14
3 18
3 20
3 26
3 34
3 40
3 43
4 11
4 18
4 21
4 40
4 42
5 2
5 6
5 14
5 32
5 37
5 44
5 47
6 7
6 16
6 17
6 21
6 26
6 35
6 39
6 44
6 47
6 49
7 2
7 11
7 30
7 31
7 36
7 45
7 47
8 11
8 12
8 19
8 23
8 26
8 27
8 28
8 35
8 40
11 12
11 19
11 28
11 32
11 45
12 17
12 19
12 22
12 23
12 25
12 29
12 43
12 44
12 46
12 47
17 26
17 29
17 30
17 31
17 33
17 42
17 49
22 23
22 29
22 33
22 35
22 38
22 42
23 14
23 27
23 39
23 41
40 25
40 27
40 30
40 31
40 42
40 43
42 15
42 16
42 21
42 32
42 37
42 41
49 1
49 16
49 20
49 21
49 31
49 36
49 39
1 20
1 24
1 26
1 28
1 29
1 33
1 36
1 43
20 9
20 18
20 21
20 27
20 28
20 33
20 35
20 37
20 41
20 46
24 14
24 15
24 28
24 31
24 34
24 36
24 47
26 16
26 18
26 39
26 46
28 16
28 18
28 19
28 21
28 27
28 43
28 46
29 2
29 16
29 43
33 15
33 19
33 21
33 27
36 21
36 32
43 16
43 21
43 27
43 35
43 41
43 45
43 47
2 25
2 37
2 38
2 41
25 27
25 38
25 47
25 48
37 10
37 30
37 35
37 38
37 41
37 46
38 9
38 10
38 15
38 30
41 13
41 19
41 21
41 31
41 39
9 14
9 21
9 27
9 32
9 34
14 18
14 35
14 44
14 46
34 35
34 45
21 16
21 27
21 31
21 39
21 44
32 13
32 16
32 27
32 31
32 44
44 10
44 39
44 45
44 46
47 27
47 45
47 48
35 13
35 27
35 30
35 31
39 46
39 48
30 10
30 27
30 46
45 10
45 13
19 46
27 48
10 15
15 46
15 48
46 13
13 48