0 18 4 48 40 3 30 20 25 47 5 6 43 24 11 35 13 32 41 21 26 37 12 29 44 16 39 1 45 33 46 38 19 10 42 22 2 36 15 8 17 49 34 14 28 27 31 9 7 23
0 18
0 5
0 6
0 1
0 48
0 3
0 4
0 7
0 23
18 4
18 3
18 12
18 8
18 5
18 10
18 27
4 48
4 12
4 1
4 19
4 46
4 26
48 40
48 45
48 22
48 3
40 3
40 11
40 35
40 28
40 21
3 30
3 25
3 12
3 34
30 20
20 25
20 22
20 10
20 38
20 33
20 36
20 42
25 47
25 12
25 35
25 46
25 31
25 6
47 5
47 46
47 7
5 13
5 38
5 24
5 14
5 36
6 43
6 44
6 26
6 9
43 24
43 46
43 41
43 17
43 49
24 11
24 2
35 13
35 17
35 2
35 28
35 21
35 12
13 32
13 12
13 38
13 17
32 41
32 37
32 12
32 42
32 17
32 28
32 49
32 29
32 10
41 21
41 38
21 26
26 37
26 16
26 36
26 15
26 9
37 33
37 46
37 9
37 7
12 29
12 39
12 22
12 42
12 36
12 15
12 34
29 44
29 45
29 33
29 10
29 38
29 8
29 42
29 15
44 9
44 28
16 39
39 7
39 34
33 42
46 10
46 15
46 34
38 19
38 22
38 2
10 42
42 22
42 15
22 2
2 34
2 14
15 8
8 49
49 34
27 31