0 1 2 3 5 45 4 48 6 9 49 7 8 10 11 14 12 13 15 16 19 17 18 20 21 24 22 23 25 26 29 27 28 30 31 34 32 33 35 36 39 37 38 40 41 44 42 43 46 47
0 1
0 2
0 3
0 5
0 45
1 4
1 2
1 48
2 4
2 3
3 4
3 6
5 6
5 7
5 8
5 10
45 40
45 46
45 47
45 48
4 9
4 49
48 47
48 49
6 9
6 7
9 7
9 8
9 14
49 44
49 46
49 47
7 8
8 11
10 11
10 12
10 13
10 15
11 14
11 12
14 12
14 13
14 19
12 13
13 16
15 16
15 17
15 18
15 20
16 19
16 17
19 17
19 18
19 24
17 18
18 21
20 21
20 22
20 23
20 25
21 24
21 22
24 22
24 23
24 29
22 23
23 26
25 26
25 27
25 28
25 30
26 29
26 27
29 27
29 28
29 34
27 28
28 31
30 31
30 32
30 33
30 35
31 34
31 32
34 32
34 33
34 39
32 33
33 36
35 36
35 37
35 38
35 40
36 39
36 37
39 37
39 38
39 44
37 38
38 41
40 41
40 42
40 43
41 44
41 42
44 42
44 43
42 43
43 46
46 47