0 8 9 12 15 16 20 23 30 32 34 35 36 38 39 40 46 1 3 4 6 18 26 27 33 41 43 45 2 5 11 17 7 19 25 42 29 44 24 28 14 22 31 49 13 10 21 48 37 47
0 8
0 9
0 12
0 15
0 16
0 20
0 23
0 30
0 32
0 34
0 35
0 36
0 38
0 39
0 40
0 46
8 1
8 5
8 7
8 12
8 19
8 22
8 23
8 27
8 31
8 34
8 35
8 40
8 49
9 6
9 12
9 13
9 16
9 19
9 27
9 35
9 40
9 43
12 6
12 11
12 13
12 27
12 30
12 32
12 34
12 37
12 41
12 44
12 45
12 46
15 6
15 7
15 20
15 23
15 25
15 31
15 34
15 35
15 39
15 46
15 49
16 11
16 14
16 26
16 27
16 30
16 46
20 5
20 13
20 24
20 25
20 26
20 29
20 41
20 49
23 3
23 14
23 28
23 38
23 42
23 45
30 14
30 19
30 21
30 24
30 27
30 29
30 34
30 39
30 47
30 49
32 22
32 24
32 26
32 28
32 29
32 33
32 34
32 38
32 40
32 45
34 3
34 4
34 11
34 14
34 19
34 22
34 24
34 27
34 35
34 40
35 2
35 3
35 19
35 25
35 27
35 33
35 38
35 43
35 44
35 47
36 11
36 17
36 18
36 24
36 25
36 31
36 33
36 39
36 46
38 3
38 19
38 22
38 28
38 31
38 39
38 49
39 10
39 27
39 29
39 46
39 47
40 4
40 10
40 21
40 28
40 29
40 37
46 2
46 3
46 4
46 7
46 11
46 13
46 18
46 19
46 22
46 26
46 27
46 28
46 42
1 3
1 4
1 6
1 18
1 26
1 27
1 33
1 41
1 43
1 45
3 2
3 7
3 19
3 25
3 26
3 42
3 43
4 6
4 7
4 26
4 29
4 44
6 18
6 24
6 26
6 27
6 28
6 29
6 41
6 43
6 45
18 13
18 14
18 29
18 37
18 49
26 17
26 31
26 37
26 42
26 49
27 14
27 17
27 29
27 33
27 45
27 48
33 2
33 17
33 28
33 49
41 10
41 14
41 21
41 31
41 48
43 5
43 10
43 28
43 37
43 47
45 2
45 17
45 24
45 31
45 48
2 5
2 11
2 17
5 7
5 11
5 17
5 19
5 24
11 7
11 21
11 24
11 49
17 22
17 28
17 31
17 37
17 49
7 14
7 29
19 22
19 31
19 37
19 42
19 44
25 29
25 37
25 47
25 49
42 22
42 24
42 31
29 13
29 28
29 37
29 44
29 47
29 49
44 13
44 28
24 13
24 22
24 49
28 10
28 13
28 21
28 37
14 10
14 37
14 47
14 48
22 13
22 48
31 47
31 49
49 10
49 21
13 10
13 37
10 21
10 48
21 37
21 47