0 1 2 3 4 5 8 6 7 9 10 18 17 12 13 20 24 19 25 27 28 41 40 42 43 44 46 45 39 49 47 48 29 30 38 26 31 34 37 36 35 32 33 11 15 16 23 14 21 22
0 1
0 2
0 3
1 2
2 3
2 4
2 5
3 4
3 8
4 5
4 6
4 7
5 6
8 7
8 9
8 10
6 7
6 12
6 13
7 12
7 11
9 10
10 18
10 11
10 17
18 17
17 11
17 20
17 16
12 13
12 20
12 11
12 16
12 14
12 15
13 15
13 23
13 14
20 24
20 25
20 16
20 21
24 19
24 27
25 27
25 28
25 26
25 30
25 21
25 22
27 28
28 41
28 40
28 42
28 47
28 30
28 26
41 42
41 43
41 40
41 44
40 42
40 46
40 39
40 30
42 44
42 43
42 46
43 44
44 45
46 45
46 39
46 49
39 30
39 38
39 47
49 47
49 48
29 30
29 38
29 34
29 31
29 23
29 26
29 22
30 26
38 34
26 21
26 22
26 23
31 34
31 32
31 23
31 35
34 35
34 32
37 36
36 35
35 32
32 33
11 15
11 16
15 14
15 16
15 21
16 21
16 14
23 14
23 22
14 21
14 22
21 22