0 1 2 3 4 5 6 7 8 9 10 11 12 13 14 15 16 17 18 19 20 21 22 23 24 25 26 27 28 29 30 31 32 33 34 35 36 37 38 39 40 41
0 1
0 2
0 9
0 13
0 19
0 23
0 31
0 41
1 2
1 4
1 9
1 13
1 17
1 25
1 37
1 40
2 3
3 4
3 12
3 18
3 25
3 27
3 29
3 33
3 37
4 5
4 25
4 28
4 35
4 39
5 6
6 7
6 23
6 34
7 8
7 18
7 26
8 9
9 10
9 11
9 14
9 24
10 11
10 13
11 12
12 13
12 29
13 14
14 15
15 16
15 18
15 24
15 33
16 17
17 18
17 19
17 23
18 19
19 20
20 21
20 24
20 32
20 34
21 22
22 23
23 24
23 27
23 29
24 25
25 26
26 27
26 31
26 37
27 28
28 29
29 30
29 31
29 33
29 36
29 39
30 31
31 32
31 33
31 36
32 33
32 34
32 38
33 34
34 35
35 36
35 37
36 37
36 38
37 38
38 39
39 40
39 41
40 41