0 18 25 7 1 13 20 27 16 38 2 21 3 43 31 9 37 49 32 26 47 15 5 6 42 8 35 4 23 14 10 36 40 30 22 34 33 29 11 46 45 17 39 44 12 48 19 24 28 41
0 18
0 25
0 7
0 1
0 13
0 20
0 27
0 16
0 38
0 2
0 21
0 3
0 23
0 26
0 29
0 31
0 36
0 40
18 8
18 17
18 32
18 12
18 33
18 44
18 37
18 43
18 1
18 15
18 46
18 24
18 23
18 21
18 20
18 25
18 28
18 39
25 16
25 20
25 22
25 37
25 2
25 10
25 21
25 9
25 23
25 47
25 7
25 45
25 36
25 35
25 28
25 30
25 32
25 38
25 42
7 3
7 36
7 35
7 46
7 37
7 11
7 10
7 34
7 9
7 13
7 16
7 20
7 31
7 33
7 44
7 49
1 16
1 27
1 43
1 20
1 2
1 31
1 9
1 5
1 6
1 11
1 13
1 29
1 34
1 47
13 2
13 6
13 8
13 9
13 27
13 42
13 11
13 21
13 44
13 49
13 31
13 26
13 36
13 45
20 3
20 2
20 23
20 24
20 46
20 41
20 30
20 10
20 38
20 29
20 32
20 34
20 42
20 47
27 2
27 3
27 11
27 23
27 24
27 26
27 40
27 16
27 49
27 33
27 45
27 34
27 43
27 31
27 30
27 10
27 47
27 36
27 39
16 2
16 9
16 14
16 34
16 40
16 32
16 29
16 24
16 33
16 36
16 38
16 44
16 46
38 9
38 23
38 29
38 34
38 15
38 3
38 41
38 30
38 14
38 26
38 22
38 46
38 45
2 37
2 49
2 32
2 26
2 31
2 47
2 15
2 5
2 6
2 8
2 19
2 29
2 41
2 44
21 19
21 3
21 4
21 49
21 23
21 24
21 33
3 42
3 8
3 35
3 9
3 37
3 26
3 11
3 15
3 33
3 46
43 4
43 10
43 26
43 30
43 33
43 40
43 46
43 14
43 47
43 48
43 49
31 5
31 11
31 15
31 19
31 30
31 4
31 34
31 48
31 37
31 33
31 6
31 42
31 45
9 44
9 33
9 10
9 11
9 15
9 23
9 30
9 37
9 40
9 48
37 30
37 34
37 26
37 41
37 19
37 33
37 22
37 24
37 17
37 12
37 36
37 47
37 40
37 42
49 14
49 40
49 46
49 45
49 4
49 33
32 29
32 35
32 8
32 33
32 44
32 47
26 17
26 22
26 23
26 24
26 28
26 36
26 10
26 30
26 33
26 44
26 48
47 28
47 29
47 33
47 40
47 42
47 34
47 10
47 46
47 30
47 44
15 5
15 11
15 39
15 12
15 14
15 22
15 34
15 44
15 48
5 14
5 10
5 36
5 40
5 30
5 8
5 22
5 17
5 33
5 34
6 34
6 8
6 33
6 29
6 11
6 35
6 19
6 46
42 11
42 22
42 23
42 34
42 19
42 14
42 4
42 24
42 45
8 23
8 14
8 4
8 45
8 11
8 17
8 33
8 10
8 39
8 34
8 40
35 17
35 29
35 33
35 39
35 4
35 40
35 30
35 28
35 46
4 23
4 14
4 12
4 17
4 29
4 30
4 45
23 17
23 24
23 29
23 14
23 34
23 19
14 10
14 48
14 19
14 34
14 29
14 40
14 22
14 24
14 41
14 46
10 11
10 44
10 46
10 29
10 40
10 41
36 19
36 22
36 30
36 33
36 12
36 24
36 44
36 41
40 11
40 17
40 39
40 30
40 22
40 41
40 45
30 11
30 28
30 12
30 24
30 39
30 44
22 17
22 39
22 28
22 34
22 33
22 41
22 46
34 17
34 19
34 33
34 11
34 44
34 39
34 41
34 48
33 17
33 48
29 19
29 39
11 39
11 19
11 44
11 45
46 19
46 45
46 48
17 12
17 19
17 28
17 48
39 28
39 44
44 28
12 48
48 41
48 19
19 41
19 28