0 1 2 7 10 14 16 19 25 35 44 48 3 13 18 24 26 34 37 42 5 23 28 4 6 9 11 31 33 36 40 41 12 22 29 32 17 20 45 8 43 15 47 21 38 39 46 27 49 30
0 1
0 2
0 7
0 10
0 14
0 16
0 19
0 25
0 35
0 44
0 48
1 3
1 13
1 18
1 19
1 24
1 25
1 26
1 34
1 37
1 42
1 44
2 5
2 10
2 19
2 23
2 26
2 28
2 34
2 48
7 14
7 16
7 19
7 23
7 36
7 37
7 41
7 42
7 43
7 44
7 48
10 3
10 12
10 15
10 18
10 20
10 22
10 27
10 31
10 32
10 34
10 39
10 45
10 49
14 13
14 20
14 28
14 38
14 39
14 43
14 44
14 47
16 5
16 6
16 20
16 21
16 29
19 3
19 6
19 8
19 22
19 29
19 30
19 36
19 38
25 11
25 30
25 35
25 41
25 43
25 48
35 5
35 6
35 8
35 17
35 21
35 26
35 40
35 44
44 5
44 13
44 15
44 20
44 28
44 32
44 39
44 49
48 28
48 30
48 36
48 38
48 41
48 42
48 49
3 4
3 6
3 9
3 11
3 26
3 31
3 33
3 36
3 40
3 41
3 42
13 6
13 8
13 20
13 29
13 38
13 40
18 11
18 17
18 23
18 37
18 40
18 46
24 9
24 26
24 33
24 37
24 38
24 43
24 45
24 46
26 5
26 41
26 45
26 49
34 11
34 23
34 32
34 37
34 40
37 6
37 30
37 38
37 47
42 33
42 39
42 46
5 6
5 11
5 17
5 20
5 41
5 45
23 15
23 30
23 36
23 49
28 8
28 9
28 12
28 20
28 21
28 33
28 46
4 9
4 12
4 22
4 29
4 31
4 32
6 8
6 12
6 31
6 36
9 15
9 21
9 32
9 38
9 39
9 46
11 40
11 47
31 8
31 20
31 21
31 27
31 33
31 43
33 17
36 38
36 49
40 15
40 21
40 30
40 38
40 47
41 21
41 22
41 46
12 27
12 30
12 32
12 39
12 47
22 15
22 17
22 32
22 39
29 45
17 8
17 15
17 20
20 8
45 46
8 15
8 47
43 27
21 30
21 38
21 49
38 27
38 39
39 49
46 27
46 49