12 27 13 3 47 7 36 22 11 14 9 48 32 31 26 15 34 1 6 29 42 38 17 49 30 28 19 18 37 20 16 21 5 45 33 0 35 39 23 40 4 41 25 24 46 44 43 8 10 2
12 27
12 1
12 47
12 16
12 30
12 15
12 23
12 35
12 48
27 47
27 15
27 25
27 6
27 13
27 31
27 32
13 3
13 22
13 14
13 49
13 23
13 48
13 37
13 11
13 6
13 39
3 32
3 26
3 20
3 34
3 42
3 46
3 38
3 22
3 21
47 37
47 34
47 15
7 36
7 6
7 18
7 45
7 4
7 11
7 25
7 10
7 33
7 30
7 26
7 17
7 15
7 44
36 39
36 4
36 31
36 28
36 17
36 0
36 35
36 33
36 18
36 1
22 31
22 42
22 8
22 37
22 21
22 11
22 39
22 10
22 17
22 28
22 15
11 14
11 28
11 19
11 26
11 30
11 17
11 39
11 9
11 33
11 25
11 10
11 38
11 24
11 2
11 42
14 42
14 0
14 35
14 18
14 5
14 21
9 48
9 31
9 28
9 44
9 19
9 18
9 20
48 35
48 34
48 16
48 6
48 26
32 30
32 23
32 10
31 43
26 30
26 16
26 6
26 24
26 1
26 35
15 34
15 0
15 43
34 38
34 17
34 5
34 30
34 18
34 4
34 2
1 21
1 49
1 5
1 20
1 10
6 29
6 5
6 17
6 30
6 8
29 40
29 0
29 25
29 17
29 4
29 20
29 23
29 46
42 49
42 20
42 41
42 35
42 21
38 33
38 39
17 35
17 0
17 4
49 18
49 5
49 4
49 30
49 23
30 19
30 24
30 28
30 16
30 8
30 39
30 0
28 37
28 39
28 45
28 10
28 43
28 46
19 39
19 2
19 41
19 46
19 18
18 35
18 41
18 43
37 20
37 44
37 24
20 4
20 35
16 5
16 40
16 4
16 23
16 44
21 0
21 23
21 24
21 41
21 35
5 24
5 35
5 43
5 4
5 44
45 33
45 0
45 24
33 43
33 0
0 41
0 25
0 35
35 23
39 44
39 23
39 10
23 44
23 24
23 40
40 25
4 41
4 10
41 46
41 10
24 10
24 43
46 2
46 43