0 42 32 40 1 8 6 43 2 12 37 3 19 47 4 48 30 44 5 38 25 18 16 28 7 34 31 39 9 21 10 11 13 15 14 35 41 46 17 33 23 20 22 24 26 49 36 27 29 45
0 42
0 32
0 40
42 8
42 18
42 29
42 30
42 38
42 41
42 44
42 45
42 49
42 43
32 9
32 18
32 22
32 45
40 7
40 35
40 47
40 48
40 49
1 8
1 6
1 43
8 2
8 31
8 39
6 3
6 48
6 16
6 28
43 10
43 16
43 20
43 24
43 34
43 35
43 38
43 45
2 12
2 37
12 25
37 20
37 23
37 24
37 33
37 38
37 45
3 19
3 47
19 35
47 21
47 38
4 48
4 30
4 44
48 15
48 36
30 24
30 27
30 31
30 45
30 39
44 11
44 26
44 36
44 38
44 39
5 38
5 25
5 18
38 18
38 21
38 28
25 7
25 17
25 39
18 10
18 23
16 7
28 13
28 33
28 34
7 34
34 27
34 29
31 14
31 21
31 23
31 41
39 14
39 36
39 49
9 21
13 15
15 46
14 35
14 41
35 20
35 33
35 46
41 26
41 36
46 24
46 33
17 33
33 22
33 49
23 20
23 22
26 49
26 36
49 27
36 29
27 29