27 16 0 13 14 47 9 32 45 15 23 46 44 17 18 43 10 39 29 3 1 26 33 21 20 31 24 37 48 28 42 38 25 7 40 12 2 4 34 8 6 30 35 36 19 22 41 11 49 5
27 16
27 11
27 3
27 41
27 25
16 0
0 13
0 23
13 14
13 1
13 9
14 47
14 24
14 41
47 9
9 32
9 36
32 45
32 15
32 35
32 2
45 15
45 46
45 12
15 23
15 22
15 41
23 46
23 8
46 44
44 17
44 38
44 41
44 22
44 20
44 3
17 18
17 22
17 4
18 43
18 1
43 10
10 39
10 28
10 3
10 41
39 29
29 3
29 30
3 1
3 35
3 41
1 26
26 33
33 21
33 28
21 20
21 35
21 8
20 31
20 22
31 24
24 37
24 5
24 2
37 48
37 7
48 28
28 42
42 38
38 25
25 7
25 35
7 40
7 11
40 12
40 49
40 22
12 2
2 4
4 34
34 8
8 6
8 22
6 30
6 5
30 35
35 36
36 19
19 22
22 41
41 11
11 49
49 5