0 1 4 7 8 10 12 14 19 21 24 25 26 28 30 31 33 34 35 37 38 2 5 6 11 13 15 17 18 20 32 3 23 27 36 29 39 9 16 22
0 1
0 4
0 7
0 8
0 10
0 12
0 14
0 19
0 21
0 24
0 25
0 26
0 28
0 30
0 31
0 33
0 34
0 35
0 37
0 38
1 2
1 4
1 5
1 6
1 7
1 8
1 11
1 12
1 13
1 14
1 15
1 17
1 18
1 20
1 21
1 24
1 25
1 28
1 30
1 32
1 34
1 35
4 2
4 5
4 6
4 9
4 10
4 13
4 15
4 16
4 18
4 20
4 22
4 23
4 26
4 30
4 31
4 33
4 34
4 35
4 37
4 39
7 2
7 5
7 10
7 14
7 17
7 18
7 19
7 20
7 23
7 24
7 25
7 26
7 27
7 28
7 29
7 34
7 35
8 2
8 9
8 12
8 14
8 15
8 16
8 19
8 21
8 22
8 23
8 24
8 27
8 29
8 30
8 31
8 32
8 34
8 35
8 36
8 38
10 2
10 5
10 6
10 9
10 12
10 13
10 14
10 19
10 20
10 21
10 22
10 28
10 29
10 32
10 34
10 36
10 37
12 5
12 9
12 11
12 15
12 16
12 18
12 25
12 29
12 30
12 31
12 32
12 34
12 35
12 36
12 38
12 39
14 3
14 5
14 6
14 15
14 16
14 17
14 22
14 25
14 29
14 34
14 39
19 3
19 13
19 16
19 17
19 18
19 23
19 25
19 26
19 28
19 29
19 31
19 32
19 35
19 36
19 37
19 39
21 2
21 3
21 5
21 9
21 11
21 15
21 18
21 20
21 23
21 25
21 30
21 34
21 35
21 36
21 37
24 2
24 5
24 6
24 9
24 11
24 15
24 16
24 17
24 20
24 22
24 23
24 25
24 27
24 28
24 30
24 31
24 33
24 39
25 2
25 5
25 13
25 15
25 16
25 17
25 18
25 20
25 22
25 23
25 27
25 30
25 33
25 34
25 35
25 39
26 3
26 9
26 13
26 15
26 16
26 17
26 20
26 23
26 28
26 29
26 30
26 31
26 37
28 5
28 6
28 9
28 11
28 16
28 17
28 22
28 23
28 30
28 31
28 35
28 38
30 3
30 5
30 6
30 9
30 11
30 13
30 15
30 16
30 20
30 27
30 29
30 32
30 33
30 34
30 35
30 38
31 9
31 13
31 15
31 17
31 22
31 37
31 38
31 39
33 2
33 6
33 9
33 11
33 15
33 20
33 23
33 29
33 32
33 35
33 37
33 39
34 3
34 6
34 20
34 23
34 27
34 35
35 3
35 6
35 9
35 15
35 17
35 37
35 38
35 39
37 5
37 6
37 9
37 11
37 13
37 20
37 22
37 27
37 29
37 36
37 38
38 6
38 9
38 13
38 16
38 17
38 18
38 22
38 23
38 27
38 29
38 32
38 39
2 3
2 6
2 23
2 27
2 36
5 11
5 17
5 18
5 23
5 32
5 36
6 11
6 13
6 16
6 17
6 22
6 29
6 32
6 36
6 39
11 3
11 9
11 13
11 17
11 18
11 20
11 22
11 32
11 36
13 15
13 16
13 17
13 18
13 23
13 32
13 36
13 39
15 9
15 20
15 22
15 23
15 27
15 32
15 36
15 39
17 3
17 9
17 20
17 22
17 23
17 29
17 32
17 39
18 9
18 22
18 27
18 36
18 39
20 3
20 9
20 16
20 23
20 27
20 29
20 36
32 3
32 16
32 22
32 27
32 36
32 39
3 23
3 29
3 36
3 39
23 9
23 27
23 39
27 9
36 9
36 22
36 29
36 39
29 16
29 22
29 39
39 9
39 16
9 16
9 22