0 6 1 13 30 32 40 2 16 28 3 10 11 14 31 41 4 9 25 34 47 5 24 36 7 20 21 38 44 48 8 12 35 37 39 43 45 18 23 42 27 33 49 19 15 22 17 29 26 46
0 6
6 5
6 24
6 28
6 36
1 13
1 30
1 32
1 40
13 4
13 5
13 14
13 27
13 33
13 49
30 3
30 24
30 31
30 44
30 45
30 48
32 12
32 23
32 29
40 24
40 26
40 35
40 36
40 41
40 44
40 49
2 16
2 28
16 5
16 11
16 19
16 20
16 34
28 5
28 26
28 44
3 10
3 11
3 14
3 31
3 41
10 24
10 36
10 38
11 14
11 18
11 23
11 34
11 38
11 42
14 19
14 23
14 43
14 45
31 25
31 27
31 37
31 43
41 8
41 17
41 24
41 36
4 9
4 25
4 34
4 47
9 43
9 44
9 47
25 37
25 39
34 24
34 39
34 44
47 17
47 38
24 15
24 46
36 17
7 20
7 21
7 38
7 44
7 48
20 18
20 19
20 21
20 27
21 15
21 43
38 27
38 33
38 35
38 49
44 27
44 29
44 35
44 43
44 48
48 18
48 33
48 45
8 12
8 35
8 37
8 39
8 43
8 45
12 35
12 42
12 45
37 46
39 22
39 43
18 23
18 26
23 19
23 26
42 22
27 29
15 22
22 17
17 29