0 1 2 3 4 5 6 7 8 9 10 11 12 13 14 15 16 17 18 19 20 21 22 23 24 25 26 27 28 29 30 31 32 33 34 35 36 37 38 39 40 41 42 43 44 45 46 47 48
0 1
0 3
0 5
0 15
0 16
0 17
0 4
0 24
0 35
0 28
0 25
0 9
0 36
0 18
0 11
0 33
1 2
1 9
1 34
1 37
1 8
1 14
1 20
1 23
1 31
1 27
1 42
1 11
1 33
1 44
1 43
1 7
1 26
1 39
1 5
1 16
1 38
2 4
2 12
2 21
2 25
2 20
2 27
2 35
2 38
2 5
2 28
2 14
2 32
2 6
2 24
2 46
2 36
2 11
3 6
3 7
3 22
3 27
3 23
3 26
3 9
3 10
3 44
3 20
3 11
3 13
3 15
3 47
3 5
4 19
4 23
4 24
4 18
4 30
4 34
4 11
4 40
4 10
4 27
4 48
4 36
4 37
4 26
4 21
5 8
5 20
5 35
5 14
5 31
5 9
5 26
5 30
5 39
5 44
5 7
5 37
5 15
5 45
5 38
5 27
5 47
5 21
5 10
5 42
5 33
5 48
5 29
5 11
6 10
6 28
6 30
6 37
6 39
6 38
6 7
6 27
6 13
6 36
6 29
6 33
6 16
6 22
6 47
6 18
7 11
7 14
7 18
7 29
7 37
7 39
7 17
7 25
7 40
7 12
7 26
7 35
7 8
7 15
7 30
7 44
7 31
7 46
8 26
8 24
8 36
8 14
8 39
8 43
8 22
8 34
8 27
8 21
8 15
8 13
8 35
8 9
8 19
8 42
9 20
9 33
9 42
9 13
9 36
9 47
9 27
9 17
9 43
9 12
9 10
9 32
9 28
9 38
9 29
9 44
9 40
9 35
9 15
9 26
10 13
10 48
10 16
10 23
10 46
10 31
10 22
10 47
10 43
10 39
10 33
10 18
10 15
11 43
11 25
11 27
11 24
11 44
11 13
11 31
11 19
11 37
11 33
11 29
11 34
11 21
11 18
11 42
12 13
12 47
12 41
12 44
12 34
12 28
12 22
12 35
12 42
12 25
12 45
12 17
12 39
12 46
13 45
13 44
13 37
13 25
13 21
13 31
13 38
13 33
13 29
13 35
13 26
13 22
13 15
13 24
13 40
14 29
14 42
14 36
14 25
14 27
14 46
14 35
14 38
14 37
14 47
14 43
14 39
14 44
14 30
15 43
15 38
15 24
15 32
15 18
15 40
15 16
15 47
15 41
16 27
16 40
16 33
16 44
16 42
16 41
16 45
16 47
16 18
16 46
16 25
17 38
17 47
17 36
17 20
17 19
17 45
17 25
17 41
18 43
18 42
18 37
18 46
18 25
18 32
18 28
18 35
18 30
18 33
19 21
19 37
19 22
19 39
19 32
19 43
19 38
19 28
19 33
19 31
20 41
20 47
20 43
20 34
20 39
20 48
20 32
21 48
21 37
21 34
21 45
21 24
21 47
21 40
21 28
21 22
21 42
21 32
22 31
22 44
22 41
22 33
22 35
23 46
23 38
23 25
23 39
23 36
23 32
23 44
23 24
24 28
24 45
24 30
24 47
24 31
25 35
25 37
25 34
25 27
25 28
25 42
25 40
26 47
26 30
26 33
26 31
26 38
26 44
26 28
27 47
27 29
27 38
27 34
27 30
27 46
27 48
27 40
28 32
28 34
28 48
28 47
28 42
28 40
28 33
28 30
29 32
29 37
29 38
29 30
29 36
30 45
30 47
30 31
30 37
30 44
30 34
31 32
31 43
31 44
32 35
32 45
32 36
32 40
32 34
32 46
33 41
33 46
33 48
33 40
33 44
33 35
33 39
33 45
33 34
33 37
34 36
34 37
34 48
35 38
35 42
35 40
36 38
36 45
36 47
36 42
36 37
37 40
37 45
37 39
38 48
38 41
38 44
39 40
39 45
39 43
39 44
40 48
40 47
40 46
40 41
41 44
41 42
41 48
42 45
42 48
42 43
43 44
43 47
44 45
46 48