0 2 4 10 13 17 24 31 32 33 37 39 42 45 48 1 12 15 19 26 29 30 43 3 9 21 36 5 6 27 44 18 28 35 40 49 7 47 8 20 22 23 46 34 11 16 25 41 14 38
0 2
0 4
0 10
0 13
0 17
0 24
0 31
0 32
0 33
0 37
0 39
0 42
0 45
0 48
2 1
2 3
2 9
2 12
2 13
2 21
2 24
2 36
2 39
2 45
4 1
4 18
4 28
4 30
4 35
4 37
4 40
4 43
4 48
4 49
10 6
10 19
10 26
10 27
10 34
10 42
10 45
10 47
13 30
13 33
13 37
13 44
13 49
17 28
17 29
17 30
24 6
24 7
24 11
24 22
24 33
24 37
24 38
24 41
24 47
31 14
31 15
31 25
31 26
31 38
32 6
32 14
32 21
32 23
32 28
32 47
33 8
33 12
33 23
33 25
33 26
33 28
33 39
33 40
33 43
37 1
37 9
37 12
37 21
37 23
37 30
37 35
37 47
39 7
39 9
39 11
39 20
39 22
39 23
39 27
42 7
42 9
42 22
42 26
42 27
42 29
42 34
42 35
42 40
42 45
42 49
45 3
45 11
45 15
45 19
45 27
45 28
45 30
45 34
45 35
45 38
45 41
45 43
45 48
45 49
48 6
48 12
48 14
48 16
48 28
1 12
1 15
1 19
1 26
1 29
1 30
1 43
12 11
12 19
12 36
12 41
12 49
15 8
15 16
15 19
15 26
15 41
19 11
19 16
19 23
19 26
19 27
19 43
19 44
26 5
26 11
26 18
26 25
26 38
26 43
29 22
29 23
29 36
29 38
29 41
29 43
30 3
30 21
30 23
30 36
30 46
43 7
43 9
43 20
43 44
43 49
3 5
3 6
3 21
3 27
3 44
9 5
9 22
9 40
21 6
21 7
21 11
21 16
21 22
21 23
21 36
21 49
36 5
36 6
36 7
36 11
36 14
36 16
36 35
36 41
36 49
5 7
5 28
5 35
5 40
5 47
6 47
27 14
27 16
27 25
44 8
44 16
44 46
44 47
18 7
18 11
18 38
28 16
28 34
28 47
28 49
35 11
35 25
35 38
40 20
40 23
40 38
40 46
40 47
49 7
7 8
7 20
7 22
7 23
7 46
47 14
47 20
8 20
8 34
20 16
20 23
20 38
20 41
22 16
23 14
23 41
46 11
46 38
11 16
11 25
41 14