1 2 3 4 5 6 7 8 9 23 24 25 26 22 21 20 19 18 17 16 15 14 13 12 11 10 28 29 30 31 33 32 37 38 36 35 27 34 39 40 42 43 41 44 45 46 47 48 49 0
1 2
1 10
1 28
2 3
3 4
3 28
4 5
5 6
5 33
6 7
7 8
8 9
8 30
9 23
9 30
23 24
24 25
25 26
26 22
22 21
22 31
21 20
21 31
20 19
19 18
18 17
18 32
17 16
16 15
16 29
15 14
14 13
14 29
13 12
12 11
11 10
28 29
28 30
28 37
29 31
29 38
30 31
30 36
31 35
33 37
33 36
33 27
32 38
32 35
32 27
37 38
37 27
38 27
36 35
36 27
35 27
27 34
34 39
39 40
39 41
39 42
39 43
40 42
40 41
40 43
42 43
42 41
43 41
43 44
44 45
45 46
46 47
47 48
48 49
49 0