0 1 2 5 4 3 26 27 28 13 29 40 39 30 35 36 37 38 16 14 19 12 7 6 11 8 9 10 15 21 20 23 25 24 22 32 33 31 34 17 18 45 44 43 42 41 46 47 48 49
0 1
0 3
0 6
0 17
1 2
1 3
1 26
2 5
5 4
5 13
5 12
4 3
4 7
26 27
27 28
28 13
28 29
13 16
13 14
29 40
29 39
29 30
30 35
30 19
30 31
30 34
35 36
36 37
37 38
38 24
38 22
16 14
14 19
14 15
19 20
12 7
12 11
7 6
6 8
6 9
11 8
8 10
9 10
9 17
10 15
15 21
21 20
21 23
20 22
20 32
23 25
23 24
32 33
32 31
33 34
17 18
17 45
17 46
18 41
45 44
44 43
43 42
42 41
46 47
46 49
47 48