18 1 0 2 6 3 30 48 45 15 10 14 20 26 36 11 29 41 4 23 37 7 43 44 9 28 33 40 25 35 16 24 38 19 13 46 27 47 17 22 5 34 8 39 12 49 21 31 32 42
18 1
18 0
18 6
18 45
18 8
18 34
18 4
18 10
18 28
18 15
18 41
18 32
18 35
18 26
18 22
18 9
18 11
18 49
18 42
18 33
18 40
18 39
18 46
1 29
1 5
1 2
1 35
1 48
1 24
1 23
1 28
1 14
1 7
1 25
1 37
1 46
1 20
1 42
1 10
1 43
1 47
1 9
1 26
1 39
1 27
1 12
1 49
1 15
1 44
1 45
1 21
1 3
1 40
0 2
0 42
0 6
0 20
0 30
0 4
0 15
0 24
0 45
0 40
0 16
0 26
0 41
0 8
0 14
0 34
0 33
0 29
0 35
0 39
0 12
0 36
0 48
0 31
0 47
2 3
2 7
2 27
2 47
2 29
2 5
2 16
2 48
2 46
2 12
2 28
2 22
2 10
2 33
2 9
2 19
2 34
2 23
2 37
2 21
2 17
2 40
2 45
2 31
2 6
2 41
2 14
6 30
6 26
6 33
6 42
6 13
6 32
6 36
6 20
6 21
6 34
6 44
6 12
6 40
6 3
6 19
6 24
6 48
6 37
6 45
6 9
6 4
6 17
6 8
3 48
3 11
3 15
3 44
3 49
3 43
3 41
3 32
3 16
3 31
3 4
3 8
3 20
3 33
3 34
3 47
3 29
3 19
3 39
3 27
3 25
3 42
3 14
3 35
3 30
3 37
30 15
30 14
30 4
30 16
30 46
30 10
30 31
30 34
30 49
30 17
30 9
30 40
30 13
30 39
30 19
30 41
30 25
30 33
30 12
30 42
30 11
30 29
30 26
48 10
48 25
48 41
48 26
48 28
48 14
48 13
48 21
48 12
48 9
48 24
48 47
48 29
48 17
48 22
48 46
48 35
48 44
48 4
48 40
48 37
48 20
48 43
48 5
48 8
48 49
48 19
48 32
45 35
45 38
45 20
45 32
45 17
45 46
45 36
45 25
45 40
45 27
45 19
45 49
45 12
45 44
45 39
45 37
45 21
45 26
45 24
45 11
45 43
45 29
15 19
15 17
15 28
15 46
15 40
15 47
15 29
15 43
15 8
15 37
15 26
15 33
15 9
15 35
15 44
15 38
15 22
15 10
15 16
15 41
15 31
15 34
10 20
10 4
10 24
10 28
10 46
10 37
10 27
10 43
10 11
10 8
10 42
10 39
10 49
10 16
10 33
10 21
10 22
10 14
10 34
14 38
14 36
14 22
14 33
14 11
14 46
14 44
14 21
14 4
14 9
14 29
14 31
14 42
14 47
14 34
20 31
20 11
20 22
20 36
20 27
20 25
20 8
20 26
20 42
20 29
20 12
20 47
20 35
20 9
20 4
20 33
20 17
20 24
20 43
26 36
26 41
26 37
26 34
26 44
26 46
26 13
26 22
26 47
26 5
26 49
26 9
26 29
26 39
26 28
26 40
26 21
26 7
26 24
26 42
26 19
36 24
36 49
36 40
36 29
36 5
36 12
36 16
36 39
36 11
36 34
36 4
36 43
36 35
36 7
36 32
36 22
36 42
36 37
11 9
11 7
11 25
11 13
11 23
11 22
11 16
11 5
11 39
11 4
11 27
11 8
11 44
11 43
11 40
11 38
11 24
29 44
29 49
29 46
29 40
29 17
29 24
29 23
29 12
29 31
29 42
29 19
29 32
29 21
41 23
41 38
41 13
41 4
41 42
41 7
41 31
41 24
41 49
41 12
41 37
41 35
41 43
41 32
41 5
41 25
41 46
41 27
41 47
41 28
41 39
41 9
4 23
4 13
4 38
4 47
4 31
4 24
4 34
4 28
4 37
4 40
4 27
4 33
4 21
4 7
4 32
23 49
23 44
23 25
23 46
23 31
23 34
23 37
23 43
23 9
23 22
23 32
23 33
23 16
23 35
23 28
23 40
37 22
37 24
37 28
37 38
37 31
37 35
37 49
37 42
37 33
37 9
37 27
7 43
7 8
7 27
7 28
7 42
7 40
7 16
7 25
7 21
7 38
7 5
7 46
7 13
7 39
7 9
7 19
7 12
7 33
7 31
43 40
43 16
43 31
43 17
43 42
43 33
43 32
43 5
43 19
43 39
43 46
43 27
43 25
43 21
44 9
44 28
44 33
44 49
44 42
44 32
44 17
44 13
44 47
44 12
44 27
44 34
44 46
44 8
44 38
44 5
9 32
9 42
9 17
9 8
9 22
9 19
9 47
9 39
9 31
9 34
9 12
9 40
9 16
28 47
28 46
28 12
28 40
28 34
28 17
28 49
28 8
28 25
28 16
28 5
28 33
33 49
33 21
33 25
33 24
33 12
33 40
33 16
33 34
33 5
33 46
33 32
33 27
33 47
40 16
40 39
40 13
40 5
40 34
40 21
40 19
40 24
40 27
25 21
25 39
25 46
25 24
25 32
25 49
25 42
25 35
25 22
35 38
35 42
35 13
35 21
35 31
35 16
35 32
35 8
35 47
35 34
35 24
35 39
35 12
35 27
35 49
16 12
16 27
16 21
16 32
16 17
16 19
16 49
24 19
24 39
24 31
24 8
24 5
24 17
24 32
24 47
38 12
38 13
38 27
38 31
38 22
38 46
38 47
38 49
19 46
19 12
19 27
19 17
19 22
19 8
19 42
19 5
19 31
13 31
13 22
13 32
13 12
13 21
13 49
13 47
46 47
46 8
46 22
46 27
46 49
46 17
46 34
46 39
27 31
27 47
27 22
27 5
27 32
27 39
47 21
47 22
47 8
47 5
47 39
47 34
47 31
47 32
17 12
17 22
17 34
17 5
22 31
22 42
22 21
22 49
22 5
22 8
22 34
22 39
22 12
5 34
5 32
5 12
5 39
5 31
34 12
34 8
34 31
34 39
8 42
8 21
8 49
39 49
39 32
12 49
12 31
12 32
49 32
21 32
31 42
32 42