1 0 2 3 4 5 6 7 8 9 10 11 12 13 14 15 16 17 18 19 20 21 22 23 24 25 26 27 28 29 30 31 32 33 34 35 36 37 38 39 40 41 42 43 44 45 46 47 48 49
1 0
1 4
1 5
1 7
1 8
1 9
1 10
1 11
1 15
1 19
1 22
1 33
1 36
1 49
1 1
0 2
0 3
0 9
0 11
0 12
0 13
0 14
0 15
0 16
0 24
0 25
0 37
0 39
0 44
0 0
2 3
2 4
2 5
2 6
2 9
2 10
2 11
2 12
2 18
2 25
2 31
2 32
2 33
2 42
2 44
2 45
2 49
2 2
3 8
3 12
3 15
3 17
3 22
3 23
3 24
3 29
3 32
3 39
3 43
3 3
4 5
4 6
4 7
4 10
4 13
4 15
4 17
4 18
4 19
4 20
4 21
4 26
4 28
4 38
4 39
4 4
5 7
5 10
5 12
5 15
5 17
5 19
5 21
5 24
5 28
5 37
5 5
6 11
6 13
6 14
6 16
6 18
6 21
6 34
6 45
6 47
6 6
7 13
7 17
7 44
7 47
7 7
8 9
8 10
8 12
8 21
8 26
8 30
8 31
8 36
8 8
9 11
9 12
9 13
9 14
9 17
9 21
9 22
9 24
9 27
9 32
9 41
9 48
9 9
10 14
10 16
10 19
10 20
10 27
10 29
10 33
10 34
10 35
10 10
11 14
11 18
11 19
11 38
11 11
12 14
12 16
12 23
12 26
12 27
12 40
12 12
13 15
13 16
13 22
13 28
13 29
13 31
13 34
13 35
13 37
13 13
14 38
14 42
14 14
15 18
15 20
15 22
15 23
15 29
15 30
15 31
15 34
15 36
15 43
15 47
15 15
16 20
16 23
16 25
16 40
16 41
16 16
17 28
17 45
17 17
18 24
18 42
18 18
19 20
19 24
19 25
19 26
19 27
19 31
19 35
19 42
19 19
20 21
20 25
20 28
20 41
20 43
20 44
20 48
20 20
21 26
21 27
21 30
21 33
21 38
21 39
21 44
21 21
22 23
22 29
22 34
22 22
23 32
23 40
23 41
23 46
23 23
24 25
24 26
24 27
24 29
24 35
24 39
24 41
24 44
24 24
25 30
25 35
25 40
25 25
26 30
26 36
26 26
27 32
27 38
27 39
27 42
27 47
27 27
28 28
29 40
29 43
29 48
29 29
30 37
30 43
30 45
30 30
31 33
31 45
31 31
32 34
32 35
32 37
32 43
32 48
32 49
32 32
33 46
33 33
34 36
34 49
34 34
35 36
35 42
35 35
36 46
36 36
37 48
37 37
38 38
39 41
39 39
40 40
41 41
42 47
42 49
42 42
43 49
43 43
44 46
44 44
45 45
46 46
47 48
47 47
48 48
49 49