11 36 22 0 29 12 32 25 24 9 17 20 27 19 2 41 26 40 5 46 8 30 49 44 39 31 10 23 35 34 16 48 37 21 33 18 4 28 7 6 3 43 15 42 14 47 45 1 38 13
11 36
11 22
11 0
11 29
36 12
36 32
36 25
22 32
22 2
22 0
22 41
22 26
0 42
0 14
0 21
0 30
0 47
0 20
29 25
29 28
29 26
12 32
12 8
12 25
12 6
12 31
32 27
32 19
25 8
25 18
25 14
25 41
24 9
9 17
9 20
20 28
20 16
27 3
27 10
27 27
19 40
19 5
19 46
19 8
19 30
2 39
2 34
26 3
26 49
26 6
40 49
40 44
40 39
40 31
40 10
40 23
40 35
5 7
5 3
46 37
46 1
46 14
8 35
30 49
49 43
49 18
49 34
44 43
44 34
39 23
39 16
39 35
31 10
10 1
10 42
23 48
34 48
34 33
16 42
16 47
48 37
48 21
48 33
48 18
48 4
37 28
37 7
37 6
21 18
21 45
18 7
28 7
7 3
3 3
43 15
43 42
42 38
14 13