0 2 7 12 13 15 16 18 19 25 28 30 32 33 39 47 48 49 1 4 23 27 34 35 41 43 44 3 6 11 24 29 31 36 37 38 10 14 17 21 42 45 46 5 8 9 20 40 22 26
0 2
0 7
0 12
0 13
0 15
0 16
0 18
0 19
0 25
0 28
0 30
0 32
0 33
0 39
0 47
0 48
0 49
2 3
2 6
2 7
2 11
2 12
2 13
2 15
2 18
2 19
2 23
2 24
2 25
2 27
2 29
2 31
2 36
2 37
2 38
2 41
2 43
2 47
7 1
7 3
7 11
7 15
7 19
7 20
7 23
7 24
7 25
7 32
7 41
7 46
12 9
12 15
12 23
12 28
12 29
12 31
12 33
12 35
12 36
12 37
12 38
12 44
12 45
12 47
12 48
12 49
13 1
13 4
13 9
13 11
13 23
13 25
13 29
13 31
13 32
13 33
13 34
13 37
13 38
13 39
13 40
13 43
13 45
13 46
15 1
15 4
15 10
15 18
15 21
15 22
15 23
15 24
15 26
15 32
15 37
15 38
15 45
15 48
16 1
16 3
16 4
16 5
16 6
16 11
16 22
16 24
16 27
16 28
16 32
16 38
16 39
16 40
16 45
16 48
16 49
18 1
18 4
18 11
18 14
18 20
18 24
18 25
18 26
18 41
18 42
18 44
18 47
18 48
19 1
19 4
19 5
19 6
19 8
19 14
19 21
19 22
19 27
19 31
19 33
19 34
19 35
19 36
19 38
19 43
19 46
19 48
19 49
25 1
25 20
25 22
25 27
25 30
25 31
25 34
25 37
25 40
25 42
25 45
25 46
25 47
28 4
28 10
28 17
28 20
28 22
28 30
28 31
28 36
28 37
28 42
28 44
28 45
28 49
30 8
30 10
30 11
30 17
30 21
30 24
30 26
30 37
30 39
30 40
30 41
30 44
30 46
32 1
32 4
32 6
32 8
32 20
32 26
32 27
32 35
32 38
32 40
32 41
32 42
32 45
33 4
33 5
33 8
33 9
33 11
33 17
33 22
33 24
33 40
33 42
33 46
33 47
39 1
39 3
39 5
39 6
39 8
39 11
39 24
39 27
39 34
39 48
47 4
47 9
47 11
47 20
47 21
47 22
47 24
47 29
47 35
47 37
47 40
47 43
47 44
48 1
48 8
48 9
48 20
48 27
48 34
48 38
48 45
49 3
49 6
49 8
49 9
49 14
49 21
49 22
49 23
49 24
49 26
49 29
49 34
49 35
49 36
49 37
49 40
49 44
49 46
1 4
1 23
1 27
1 34
1 35
1 41
1 43
1 44
4 5
4 6
4 8
4 23
4 29
4 34
4 38
4 42
4 43
4 45
23 9
23 11
23 14
23 27
23 41
27 3
27 6
27 10
27 17
27 29
27 31
27 35
27 36
27 40
27 41
34 6
34 8
34 11
34 17
34 24
34 29
34 42
35 5
35 10
35 11
35 14
35 31
41 9
41 11
41 14
41 21
41 36
41 44
43 3
43 5
43 9
43 17
43 21
43 37
43 40
44 6
44 8
44 20
44 22
44 37
3 10
3 14
3 17
3 21
3 42
3 45
3 46
6 20
6 21
6 24
6 38
6 40
11 9
11 14
11 17
11 21
11 29
11 31
11 40
24 9
24 21
24 38
24 45
29 10
29 38
29 40
29 42
29 46
31 14
31 20
31 22
31 46
36 8
36 17
36 21
36 26
36 38
36 45
37 14
37 22
38 8
38 20
38 21
38 46
10 8
10 17
10 22
10 45
10 46
14 8
14 22
14 26
14 40
14 42
14 46
17 8
17 21
17 26
17 40
17 46
21 5
21 40
45 5
46 8
46 22
5 8
5 9