0 6 7 15 27 1 16 23 25 30 2 20 45 47 3 5 12 17 39 4 19 33 24 34 41 49 18 36 37 40 8 14 28 9 11 35 10 32 42 13 48 38 31 29 44 21 46 22 26 43
0 6
0 7
0 15
0 27
0 1
0 8
0 30
0 49
6 4
6 5
6 18
6 25
6 36
6 37
6 40
6 7
6 12
6 15
6 47
7 34
7 39
7 8
7 18
7 37
7 38
7 47
15 1
15 10
15 14
15 18
15 28
15 30
15 42
15 16
15 34
15 39
15 41
27 2
27 12
27 22
27 23
27 25
27 26
27 13
27 17
27 29
27 33
27 35
27 28
27 31
27 39
27 44
1 16
1 23
1 25
1 30
1 2
1 45
1 49
16 18
16 23
16 31
16 34
16 48
16 17
16 36
16 45
23 19
23 22
23 8
23 11
23 17
23 28
23 24
23 25
23 32
25 24
25 29
25 37
25 47
25 26
25 34
30 4
30 5
30 29
30 2
30 17
30 18
30 31
30 45
2 20
2 45
2 47
2 3
2 46
20 11
20 14
20 18
20 19
20 29
20 33
20 36
20 46
20 47
20 21
20 22
20 38
20 43
20 44
45 11
45 13
45 26
45 28
45 29
45 44
45 19
45 24
45 46
47 4
47 29
47 31
47 42
47 46
47 22
47 32
47 40
47 48
3 5
3 12
3 17
3 39
3 4
3 26
3 29
3 46
5 4
5 24
5 34
5 41
5 49
5 11
5 17
5 18
5 19
12 11
12 24
12 36
12 42
12 13
12 28
12 31
12 40
12 41
12 49
17 29
17 33
17 37
17 44
17 18
17 26
17 35
17 40
17 48
39 33
39 38
39 19
39 32
39 34
39 40
39 43
4 19
4 33
4 10
4 24
19 13
19 18
19 21
19 28
19 36
19 43
33 9
33 32
33 8
33 18
33 43
33 34
33 35
24 9
24 13
24 8
24 10
24 37
24 38
24 36
24 41
24 48
34 21
34 18
34 42
34 35
34 37
34 46
41 9
41 14
41 36
41 40
41 11
41 42
49 11
49 14
49 28
49 48
49 18
49 37
18 8
18 28
18 32
36 8
36 28
36 35
36 10
36 37
36 42
37 11
37 22
37 8
37 21
37 38
37 48
40 38
40 9
40 31
40 43
40 46
8 14
8 28
8 9
14 13
14 35
14 38
14 48
28 43
28 29
28 32
28 42
9 11
9 35
9 10
9 21
9 32
11 10
11 38
35 29
35 32
35 26
35 48
10 32
10 42
10 44
32 31
42 22
42 21
42 43
13 48
13 29
13 31
13 44
31 44
29 21
29 22
29 43
44 43
44 22
21 22
21 26
22 26
22 43