1 6 17 31 42 24 32 25 14 40 15 36 26 12 0 37 45 11 30 10 8 22 46 35 18 2 43 16 34 28 9 29 3 47 20 19 39 21 7 4 44 13 38 5 23 41 33 48 27
1 6
1 15
1 14
1 28
1 40
1 19
1 27
6 14
6 30
6 17
6 32
6 21
6 16
6 38
17 31
17 26
17 16
17 7
17 42
17 33
17 38
17 48
17 28
17 43
17 19
31 37
31 11
31 15
31 47
31 7
31 45
31 27
31 36
42 24
42 29
42 14
42 11
42 33
42 37
42 44
42 25
42 40
42 45
42 28
42 35
42 48
42 47
24 8
24 12
24 46
24 23
24 26
24 45
24 19
24 28
24 29
32 25
32 36
32 19
32 16
32 38
32 34
32 47
32 41
32 37
32 27
32 23
32 29
32 33
32 48
32 45
25 37
25 20
25 38
25 18
25 36
25 44
25 39
25 16
25 21
25 40
25 48
25 47
25 43
25 33
14 39
14 26
14 7
14 41
14 40
14 45
40 15
40 47
40 18
40 12
40 26
40 7
40 38
40 16
40 45
40 37
40 35
40 44
40 48
15 11
15 29
15 21
15 43
15 9
15 18
15 7
15 20
15 41
15 37
36 12
36 47
36 26
36 41
36 45
36 33
36 28
26 8
26 13
26 33
26 10
26 29
26 41
26 46
26 23
26 21
26 19
26 7
26 35
12 0
12 35
12 37
12 34
12 13
12 4
12 19
12 38
0 4
0 41
37 23
37 8
37 4
37 29
37 11
37 28
37 38
37 33
37 46
45 11
45 46
45 13
45 44
45 43
45 19
45 7
45 28
45 41
11 34
11 23
11 30
11 19
30 29
30 16
30 33
30 44
30 47
30 7
30 28
10 8
10 29
8 39
8 13
8 43
22 46
22 19
22 43
22 16
22 33
46 2
46 35
46 9
46 33
46 19
46 44
46 28
46 47
46 48
35 18
35 5
35 29
35 23
35 7
35 34
35 38
35 27
35 43
18 5
18 20
18 23
18 19
18 33
2 3
2 21
2 20
2 38
43 16
43 9
43 34
43 7
43 47
43 21
43 28
43 41
43 39
43 44
16 27
16 13
34 28
34 19
34 44
34 7
28 48
28 33
28 9
28 29
28 44
28 7
28 38
28 41
9 20
9 7
9 33
29 23
29 39
29 48
29 27
29 44
47 38
47 41
47 33
47 48
20 19
20 48
20 27
20 44
19 21
19 39
19 38
19 13
39 7
39 33
39 38
39 41
39 44
39 48
21 7
21 33
21 44
21 48
7 44
7 38
7 48
4 44
44 48
44 41
13 23
13 48
13 38
38 5
38 48
23 27
23 41
41 33