0 1 22 23 34 40 44 45 36 37 43 48 2 5 7 11 14 15 3 19 24 29 39 49 4 10 16 26 8 13 46 6 18 33 9 21 31 12 17 28 30 35 20 32 42 41 47 25 38 27
0 1
0 22
0 23
0 34
0 40
0 44
0 45
1 36
1 37
1 43
1 44
1 48
22 6
22 31
22 47
23 28
34 4
34 7
34 26
34 33
34 38
34 47
40 33
40 36
44 2
44 20
44 29
44 30
45 15
45 20
45 25
45 36
36 4
36 7
36 27
36 37
36 39
37 5
37 8
37 13
37 16
43 3
43 19
43 20
43 21
43 31
43 38
48 18
48 20
48 26
48 49
2 5
2 7
2 11
2 14
2 15
5 4
5 8
5 11
5 13
5 46
7 24
11 6
11 8
11 15
11 18
11 29
11 31
14 16
14 30
14 33
14 35
3 19
3 24
3 29
3 39
3 49
19 12
19 17
24 4
24 6
24 8
24 18
24 25
24 47
29 8
29 31
29 39
39 6
49 6
49 35
4 10
4 16
4 26
16 17
16 20
16 28
16 32
16 35
16 42
26 38
8 6
8 18
8 33
13 17
13 28
13 46
46 25
46 30
18 41
18 42
33 9
33 27
33 30
33 31
9 21
21 32
31 42
28 25
35 25
35 47