0 2 3 14 17 18 22 25 29 31 35 38 43 44 45 1 4 7 21 28 37 41 46 47 5 6 9 13 26 32 40 42 10 23 24 27 36 11 12 15 16 30 33 49 8 20 19 39 34 48
0 2
0 3
0 14
0 17
0 18
0 22
0 25
0 29
0 31
0 35
0 38
0 43
0 44
0 45
2 3
2 4
2 5
2 6
2 9
2 13
2 14
2 21
2 26
2 28
2 29
2 32
2 37
2 38
2 40
2 42
2 46
2 47
3 1
3 4
3 5
3 10
3 13
3 17
3 18
3 21
3 23
3 24
3 25
3 27
3 32
3 36
3 38
3 43
3 45
14 1
14 4
14 6
14 10
14 13
14 17
14 28
14 30
14 33
14 34
14 37
14 38
14 40
14 45
14 46
14 47
17 5
17 6
17 7
17 8
17 9
17 10
17 11
17 12
17 13
17 18
17 24
17 26
17 28
17 36
17 37
17 44
18 1
18 7
18 8
18 10
18 13
18 20
18 23
18 24
18 31
18 33
18 39
18 40
18 43
18 45
22 9
22 10
22 11
22 13
22 16
22 24
22 26
22 28
22 31
22 36
22 47
25 1
25 4
25 5
25 6
25 9
25 16
25 19
25 21
25 26
25 27
25 28
25 30
25 32
25 33
25 36
25 38
25 41
25 42
25 45
29 5
29 6
29 8
29 16
29 20
29 23
29 36
29 38
29 40
29 43
31 6
31 7
31 8
31 10
31 13
31 20
31 28
31 32
31 33
31 34
31 35
31 37
31 38
31 39
31 40
31 44
31 48
35 5
35 8
35 10
35 12
35 15
35 19
35 21
35 27
35 28
35 32
35 33
35 34
35 37
35 39
35 41
35 44
35 45
35 48
38 9
38 10
38 19
38 20
38 32
38 33
38 40
38 42
38 49
43 6
43 7
43 8
43 11
43 19
43 24
43 27
43 28
43 39
43 41
43 48
44 5
44 8
44 9
44 12
44 16
44 20
44 23
44 27
44 28
44 34
44 40
44 41
44 42
44 45
44 46
44 49
45 1
45 5
45 6
45 9
45 11
45 16
45 28
45 30
45 32
45 33
45 36
45 39
45 41
1 4
1 7
1 21
1 28
1 37
1 41
1 46
1 47
4 5
4 9
4 11
4 12
4 15
4 16
4 26
4 27
4 30
4 33
4 36
4 41
4 49
7 10
7 13
7 15
7 16
7 19
7 20
7 24
7 28
7 33
7 34
7 39
7 41
7 46
7 48
7 49
21 5
21 15
21 16
21 27
21 28
21 36
21 39
21 40
21 48
28 8
28 9
28 15
28 23
28 24
28 30
28 42
28 49
37 20
37 23
37 30
37 32
37 46
37 49
41 6
41 13
41 16
41 20
41 32
41 36
41 39
46 5
46 6
46 8
46 13
46 19
46 20
46 24
46 30
46 40
46 48
46 49
47 6
47 12
47 16
47 19
47 20
47 23
47 24
47 33
47 36
47 42
5 6
5 8
5 10
5 12
5 16
5 20
5 30
5 33
5 36
5 42
6 8
6 9
6 13
6 19
6 23
6 24
6 32
6 39
6 42
9 8
9 24
9 33
9 40
9 42
9 48
9 49
13 15
13 33
13 36
26 24
26 33
26 36
26 40
26 48
26 49
32 10
40 15
40 20
40 23
40 30
40 33
40 42
40 48
42 11
42 12
42 20
42 23
42 27
42 33
42 36
42 49
10 20
10 27
10 30
10 36
10 39
23 30
23 36
23 39
23 48
24 12
24 27
24 33
24 34
24 39
27 12
27 15
27 16
27 20
27 36
36 8
36 30
36 49
11 12
11 15
11 16
12 20
12 33
12 39
15 8
15 16
15 20
30 8
30 20
30 34
30 49
33 34
33 39
33 49
49 48
8 34
8 39
20 34
19 39