0 1 2 37 39 47 4 5 6 7 8 10 12 13 14 15 16 17 18 19 23 24 25 32 33 35 38 40 46 48 49 3 9 11 20 26 28 41 27 21 22 29 31 34 36 42 43 44 45 30
0 1
0 2
0 37
0 39
0 47
0 3
0 5
0 12
0 13
0 14
0 18
0 20
0 21
0 23
0 24
0 30
0 31
0 32
0 33
0 35
0 40
0 44
0 46
0 48
1 2
1 5
1 7
1 11
1 12
1 14
1 18
1 19
1 22
1 23
1 24
1 25
1 27
1 30
1 31
1 33
1 34
1 35
1 36
1 37
1 40
1 42
1 43
1 44
1 46
1 47
1 48
2 4
2 5
2 6
2 7
2 8
2 10
2 12
2 13
2 14
2 15
2 16
2 17
2 18
2 19
2 23
2 24
2 25
2 32
2 33
2 35
2 37
2 38
2 39
2 40
2 46
2 47
2 48
2 49
2 21
2 22
2 29
2 30
2 31
2 34
2 42
2 43
2 44
37 3
37 5
37 7
37 11
37 12
37 16
37 17
37 18
37 19
37 22
37 23
37 24
37 26
37 27
37 30
37 31
37 34
37 35
37 36
37 4
37 6
37 9
37 10
37 13
37 14
37 15
37 21
37 25
37 28
37 29
37 32
37 38
37 39
37 40
37 42
37 43
37 44
37 46
37 47
37 41
37 48
39 5
39 12
39 13
39 16
39 17
39 18
39 20
39 21
39 22
39 24
39 27
39 28
39 31
39 34
39 35
39 36
39 25
39 33
39 40
39 48
39 44
39 47
47 5
47 7
47 12
47 15
47 17
47 18
47 21
47 22
47 26
47 31
47 32
47 35
47 36
47 38
47 40
47 41
47 42
47 43
47 44
47 45
47 3
47 4
47 6
47 8
47 9
47 11
47 13
47 14
47 16
47 19
47 20
47 23
47 24
47 25
47 27
47 28
47 29
47 30
47 33
47 34
47 46
47 48
47 49
4 27
4 5
4 7
4 9
4 10
4 11
4 12
4 16
4 17
4 18
4 19
4 20
4 21
4 22
4 23
4 29
4 32
4 34
4 35
4 40
4 43
4 44
5 3
5 6
5 8
5 10
5 11
5 12
5 13
5 14
5 15
5 16
5 17
5 18
5 19
5 20
5 21
5 22
5 24
5 25
5 26
5 27
5 28
5 29
5 31
5 32
5 33
5 34
5 35
5 36
5 38
5 40
5 41
5 42
5 43
5 44
5 45
5 46
5 48
6 12
6 17
6 30
6 34
6 40
6 43
6 7
6 8
6 13
6 14
6 18
6 19
6 20
6 21
6 22
6 23
6 24
6 27
6 31
6 32
6 33
6 35
6 36
6 41
6 42
6 44
6 48
7 8
7 10
7 12
7 13
7 14
7 16
7 17
7 18
7 19
7 21
7 23
7 24
7 27
7 28
7 29
7 30
7 33
7 35
7 36
7 41
7 44
7 45
7 48
7 49
7 9
7 20
7 22
7 32
7 40
7 43
8 25
8 48
8 11
8 12
8 13
8 18
8 20
8 21
8 22
8 24
8 27
8 32
8 35
8 36
8 40
8 41
8 42
8 43
8 44
10 11
10 12
10 17
10 18
10 22
10 26
10 27
10 29
10 32
10 33
10 35
10 40
10 41
10 43
10 44
10 45
10 46
10 49
12 9
12 3
12 11
12 14
12 16
12 17
12 20
12 21
12 22
12 23
12 24
12 25
12 27
12 28
12 29
12 31
12 32
12 33
12 34
12 35
12 36
12 38
12 40
12 41
12 42
12 45
12 46
12 49
12 13
12 18
12 30
12 43
12 44
13 3
13 14
13 15
13 17
13 21
13 24
13 25
13 26
13 27
13 29
13 30
13 31
13 32
13 33
13 38
13 41
13 43
13 44
13 45
13 46
13 48
13 49
13 16
13 18
13 19
13 20
13 22
13 23
13 34
13 35
13 36
13 40
14 3
14 9
14 15
14 17
14 19
14 20
14 21
14 24
14 26
14 29
14 41
14 44
14 45
14 18
14 22
14 23
14 27
14 31
14 32
14 33
14 34
14 35
14 36
14 40
14 42
14 43
14 48
15 38
15 17
15 18
15 19
15 21
15 22
15 24
15 26
15 27
15 30
15 31
15 32
15 34
15 35
15 40
15 41
15 43
15 44
15 45
16 3
16 9
16 11
16 19
16 26
16 28
16 30
16 32
16 42
16 44
16 18
16 20
16 21
16 22
16 23
16 27
16 35
16 38
16 40
16 41
16 43
16 48
17 9
17 11
17 3
17 19
17 20
17 21
17 23
17 25
17 26
17 27
17 28
17 29
17 30
17 32
17 34
17 35
17 36
17 38
17 41
17 42
17 43
17 45
17 48
17 18
17 22
17 31
17 40
17 44
17 46
17 49
18 3
18 9
18 19
18 20
18 21
18 22
18 23
18 24
18 26
18 27
18 28
18 29
18 31
18 32
18 34
18 35
18 36
18 40
18 42
18 43
18 45
18 46
18 48
18 30
18 33
18 44
18 49
19 11
19 3
19 9
19 23
19 24
19 26
19 29
19 33
19 34
19 35
19 38
19 40
19 43
19 44
19 46
19 49
19 22
19 27
19 30
19 31
19 36
19 41
19 42
19 48
23 3
23 11
23 22
23 9
23 20
23 24
23 25
23 27
23 29
23 38
23 42
23 43
23 48
23 49
23 30
23 32
23 33
23 34
23 35
23 40
23 41
23 44
24 20
24 21
24 22
24 9
24 25
24 26
24 28
24 29
24 30
24 38
24 41
24 42
24 45
24 46
24 27
24 31
24 32
24 34
24 35
24 36
24 40
24 44
25 20
25 22
25 9
25 30
25 31
25 38
25 41
25 27
25 28
25 32
25 34
25 35
25 40
25 43
25 44
25 48
32 9
32 11
32 22
32 26
32 27
32 30
32 31
32 3
32 20
32 21
32 29
32 33
32 34
32 36
32 38
32 41
32 42
32 43
32 44
32 45
32 46
32 48
32 35
32 40
33 9
33 11
33 21
33 22
33 27
33 29
33 31
33 20
33 28
33 34
33 36
33 42
33 43
33 49
33 35
33 38
33 40
33 41
33 44
33 46
35 21
35 22
35 27
35 30
35 34
35 3
35 9
35 11
35 20
35 28
35 29
35 31
35 36
35 38
35 40
35 41
35 42
35 43
35 44
35 45
35 46
35 48
35 49
38 9
38 11
38 21
38 22
38 27
38 28
38 31
38 34
38 3
38 26
38 29
38 30
38 40
38 42
38 48
38 44
38 46
40 9
40 22
40 26
40 27
40 30
40 34
40 36
40 3
40 11
40 20
40 21
40 28
40 29
40 31
40 41
40 42
40 43
40 44
40 45
40 48
40 49
46 9
46 11
46 20
46 21
46 22
46 27
46 31
46 36
46 42
46 44
46 3
46 26
46 28
46 29
46 34
46 48
46 49
48 11
48 20
48 22
48 27
48 31
48 34
48 36
48 41
48 43
48 44
48 45
48 3
48 21
48 29
48 30
49 22
49 30
49 31
49 34
49 36
49 41
49 42
49 43
49 44
49 11
49 21
3 9
3 11
3 20
3 26
3 28
3 41
3 21
3 22
3 27
3 29
3 34
3 36
3 43
3 44
9 11
9 20
9 21
9 22
9 28
9 31
9 36
9 42
9 44
9 45
9 27
9 41
9 43
11 20
11 21
11 22
11 30
11 31
11 36
11 41
11 42
11 43
11 45
11 27
11 29
11 34
20 22
20 26
20 27
20 29
20 30
20 36
20 43
20 31
20 41
20 42
20 44
20 45
26 36
26 27
26 29
26 31
26 34
26 41
26 42
26 43
26 44
26 45
28 21
28 22
28 27
28 36
28 43
28 30
28 34
28 41
28 42
28 44
28 45
41 21
41 22
41 27
41 31
41 34
41 36
41 43
41 44
41 45
41 42
27 21
27 22
27 29
27 30
27 31
27 34
27 36
27 42
27 43
27 44
27 45
21 22
21 29
21 30
21 34
21 42
21 43
21 44
21 45
21 31
21 36
22 29
22 30
22 31
22 34
22 36
22 42
22 43
22 44
22 45
29 31
29 42
29 44
29 34
31 30
31 34
31 42
31 43
31 44
31 45
31 36
34 30
34 36
34 42
34 43
34 45
34 44
36 30
36 44
36 45
42 30
42 44
43 44
43 45
44 30
44 45
45 30