3 1 9 11 7 12 5 10 13 8 14 4 16 15 17 2 18 19 0 20 21 22 23 24 26 27 25 28 29 30 31 32 33 34 35 6 36 37 38 39 40 41 42 43 44 45 46 47 48 49
3 1
3 9
1 46
11 7
11 13
11 36
7 27
7 34
12 5
12 10
12 29
5 18
5 20
10 46
10 47
13 8
13 35
8 19
8 44
14 4
14 28
14 45
4 16
4 22
16 15
16 23
15 18
15 21
17 2
17 20
17 37
2 26
2 32
18 24
19 0
19 30
0 21
0 43
20 39
21 32
22 23
22 41
23 26
24 31
24 43
26 40
27 25
27 46
25 32
25 42
28 29
28 39
29 34
30 33
30 38
31 40
31 49
33 36
33 45
34 48
35 6
35 42
6 37
6 44
36 49
37 41
38 39
38 43
40 45
41 47
42 48
44 49
47 48