0 35 37 44 48 1 23 43 2 18 29 30 47 49 3 12 21 24 40 4 6 14 41 42 5 19 13 15 39 7 11 31 8 9 10 22 25 26 34 38 36 16 28 17 45 46 27 20 33 32
0 35
0 37
0 44
0 48
35 1
35 5
35 8
35 20
37 1
37 31
37 32
37 46
44 13
44 31
44 34
44 39
48 3
48 8
48 15
48 39
1 23
1 43
23 11
23 16
23 31
23 45
43 5
43 25
43 26
43 45
43 46
2 18
2 29
2 30
2 47
2 49
18 17
18 28
18 36
29 10
29 14
29 28
29 41
30 7
30 12
30 17
30 40
47 6
47 7
47 14
49 6
49 12
49 21
49 36
49 41
3 12
3 21
3 24
3 40
12 34
12 38
12 39
21 9
21 15
21 33
24 5
24 8
24 9
24 26
24 38
40 26
40 46
4 6
4 14
4 41
4 42
6 13
6 15
6 39
14 11
14 16
14 22
41 9
41 27
41 38
42 13
42 16
42 20
42 27
5 19
19 27
19 34
19 38
19 45
13 36
39 7
7 11
7 31
31 17
9 10
10 22
10 25
10 26
25 28
34 17
34 36
36 27
36 33
16 28
28 27
28 45
17 45
17 46