0 1 2 3 4 5 6 7 8 9 10 11 12 13 14 15 16 17 18 19 20 21 22 23 24 25 26 27 28 29 30 31 32 33 34 35 36 37 38 39 40 41 42 43 44 45 46 47 48 49
0 1
0 49
0 27
0 19
0 13
0 37
0 36
0 2
0 14
0 42
1 2
1 12
1 18
1 23
1 15
1 41
1 5
1 4
1 29
1 46
1 26
1 3
2 3
2 19
2 4
2 12
2 22
2 9
2 25
2 7
2 6
3 4
3 22
3 38
3 33
3 19
3 32
3 28
4 5
4 25
4 13
4 15
4 14
4 9
4 45
5 6
5 24
5 31
5 44
5 11
5 38
5 37
5 49
5 40
6 7
6 34
6 44
6 36
6 45
6 35
6 14
6 48
6 40
6 10
7 8
7 46
7 44
7 38
7 9
7 25
7 33
7 32
8 9
8 23
8 22
9 10
9 33
9 43
9 34
9 21
9 31
9 27
9 40
9 11
9 17
10 11
10 44
10 20
10 49
10 21
10 34
11 12
11 27
11 33
11 30
11 14
11 34
12 13
12 25
12 43
12 15
12 19
12 17
13 14
13 41
13 48
13 23
14 15
14 17
14 35
14 39
14 24
14 38
14 43
14 23
15 16
15 46
15 23
16 17
16 26
16 39
16 46
16 23
16 38
16 32
16 41
16 18
16 29
16 27
17 18
17 31
17 35
17 27
17 34
17 21
17 28
17 44
17 26
18 19
18 37
18 36
18 33
19 20
19 44
19 23
19 22
19 33
20 21
20 39
20 37
20 32
20 34
21 22
21 35
21 23
21 41
22 23
22 28
22 33
22 40
22 36
22 38
22 43
22 37
22 39
23 24
23 31
23 26
23 34
23 37
24 25
24 44
24 35
24 27
25 26
25 32
25 45
25 43
26 27
26 47
26 31
27 28
27 34
27 29
28 29
29 30
29 41
30 31
30 35
30 34
30 46
31 32
31 39
31 47
31 34
31 43
31 38
32 33
32 40
32 35
32 36
32 39
32 41
33 34
33 45
33 44
34 35
34 42
35 36
35 41
36 37
37 38
37 39
38 39
38 47
38 49
39 40
40 41
40 49
40 42
40 45
41 42
41 45
41 48
42 43
43 44
44 45
45 46
45 47
45 48
46 47
47 48
48 49