47 2 40 6 48 32 20 5 41 24 1 3 43 7 45 39 14 35 31 17 0 25 23 10 26 33 9 29 42 18 30 13 37 16 15 22 8 44 12 46 19 34 49 38 4 28 36 11 27 21
47 2
47 5
47 41
47 24
2 6
2 30
2 16
40 6
6 32
6 45
6 42
6 49
48 32
48 20
20 5
20 39
20 42
41 24
41 22
24 45
24 43
24 12
24 11
1 3
1 23
3 14
3 39
3 33
3 46
3 18
3 28
43 7
43 15
43 11
7 49
7 38
45 10
45 29
45 38
14 18
14 10
14 4
35 31
35 15
35 21
31 22
17 0
17 26
0 42
0 18
0 28
25 23
23 33
23 19
10 13
26 42
26 16
26 34
9 29
9 16
9 44
9 19
29 36
42 21
13 37
37 4
16 46
8 44
34 27