0 12 28 29 35 40 42 49 1 14 15 30 33 41 2 7 19 26 34 38 39 46 47 3 5 6 22 27 43 4 20 25 13 23 36 16 31 8 9 17 10 11 24 18 32 37 44 48 21 45
0 12
0 28
0 29
0 35
0 40
0 42
0 49
12 23
28 5
28 36
29 20
29 39
29 41
35 8
35 22
35 33
35 34
35 36
35 39
40 10
40 27
40 37
40 45
40 47
42 5
42 47
49 1
49 10
49 14
49 16
1 14
1 15
1 30
1 33
1 41
14 10
14 13
14 15
14 22
15 9
15 18
15 27
15 31
15 32
15 37
15 39
15 44
30 23
33 5
41 3
41 6
41 21
2 7
2 19
2 26
2 34
2 38
2 39
2 46
2 47
7 13
7 16
7 46
19 5
19 22
19 48
26 3
26 11
26 25
26 39
34 4
34 27
38 5
38 9
38 10
38 46
38 48
39 8
39 23
46 16
46 24
47 48
3 5
3 6
3 22
3 27
3 43
5 13
5 23
5 25
5 36
6 16
6 31
22 21
22 25
22 27
43 23
4 20
4 25
20 23
25 8
25 23
13 24
23 17
16 17
31 37
9 17
17 44
10 11
24 32
32 21
37 48