0 3 33 1 38 2 4 11 19 22 23 27 28 30 47 5 6 7 8 10 12 15 24 39 42 13 16 17 29 32 40 41 46 18 21 34 35 9 20 48 44 14 25 26 37 43 31 45 36 49
0 3
0 33
3 1
3 2
3 4
3 5
3 6
3 7
3 8
3 10
3 12
3 15
3 24
3 27
3 39
3 42
33 41
1 38
38 2
38 48
2 4
2 11
2 19
2 22
2 23
2 27
2 28
2 30
2 47
4 8
4 12
4 13
4 16
4 17
4 29
4 32
4 40
4 41
4 46
11 6
11 12
11 30
11 34
11 44
19 13
19 25
19 26
22 16
22 31
23 16
23 32
23 42
27 31
28 12
28 17
28 30
28 44
30 37
30 43
47 21
5 13
6 40
7 18
7 21
7 34
8 35
10 16
10 20
10 39
10 48
15 14
24 16
24 39
13 14
16 20
16 21
16 25
16 48
17 9
32 9
32 45
32 49
40 46
41 9
18 14
21 35
21 43
35 9
35 45
20 37
25 45
31 36
45 49