0 7 10 49 48 9 26 17 32 11 47 39 33 1 38 31 45 37 4 5 29 25 44 46 2 43 6 35 28 21 36 3 16 27 41 8 42 23 30 40 24 14 13 18 15 20 34 19 22 12
0 7
0 10
0 49
0 48
0 9
0 26
0 17
0 32
0 11
0 47
0 39
0 33
0 4
0 5
0 8
0 13
0 14
0 16
0 22
0 25
0 29
0 31
0 34
0 36
0 37
0 40
0 42
0 43
0 45
0 46
7 6
7 5
7 9
7 49
7 24
7 8
7 47
7 31
7 45
7 42
7 44
7 2
7 28
7 11
7 14
7 15
7 16
7 19
7 22
7 27
7 36
7 37
7 41
10 6
10 3
10 5
10 45
10 31
10 14
10 42
10 33
10 43
10 18
10 41
10 22
10 44
10 15
10 16
10 19
10 28
10 29
10 37
10 39
10 49
49 4
49 11
49 18
49 19
49 20
49 21
49 23
49 25
49 28
49 31
49 32
49 33
49 36
49 40
49 43
49 13
49 37
49 45
49 9
49 39
49 26
49 5
49 15
49 42
49 27
49 35
48 3
48 8
48 12
48 14
48 30
48 32
48 34
48 35
48 39
48 41
48 42
48 43
48 44
48 47
48 38
48 31
48 46
48 19
48 23
48 1
48 24
48 33
48 29
48 15
48 37
48 28
9 5
9 6
9 3
9 42
9 44
9 45
9 13
9 15
9 39
9 18
9 19
9 41
9 16
9 30
9 20
9 31
9 32
9 38
9 43
26 2
26 3
26 5
26 18
26 19
26 21
26 1
26 12
26 39
26 6
26 20
26 23
26 14
26 22
26 41
26 28
26 36
26 43
26 31
26 33
26 44
26 47
17 3
17 4
17 5
17 38
17 42
17 36
17 33
17 25
17 30
17 39
17 20
17 16
17 34
17 40
17 44
17 23
17 32
17 37
17 43
17 45
17 46
32 6
32 13
32 14
32 16
32 21
32 30
32 31
32 35
32 12
32 8
32 33
32 27
32 47
32 44
32 1
32 37
32 41
32 42
32 45
11 1
11 4
11 6
11 21
11 47
11 22
11 25
11 15
11 16
11 2
11 37
11 41
11 13
11 27
11 33
11 40
11 44
11 46
47 8
47 18
47 20
47 22
47 27
47 30
47 35
47 36
47 37
47 40
47 42
47 1
47 31
47 29
47 21
47 25
47 38
47 33
47 3
47 15
47 34
39 1
39 12
39 13
39 15
39 25
39 27
39 29
39 20
39 44
39 42
39 16
39 35
39 19
39 24
39 38
39 6
39 40
33 2
33 5
33 13
33 19
33 21
33 22
33 25
33 27
33 37
33 31
33 1
33 30
33 41
33 34
33 6
33 45
33 35
33 36
33 43
33 44
1 38
1 31
1 45
1 37
1 4
1 5
1 29
1 25
1 44
1 46
1 2
1 13
1 16
1 28
1 30
1 36
1 41
1 43
38 13
38 29
38 21
38 20
38 46
38 42
38 14
38 3
38 27
38 12
38 41
38 23
38 2
38 43
38 44
31 3
31 5
31 15
31 16
31 20
31 21
31 22
31 25
31 29
31 30
31 35
31 43
31 4
31 44
31 37
31 12
31 18
31 34
31 40
31 41
45 2
45 8
45 13
45 15
45 20
45 22
45 25
45 28
45 34
45 35
45 37
45 43
45 44
45 23
45 16
45 5
45 6
45 42
45 40
45 4
45 29
37 2
37 5
37 6
37 12
37 18
37 23
37 30
37 34
37 42
37 27
37 21
37 20
37 40
37 46
4 36
4 40
4 24
4 25
4 43
4 14
4 23
4 21
4 6
4 13
4 18
4 27
4 29
4 44
5 2
5 27
5 8
5 3
5 25
5 44
5 12
5 19
5 35
5 42
5 46
29 8
29 16
29 19
29 20
29 22
29 23
29 24
29 25
29 35
29 18
29 43
29 13
29 46
29 40
29 34
29 36
29 42
25 12
25 14
25 21
25 23
25 42
25 34
25 36
25 44
25 27
25 30
44 24
44 30
44 35
44 40
44 41
44 42
44 6
44 18
44 34
44 2
44 12
44 8
44 46
46 8
46 19
46 23
46 34
46 41
46 2
46 35
46 15
46 6
46 16
46 21
2 43
2 6
2 35
2 28
2 21
2 36
2 12
2 14
2 16
2 19
2 20
2 22
2 41
2 42
43 13
43 15
43 16
43 18
43 20
43 21
43 23
43 24
43 35
43 41
43 27
43 8
6 13
6 18
6 41
6 15
6 40
6 8
6 21
6 23
6 24
6 42
35 12
35 14
35 21
35 27
35 28
35 13
35 18
35 23
35 40
35 36
35 16
28 3
28 18
28 30
28 21
28 15
28 34
28 13
28 19
28 36
21 14
21 24
21 40
21 23
21 34
21 36
21 41
36 16
36 23
36 24
36 8
36 40
36 22
36 30
3 16
3 27
3 41
3 8
3 42
3 23
3 30
3 12
3 14
16 8
16 12
16 13
16 42
16 41
16 27
16 30
27 12
27 15
27 20
27 24
27 34
27 23
27 22
27 41
27 42
41 12
41 15
41 22
41 24
41 40
41 42
41 23
8 20
8 14
8 34
8 42
8 22
8 24
8 40
42 14
42 15
42 18
42 19
42 30
42 22
42 24
23 13
23 34
23 19
23 18
23 24
23 40
30 14
30 18
30 20
30 40
30 34
40 19
40 24
40 34
40 13
40 20
24 13
24 15
24 34
24 19
14 34
14 15
14 18
14 20
13 18
13 34
18 15
18 19
18 22
18 34
15 19
15 34
20 12
20 34
34 12
19 12
22 12