0 44 1 19 38 8 33 18 47 40 42 5 37 11 31 2 6 21 41 23 10 4 29 30 48 26 16 25 32 35 9 14 36 3 27 43 49 28 46 7 13 34 12 39 17 22 45 24 15 20
0 44
44 5
44 6
44 7
44 11
44 12
44 13
44 14
44 15
44 17
44 18
44 19
44 21
44 22
44 23
44 25
44 30
44 38
44 40
44 43
44 48
44 46
1 19
1 38
1 8
1 33
1 18
1 47
1 40
1 42
1 5
1 37
1 11
1 31
1 2
1 6
1 21
1 41
1 23
1 10
1 4
1 29
19 2
19 5
19 6
19 9
19 11
19 12
19 14
19 15
19 16
19 17
19 27
19 33
19 42
19 48
19 47
19 22
19 41
19 24
19 20
38 4
38 6
38 12
38 13
38 15
38 18
38 22
38 27
38 29
38 30
38 31
38 34
38 35
38 47
38 42
38 43
8 4
8 36
8 47
8 43
8 13
8 45
8 23
8 32
8 25
8 18
8 26
8 49
8 28
8 22
8 39
33 5
33 6
33 12
33 14
33 15
33 16
33 17
33 18
33 21
33 23
33 25
33 27
33 34
33 37
33 42
33 43
33 46
33 45
33 36
18 5
18 7
18 11
18 12
18 13
18 15
18 17
18 26
18 31
18 36
18 47
18 21
18 40
18 46
18 48
18 27
18 42
18 34
18 39
18 29
47 2
47 3
47 4
47 5
47 9
47 12
47 14
47 24
47 25
47 27
47 31
47 34
47 35
47 37
47 39
47 42
47 43
47 49
47 48
40 3
40 7
40 9
40 13
40 20
40 21
40 22
40 23
40 25
40 27
40 30
40 31
40 32
40 34
40 35
40 36
40 39
40 41
40 49
40 42
42 2
42 3
42 4
42 6
42 7
42 11
42 14
42 16
42 17
42 20
42 22
42 24
42 26
42 29
42 30
42 32
42 34
42 35
42 37
42 41
42 46
42 43
5 2
5 4
5 49
5 34
5 29
5 14
5 46
5 25
5 11
5 39
5 17
5 16
5 22
5 23
5 32
5 45
5 28
5 7
5 35
37 6
37 9
37 10
37 11
37 14
37 20
37 23
37 24
37 26
37 27
37 30
37 31
37 32
37 35
37 43
37 49
11 12
11 34
11 26
11 49
11 14
11 23
11 22
11 46
11 48
11 27
11 35
11 45
31 2
31 3
31 9
31 12
31 14
31 17
31 21
31 23
31 24
31 25
31 27
31 30
31 49
31 45
31 48
2 30
2 48
2 26
2 10
2 29
2 41
2 16
2 23
2 25
2 32
2 35
2 9
2 14
2 36
6 3
6 4
6 46
6 23
6 25
6 36
6 16
6 32
6 12
6 41
6 14
21 4
21 9
21 12
21 13
21 15
21 16
21 17
21 45
21 28
21 22
21 30
21 27
21 24
21 41
21 49
41 4
41 7
41 9
41 12
41 14
41 16
41 20
41 22
41 23
41 24
41 25
41 27
41 32
41 36
41 46
41 43
23 14
23 15
23 16
23 22
23 43
23 26
23 32
23 27
23 46
23 39
23 24
10 26
10 46
10 35
10 49
10 28
10 45
10 43
10 13
4 3
4 30
4 48
4 13
4 34
4 35
4 12
4 27
29 3
29 7
29 15
29 16
29 20
29 35
29 48
29 46
29 45
29 39
30 3
30 9
30 14
30 17
30 20
30 22
30 24
30 34
30 39
30 48
30 35
30 45
48 7
48 9
48 13
48 14
48 15
48 16
48 17
48 24
48 26
48 34
48 35
48 46
48 49
26 3
26 12
26 16
26 17
26 20
26 22
26 24
26 32
26 45
26 27
26 49
16 7
16 9
16 13
16 20
16 22
16 43
16 17
16 34
16 39
16 35
25 3
25 7
25 14
25 22
25 24
25 27
25 35
25 36
25 28
25 34
32 15
32 17
32 36
32 45
35 20
35 22
35 24
35 34
35 43
35 39
9 3
9 7
9 39
9 43
9 14
9 46
9 49
9 13
9 17
9 24
9 45
14 13
14 15
14 28
14 22
14 46
36 3
36 12
36 17
36 20
36 22
36 27
36 28
36 39
36 49
3 27
3 43
3 49
3 28
3 46
3 7
27 7
27 12
27 13
27 22
27 24
27 46
27 39
27 43
43 13
43 20
43 34
43 46
43 49
49 7
49 13
49 17
49 28
49 34
49 45
49 46
28 7
28 17
28 22
28 34
28 45
28 46
46 12
46 15
46 17
46 20
46 22
46 45
7 24
7 15
7 22
7 13
7 12
13 34
13 24
13 22
34 17
12 22
12 17
12 24
12 45
12 39
39 15
39 20
39 22
39 45
17 20
17 45
17 22
22 20
45 24
24 20