0 1 2 3 4 5 6 7 8 9 10 11 12 13 14 15 16 17 18 19 20 21 22 23 24 25 26 27 28 29 30 31
0 1
0 2
0 4
0 8
0 16
1 3
1 5
1 9
1 17
2 3
2 6
2 10
2 18
3 7
3 11
3 19
4 5
4 6
4 12
4 20
5 7
5 13
5 21
6 7
6 14
6 22
7 15
7 23
8 9
8 10
8 12
8 24
9 11
9 13
9 25
10 11
10 14
10 26
11 15
11 27
12 13
12 14
12 28
13 15
13 29
14 15
14 30
15 31
16 17
16 18
16 20
16 24
17 19
17 21
17 25
18 19
18 22
18 26
19 23
19 27
20 21
20 22
20 28
21 23
21 29
22 23
22 30
23 31
24 25
24 26
24 28
25 27
25 29
26 27
26 30
27 31
28 29
28 30
29 31
30 31