25 26 37 36 35 38 27 41 42 43 34 28 29 33 46 30 32 31 48 49 47 39 40 44 45 0 1 2 3 4 5 8 9 6 7 19 10 11 12 13 14 15 16 17 18 20 23 24 21 22
25 26
25 37
25 36
25 35
25 38
25 39
26 27
26 38
26 35
37 38
37 20
36 38
35 27
35 42
35 41
35 38
38 39
38 40
38 41
27 41
27 42
27 43
27 34
27 28
41 39
41 40
41 42
41 44
42 43
42 7
43 33
43 34
43 44
43 49
43 45
43 46
34 28
28 29
28 33
28 14
29 46
29 15
33 32
33 47
33 49
46 49
30 32
30 31
32 31
32 49
32 12
31 48
48 47
48 49
49 44
49 45
49 47
39 40
39 11
0 1
0 2
1 3
1 4
1 16
2 3
4 5
4 8
4 9
5 6
8 7
8 9
8 19
9 10
9 11
9 19
6 7
19 20
19 23
19 24
10 12
10 13
10 16
11 12
13 14
13 15
14 15
15 16
16 17
17 18
20 21
20 22
20 23
20 24
23 21
23 22
23 24
21 22