0 10 11 14 25 26 36 43 45 1 3 4 7 32 38 2 6 16 20 21 28 34 39 41 49 5 8 17 18 40 44 27 35 42 19 33 47 12 15 23 9 13 31 37 24 22 30 29 46 48
0 10
0 11
0 14
0 25
0 26
0 36
0 43
0 45
10 3
10 7
10 9
10 24
10 26
10 31
10 34
10 37
10 39
10 41
10 43
10 45
10 49
11 15
11 20
11 22
11 31
11 35
11 39
14 2
14 4
14 13
14 16
14 24
14 26
14 32
14 34
14 36
14 37
14 44
25 2
25 4
25 6
25 7
25 8
25 12
25 13
25 17
25 22
25 29
25 31
25 41
25 44
25 49
26 1
26 7
26 15
26 19
26 24
26 29
26 30
26 35
26 40
36 5
36 7
36 17
36 27
36 30
36 44
36 46
43 6
43 27
43 29
43 30
43 41
43 46
45 9
45 18
45 19
45 21
45 23
45 24
45 27
45 30
45 31
45 32
45 33
1 3
1 4
1 7
1 32
1 38
3 4
3 5
3 8
3 17
3 18
3 40
3 44
4 7
4 27
4 32
4 35
4 42
4 44
7 9
7 20
7 34
32 9
32 15
32 16
32 21
32 34
38 8
38 13
38 16
38 20
38 24
38 27
38 31
2 6
2 16
2 20
2 21
2 28
2 34
2 39
2 41
2 49
6 8
6 12
6 15
6 19
6 23
6 34
16 17
16 19
16 23
16 34
16 39
16 44
20 29
20 30
20 37
20 44
21 8
21 15
21 33
21 37
21 39
21 47
28 8
28 12
28 22
28 30
28 33
28 39
28 44
34 5
34 8
34 17
34 31
34 39
34 47
39 5
39 15
39 31
39 47
39 48
39 49
41 29
41 30
41 31
41 35
41 40
49 12
5 8
5 19
5 33
5 44
5 47
8 13
8 17
8 18
8 19
8 23
8 27
8 31
17 12
17 15
17 18
17 23
17 33
17 35
17 44
18 19
18 22
18 23
18 27
18 40
18 42
18 46
18 47
40 24
40 35
40 37
40 42
40 46
40 47
40 48
44 22
44 31
27 23
27 30
27 33
27 47
35 23
35 29
35 30
42 15
42 19
42 23
19 12
19 29
19 47
33 9
33 22
33 37
47 22
47 29
12 13
12 30
15 24
15 37
23 24
23 29
9 37
13 29
13 46
31 29
37 24
37 29