0 1 4 17 16 15 22 43 3 24 39 30 31 2 26 8 35 11 41 5 7 37 32 23 6 9 13 33 46 20 10 14 44 12 21 19 27 45 42 18 36 25 28 29 47 34 40 38 48 49
0 1
0 4
0 17
0 16
0 15
0 22
0 43
1 3
1 24
1 39
1 16
1 30
1 31
4 3
4 11
4 35
4 41
17 10
17 15
17 16
17 19
17 42
16 19
16 45
15 2
15 19
15 27
22 9
22 20
22 30
43 40
43 41
43 45
24 21
39 36
39 37
30 31
30 33
30 47
31 13
31 33
2 26
2 8
2 35
26 7
26 25
26 28
26 29
8 5
8 6
8 33
8 11
8 46
35 28
35 33
35 37
11 10
11 14
41 29
5 7
5 37
5 32
5 23
7 6
7 9
7 13
37 28
37 38
32 12
32 34
32 40
23 20
23 21
6 9
9 20
13 10
13 12
13 14
13 21
33 12
46 47
46 48
20 21
10 14
10 44
14 12
44 40
44 42
19 18
19 36
27 25
27 29
45 47
45 48
18 36
36 40
25 28
25 29
47 49
48 49