30 42 10 36 20 31 14 41 26 48 2 44 19 37 22 23 24 34 38 12 8 27 4 3 46 47 7 28 39 11 45 6 21 49 40 25 43 5 17 16 35 29 15 32 33 13 18 1 0 9
30 42
30 37
30 26
30 22
30 46
30 9
42 37
42 33
42 43
42 20
42 19
42 6
42 27
42 31
10 36
10 21
10 13
10 11
10 27
10 22
36 22
36 34
36 7
36 26
36 48
36 6
36 14
20 31
20 40
20 23
20 13
20 39
20 25
20 18
31 35
31 28
14 41
14 47
14 24
14 49
14 4
41 24
41 43
41 11
41 34
41 22
26 48
26 24
26 25
26 7
26 1
26 2
26 46
48 44
48 25
48 29
48 33
2 44
2 28
2 25
44 4
44 47
44 19
44 25
19 37
19 12
19 38
19 39
19 43
19 7
19 18
37 6
37 4
37 15
22 23
23 7
23 28
23 8
23 11
24 45
24 5
24 49
24 46
34 38
34 5
34 21
34 40
34 43
38 33
38 40
12 11
12 7
12 21
12 0
12 6
12 3
8 27
8 11
27 33
27 49
27 45
4 17
4 7
4 28
4 1
3 46
3 28
3 47
3 33
46 49
46 43
46 39
46 15
47 16
47 5
47 25
7 16
28 39
28 6
28 18
28 40
28 35
39 45
39 17
39 11
11 17
45 25
45 17
45 15
45 5
6 21
6 35
6 29
6 40
6 43
6 1
21 15
21 25
49 29
49 5
49 1
40 35
40 18
25 33
25 13
43 16
43 17
5 16
5 32
5 0
17 15
29 13
15 32
33 18