0 6 7 8 9 10 11 14 15 16 17 20 21 23 24 26 27 28 29 30 31 33 35 36 40 43 45 47 48 1 2 4 5 32 39 46 3 12 13 18 22 42 49 25 41 19 37 34 38 44
0 6
0 7
0 8
0 9
0 10
0 11
0 14
0 15
0 16
0 17
0 20
0 21
0 23
0 24
0 26
0 27
0 28
0 29
0 30
0 31
0 33
0 35
0 36
0 40
0 43
0 45
0 47
0 48
6 3
6 7
6 8
6 9
6 10
6 14
6 16
6 17
6 18
6 22
6 23
6 24
6 29
6 30
6 31
6 34
6 35
6 36
6 38
6 39
6 40
6 41
6 42
6 43
6 48
7 2
7 3
7 5
7 8
7 9
7 11
7 12
7 17
7 20
7 24
7 25
7 28
7 29
7 31
7 32
7 34
7 35
7 44
8 2
8 4
8 5
8 10
8 14
8 16
8 18
8 20
8 21
8 22
8 24
8 25
8 27
8 28
8 29
8 30
8 31
8 32
8 33
8 34
8 35
8 40
8 41
8 42
8 43
8 45
8 46
8 47
8 48
8 49
9 10
9 14
9 16
9 17
9 18
9 19
9 20
9 21
9 23
9 26
9 27
9 29
9 30
9 34
9 36
9 37
9 41
9 45
9 46
9 47
9 48
9 49
10 1
10 2
10 3
10 4
10 5
10 11
10 13
10 14
10 15
10 17
10 18
10 19
10 22
10 24
10 25
10 26
10 27
10 30
10 33
10 34
10 36
10 37
10 41
10 43
10 45
10 48
11 3
11 4
11 5
11 12
11 14
11 15
11 17
11 19
11 20
11 22
11 23
11 24
11 25
11 28
11 30
11 32
11 37
11 39
11 41
11 42
11 43
11 44
11 47
14 3
14 4
14 5
14 15
14 18
14 20
14 21
14 22
14 25
14 26
14 29
14 31
14 33
14 34
14 35
14 37
14 38
14 39
14 41
14 42
14 44
14 46
15 1
15 2
15 3
15 5
15 12
15 16
15 17
15 18
15 19
15 24
15 26
15 27
15 29
15 30
15 31
15 32
15 34
15 35
15 36
15 37
15 39
15 41
15 43
15 47
16 17
16 20
16 21
16 22
16 23
16 25
16 26
16 28
16 29
16 30
16 31
16 33
16 34
16 35
16 36
16 38
16 42
16 45
16 46
16 47
17 1
17 5
17 13
17 18
17 19
17 23
17 24
17 26
17 31
17 33
17 34
17 37
17 40
17 42
17 43
17 45
17 47
17 48
17 49
20 1
20 2
20 4
20 5
20 13
20 19
20 24
20 25
20 26
20 27
20 29
20 31
20 32
20 34
20 35
20 38
20 41
20 47
20 49
21 2
21 3
21 18
21 22
21 25
21 26
21 28
21 29
21 30
21 31
21 32
21 34
21 37
21 38
21 42
21 43
21 48
21 49
23 3
23 4
23 5
23 12
23 13
23 18
23 25
23 26
23 27
23 28
23 29
23 30
23 31
23 33
23 40
23 41
23 47
24 3
24 4
24 12
24 18
24 19
24 25
24 28
24 29
24 32
24 34
24 38
24 42
24 44
24 46
26 3
26 4
26 5
26 12
26 18
26 25
26 31
26 34
26 35
26 36
26 37
26 39
26 42
26 45
26 48
26 49
27 1
27 3
27 4
27 5
27 25
27 28
27 31
27 32
27 33
27 36
27 41
27 42
27 44
27 45
27 46
27 47
27 49
28 2
28 3
28 4
28 12
28 13
28 19
28 22
28 30
28 31
28 33
28 34
28 35
28 36
28 37
28 38
28 39
28 41
28 44
28 45
28 46
28 47
29 1
29 2
29 5
29 13
29 18
29 19
29 25
29 30
29 33
29 38
29 40
29 41
29 42
29 43
29 44
29 45
29 47
29 48
29 49
30 2
30 4
30 5
30 12
30 13
30 18
30 22
30 34
30 36
30 46
30 47
30 48
30 49
31 1
31 12
31 18
31 19
31 22
31 25
31 32
31 34
31 36
31 37
31 38
31 45
31 46
31 49
33 1
33 2
33 4
33 13
33 18
33 19
33 25
33 35
33 36
33 38
33 39
33 41
33 42
33 43
33 46
33 48
33 49
35 1
35 2
35 3
35 5
35 12
35 13
35 19
35 22
35 25
35 36
35 38
35 39
35 41
35 43
35 45
35 46
35 47
35 48
36 3
36 4
36 12
36 18
36 34
36 37
36 40
36 42
36 44
36 45
36 46
36 48
40 1
40 4
40 13
40 19
40 22
40 25
40 38
40 39
40 41
40 42
40 43
40 44
40 46
43 1
43 2
43 4
43 25
43 34
43 37
43 38
43 39
43 41
43 42
43 44
43 46
43 48
43 49
45 5
45 12
45 13
45 18
45 19
45 25
45 32
45 41
45 46
47 1
47 2
47 12
47 13
47 19
47 22
47 25
47 32
47 42
48 1
48 3
48 4
48 12
48 13
48 18
48 19
48 22
48 25
48 37
48 39
48 41
48 44
48 46
48 49
1 2
1 4
1 5
1 32
1 39
1 46
2 3
2 4
2 12
2 13
2 18
2 22
2 32
2 39
2 42
2 46
2 49
4 3
4 12
4 19
4 22
4 32
4 37
4 41
4 42
5 18
5 19
5 22
5 25
5 32
5 34
5 37
5 38
5 42
5 44
5 46
32 3
32 13
32 25
32 49
39 3
39 12
39 13
39 18
39 19
39 25
39 37
39 38
39 41
39 49
46 12
46 13
46 34
46 37
46 38
46 41
46 44
3 18
3 25
3 41
3 42
3 49
12 13
12 25
12 34
12 38
13 19
13 22
13 25
13 38
13 41
13 44
18 25
18 34
18 37
18 49
22 25
22 34
22 37
22 49
42 19
42 34
42 37
42 38
42 41
42 44
42 49
49 19
49 25
49 34
49 37
49 38
49 41
25 19
25 38
41 19
19 34
19 37
19 38
37 34
37 44