0 2 3 4 6 8 10 11 13 17 21 22 23 24 25 26 34 35 37 38 39 40 42 43 45 46 1 12 15 19 20 27 28 29 30 31 32 36 48 7 9 16 33 41 44 18 47 5 14
0 2
0 3
0 4
0 6
0 8
0 10
0 11
0 13
0 17
0 21
0 22
0 23
0 24
0 25
0 26
0 34
0 35
0 37
0 38
0 39
0 40
0 42
0 43
0 45
0 46
2 1
2 6
2 7
2 8
2 9
2 10
2 13
2 15
2 16
2 19
2 21
2 26
2 27
2 30
2 31
2 33
2 34
2 35
2 36
2 37
2 38
2 39
2 41
2 43
2 44
2 46
3 1
3 4
3 12
3 15
3 16
3 17
3 18
3 20
3 25
3 27
3 29
3 31
3 32
3 33
3 35
3 36
3 37
3 38
3 40
3 44
3 47
3 48
4 1
4 5
4 7
4 8
4 9
4 10
4 13
4 14
4 15
4 16
4 19
4 20
4 24
4 25
4 27
4 30
4 31
4 35
4 37
4 42
4 43
4 46
4 47
4 48
6 13
6 17
6 18
6 21
6 23
6 24
6 26
6 28
6 30
6 33
6 34
6 35
6 38
6 40
6 41
6 42
6 43
6 44
6 45
6 47
6 48
8 1
8 10
8 11
8 14
8 15
8 18
8 21
8 23
8 24
8 25
8 27
8 28
8 29
8 34
8 35
8 38
8 45
8 46
10 1
10 7
10 9
10 11
10 12
10 13
10 14
10 15
10 18
10 20
10 25
10 27
10 29
10 33
10 36
10 38
10 39
10 41
10 42
10 46
11 1
11 5
11 13
11 14
11 16
11 17
11 18
11 19
11 23
11 24
11 26
11 27
11 28
11 30
11 31
11 36
11 38
11 39
11 41
11 42
11 43
11 45
11 47
11 48
13 1
13 5
13 7
13 14
13 16
13 19
13 22
13 23
13 25
13 26
13 27
13 28
13 30
13 31
13 37
13 38
13 39
13 40
13 42
13 45
13 48
17 5
17 12
17 15
17 16
17 19
17 23
17 27
17 28
17 29
17 32
17 38
17 42
17 43
17 44
17 47
21 1
21 5
21 7
21 15
21 18
21 19
21 20
21 22
21 23
21 24
21 26
21 28
21 29
21 30
21 31
21 35
21 38
21 39
21 40
21 44
21 46
22 7
22 9
22 15
22 18
22 19
22 20
22 24
22 26
22 27
22 36
22 37
22 41
22 42
22 43
22 44
22 45
22 47
22 48
23 1
23 9
23 14
23 15
23 16
23 18
23 20
23 24
23 26
23 27
23 29
23 32
23 42
23 43
23 44
23 45
23 46
23 47
23 48
24 1
24 5
24 7
24 12
24 18
24 19
24 20
24 27
24 29
24 33
24 36
24 37
24 38
24 39
24 40
24 41
24 45
24 47
24 48
25 5
25 7
25 9
25 14
25 26
25 27
25 28
25 29
25 30
25 31
25 32
25 37
25 38
25 42
25 45
25 47
25 48
26 1
26 5
26 7
26 12
26 15
26 18
26 19
26 20
26 27
26 31
26 33
26 34
26 35
26 36
26 38
26 39
26 40
26 44
26 45
26 46
26 48
34 7
34 9
34 12
34 18
34 19
34 29
34 37
34 41
34 44
34 45
34 46
34 47
35 1
35 14
35 15
35 20
35 29
35 30
35 31
35 32
35 38
35 39
35 42
35 44
35 45
35 48
37 1
37 9
37 16
37 20
37 27
37 30
37 33
37 36
37 39
37 42
37 43
37 46
37 48
38 9
38 12
38 14
38 16
38 18
38 19
38 20
38 27
38 28
38 29
38 31
38 32
38 36
38 43
38 44
38 46
38 47
38 48
39 1
39 5
39 9
39 15
39 27
39 28
39 29
39 30
39 31
39 33
39 36
39 44
40 5
40 7
40 9
40 12
40 14
40 18
40 19
40 20
40 28
40 29
40 33
40 36
40 41
40 42
40 44
40 47
42 5
42 9
42 12
42 14
42 16
42 27
42 28
42 30
42 36
42 41
42 43
42 45
42 48
43 5
43 7
43 12
43 15
43 19
43 28
43 30
43 31
43 41
43 44
45 7
45 9
45 14
45 15
45 20
45 27
45 31
45 41
46 1
46 5
46 7
46 12
46 16
46 20
46 30
46 31
46 32
46 36
46 41
46 48
1 12
1 15
1 19
1 20
1 27
1 28
1 29
1 30
1 31
1 32
1 36
1 48
12 5
12 7
12 9
12 16
12 18
12 20
12 31
12 32
12 41
12 44
12 47
12 48
15 5
15 9
15 16
15 18
15 27
15 29
15 32
15 36
15 47
15 48
19 5
19 9
19 14
19 16
19 18
19 27
19 31
19 33
19 36
19 41
19 47
19 48
20 5
20 9
20 16
20 18
20 28
20 30
20 32
20 33
20 44
20 47
27 7
27 9
27 14
27 16
27 18
27 29
27 30
27 31
27 33
27 36
27 44
27 48
28 5
28 7
28 18
28 30
28 31
28 32
28 44
28 47
29 5
29 7
29 16
29 18
29 30
29 31
29 33
29 44
29 47
29 48
30 7
30 16
30 18
30 31
30 32
30 33
30 36
30 47
31 7
31 9
31 14
31 41
31 47
32 5
32 7
32 16
32 44
36 5
36 7
36 9
36 16
36 18
36 41
48 9
48 16
48 18
48 44
7 14
7 16
7 33
7 44
9 18
9 47
16 14
16 41
16 44
16 47
33 5
33 41
33 44
41 18
41 44
41 47
44 5
18 14
47 5
5 14