0 4 14 15 28 31 32 33 46 47 1 6 30 2 19 34 48 3 10 20 25 17 21 37 5 44 9 22 38 39 7 18 40 8 12 43 26 29 11 41 49 23 24 35 13 16 42 27 36 45
0 4
0 14
0 15
0 28
0 31
0 32
0 33
0 46
0 47
4 17
4 21
4 32
4 37
14 16
14 30
15 16
15 19
15 25
15 34
15 35
15 38
28 11
28 31
28 38
28 40
28 46
31 7
31 16
31 36
31 47
31 49
32 20
32 27
32 40
33 1
33 9
33 34
46 8
46 10
46 23
46 27
46 39
47 10
47 21
47 39
1 6
1 30
6 2
6 9
6 20
6 22
6 25
6 30
6 38
6 39
6 48
30 10
30 11
30 24
30 27
30 44
2 19
2 34
2 48
19 10
19 18
19 23
19 24
19 26
34 8
34 9
34 39
48 8
48 11
48 20
3 10
3 20
3 25
10 5
10 7
10 12
10 18
10 20
10 26
10 29
20 12
20 41
25 38
17 22
17 27
17 42
21 49
37 8
37 26
37 36
37 45
5 44
44 8
44 12
44 22
44 24
44 26
44 36
44 39
9 12
9 43
22 23
22 41
38 26
38 42
39 26
39 45
7 18
7 40
18 8
18 11
18 12
18 29
18 42
40 26
40 41
12 23
12 24
12 35
43 24
43 29
26 13
29 27
11 41
11 49
41 13
41 23
41 45
49 24
23 42
24 16
35 27
35 45
13 16
16 42
27 36