0 2 6 13 5 22 17 38 47 48 20 33 7 12 15 23 30 44 45 10 18 40 1 24 28 9 8 14 21 16 11 32 29 3 26 19 43 25 49 34 36 31 4 41 35 39 46 42 27 37
0 2
0 6
0 13
0 5
0 22
0 17
0 38
0 47
0 48
0 20
0 33
0 7
0 12
0 15
0 23
0 30
0 44
0 45
0 10
0 18
0 40
2 19
2 14
2 24
2 38
2 7
2 43
2 15
2 8
2 25
2 9
2 23
2 49
2 34
2 6
2 13
2 36
6 1
6 3
6 4
6 5
6 32
6 27
6 7
6 36
6 39
6 18
6 11
6 19
6 46
6 28
6 20
6 38
6 41
6 29
6 33
6 26
6 44
6 49
6 42
6 23
6 15
13 9
13 31
13 16
13 27
13 18
13 39
13 23
13 40
13 19
13 41
13 38
13 42
13 25
13 17
13 35
13 32
13 24
13 36
5 3
5 9
5 20
5 41
5 43
5 22
5 7
5 47
5 25
5 49
5 48
5 12
5 24
5 38
22 7
22 8
22 9
22 12
22 17
22 20
22 41
22 48
22 23
22 44
22 29
22 27
22 47
22 45
22 30
22 34
22 28
22 46
22 42
22 26
22 36
22 40
22 49
17 3
17 16
17 19
17 31
17 47
17 40
17 44
17 34
17 20
17 43
17 29
17 46
17 28
38 1
38 10
38 12
38 18
38 19
38 21
38 24
38 32
38 33
38 37
38 41
38 39
38 43
47 3
47 7
47 8
47 10
47 11
47 15
47 16
47 21
47 24
47 26
47 29
47 30
47 32
47 37
47 40
47 41
47 45
47 48
48 1
48 3
48 7
48 8
48 10
48 16
48 19
48 20
48 21
48 23
48 24
48 25
48 31
48 35
48 37
48 39
48 42
48 44
48 46
20 1
20 3
20 7
20 10
20 12
20 14
20 16
20 19
20 23
20 32
20 27
20 37
20 33
20 49
20 24
20 28
20 21
20 42
33 1
33 3
33 4
33 7
33 9
33 15
33 18
33 21
33 29
33 42
33 46
33 41
33 37
33 39
7 1
7 31
7 44
7 34
7 39
7 18
7 24
7 49
7 37
7 19
7 43
7 41
7 15
7 40
7 16
7 10
12 1
12 8
12 37
12 15
12 46
12 30
12 21
12 42
12 40
12 41
12 32
12 31
12 26
12 24
12 18
12 43
15 1
15 3
15 4
15 8
15 9
15 30
15 34
15 39
15 36
15 16
15 49
15 21
15 23
15 31
15 29
15 32
15 40
15 27
23 1
23 4
23 9
23 10
23 11
23 14
23 18
23 44
23 31
23 27
23 41
23 28
23 32
23 40
23 30
23 29
23 45
30 1
30 10
30 11
30 14
30 26
30 27
30 28
30 29
30 36
30 39
30 35
30 40
30 32
30 43
44 1
44 10
44 11
44 18
44 19
44 25
44 26
44 27
44 28
44 29
44 32
44 35
44 37
44 40
44 41
45 1
45 4
45 11
45 14
45 24
45 29
45 31
45 32
45 35
45 36
45 37
45 39
45 40
45 41
10 1
10 9
10 29
10 42
10 19
10 46
10 26
10 27
10 37
10 18
10 28
10 34
10 11
10 49
10 41
10 39
10 16
18 3
18 4
18 8
18 11
18 26
18 39
18 27
18 32
18 31
40 4
40 9
40 11
40 14
40 19
40 25
40 34
40 35
40 36
40 46
1 24
1 28
1 9
1 8
1 14
1 21
1 16
1 11
1 32
1 29
1 3
1 26
24 11
24 14
24 19
24 21
24 25
24 34
24 37
24 39
24 49
24 36
28 4
28 8
28 14
28 26
28 29
28 31
28 43
28 36
9 4
9 16
9 27
9 43
9 35
9 42
9 14
9 25
9 34
9 32
9 46
8 27
8 36
8 35
8 26
8 41
8 34
8 21
8 31
14 27
14 35
14 41
14 29
14 36
14 34
14 43
14 39
14 26
14 46
21 11
21 49
21 36
21 35
21 31
21 42
16 3
16 4
16 11
16 26
16 36
16 35
16 43
16 25
16 49
16 37
11 3
11 32
11 34
11 46
11 35
11 27
11 37
11 43
11 49
11 26
32 19
32 27
32 34
32 42
32 41
32 43
29 27
29 41
29 31
29 34
3 43
3 31
3 36
3 4
3 41
3 35
3 39
3 19
26 25
26 35
26 42
26 37
26 49
19 4
19 35
19 43
19 31
19 36
43 27
43 37
43 42
43 46
25 46
25 34
25 27
25 42
25 35
49 4
49 31
49 37
49 39
34 46
36 4
36 42
31 37
31 42
4 46
4 42
4 27
4 41
4 37
41 27
41 35
35 42
39 27
39 37
39 42