0 1 8 10 30 41 47 18 23 34 45 2 13 19 22 27 29 3 12 14 25 4 26 5 6 11 20 21 49 7 15 42 9 35 36 31 33 17 16 37 32 43 38 40 48 24 44 28 39 46
0 1
0 8
0 10
0 30
0 41
0 47
1 8
1 18
1 23
1 34
1 45
8 5
8 15
8 42
8 47
10 11
10 35
10 45
30 3
30 4
30 19
30 27
30 39
41 5
41 28
41 36
47 2
47 29
47 40
47 46
18 5
18 15
18 35
18 36
23 21
23 35
23 40
23 48
34 4
34 29
45 3
45 4
45 17
45 39
2 13
2 19
2 22
2 27
2 29
13 19
13 31
13 33
19 22
19 33
22 11
22 14
22 27
22 38
27 5
27 25
27 28
29 9
29 25
29 39
3 12
3 14
3 25
12 35
14 7
14 17
14 35
25 37
4 26
26 15
26 31
26 44
6 11
6 20
6 21
6 49
11 36
21 32
42 39
35 36
31 24
31 40
17 32
17 43
16 37
37 40
32 38
32 48
43 38
43 46
38 40
40 44
24 44
44 28