0 12 39 49 1 6 10 17 18 28 36 40 41 2 11 15 22 27 42 3 4 16 20 47 5 21 7 8 23 44 9 46 32 34 35 13 14 19 25 38 45 48 31 43 26 24 29 30 33 37
0 12
0 39
0 49
12 11
39 5
39 22
39 33
39 34
39 49
49 3
49 11
49 35
1 6
1 10
1 17
1 18
1 28
1 36
1 40
1 41
6 10
6 16
6 18
6 21
6 28
6 41
10 15
17 8
17 45
18 3
18 7
18 41
28 3
28 4
36 13
36 14
36 21
36 38
40 13
40 14
40 16
40 31
41 13
2 11
2 15
2 22
2 27
2 42
11 32
11 34
11 35
15 5
15 23
22 42
27 5
27 8
3 4
3 16
3 20
3 47
4 16
16 21
16 25
16 31
16 43
20 13
20 26
21 31
7 8
7 23
7 44
8 23
23 19
44 45
9 46
46 45
34 35
13 14
13 19
13 25
14 25
14 38
14 45
14 48
38 45
48 29
31 43
43 26
26 24
30 33
30 37