0 30 13 6 29 12 1 5 19 9 8 2 23 7 3 17 16 25 10 35 4 32 31 34 14 11 18 20 15 24 22 26 21 28 27 36 38 33 40 37 39 41 44 42 43
0 30
0 13
0 6
0 29
0 12
30 4
30 23
30 29
30 31
30 37
13 6
13 20
6 4
29 22
29 28
29 36
12 1
12 2
12 5
12 19
1 5
1 19
1 9
1 8
5 2
19 2
19 18
19 20
19 26
9 16
8 15
2 23
2 7
23 22
23 24
23 16
7 14
3 17
3 16
3 25
3 10
3 35
17 16
17 18
17 24
17 10
16 15
25 18
25 26
25 34
25 32
35 28
35 36
35 44
4 32
4 31
4 34
32 31
32 33
32 39
31 24
31 38
34 27
34 33
34 41
14 21
11 18
20 21
20 27
15 24
15 22
22 21
26 27
26 33
21 28
28 27
36 37
38 37
38 39
33 40
40 39
40 41
41 42
44 43
42 43