0 1 2 3 4 5 6 7 8 9 10 11 12 13 14 15 16 17 18 19 20 21 22 23 24 25 26 27 28 29 30 31 32 33 34 35 36 37 38 39 40 41 42 43 44 45 46 47 48 49
0 1
0 3
0 16
0 6
1 2
1 22
1 39
1 26
1 11
2 3
2 35
3 4
3 40
4 5
4 44
4 38
4 29
4 36
4 24
5 6
5 18
5 44
5 35
5 22
6 7
6 34
6 30
6 16
6 13
7 8
7 29
7 12
7 45
8 9
8 39
8 14
9 10
9 35
9 26
10 11
10 25
10 28
10 13
11 12
11 15
12 13
12 37
13 14
13 40
13 17
13 41
14 15
14 24
14 45
15 16
15 29
15 49
15 25
16 17
16 46
16 41
16 48
16 27
17 18
17 22
17 19
17 21
18 19
18 47
18 40
19 20
19 27
19 36
20 21
21 22
21 35
21 32
22 23
22 29
22 36
23 24
23 40
23 25
24 25
24 43
25 26
25 30
25 27
25 40
26 27
26 38
27 28
28 29
28 48
29 30
30 31
30 46
30 34
31 32
31 36
31 41
32 33
32 46
33 34
34 35
35 36
36 37
37 38
38 39
38 49
39 40
40 41
41 42
42 43
43 44
44 45
44 47
45 46
46 47
47 48
48 49