0 1 2 3 4 5 6 7 8 9 10 11 12 13 14 15 16 17 18 19 20 21 22 23 24 25 26 27 28 29 30 31 32 33 34 35 36 37 38 39 40 41 42 43 44 45 46 47 48 49
0 1
0 34
0 41
0 16
0 4
0 10
0 8
0 46
0 36
0 22
0 49
0 42
0 38
0 9
0 13
0 5
0 27
0 21
0 24
0 43
0 48
0 47
0 3
0 32
0 28
0 18
0 40
0 39
0 31
0 35
1 2
1 45
1 47
1 8
1 49
1 39
1 12
1 15
1 13
1 25
1 44
1 43
1 23
1 26
1 38
1 20
1 46
1 21
1 17
1 40
1 31
1 41
1 22
1 34
1 5
1 16
1 14
1 7
1 33
1 42
2 3
2 24
2 7
2 34
2 49
2 33
2 25
2 18
2 28
2 45
2 13
2 21
2 44
2 4
2 12
2 16
2 14
2 32
2 5
2 43
2 26
2 23
2 40
2 17
2 37
2 35
2 41
2 19
2 42
2 9
2 39
2 8
2 46
2 20
2 31
2 36
3 4
3 31
3 26
3 17
3 49
3 20
3 15
3 32
3 6
3 16
3 10
3 33
3 9
3 43
3 38
3 11
3 12
3 35
3 23
3 37
3 13
3 30
3 34
3 41
3 42
3 5
3 44
3 7
4 5
4 41
4 49
4 15
4 44
4 30
4 23
4 9
4 13
4 42
4 29
4 10
4 37
4 36
4 33
4 7
4 35
4 45
4 20
4 27
4 40
4 47
4 28
4 6
4 14
4 18
4 17
4 31
4 34
4 46
5 6
5 7
5 23
5 33
5 42
5 16
5 25
5 27
5 22
5 45
5 48
5 35
5 49
5 44
5 31
5 20
5 11
5 47
5 41
5 37
5 26
5 15
5 13
5 32
5 38
5 8
6 7
6 13
6 22
6 19
6 11
6 35
6 30
6 32
6 26
6 41
6 17
6 46
6 31
6 23
6 33
6 36
6 28
6 9
6 25
6 44
6 12
6 29
6 10
6 48
7 8
7 13
7 14
7 29
7 12
7 45
7 39
7 27
7 18
7 37
7 33
7 47
7 21
7 24
7 44
7 15
7 22
7 32
7 46
7 25
7 17
7 20
7 19
7 28
7 9
7 30
7 26
8 9
8 21
8 37
8 36
8 11
8 44
8 35
8 29
8 43
8 47
8 26
8 13
8 45
8 19
8 39
8 25
8 41
8 49
8 27
8 15
8 14
8 12
8 16
9 10
9 16
9 30
9 18
9 43
9 27
9 25
9 33
9 22
9 36
9 13
9 42
9 24
9 44
9 40
9 21
9 15
9 37
9 41
9 35
9 23
9 19
9 14
10 11
10 31
10 48
10 24
10 22
10 15
10 23
10 41
10 20
10 47
10 29
10 30
10 32
10 35
10 26
10 16
10 12
10 37
10 49
10 13
10 27
10 34
10 33
10 38
10 45
10 36
10 25
10 17
11 12
11 25
11 18
11 34
11 49
11 22
11 37
11 13
11 27
11 15
11 38
11 29
11 14
11 17
11 16
11 47
11 45
11 20
11 46
11 36
11 32
11 21
11 19
11 42
11 41
11 31
11 44
12 13
12 30
12 27
12 35
12 49
12 38
12 32
12 25
12 17
12 34
12 48
12 33
12 15
12 16
12 39
12 43
12 19
12 45
12 42
12 18
12 31
12 24
12 29
12 22
12 14
13 14
13 28
13 49
13 17
13 45
13 47
13 24
13 20
13 35
13 26
13 36
13 15
13 29
13 44
13 19
13 30
13 41
13 43
13 39
13 21
13 18
13 32
14 15
14 49
14 25
14 44
14 17
14 31
14 27
14 37
14 22
14 40
14 41
14 23
14 33
14 47
14 48
14 28
14 36
14 39
14 32
14 20
14 42
14 43
14 18
14 16
14 38
14 19
15 16
15 20
15 31
15 44
15 33
15 48
15 21
15 47
15 49
15 43
15 36
15 26
15 46
15 22
15 32
15 39
15 40
15 30
15 27
15 29
15 35
15 41
16 17
16 45
16 26
16 37
16 41
16 25
16 19
16 22
16 18
16 47
16 48
16 36
16 40
16 39
16 27
16 33
16 24
16 49
16 29
17 18
17 25
17 32
17 43
17 28
17 22
17 21
17 24
17 27
17 30
17 39
17 46
17 49
17 23
17 20
17 48
17 47
17 41
17 45
17 35
17 26
17 42
18 19
18 30
18 37
18 40
18 24
18 39
18 36
18 44
18 27
18 28
18 26
18 42
19 20
19 25
19 32
19 23
19 37
19 49
19 40
19 38
19 22
19 26
19 44
19 29
19 35
19 45
19 36
19 24
19 34
19 43
19 28
19 39
20 21
20 45
20 44
20 39
20 34
20 42
20 32
20 38
20 36
20 29
20 37
20 31
20 27
20 48
20 49
20 41
20 43
21 22
21 36
21 24
21 47
21 48
21 27
21 37
21 35
21 34
21 40
21 33
21 23
21 39
21 25
21 32
21 44
21 28
21 49
21 26
21 38
22 23
22 29
22 48
22 41
22 24
22 34
22 25
22 44
22 47
22 43
22 26
22 27
22 45
22 49
22 30
22 35
22 31
23 24
23 42
23 30
23 38
23 36
23 32
23 33
23 43
23 45
23 29
23 26
23 47
23 46
23 44
23 37
23 41
23 49
23 40
24 25
24 38
24 44
24 40
24 45
24 34
24 29
24 46
24 28
24 39
24 32
24 31
24 43
24 47
24 48
24 35
24 36
24 33
24 37
25 26
25 36
25 45
25 32
25 29
25 46
25 42
25 44
25 30
25 31
25 39
25 38
25 34
25 33
25 40
26 27
26 45
26 36
26 47
26 30
26 32
26 38
26 35
26 34
26 37
26 49
26 44
26 42
26 28
26 40
26 29
27 28
27 41
27 34
27 36
27 31
27 49
27 32
27 37
27 30
27 47
27 48
28 29
28 34
28 31
28 43
28 37
28 46
28 35
28 48
28 39
28 32
28 42
28 41
28 45
28 47
29 30
29 39
29 34
29 31
29 40
29 37
29 45
29 41
29 36
29 47
29 38
29 44
29 46
29 49
29 48
30 31
30 44
30 35
30 37
30 48
30 39
30 47
30 36
30 43
30 38
30 45
30 46
31 32
31 45
31 34
31 49
31 44
31 42
31 38
31 33
31 37
31 41
31 36
31 48
32 33
32 39
32 44
32 40
32 47
32 34
32 37
32 48
32 41
32 35
32 38
33 34
33 44
33 42
33 48
33 49
33 38
33 45
33 46
33 36
33 41
33 43
34 35
34 47
34 49
34 43
34 36
34 41
34 45
34 40
34 38
35 36
35 49
35 47
35 37
35 41
35 48
35 45
35 40
36 37
36 38
36 39
36 44
36 40
36 48
36 43
36 41
36 45
36 42
37 38
37 41
37 49
37 45
37 40
37 47
37 42
37 46
38 39
38 44
38 46
38 42
38 47
38 49
38 48
38 41
39 40
39 49
39 48
39 47
39 46
40 41
40 44
40 45
40 42
40 47
40 48
40 49
41 42
41 48
41 44
42 43
42 47
42 45
43 44
43 49
43 46
43 48
44 45
44 47
44 46
45 46
45 48
45 47
45 49
46 47
46 48
47 48
47 49
48 49