11 20 15 47 41 42 18 27 10 30 44 48 4 32 45 28 9 49 8 46 26 23 1 19 6 12 7 14 37 21 43 13 0 17 3 5 25 39 31 36 24 35 33 16 29 22 40 38 2 34
11 20
11 39
11 1
11 26
11 33
11 47
11 13
11 8
11 37
11 16
11 44
11 17
11 7
11 30
11 38
11 4
11 22
11 3
11 5
11 2
11 9
20 13
20 3
20 1
20 2
20 31
20 17
20 49
20 45
20 32
20 6
20 0
20 47
20 48
20 41
20 10
20 26
20 37
15 47
15 32
15 29
15 30
15 31
15 22
15 6
15 8
15 33
15 49
15 2
15 17
15 18
15 25
15 34
15 4
15 35
47 26
47 42
47 46
47 44
47 37
47 24
47 5
47 23
47 30
47 6
47 18
47 21
47 43
47 27
47 29
47 22
47 35
41 42
41 24
41 35
41 33
41 4
41 7
41 31
41 17
41 0
41 43
41 10
41 23
41 29
41 36
41 32
42 26
42 35
42 33
42 28
42 34
42 1
42 46
42 43
42 31
42 48
18 27
18 4
18 13
18 23
18 45
18 35
18 19
18 36
18 8
18 28
18 10
27 7
27 25
27 21
27 1
27 45
27 40
27 37
27 3
27 6
27 5
10 30
10 45
10 39
10 5
10 0
10 3
10 21
10 17
10 34
10 43
10 14
10 8
10 2
10 28
30 36
30 19
30 26
30 8
30 2
30 43
30 25
30 48
30 49
30 39
44 48
44 9
44 19
44 45
44 6
44 26
44 36
44 2
44 21
44 25
44 22
44 37
44 24
44 35
44 43
48 49
48 34
48 33
48 28
48 37
48 38
48 13
48 12
48 2
48 1
48 8
48 5
4 28
4 12
4 22
4 21
4 17
4 32
4 31
4 33
4 43
4 7
4 49
32 25
32 2
32 35
32 34
32 33
32 31
32 39
32 26
32 0
32 22
45 33
45 7
45 40
45 1
45 39
45 36
45 8
45 12
45 26
45 28
45 49
28 17
28 31
28 37
28 46
28 38
28 33
28 3
28 49
28 40
28 35
28 12
28 36
28 13
9 49
9 37
9 19
9 24
9 23
9 22
9 46
9 6
9 26
9 35
9 36
49 23
49 29
49 5
49 3
49 43
49 34
49 12
49 25
49 8
49 2
49 33
49 38
8 46
8 1
8 26
8 22
8 33
8 12
8 29
8 21
8 38
46 29
46 1
46 39
46 12
46 2
46 35
46 34
46 31
46 19
46 23
26 7
26 14
26 33
26 12
26 23
26 36
26 3
26 19
26 6
23 14
23 21
23 6
23 19
23 16
23 3
23 38
23 31
23 24
23 25
23 29
1 19
1 40
1 37
1 7
1 35
1 39
1 24
1 17
1 3
1 31
19 37
19 5
19 25
19 16
19 39
19 12
19 31
19 7
19 22
19 36
6 12
6 24
6 38
6 35
6 22
6 37
6 14
12 35
12 21
12 34
12 40
12 39
12 16
12 31
12 0
7 16
7 22
7 25
7 39
7 35
7 13
7 21
7 3
14 21
14 3
14 16
14 0
14 33
14 22
14 43
37 24
37 43
37 34
37 35
21 43
21 24
21 40
21 33
21 39
43 2
43 38
43 17
13 5
13 3
13 22
13 31
13 24
0 17
0 39
17 35
17 38
17 22
17 3
17 39
17 40
17 33
3 5
3 2
3 16
3 35
3 34
3 38
5 40
5 22
5 36
25 39
25 34
25 40
25 38
25 22
25 24
39 36
39 24
39 34
39 35
31 36
36 38
36 40
36 2
36 35
24 16
35 16
35 33
33 29
33 38
33 40
16 38
16 2
22 40
2 34