0 2 22 26 9 23 1 4 28 39 42 6 18 11 19 31 3 21 27 17 41 45 48 5 35 16 40 7 25 29 32 8 36 46 14 10 33 47 13 20 24 12 43 49 15 44 38 34 37 30
0 2
0 22
0 26
0 9
0 23
2 11
2 19
2 31
22 16
22 20
22 38
22 41
26 17
26 35
26 37
26 41
26 32
9 4
9 9
9 14
9 21
9 31
23 3
23 5
23 10
23 13
23 42
1 4
1 28
1 39
1 42
1 6
1 18
4 17
4 41
4 45
4 48
28 10
28 11
28 24
28 28
28 43
39 20
39 25
39 44
42 32
42 36
42 42
42 46
6 16
6 17
6 48
6 40
6 45
18 12
18 31
18 38
18 44
18 24
11 5
11 20
11 24
11 29
19 3
19 31
19 34
31 10
31 25
3 21
3 27
21 5
21 7
21 15
21 16
27 8
27 41
27 37
17 5
17 8
17 15
41 8
41 15
45 7
45 12
45 34
45 38
48 13
48 20
48 36
48 44
5 35
5 16
35 15
35 29
35 33
35 34
16 13
16 14
40 14
40 43
40 47
7 7
7 25
7 29
7 32
25 13
25 14
25 37
29 36
8 36
8 46
36 33
36 47
46 34
14 14
14 49
10 33
10 47
10 13
33 15
33 33
33 37
47 49
13 43
20 43
20 44
24 24
24 43
24 37
43 30
49 30
15 44
44 38
34 37