0 1 49 2 48 26 3 4 5 6 7 8 9 10 11 37 12 13 45 14 15 16 17 18 19 20 21 22 23 44 24 25 27 29 28 30 31 47 32 33 41 34 35 36 38 39 40 42 43 46
0 1
0 49
0 2
0 48
0 26
1 2
1 3
1 49
49 48
2 3
2 4
48 46
48 47
26 24
26 25
26 27
3 4
3 5
4 5
4 6
5 6
5 7
6 7
6 8
7 8
7 9
8 9
8 10
9 10
9 11
9 37
10 11
10 12
11 12
11 13
37 27
37 35
37 36
37 38
12 13
12 45
13 14
13 15
45 43
45 46
45 47
14 15
14 16
15 16
15 17
16 17
16 18
17 18
17 19
18 19
18 20
19 20
19 21
20 21
20 22
21 22
21 23
21 44
22 23
22 24
23 24
23 25
44 42
44 43
44 46
24 25
25 27
27 29
29 28
29 30
29 31
29 47
28 30
30 31
30 32
31 33
31 41
47 46
32 33
32 34
33 34
33 35
41 39
41 40
41 42
41 43
34 35
34 36
35 36
36 38
38 39
38 40
39 40
40 42
42 43