0 16 20 33 38 43 46 1 19 2 21 37 3 4 17 42 5 25 30 44 45 6 39 48 7 11 15 22 8 40 9 10 31 13 32 12 36 18 14 24 23 35 27 34 47 49 29 41 26 28
0 16
0 20
0 33
0 38
0 43
0 46
16 7
16 14
16 23
16 35
20 2
20 4
20 32
20 44
33 17
38 11
38 48
43 22
46 3
1 19
19 9
19 34
19 37
19 49
2 21
2 37
21 6
21 9
21 10
21 29
21 40
21 41
21 49
37 6
37 44
4 17
4 42
17 23
17 42
42 5
42 6
42 29
5 25
5 30
5 44
5 45
25 11
25 39
25 49
30 8
44 31
45 8
45 41
6 39
6 48
48 18
48 27
48 29
7 11
7 15
7 22
11 13
11 32
15 18
15 24
22 9
22 12
22 23
22 26
22 29
8 40
40 32
10 31
13 18
32 14
32 29
12 36
18 23
18 27
18 34
18 47
24 23
24 41
49 28