0 2 4 8 9 12 13 17 18 19 20 21 24 25 26 28 29 33 36 37 38 39 44 48 1 5 30 31 32 34 35 42 45 49 3 7 23 27 43 46 47 10 11 16 14 22 41 15 6 40
0 2
0 4
0 8
0 9
0 12
0 13
0 17
0 18
0 19
0 20
0 21
0 24
0 25
0 26
0 28
0 29
0 33
0 36
0 37
0 38
0 39
0 44
0 48
2 1
2 3
2 4
2 5
2 7
2 9
2 12
2 13
2 17
2 18
2 20
2 23
2 24
2 25
2 27
2 28
2 29
2 35
2 36
2 37
2 38
2 39
2 43
2 46
2 47
2 48
4 9
4 10
4 11
4 14
4 17
4 20
4 22
4 25
4 26
4 27
4 28
4 31
4 32
4 33
4 39
4 41
4 42
4 45
4 46
4 47
8 1
8 5
8 6
8 10
8 14
8 16
8 22
8 24
8 27
8 28
8 29
8 30
8 33
8 35
8 36
8 37
8 38
8 39
8 41
8 43
8 44
8 45
8 46
8 47
8 49
9 5
9 10
9 11
9 12
9 16
9 17
9 18
9 19
9 20
9 21
9 23
9 24
9 25
9 29
9 30
9 31
9 36
9 40
9 42
9 47
12 3
12 5
12 10
12 15
12 17
12 18
12 22
12 23
12 24
12 26
12 29
12 30
12 31
12 32
12 33
12 35
12 40
12 41
12 42
12 47
12 49
13 1
13 7
13 15
13 16
13 17
13 18
13 19
13 20
13 22
13 23
13 24
13 25
13 26
13 27
13 28
13 30
13 32
13 36
13 37
13 38
13 39
13 40
13 41
13 42
13 43
13 44
13 47
13 48
17 1
17 7
17 11
17 16
17 18
17 20
17 21
17 26
17 31
17 32
17 33
17 35
17 37
17 39
17 40
17 41
17 44
17 48
17 49
18 3
18 7
18 10
18 11
18 14
18 16
18 19
18 20
18 21
18 22
18 24
18 25
18 29
18 30
18 34
18 35
18 37
18 38
18 39
18 40
18 41
18 46
18 47
18 48
19 3
19 6
19 7
19 16
19 22
19 24
19 27
19 32
19 33
19 34
19 36
19 37
19 38
19 40
19 41
19 42
19 44
19 46
19 47
19 49
20 1
20 5
20 6
20 11
20 15
20 21
20 22
20 23
20 26
20 27
20 30
20 31
20 32
20 35
20 37
20 38
20 39
20 40
20 41
20 42
20 43
20 45
20 48
21 3
21 5
21 6
21 10
21 16
21 24
21 26
21 29
21 30
21 32
21 42
21 43
21 44
21 47
21 49
24 1
24 3
24 5
24 6
24 7
24 11
24 14
24 15
24 22
24 23
24 25
24 26
24 27
24 28
24 30
24 31
24 32
24 33
24 34
24 35
24 38
24 39
24 41
24 42
24 43
24 46
24 48
25 1
25 5
25 7
25 11
25 14
25 15
25 27
25 29
25 30
25 31
25 33
25 34
25 35
25 41
25 43
25 44
25 46
25 47
26 3
26 5
26 14
26 15
26 28
26 29
26 30
26 36
26 38
26 39
26 40
26 42
26 46
28 7
28 10
28 11
28 14
28 22
28 29
28 30
28 31
28 35
28 39
28 40
28 41
28 42
28 43
28 45
28 46
28 47
28 48
29 1
29 3
29 5
29 6
29 14
29 15
29 16
29 22
29 23
29 31
29 33
29 34
29 38
29 40
29 41
29 44
29 45
29 47
29 48
33 1
33 3
33 6
33 15
33 27
33 30
33 31
33 32
33 34
33 36
33 39
33 42
33 43
33 44
33 45
33 47
36 1
36 6
36 7
36 10
36 15
36 16
36 23
36 27
36 30
36 31
36 32
36 34
36 38
36 41
36 42
36 44
36 46
36 47
36 49
37 1
37 5
37 6
37 14
37 16
37 22
37 31
37 34
37 39
37 40
37 43
37 44
37 46
37 47
37 48
38 5
38 7
38 14
38 15
38 22
38 27
38 31
38 34
38 41
38 47
38 49
39 6
39 11
39 15
39 22
39 23
39 31
39 35
39 40
39 45
39 47
39 48
39 49
44 5
44 14
44 16
44 22
44 23
44 27
44 31
44 32
44 34
44 40
44 41
44 43
44 45
44 46
48 1
48 3
48 7
48 11
48 14
48 16
48 27
48 34
48 41
48 45
48 46
1 5
1 30
1 31
1 32
1 34
1 35
1 42
1 45
1 49
5 11
5 15
5 16
5 22
5 23
5 27
5 31
5 34
5 41
5 46
5 47
30 3
30 7
30 10
30 15
30 23
30 27
30 34
30 41
30 43
30 46
30 47
31 6
31 7
31 10
31 11
31 14
31 23
31 27
31 32
31 41
31 43
31 46
32 3
32 10
32 16
32 22
32 35
32 41
32 42
32 46
34 7
34 11
34 16
34 23
34 35
34 40
34 41
34 43
34 45
34 47
35 6
35 7
35 10
35 11
35 14
35 15
35 16
35 23
35 42
35 43
35 45
42 3
42 6
42 23
42 40
42 41
42 45
42 47
42 49
45 10
45 11
45 15
45 23
45 41
45 43
45 49
49 6
49 14
49 15
49 22
49 27
49 41
49 43
49 47
3 7
3 10
3 11
3 16
3 23
3 27
3 43
7 10
7 15
7 23
7 27
7 43
7 47
23 6
23 15
23 41
27 6
27 10
27 14
27 22
27 40
27 41
27 43
27 47
43 6
43 10
43 15
43 16
43 22
43 46
43 47
46 6
46 10
46 11
46 16
46 22
46 41
46 47
47 10
47 14
47 16
47 22
47 41
10 6
10 11
10 14
10 40
11 6
11 15
11 41
16 14
16 22
16 40
16 41
14 6
14 15
14 22
22 15
22 40
22 41
41 6
15 6