0 1 30 46 26 49 48 34 2 12 39 23 13 8 41 9 37 44 3 29 45 17 47 4 24 33 5 27 11 6 19 18 43 35 32 36 7 20 31 22 40 42 25 15 16 21 14 28 10 38
0 1
0 30
0 46
0 26
0 49
0 48
0 34
0 8
0 10
0 12
0 17
0 19
0 22
0 25
0 27
0 32
0 33
0 39
0 41
0 42
1 2
1 12
1 46
1 39
1 23
1 13
1 8
1 41
1 9
1 37
1 44
1 5
1 7
1 26
1 27
1 28
1 29
1 32
1 34
1 40
1 42
1 45
1 47
1 48
30 6
30 7
30 9
30 11
30 12
30 13
30 15
30 21
30 22
30 24
30 25
30 27
30 29
30 31
30 47
30 42
30 41
46 2
46 6
46 7
46 8
46 12
46 13
46 15
46 17
46 24
46 25
46 26
46 27
46 31
46 32
46 33
46 39
46 43
46 45
46 47
46 40
46 9
46 10
46 20
46 16
46 41
46 44
46 34
46 11
46 22
46 42
46 23
46 28
46 29
46 49
46 18
46 4
46 48
46 38
46 19
26 2
26 4
26 9
26 12
26 13
26 15
26 17
26 18
26 22
26 25
26 27
26 5
26 28
26 45
26 41
26 14
26 21
26 42
26 39
26 37
26 20
26 10
26 48
26 49
26 47
26 38
26 8
26 34
26 29
26 36
26 31
26 33
26 44
49 6
49 7
49 8
49 9
49 13
49 14
49 18
49 19
49 22
49 24
49 25
49 27
49 28
49 29
49 32
49 36
49 39
49 42
49 44
49 48
48 6
48 7
48 9
48 10
48 12
48 18
48 19
48 21
48 27
48 31
48 34
48 39
48 41
48 42
48 47
48 43
48 2
48 4
48 16
48 33
48 11
48 17
48 8
48 22
48 40
48 14
48 23
48 36
48 28
48 24
48 44
34 7
34 17
34 18
34 19
34 21
34 23
34 24
34 27
34 29
34 31
34 32
34 33
34 35
34 20
34 41
34 13
34 9
34 10
34 2
34 22
34 3
34 36
34 14
34 39
2 3
2 13
2 29
2 45
2 17
2 47
2 4
2 39
2 24
2 33
2 23
2 5
2 27
2 11
2 6
2 19
2 18
2 43
2 35
2 8
2 16
2 21
2 22
2 31
2 32
2 41
2 44
12 5
12 7
12 10
12 11
12 13
12 44
12 18
12 14
12 22
12 6
12 27
12 17
12 8
12 31
12 35
12 41
12 42
12 21
12 45
12 3
12 38
12 20
12 33
12 9
12 23
12 47
12 15
12 25
12 36
12 32
12 28
12 29
12 39
39 5
39 6
39 7
39 9
39 17
39 21
39 25
39 27
39 28
39 29
39 32
39 33
39 38
39 40
39 3
39 35
39 36
39 20
39 18
39 41
39 45
39 43
39 31
39 10
39 44
39 14
39 22
39 8
39 42
23 6
23 7
23 9
23 17
23 19
23 22
23 24
23 43
23 4
23 8
23 41
23 15
23 37
23 35
23 10
23 14
23 16
23 28
23 32
23 38
23 44
23 47
13 3
13 5
13 6
13 7
13 9
13 14
13 15
13 31
13 33
13 28
13 25
13 29
13 17
13 36
13 16
13 18
13 19
13 21
13 24
13 40
13 41
13 42
13 44
8 6
8 7
8 9
8 29
8 16
8 42
8 32
8 45
8 44
8 18
8 15
8 4
8 10
8 17
8 19
8 47
41 3
41 4
41 6
41 7
41 9
41 10
41 18
41 19
41 21
41 22
41 27
41 28
41 29
41 32
41 36
41 40
41 42
41 35
41 47
41 25
41 20
41 11
41 38
41 17
41 44
41 43
9 4
9 6
9 7
9 10
9 25
9 14
9 19
9 5
9 47
9 29
9 35
9 27
9 44
9 24
9 38
9 36
9 22
9 42
9 40
9 15
9 16
9 18
9 21
9 28
9 31
9 32
9 33
9 37
9 43
37 5
37 7
37 15
37 18
37 21
37 25
37 27
37 29
37 31
37 32
37 33
37 35
37 36
37 38
37 11
37 44
37 10
37 4
37 42
37 43
44 6
44 7
44 10
44 19
44 21
44 27
44 42
44 43
44 45
44 28
44 3
44 24
44 29
44 38
44 5
44 20
44 32
44 15
44 11
3 4
3 32
3 36
3 7
3 20
3 43
3 31
3 45
3 22
3 6
3 40
3 42
3 47
3 25
3 15
3 35
3 5
3 24
3 27
3 33
29 6
29 17
29 21
29 24
29 27
29 28
29 19
29 42
29 7
29 31
29 36
29 43
29 4
29 20
29 16
29 11
29 32
45 4
45 6
45 7
45 10
45 21
45 24
45 27
45 31
45 32
45 33
45 43
17 6
17 7
17 16
17 18
17 4
17 14
17 31
17 35
17 21
17 33
17 47
17 36
17 25
17 15
17 32
17 38
17 24
17 19
17 28
17 40
17 42
17 43
47 16
47 18
47 21
47 25
47 27
47 31
47 32
47 33
47 42
47 40
47 11
47 43
47 22
47 7
47 28
47 35
47 24
4 5
4 16
4 35
4 21
4 14
4 7
4 18
4 6
4 31
4 33
4 38
4 42
24 5
24 6
24 7
24 10
24 19
24 21
24 25
24 36
24 42
24 43
24 40
24 22
24 35
24 27
24 14
24 18
24 15
24 28
24 31
24 38
33 6
33 7
33 18
33 19
33 21
33 25
33 27
33 32
33 28
33 15
33 38
33 20
33 22
33 5
33 36
33 42
5 6
5 28
5 22
5 7
5 15
5 18
5 32
5 36
27 7
27 21
27 28
27 18
27 38
27 43
27 15
27 19
27 25
27 36
27 32
27 10
27 42
27 16
27 11
27 14
27 6
11 6
11 7
11 10
11 31
11 21
11 22
11 16
11 43
11 18
11 19
11 32
11 35
11 36
11 38
11 40
11 42
6 7
6 14
6 21
6 31
6 28
6 10
6 19
6 20
6 43
6 42
6 36
6 18
6 15
6 32
6 35
19 18
19 20
19 35
19 28
19 16
19 36
19 21
19 31
19 42
18 7
18 10
18 14
18 15
18 38
18 22
18 42
18 28
18 31
18 32
18 43
43 7
43 25
43 28
43 31
43 35
43 42
43 38
43 10
43 36
43 15
35 21
35 25
35 32
35 36
35 20
35 31
35 38
35 16
35 42
32 10
32 15
32 21
32 25
32 31
32 42
32 38
32 7
36 10
36 15
36 20
36 22
36 21
36 38
36 42
7 10
7 20
7 14
7 21
7 42
7 22
7 28
7 31
20 15
20 21
20 31
20 25
20 28
20 42
31 22
31 42
31 14
31 10
22 21
22 40
22 10
40 21
40 28
40 42
40 15
42 16
42 21
42 25
42 28
42 38
42 15
42 10
25 10
25 15
25 21
25 28
15 10
15 14
15 16
15 21
16 28
21 14
21 28
21 10
21 38
14 10
14 28
28 10
28 38
10 38