2 1 5 0 6 4 7 8 9 10 11 12 13 14 15 16 17 18 19 20 21 22 23 24 25 26 3 27 28 29 30 31 32 33 34 35 36 37 38 39 40 41 42 43 44 45 46 47 48 49
2 1
2 23
2 33
2 48
2 49
1 7
1 14
1 18
1 39
1 47
1 48
1 49
5 0
5 10
5 12
5 24
5 25
5 32
5 39
5 45
5 49
0 10
0 24
0 26
0 46
6 4
6 7
6 8
6 10
6 13
6 14
6 18
6 21
6 24
6 25
6 41
4 21
4 29
4 37
4 39
4 49
7 11
7 21
7 22
7 25
7 26
7 42
7 44
7 48
8 9
8 15
8 19
8 21
8 26
8 38
8 39
9 13
9 15
9 43
10 12
10 13
10 34
10 43
10 46
11 26
11 27
11 35
11 36
11 38
11 42
12 14
12 16
12 17
12 20
12 25
12 41
12 47
13 21
13 33
13 39
13 43
13 48
14 25
14 26
14 28
14 29
14 49
15 23
15 32
15 36
15 44
15 46
16 18
16 19
16 20
16 21
16 30
16 31
16 36
16 39
16 45
16 48
17 21
17 24
17 31
17 37
17 41
17 46
18 23
18 27
18 30
18 36
19 22
19 26
19 30
19 40
19 43
19 45
19 46
19 49
20 23
20 24
20 26
20 29
20 48
20 49
21 22
21 35
21 42
21 44
22 23
22 45
22 47
23 26
23 36
23 37
23 41
24 28
24 29
24 35
24 40
24 45
24 48
26 3
26 27
26 47
3 30
3 41
3 42
28 35
29 32
29 44
29 49
30 38
30 40
30 46
31 39
31 42
32 39
32 48
33 39
34 36
35 37
35 38
35 48
36 38
36 42
36 43
36 44
36 45
37 42
37 45
39 43
40 49
41 44
42 44
43 48
44 49
45 49
47 49
48 49