0 1 5 8 20 28 35 36 38 39 43 2 9 17 21 23 45 10 19 27 30 47 3 11 32 42 4 12 16 24 34 37 46 7 18 44 6 13 41 22 29 31 33 26 48 49 14 40 15 25
0 1
0 5
0 8
0 20
0 28
0 35
0 36
0 38
0 39
0 43
1 2
1 9
1 17
1 20
1 21
1 23
1 45
5 7
5 8
5 9
5 11
5 17
5 18
5 19
5 27
5 30
5 39
5 42
5 44
8 2
8 3
8 10
8 11
8 12
8 18
8 20
8 32
8 33
8 35
8 36
8 41
8 43
8 46
20 7
20 13
20 24
20 27
20 33
20 38
20 44
20 47
28 13
28 22
28 29
28 34
28 36
28 37
28 41
28 49
35 3
35 13
35 32
35 37
35 39
35 40
35 43
35 44
35 47
36 3
36 10
36 21
36 22
36 29
36 34
36 47
38 4
38 10
38 19
38 23
38 33
38 40
38 42
39 9
39 10
39 12
39 13
39 19
39 22
39 29
39 45
43 2
43 4
43 25
43 41
43 47
43 48
2 10
2 19
2 27
2 30
2 47
9 7
9 16
9 24
9 26
9 29
9 45
9 48
17 12
17 22
17 41
17 42
17 47
21 7
21 16
21 18
21 19
21 24
21 25
21 32
21 42
21 47
23 10
23 14
23 30
23 48
45 7
45 19
45 26
45 27
45 30
45 37
45 49
10 7
10 19
10 24
10 27
10 29
10 30
10 33
10 44
10 49
19 6
19 25
19 34
19 37
19 47
27 7
27 11
27 15
27 18
27 30
27 47
27 48
30 7
30 29
30 34
30 40
47 18
47 37
47 42
3 11
3 32
3 42
11 6
11 13
11 14
11 24
11 26
11 48
32 7
32 13
32 34
42 14
42 22
4 12
4 16
4 24
4 34
4 37
4 46
12 24
12 40
16 31
24 22
24 31
24 34
24 37
34 6
34 14
34 25
37 40
37 46
46 13
46 18
46 41
7 22
7 29
7 31
7 41
18 13
18 26
44 15
44 33
6 13
6 41
13 29
13 40
41 29
41 40
41 48
22 48
22 49
29 33
31 40
31 48
33 40
49 15
49 25
40 25