0 5 6 8 9 10 11 13 14 15 16 19 22 24 29 32 37 48 1 20 33 39 2 7 30 36 40 3 17 25 35 38 44 4 45 18 21 23 31 43 46 49 12 26 28 42 27 47 34 41
0 5
0 6
0 8
0 9
0 10
0 11
0 13
0 14
0 15
0 16
0 19
0 22
0 24
0 29
0 32
0 37
0 48
5 1
5 2
5 3
5 4
5 6
5 7
5 8
5 9
5 10
5 11
5 14
5 15
5 18
5 20
5 21
5 23
5 31
5 35
5 36
5 38
5 43
5 46
5 49
6 1
6 2
6 3
6 7
6 8
6 9
6 10
6 12
6 16
6 17
6 19
6 20
6 21
6 23
6 24
6 26
6 28
6 31
6 42
6 44
8 2
8 7
8 12
8 14
8 15
8 18
8 21
8 27
8 29
8 38
8 45
8 46
8 47
9 3
9 7
9 10
9 11
9 12
9 14
9 17
9 18
9 19
9 22
9 23
9 25
9 27
9 28
9 31
9 33
9 43
10 7
10 11
10 12
10 19
10 20
10 21
10 44
11 1
11 13
11 15
11 17
11 26
11 43
11 47
13 2
13 3
13 12
13 20
13 26
13 31
13 49
14 2
14 15
14 16
14 18
14 23
14 27
14 35
14 38
14 40
14 42
15 24
15 27
15 28
15 32
15 46
15 49
16 3
16 12
16 19
16 24
16 28
16 44
16 45
19 23
19 34
19 39
19 43
19 44
19 48
22 7
22 12
22 18
22 47
24 21
24 33
24 34
29 12
29 25
29 26
29 32
29 34
32 12
32 25
32 36
32 46
32 49
37 7
37 12
37 26
37 30
48 18
48 23
48 47
1 20
1 33
1 39
33 18
33 21
33 41
33 45
33 49
39 3
39 17
39 25
2 7
2 30
2 36
2 40
7 3
7 4
7 12
7 25
7 26
7 28
7 30
7 35
7 36
7 38
30 18
30 21
30 23
30 46
36 34
36 40
36 45
40 3
40 34
3 17
3 25
3 35
3 38
3 44
17 12
17 42
17 47
25 21
25 23
25 31
35 34
38 41
4 45
18 12
18 27
18 43
18 47
21 12
23 26
23 41
31 41
12 34
12 42
26 34
42 41
34 41