0 21 47 38 48 44 45 23 25 15 5 36 34 39 41 24 7 18 29 14 1 10 27 40 46 12 32 49 3 43 42 31 35 13 2 19 9 28 30 20 22 33 4 17 26 11 37 16 8 6
0 21
0 38
0 30
0 17
21 47
21 13
21 22
47 38
47 25
47 46
38 48
38 13
38 30
38 11
38 37
38 8
48 44
48 46
48 13
48 30
48 11
48 37
48 8
44 45
44 22
45 23
45 25
45 46
45 3
45 13
45 2
45 11
45 8
23 25
23 39
23 14
23 32
23 2
23 30
23 33
23 8
25 15
25 8
15 5
15 40
15 11
15 37
15 8
5 36
5 22
5 17
5 11
5 37
5 8
36 34
36 46
36 13
36 11
34 39
34 8
39 41
39 30
39 37
39 8
41 24
41 2
41 11
24 7
24 31
24 30
7 18
7 3
7 31
7 30
7 33
7 11
18 29
18 46
18 13
18 2
18 37
29 14
14 1
14 17
1 10
1 46
1 17
1 8
10 27
10 31
10 20
10 8
27 40
27 37
27 8
40 46
40 13
46 12
46 8
12 32
12 3
12 22
32 49
32 30
32 17
32 11
32 8
49 3
49 11
49 8
3 43
3 31
3 26
3 11
3 37
3 8
43 42
43 17
43 8
42 31
42 30
42 26
42 37
31 35
31 13
31 19
31 30
31 17
31 37
31 8
35 13
35 20
35 37
35 8
13 2
13 17
13 26
13 11
2 19
2 17
2 8
19 9
19 37
19 16
9 28
9 37
28 30
28 11
28 8
30 20
30 26
30 16
20 22
20 17
20 8
22 33
22 26
22 37
33 4
33 37
4 17
4 8
17 26
26 11
26 8
11 37
37 16
16 8
8 6