40 46 48 16 20 18 24 7 33 8 0 44 12 4 32 2 37 6 47 27 31 1 25 17 19 36 38 21 22 3 14 43 9 35 41 13 15 45 5 10 34 26 23 30 28 29 42 11 49 39
40 46
40 48
40 2
40 19
40 39
40 38
40 41
40 14
40 33
40 1
40 31
40 20
40 29
40 42
40 32
40 44
40 12
40 17
40 7
40 49
40 3
46 39
46 12
46 48
46 26
46 37
46 19
46 49
46 34
46 20
46 45
46 9
46 42
46 28
46 32
46 18
46 0
46 38
46 15
46 44
48 16
48 21
48 4
48 42
48 13
48 35
48 29
48 36
48 1
48 14
48 45
48 8
48 39
48 20
48 34
48 49
48 43
48 28
48 7
16 20
16 25
16 43
16 19
16 31
16 27
16 4
16 2
16 21
16 10
16 30
16 6
16 14
16 13
16 28
16 36
16 1
16 42
16 49
16 33
16 44
20 18
20 1
20 7
20 4
20 9
20 17
20 23
20 13
20 31
20 24
20 44
20 37
20 19
20 26
20 33
20 22
20 0
20 38
20 30
20 42
18 24
18 42
18 36
18 5
18 17
18 34
18 29
18 30
18 27
18 4
18 13
18 26
18 11
18 12
18 32
18 25
18 47
18 8
24 7
24 41
24 27
24 28
24 22
24 12
24 5
24 47
24 10
24 26
24 1
24 45
24 14
24 44
24 43
24 21
24 8
24 32
24 4
7 33
7 17
7 37
7 30
7 21
7 23
7 12
7 38
7 34
7 36
7 2
7 32
7 10
7 0
7 28
7 19
7 14
7 44
7 25
7 1
33 8
33 49
33 39
33 37
33 0
33 38
33 30
33 42
33 11
33 43
33 31
33 19
33 6
33 13
33 44
33 45
33 27
8 0
8 27
8 42
8 45
8 3
8 43
8 32
8 14
8 31
8 5
8 47
8 12
8 23
8 15
8 35
8 17
8 38
8 22
8 34
8 19
0 44
0 38
0 9
0 13
0 28
0 15
0 4
0 10
0 39
0 17
0 45
0 14
0 26
0 37
0 21
0 6
0 2
0 25
44 12
44 37
44 5
44 23
44 42
44 22
44 28
44 34
44 11
44 49
44 41
44 43
44 36
44 10
44 3
44 14
44 39
12 4
12 31
12 35
12 1
12 25
12 9
12 37
12 29
12 27
12 49
12 26
12 3
12 13
12 5
4 32
4 23
4 3
4 11
4 21
4 22
4 25
4 49
4 37
4 31
4 39
4 34
32 2
32 13
32 47
32 11
32 19
32 29
32 43
32 49
32 3
32 17
32 9
32 5
32 30
32 14
32 6
2 37
2 9
2 29
2 11
2 36
2 3
2 45
2 27
2 1
2 21
2 22
2 17
2 35
2 26
2 5
37 6
37 47
37 39
37 41
37 26
37 14
37 31
37 3
37 25
37 49
37 30
6 47
6 5
6 22
6 15
6 26
6 13
6 43
6 45
6 19
6 38
6 31
6 11
6 41
6 29
6 14
6 21
6 42
6 39
47 27
47 31
47 13
47 29
47 45
47 39
47 35
47 17
47 15
47 22
47 25
47 9
47 49
47 43
47 11
47 10
47 14
27 31
27 9
27 15
27 49
27 1
27 39
27 22
27 30
27 28
27 34
27 11
27 13
27 45
27 41
31 1
31 15
31 3
31 19
31 35
31 42
31 9
31 29
31 21
1 25
1 26
1 14
1 10
1 41
1 17
1 38
1 5
1 22
1 30
1 34
1 23
25 17
25 35
25 43
25 34
25 11
25 22
25 13
25 23
25 21
25 9
25 36
25 45
25 3
17 19
17 35
17 9
17 41
17 42
17 28
17 45
17 39
17 13
17 3
17 38
17 11
19 36
19 13
19 10
19 11
19 21
19 35
19 39
19 3
36 38
36 45
36 22
36 5
36 14
36 26
36 41
36 21
36 49
36 39
36 29
36 28
38 21
38 34
38 28
38 23
38 3
38 15
38 22
38 35
38 49
21 22
21 14
21 3
21 35
21 28
21 42
21 13
21 23
21 11
21 34
22 3
22 28
22 5
22 26
22 9
22 41
22 35
22 43
22 11
22 42
22 10
3 14
3 26
3 28
3 23
3 10
3 43
3 45
3 30
3 49
14 43
14 29
14 23
14 10
14 49
14 34
14 35
43 9
43 15
43 49
43 39
43 45
43 42
43 23
43 10
43 34
43 26
9 35
9 29
9 34
9 45
9 41
9 39
35 41
35 30
35 13
35 10
35 49
35 28
35 34
35 23
35 29
41 13
41 10
41 34
41 49
41 15
41 28
13 15
13 49
13 39
13 34
13 10
13 30
13 45
15 45
15 5
15 29
15 28
15 11
15 39
45 5
45 10
45 34
45 42
45 28
5 10
5 39
5 23
5 11
5 42
5 26
10 34
10 28
10 42
34 26
34 30
26 23
26 42
26 49
26 39
26 28
23 30
23 11
23 29
23 42
30 28
30 39
30 42
30 29
30 49
28 29
28 42
29 42
29 11
42 11
11 49
49 39