23 37 40 5 33 26 44 22 9 7 1 28 8 25 14 48 36 31 46 45 11 0 4 39 16 24 13 43 42 34 47 12 32 41 29 10 20 38 3 21 19 2 30 35 17 15 18 6 27
23 37
23 40
23 33
23 26
23 44
23 36
23 41
23 30
23 48
23 10
23 39
23 31
23 46
23 1
23 4
23 2
23 15
23 24
23 9
23 11
23 20
23 19
23 29
23 43
23 6
23 32
23 38
37 5
37 22
37 8
37 31
37 39
37 42
37 25
37 32
37 30
37 19
37 28
37 13
37 11
37 47
37 17
37 21
37 33
37 10
37 6
37 27
37 44
37 2
37 41
37 0
37 16
37 35
37 20
37 43
37 15
40 10
40 4
40 46
40 33
40 26
40 19
40 18
40 9
40 3
40 31
40 5
40 0
40 16
40 35
40 22
40 20
40 47
40 43
40 27
40 14
5 24
5 44
5 17
5 26
5 35
5 48
5 4
5 39
5 8
5 6
5 30
5 13
5 1
5 41
5 43
5 27
33 9
33 19
33 30
33 45
33 4
33 41
33 7
33 46
33 28
33 31
33 26
33 10
33 24
33 0
33 21
33 6
33 15
26 25
26 39
26 48
26 44
26 32
26 20
26 15
26 46
26 38
26 9
26 43
26 14
26 2
26 8
26 13
26 4
26 21
26 30
26 19
44 48
44 6
44 34
44 18
44 32
44 31
44 20
44 27
44 47
44 7
44 24
44 21
44 11
44 22
44 25
44 3
44 2
44 1
44 30
44 38
44 42
44 19
44 4
44 10
22 7
22 14
22 38
22 15
22 25
22 0
22 34
22 3
22 12
22 18
22 47
22 16
22 19
22 46
22 29
22 2
22 36
22 30
22 13
22 4
22 39
22 31
22 45
22 8
22 9
9 1
9 34
9 45
9 29
9 6
9 46
9 8
9 42
9 4
9 19
9 28
9 27
9 24
9 36
9 38
9 15
9 25
9 47
9 0
9 43
9 7
7 16
7 21
7 19
7 14
7 8
7 36
7 25
7 47
7 45
7 18
7 39
7 10
7 12
7 48
7 24
7 32
7 20
7 6
7 46
1 28
1 45
1 0
1 17
1 27
1 30
1 10
1 15
1 32
1 4
1 16
1 21
1 34
1 31
1 35
1 46
1 13
28 24
28 47
28 41
28 42
28 11
28 4
28 8
28 25
28 0
28 39
28 10
28 20
28 6
28 3
28 36
28 19
28 43
28 16
8 46
8 4
8 36
8 47
8 39
8 11
8 16
8 10
8 25
8 43
8 34
8 17
8 3
8 14
8 12
8 31
8 2
8 18
25 10
25 34
25 11
25 36
25 30
25 27
25 14
25 32
25 46
25 35
25 47
25 21
25 6
25 0
25 2
25 18
25 20
25 3
14 27
14 41
14 21
14 30
14 32
14 2
14 36
14 11
14 48
14 6
14 16
14 31
14 4
48 17
48 31
48 21
48 45
48 30
48 4
48 2
48 42
48 39
48 6
48 19
48 0
48 41
48 24
48 32
48 10
36 29
36 3
36 12
36 43
36 41
36 30
36 17
36 24
36 21
36 42
36 46
36 11
36 16
36 13
36 10
36 34
31 11
31 13
31 3
31 15
31 47
31 12
31 38
31 0
31 17
31 29
31 46
31 2
31 32
46 47
46 42
46 3
46 12
46 45
46 32
46 43
46 34
46 16
46 4
46 15
46 10
46 18
46 13
46 21
46 0
46 11
46 35
45 42
45 20
45 19
45 6
45 3
45 12
45 32
45 18
45 41
45 29
45 16
11 32
11 24
11 35
11 38
11 21
11 3
11 4
11 34
11 17
11 41
11 20
11 18
11 47
11 0
11 30
11 42
0 10
0 27
0 30
0 20
0 2
0 16
0 42
0 19
0 32
0 17
0 4
0 3
0 13
0 47
0 41
4 2
4 47
4 20
4 13
4 3
4 18
4 43
4 38
4 15
4 17
4 24
4 42
4 27
4 16
4 19
4 29
4 32
39 43
39 10
39 41
39 21
39 3
39 19
39 29
39 38
39 13
39 20
39 17
39 2
39 27
39 12
16 15
16 6
16 34
16 30
16 18
16 19
16 20
16 12
16 41
16 29
16 24
16 43
16 21
16 13
24 20
24 35
24 21
24 18
24 34
24 15
24 43
24 12
24 3
24 17
24 27
24 2
24 13
24 6
13 12
13 2
13 18
13 19
13 32
13 47
13 3
13 6
13 17
13 21
13 29
43 35
43 6
43 15
43 21
43 20
43 2
42 20
42 6
42 17
42 29
42 34
34 41
34 30
34 18
34 3
34 2
34 20
47 6
47 35
47 20
47 27
47 12
47 29
47 21
12 21
12 6
12 27
12 10
12 41
12 2
12 15
12 32
32 38
32 6
32 29
32 30
32 17
32 27
32 10
41 21
41 18
41 35
41 29
41 3
41 10
41 20
41 6
41 2
29 17
29 15
29 19
29 27
29 3
29 30
29 35
29 20
10 38
10 18
10 6
10 2
10 20
10 19
10 21
10 17
20 18
20 21
20 27
20 2
20 6
20 30
20 15
20 3
38 35
38 2
38 21
38 30
38 17
38 15
3 21
3 30
3 17
3 6
3 2
3 27
3 19
3 35
3 15
3 18
21 15
21 35
21 19
21 2
21 6
21 18
19 35
19 30
2 17
30 27
30 35
35 18
35 15
17 15
17 18
18 6