23 10 42 19 13 38 43 40 25 32 28 2 1 20 24 33 15 14 11 26 48 22 45 41 17 31 29 35 46 44 39 30 21 12 47 36 37 6 3 27 5 4 0 7 18 49 16 8 9 34
23 10
23 32
23 48
23 22
23 11
23 1
23 45
23 19
23 36
23 9
23 35
23 0
10 43
10 33
10 28
10 44
10 47
10 8
10 26
10 31
10 16
42 19
42 22
42 14
42 3
42 33
42 6
42 39
42 43
42 47
19 30
19 26
19 1
19 34
19 12
19 46
19 43
19 45
19 20
19 41
13 38
13 43
13 46
13 29
13 44
13 25
13 48
38 49
38 26
38 1
38 24
38 33
43 32
43 39
43 26
43 1
43 18
43 41
43 21
40 25
40 39
40 29
40 24
25 45
25 31
25 7
25 12
25 16
32 28
32 45
32 41
32 31
32 27
32 29
32 9
28 26
2 1
2 48
2 15
2 0
2 45
2 46
1 5
1 4
1 6
20 24
20 11
20 6
20 29
24 18
24 6
24 31
24 36
33 41
33 8
33 37
33 7
33 30
33 11
33 15
33 5
15 14
15 17
14 37
14 5
14 45
14 6
14 46
11 34
11 47
11 36
11 48
26 3
26 46
26 4
26 45
48 6
48 16
48 31
48 27
48 22
48 4
22 29
22 18
45 39
45 29
45 16
41 36
41 21
41 29
17 31
17 39
17 27
31 12
31 0
29 8
29 9
35 46
35 44
35 27
35 18
46 21
46 5
46 8
44 0
44 18
44 5
39 4
39 5
30 3
30 27
30 8
21 9
12 47
12 49
36 6
37 3
3 27
5 16
5 7
0 9
0 8
7 18
9 34