0 3 4 18 24 27 30 37 41 44 1 15 23 25 26 32 35 36 39 2 7 31 38 42 46 8 9 10 13 28 49 5 6 16 34 47 48 20 29 43 45 33 19 11 14 12 17 22 40 21
0 3
0 4
0 18
0 24
0 27
0 30
0 37
0 41
0 44
3 8
3 9
3 10
3 13
3 18
3 28
3 49
4 5
4 6
4 7
4 9
4 13
4 16
4 23
4 30
4 34
4 47
4 48
18 7
18 11
18 14
18 22
18 26
18 29
18 36
18 49
24 7
24 13
24 21
24 28
24 31
24 38
24 40
24 45
24 49
27 5
27 6
27 10
27 12
27 14
27 16
27 38
27 47
27 49
30 5
30 8
30 10
30 11
30 12
30 16
30 19
30 26
30 28
30 43
30 45
30 47
37 2
37 13
37 15
37 22
37 28
37 31
37 32
37 33
37 34
37 38
37 39
37 43
41 8
41 17
41 32
41 42
41 49
44 12
44 29
44 36
44 43
1 15
1 23
1 25
1 26
1 32
1 35
1 36
1 39
15 6
15 13
15 14
15 20
15 46
23 9
23 17
23 26
23 33
23 49
25 6
25 14
25 16
25 45
25 49
26 2
26 29
26 39
32 6
32 9
32 20
32 36
32 42
35 5
35 8
35 16
35 28
36 2
36 8
36 17
36 47
39 2
39 6
39 12
39 17
39 21
39 34
39 38
39 40
39 43
39 49
2 7
2 31
2 38
2 42
2 46
7 38
7 43
7 48
31 9
31 10
31 28
31 29
31 34
38 8
38 21
42 20
42 33
42 45
42 47
42 48
46 10
46 29
46 49
8 9
8 10
8 13
8 29
8 34
8 45
9 16
9 33
10 19
13 5
13 14
13 33
13 34
13 45
28 19
28 20
28 47
49 5
49 34
5 20
5 29
5 34
5 43
5 47
6 16
6 29
6 43
16 19
16 29
16 43
16 45
34 20
34 43
34 48
47 22
20 11
20 29
29 11
43 22
45 17
33 11
33 19
11 14
14 17
14 40
12 17
12 22
17 22
17 40