0 33 34 35 40 41 12 16 19 23 26 1 6 11 43 45 20 21 24 25 30 2 3 29 37 38 44 48 22 28 4 7 13 17 32 5 31 36 42 14 8 10 18 39 46 9 47 15 27 49
0 33
0 34
0 35
0 40
0 41
0 12
0 16
0 19
0 23
0 26
33 1
33 6
33 15
33 19
33 23
33 28
33 30
33 39
33 43
33 46
33 48
34 2
34 4
34 6
34 8
34 17
34 18
34 20
34 23
34 32
34 47
34 48
35 2
35 7
35 10
35 22
35 28
35 31
35 37
40 8
40 15
40 16
40 19
40 31
40 39
40 46
40 49
41 3
41 11
41 12
41 36
41 49
41 42
41 47
12 6
12 9
12 13
12 14
12 15
12 21
12 38
12 43
12 46
16 5
16 10
16 13
16 42
16 21
16 39
19 5
19 13
19 14
19 17
19 27
19 28
19 36
23 1
23 15
23 17
23 27
26 1
26 11
26 13
26 15
26 21
26 27
26 28
26 43
26 44
1 6
1 11
1 43
1 45
1 20
1 21
1 24
1 25
1 30
6 2
6 4
6 22
11 4
11 9
11 14
11 20
11 38
11 39
43 9
43 32
43 42
43 45
43 46
43 47
45 2
45 9
45 14
45 24
45 29
45 47
20 3
20 7
20 32
20 47
20 49
20 21
20 30
21 7
21 10
21 17
21 18
21 36
21 47
21 25
24 4
24 8
24 18
24 42
24 27
25 7
25 17
25 28
25 32
25 38
25 44
25 48
30 9
30 15
30 17
2 3
2 29
2 37
2 38
2 44
3 48
3 37
3 22
3 38
3 28
29 13
29 15
29 27
29 39
29 42
29 48
29 31
37 4
37 22
37 31
37 36
37 42
37 47
38 49
38 42
38 46
44 7
44 8
44 13
44 17
44 48
44 49
48 8
48 14
48 17
22 7
22 8
22 9
22 46
28 4
28 5
28 14
28 31
4 7
4 13
4 17
4 32
7 5
7 36
7 42
7 14
13 5
13 31
13 36
13 42
17 5
17 15
17 18
17 36
17 39
32 31
32 47
5 31
31 9
31 10
31 42
36 9
36 49
14 27
8 10
8 18
8 39
8 46
10 47
18 39
39 15
46 15
47 15