0 2 4 5 6 8 9 14 15 16 17 18 19 24 29 30 31 33 34 35 37 40 41 43 48 1 3 7 10 11 13 21 23 25 26 32 39 42 45 12 20 22 28 36 46 47 49 38 27 44
0 2
0 4
0 5
0 6
0 8
0 9
0 14
0 15
0 16
0 17
0 18
0 19
0 24
0 29
0 30
0 31
0 33
0 34
0 35
0 37
0 40
0 41
0 43
0 48
2 4
2 6
2 7
2 11
2 12
2 13
2 15
2 18
2 19
2 20
2 22
2 25
2 26
2 28
2 32
2 34
2 35
2 36
2 37
2 45
2 46
2 47
2 48
2 49
4 3
4 7
4 8
4 13
4 15
4 17
4 18
4 19
4 20
4 23
4 26
4 27
4 33
4 34
4 35
4 39
4 40
4 45
4 46
4 47
4 48
4 49
5 3
5 7
5 8
5 9
5 10
5 11
5 12
5 13
5 19
5 20
5 21
5 23
5 24
5 27
5 31
5 34
5 36
5 37
5 38
5 40
5 42
5 43
6 3
6 9
6 12
6 14
6 17
6 20
6 23
6 26
6 30
6 31
6 32
6 35
6 36
6 39
6 40
6 41
6 43
6 44
6 45
6 47
6 48
6 49
8 1
8 7
8 10
8 12
8 14
8 15
8 18
8 19
8 22
8 23
8 27
8 31
8 35
8 36
8 37
8 38
8 41
8 43
8 44
8 47
8 49
9 1
9 7
9 10
9 11
9 12
9 15
9 18
9 19
9 20
9 22
9 25
9 26
9 32
9 34
9 36
9 37
9 38
9 40
9 41
9 42
9 43
9 44
9 47
14 1
14 3
14 12
14 15
14 17
14 19
14 21
14 23
14 24
14 26
14 29
14 30
14 31
14 32
14 34
14 35
14 36
14 38
14 39
14 40
14 41
14 44
14 47
14 48
15 1
15 3
15 7
15 12
15 16
15 21
15 22
15 27
15 28
15 30
15 31
15 32
15 33
15 39
15 40
15 46
15 47
16 1
16 10
16 11
16 12
16 17
16 19
16 22
16 23
16 26
16 29
16 30
16 31
16 32
16 33
16 35
16 38
16 41
16 42
16 43
16 46
16 47
16 48
16 49
17 1
17 3
17 7
17 12
17 20
17 21
17 22
17 24
17 27
17 28
17 29
17 35
17 38
17 40
17 42
17 43
17 44
17 48
17 49
18 1
18 10
18 11
18 12
18 13
18 19
18 20
18 24
18 27
18 29
18 30
18 37
18 38
18 39
18 46
18 47
18 48
19 3
19 10
19 11
19 12
19 13
19 23
19 25
19 30
19 33
19 36
19 37
19 40
19 41
19 42
19 47
19 49
24 3
24 12
24 20
24 21
24 25
24 26
24 27
24 34
24 36
24 37
24 38
24 40
24 42
24 43
24 47
29 10
29 11
29 12
29 13
29 21
29 22
29 26
29 28
29 30
29 31
29 32
29 33
29 34
29 35
29 37
29 40
29 41
29 42
29 43
29 45
29 49
30 1
30 3
30 7
30 10
30 36
30 37
30 38
30 39
30 40
30 42
30 43
30 44
30 46
30 47
30 49
31 1
31 3
31 10
31 11
31 12
31 20
31 22
31 23
31 25
31 26
31 28
31 35
31 36
31 40
31 42
31 46
31 47
31 48
31 49
33 3
33 10
33 12
33 21
33 25
33 26
33 28
33 34
33 37
33 38
33 41
33 43
33 46
33 48
33 49
34 1
34 7
34 12
34 21
34 28
34 35
34 36
34 37
34 39
34 42
34 44
34 45
34 47
35 3
35 10
35 11
35 12
35 13
35 22
35 23
35 25
35 32
35 41
35 45
37 1
37 10
37 11
37 20
37 22
37 23
37 25
37 32
37 38
37 39
37 41
37 44
37 45
37 47
37 48
40 1
40 12
40 21
40 23
40 25
40 26
40 27
40 28
40 32
40 46
40 47
41 1
41 3
41 10
41 12
41 20
41 21
41 27
41 28
41 32
41 36
41 43
41 45
41 47
41 48
41 49
43 1
43 11
43 20
43 22
43 26
43 27
43 38
43 39
43 42
43 44
43 45
43 47
43 48
48 3
48 7
48 10
48 12
48 13
48 20
48 21
48 22
48 25
48 27
48 28
48 32
48 36
48 44
48 47
1 3
1 7
1 10
1 11
1 13
1 21
1 23
1 25
1 26
1 32
1 39
1 42
1 45
3 7
3 11
3 20
3 21
3 22
3 23
3 26
3 28
3 36
3 38
3 45
3 46
3 47
3 49
7 21
7 22
7 23
7 26
7 32
7 38
7 39
7 42
7 45
7 47
7 49
10 12
10 21
10 23
10 25
10 28
10 36
10 38
10 39
10 44
11 12
11 13
11 23
11 25
11 26
11 32
11 36
11 39
11 42
11 44
11 45
11 46
11 49
13 12
13 28
13 32
13 36
13 39
13 42
13 46
13 47
13 49
21 25
21 27
21 28
21 36
21 49
23 12
23 22
23 25
23 27
23 32
23 36
23 38
23 44
23 45
23 49
25 12
25 20
25 22
25 26
25 27
25 28
25 32
25 36
25 39
25 49
26 12
26 27
26 44
26 45
26 46
26 47
32 12
32 20
32 27
32 36
32 38
32 44
32 47
39 22
39 28
39 36
39 38
39 42
39 44
39 46
39 49
42 20
42 22
42 27
42 44
42 49
45 20
45 27
45 38
45 44
45 46
45 47
12 27
12 28
12 36
12 38
12 44
12 46
20 27
20 38
20 44
20 46
22 28
22 36
22 44
22 46
28 36
28 38
28 44
28 49
36 44
36 47
46 27
46 47
46 49
47 38
47 44
47 49
49 38
38 27
27 44