9 26 0 17 41 12 39 42 33 5 1 6 25 36 24 44 4 10 14 47 35 3 8 22 45 21 43 28 7 40 32 29 34 2 11 20 46 30 37 16 38 13 19 49 18 23 31 27 48 15
9 26
9 1
9 2
9 3
9 6
9 8
9 29
9 19
9 24
9 12
9 46
9 18
9 10
9 44
9 37
9 13
9 42
9 16
9 45
9 49
9 20
9 33
9 36
9 17
9 23
9 25
9 35
9 38
9 15
9 14
9 11
9 47
9 22
9 40
26 2
26 3
26 4
26 5
26 6
26 7
26 8
26 10
26 11
26 12
26 14
26 16
26 17
26 18
26 19
26 25
26 39
26 35
26 49
26 44
26 48
26 31
26 34
26 28
26 43
26 36
26 29
26 30
26 37
26 45
26 40
26 41
26 32
0 17
0 41
0 12
0 39
0 42
0 33
0 5
0 1
0 6
0 25
0 36
0 24
0 44
0 4
0 10
0 14
0 47
0 35
0 3
0 8
0 22
0 45
0 21
0 43
0 28
0 7
0 40
0 32
17 5
17 6
17 7
17 11
17 13
17 14
17 15
17 25
17 18
17 33
17 22
17 43
17 38
17 48
17 36
17 49
17 21
17 39
17 24
17 19
17 31
17 27
17 41
17 45
17 32
41 2
41 4
41 5
41 6
41 7
41 10
41 13
41 15
41 16
41 18
41 19
41 21
41 22
41 23
41 24
41 25
41 27
41 29
41 31
41 32
41 33
41 36
41 37
41 39
41 40
41 45
41 44
41 46
41 43
41 49
12 4
12 5
12 6
12 8
12 10
12 11
12 35
12 22
12 42
12 28
12 31
12 49
12 44
12 24
12 46
12 14
12 19
12 23
12 34
12 36
12 29
39 1
39 2
39 5
39 7
39 8
39 10
39 14
39 15
39 18
39 19
39 20
39 22
39 24
39 27
39 29
39 30
39 33
39 34
39 35
39 36
39 46
39 42
39 43
39 47
39 48
39 49
39 45
39 40
42 1
42 2
42 3
42 4
42 5
42 6
42 10
42 13
42 14
42 15
42 16
42 20
42 23
42 24
42 28
42 31
42 36
42 38
42 40
42 46
42 48
33 3
33 4
33 5
33 6
33 8
33 11
33 13
33 14
33 15
33 16
33 18
33 19
33 21
33 24
33 25
33 29
33 30
33 31
33 49
33 40
33 34
33 46
33 44
33 38
33 43
5 2
5 4
5 48
5 21
5 35
5 32
5 29
5 24
5 13
5 6
5 11
5 40
5 18
5 19
5 46
5 27
5 36
5 38
5 44
5 34
5 10
5 45
1 29
1 34
1 2
1 6
1 11
1 20
1 28
1 46
1 44
1 30
1 24
1 37
1 35
1 16
1 38
1 14
1 13
1 4
1 3
1 32
1 36
1 10
1 47
6 4
6 35
6 27
6 30
6 10
6 48
6 25
6 11
6 8
6 47
6 20
6 22
6 18
6 45
6 28
6 29
6 37
6 43
6 13
25 2
25 3
25 7
25 11
25 18
25 19
25 21
25 22
25 24
25 29
25 40
25 44
25 32
25 31
25 36
25 27
25 49
25 35
25 30
25 48
36 4
36 8
36 10
36 13
36 14
36 19
36 21
36 22
36 24
36 28
36 29
36 32
36 34
36 35
36 46
36 40
36 43
36 38
36 37
36 44
36 48
24 3
24 7
24 8
24 10
24 11
24 13
24 18
24 22
24 23
24 35
24 43
24 27
24 49
24 47
24 40
24 48
24 38
24 44
24 45
44 4
44 7
44 11
44 13
44 15
44 18
44 19
44 21
44 23
44 28
44 29
44 31
44 40
44 43
44 48
44 45
44 46
4 3
4 43
4 48
4 18
4 20
4 10
4 31
4 37
4 15
4 29
4 35
4 32
4 13
4 30
4 49
4 16
4 34
4 11
10 8
10 18
10 32
10 46
10 48
10 27
10 45
10 31
10 38
10 30
10 40
10 16
10 23
10 34
10 35
10 22
10 49
10 11
10 19
14 7
14 13
14 30
14 45
14 49
14 27
14 43
14 19
14 32
14 38
14 28
14 18
14 23
14 16
47 2
47 7
47 8
47 11
47 13
47 18
47 19
47 21
47 23
47 27
47 28
47 29
47 34
47 35
47 38
47 40
47 43
47 46
47 49
47 48
35 2
35 3
35 7
35 8
35 13
35 16
35 18
35 20
35 27
35 28
35 29
35 30
35 34
35 46
35 48
35 38
35 45
35 40
3 48
3 37
3 22
3 15
3 19
3 13
3 49
3 20
3 38
3 8
3 46
3 34
3 40
3 28
3 45
3 30
3 32
3 18
3 31
3 29
3 21
8 7
8 22
8 15
8 13
8 29
8 40
8 49
8 32
8 16
8 23
8 11
8 20
8 18
8 27
8 30
8 43
8 48
22 2
22 7
22 11
22 13
22 15
22 16
22 19
22 20
22 21
22 31
22 27
22 37
22 32
22 38
22 49
45 2
45 7
45 11
45 13
45 16
45 18
45 20
45 21
45 28
45 29
45 30
45 31
45 32
45 34
45 38
45 40
45 43
45 49
21 2
21 7
21 11
21 16
21 18
21 19
21 20
21 46
21 34
21 49
21 40
21 32
21 43
43 2
43 7
43 13
43 15
43 16
43 18
43 20
43 29
43 30
43 31
43 32
43 34
43 38
43 40
43 46
43 49
28 2
28 7
28 11
28 13
28 16
28 19
28 20
28 23
28 27
28 48
28 32
28 49
28 30
28 40
28 31
28 34
28 29
7 15
7 27
7 38
7 29
7 48
7 30
7 34
7 23
7 16
7 46
7 11
7 32
7 31
7 37
40 2
40 13
40 15
40 16
40 18
40 23
40 29
40 31
40 32
40 34
40 49
40 48
40 46
32 11
32 15
32 16
32 20
32 29
32 34
32 37
29 11
29 13
29 15
29 16
29 23
29 34
29 37
29 38
29 48
29 49
34 11
34 13
34 16
34 19
34 20
34 23
34 27
34 30
34 31
34 46
34 38
34 48
34 49
34 37
2 20
2 38
2 19
2 49
2 30
2 18
2 23
2 31
2 13
2 27
11 46
11 23
11 20
11 30
11 31
11 18
11 19
11 48
11 49
11 27
11 37
11 13
20 13
20 15
20 16
20 18
20 19
20 38
20 27
20 37
20 48
46 16
46 19
46 31
46 37
46 38
30 16
30 19
30 27
30 38
30 31
30 48
30 37
37 16
37 19
37 23
37 27
37 31
37 49
16 13
16 19
16 27
16 48
16 18
38 13
38 15
38 19
38 23
38 27
38 49
13 18
13 15
13 48
13 27
13 49
13 19
19 18
19 49
19 23
19 31
19 27
49 15
49 18
49 23
49 27
49 48
18 15
18 27
18 31
18 23
23 15
23 31
31 15
31 27
31 48
48 15