8 35 10 5 46 4 30 29 43 28 27 14 41 33 1 45 47 22 7 37 6 12 19 38 49 25 20 34 40 3 36 21 26 48 16 13 18 39 31 17 0 9 23 42 32 15 44 11 2 24
8 35
8 10
8 5
8 46
8 4
8 30
8 29
8 43
8 28
8 27
8 14
8 41
8 33
8 1
8 45
8 47
8 22
8 7
8 37
8 6
8 25
8 31
8 42
8 19
8 44
8 20
8 49
8 3
8 12
8 36
8 11
8 16
35 25
35 32
35 31
35 34
35 1
35 5
35 49
35 0
35 9
35 28
35 21
35 22
35 20
35 15
35 48
35 23
35 30
35 10
35 19
35 39
35 4
35 46
35 12
35 45
35 43
35 11
35 41
35 16
35 37
10 40
10 22
10 20
10 49
10 48
10 3
10 46
10 12
10 24
10 26
10 9
10 17
10 21
10 43
10 23
10 44
10 15
10 42
10 27
10 36
10 47
10 30
10 39
10 38
10 0
10 37
10 13
10 41
5 40
5 32
5 22
5 31
5 34
5 1
5 42
5 19
5 41
5 37
5 14
5 24
5 12
5 13
5 39
5 4
5 46
5 23
5 36
5 15
5 18
5 47
5 17
46 6
46 40
46 32
46 1
46 42
46 19
46 44
46 49
46 48
46 39
46 3
46 17
46 0
46 20
46 26
46 9
46 29
46 13
46 41
4 6
4 40
4 32
4 31
4 44
4 39
4 7
4 28
4 9
4 33
4 36
4 27
4 34
4 49
4 23
4 43
4 16
30 25
30 48
30 38
30 22
30 7
30 1
30 28
30 32
30 34
30 18
30 17
30 21
30 11
30 43
30 0
30 12
30 24
30 36
30 9
30 33
30 15
30 2
30 16
30 27
29 32
29 31
29 1
29 42
29 44
29 20
29 48
29 7
29 23
29 36
29 33
29 14
29 37
29 3
29 45
29 9
29 19
29 21
29 47
29 38
29 12
29 26
43 25
43 40
43 32
43 22
43 31
43 42
43 44
43 3
43 26
43 36
43 15
43 14
43 39
43 48
43 34
43 27
43 2
43 49
43 33
43 45
43 47
43 0
43 11
43 13
43 18
43 41
43 16
43 37
43 17
28 32
28 31
28 38
28 1
28 42
28 19
28 44
28 3
28 21
28 7
28 0
28 23
28 45
28 33
28 15
28 34
28 48
28 49
28 13
28 41
28 16
27 6
27 32
27 22
27 31
27 1
27 48
27 3
27 21
27 7
27 24
27 11
27 13
27 18
27 41
27 16
27 38
27 40
27 37
27 14
27 17
14 6
14 40
14 22
14 34
14 42
14 44
14 20
14 49
14 7
14 0
14 26
14 37
14 11
14 16
14 24
14 31
14 23
14 9
14 13
14 41
41 25
41 32
41 22
41 31
41 19
41 48
41 12
41 26
41 45
41 9
41 33
41 15
41 11
41 3
41 13
41 39
41 16
41 2
41 44
41 47
33 25
33 40
33 34
33 19
33 20
33 48
33 0
33 26
33 45
33 6
33 11
33 32
33 22
33 17
33 39
33 37
33 36
33 44
33 38
33 15
33 18
33 47
1 6
1 31
1 34
1 36
1 39
1 26
1 37
1 16
1 17
1 32
1 0
1 7
1 2
1 47
1 49
1 42
1 19
1 20
1 48
1 21
1 15
1 13
1 18
45 31
45 42
45 21
45 7
45 12
45 23
45 24
45 20
45 25
45 40
45 3
45 22
45 36
45 9
45 0
45 11
45 18
45 17
47 22
47 44
47 3
47 21
47 12
47 26
47 20
47 11
47 19
47 25
47 6
47 42
22 25
22 20
22 31
22 19
22 17
22 23
22 9
22 0
22 39
22 13
22 34
22 38
22 49
22 12
22 24
22 26
22 2
22 16
22 37
7 31
7 42
7 20
7 3
7 21
7 40
7 9
7 24
7 38
7 34
7 36
7 6
7 26
7 15
7 32
7 12
7 23
7 13
37 6
37 32
37 31
37 19
37 48
37 21
37 12
37 9
37 18
37 16
37 34
37 39
37 36
37 44
37 42
37 49
37 17
6 12
6 19
6 38
6 49
6 25
6 40
6 34
6 42
6 48
6 3
6 0
6 13
12 25
12 40
12 32
12 31
12 34
12 20
12 48
12 2
12 42
12 13
12 44
12 23
12 38
12 17
12 39
12 36
12 9
12 15
19 40
19 32
19 31
19 2
19 49
19 18
19 38
19 24
19 15
19 25
19 13
19 44
19 20
19 48
19 21
19 23
19 9
19 11
19 17
38 32
38 24
38 18
38 25
38 13
38 42
38 20
38 49
38 3
38 0
49 40
49 34
49 16
49 11
49 42
49 25
49 48
49 23
49 39
49 31
49 44
49 26
49 18
25 20
25 34
25 40
25 3
25 36
25 21
25 26
25 48
25 16
25 32
25 39
25 24
25 9
25 15
25 18
20 40
20 34
20 13
20 3
20 26
20 0
20 11
20 24
20 18
20 39
20 15
20 2
20 17
34 18
34 2
34 11
34 39
34 40
34 3
34 0
34 23
34 24
34 26
40 13
40 18
40 21
40 39
40 48
40 31
40 17
40 0
40 9
40 23
40 42
40 2
3 32
3 44
3 9
3 11
3 42
3 18
3 23
3 39
3 36
3 48
3 21
3 17
3 24
3 2
3 13
3 16
36 39
36 21
36 0
36 26
36 13
36 48
36 2
36 11
21 32
21 31
21 44
21 11
21 26
21 9
21 2
21 18
26 32
26 31
26 42
26 0
26 24
26 11
26 48
26 17
26 39
26 23
26 2
26 44
26 9
26 13
26 16
48 31
48 9
48 0
48 2
48 17
16 32
16 2
16 11
16 39
13 44
13 23
13 2
13 39
13 11
13 42
13 9
13 18
18 32
18 0
18 23
18 24
18 17
39 31
39 44
39 32
39 15
39 42
39 0
39 24
39 11
39 2
31 11
31 0
31 23
31 24
31 15
31 17
17 23
17 2
17 32
17 11
0 42
0 44
0 23
0 9
0 15
9 32
9 42
9 23
9 24
9 11
9 2
23 44
23 15
23 24
23 11
42 24
42 2
42 11
32 15
32 44
44 24
44 11
44 2
11 24
11 2
2 24