41 11 43 2 46 9 5 1 35 37 8 31 15 16 45 27 21 19 47 25 10 13 48 38 7 18 32 20 12 40 0 33 22 49 24 14 30 28 3 6 36 23 39 26 4 34 17 29 44 42
41 11
41 24
41 14
41 25
41 3
41 28
41 49
41 34
41 33
11 43
11 45
11 27
11 1
11 46
43 2
43 27
43 21
43 25
43 9
2 46
2 7
2 18
2 27
2 32
46 9
46 39
46 0
46 45
46 3
46 38
46 30
46 23
9 5
9 6
9 33
9 29
9 40
9 27
9 37
9 1
9 13
9 35
5 1
5 40
5 0
5 49
5 32
5 4
5 34
1 35
1 37
1 23
35 37
35 12
35 40
35 38
35 39
35 32
37 8
37 33
37 36
37 29
37 22
37 18
37 3
8 31
8 40
8 25
8 12
8 6
8 38
8 24
31 15
31 47
31 25
31 14
31 30
31 26
31 4
31 23
31 28
31 24
31 16
31 32
31 20
15 16
15 0
15 33
15 38
15 12
15 27
15 47
16 45
16 21
16 19
16 34
45 3
45 4
45 26
45 20
45 22
27 48
27 28
27 34
27 32
27 14
27 24
27 38
21 23
21 19
19 47
19 10
19 49
19 29
19 18
19 32
47 38
47 7
47 4
47 13
47 30
25 10
25 34
25 14
25 23
25 28
25 18
10 13
10 32
13 48
13 49
13 36
13 32
13 0
13 38
13 44
48 38
48 30
48 23
48 39
38 39
38 32
7 49
7 18
18 32
18 24
18 6
18 26
18 36
32 20
32 22
32 28
32 40
32 6
32 3
20 12
12 0
12 34
40 34
0 26
0 29
0 39
0 36
0 28
33 22
33 6
22 29
22 23
49 3
24 36
24 29
24 34
28 6
28 39
6 23
6 36
36 23
36 17
23 17
39 26
39 34
26 44
34 17
17 42