0 1 2 3 4 5 6 7 8 9 10 11 12 13 14 15 16 17 18 19 20 21 22 23 24 25 26 27 28 29 30 31 32 33 34 35 36 37 38 39 40 41 42 43 44 45 46 47 48 49
0 1
0 2
0 3
0 4
0 5
0 6
0 7
0 8
0 9
0 10
0 11
0 12
0 13
0 14
0 15
0 16
0 17
0 18
0 19
0 20
0 21
0 22
0 23
0 24
0 25
0 26
0 27
0 28
0 29
0 30
0 31
0 32
0 33
0 34
0 35
0 36
0 37
0 38
0 39
0 40
0 41
0 42
0 43
0 44
0 45
0 46
0 47
0 48
0 49
1 2
1 3
1 4
1 5
1 6
1 8
1 9
1 10
1 11
1 12
1 13
1 14
1 15
1 17
1 18
1 19
1 20
1 22
1 24
1 25
1 28
1 29
1 30
1 31
1 32
1 33
1 34
1 35
1 37
1 38
1 39
1 42
1 43
1 45
1 46
1 48
1 49
2 4
2 5
2 6
2 7
2 8
2 9
2 10
2 14
2 15
2 16
2 17
2 18
2 19
2 21
2 22
2 23
2 24
2 25
2 26
2 27
2 28
2 30
2 31
2 32
2 33
2 34
2 35
2 36
2 37
2 41
2 43
2 46
2 47
2 48
2 49
3 9
3 10
3 11
3 12
3 13
3 17
3 18
3 24
3 27
3 30
3 31
3 33
3 36
3 37
3 42
3 47
3 48
4 7
4 9
4 10
4 11
4 12
4 13
4 14
4 15
4 16
4 17
4 18
4 19
4 20
4 21
4 22
4 25
4 26
4 27
4 28
4 29
4 30
4 31
4 32
4 33
4 34
4 35
4 36
4 37
4 38
4 39
4 41
4 42
4 43
4 44
4 46
4 47
4 48
4 49
5 6
5 7
5 8
5 9
5 10
5 11
5 12
5 13
5 14
5 16
5 17
5 18
5 19
5 20
5 21
5 22
5 23
5 24
5 25
5 26
5 27
5 28
5 29
5 30
5 31
5 32
5 33
5 34
5 35
5 36
5 37
5 38
5 39
5 40
5 41
5 42
5 43
5 44
5 45
5 46
5 47
5 48
5 49
6 7
6 8
6 9
6 11
6 12
6 13
6 14
6 15
6 16
6 17
6 18
6 19
6 20
6 21
6 23
6 24
6 25
6 26
6 27
6 28
6 30
6 31
6 32
6 33
6 35
6 36
6 37
6 38
6 39
6 40
6 41
6 42
6 43
6 44
6 45
6 46
6 49
7 10
7 11
7 16
7 21
7 22
7 24
7 25
7 27
7 28
7 31
7 34
7 37
7 41
7 42
7 46
7 47
7 48
8 11
8 17
8 24
8 27
8 28
8 35
8 37
8 42
8 47
9 20
9 21
9 37
9 45
9 49
10 11
10 12
10 14
10 15
10 17
10 19
10 21
10 22
10 24
10 25
10 26
10 27
10 29
10 32
10 33
10 37
10 38
10 40
10 41
10 42
10 43
10 44
10 45
10 49
11 13
11 21
11 23
11 24
11 26
11 29
11 33
11 34
11 35
11 36
11 37
11 43
11 45
11 47
11 48
12 13
12 14
12 15
12 16
12 17
12 18
12 19
12 20
12 21
12 22
12 23
12 24
12 25
12 26
12 28
12 30
12 31
12 32
12 33
12 34
12 35
12 36
12 39
12 40
12 41
12 42
12 43
12 44
12 45
12 46
12 47
12 48
12 49
13 16
13 21
13 25
13 26
13 27
13 35
13 42
13 44
14 15
14 18
14 20
14 35
14 37
14 41
14 42
14 43
15 26
16 17
16 21
16 23
16 24
16 27
16 29
16 31
16 32
16 33
16 34
16 39
16 40
16 42
16 43
16 44
16 45
16 46
16 47
16 49
17 18
17 19
17 20
17 21
17 22
17 23
17 24
17 25
17 26
17 27
17 29
17 30
17 31
17 32
17 33
17 35
17 36
17 38
17 39
17 40
17 41
17 42
17 43
17 44
17 45
17 46
17 47
17 49
18 28
18 30
18 32
18 33
18 38
18 42
19 20
19 21
19 22
19 23
19 24
19 25
19 26
19 27
19 28
19 29
19 30
19 31
19 32
19 33
19 34
19 35
19 36
19 37
19 38
19 39
19 40
19 41
19 42
19 44
19 45
19 46
19 47
19 48
19 49
20 21
20 22
20 23
20 24
20 25
20 27
20 28
20 29
20 30
20 31
20 33
20 34
20 35
20 36
20 37
20 38
20 39
20 40
20 41
20 42
20 43
20 44
20 45
20 46
20 47
20 48
21 26
21 27
21 29
21 39
22 26
22 27
22 28
22 30
22 32
22 33
22 34
22 35
22 37
22 38
22 39
22 40
22 41
22 45
22 46
22 48
22 49
23 25
23 27
23 28
23 29
23 30
23 31
23 32
23 35
23 36
23 37
23 38
23 41
23 42
23 43
23 44
23 45
23 46
23 48
24 30
24 42
24 49
25 29
25 31
25 34
25 36
25 42
26 27
26 31
26 38
26 46
26 49
27 28
27 29
27 30
27 31
27 32
27 33
27 35
27 37
27 39
27 41
27 42
27 44
27 45
27 47
27 48
28 30
28 31
28 33
28 34
28 35
28 40
28 44
28 48
29 34
29 36
29 37
29 40
29 43
30 31
30 32
30 33
30 34
30 36
30 37
30 38
30 40
30 41
30 43
30 44
30 45
31 46
32 33
32 34
32 35
32 36
32 37
32 38
32 39
32 40
32 41
32 42
32 43
32 44
32 45
32 47
32 48
32 49
33 34
33 35
33 36
33 37
33 38
33 39
33 40
33 41
33 42
33 43
33 45
33 46
33 47
33 48
33 49
34 35
34 36
34 37
34 38
34 39
34 40
34 41
34 42
34 43
34 44
34 45
34 46
34 47
34 49
35 47
36 38
36 39
36 42
36 43
36 45
36 47
37 38
37 39
37 44
37 48
38 41
38 42
38 44
38 45
39 42
39 46
39 48
40 41
40 43
40 44
40 45
40 46
40 47
40 49
41 49
42 43
42 44
42 45
42 46
42 47
42 48
42 49
43 49
44 48
45 46
45 48
46 47
46 49
47 48
48 49