0 24 42 21 18 35 1 46 2 33 27 34 3 8 47 31 7 41 4 15 5 10 45 6 28 17 22 13 19 30 9 11 32 44 12 43 36 39 37 29 49 14 48 25 16 23 20 40 26 38
0 24
0 42
0 21
0 18
0 35
24 10
24 22
24 36
24 31
24 40
24 47
42 16
42 37
42 49
21 9
21 39
21 34
21 22
18 13
18 17
18 46
18 19
18 45
18 23
18 37
35 46
35 47
35 49
1 46
46 11
46 20
46 26
46 30
46 44
46 47
2 33
2 27
2 34
33 25
33 30
33 49
33 37
27 10
27 38
27 36
34 6
34 10
34 31
3 8
3 47
3 31
3 7
3 41
8 28
8 30
8 41
47 4
47 11
47 17
47 28
47 38
31 4
31 43
31 37
7 13
7 19
7 22
41 13
41 15
41 25
4 15
15 25
15 16
15 49
15 48
15 45
5 10
5 45
45 12
45 16
45 23
6 28
6 17
6 22
28 25
28 40
28 29
22 11
13 29
13 49
13 43
19 12
30 16
30 37
30 44
11 32
11 44
32 12
44 29
44 37
12 43
12 36
12 39
12 37
43 20
43 39
36 49
39 14
39 40
37 29
29 40
14 48
25 16
23 40