0 15 32 7 48 10 41 21 18 39 1 4 11 6 34 40 43 17 19 31 33 35 2 42 45 13 47 5 20 3 27 9 22 38 44 14 12 25 28 23 49 16 36 24 26 30 8 29 37 46
0 15
0 32
0 7
0 48
0 10
0 41
0 21
0 18
0 39
15 5
15 6
15 9
15 11
15 13
15 14
15 19
15 26
32 4
32 9
32 16
32 27
32 30
32 31
32 45
32 43
7 2
7 36
7 26
7 35
7 21
7 30
7 25
7 12
7 33
48 2
48 9
48 21
48 23
48 37
48 45
48 47
10 4
10 5
10 9
10 20
10 29
10 18
10 22
10 31
10 38
41 6
41 8
41 11
41 13
41 18
41 22
41 38
41 47
21 11
21 13
21 16
21 19
21 34
21 39
21 24
21 25
21 38
18 1
18 2
18 13
18 17
18 30
18 19
18 37
18 42
18 46
39 1
39 2
39 3
39 5
39 12
39 22
1 4
1 11
1 6
1 34
1 40
1 43
1 17
1 19
1 31
1 33
1 35
4 12
4 25
4 27
4 28
4 23
4 49
4 6
4 16
4 35
11 5
11 6
11 26
11 46
11 14
11 16
11 22
11 43
6 16
6 35
6 27
6 28
6 23
6 20
34 3
34 8
34 9
34 17
34 19
34 25
34 28
34 45
34 47
40 12
40 22
40 28
40 29
40 30
40 36
40 47
40 46
43 3
43 8
43 13
43 16
43 24
17 3
17 14
17 16
17 36
17 24
17 26
17 31
17 33
19 8
19 12
19 44
19 20
19 30
31 20
31 23
31 24
31 25
31 33
33 8
33 28
33 30
33 49
35 2
35 3
35 5
35 22
2 42
2 45
2 13
2 47
2 5
2 20
42 5
42 8
42 12
42 16
42 28
42 29
45 13
45 28
45 36
45 37
45 46
45 49
13 3
13 25
13 24
13 47
13 14
47 14
47 25
5 36
5 23
5 9
5 22
5 24
20 8
20 24
20 44
20 25
20 37
3 27
3 9
3 22
3 38
3 44
3 14
27 8
27 12
27 22
27 25
27 26
9 29
9 22
9 16
9 23
9 44
38 25
38 26
38 28
38 30
44 14
44 16
44 24
44 30
14 8
14 36
14 49
14 28
14 29
12 49
12 29
12 23
25 37
28 24
28 30
28 36
28 46
28 49
23 37
23 30
23 46
49 8
49 37
16 29
36 8
36 46
24 26
24 29
26 8
26 29
26 30
8 29
8 37
29 46