0 39 44 22 34 18 16 40 5 21 7 27 35 28 9 31 42 12 29 13 8 1 43 45 30 6 2 11 25 19 37 38 15 36 41 10 20 4 3 17 26 48 14 32 33 24 47 23 46
0 39
0 22
0 16
0 15
0 2
0 11
0 48
0 46
39 28
39 29
39 9
39 42
39 2
44 22
44 16
44 8
44 5
44 2
22 30
22 38
34 18
34 21
34 8
34 4
34 25
34 38
34 17
34 31
18 25
18 2
18 28
18 42
18 9
16 40
16 43
16 45
16 8
16 4
16 17
16 21
16 35
40 9
40 13
40 30
40 35
40 42
40 14
5 21
5 30
5 19
5 48
21 35
21 7
21 43
7 27
7 29
7 31
7 14
7 11
27 37
27 4
27 15
27 45
27 41
27 30
27 31
35 33
35 26
35 14
28 20
28 25
28 38
9 19
9 26
31 42
31 2
31 38
31 43
31 19
31 41
31 25
31 23
42 20
42 43
42 47
12 29
29 14
29 36
29 26
29 25
13 4
8 1
8 36
8 47
1 43
1 10
1 24
1 32
43 30
43 48
43 36
43 47
45 11
45 41
45 37
30 17
30 32
30 26
30 11
30 4
6 2
6 32
2 26
25 3
25 38
19 26
37 32
15 3
36 41
36 3
36 48
36 26
36 17
36 10
10 20
10 4
4 17
3 32
17 14
26 48
48 47
14 47