0 6 7 8 15 28 36 43 1 9 26 27 25 38 2 4 10 23 47 40 3 13 37 45 39 31 32 5 16 18 17 41 20 44 11 12 19 29 34 14 24 48 33 35 21 42 22 30 49 46
0 6
0 7
0 8
0 15
0 28
0 36
0 43
6 1
6 9
6 25
6 41
6 43
7 3
7 4
7 9
7 27
7 25
7 37
7 47
8 5
8 10
8 25
15 1
15 3
15 5
15 10
15 12
15 13
15 16
15 17
15 18
15 19
15 39
15 48
15 40
28 1
28 18
28 21
28 22
28 23
28 26
28 34
28 30
28 40
36 20
36 25
36 34
36 35
36 37
36 38
36 41
43 14
43 18
43 22
43 33
43 41
43 46
43 47
1 9
1 26
1 27
1 25
1 38
9 4
9 20
9 25
9 32
9 38
9 44
26 5
26 14
26 20
26 23
26 47
27 2
27 20
27 22
27 25
27 44
27 40
25 10
25 12
25 16
25 19
25 20
25 22
25 24
25 31
25 38
25 33
25 41
25 42
25 49
25 46
38 4
38 21
38 30
38 31
38 33
38 34
38 35
38 40
2 4
2 10
2 23
2 47
2 40
4 3
4 39
4 31
4 32
10 11
10 12
10 13
10 16
10 17
10 18
10 19
10 29
10 32
10 34
10 37
10 47
23 22
23 24
23 49
47 41
47 44
47 46
40 3
40 5
40 11
40 37
40 41
40 44
40 45
40 48
40 49
3 13
3 37
3 45
13 12
13 14
13 16
13 18
13 19
13 41
13 44
37 19
37 30
37 32
37 33
37 34
37 49
37 42
45 41
45 44
45 48
39 31
39 32
39 33
39 35
31 29
31 32
31 33
31 34
31 35
31 42
32 18
32 21
32 30
32 33
32 34
5 16
5 18
5 17
16 12
16 14
16 17
16 18
16 19
18 11
18 12
18 14
18 17
18 19
18 34
18 35
17 11
17 12
17 14
17 19
17 33
41 35
41 44
41 48
20 12
20 21
20 22
44 46
11 12
11 14
11 19
12 19
12 29
19 14
19 21
19 42
29 14
29 24
34 24
34 30
34 35
34 48
14 24
24 22
24 42
48 42
48 46
48 49
33 30
35 30
21 22
21 30
21 49
42 46
42 49
49 46