0 6 9 13 22 26 27 29 41 45 1 3 4 7 10 17 36 48 2 8 20 21 33 35 46 5 11 14 16 19 44 49 23 24 38 42 43 47 37 39 40 32 25 28 31 30 34 12 15 18
0 6
0 9
0 13
0 22
0 26
0 27
0 29
0 41
0 45
6 1
6 5
6 11
6 21
6 24
6 36
6 38
6 39
9 16
9 17
9 25
9 28
9 29
9 31
9 32
9 36
9 47
9 48
13 3
13 11
13 16
13 19
13 21
13 25
13 26
13 38
13 41
13 42
13 45
13 47
13 48
22 8
22 12
22 15
22 16
22 18
22 27
22 31
22 36
22 42
26 4
26 10
26 11
26 14
26 17
26 25
26 28
26 29
26 47
27 2
27 11
27 21
27 23
27 25
27 35
27 38
27 42
29 4
29 5
29 11
29 14
29 15
29 21
29 36
29 38
29 40
29 43
29 45
29 49
41 1
41 2
41 12
41 16
41 17
41 21
41 24
41 31
41 36
41 38
41 42
41 45
45 4
45 8
45 18
45 30
45 35
45 36
45 48
1 3
1 4
1 7
1 10
1 17
1 36
1 48
3 4
3 5
3 11
3 14
3 16
3 19
3 20
3 33
3 44
3 49
4 20
4 23
4 24
4 33
4 38
4 42
4 43
4 47
7 5
7 16
7 20
7 21
7 32
7 42
7 43
7 48
10 5
10 17
10 25
10 28
10 30
10 34
10 39
10 43
17 8
17 11
17 14
17 15
17 24
17 31
17 33
17 36
17 40
17 44
17 47
36 8
36 16
36 20
36 21
36 28
36 34
36 37
36 39
48 11
48 12
48 20
48 25
48 32
48 35
48 37
48 39
48 42
48 43
48 44
48 47
2 8
2 20
2 21
2 33
2 35
2 46
8 14
8 20
8 21
8 25
8 28
8 31
8 35
8 38
8 39
8 42
8 43
20 16
20 34
20 39
20 40
20 44
20 49
21 15
21 28
21 31
21 33
21 40
21 43
21 44
21 47
33 24
33 28
33 32
33 39
33 40
35 18
35 19
35 23
35 42
35 43
46 12
46 16
46 37
46 38
46 44
5 37
5 39
5 40
5 44
11 16
11 19
11 24
11 39
14 12
14 15
14 18
14 19
14 25
14 37
14 44
16 15
16 19
16 23
16 28
16 34
16 37
16 38
16 39
19 15
19 23
19 24
19 25
19 28
19 30
19 39
19 42
19 49
44 12
44 15
44 18
44 24
44 30
44 37
44 42
44 43
49 12
49 28
49 34
49 42
23 15
23 18
23 32
23 37
24 12
24 39
38 18
42 18
42 30
42 31
42 32
43 18
43 32
43 47
47 12
47 18
47 30
47 32
47 40
39 28
39 30
39 40
40 12
40 28
25 30
28 30
34 15
12 15