0 1 2 3 4 5 6 7 8 9 10 11 12 13 14 15 16 17 18 19 20 21 22 23 24 25 26 27 28 29 30 31 32 33 34 35 36 37 38 39 40 41 42 43 44 45 46 47 48 49
0 1
0 2
0 3
1 4
1 5
1 2
1 3
2 6
2 7
2 3
3 8
4 9
4 10
4 5
4 8
5 11
5 12
5 6
6 13
6 7
7 14
7 8
8 15
8 16
9 17
9 18
9 19
9 10
9 16
10 20
10 21
10 11
11 12
12 22
12 13
13 23
13 24
13 14
14 15
15 25
15 16
16 26
16 27
17 28
17 29
17 18
17 27
18 19
19 30
19 20
20 31
20 21
21 32
21 33
21 22
22 23
23 34
23 24
24 35
24 36
24 25
25 37
25 26
26 38
26 39
26 27
27 40
27 41
28 42
28 29
28 41
29 43
29 44
29 30
30 45
30 31
31 46
31 32
32 33
33 47
33 48
33 34
34 49
34 35
35 36
36 37
37 38
38 39
39 40
40 41
42 43
42 49
43 44
44 45
45 46
46 47
47 48
48 49