4 28 32 45 20 31 21 23 40 46 39 16 22 10 26 37 17 47 18 30 49 34 24 15 29 3 13 12 0 9 41 42 14 38 19 1 44 8 25 48 11 27 5 7 33 6 2 43 35 36
4 28
4 19
4 21
4 33
28 32
28 34
28 47
28 19
28 8
28 30
32 45
32 3
32 46
32 19
32 13
45 20
45 10
45 1
45 11
45 39
20 31
20 7
20 49
20 12
20 24
20 30
20 9
31 21
31 5
31 43
21 23
21 40
23 40
23 35
23 12
23 38
23 1
40 46
40 18
40 29
46 39
46 26
46 36
46 18
46 47
39 16
39 9
39 35
16 22
16 33
16 35
16 6
16 2
22 10
22 29
22 34
22 49
22 2
10 26
10 24
10 37
26 37
26 6
26 9
37 17
37 15
17 47
17 34
47 18
47 29
18 30
18 34
18 42
18 6
18 11
18 38
18 48
30 49
30 3
49 34
49 6
49 7
34 24
34 42
34 36
34 48
24 15
24 48
15 29
15 43
15 36
15 44
29 3
29 43
29 25
29 35
3 13
3 11
13 12
13 43
13 1
12 0
12 1
12 38
0 9
0 19
0 14
9 41
41 42
42 14
42 7
42 44
14 38
14 2
38 19
38 8
19 1
19 43
19 48
1 44
1 48
1 36
44 8
44 48
8 25
25 48
48 11
11 27
27 5
27 33
27 35
27 7
5 7
7 33
7 2
33 6
33 2
6 2
2 43
43 35
35 36