0 15 21 42 47 1 33 39 44 48 2 22 35 41 3 27 31 32 4 12 28 5 45 6 30 40 7 13 46 8 9 34 38 14 10 17 36 11 20 23 43 16 18 26 19 24 37 29 25
0 15
0 21
0 42
0 47
15 2
15 16
15 23
21 17
21 22
21 44
42 5
42 7
42 17
47 7
47 17
47 24
1 33
1 39
1 44
1 48
33 14
33 22
33 28
39 3
39 4
39 6
44 9
44 23
48 37
48 43
48 46
2 22
2 35
2 41
22 5
35 9
35 25
35 28
41 4
41 6
41 11
3 27
3 31
3 32
27 10
27 14
27 19
31 8
31 16
31 19
32 18
32 19
32 25
4 12
4 28
12 5
12 11
12 43
28 24
5 45
45 10
45 14
45 20
6 30
6 40
30 26
30 38
30 40
40 18
40 29
7 13
7 46
13 20
13 34
13 36
46 25
46 37
8 9
8 34
8 38
9 14
34 23
34 26
38 26
38 29
10 17
10 36
36 16
36 25
11 20
11 23
20 37
43 29
43 37
16 18
18 26
19 24
24 29