0 6 7 8 9 11 13 14 15 16 18 22 24 27 29 30 34 36 37 38 39 42 45 46 47 48 1 2 3 4 12 20 23 26 28 31 32 35 44 49 5 19 21 25 33 43 10 17 40 41
0 6
0 7
0 8
0 9
0 11
0 13
0 14
0 15
0 16
0 18
0 22
0 24
0 27
0 29
0 30
0 34
0 36
0 37
0 38
0 39
0 42
0 45
0 46
0 47
0 48
6 5
6 8
6 11
6 15
6 16
6 17
6 18
6 20
6 24
6 25
6 26
6 30
6 33
6 34
6 36
6 37
6 38
6 39
6 41
6 44
6 45
6 47
6 48
6 49
7 1
7 4
7 5
7 11
7 13
7 14
7 18
7 23
7 25
7 27
7 28
7 29
7 35
7 47
8 2
8 4
8 9
8 11
8 13
8 15
8 16
8 19
8 20
8 21
8 22
8 23
8 24
8 26
8 27
8 30
8 34
8 35
8 36
8 39
8 40
8 42
8 43
8 44
8 45
8 46
8 47
8 49
9 3
9 4
9 5
9 11
9 12
9 13
9 16
9 17
9 18
9 19
9 21
9 24
9 25
9 26
9 30
9 31
9 34
9 36
9 40
9 41
9 45
9 46
9 48
9 49
11 2
11 3
11 4
11 5
11 13
11 15
11 17
11 18
11 20
11 21
11 22
11 27
11 32
11 33
11 35
11 36
11 37
11 39
11 41
11 43
11 44
11 45
11 46
11 47
13 2
13 5
13 10
13 14
13 15
13 16
13 18
13 20
13 22
13 24
13 28
13 30
13 31
13 32
13 38
13 39
13 40
13 41
13 44
13 49
14 1
14 2
14 4
14 10
14 12
14 16
14 17
14 21
14 22
14 24
14 31
14 38
14 40
14 48
14 49
15 2
15 3
15 4
15 10
15 16
15 18
15 23
15 24
15 28
15 33
15 34
15 37
15 39
15 40
15 41
15 46
15 48
16 2
16 4
16 10
16 18
16 26
16 27
16 29
16 30
16 32
16 33
16 34
16 35
16 36
16 39
16 41
16 42
16 44
16 45
16 46
16 47
16 48
18 1
18 2
18 5
18 19
18 21
18 22
18 24
18 25
18 26
18 27
18 28
18 29
18 32
18 34
18 36
18 40
18 41
18 44
18 45
18 46
18 47
22 1
22 17
22 26
22 30
22 32
22 33
22 35
22 36
22 37
22 40
22 41
22 43
22 45
22 46
22 47
22 48
22 49
24 1
24 2
24 3
24 5
24 17
24 19
24 23
24 25
24 26
24 27
24 28
24 29
24 31
24 32
24 33
24 34
24 35
24 36
24 38
24 39
24 41
24 44
24 49
27 1
27 3
27 4
27 5
27 12
27 17
27 20
27 26
27 29
27 30
27 31
27 32
27 34
27 35
27 37
27 39
27 40
27 42
27 43
27 48
27 49
29 1
29 5
29 10
29 19
29 20
29 21
29 23
29 25
29 26
29 32
29 34
29 36
29 41
29 46
29 49
30 1
30 2
30 3
30 5
30 10
30 17
30 19
30 25
30 26
30 28
30 31
30 32
30 33
30 34
30 36
30 44
30 45
30 47
30 48
34 2
34 3
34 10
34 17
34 19
34 20
34 23
34 26
34 31
34 32
34 33
34 35
34 36
34 37
34 38
34 39
34 41
34 42
34 43
34 44
34 45
34 46
36 2
36 26
36 28
36 39
36 40
36 42
36 44
36 47
36 48
37 5
37 10
37 17
37 20
37 23
37 28
37 31
37 35
37 39
37 44
37 45
37 46
37 47
38 1
38 10
38 19
38 26
38 28
38 33
38 35
38 39
38 43
38 44
38 46
39 1
39 2
39 3
39 4
39 10
39 17
39 19
39 20
39 21
39 25
39 28
39 32
39 40
39 42
39 45
39 47
39 48
39 49
42 2
42 4
42 5
42 10
42 12
42 19
42 20
42 25
42 28
42 35
42 40
42 44
42 46
42 48
42 49
45 1
45 3
45 4
45 5
45 20
45 23
45 25
45 32
45 35
45 43
45 44
45 46
45 48
46 1
46 2
46 5
46 12
46 19
46 20
46 21
46 23
46 25
46 26
46 28
46 33
46 41
46 47
46 49
47 1
47 2
47 3
47 4
47 5
47 19
47 23
47 31
47 32
47 35
47 40
47 44
47 48
48 3
48 10
48 12
48 17
48 19
48 20
48 23
48 26
48 28
48 31
48 32
48 33
48 40
48 49
1 2
1 3
1 4
1 12
1 20
1 23
1 26
1 28
1 31
1 32
1 35
1 44
1 49
2 4
2 5
2 12
2 19
2 20
2 21
2 23
2 25
2 26
2 28
2 31
2 32
2 33
2 43
2 44
2 49
3 5
3 10
3 12
3 17
3 20
3 21
3 28
3 31
3 32
3 33
3 35
3 40
3 43
3 44
3 49
4 5
4 10
4 12
4 25
4 28
4 31
4 32
4 33
4 44
12 5
12 17
12 19
12 28
12 31
12 32
12 33
12 40
12 44
12 49
20 10
20 23
20 25
20 26
20 33
20 40
20 44
20 49
23 10
23 17
23 21
23 25
23 26
23 32
23 35
23 40
23 49
26 10
26 17
26 31
26 33
26 35
26 41
26 43
26 49
28 5
28 32
28 33
28 43
28 49
31 5
31 21
31 25
31 32
31 41
32 10
32 17
32 19
32 40
32 41
32 43
32 49
35 5
35 10
35 17
35 25
35 41
35 43
35 44
44 5
44 21
44 33
44 49
49 10
49 43
5 19
5 25
5 41
19 17
19 25
19 33
19 40
19 41
21 10
21 25
21 40
21 41
21 43
25 17
25 40
33 40
43 41
10 40
40 41