27 42 26 9 31 11 12 43 16 1 22 7 19 6 36 10 4 35 40 20 46 29 30 32 14 5 18 2 48 23 28 17 21 45 3 47 34 41 39 38 15 8 13 24 49 25 37 33 44 0
27 42
27 47
27 12
27 49
27 29
42 28
42 4
42 22
42 39
42 9
26 9
26 20
26 17
26 19
26 38
26 43
26 23
26 30
9 12
9 48
9 5
9 33
9 8
9 40
9 24
9 11
9 13
31 11
31 41
31 32
11 43
11 10
11 48
11 6
11 21
11 34
11 41
11 14
11 7
11 28
11 29
11 20
12 4
12 8
12 43
12 23
43 20
43 5
43 32
16 1
1 35
1 30
22 7
22 34
22 22
22 46
7 46
7 48
7 37
19 6
19 23
19 15
19 3
6 35
6 14
36 10
36 5
36 34
10 14
10 45
10 37
10 10
4 5
4 23
35 40
35 45
35 30
35 33
40 39
40 40
40 47
40 28
20 13
20 41
20 49
20 30
46 29
46 28
46 45
29 23
29 25
29 37
30 32
30 2
30 5
30 8
32 3
32 34
32 2
14 25
14 5
14 44
14 17
14 24
5 47
5 24
18 2
18 45
18 25
18 15
2 45
2 34
48 38
23 8
23 15
28 21
28 17
28 8
28 0
28 24
17 13
17 24
21 45
21 3
3 49
3 39
3 37
47 49
34 15
41 49
39 44
39 15
39 0
38 0
15 8
15 33
8 24
13 49
49 25