0 49 1 16 46 2 5 9 45 3 6 30 26 28 4 25 23 39 13 14 12 24 7 43 8 21 31 10 27 11 48 32 38 35 36 15 22 17 41 47 18 29 34 19 40 20 42 33 44 37
0 49
0 1
49 9
49 21
49 25
49 26
49 40
1 16
1 46
16 10
16 39
16 48
46 42
46 44
2 5
2 9
2 45
5 23
5 25
5 39
9 21
9 31
45 30
3 6
3 30
3 26
3 28
6 13
6 14
6 12
6 24
30 4
30 12
30 37
26 41
4 25
25 19
23 8
23 20
23 43
39 33
13 32
13 38
13 31
13 35
14 31
14 27
14 36
14 43
24 42
7 43
43 37
21 40
21 48
31 19
31 38
10 27
27 15
11 48
32 19
38 15
35 40
35 36
35 47
36 18
15 22
17 41
17 47
47 18
18 29
18 34
29 19
29 33
29 44
34 37
19 40
40 20