0 16 47 1 5 9 24 41 2 14 28 40 3 10 39 4 6 7 20 30 37 44 48 43 19 25 27 29 38 12 17 35 8 11 33 34 45 36 13 46 15 26 32 22 18 31 21 42 23 49
0 16
0 47
16 1
16 10
16 26
16 32
16 37
47 3
47 6
47 7
47 24
47 48
1 5
1 9
1 24
1 41
5 4
5 10
5 20
5 24
5 39
5 40
5 43
9 10
9 24
9 34
9 44
9 45
24 18
24 19
24 34
41 3
41 7
41 8
41 32
41 42
2 14
2 28
2 40
14 4
14 10
14 19
14 34
14 35
14 46
14 48
28 15
28 21
28 27
40 10
40 11
40 15
40 26
40 36
40 43
40 49
3 10
3 39
10 7
10 36
10 38
39 4
39 32
39 37
39 44
39 49
4 6
4 7
4 20
4 30
4 37
4 44
4 48
6 19
6 25
6 27
6 29
6 38
7 12
7 17
7 20
7 25
7 35
20 30
20 34
20 44
20 45
30 22
30 33
30 36
37 17
37 29
37 32
37 45
44 49
48 11
48 15
48 42
43 15
19 11
19 27
19 31
19 46
25 12
25 27
25 34
27 15
27 17
27 22
27 26
27 45
29 31
38 22
38 23
17 15
17 22
17 32
8 11
8 33
33 22
33 42
34 42
45 13
45 26
46 22
46 23
46 31
22 42
31 23
31 42
31 49