7 30 39 2 4 21 15 14 8 10 5 16 42 32 13 23 26 36 41 24 35 18 1 0 22 34 11 20 33 44 31 6 38 37 29 19 3 12 40 25 28 9 45 27 43 17 48 46 47 49
7 30
7 0
7 33
7 28
7 11
7 29
7 5
7 38
7 24
7 37
7 36
7 21
7 27
7 44
7 34
7 3
7 14
7 35
7 23
7 45
7 6
7 9
7 41
7 43
7 48
7 49
30 18
30 6
30 11
30 12
30 4
30 21
30 29
30 44
30 26
30 43
30 28
30 25
30 8
30 14
30 37
30 40
30 3
30 1
30 35
30 42
30 5
30 13
30 48
30 49
39 2
39 23
39 20
39 27
39 28
39 35
39 5
39 41
39 11
39 22
39 8
39 36
39 6
39 48
39 49
2 37
2 3
2 20
2 22
2 4
2 18
2 0
2 12
2 33
2 45
2 24
2 5
2 16
2 48
2 49
4 21
4 32
4 42
4 45
4 0
4 14
4 37
4 33
4 44
4 35
4 15
4 16
4 11
4 17
4 25
4 23
4 36
4 29
4 38
4 48
4 49
21 34
21 35
21 29
21 33
21 19
21 22
21 5
21 44
21 6
21 45
21 25
21 14
21 43
21 3
21 37
21 10
21 9
21 31
21 48
21 49
15 14
15 8
15 20
15 16
15 33
15 19
15 25
15 1
15 35
15 6
15 17
15 23
15 18
15 27
15 24
15 43
15 32
15 48
15 49
14 40
14 22
14 11
14 32
14 5
14 26
14 12
14 1
14 16
14 3
14 13
14 29
14 9
14 41
14 37
14 45
14 48
14 49
8 41
8 11
8 22
8 35
8 34
8 3
8 0
8 36
8 25
8 45
8 24
8 37
8 10
8 32
8 38
8 40
8 48
8 49
10 5
10 13
10 11
10 44
10 38
10 42
10 23
10 9
10 27
10 18
10 45
10 34
10 33
10 22
10 16
10 48
10 49
5 32
5 26
5 19
5 28
5 13
5 41
5 1
5 44
5 3
5 12
5 36
5 9
5 45
5 31
5 25
5 16
5 27
5 42
5 6
5 40
5 48
5 49
16 42
16 32
16 43
16 13
16 41
16 35
16 18
16 3
16 12
16 17
16 31
16 6
16 33
16 28
16 45
16 19
16 36
16 20
16 38
16 48
16 49
42 18
42 25
42 35
42 28
42 34
42 29
42 6
42 3
42 23
42 27
42 19
42 45
42 37
42 0
42 48
42 49
32 11
32 20
32 41
32 9
32 31
32 24
32 1
32 23
32 25
32 28
32 19
32 17
32 36
32 48
32 49
13 23
13 36
13 1
13 11
13 19
13 22
13 37
13 18
13 9
13 34
13 44
13 24
13 33
13 6
13 0
13 48
13 49
23 41
23 18
23 43
23 1
23 29
23 38
23 6
23 11
23 26
23 27
23 48
23 49
26 22
26 36
26 35
26 20
26 37
26 40
26 31
26 27
26 28
26 12
26 29
26 24
26 11
26 18
26 33
26 48
26 49
36 37
36 28
36 11
36 6
36 3
36 24
36 35
36 18
36 25
36 38
36 34
36 27
36 9
36 43
36 41
36 48
36 49
41 20
41 43
41 1
41 24
41 22
41 38
41 37
41 33
41 48
41 49
24 35
24 3
24 34
24 17
24 29
24 22
24 19
24 9
24 48
24 49
35 0
35 19
35 25
35 9
35 31
35 20
35 33
35 43
35 40
35 6
35 1
35 17
35 44
35 48
35 49
18 44
18 12
18 0
18 28
18 1
18 9
18 48
18 49
1 31
1 43
1 25
1 45
1 29
1 20
1 33
1 37
1 28
1 3
1 11
1 9
1 48
1 49
0 6
0 17
0 19
0 3
0 20
0 43
0 38
0 28
0 27
0 37
0 48
0 49
22 19
22 9
22 11
22 34
22 33
22 44
22 38
22 29
22 12
22 3
22 40
22 20
22 25
22 48
22 49
34 31
34 19
34 9
34 12
34 11
34 25
34 27
34 17
34 48
34 49
11 29
11 6
11 43
11 20
11 3
11 33
11 38
11 48
11 49
20 38
20 25
20 31
20 28
20 17
20 27
20 40
20 29
20 48
20 49
33 38
33 45
33 48
33 49
44 17
44 28
44 40
44 43
44 19
44 48
44 49
31 40
31 27
31 28
31 29
31 19
31 9
31 6
31 38
31 37
31 43
31 48
31 49
6 45
6 25
6 40
6 19
6 48
6 49
38 29
38 12
38 27
38 43
38 40
38 48
38 49
37 3
37 27
37 40
37 48
37 49
29 25
29 3
29 27
29 19
29 43
29 17
29 48
29 49
19 25
19 28
19 45
19 43
19 40
19 48
19 49
3 12
3 25
3 28
3 27
3 48
3 49
12 40
12 27
12 45
12 17
12 48
12 49
40 17
40 27
40 9
40 48
40 49
25 28
25 9
25 45
25 48
25 49
28 9
28 48
28 49
9 17
9 48
9 49
45 27
45 48
45 49
27 48
27 49
43 48
43 49
17 48
17 49
48 46
48 47
48 49
46 49
47 49