0 6 48 14 36 22 37 13 42 23 5 41 44 43 11 10 3 40 7 26 16 49 12 21 1 39 8 30 20 46 17 29 2 24 33 9 47 38 35 25 32 45 31 18 19 15 4 28 27 34
0 6
0 48
0 14
0 36
0 22
0 37
0 13
0 42
0 23
0 5
0 41
0 44
0 43
0 11
0 10
0 3
0 40
0 7
0 26
0 16
0 49
0 12
0 21
6 3
6 48
6 34
6 31
6 15
6 41
6 19
6 29
6 35
6 7
6 39
6 27
6 36
6 46
6 21
6 38
6 13
6 40
6 23
6 26
48 1
48 2
48 5
48 8
48 9
48 11
48 12
48 13
48 15
48 16
48 18
48 24
48 27
48 29
48 34
48 37
48 38
48 44
48 46
48 47
14 1
14 2
14 5
14 7
14 9
14 13
14 34
14 17
14 37
14 31
14 20
14 19
14 40
14 29
14 23
14 26
14 21
14 47
14 43
14 27
14 45
14 39
14 30
14 25
14 24
36 1
36 2
36 9
36 12
36 13
36 19
36 20
36 23
36 27
36 28
36 29
36 30
36 31
36 34
36 45
36 47
22 1
22 2
22 5
22 7
22 8
22 11
22 13
22 15
22 16
22 19
22 20
22 21
22 29
22 26
22 45
22 23
22 49
22 34
22 32
22 43
22 38
37 4
37 7
37 8
37 10
37 11
37 12
37 16
37 20
37 25
37 26
37 27
37 30
37 31
37 33
37 34
37 42
37 45
37 40
37 47
37 46
37 39
13 2
13 3
13 7
13 10
13 11
13 12
13 27
13 44
13 33
13 41
13 31
13 20
13 29
13 24
13 49
13 34
13 46
13 23
13 26
13 38
13 40
42 2
42 4
42 5
42 7
42 12
42 16
42 17
42 19
42 20
42 21
42 24
42 25
42 26
42 28
42 29
42 30
42 33
42 34
42 39
42 40
42 41
42 49
42 45
42 44
23 2
23 3
23 7
23 8
23 12
23 17
23 18
23 20
23 21
23 35
23 49
23 41
23 29
23 25
23 31
23 45
23 24
23 33
23 43
23 47
23 26
5 2
5 3
5 4
5 43
5 33
5 17
5 25
5 32
5 35
5 38
5 41
5 46
5 30
5 27
5 26
5 19
5 9
5 40
5 47
5 10
5 29
5 20
5 34
5 16
5 24
5 44
5 31
5 28
41 1
41 2
41 9
41 10
41 11
41 12
41 18
41 20
41 21
41 25
41 26
41 27
41 29
41 30
41 40
41 46
41 44
41 49
44 1
44 2
44 3
44 4
44 8
44 9
44 15
44 16
44 17
44 18
44 21
44 24
44 26
44 31
44 33
44 38
44 40
44 43
44 45
44 46
44 47
44 49
43 1
43 2
43 8
43 12
43 16
43 17
43 21
43 24
43 26
43 28
43 31
43 35
43 38
43 40
43 49
11 1
11 2
11 9
11 10
11 26
11 25
11 33
11 12
11 28
11 16
11 32
11 34
11 40
11 17
11 18
11 21
11 49
10 3
10 4
10 9
10 25
10 45
10 19
10 26
10 32
10 28
10 39
10 12
10 38
10 18
10 17
3 1
3 2
3 33
3 16
3 46
3 8
3 32
3 45
3 40
3 31
3 18
3 29
3 26
3 19
3 15
3 39
3 25
3 4
3 38
40 4
40 8
40 15
40 17
40 19
40 20
40 21
40 25
40 26
40 28
40 30
40 31
40 34
40 35
40 38
40 39
40 45
40 46
7 2
7 4
7 34
7 39
7 15
7 35
7 33
7 26
7 49
7 16
7 18
7 27
7 20
7 9
7 30
7 38
26 8
26 12
26 15
26 16
26 17
26 18
26 20
26 21
26 24
26 29
26 35
26 27
26 33
26 31
26 38
26 32
16 1
16 2
16 8
16 9
16 12
16 49
16 33
16 32
16 27
16 17
16 31
16 21
16 28
16 19
16 39
16 38
16 46
16 24
16 30
49 2
49 9
49 12
49 19
49 21
49 24
49 25
49 30
49 35
49 38
49 39
49 45
49 47
12 1
12 2
12 9
12 29
12 35
12 46
12 38
12 33
12 17
12 28
12 18
12 19
12 39
12 20
12 31
21 1
21 2
21 8
21 15
21 17
21 18
21 27
21 28
21 29
21 31
21 32
1 39
1 8
1 30
1 20
1 46
1 17
1 29
1 2
1 24
1 33
1 9
1 47
1 38
1 35
39 2
39 4
39 8
39 9
39 19
39 20
39 24
39 28
39 29
39 30
39 33
39 35
39 46
39 45
8 4
8 35
8 32
8 17
8 45
8 46
8 38
8 18
8 24
8 9
8 34
8 20
8 31
30 4
30 15
30 20
30 24
30 25
30 27
30 28
30 29
30 45
30 47
30 35
30 46
30 31
20 2
20 9
20 15
20 17
20 18
20 19
20 33
20 35
20 32
20 38
20 45
20 46
20 28
20 27
46 4
46 17
46 18
46 24
46 25
46 27
46 29
46 33
46 34
46 35
46 38
46 45
17 2
17 4
17 9
17 25
17 32
17 33
17 34
17 47
17 18
17 24
17 45
17 35
29 4
29 9
29 15
29 18
29 19
29 24
29 25
29 35
29 33
29 47
29 34
2 9
2 47
2 24
2 25
2 33
24 4
24 9
24 18
24 19
24 25
24 35
24 27
24 34
33 18
33 19
33 25
33 27
33 28
33 32
33 45
9 4
9 34
9 19
9 25
9 35
9 27
9 15
9 47
9 32
47 15
47 27
47 28
47 35
38 18
38 27
38 28
38 31
35 25
35 27
35 28
35 32
35 34
35 45
25 4
25 15
25 18
25 19
25 31
25 27
25 28
32 15
32 18
32 19
32 28
32 34
45 4
45 15
45 27
45 31
31 4
31 18
31 19
31 27
31 28
31 34
18 15
18 34
18 19
18 28
18 27
19 4
19 15
19 27
19 34
15 4
15 34
15 27
4 28
4 27
28 27
28 34