0 32 29 17 1 14 41 34 2 27 24 15 20 3 42 10 4 13 22 40 5 33 45 11 6 30 47 48 49 7 38 8 21 43 46 44 9 35 12 23 31 16 26 18 19 25 28 36 37 39
0 32
0 29
0 17
32 1
32 15
32 26
32 46
29 3
29 18
29 35
17 7
17 16
17 46
1 14
1 41
1 34
14 7
14 11
14 34
41 9
41 10
41 23
34 3
34 11
34 19
34 22
34 43
34 46
2 27
2 24
2 15
2 20
27 10
27 26
27 36
27 45
24 9
24 12
24 20
15 31
15 33
20 5
20 25
20 28
3 42
3 10
42 36
42 44
10 5
10 21
10 47
10 46
10 22
10 23
4 13
4 22
4 40
13 12
22 6
40 39
40 43
5 33
5 45
5 11
33 9
45 6
45 16
45 18
45 31
11 31
6 30
6 47
6 48
6 49
30 12
30 46
47 43
48 19
48 25
48 37
48 43
49 26
49 43
7 38
38 8
8 21
8 43
8 46
8 44
46 31
44 16
9 35
9 12
35 31
23 16
23 19
31 16
16 26
28 36
37 39