0 5 7 11 32 34 40 48 1 4 20 26 2 6 13 37 3 23 28 43 10 21 49 19 33 27 36 42 8 31 9 17 25 30 12 14 15 16 38 47 46 24 39 18 44 22 41 29 45 35
0 5
0 7
0 11
0 32
0 34
0 40
0 48
5 3
5 19
5 33
7 27
7 36
7 42
11 3
11 26
11 30
32 1
32 12
32 14
32 35
32 47
32 49
34 13
34 35
34 48
40 9
40 15
40 30
48 8
48 15
48 19
48 30
48 49
1 4
1 20
1 26
4 10
4 21
4 43
4 49
20 16
20 22
20 24
20 47
26 3
26 9
26 41
26 46
2 6
2 13
2 37
6 37
13 9
13 10
13 21
13 31
13 36
13 49
37 14
37 21
37 25
37 38
37 44
3 23
3 28
3 43
23 42
28 19
28 21
43 16
43 17
43 18
43 24
43 42
10 17
10 25
21 24
21 36
19 27
19 31
19 36
19 38
19 44
19 46
33 42
27 14
27 15
27 16
27 29
27 30
27 45
36 17
36 25
42 24
8 31
31 14
31 15
31 35
31 41
31 46
17 18
25 38
30 41
14 15
14 16
14 38
14 47
15 38
15 46
16 24
16 39
47 18
47 46
24 41
44 41