0 1 2 3 4 5 6 7 8 9 10 11 12 13 14 15 16 17 18 19 20 21 22 23 24 25 26 27 28 29 30 31 32 33 34 35 36 37 38 39 40 41 42 43 44 45 46 47 48 49
0 1
0 8
0 28
0 46
0 27
0 10
1 2
1 27
1 38
1 25
1 29
2 3
2 31
2 6
2 23
2 49
2 30
3 4
3 29
3 16
3 5
3 17
3 35
4 5
5 6
5 26
5 9
5 45
6 7
6 19
6 45
6 24
6 20
7 8
7 19
7 33
7 9
7 34
7 12
7 28
7 24
8 9
8 19
8 27
8 28
9 10
9 32
10 11
10 39
10 49
10 26
11 12
11 37
11 39
12 13
12 28
12 29
12 17
13 14
13 37
13 48
13 30
13 47
13 36
14 15
14 48
14 22
15 16
15 24
15 41
15 45
16 17
16 22
16 43
17 18
18 19
18 43
18 36
18 27
18 31
19 20
19 38
20 21
20 47
20 29
20 45
21 22
22 23
22 39
22 38
22 25
23 24
23 32
23 45
23 40
24 25
24 45
24 38
25 26
26 27
26 49
26 46
27 28
27 47
28 29
29 30
29 41
30 31
30 42
30 49
31 32
32 33
32 38
33 34
33 48
33 47
34 35
35 36
35 38
35 49
36 37
37 38
37 39
38 39
38 42
38 48
39 40
40 41
40 44
41 42
42 43
43 44
44 45
45 46
46 47
46 49
47 48
48 49