0 1 2 3 4 5 6 7 8 9 10 11 12 13 14 15 16 17 18 19 20 21 22 23 24 25 26 27 28 29 30 31 32 33 34 35 36 37 38 39 40 41 42 43 44 45 46 47 48 49
0 1
0 2
0 3
1 2
1 4
2 3
2 4
2 5
2 6
3 6
4 5
4 7
5 6
5 7
6 7
7 8
7 9
7 10
8 9
8 11
9 10
9 11
9 12
9 13
10 13
11 12
11 14
12 13
12 14
13 14
14 15
14 16
14 17
15 16
15 18
16 17
16 18
16 19
16 20
17 20
18 19
18 21
19 20
19 21
20 21
21 22
21 23
21 24
22 23
22 25
23 24
23 25
23 26
23 27
24 27
25 26
25 28
26 27
26 28
27 28
28 29
28 30
28 31
29 30
29 32
30 31
30 32
30 33
30 34
31 34
32 33
32 35
33 34
33 35
34 35
35 36
35 37
35 38
36 37
36 39
37 38
37 39
37 40
37 41
38 41
39 40
39 42
40 41
40 42
41 42
42 43
42 44
42 45
43 44
43 46
44 45
44 46
44 47
44 48
45 48
46 47
46 49
47 48
47 49
48 49