0 8 9 10 14 17 18 22 24 26 46 48 1 12 33 2 11 13 21 27 29 37 40 3 15 16 19 30 34 47 4 23 25 49 5 32 36 38 41 6 20 28 42 7 35 45 39 43 44 31
0 8
0 9
0 10
0 14
0 17
0 18
0 22
0 24
0 26
0 46
0 48
8 1
8 2
8 3
8 4
8 5
8 6
8 7
8 9
8 10
8 11
8 12
8 13
8 14
8 15
8 16
8 17
8 19
8 23
8 28
8 29
8 32
8 35
8 37
8 39
8 41
8 43
8 44
8 45
8 46
9 1
9 3
9 4
9 5
9 6
9 7
9 10
9 11
9 14
9 16
9 17
9 19
9 21
9 23
9 24
9 25
9 26
9 32
9 33
9 34
9 35
9 38
9 39
9 43
9 45
9 46
9 47
10 2
10 3
10 4
10 5
10 7
10 11
10 13
10 14
10 16
10 17
10 18
10 21
10 24
10 25
10 27
10 29
10 30
10 34
10 37
10 38
10 43
10 44
10 46
10 47
14 5
14 11
14 12
14 13
14 15
14 16
14 19
14 20
14 21
14 22
14 24
14 26
14 27
14 29
14 31
14 34
14 36
14 37
14 42
14 43
14 48
17 6
17 11
17 12
17 16
17 18
17 20
17 37
17 39
17 42
18 2
18 7
18 12
18 13
18 16
18 21
18 23
18 31
18 32
18 33
18 35
18 38
22 2
22 5
22 7
22 12
22 19
22 20
22 27
22 45
22 47
24 4
24 6
24 11
24 20
24 25
24 28
26 5
26 7
26 13
26 20
26 23
26 30
26 33
26 39
26 43
26 48
46 13
46 19
46 23
46 34
48 6
48 16
48 19
48 34
48 37
1 12
1 33
12 3
12 4
12 5
12 6
12 7
12 11
12 13
12 16
12 19
12 20
12 23
12 25
12 27
12 28
12 29
12 30
12 31
12 32
12 33
12 35
12 36
12 41
12 44
12 49
33 5
33 7
33 23
33 40
33 41
2 11
2 13
2 21
2 27
2 29
2 37
2 40
11 3
11 4
11 5
11 7
11 13
11 19
11 20
11 28
11 30
11 36
11 39
11 44
11 47
13 3
13 4
13 5
13 15
13 16
13 19
13 21
13 23
13 27
13 31
13 38
13 42
21 7
21 19
21 31
21 34
21 42
21 49
27 19
27 20
27 29
27 34
27 35
27 36
27 45
29 19
29 20
29 35
29 37
29 39
37 15
37 25
37 39
37 40
37 49
40 15
40 16
40 23
40 32
40 39
40 43
40 45
3 15
3 16
3 19
3 30
3 34
3 47
15 4
15 5
15 6
15 7
15 30
15 35
16 5
16 20
16 25
16 31
16 38
16 41
16 43
16 49
19 5
19 20
19 23
19 25
19 28
19 30
19 32
19 34
19 44
30 5
30 38
30 44
30 47
30 49
34 4
34 42
34 44
34 45
47 20
47 41
4 23
4 25
4 49
23 7
23 28
23 32
23 36
23 41
23 45
25 5
25 28
25 31
25 41
49 39
49 45
5 32
5 36
5 38
5 41
32 7
32 41
36 7
36 20
38 7
6 20
6 28
6 42
20 7
20 42
20 43
28 31
42 31
7 35
7 45
39 31
43 44