24 28 8 13 1 48 21 35 46 9 34 15 40 42 2 41 0 7 11 31 19 22 45 5 16 10 29 44 18 43 14 37 32 6 47 36 49 26 4 23 27 17 38 25 39 30 12 3 33 20
24 28
24 46
24 32
24 13
24 12
24 41
24 48
24 18
24 1
24 0
24 35
24 23
24 36
24 17
24 30
24 26
24 6
24 38
24 22
24 2
24 20
28 43
28 5
28 46
28 23
28 21
28 19
28 1
28 8
28 40
28 4
28 44
28 15
28 20
28 7
28 37
28 48
28 22
28 16
28 30
8 13
8 1
8 14
8 30
8 43
8 44
8 10
8 20
8 38
8 32
8 41
8 2
8 0
8 39
8 5
8 49
8 16
8 6
8 33
8 25
8 42
8 9
8 17
8 37
8 35
13 47
13 14
13 39
13 3
13 7
13 11
13 21
13 41
13 29
13 12
13 33
13 49
13 18
13 32
13 42
13 44
13 17
13 35
13 36
1 48
1 15
1 45
1 39
1 32
1 31
1 38
1 20
1 14
1 18
1 11
1 17
1 36
1 40
1 34
1 37
1 0
1 47
1 33
1 22
48 34
48 37
48 39
48 32
48 3
48 14
48 47
48 9
48 0
48 45
48 49
48 23
48 20
48 38
48 27
21 35
21 42
21 23
21 39
21 46
21 14
21 7
21 4
21 47
21 2
21 32
21 5
21 16
21 29
21 0
21 38
21 25
21 40
21 33
21 6
35 46
35 0
35 37
35 41
35 19
35 33
35 44
35 36
35 30
35 7
35 45
35 26
46 37
46 10
46 19
46 5
46 38
46 14
46 34
46 15
46 0
46 44
46 12
46 18
46 33
9 34
9 11
9 47
9 20
9 42
9 31
9 29
9 25
9 49
9 14
9 44
9 12
9 30
9 38
9 33
9 32
9 3
9 27
34 19
34 2
34 43
34 27
34 31
34 20
34 23
34 7
34 36
34 49
34 40
34 45
34 32
15 40
15 43
15 10
15 25
15 6
15 44
15 19
15 20
15 42
15 41
15 4
15 12
15 36
15 32
15 2
15 47
15 3
15 49
15 0
15 39
40 23
40 19
40 12
40 11
40 33
40 3
40 7
40 25
40 6
40 47
40 4
40 27
40 22
40 0
42 39
42 4
42 16
42 33
42 49
42 44
42 5
42 12
42 0
42 17
2 41
2 10
2 29
2 47
2 3
2 23
2 32
2 18
2 19
2 38
2 26
2 25
41 22
41 17
41 16
41 30
41 25
41 32
41 38
41 47
41 20
41 12
41 29
41 14
41 45
41 11
41 33
41 49
0 7
0 47
0 44
0 43
0 16
0 30
0 38
0 33
0 12
0 29
0 3
0 10
0 26
7 45
7 4
7 27
7 30
7 20
7 39
7 19
7 25
7 11
7 49
7 12
7 17
7 36
7 44
11 31
11 17
11 30
11 3
11 33
11 6
11 25
11 5
11 27
11 18
11 20
31 10
31 27
31 47
31 25
31 49
31 32
31 36
31 45
31 16
31 6
31 23
31 26
31 30
31 39
19 22
19 12
19 17
19 38
19 32
19 44
19 10
19 25
19 37
19 16
19 27
22 10
22 44
22 45
22 43
22 25
22 37
22 23
45 37
45 10
45 6
45 47
45 38
45 32
45 14
45 49
45 18
45 5
5 16
5 29
5 17
5 14
5 26
5 25
5 49
5 36
5 4
5 32
16 37
16 29
16 44
16 17
16 36
16 4
16 6
16 27
16 3
16 12
10 32
10 47
10 37
10 14
10 18
10 36
10 17
10 20
10 43
10 23
29 44
29 43
29 20
29 14
29 26
29 38
29 27
44 37
44 20
44 17
44 30
44 12
44 33
44 3
44 18
44 43
44 36
18 43
18 30
18 4
18 3
18 33
18 26
18 20
18 12
43 14
43 3
43 23
43 6
43 20
43 47
43 38
43 4
14 37
14 17
14 33
14 49
14 25
14 12
37 17
37 12
37 33
37 4
37 39
37 25
37 47
32 17
32 12
32 3
32 47
32 49
32 26
32 25
32 6
32 39
32 30
6 47
6 30
6 12
6 17
6 25
6 49
47 26
47 27
47 38
47 33
47 39
36 49
36 20
36 23
36 4
36 39
36 12
49 25
49 30
49 20
49 4
49 12
49 23
49 26
26 4
26 23
26 3
26 33
26 20
26 25
26 39
26 12
4 23
4 39
4 27
4 33
4 25
23 38
23 20
23 33
23 25
23 27
23 12
23 17
27 33
27 12
27 30
27 38
17 39
17 30
17 3
17 33
17 20
38 33
38 30
38 20
38 39
25 39
25 12
25 3
25 33
39 20
39 33
30 12
3 33
3 20
33 20