19 41 23 42 38 29 14 7 36 9 20 24 32 40 16 2 30 13 45 17 35 0 12 10 31 34 11 21 28 6 37 43 22 33 27 46 8 25 44 4 39 5 18 3 48 1 49 47 26 15
19 41
19 23
19 42
19 38
19 29
19 14
19 7
19 36
19 9
19 20
19 24
19 32
19 40
19 16
19 2
19 30
19 13
19 45
19 17
19 35
19 0
19 12
19 10
19 31
19 34
41 11
41 13
41 45
41 17
41 35
41 21
41 28
41 6
41 37
41 43
41 32
41 30
41 23
41 16
41 22
41 9
41 33
41 27
41 31
41 46
23 30
23 31
23 45
23 36
23 2
23 17
23 9
23 38
23 37
23 14
23 35
23 12
23 11
23 24
23 47
23 8
23 29
23 4
23 40
23 46
23 43
23 6
23 1
23 26
23 15
23 42
23 5
23 25
23 44
42 32
42 30
42 31
42 49
42 45
42 2
42 7
42 12
42 0
42 44
42 28
42 40
42 5
42 9
42 20
42 38
42 29
42 17
42 15
42 27
42 11
42 43
42 22
42 1
42 21
42 46
38 31
38 16
38 49
38 36
38 33
38 2
38 34
38 7
38 12
38 35
38 8
38 10
38 44
38 5
38 9
38 17
38 22
38 46
38 26
38 37
38 21
38 1
38 15
38 27
38 18
29 32
29 30
29 31
29 16
29 49
29 45
29 39
29 34
29 12
29 47
29 0
29 25
29 14
29 8
29 44
29 5
29 9
29 43
29 1
29 46
29 15
29 27
29 17
29 48
14 33
14 2
14 34
14 7
14 35
14 0
14 8
14 48
14 5
14 15
14 6
14 22
14 20
14 1
14 37
14 26
14 9
14 43
7 30
7 31
7 16
7 49
7 45
7 36
7 34
7 47
7 0
7 44
7 28
7 6
7 37
7 35
7 3
7 17
7 46
7 15
7 8
7 25
7 26
7 11
7 9
7 24
7 43
7 13
7 1
7 40
36 32
36 31
36 45
36 33
36 8
36 25
36 2
36 37
36 35
36 18
36 0
36 24
36 15
36 17
36 21
9 32
9 30
9 16
9 33
9 2
9 34
9 12
9 35
9 25
9 8
9 6
9 44
9 20
9 43
9 26
9 46
9 24
9 15
9 21
9 37
9 3
20 32
20 30
20 31
20 12
20 35
20 47
20 25
20 40
20 15
20 27
20 24
20 48
20 17
20 3
20 22
20 37
20 26
20 43
20 13
24 31
24 16
24 45
24 39
24 2
24 12
24 0
24 25
24 8
24 6
24 44
24 28
24 27
24 13
24 21
24 46
24 22
24 26
32 30
32 35
32 22
32 8
32 34
32 25
32 12
32 44
32 16
32 11
32 40
32 27
32 0
32 4
32 43
32 39
32 5
40 31
40 49
40 33
40 2
40 34
40 35
40 0
40 25
40 8
40 10
40 6
40 44
40 28
40 26
40 3
40 17
40 37
40 22
40 5
40 15
40 46
16 30
16 31
16 47
16 8
16 26
16 13
16 22
16 34
16 3
16 15
16 5
16 18
16 48
16 2
16 28
16 17
16 33
2 31
2 33
2 39
2 12
2 25
2 28
2 6
2 10
2 35
2 3
2 18
2 8
2 37
2 43
2 1
2 22
2 26
2 11
2 17
2 21
30 35
30 6
30 18
30 3
30 39
30 0
30 34
30 4
30 48
30 1
30 33
30 46
30 25
30 28
30 21
30 45
30 17
30 11
13 49
13 45
13 35
13 47
13 8
13 6
13 17
13 15
13 43
13 22
13 18
45 31
45 49
45 18
45 44
45 39
45 6
45 43
45 21
45 0
45 11
45 15
45 10
45 26
45 28
45 34
45 5
45 1
45 33
17 49
17 33
17 39
17 34
17 8
17 10
17 6
17 4
17 28
17 5
17 15
17 37
17 22
17 27
17 43
35 31
35 49
35 33
35 39
35 34
35 12
35 4
35 27
35 46
35 48
35 0
35 25
35 43
35 22
35 15
35 26
0 31
0 33
0 39
0 34
0 12
0 25
0 5
0 37
0 22
0 48
0 11
0 26
0 43
0 46
12 33
12 8
12 37
12 28
12 27
12 5
12 4
12 3
12 21
12 25
12 10
12 11
12 6
12 22
12 48
10 31
10 49
10 33
10 39
10 47
10 44
10 37
10 27
10 4
10 6
10 3
10 46
10 18
31 25
31 21
31 27
31 48
31 49
31 11
31 47
31 44
31 8
31 3
31 28
31 39
31 46
34 49
34 39
34 6
34 4
34 22
34 27
34 3
34 46
34 47
34 43
34 28
34 44
34 1
34 11
11 33
11 25
11 8
11 6
11 44
11 22
11 48
11 26
11 46
11 18
11 37
21 49
21 39
21 47
21 8
21 4
21 27
21 22
21 46
21 18
21 37
21 1
28 49
28 47
28 8
28 6
28 44
28 4
28 15
28 18
28 26
28 22
28 1
28 3
28 5
28 27
6 33
6 39
6 47
6 25
6 8
6 4
6 26
6 22
6 3
6 46
6 43
6 27
37 49
37 25
37 8
37 5
37 15
37 48
37 43
37 18
37 3
37 1
37 26
43 49
43 25
43 8
43 44
43 15
43 27
43 48
43 46
43 18
43 3
22 47
22 25
22 44
22 27
22 3
22 1
22 46
33 18
33 26
33 25
33 27
33 5
33 15
27 49
27 39
27 47
27 8
27 44
27 5
27 3
46 8
46 4
46 15
46 1
46 18
46 3
8 47
8 25
8 48
8 3
8 18
8 26
8 15
8 44
8 1
25 47
25 26
25 1
25 18
25 3
25 4
44 49
44 39
44 47
44 4
44 3
4 3
4 18
4 1
4 5
39 1
5 49
5 47
5 15
5 26
5 3
5 48
18 49
18 47
18 3
18 26
3 47
3 48
3 26
48 49
1 49
1 15
1 26
49 47
47 26