0 33 47 18 45 12 46 30 44 37 5 6 38 24 29 21 10 17 39 14 9 26 28 4 43 7 3 1 19 15 16 36 13 8 48 34 32 49 42 2 41 31 35 25 27 20 40 22 11 23
0 33
0 4
0 18
0 15
0 26
0 3
0 29
0 45
0 19
0 44
0 43
0 6
0 8
0 25
0 34
0 27
0 38
0 20
0 46
0 23
0 49
0 16
0 17
0 2
0 42
0 41
0 40
0 37
0 22
0 12
0 7
0 14
0 30
0 1
0 36
0 39
0 28
0 13
0 21
0 11
0 47
0 35
0 48
0 24
0 31
0 5
0 9
0 32
0 10
33 4
33 8
33 7
33 34
33 32
33 49
33 26
33 5
33 20
33 47
33 46
33 30
33 16
33 19
33 2
33 42
33 37
33 13
33 23
33 12
33 18
33 27
33 40
33 15
33 17
33 9
33 44
33 28
33 35
33 14
33 25
33 6
33 36
33 24
33 1
33 38
33 10
33 31
33 45
33 11
33 39
33 43
33 21
33 41
33 22
33 48
33 29
33 3
47 18
47 21
47 46
47 6
47 39
47 26
47 11
47 13
47 3
47 35
47 29
47 43
47 32
47 42
47 8
47 38
47 40
47 30
47 14
47 41
47 19
47 20
47 1
47 23
47 5
47 17
47 27
47 12
47 22
47 44
47 48
47 9
47 4
47 7
47 36
47 10
47 28
47 2
47 37
47 34
47 31
47 16
47 24
47 45
47 25
47 49
47 15
18 40
18 36
18 42
18 23
18 10
18 43
18 11
18 19
18 13
18 5
18 16
18 9
18 17
18 26
18 4
18 1
18 12
18 34
18 2
18 48
18 35
18 41
18 25
18 7
18 3
18 27
18 29
18 6
18 15
18 14
18 37
18 45
18 44
18 39
18 24
18 46
18 31
18 49
18 28
18 32
18 21
18 20
18 30
18 22
18 38
18 8
45 12
45 21
45 37
45 26
45 46
45 25
45 24
45 4
45 5
45 23
45 38
45 15
45 11
45 42
45 16
45 30
45 39
45 41
45 1
45 13
45 29
45 34
45 32
45 36
45 7
45 22
45 3
45 10
45 20
45 14
45 19
45 40
45 8
45 6
45 44
45 31
45 43
45 49
45 35
45 48
45 27
45 9
45 28
45 17
45 2
12 24
12 4
12 29
12 39
12 9
12 20
12 46
12 37
12 48
12 30
12 35
12 21
12 25
12 19
12 14
12 36
12 8
12 32
12 41
12 42
12 40
12 43
12 31
12 27
12 2
12 15
12 22
12 28
12 49
12 1
12 5
12 7
12 44
12 23
12 11
12 26
12 3
12 6
12 13
12 17
12 34
12 10
12 16
12 38
46 30
46 28
46 17
46 14
46 4
46 6
46 25
46 8
46 13
46 29
46 37
46 23
46 16
46 20
46 35
46 49
46 27
46 3
46 26
46 34
46 5
46 36
46 48
46 24
46 10
46 11
46 38
46 1
46 7
46 41
46 44
46 15
46 43
46 21
46 42
46 39
46 22
46 9
46 19
46 32
46 31
46 40
46 2
30 32
30 2
30 37
30 23
30 5
30 13
30 1
30 19
30 9
30 21
30 14
30 26
30 40
30 3
30 36
30 7
30 8
30 16
30 27
30 20
30 10
30 28
30 29
30 42
30 35
30 17
30 11
30 6
30 39
30 41
30 22
30 4
30 31
30 38
30 43
30 25
30 48
30 44
30 24
30 15
30 49
30 34
44 37
44 8
44 20
44 21
44 42
44 7
44 6
44 29
44 49
44 48
44 28
44 1
44 5
44 38
44 27
44 22
44 32
44 35
44 34
44 10
44 14
44 39
44 17
44 19
44 2
44 15
44 3
44 4
44 36
44 25
44 43
44 9
44 41
44 13
44 23
44 26
44 16
44 24
44 40
44 11
44 31
37 10
37 13
37 9
37 22
37 26
37 3
37 7
37 41
37 11
37 42
37 4
37 25
37 36
37 43
37 16
37 8
37 17
37 1
37 28
37 6
37 20
37 15
37 29
37 21
37 24
37 2
37 35
37 32
37 34
37 49
37 27
37 23
37 31
37 38
37 48
37 40
37 39
37 19
37 14
37 5
5 6
5 43
5 42
5 28
5 10
5 2
5 48
5 31
5 35
5 23
5 36
5 11
5 4
5 20
5 40
5 49
5 32
5 7
5 38
5 13
5 26
5 14
5 22
5 21
5 9
5 34
5 41
5 39
5 27
5 19
5 29
5 1
5 8
5 3
5 25
5 15
5 16
5 17
5 24
6 38
6 4
6 11
6 14
6 15
6 19
6 7
6 2
6 28
6 8
6 42
6 41
6 48
6 34
6 22
6 49
6 27
6 21
6 25
6 43
6 20
6 10
6 16
6 23
6 13
6 29
6 32
6 35
6 1
6 3
6 24
6 36
6 40
6 17
6 39
6 31
6 26
6 9
38 3
38 31
38 20
38 21
38 4
38 41
38 13
38 8
38 2
38 26
38 11
38 16
38 36
38 17
38 9
38 1
38 22
38 15
38 34
38 23
38 24
38 48
38 14
38 28
38 43
38 49
38 27
38 40
38 39
38 42
38 7
38 10
38 32
38 19
38 35
38 25
38 29
24 4
24 7
24 48
24 36
24 31
24 16
24 9
24 34
24 11
24 14
24 43
24 25
24 21
24 10
24 42
24 28
24 3
24 22
24 32
24 20
24 19
24 39
24 1
24 29
24 27
24 41
24 15
24 13
24 49
24 23
24 8
24 35
24 17
24 26
24 2
24 40
29 21
29 28
29 2
29 32
29 10
29 17
29 49
29 14
29 16
29 9
29 26
29 8
29 4
29 31
29 23
29 43
29 20
29 13
29 25
29 41
29 11
29 22
29 36
29 40
29 35
29 1
29 7
29 39
29 48
29 42
29 34
29 3
29 19
29 15
29 27
21 17
21 3
21 42
21 4
21 13
21 1
21 10
21 31
21 48
21 35
21 32
21 14
21 28
21 34
21 9
21 7
21 23
21 2
21 26
21 49
21 19
21 11
21 40
21 25
21 39
21 20
21 16
21 22
21 27
21 15
21 8
21 43
21 36
21 41
10 17
10 28
10 42
10 16
10 4
10 9
10 14
10 8
10 7
10 2
10 34
10 36
10 48
10 22
10 19
10 26
10 40
10 23
10 13
10 27
10 39
10 11
10 31
10 15
10 32
10 41
10 3
10 25
10 20
10 35
10 1
10 49
10 43
17 3
17 4
17 7
17 26
17 35
17 8
17 28
17 23
17 16
17 48
17 34
17 9
17 31
17 22
17 14
17 32
17 41
17 13
17 36
17 1
17 2
17 49
17 27
17 19
17 43
17 11
17 40
17 25
17 42
17 39
17 15
17 20
39 14
39 31
39 3
39 28
39 25
39 40
39 35
39 7
39 42
39 19
39 34
39 27
39 9
39 48
39 22
39 20
39 11
39 15
39 8
39 26
39 43
39 36
39 4
39 41
39 49
39 13
39 32
39 1
39 2
39 23
39 16
14 28
14 25
14 34
14 2
14 36
14 3
14 11
14 13
14 26
14 7
14 9
14 35
14 43
14 22
14 20
14 4
14 40
14 19
14 23
14 8
14 31
14 42
14 41
14 1
14 27
14 32
14 48
14 16
14 49
14 15
9 26
9 4
9 19
9 43
9 15
9 1
9 48
9 42
9 49
9 20
9 31
9 22
9 40
9 16
9 27
9 36
9 34
9 32
9 28
9 8
9 11
9 3
9 25
9 35
9 2
9 41
9 7
9 23
9 13
26 7
26 22
26 3
26 15
26 27
26 32
26 1
26 20
26 43
26 19
26 40
26 35
26 23
26 25
26 28
26 13
26 36
26 41
26 42
26 8
26 34
26 31
26 11
26 4
26 48
26 2
26 49
26 16
28 19
28 2
28 32
28 25
28 23
28 16
28 49
28 27
28 48
28 35
28 20
28 1
28 7
28 15
28 36
28 3
28 31
28 34
28 8
28 41
28 11
28 4
28 43
28 42
28 22
28 40
28 13
4 1
4 19
4 36
4 27
4 49
4 7
4 25
4 11
4 3
4 32
4 48
4 40
4 16
4 23
4 41
4 35
4 22
4 13
4 20
4 2
4 43
4 15
4 8
4 31
4 42
4 34
43 19
43 16
43 40
43 32
43 41
43 27
43 1
43 22
43 42
43 23
43 35
43 49
43 3
43 25
43 20
43 34
43 31
43 36
43 7
43 48
43 13
43 15
43 8
43 2
43 11
7 41
7 27
7 15
7 35
7 23
7 34
7 22
7 48
7 8
7 49
7 3
7 2
7 19
7 1
7 40
7 11
7 16
7 20
7 36
7 25
7 32
7 31
7 13
7 42
3 23
3 42
3 8
3 22
3 36
3 41
3 48
3 34
3 49
3 2
3 32
3 35
3 11
3 20
3 1
3 25
3 13
3 27
3 40
3 19
3 31
3 16
3 15
1 15
1 41
1 34
1 19
1 42
1 48
1 23
1 27
1 13
1 36
1 20
1 35
1 40
1 49
1 32
1 8
1 31
1 25
1 11
1 2
1 22
1 16
19 13
19 23
19 16
19 32
19 27
19 22
19 42
19 34
19 2
19 41
19 15
19 8
19 49
19 20
19 31
19 36
19 40
19 48
19 11
19 35
19 25
15 16
15 48
15 22
15 40
15 49
15 27
15 31
15 8
15 23
15 35
15 42
15 11
15 2
15 41
15 13
15 36
15 20
15 32
15 34
15 25
16 13
16 25
16 2
16 31
16 49
16 35
16 27
16 11
16 22
16 48
16 23
16 40
16 42
16 36
16 34
16 41
16 32
16 8
16 20
36 48
36 35
36 42
36 49
36 34
36 25
36 2
36 11
36 27
36 40
36 41
36 31
36 32
36 8
36 20
36 22
36 23
36 13
13 34
13 41
13 27
13 49
13 2
13 32
13 11
13 20
13 48
13 23
13 42
13 22
13 35
13 8
13 40
13 31
13 25
8 40
8 32
8 27
8 25
8 20
8 41
8 42
8 35
8 23
8 48
8 22
8 34
8 31
8 49
8 2
8 11
48 35
48 11
48 22
48 25
48 40
48 31
48 23
48 2
48 41
48 27
48 32
48 42
48 34
48 20
48 49
34 41
34 23
34 25
34 35
34 20
34 27
34 2
34 11
34 22
34 31
34 49
34 40
34 42
34 32
32 41
32 11
32 31
32 49
32 27
32 42
32 23
32 25
32 40
32 35
32 22
32 2
32 20
49 22
49 35
49 11
49 2
49 42
49 41
49 27
49 31
49 25
49 40
49 23
49 20
42 41
42 2
42 11
42 25
42 35
42 31
42 23
42 20
42 27
42 22
42 40
2 35
2 27
2 11
2 25
2 41
2 22
2 23
2 40
2 20
2 31
41 35
41 25
41 20
41 23
41 40
41 31
41 27
41 11
41 22
31 25
31 35
31 20
31 40
31 22
31 27
31 23
31 11
35 40
35 27
35 11
35 20
35 22
35 25
35 23
25 27
25 22
25 11
25 20
25 40
25 23
27 40
27 11
27 22
27 20
27 23
20 40
20 11
20 22
20 23
40 22
40 23
40 11
22 11
22 23
11 23