0 20 21 26 39 40 45 47 48 1 2 5 17 38 41 46 49 8 15 24 36 3 4 25 32 37 13 28 29 33 7 34 6 10 14 18 30 35 42 9 19 27 43 44 11 16 12 22 23 31
0 20
0 21
0 26
0 39
0 40
0 45
0 47
0 48
20 12
20 13
20 24
20 27
20 34
20 43
21 2
21 16
21 19
21 22
21 28
21 34
21 37
21 40
21 43
21 48
26 10
26 11
26 14
26 16
26 17
26 22
26 28
26 31
26 32
26 38
26 45
39 12
39 14
39 17
39 29
39 35
39 45
40 3
40 4
40 5
40 7
40 8
40 9
40 10
40 12
40 24
40 36
40 42
40 44
40 46
40 48
40 49
45 3
45 6
45 12
45 33
45 35
45 47
45 49
47 4
47 17
47 31
48 19
48 41
48 42
1 2
1 5
1 17
1 38
1 41
1 46
1 49
2 8
2 15
2 17
2 24
2 36
2 41
5 7
5 8
5 15
5 17
5 32
5 34
5 37
5 49
17 23
17 31
38 19
38 28
38 37
38 46
41 3
41 12
41 30
41 32
41 44
41 46
41 49
46 9
46 12
46 19
46 29
49 8
49 11
49 15
49 25
49 35
49 37
49 44
8 3
8 10
8 18
8 36
15 4
15 13
15 24
15 32
15 33
24 11
24 30
36 4
36 10
36 12
36 28
36 32
36 37
3 4
3 25
3 32
3 37
4 13
4 28
4 29
4 33
25 6
32 37
37 6
37 9
37 11
37 30
13 6
13 16
13 22
13 27
13 29
13 42
28 9
28 18
28 23
28 34
33 9
33 22
33 34
33 42
7 9
7 19
7 27
34 12
34 30
6 10
6 14
6 18
6 30
6 35
6 42
10 9
10 19
10 30
10 43
10 44
14 9
14 11
14 19
18 16
18 31
30 11
35 11
35 16
42 9
42 11
42 12
42 44
19 12
19 23
19 43
19 44
27 23
43 11
43 22
43 31
11 16
16 12
22 23