16 44 34 26 9 48 23 42 40 45 24 28 17 43 41 27 31 19 18 29 5 38 46 13 15 1 20 49 39 8 33 35 22 4 36 25 47 10 37 0 21 3 11 14 32 6 12 2 30 7
16 44
16 34
16 42
16 22
16 4
16 39
16 1
16 17
16 35
16 29
16 19
16 31
44 26
44 9
44 1
44 10
44 37
44 49
44 11
44 18
44 0
44 14
44 32
44 36
44 6
34 48
34 23
34 46
34 13
34 37
34 38
34 45
34 20
34 27
26 28
26 49
26 22
26 46
26 45
26 36
26 4
26 19
9 39
9 28
9 36
9 21
9 18
9 8
9 42
9 1
9 7
9 2
48 42
23 27
23 31
23 19
23 43
23 46
23 33
42 0
42 43
42 31
42 37
42 46
42 27
40 45
40 15
40 17
40 38
40 12
45 24
45 28
45 17
45 31
45 20
45 39
45 15
45 33
45 13
45 36
24 28
24 17
24 1
24 20
24 49
24 6
24 4
28 17
28 18
28 3
28 47
17 18
17 14
17 35
17 38
17 29
17 43
43 41
43 31
43 19
43 18
43 47
43 0
43 25
43 10
41 39
41 15
27 31
27 29
27 39
27 36
27 38
27 0
27 11
27 37
27 46
31 19
31 29
31 22
31 10
31 37
19 29
19 4
18 5
18 35
18 3
18 21
18 49
29 0
29 10
29 21
29 1
29 4
5 38
5 25
5 32
38 20
38 49
38 13
38 8
38 33
46 49
46 22
15 22
15 36
1 47
1 10
1 4
20 49
20 8
20 33
20 32
20 0
20 25
49 11
49 6
49 22
49 30
49 4
49 3
39 4
8 0
8 14
8 6
33 2
35 22
35 21
35 37
22 4
22 10
4 6
4 47
36 25
25 37
25 32
47 10
47 6
10 0
10 6
0 11
0 32
0 14
0 30
21 11
6 30