38 41 39 21 45 48 4 10 13 40 9 1 35 25 27 23 34 46 29 6 5 31 12 7 37 14 47 44 19 3 33 49 36 11 26 20 8 28 16 17 32 15 30 22 42 43 0 18 24 2
38 41
38 21
38 45
38 48
38 13
38 4
38 27
38 29
38 25
38 6
38 14
38 20
38 36
41 39
41 45
41 4
41 10
41 25
41 9
41 44
41 3
41 17
41 24
39 48
39 10
39 8
39 26
21 45
21 40
21 4
21 5
21 23
21 27
21 9
21 22
45 34
45 48
45 7
45 47
45 28
48 9
48 35
48 3
4 9
4 40
4 11
4 18
10 1
10 23
10 40
10 46
13 40
13 9
13 34
13 33
13 16
40 1
9 12
1 25
1 36
1 20
1 30
1 23
35 46
25 12
27 31
23 26
34 44
34 19
34 12
46 49
46 14
5 17
31 7
31 37
31 2
12 11
47 49
47 32
19 49
33 43
26 0
8 15
15 42