0 38 18 21 11 28 23 5 8 36 31 42 1 26 24 13 12 35 9 7 41 39 22 2 47 27 45 10 4 3 34 30 14 19 29 48 32 37 43 17 20 6 25 40 16 33 15 44 46 49
0 38
0 18
0 21
0 11
0 28
0 23
0 5
0 8
0 36
0 31
0 42
0 1
0 2
0 7
0 9
0 13
0 14
0 16
0 22
0 29
0 35
0 37
0 39
0 41
0 43
0 47
38 8
38 11
38 12
38 18
38 19
38 21
38 24
38 26
38 30
38 35
38 37
38 15
38 31
38 17
38 32
38 6
38 20
38 3
38 4
38 41
38 40
38 29
38 33
38 27
38 46
38 10
38 39
38 44
38 47
38 48
18 3
18 9
18 10
18 11
18 12
18 17
18 35
18 44
18 36
18 20
18 48
18 16
18 4
18 39
18 1
18 2
18 21
18 19
18 23
18 24
18 27
18 33
18 45
21 10
21 19
21 20
21 44
21 11
21 8
21 17
21 48
21 29
21 23
21 16
21 7
21 26
21 32
21 45
21 5
21 13
21 2
21 35
21 21
21 37
21 3
21 43
21 22
21 24
21 25
21 27
21 28
21 31
21 34
21 40
21 41
11 1
11 3
11 9
11 10
11 39
11 16
11 35
11 2
11 40
11 42
11 22
11 4
11 48
11 23
11 12
11 13
11 19
11 33
11 36
11 41
11 44
11 46
11 47
28 2
28 3
28 12
28 16
28 20
28 26
28 27
28 33
28 6
28 44
28 37
28 19
28 8
28 45
28 40
28 25
28 48
28 13
28 14
28 17
28 29
28 30
28 32
28 35
28 36
28 41
28 42
28 43
23 2
23 5
23 9
23 12
23 14
23 20
23 22
23 15
23 3
23 32
23 10
23 6
23 23
23 8
23 1
23 46
23 35
23 37
23 24
23 31
23 33
23 34
23 36
23 41
23 42
23 43
23 45
5 1
5 4
5 2
5 20
5 29
5 10
5 30
5 7
5 6
5 8
5 12
5 13
5 14
5 15
5 17
5 24
5 25
5 26
5 31
5 33
5 39
5 40
5 42
5 45
5 46
8 2
8 7
8 37
8 33
8 36
8 15
8 25
8 10
8 45
8 6
8 34
8 4
8 43
8 9
8 12
8 14
8 19
8 22
8 29
8 35
8 40
8 46
8 48
36 2
36 10
36 14
36 25
36 26
36 30
36 35
36 27
36 40
36 36
36 42
36 6
36 31
36 43
36 19
36 37
36 45
36 46
36 48
31 1
31 7
31 10
31 13
31 14
31 17
31 25
31 30
31 12
31 24
31 48
31 3
31 20
31 27
31 2
31 6
31 32
31 33
31 46
31 47
42 7
42 10
42 13
42 14
42 15
42 16
42 20
42 34
42 41
42 29
42 33
42 22
42 40
42 39
42 12
42 45
42 25
42 32
42 35
42 4
42 44
42 42
42 43
1 26
1 24
1 13
1 12
1 35
1 9
1 7
1 41
1 39
1 22
1 2
1 4
1 6
1 10
1 15
1 17
1 19
1 20
1 37
1 40
1 44
1 45
1 46
1 48
26 4
26 6
26 9
26 14
26 22
26 25
26 44
26 7
26 16
26 40
26 47
26 45
26 3
26 2
26 12
26 43
26 20
26 10
26 19
26 48
26 27
26 29
26 30
26 33
26 34
26 35
26 41
24 6
24 15
24 17
24 19
24 22
24 24
24 45
24 47
24 48
24 39
24 9
24 35
24 34
24 37
24 16
24 4
24 25
24 27
24 29
24 30
24 32
24 33
13 3
13 6
13 7
13 12
13 2
13 10
13 43
13 46
13 48
13 19
13 13
13 32
13 41
13 14
13 17
13 30
13 33
13 40
13 47
12 46
12 39
12 30
12 7
12 41
12 14
12 9
12 12
12 2
12 37
12 15
12 16
12 22
12 32
12 44
35 2
35 9
35 16
35 17
35 22
35 25
35 33
35 34
35 7
35 30
35 19
35 27
35 15
35 29
35 46
35 41
35 43
9 7
9 9
9 2
9 44
9 20
9 33
9 25
9 48
9 10
9 22
9 27
9 34
9 37
9 40
9 45
7 6
7 4
7 25
7 45
7 40
7 16
7 20
7 10
7 14
7 17
7 30
7 34
7 39
41 4
41 10
41 14
41 19
41 20
41 22
41 33
41 37
41 40
41 39
41 6
41 2
41 45
41 46
39 2
39 14
39 16
39 19
39 25
39 20
39 17
39 37
39 45
39 29
39 6
39 4
39 32
39 40
22 3
22 17
22 20
22 4
22 40
22 19
22 15
22 22
22 47
22 29
22 32
22 37
22 43
2 2
2 47
2 27
2 45
2 10
2 4
2 3
2 14
2 15
2 20
2 25
2 30
2 37
2 40
2 48
47 15
47 20
47 25
47 27
47 33
47 46
47 37
47 43
47 16
47 32
47 47
47 6
47 3
47 19
47 44
47 29
47 48
27 6
27 14
27 25
27 20
27 4
27 15
27 40
27 45
27 48
27 29
27 30
27 33
27 34
27 37
27 44
45 10
45 14
45 15
45 29
45 30
45 32
45 33
45 43
45 44
45 34
45 37
45 20
45 46
45 48
10 6
10 25
10 20
10 48
10 37
10 4
10 43
10 14
10 15
10 16
10 17
10 19
10 29
10 30
10 32
10 33
10 34
10 44
4 3
4 14
4 19
4 29
4 48
4 32
4 37
4 43
4 17
4 25
4 33
4 46
3 34
3 30
3 29
3 46
34 17
34 19
34 32
34 33
34 16
34 40
34 30
34 15
34 46
30 6
30 14
30 15
30 16
30 19
30 29
30 25
30 20
30 37
30 30
30 48
30 33
30 40
30 44
30 46
14 6
14 32
14 44
14 25
14 16
14 37
14 14
14 15
14 17
14 19
14 29
14 48
19 40
19 25
19 37
19 20
19 46
29 6
29 20
29 43
29 33
29 25
29 48
29 17
29 44
29 40
29 15
29 32
48 16
48 20
48 25
48 43
48 44
48 32
48 6
48 33
48 49
32 25
32 6
32 17
32 40
32 33
32 44
32 46
37 6
37 17
37 20
37 25
37 33
37 37
37 44
37 40
43 6
43 20
43 43
43 33
43 46
43 16
43 44
17 6
17 16
17 46
17 15
17 20
17 25
17 44
20 6
20 20
20 15
20 44
20 40
6 16
6 25
6 40
25 33
25 40
40 40
40 44
16 15
16 46
33 33
33 46
15 15
15 44
44 46