0 5 6 7 8 9 10 11 13 15 17 18 22 25 26 33 35 36 37 39 41 42 43 45 47 48 1 12 19 27 32 34 38 46 2 16 20 23 28 3 21 24 4 44 30 49 14 29 31 40
0 5
0 6
0 7
0 8
0 9
0 10
0 11
0 13
0 15
0 17
0 18
0 22
0 25
0 26
0 33
0 35
0 36
0 37
0 39
0 41
0 42
0 43
0 45
0 47
0 48
5 1
5 2
5 3
5 4
5 6
5 7
5 8
5 10
5 11
5 13
5 15
5 16
5 17
5 20
5 21
5 25
5 28
5 34
5 44
6 2
6 3
6 4
6 7
6 8
6 17
6 20
6 30
6 35
6 38
6 49
7 1
7 2
7 8
7 9
7 10
7 11
7 12
7 13
7 14
7 18
7 21
7 22
7 24
7 25
7 26
7 29
7 30
7 31
7 33
7 36
7 38
7 39
7 42
7 43
7 44
7 46
8 4
8 10
8 11
8 12
8 13
8 14
8 16
8 20
8 26
8 35
8 37
8 42
8 45
9 1
9 2
9 4
9 12
9 16
9 18
9 20
9 29
9 31
9 32
9 37
9 41
9 42
9 44
9 48
10 4
10 12
10 23
10 24
10 25
10 28
10 33
10 35
10 36
10 38
10 48
11 2
11 14
11 15
11 19
11 31
11 36
11 39
13 4
13 14
13 17
13 23
13 37
13 45
15 1
15 4
15 43
17 2
17 21
18 1
18 12
18 21
18 22
18 31
18 33
22 14
22 20
22 24
22 30
22 40
25 12
26 2
26 21
26 27
26 35
26 40
33 24
35 40
36 1
36 40
36 49
37 1
39 4
39 23
39 47
41 12
41 23
41 34
41 48
42 27
43 1
43 16
45 1
45 44
45 48
47 14
47 16
47 32
1 12
1 19
1 27
1 32
1 34
1 38
1 46
12 14
12 32
19 4
19 14
19 16
27 2
27 14
27 24
32 20
32 30
34 16
34 21
34 30
38 23
46 2
46 24
46 28
2 16
2 20
2 23
2 28
16 14
16 28
16 29
16 44
20 28
20 29
20 30
20 31
20 49
23 4
23 14
23 40
28 29
3 21
3 24
21 44
24 14
24 30
44 49
49 14