2 42 7 37 4 31 22 29 10 26 0 19 40 30 47 17 45 15 25 12 32 11 21 20 14 27 8 13 44 34 41 36 49 39 5 16 35 46 24 6 28 23 18 48 43 1 3 9 33 38
2 42
2 0
2 49
2 46
2 26
2 41
2 39
2 19
2 4
2 3
2 17
2 48
2 23
2 8
42 0
42 44
42 13
42 29
42 7
42 38
7 37
7 5
7 31
7 24
7 30
7 46
7 19
7 48
7 16
7 34
7 33
7 0
7 25
7 27
7 11
37 14
37 5
37 29
37 23
37 22
37 32
37 1
37 10
37 46
37 0
37 24
4 31
4 49
4 12
4 8
4 29
4 0
4 10
31 26
31 46
31 27
31 12
31 32
31 13
31 34
31 49
31 19
31 14
31 11
31 9
31 38
22 29
22 32
22 6
22 49
22 5
22 30
22 3
22 46
22 25
22 40
22 26
22 15
22 13
29 44
29 16
29 5
29 34
29 36
29 40
29 30
29 35
29 12
29 6
29 17
10 26
10 28
10 20
10 39
10 17
10 0
26 1
26 48
26 23
26 9
26 25
26 35
26 12
0 21
0 15
0 43
0 13
0 5
0 33
0 49
19 40
19 5
19 43
19 24
19 48
19 35
40 15
40 12
40 41
40 14
40 39
40 30
40 32
40 17
40 45
40 48
40 24
40 1
40 34
30 47
30 20
30 15
30 45
30 16
30 8
30 32
30 39
30 17
47 48
47 5
47 3
47 49
47 43
47 21
47 36
47 28
47 1
47 17
17 45
17 27
17 13
17 11
17 46
17 24
17 49
17 20
17 48
45 18
45 6
45 35
45 20
45 43
45 11
45 5
45 16
45 15
15 32
15 3
15 49
15 35
15 6
15 27
15 8
15 44
25 12
25 39
25 48
25 36
25 16
25 46
25 8
25 24
25 35
12 34
12 49
12 23
12 44
12 41
12 6
12 35
12 24
32 11
32 34
32 36
32 44
32 24
11 8
11 39
11 1
11 48
11 20
11 36
11 3
11 18
11 27
21 16
21 35
21 46
21 43
21 13
21 41
20 5
20 34
20 23
20 46
20 33
14 6
14 5
14 33
27 3
27 46
27 8
27 18
27 9
8 41
8 39
8 1
8 46
8 6
8 28
8 36
13 24
13 5
13 49
13 35
13 44
13 28
44 35
44 18
44 1
44 34
44 9
44 33
34 49
34 9
34 46
41 36
41 9
41 16
41 39
36 39
36 23
49 39
49 6
49 35
39 43
39 6
39 3
39 1
39 5
39 46
5 16
5 3
5 43
5 1
35 46
35 1
46 3
46 24
46 1
24 9
24 23
24 3
24 1
24 48
6 43
6 48
6 18
28 33
23 48
48 3
48 1
43 33
3 9