0 1 16 20 2 18 3 31 4 19 5 29 6 35 7 27 8 37 9 26 10 39 11 24 12 40 13 22 14 42 15 44 17 45 34 21 23 32 25 33 28 30 46 36 47 38 49 41 43 48
0 1
0 16
0 20
1 2
1 18
16 15
16 17
20 14
20 21
2 3
2 31
18 17
18 19
3 4
3 19
31 21
31 30
4 5
4 29
19 34
5 6
5 35
29 28
29 30
6 7
6 27
35 34
35 36
7 8
7 37
27 26
27 28
8 9
8 26
37 36
37 38
9 10
9 39
26 25
10 11
10 24
39 38
39 40
11 12
11 40
24 23
24 25
12 13
12 22
40 41
13 14
13 42
22 21
22 23
14 15
42 41
42 43
15 44
44 43
44 45
17 45
45 46
34 46
23 32
32 30
32 33
25 33
33 28
46 47
36 47
47 48
38 49
49 41
49 48
43 48