1 0 2 3 4 5 6 7 8 9 10 11 12 13 14 15 16 17 18 19 20 21 22 23 24 25 26 27 28 29 30 31 32 33 34 35 36 37 38 39 40 41 42 43 44 45 46 47 48 49
1 0
1 2
1 4
1 5
1 16
1 17
1 31
1 38
1 41
0 13
0 23
0 37
0 38
2 3
2 23
3 4
3 28
3 30
3 33
3 44
3 45
4 5
4 10
4 16
4 28
4 45
5 6
5 26
5 36
5 40
6 7
6 33
7 8
7 16
7 21
7 29
8 9
8 27
8 28
8 36
9 10
9 25
9 33
10 11
10 37
11 12
11 19
11 33
11 36
11 46
12 13
12 15
12 28
12 39
12 48
13 14
13 17
13 27
13 34
14 15
14 17
14 20
14 28
14 34
15 16
15 26
16 17
16 30
16 34
17 18
17 25
17 27
17 36
18 19
18 29
18 37
18 40
19 20
20 21
20 22
20 26
21 22
21 25
21 36
21 40
21 42
22 23
23 24
23 42
24 25
24 26
24 27
25 26
25 31
25 41
25 46
26 27
27 28
27 33
28 29
28 32
29 30
29 41
29 42
29 46
30 31
30 32
31 32
32 33
32 42
32 46
33 34
34 35
35 36
35 41
36 37
36 48
37 38
37 41
38 39
38 41
39 40
39 42
40 41
41 42
42 43
42 47
43 44
44 45
44 46
45 46
45 48
45 49
46 47
47 48
48 49