2 30 16 47 39 45 6 7 9 20 11 26 32 37 8 25 18 33 5 42 31 15 17 29 3 28 23 44 38 40 12 35 21 46 36 14 19 34 24 0 4 27 49 10 1 43 22 41 48 13
2 30
2 9
2 45
2 15
2 47
2 43
2 38
30 9
30 36
30 35
30 4
30 18
30 37
30 34
30 40
16 47
16 15
16 31
16 24
16 5
16 42
16 22
16 29
16 45
16 41
47 49
47 25
47 36
47 34
39 45
39 15
39 21
39 22
39 5
39 42
45 12
45 43
45 23
45 44
45 4
45 38
45 0
45 49
6 7
6 31
6 26
6 22
6 5
6 25
6 20
7 8
7 3
7 49
7 46
7 19
7 36
7 25
7 43
7 33
7 26
7 14
9 20
9 40
9 31
9 5
9 49
9 15
20 32
20 49
20 38
20 21
20 19
11 26
11 4
11 34
11 25
11 3
11 24
11 36
11 37
11 48
11 46
26 29
26 28
26 0
26 23
26 10
26 14
26 25
32 37
32 29
32 24
32 27
32 14
32 46
37 25
37 0
37 10
37 4
37 28
37 12
37 13
37 40
37 8
37 35
37 43
8 36
8 25
8 49
8 3
8 4
25 35
25 21
18 33
18 46
18 19
18 21
18 14
33 27
33 49
33 4
33 35
33 38
33 21
5 42
5 38
5 0
5 1
5 14
5 48
42 38
42 49
42 29
42 17
42 23
31 29
31 38
31 19
31 43
31 46
15 28
15 1
15 44
17 29
17 19
17 3
17 46
17 24
17 21
29 21
29 35
29 4
29 38
3 28
3 4
3 21
3 14
28 35
23 44
23 12
23 48
44 12
44 34
44 48
44 24
38 46
38 48
38 34
38 10
38 22
38 41
38 19
40 43
40 46
40 36
40 19
35 14
35 43
35 41
21 46
21 19
21 10
21 24
21 0
46 36
46 19
36 41
36 49
14 41
19 34
19 0
34 1
24 49
24 41
0 1
4 27
4 1
49 1
49 43
10 13