0 1 2 3 4 5 6 7 8 9 10 11 12 13 14 15 16 17 18 19 20 21 22 23 24 25 26 27 28 29 30 31 32 33 34 35 36 37 38 39 40 41 42 43 44 45 46 47 48 49
0 1
0 49
0 3
0 45
1 2
1 8
1 30
2 3
2 40
2 8
3 4
3 23
4 5
4 30
4 26
5 6
5 41
5 21
6 7
6 28
6 46
7 8
7 15
7 9
8 9
9 10
9 40
10 11
10 31
10 35
11 12
11 37
11 19
12 13
12 18
12 29
13 14
13 27
13 33
14 15
14 34
14 37
15 16
15 48
16 17
16 22
17 18
17 44
17 25
18 19
18 43
19 20
19 24
20 21
20 35
20 23
21 22
21 44
22 23
23 24
24 25
24 34
25 26
25 42
26 27
26 28
27 28
27 38
28 29
29 30
29 43
30 31
31 32
31 39
32 33
32 46
32 48
33 34
33 47
34 35
35 36
36 37
36 49
36 38
37 38
38 39
39 40
39 47
40 41
41 42
41 45
42 43
42 49
43 44
44 45
45 46
46 47
47 48
48 49