0 19 22 1 42 44 2 37 12 17 49 3 45 10 18 30 25 13 5 39 32 29 26 43 6 16 11 15 20 9 46 33 34 21 38 31 23 14 48 4 40 36 35 28 8 41 27 47 7 24
0 19
0 22
0 3
0 10
0 11
0 12
0 13
0 14
0 17
0 20
0 23
0 25
0 26
0 29
0 31
0 35
0 36
0 38
0 39
0 43
0 44
0 45
0 46
0 48
0 49
19 2
19 3
19 5
19 7
19 8
19 9
19 10
19 11
19 12
19 13
19 14
19 15
19 16
19 17
19 40
19 34
19 24
19 22
19 28
19 36
19 27
19 41
19 35
19 46
19 37
19 48
19 21
19 49
19 20
19 31
19 25
19 26
19 29
19 39
19 45
22 3
22 5
22 9
22 11
22 12
22 13
22 17
22 18
22 21
22 6
22 38
22 27
22 48
22 26
22 47
22 25
22 40
22 2
22 49
22 32
22 43
22 39
22 42
22 4
22 45
22 15
22 10
22 24
22 29
22 16
22 1
22 28
22 34
22 31
22 36
22 41
1 42
1 44
1 3
1 4
1 5
1 7
1 9
1 10
1 12
1 13
1 14
1 17
1 18
1 20
1 21
1 25
1 26
1 28
1 30
1 31
1 32
1 36
1 39
1 45
42 3
42 5
42 6
42 7
42 8
42 9
42 10
42 11
42 12
42 14
42 17
42 18
42 20
42 29
42 31
42 36
42 38
42 28
42 48
42 35
42 2
42 21
42 23
44 3
44 5
44 7
44 9
44 10
44 13
44 14
44 16
44 17
44 25
44 26
44 31
44 33
44 35
44 36
44 38
44 39
44 41
44 43
44 23
44 11
44 24
44 46
44 28
44 45
2 37
2 12
2 17
2 49
2 3
2 45
2 10
2 5
2 6
2 8
2 9
2 13
2 14
2 16
2 21
2 24
2 25
2 26
2 28
2 31
2 38
2 39
2 40
2 48
37 3
37 5
37 9
37 10
37 12
37 13
37 14
37 16
37 17
37 24
37 25
37 26
37 29
37 31
37 32
37 36
37 48
37 11
37 33
37 45
37 35
37 4
37 23
37 27
37 34
37 46
37 38
37 39
37 41
37 43
37 47
12 3
12 5
12 7
12 8
12 9
12 10
12 11
12 47
12 36
12 27
12 39
12 43
12 16
12 32
12 26
12 40
12 45
12 4
12 48
12 34
12 41
12 24
12 20
12 21
12 46
12 38
12 35
12 14
12 25
12 49
12 15
12 13
12 28
12 30
12 18
12 17
12 31
17 3
17 5
17 9
17 10
17 14
17 16
17 11
17 32
17 23
17 35
17 34
17 38
17 25
17 49
17 6
17 33
17 31
17 47
17 45
17 43
17 29
17 4
17 27
17 46
17 28
17 30
17 7
17 48
17 39
17 24
17 40
17 8
17 20
17 21
17 26
17 36
17 41
49 5
49 7
49 9
49 10
49 11
49 13
49 21
49 23
49 24
49 25
49 29
49 30
49 31
49 36
49 39
49 43
49 45
49 48
49 26
49 40
49 28
49 14
49 27
49 6
49 18
49 16
49 32
49 35
49 4
49 41
49 8
49 15
49 38
49 33
3 18
3 30
3 25
3 13
3 5
3 39
3 32
3 29
3 26
3 43
3 6
3 16
3 11
3 15
3 20
3 9
3 46
3 33
3 34
3 21
3 38
3 45
3 31
3 23
3 10
3 14
3 48
3 4
3 40
3 36
3 35
3 28
3 8
3 41
3 27
3 47
3 24
45 5
45 9
45 11
45 13
45 14
45 25
45 26
45 28
45 30
45 31
45 36
45 40
45 41
45 24
45 43
45 15
45 27
45 10
45 4
45 34
45 21
45 32
45 16
45 18
45 7
45 20
45 48
45 8
45 6
45 46
45 35
45 38
45 29
45 23
45 47
10 5
10 9
10 23
10 13
10 30
10 4
10 21
10 32
10 27
10 24
10 36
10 14
10 47
10 28
10 26
10 33
10 20
10 38
10 6
10 7
10 40
10 25
10 15
10 11
10 34
10 29
10 35
10 8
10 31
10 43
10 48
10 16
10 41
18 5
18 9
18 13
18 14
18 16
18 27
18 23
18 31
18 40
18 39
18 33
18 41
18 21
18 24
18 25
18 26
18 36
18 38
18 48
30 5
30 9
30 13
30 14
30 20
30 24
30 25
30 26
30 29
30 11
30 36
30 4
30 48
30 33
30 6
30 31
30 34
30 38
30 41
30 43
25 5
25 9
25 13
25 14
25 20
25 21
25 38
25 46
25 7
25 24
25 31
25 33
25 40
25 39
25 6
25 15
25 47
25 29
25 34
25 23
25 32
25 28
25 43
25 8
25 27
25 36
25 16
25 48
13 5
13 8
13 9
13 48
13 47
13 28
13 11
13 23
13 34
13 26
13 14
13 36
13 27
13 43
13 29
13 38
13 24
13 46
13 39
13 35
13 4
13 15
13 41
13 21
13 6
13 7
13 16
13 31
13 40
5 36
5 40
5 6
5 7
5 21
5 14
5 9
5 41
5 11
5 38
5 43
5 47
5 28
5 15
5 24
5 32
5 8
5 35
5 39
5 27
5 48
5 46
5 23
5 16
5 4
5 33
5 20
5 26
5 29
5 31
5 34
39 7
39 9
39 11
39 14
39 16
39 21
39 24
39 28
39 29
39 31
39 32
39 36
39 38
39 33
39 15
39 46
39 43
39 27
39 40
39 41
39 48
32 8
32 9
32 11
32 14
32 29
32 31
32 23
32 41
32 24
32 33
32 4
32 38
32 43
32 48
29 7
29 9
29 14
29 21
29 23
29 24
29 26
29 28
29 47
29 20
29 43
29 34
29 4
29 38
29 40
29 46
29 31
29 48
29 33
29 11
29 35
29 36
26 9
26 15
26 16
26 21
26 47
26 27
26 43
26 33
26 38
26 41
26 8
26 24
26 28
26 31
26 48
43 9
43 24
43 31
43 36
43 38
43 40
43 41
43 11
43 8
43 23
43 34
43 21
43 46
43 28
43 27
43 48
6 40
6 31
6 36
6 21
6 35
6 9
6 14
6 24
6 47
6 48
16 7
16 9
16 11
16 14
16 28
16 24
16 33
16 27
16 15
16 23
16 41
16 21
16 31
16 38
16 46
16 48
11 9
11 35
11 23
11 34
11 33
11 40
11 7
11 27
11 28
11 4
11 41
11 20
11 14
11 31
11 36
11 38
11 47
15 7
15 9
15 14
15 8
15 20
15 27
15 36
15 41
15 4
15 23
15 38
15 40
15 46
15 48
20 7
20 8
20 9
20 14
20 4
20 36
20 40
20 47
20 41
20 38
20 35
20 31
20 33
20 48
9 33
9 27
9 31
9 24
9 8
9 47
9 28
9 40
9 41
9 38
9 36
9 14
9 46
9 48
9 4
9 7
9 21
9 35
9 34
46 7
46 14
46 31
46 36
46 38
46 41
46 48
33 24
33 27
33 31
33 4
33 35
33 21
33 38
33 41
33 36
33 47
33 14
33 34
33 48
34 7
34 8
34 14
34 21
34 28
34 31
34 36
34 40
34 38
34 23
34 41
34 48
21 14
21 27
21 35
21 40
21 28
21 7
21 36
21 24
21 31
21 38
21 41
21 48
38 14
38 31
38 36
38 35
38 41
38 4
38 24
38 48
31 24
31 27
31 28
31 7
31 41
31 23
31 47
31 48
31 36
31 35
31 8
31 40
31 4
31 14
23 14
23 24
23 27
23 28
23 36
23 40
23 41
23 48
14 28
14 4
14 41
14 40
14 24
14 36
14 8
14 47
14 27
14 7
14 48
48 7
48 36
48 28
48 4
48 24
48 41
48 8
48 27
4 7
4 24
4 27
4 35
4 36
4 41
40 24
40 27
40 36
40 41
36 7
36 24
36 41
36 35
36 27
36 8
36 28
36 47
35 8
35 47
35 41
28 7
28 8
28 47
28 41
8 7
8 24
8 27
8 41
41 24
41 27
41 7
41 47
27 7
27 24
47 24
7 24