0 20 33 28 37 26 39 17 4 12 15 21 41 44 31 22 25 1 11 47 32 8 18 43 9 48 16 49 27 2 38 3 35 19 13 29 40 10 34 7 46 6 5 42 45 24 30 14 36 23
0 20
0 33
0 28
0 37
0 26
0 39
0 17
0 4
0 12
0 15
0 21
0 41
0 44
0 31
0 22
0 25
0 7
0 11
0 13
0 18
0 19
0 24
0 27
0 32
0 36
0 46
0 48
20 10
20 12
20 16
20 17
20 7
20 27
20 3
20 23
20 39
20 8
20 37
20 30
20 4
20 18
20 19
20 22
20 28
20 48
20 14
20 34
20 1
20 26
20 32
20 15
20 24
20 29
20 31
20 41
20 42
20 47
20 49
33 1
33 8
33 11
33 12
33 13
33 14
33 16
33 18
33 21
33 23
33 28
33 30
33 29
33 26
33 7
33 27
33 5
33 42
33 10
33 41
33 34
33 22
33 37
33 40
33 44
33 49
28 1
28 2
28 4
28 6
28 9
28 10
28 13
28 14
28 21
28 25
28 27
28 34
28 15
28 7
28 8
28 38
28 41
28 23
28 26
28 37
28 42
28 31
28 12
28 32
28 40
28 22
28 3
28 29
28 17
28 30
28 35
28 36
28 39
28 43
28 44
28 45
28 46
37 1
37 4
37 6
37 10
37 11
37 13
37 15
37 21
37 23
37 25
37 29
37 36
37 18
37 45
37 34
37 14
37 38
37 16
37 26
37 12
37 24
37 31
37 32
37 7
37 30
37 2
37 22
37 27
37 39
37 40
37 42
37 46
37 47
37 48
26 6
26 11
26 13
26 24
26 41
26 4
26 22
26 9
26 7
26 17
26 23
26 18
26 44
26 2
26 46
26 10
26 48
26 21
26 1
26 39
26 12
26 49
26 27
26 29
26 30
26 32
26 35
26 40
26 42
26 43
26 45
26 47
39 3
39 6
39 8
39 10
39 11
39 15
39 22
39 24
39 27
39 29
39 31
39 34
39 35
39 38
39 32
39 25
39 9
39 19
39 45
39 17
39 7
39 12
39 18
39 14
39 21
39 16
39 44
39 43
39 23
39 40
39 41
39 46
39 48
17 2
17 11
17 12
17 15
17 32
17 49
17 42
17 18
17 38
17 44
17 43
17 19
17 24
17 8
17 9
17 3
17 36
17 31
17 10
17 41
17 16
17 21
17 23
17 45
17 47
17 48
4 8
4 49
4 44
4 43
4 12
4 3
4 46
4 9
4 31
4 40
4 16
4 38
4 6
4 35
4 18
4 10
4 11
4 13
4 14
4 15
4 19
4 22
4 25
4 29
4 30
4 41
4 42
4 45
4 47
4 48
12 2
12 5
12 10
12 35
12 18
12 24
12 7
12 25
12 11
12 44
12 48
12 14
12 13
12 49
12 22
12 23
12 27
12 29
12 34
12 40
12 41
12 42
15 9
15 13
15 14
15 31
15 38
15 36
15 29
15 11
15 45
15 6
15 18
15 48
15 3
15 5
15 10
15 23
15 30
15 44
15 16
15 19
15 21
15 22
15 24
15 27
15 32
15 41
15 42
15 47
21 2
21 3
21 5
21 6
21 11
21 16
21 40
21 34
21 23
21 29
21 31
21 41
21 36
21 7
21 38
21 14
21 1
21 13
21 24
21 22
21 30
21 27
21 32
21 43
21 48
41 3
41 6
41 7
41 9
41 16
41 27
41 29
41 31
41 40
41 44
41 46
41 36
41 2
41 45
41 18
41 5
41 42
41 13
41 10
41 14
41 22
41 48
41 11
41 43
44 1
44 3
44 8
44 9
44 11
44 13
44 18
44 19
44 34
44 35
44 40
44 42
44 47
44 10
44 14
44 45
44 5
44 23
44 30
44 38
44 24
44 46
31 3
31 5
31 6
31 9
31 24
31 25
31 29
31 7
31 36
31 14
31 30
31 10
31 34
31 19
31 18
31 46
31 47
31 11
31 1
31 22
31 40
31 32
31 49
31 38
31 45
31 48
22 10
22 18
22 25
22 2
22 16
22 48
22 9
22 42
22 8
22 24
22 45
22 19
22 23
22 29
22 40
22 43
22 46
22 47
22 49
25 1
25 3
25 5
25 13
25 19
25 24
25 45
25 27
25 30
25 47
25 32
25 36
25 40
25 42
25 43
25 48
25 49
1 11
1 47
1 32
1 8
1 18
1 43
1 9
1 48
1 16
1 49
1 27
1 2
1 3
1 5
1 10
1 14
1 19
1 23
1 29
1 30
1 34
1 35
1 36
1 40
11 3
11 6
11 10
11 18
11 34
11 49
11 14
11 38
11 36
11 7
11 48
11 27
11 2
11 8
11 35
11 46
11 42
11 16
11 23
11 24
11 29
11 47
47 3
47 5
47 6
47 8
47 14
47 18
47 23
47 24
47 27
47 29
47 34
47 35
47 38
47 45
47 46
47 42
47 36
47 30
47 13
47 16
47 32
47 7
47 19
47 10
47 49
32 7
32 16
32 18
32 27
32 2
32 13
32 30
32 24
32 3
32 5
32 6
32 35
32 9
32 43
32 42
32 48
32 19
32 49
32 36
32 40
8 7
8 27
8 35
8 34
8 45
8 3
8 24
8 14
8 48
8 10
8 23
8 29
8 36
8 43
8 49
18 2
18 16
18 48
18 6
18 10
18 35
18 9
18 19
18 5
18 36
18 27
18 40
18 23
18 29
18 30
18 42
18 43
18 49
43 3
43 5
43 7
43 9
43 16
43 24
43 30
43 34
43 36
43 40
43 49
43 48
43 19
43 45
43 29
43 23
43 14
43 27
9 45
9 19
9 24
9 13
9 35
9 27
9 2
9 38
9 29
9 5
9 10
9 14
9 23
9 30
9 34
9 40
9 42
9 46
9 48
48 3
48 7
48 10
48 13
48 16
48 19
48 23
48 29
48 30
48 35
48 36
48 45
48 46
48 40
48 42
48 14
48 5
48 49
16 3
16 5
16 6
16 13
16 46
16 40
16 30
16 23
16 2
16 29
16 34
16 36
16 42
49 2
49 5
49 6
49 7
49 10
49 30
49 40
49 45
49 19
49 42
49 3
49 14
49 23
49 35
49 27
49 34
27 5
27 6
27 10
27 13
27 19
27 7
27 46
27 29
27 35
27 2
27 24
27 38
27 40
27 42
2 38
2 3
2 35
2 19
2 13
2 29
2 40
2 5
2 6
2 14
2 23
2 30
2 42
38 3
38 30
38 46
38 13
3 10
3 34
3 7
3 29
3 46
3 5
3 6
3 30
3 40
35 6
35 10
35 19
35 23
35 30
35 46
35 7
35 5
35 24
35 42
35 45
19 5
19 6
19 14
19 45
19 29
19 42
19 13
19 46
19 23
19 24
19 30
19 40
13 6
13 30
13 10
13 5
13 42
13 14
13 29
13 34
29 6
29 14
29 24
29 36
29 7
29 30
29 40
29 46
40 7
40 14
40 30
40 36
40 24
40 10
40 5
40 46
40 34
40 42
40 6
40 45
10 5
10 24
10 14
10 36
10 34
10 7
10 23
10 42
34 5
34 14
34 23
34 24
34 42
34 36
34 45
7 5
7 42
7 24
7 6
7 36
7 23
7 30
7 45
7 46
46 23
46 30
46 42
46 6
46 36
46 24
6 5
6 24
6 30
6 14
6 23
6 36
6 42
6 45
5 42
5 45
5 24
5 36
42 23
42 24
42 14
42 36
42 45
45 23
45 24
24 14
24 30
24 36
30 23
30 36
14 36
14 23
36 23