0 1 2 3 4 26 10 11 18 19 5 33 6 29 7 27 8 14 9 38 37 39 12 13 35 15 34 16 22 17 44 43 45 20 21 41 23 40 24 25 32 31 28 30 36 42
0 1
0 2
0 3
1 4
1 26
2 10
2 11
3 18
3 19
4 5
4 33
26 25
26 33
10 9
10 39
11 12
11 39
18 17
18 45
19 20
19 45
5 6
5 29
33 30
6 7
6 27
29 28
29 30
7 8
7 14
27 23
27 28
8 9
8 38
14 13
14 34
9 37
38 34
38 37
37 36
39 36
12 13
12 35
13 15
35 34
35 36
15 16
15 22
16 17
16 44
22 21
22 40
17 43
44 40
44 43
43 42
45 42
20 21
20 41
21 23
41 40
41 42
23 24
24 25
24 32
25 31
32 28
32 31
31 30