0 4 9 11 12 17 22 23 1 5 7 13 14 15 16 19 2 3 20 21 24 8 6 10 18
0 4
0 9
0 11
0 12
0 17
0 22
0 23
4 5
4 9
4 13
4 15
4 16
4 20
4 21
4 24
9 5
9 6
9 7
9 8
9 10
9 11
9 12
9 14
9 16
9 17
9 20
9 21
9 22
11 2
11 5
11 6
11 8
11 12
11 15
11 16
11 17
11 18
11 20
11 22
11 23
12 2
12 5
12 7
12 8
12 13
12 14
12 15
12 19
12 20
12 22
12 24
17 2
17 5
17 6
17 13
17 15
17 16
17 22
22 3
22 6
22 10
22 14
22 19
22 20
22 24
23 1
23 2
23 3
23 5
23 6
23 8
23 15
23 18
1 5
1 7
1 13
1 14
1 15
1 16
1 19
5 3
5 7
5 8
5 19
5 20
5 21
7 8
7 10
7 19
7 20
7 21
13 2
13 8
13 15
13 16
13 18
13 19
14 2
14 6
14 10
14 16
14 18
14 19
15 2
15 3
15 6
15 16
15 18
15 20
15 21
16 2
16 3
16 6
16 8
19 3
19 8
3 20
3 21
20 8
20 18
20 21
21 8
24 10
6 10