24 17 0 1 4 22 11 3 2 12 9 20 7 14 6 21 10 8 18 15 23 19 5 16 13
24 17
24 0
24 3
24 4
24 6
24 11
24 13
24 22
17 1
17 2
17 3
17 4
17 6
17 10
17 12
17 13
17 14
17 15
17 20
17 18
0 1
0 4
0 22
0 11
0 3
0 2
0 12
0 9
0 20
1 7
1 14
1 3
1 2
1 6
1 9
1 21
1 10
1 8
1 4
1 18
1 11
4 2
4 18
4 12
4 9
4 22
4 8
4 11
22 2
22 8
22 12
22 19
11 5
11 9
11 10
11 13
3 10
3 8
3 5
3 12
3 23
3 7
3 18
3 20
3 6
3 15
2 14
2 15
2 8
2 23
2 10
2 19
2 9
12 5
12 6
12 7
12 8
12 10
12 16
12 18
12 21
12 14
9 5
9 8
9 13
9 10
9 21
9 15
9 14
20 6
20 8
20 15
20 18
20 21
20 23
7 10
7 8
7 16
7 13
14 13
14 19
14 15
14 18
6 5
6 19
6 23
6 18
21 5
21 8
21 13
21 23
10 18
10 15
8 19
8 18
8 23
8 16
18 5
18 15
18 16
15 16
23 5
23 13
23 19
19 16