19 2 13 14 10 0 7 6 1 9 24 16 20 12 8 11 5 15 17 3 18 4 22 21 23
19 2
19 20
19 4
19 6
19 13
19 11
19 21
19 1
19 14
19 9
19 15
19 24
19 23
19 0
19 10
2 7
2 6
2 24
2 0
2 5
2 4
2 10
2 17
2 3
2 1
2 9
2 13
2 15
2 16
2 23
2 11
13 14
13 12
13 17
13 1
13 11
13 7
13 15
13 24
13 9
13 22
13 16
13 23
13 21
13 6
14 5
14 16
14 7
14 22
14 21
14 11
14 20
14 4
14 23
14 18
14 6
10 0
10 7
10 6
10 17
10 16
10 21
10 8
10 22
10 12
10 23
0 15
0 1
0 12
0 5
0 9
0 8
0 18
0 21
0 6
0 22
7 18
7 11
7 5
7 20
7 22
7 24
7 23
7 12
7 17
7 6
7 4
7 8
6 1
6 9
6 12
6 5
6 8
6 21
6 24
6 11
1 8
1 12
1 16
1 24
1 20
1 5
1 22
1 21
9 5
9 4
9 22
9 24
9 12
9 23
9 18
24 11
24 17
24 3
24 15
24 16
24 5
24 4
24 23
24 20
24 22
24 18
16 20
16 5
16 21
16 8
16 3
16 4
16 23
16 17
16 18
20 3
20 11
20 18
20 15
12 8
12 5
12 17
12 11
12 4
12 18
12 15
8 11
8 5
8 3
8 15
8 17
8 18
11 17
11 23
11 21
11 15
11 18
5 18
5 3
5 17
5 23
5 22
5 15
5 4
15 22
15 23
15 17
17 3
17 18
17 21
3 18
3 21
3 22
18 22
18 21
4 23
4 21
22 23
21 23