0 2 4 5 6 11 12 15 16 17 18 20 21 22 1 10 13 19 8 9 14 23 24 3 7
0 2
0 4
0 5
0 6
0 11
0 12
0 15
0 16
0 17
0 18
0 20
0 21
0 22
2 4
2 5
2 6
2 8
2 9
2 10
2 14
2 15
2 19
2 21
2 22
2 23
2 24
4 1
4 5
4 7
4 9
4 17
4 19
4 23
5 1
5 3
5 6
5 7
5 8
5 9
5 13
5 14
5 15
5 16
5 20
5 22
5 23
6 9
6 10
6 11
6 14
6 20
6 23
6 24
11 8
11 9
11 15
11 18
11 20
11 22
11 23
11 24
12 1
12 3
12 8
12 14
12 15
12 17
12 22
15 1
15 3
15 9
15 18
15 19
15 20
15 21
15 23
15 24
16 3
16 8
16 14
16 17
16 21
16 22
16 23
17 3
17 10
17 23
17 24
18 1
18 7
18 13
18 20
18 21
18 22
18 24
20 10
20 14
20 19
20 22
20 23
20 24
21 14
21 19
21 23
22 3
22 7
22 9
22 23
22 24
1 10
1 13
1 19
10 7
10 8
10 19
10 23
10 24
13 3
13 9
13 23
19 3
19 8
19 24
8 3
8 7
8 9
8 14
8 23
8 24
9 14
9 24
23 24
3 7