0 10 23 24 18 11 16 14 8 1 20 3 12 22 19 21 9 2 6 4 17 5 13 7 15
0 10
0 23
0 24
0 18
0 11
0 16
0 14
0 8
0 1
0 2
0 5
0 7
0 12
0 13
0 15
0 17
0 19
10 5
10 6
10 8
10 9
10 14
10 20
10 7
10 23
10 17
10 11
10 1
10 3
10 16
10 4
10 12
10 15
10 21
10 24
23 2
23 4
23 6
23 8
23 17
23 18
23 20
23 22
23 19
23 9
23 5
23 13
23 1
23 24
23 15
23 7
23 11
24 8
24 13
24 14
24 15
24 18
24 21
24 22
24 20
24 2
24 4
24 9
24 6
24 7
18 2
18 3
18 11
18 13
18 14
18 15
18 7
18 17
18 1
18 4
18 5
18 19
11 1
11 2
11 3
11 5
11 9
11 15
11 4
11 7
11 13
11 16
11 21
11 22
16 3
16 4
16 8
16 13
16 19
16 14
16 5
16 1
16 21
14 4
14 5
14 8
14 13
14 7
14 6
14 15
14 3
14 1
14 2
14 19
14 20
14 21
14 22
8 1
8 4
8 7
8 6
8 22
8 21
8 19
8 20
1 20
1 3
1 12
1 22
1 19
1 21
1 9
1 2
1 13
20 3
20 12
20 13
20 15
20 19
20 22
20 2
20 5
3 2
3 4
3 12
3 5
3 13
3 15
3 17
12 4
12 6
12 7
12 9
12 2
12 13
12 15
12 19
12 22
22 4
22 7
22 9
22 13
22 17
22 6
22 19
22 5
22 15
19 7
19 15
19 2
19 9
19 17
19 21
21 2
21 4
21 9
21 13
21 15
21 17
21 7
9 4
9 5
9 6
9 17
9 15
2 6
2 4
2 7
2 13
2 15
6 13
6 17
6 7
6 15
4 17
4 5
4 7
4 13
17 5
17 7
5 13
13 15
7 15