0 9 23 24 1 6 21 2 10 16 3 4 12 18 13 14 5 20 7 22 15 8 11 17 19
0 9
0 23
0 24
0 6
0 8
0 13
0 15
0 16
9 6
9 7
9 5
9 21
9 12
9 4
9 11
9 13
9 18
9 20
23 4
23 7
23 10
23 16
23 18
23 3
23 17
23 22
24 4
24 7
24 8
24 10
24 16
24 17
24 20
24 19
24 21
1 6
1 21
1 4
1 11
1 13
1 15
1 19
6 3
6 4
6 5
6 2
6 20
6 13
6 18
6 10
6 12
6 14
21 14
21 18
21 15
21 10
21 7
21 22
2 10
2 16
2 13
2 15
2 22
10 4
10 15
10 13
10 16
10 12
10 22
16 4
16 5
16 8
16 12
16 14
16 15
16 20
16 3
3 4
3 12
3 5
3 8
3 14
3 18
3 20
4 18
4 13
4 12
4 14
4 8
12 7
12 20
12 5
12 13
12 11
12 14
12 17
18 11
18 13
18 14
18 8
13 5
13 11
13 22
13 20
13 19
13 15
14 11
14 5
14 8
5 20
5 7
5 17
20 8
7 22
7 15
7 8
7 19
22 11
15 19
8 11
11 17