0 12 13 14 16 17 19 22 23 24 1 15 18 20 21 2 3 4 5 6 7 8 9 10 11
0 12
0 13
0 14
0 16
0 17
0 19
0 22
0 23
0 24
12 1
12 2
12 3
12 4
12 5
12 6
12 7
12 8
12 9
12 10
12 11
12 13
12 14
12 15
12 16
12 17
12 18
12 19
12 20
12 21
12 22
13 1
13 2
13 4
13 5
13 6
13 7
13 8
13 9
13 10
13 11
13 14
13 15
13 16
13 17
13 19
13 20
13 21
13 22
13 23
13 24
14 1
14 2
14 4
14 5
14 6
14 7
14 8
14 9
14 11
14 15
14 16
14 17
14 18
14 19
14 21
14 22
14 23
14 24
16 4
16 5
16 6
16 7
16 9
16 10
16 11
16 15
16 17
16 18
16 20
16 23
16 24
17 1
17 5
17 7
17 8
17 10
17 11
17 15
17 18
17 19
17 20
17 21
17 22
17 23
17 24
19 1
19 5
19 7
19 8
19 9
19 15
19 18
19 22
22 4
22 8
22 9
22 18
22 20
22 21
22 23
23 6
23 7
23 8
23 15
23 20
23 21
23 24
24 4
24 5
24 10
24 11
24 15
24 18
1 15
1 18
1 20
1 21
15 2
15 4
15 6
15 7
15 8
15 9
15 10
15 11
15 18
18 2
18 5
18 6
18 8
18 10
18 11
18 20
20 2
20 5
20 6
20 7
20 8
20 11
20 21
21 2
21 5
21 7
21 8
21 9
21 11