0 1 5 8 9 11 12 15 16 17 18 21 22 24 3 6 10 13 19 23 2 20 4 7 14
0 0
0 1
0 5
0 8
0 9
0 11
0 12
0 15
0 16
0 17
0 18
0 21
0 22
0 24
1 3
1 6
1 8
1 10
1 11
1 13
1 15
1 16
1 17
1 19
1 22
1 23
1 24
5 2
5 4
5 7
5 8
5 9
5 10
5 16
5 19
5 20
5 21
5 22
5 23
5 24
8 3
8 4
8 9
8 10
8 11
8 12
8 13
8 22
8 23
9 3
9 4
9 6
9 7
9 10
9 11
9 13
9 15
9 17
9 20
9 22
9 23
9 24
11 2
11 3
11 4
11 6
11 7
11 13
11 14
11 15
11 18
11 19
11 20
11 21
12 2
12 4
12 12
12 14
12 15
12 17
12 18
12 21
12 22
15 2
15 7
15 10
15 13
15 14
15 16
15 17
15 22
16 3
16 4
16 10
16 13
16 14
16 17
16 19
16 20
16 21
16 23
16 24
17 4
17 6
17 14
17 20
17 21
18 10
18 13
18 14
18 19
18 20
18 22
18 23
18 24
21 3
21 4
21 6
21 13
21 19
21 24
22 10
22 13
22 19
22 20
22 22
22 24
24 2
24 10
24 19
24 23
3 3
3 6
3 10
6 7
6 13
6 19
6 20
6 23
10 2
10 4
10 7
10 13
10 23
13 2
13 7
13 13
13 14
13 19
13 20
13 23
19 7
19 14
19 19
19 20
19 23
23 4
23 7
23 20
23 23
2 20
20 4
4 4
7 7
14 14