4 21 10 7 18 19 20 22 14 8 23 12 5 11 2 17 9 1 3 6 13 15 16 24 0
4 21
4 10
4 7
4 18
4 19
4 20
4 22
4 14
4 8
4 23
4 12
4 2
4 17
4 13
4 5
21 20
21 2
21 10
21 8
21 11
21 18
21 15
21 9
21 13
21 17
21 19
21 6
21 0
21 22
21 1
21 24
10 2
10 23
10 22
10 17
10 9
10 18
10 16
10 8
10 24
10 11
10 6
10 19
10 13
10 1
7 2
7 9
7 20
7 1
7 0
7 3
7 16
7 19
7 11
7 17
7 13
7 12
18 16
18 12
18 2
18 3
18 1
18 22
18 19
19 2
19 23
19 9
19 0
19 22
19 15
19 5
19 11
19 14
19 16
20 12
20 5
20 11
20 2
20 8
20 6
20 15
20 17
20 1
20 14
22 2
22 6
22 0
22 5
22 3
22 17
22 8
22 13
22 24
22 1
22 11
22 16
14 2
14 23
14 0
14 13
14 17
14 1
14 15
14 8
14 11
14 12
8 9
8 1
8 17
8 24
8 0
8 12
8 6
8 11
8 3
8 16
8 23
23 2
23 13
23 11
23 5
23 15
23 0
23 1
23 3
23 16
12 0
12 15
12 5
12 24
12 11
12 16
12 1
5 2
5 0
5 16
5 6
5 9
5 3
5 13
5 1
11 15
11 17
11 3
11 6
11 1
2 17
2 9
2 1
2 3
2 6
2 0
2 13
17 9
17 6
17 1
17 13
17 3
17 16
9 15
9 6
1 6
1 15
1 13
1 16
1 24
3 6
3 0
3 15
3 16
6 16
6 15
13 0
13 16
15 16
15 24
16 0
16 24
24 0