0 1 2 3 4 5 6 7 8 9 10 11 12 13 14 15 16 17 18 19
0 1
0 6
0 18
0 9
0 17
0 7
0 12
0 14
0 5
0 3
0 10
0 15
0 13
1 2
1 3
1 4
1 13
1 10
1 14
1 12
1 8
1 11
1 5
1 18
1 16
1 19
1 15
1 17
1 6
1 9
1 7
2 4
2 11
2 3
2 6
2 10
2 17
2 19
2 14
2 9
2 18
2 12
3 5
3 7
3 11
3 6
3 13
3 17
3 9
3 8
3 15
3 18
3 14
3 16
3 19
4 11
4 15
4 7
4 18
4 8
4 19
4 17
4 6
4 10
4 9
4 5
4 12
4 16
4 13
5 18
5 8
5 7
5 15
5 11
5 6
5 9
5 12
5 16
5 10
6 14
6 11
6 15
6 18
6 13
6 12
6 17
6 7
6 16
6 9
6 8
7 8
7 12
7 19
7 14
7 13
7 15
7 18
7 17
7 9
8 9
8 11
8 14
8 17
8 15
8 12
8 10
8 19
9 10
9 17
9 12
9 19
9 18
9 11
9 15
9 14
10 15
10 13
10 12
10 17
10 19
10 18
10 14
11 18
11 13
11 17
11 19
11 16
11 12
12 16
12 15
12 17
13 17
13 16
13 19
13 15
13 18
13 14
14 17
14 16
15 19
15 16
15 18
16 19
16 17
16 18
17 18
17 19
18 19