0 3 7 15 17 19 20 22 23 24 1 4 8 14 16 2 6 9 13 5 21 10 11 18 12
0 3
0 7
0 15
0 17
0 19
0 20
0 22
0 23
0 24
3 2
3 5
3 6
3 8
3 13
3 20
3 21
7 2
7 6
7 10
7 12
7 13
7 16
7 22
15 1
15 2
15 5
15 6
15 8
15 12
15 21
17 10
17 11
17 12
17 13
17 20
17 21
17 22
17 23
19 1
19 5
19 6
19 10
19 11
19 12
19 14
19 24
20 4
20 5
20 6
20 8
20 9
20 10
20 12
20 13
20 16
20 24
22 1
22 5
22 6
22 8
22 9
22 11
22 21
22 23
22 24
23 2
23 4
23 5
23 8
23 9
23 10
23 11
23 13
23 14
23 16
23 24
24 1
24 2
24 5
24 10
24 12
1 4
1 8
1 14
1 16
4 6
4 8
4 10
8 2
8 9
8 10
8 11
8 12
14 2
14 9
14 10
14 12
14 13
14 16
14 18
16 2
16 9
16 12
16 13
16 18
16 21
2 6
2 9
2 13
6 5
6 9
6 11
6 13
6 18
6 21
9 11
9 13
9 18
13 12
5 10
5 11
5 18
21 10
21 18
10 18
11 18
18 12