0 15 16 4 10 14 20 1 17 18 8 5 24 2 21 12 3 22 19 23 9 6 7 13 11
0 15
0 16
0 4
0 10
0 14
0 20
0 6
0 9
0 17
0 18
0 23
0 24
15 9
15 10
15 11
15 13
15 14
15 19
15 24
15 16
15 2
15 17
15 12
15 21
15 22
16 2
16 3
16 5
16 14
16 10
16 7
16 4
16 20
16 24
16 23
16 17
16 19
4 3
4 1
4 23
4 9
4 2
4 6
4 17
4 19
4 24
10 7
10 23
10 19
10 21
10 2
10 5
10 12
10 13
10 14
10 18
14 1
14 3
14 9
14 11
14 13
14 23
14 24
14 22
14 19
14 21
20 3
20 8
20 9
20 18
20 2
20 7
20 21
20 13
20 17
20 1
20 22
1 17
1 18
1 8
1 5
1 24
1 12
1 13
1 21
17 3
17 5
17 7
17 11
17 13
17 24
17 2
17 22
18 5
18 6
18 13
18 8
18 21
18 24
8 22
8 11
8 9
8 2
8 21
8 12
5 7
5 24
5 13
24 3
24 7
24 13
24 19
24 23
24 11
24 12
2 21
2 12
2 3
2 22
2 19
2 6
21 7
21 12
21 13
21 22
12 11
12 7
12 22
12 9
3 22
3 6
3 11
22 11
22 7
22 23
19 7
19 6
19 11
23 6
23 13
23 11
23 9
23 7
9 6
9 13
9 11
6 7
6 13
7 11
7 13