23 19 1 3 0 5 16 4 17 8 10 14 2 21 11 20 24 6 7 15 18 9 13 12 22
23 19
23 15
23 0
23 9
23 8
23 10
23 21
23 2
19 3
19 14
19 12
19 16
19 7
19 17
1 3
1 7
1 4
1 11
3 10
3 21
3 24
3 15
3 17
3 5
3 20
3 2
3 4
0 5
0 2
0 11
0 13
0 10
0 8
0 15
0 21
0 12
0 18
0 6
5 16
5 18
5 10
5 6
16 4
16 7
16 18
16 12
16 10
16 2
16 13
16 14
4 14
4 22
4 8
4 18
4 13
4 21
17 8
17 14
17 9
8 10
8 7
8 15
8 11
10 7
10 13
14 6
14 21
14 11
14 13
14 15
14 9
14 24
2 11
2 20
2 12
2 7
21 18
21 7
21 6
21 9
11 13
11 9
11 24
11 20
20 18
20 15
20 22
20 12
20 24
20 6
24 12
6 15
6 18
7 9
7 12
7 22
15 13
15 22
15 12
12 22