5 12 2 18 9 13 14 23 15 4 3 21 22 10 7 19 16 6 20 17 8 11 1 24 0
5 12
5 14
5 22
5 4
5 8
5 2
5 3
5 16
5 7
5 21
12 15
12 22
12 23
12 0
12 18
12 17
12 9
12 6
12 11
12 21
2 18
2 10
2 16
2 22
2 8
2 13
18 15
18 13
18 6
18 24
18 21
18 10
18 19
9 13
9 1
9 21
9 14
9 3
13 4
13 16
13 15
13 22
13 1
14 23
14 19
14 6
14 16
14 22
23 3
23 10
23 17
23 11
23 16
23 21
23 15
23 20
15 10
15 8
15 17
15 16
4 1
4 11
4 22
4 7
4 3
4 0
3 10
3 11
3 20
3 24
3 6
3 8
3 17
3 0
21 22
21 20
21 8
21 10
21 0
21 16
21 19
22 7
22 10
10 17
7 19
7 24
19 16
19 20
19 17
19 0
16 20
6 0
6 8
20 11
20 24
20 1
20 17
17 24
17 0
1 24