6 20 12 1 13 17 11 19 9 18 14 10 7 2 0 8 5 4 3 15 16 23 21 22 24
6 20
6 12
6 7
6 11
6 9
6 3
6 13
6 4
6 17
6 10
6 23
6 24
20 17
20 13
20 15
20 10
20 16
20 7
20 5
20 18
20 23
20 24
12 3
12 9
12 7
12 14
12 15
12 1
12 23
12 24
1 13
1 14
1 9
1 0
1 23
1 24
13 11
13 19
13 0
13 15
13 18
13 10
13 23
13 24
17 19
17 15
17 5
17 16
17 23
17 24
11 19
11 9
11 14
11 10
11 2
11 7
11 3
11 23
11 24
19 2
19 4
19 8
19 9
19 16
19 10
19 23
19 24
9 18
9 4
9 10
9 3
9 16
9 7
9 23
9 24
18 14
18 2
18 5
18 4
18 3
18 7
18 16
18 10
18 23
18 24
14 10
14 0
14 15
14 5
14 2
14 16
14 8
14 23
14 24
10 7
10 16
10 3
10 0
10 23
10 24
7 3
7 16
7 0
7 8
7 5
7 4
7 23
7 24
2 0
2 5
2 4
2 3
2 23
2 24
0 5
0 16
0 15
0 23
0 24
8 5
8 4
8 23
8 24
5 16
5 4
5 23
5 24
4 15
4 3
4 23
4 24
3 23
3 24
15 16
15 23
15 24
16 23
16 24
23 21
23 22
23 24
21 24
22 24