0 17 16 13 20 12 3 2 5 19 1 11 10 24 18 22 7 14 9 4 15 21 23 6 8
0 17
0 16
0 12
0 7
0 22
0 3
0 21
0 19
0 14
0 24
0 9
0 4
0 6
0 8
0 11
0 10
0 23
17 20
17 23
17 21
17 10
17 6
17 5
17 3
17 9
17 12
17 18
17 24
17 13
17 7
17 4
17 1
17 16
17 22
17 2
16 3
16 22
16 24
16 12
16 2
16 19
16 14
16 15
16 18
16 20
16 5
16 23
16 7
16 13
16 8
16 10
16 21
16 11
16 6
16 1
16 4
13 20
13 18
13 8
13 14
13 21
13 1
13 22
13 15
13 7
13 24
13 12
13 3
13 19
13 4
13 2
13 23
13 10
13 11
13 5
20 2
20 10
20 21
20 24
20 3
20 6
20 7
20 19
20 18
20 15
20 23
20 9
20 12
20 1
20 8
12 3
12 19
12 7
12 21
12 9
12 1
12 6
12 5
12 11
12 15
12 24
12 14
12 2
12 4
12 23
12 10
3 24
3 9
3 7
3 21
3 15
3 10
3 1
3 14
3 22
3 8
3 5
3 19
2 5
2 11
2 23
2 21
2 18
2 1
2 7
2 6
2 8
2 4
2 14
5 14
5 15
5 9
5 1
5 7
5 18
5 4
5 21
5 19
5 8
5 6
5 24
5 10
5 23
19 7
19 24
19 10
19 4
19 9
19 14
19 18
19 11
19 22
19 15
1 11
1 18
1 22
1 7
1 4
1 8
1 23
11 14
11 24
11 6
11 7
11 15
11 18
11 22
11 9
11 10
10 24
10 15
10 4
10 23
10 6
10 8
10 7
10 14
10 21
24 6
24 15
24 8
24 14
24 23
24 9
24 18
24 21
24 7
24 22
18 22
18 9
18 7
18 21
18 6
18 14
18 8
18 15
22 4
22 6
22 9
22 15
22 14
22 8
22 21
22 7
7 15
7 8
7 9
7 14
7 21
7 23
14 9
14 6
14 4
14 8
14 15
14 23
9 21
9 23
9 8
9 6
4 8
4 23
4 15
15 23
15 6
15 8
21 8
21 6
21 23
23 6
23 8
6 8