14 7 19 20 4 21 12 3 0 9 6 15 1 16 8 5 17 10 18 11 23 13 22 24 2
14 7
14 13
14 4
14 15
14 9
14 24
14 16
14 10
14 19
14 12
14 5
14 8
14 22
14 2
14 17
14 6
14 1
14 11
14 3
14 20
14 23
14 18
14 21
14 0
7 3
7 10
7 23
7 12
7 17
7 13
7 18
7 20
7 16
7 11
7 9
7 19
7 4
7 15
7 5
7 6
7 1
7 2
7 22
19 20
19 12
19 24
19 21
19 5
19 13
19 9
19 10
19 15
19 0
19 17
19 22
19 16
19 4
19 8
19 1
19 2
19 6
19 18
19 23
20 6
20 8
20 21
20 11
20 4
20 3
20 24
20 1
20 2
20 9
20 10
20 5
20 23
20 12
20 17
20 16
20 15
20 0
20 22
4 21
4 9
4 8
4 18
4 5
4 13
4 16
4 1
4 6
4 10
4 22
4 24
4 23
4 11
4 0
4 17
4 3
21 0
21 22
21 3
21 24
21 1
21 2
21 15
21 18
21 11
21 13
21 23
21 5
21 16
21 8
21 6
21 9
12 24
12 5
12 0
12 2
12 8
12 15
12 3
12 1
12 10
12 13
12 6
12 16
12 17
12 23
12 22
3 0
3 15
3 9
3 5
3 2
3 23
3 18
3 17
3 11
3 6
3 16
3 13
3 8
3 22
3 1
0 22
0 24
0 11
0 2
0 15
0 13
0 23
0 8
0 17
0 1
0 10
0 6
0 5
0 16
0 9
0 18
9 8
9 16
9 6
9 24
9 23
9 10
9 18
9 2
9 22
9 5
9 11
9 1
6 15
6 11
6 18
6 22
6 13
6 17
6 2
6 23
15 1
15 22
15 24
15 23
15 8
15 17
15 2
15 13
15 5
15 18
15 10
1 16
1 5
1 24
1 17
1 10
1 22
1 11
1 23
1 18
16 18
16 13
16 5
16 10
16 2
16 17
16 8
16 24
16 23
16 11
8 13
8 10
8 5
8 24
8 11
8 23
8 17
8 2
5 17
5 11
5 24
5 18
5 2
5 22
5 13
17 23
17 18
17 24
17 22
17 2
17 13
17 11
17 10
10 24
10 11
10 18
10 22
10 2
10 23
10 13
18 2
18 23
18 22
18 13
18 11
11 23
11 22
11 2
11 24
11 13
23 24
23 2
23 22
23 13
13 24
13 22
22 24
22 2
24 2