18 12 4 20 1 22 23 3 11 0 7 2 6 10 9 15 16 13 17 8 5 21 19 14
18 12
18 20
18 15
18 8
18 11
18 22
18 19
18 2
18 16
12 4
12 3
12 11
12 17
12 2
12 6
12 7
12 13
12 22
12 20
4 1
4 2
4 15
4 8
4 3
4 23
4 16
20 1
20 13
20 7
20 14
20 10
20 21
22 23
22 5
22 15
22 2
22 19
23 21
23 19
23 15
23 14
23 2
3 11
3 6
3 2
11 7
11 15
11 13
11 21
0 7
7 2
7 10
2 21
2 15
2 16
6 10
6 13
6 19
10 8
10 17
10 19
10 9
9 15
9 16
9 8
9 21
9 17
9 14
9 19
15 17
15 21
15 8
15 14
15 13
16 19
16 13
16 17
16 21
13 21
8 5
8 19
8 21
21 19
19 14