0 4 1 12 19 18 8 3 9 24 22 17 14 2 5 15 13 11 21 20 7 10 6 23 16
0 4
4 2
4 12
4 22
4 18
1 12
1 19
1 18
1 8
1 3
1 9
1 24
1 22
1 17
1 14
12 2
12 3
12 9
12 11
12 20
12 19
12 14
12 22
19 10
19 13
19 15
19 16
19 17
18 6
18 9
18 10
18 11
18 21
18 22
8 2
8 5
8 7
8 13
8 11
3 2
3 9
3 21
3 13
3 20
3 14
3 24
3 7
9 7
9 16
9 15
9 17
24 6
24 7
24 11
24 13
24 14
24 23
22 6
22 7
22 10
22 14
22 16
22 17
22 20
22 21
22 23
17 5
17 7
17 10
17 14
17 21
14 6
14 7
14 15
14 21
2 5
2 15
2 13
2 11
5 21
5 10
5 7
5 13
15 6
15 13
15 16
13 7
13 20
11 21
21 6
21 7
21 10
20 6
20 10
20 23
7 23
7 10
10 23
10 16
23 16