0 24 16 22 4 11 23 10 1 19 21 13 5 18 8 15 20 2 17 7 14 12 3 6 9
0 24
0 16
0 22
0 4
0 11
0 23
0 10
0 1
0 19
0 21
0 13
0 5
0 18
0 8
0 15
0 20
24 2
24 4
24 5
24 6
24 10
24 12
24 14
24 15
24 16
24 17
24 19
24 21
24 23
16 2
16 5
16 6
16 7
16 8
16 10
16 12
16 13
16 14
16 15
16 19
16 17
16 22
16 23
16 21
22 1
22 2
22 5
22 6
22 10
22 12
22 14
22 17
22 19
22 20
22 23
4 1
4 2
4 7
4 6
4 12
4 10
4 15
4 9
4 14
4 17
11 2
11 3
11 5
11 6
11 9
11 10
11 12
11 18
11 23
23 2
23 3
23 5
23 6
23 10
23 12
23 13
23 14
23 15
23 17
23 20
23 21
10 2
10 5
10 6
10 18
10 13
10 15
10 17
10 19
10 20
10 21
10 14
10 12
1 2
1 17
19 2
19 5
19 6
19 12
19 13
19 14
19 15
19 17
19 20
21 2
21 5
21 6
21 12
21 13
21 14
21 15
21 17
13 2
13 5
13 6
13 9
13 12
13 18
13 14
5 2
5 3
5 14
5 12
5 6
5 15
5 20
5 18
5 7
5 9
5 17
5 8
18 3
18 6
18 7
18 12
18 14
18 15
18 17
18 20
8 2
8 6
15 2
15 6
15 12
15 14
15 17
20 2
20 6
20 12
20 17
2 17
2 7
2 14
2 12
2 3
2 6
17 3
17 6
17 12
17 14
7 6
14 3
14 6
14 12
12 6
3 9
6 9