0 6 8 9 11 12 13 14 15 17 18 19 20 21 23 1 2 3 4 10 16 24 7 22 5
0 6
0 8
0 9
0 11
0 12
0 13
0 14
0 15
0 17
0 18
0 19
0 20
0 21
0 23
6 1
6 3
6 4
6 5
6 9
6 11
6 13
6 15
6 16
6 17
6 19
6 20
6 21
6 22
6 24
8 3
8 4
8 5
8 10
8 11
8 16
8 19
8 22
8 24
9 2
9 4
9 5
9 10
9 11
9 12
9 13
9 15
9 16
9 17
9 18
9 19
9 22
9 23
11 1
11 3
11 4
11 7
11 12
11 15
11 16
11 18
11 21
11 24
12 1
12 14
12 16
12 19
12 24
13 1
13 2
13 4
13 14
13 16
13 20
13 22
13 23
13 24
14 2
14 3
14 4
14 7
14 15
14 17
14 19
14 20
14 24
15 1
15 3
15 5
15 7
15 10
15 16
15 19
15 20
15 23
17 2
17 3
17 10
17 18
17 19
17 21
17 22
17 23
17 24
18 1
18 3
18 19
18 21
18 22
19 1
19 2
19 3
19 7
19 10
19 20
19 21
19 22
19 23
20 5
20 10
20 16
20 21
20 23
20 24
21 3
21 5
21 7
23 1
23 7
23 24
1 2
1 3
1 4
1 10
1 16
1 24
2 3
2 4
2 7
2 10
2 22
2 24
3 4
3 5
3 7
3 16
3 22
4 5
4 7
4 24
10 7
10 16
16 7
16 24
24 22
7 5