14 3 4 19 6 17 9 13 21 0 5 7 12 11 23 1 16 8 24 20 10 18 15 22 2
14 3
14 17
14 11
14 18
14 19
14 16
14 0
14 24
14 7
14 4
14 22
14 21
14 23
14 9
14 15
14 20
14 2
14 12
14 10
3 4
3 21
3 15
3 11
3 19
3 12
3 2
3 0
3 24
3 13
3 16
3 5
3 20
3 1
3 7
4 17
4 19
4 9
4 21
4 6
4 13
4 23
4 2
4 5
4 18
4 12
4 16
19 6
19 11
19 2
19 5
19 9
19 21
19 15
19 13
19 20
19 8
19 16
19 23
19 24
19 18
19 17
6 13
6 7
6 10
6 15
6 2
6 11
6 22
6 18
6 12
6 5
6 8
6 21
6 1
6 24
6 9
6 20
6 16
6 23
17 20
17 24
17 13
17 15
17 12
17 0
17 22
17 10
17 1
17 7
17 11
17 2
17 21
17 18
9 13
9 23
9 1
9 7
9 22
9 10
9 21
9 5
9 20
9 15
9 16
9 24
9 8
9 12
13 8
13 5
13 16
13 18
13 7
13 24
13 0
13 11
13 2
13 12
13 20
13 10
13 22
13 15
21 18
21 5
21 0
21 23
21 2
21 12
21 24
21 16
21 7
21 15
21 22
21 11
21 1
21 10
0 5
0 20
0 10
0 22
0 7
0 16
0 15
0 8
0 11
0 2
0 23
0 18
0 24
5 24
5 8
5 22
5 10
5 2
5 16
5 15
5 20
5 23
5 18
5 11
7 12
7 24
7 8
7 20
7 18
7 11
7 16
7 2
7 22
12 23
12 20
12 10
12 16
12 2
12 22
12 11
12 8
12 24
12 15
12 18
11 1
11 18
11 23
11 8
11 22
11 10
11 24
11 15
23 8
23 22
23 24
23 16
23 15
23 2
23 20
1 24
1 2
1 16
1 15
1 8
1 10
1 22
16 8
16 24
16 22
16 10
16 20
16 15
8 22
8 20
8 15
8 18
8 2
8 24
24 15
24 2
24 20
24 10
20 10
20 22
20 2
20 15
10 2
10 22
10 18
18 2
18 15
18 22
15 22
15 2
22 2