0 20 3 10 23 1 15 18 7 4 2 14 11 8 16 17 19 21 13 9 5 22 6 12 24
0 20
0 3
0 10
0 23
0 1
0 4
0 6
0 12
0 21
20 9
20 11
20 19
20 14
20 4
20 15
20 20
20 2
20 22
20 23
20 7
20 3
20 17
20 21
3 1
3 2
3 15
3 13
3 3
3 4
3 14
3 16
10 2
10 9
10 19
10 4
10 15
10 12
10 18
10 8
10 23
10 11
10 21
10 22
23 2
23 14
23 18
23 22
23 16
23 23
23 13
23 9
23 24
1 15
1 18
1 7
1 1
1 4
1 2
1 6
1 8
1 12
1 13
15 2
15 5
15 6
15 8
15 11
15 13
15 14
15 4
15 15
15 16
18 2
18 5
18 12
18 17
18 6
18 18
18 8
18 7
18 22
18 19
7 5
7 6
7 14
7 8
7 11
4 2
4 8
4 9
4 5
4 6
4 11
4 12
4 14
4 21
4 22
2 14
2 11
2 8
2 16
2 17
2 19
2 21
2 6
2 12
14 12
14 13
14 8
14 9
14 17
14 21
11 8
11 9
11 6
11 22
11 12
11 16
11 17
11 21
8 6
8 12
8 9
8 13
16 12
16 16
16 13
16 17
17 5
17 6
17 12
17 9
17 22
17 21
19 5
19 19
19 9
19 6
19 21
21 6
21 21
21 9
21 22
13 12
13 13
9 22
9 6
5 22
5 6
5 12
6 12
12 12