0 1 3 10 11 13 15 18 19 20 23 24 4 6 8 9 17 22 2 5 12 16 21 14 7
0 1
0 3
0 10
0 11
0 13
0 15
0 18
0 19
0 20
0 23
0 24
1 4
1 6
1 8
1 9
1 10
1 11
1 17
1 18
1 22
3 2
3 4
3 5
3 8
3 10
3 11
3 12
3 13
3 16
3 18
3 20
3 21
3 22
3 23
10 2
10 4
10 9
10 14
10 15
10 16
10 20
10 22
10 23
10 24
11 2
11 13
11 14
11 15
11 16
11 17
11 19
11 20
11 21
11 23
11 24
13 2
13 12
13 15
13 16
13 17
13 18
13 19
13 20
13 22
15 2
15 6
15 7
15 9
15 12
15 14
15 16
15 18
15 20
15 22
15 23
18 4
18 5
18 8
18 12
18 17
18 20
18 22
18 24
19 2
19 4
19 6
19 7
19 8
19 12
19 20
19 21
19 23
19 24
20 4
20 5
20 8
20 9
20 14
20 16
20 21
20 22
23 2
23 4
23 5
23 7
23 8
23 12
23 14
23 21
23 22
23 24
24 2
24 4
24 5
24 6
24 8
24 14
24 22
4 2
4 5
4 8
4 14
4 17
6 2
6 7
6 8
6 9
6 14
6 16
6 21
6 22
8 5
8 7
8 12
8 14
8 22
9 7
9 16
9 21
17 2
17 12
17 21
2 5
2 12
12 7
12 21
16 21
21 7