0 16 10 22 21 2 4 17 12 3 14 19 11 6 5 7 1 13 24 23 8 18 20 15 9
0 16
0 10
0 22
0 21
0 2
0 4
0 17
0 12
0 3
0 14
0 19
0 11
0 6
0 5
0 7
16 2
16 5
16 8
16 9
16 10
16 24
16 22
16 20
16 23
10 5
10 7
10 8
10 9
10 24
10 23
10 19
10 14
10 20
10 18
10 22
22 1
22 4
22 6
22 8
22 9
22 11
22 12
22 13
22 20
21 2
21 5
21 6
21 7
21 8
21 13
21 15
21 17
21 18
21 23
2 3
2 23
2 17
2 12
2 4
2 24
2 13
2 11
2 6
2 8
4 1
4 18
4 12
4 20
4 8
4 17
4 5
4 19
17 5
17 11
17 12
17 13
17 23
17 20
17 24
17 18
12 1
12 5
12 7
12 11
12 24
12 23
12 13
12 15
3 1
3 7
3 14
3 5
3 8
3 24
3 18
14 6
14 7
14 8
14 19
14 24
14 20
14 15
19 1
19 8
19 9
19 13
19 20
19 23
11 6
11 7
11 8
11 9
11 15
11 18
6 1
6 5
6 24
6 8
6 20
6 7
6 23
6 15
5 13
5 15
5 7
5 18
5 24
5 8
7 1
7 13
7 9
7 20
1 13
1 24
1 23
13 8
13 15
13 24
13 20
24 9
24 15
24 20
24 23
23 8
23 9
23 18
23 20
8 9
8 15
18 20
20 15