0 2 4 6 9 11 18 19 20 22 1 7 13 14 15 21 23 3 8 12 16 5 10 17
0 2
0 4
0 6
0 9
0 11
0 18
0 19
0 20
0 22
0 1
0 5
0 10
0 13
0 21
2 7
2 9
2 11
2 13
2 19
2 21
2 23
2 4
2 10
2 15
2 17
2 18
2 20
4 3
4 5
4 6
4 7
4 12
4 13
4 14
4 18
4 20
4 22
4 23
4 8
4 10
4 11
4 16
4 19
6 1
6 3
6 5
6 8
6 9
6 10
6 12
6 13
6 14
6 15
6 18
6 19
6 20
6 23
6 7
6 21
9 7
9 12
9 16
9 19
9 22
9 17
9 18
11 8
11 1
11 10
11 12
11 13
11 14
11 15
11 16
11 17
11 20
11 22
11 23
18 1
18 5
18 8
18 12
18 16
18 17
18 7
18 10
18 14
18 15
18 22
18 19
18 20
18 21
18 23
19 1
19 7
19 10
19 12
19 13
19 15
19 16
19 17
19 5
19 8
19 21
19 23
20 3
20 5
20 12
20 13
20 14
20 15
20 16
20 1
20 8
20 17
20 21
20 22
22 7
22 15
22 17
22 21
22 8
22 12
22 13
22 14
22 23
1 7
1 13
1 14
1 15
1 21
1 23
1 5
1 8
1 10
1 12
1 16
7 3
7 5
7 14
7 15
7 17
7 21
7 23
7 10
7 16
13 3
13 8
13 10
13 12
13 5
13 14
13 16
13 17
13 23
13 15
14 3
14 8
14 10
14 12
14 5
14 16
14 21
14 17
14 23
15 3
15 5
15 12
15 10
15 16
15 17
15 21
15 23
21 3
21 5
21 8
21 10
21 12
21 17
23 3
23 5
23 10
23 12
23 16
23 8
23 17
3 8
3 12
3 16
3 5
3 17
8 5
8 12
8 17
8 10
8 16
12 5
12 10
12 16
12 17
16 10
16 5
16 17
5 10
10 17