0 3 8 10 11 12 13 17 19 22 23 1 6 7 9 15 20 2 4 14 21 24 5 16 18
0 3
0 8
0 10
0 11
0 12
0 13
0 17
0 19
0 22
0 23
3 4
3 5
3 7
3 10
3 12
3 13
3 14
3 16
3 18
3 19
3 20
3 21
3 23
3 24
8 1
8 7
8 9
8 10
8 17
8 18
8 20
8 23
10 1
10 4
10 6
10 7
10 9
10 11
10 12
10 13
10 16
10 21
10 22
10 24
11 2
11 4
11 5
11 6
11 9
11 13
11 14
11 16
11 17
11 18
11 20
11 23
11 24
12 2
12 6
12 9
12 13
12 14
12 15
12 16
12 17
12 19
12 20
12 21
12 23
13 2
13 6
13 9
13 14
13 15
13 16
13 17
13 19
13 20
13 21
13 23
13 24
17 4
17 5
17 6
17 14
17 15
17 16
17 18
17 24
19 4
19 5
19 6
19 14
19 16
19 20
22 1
22 4
22 7
22 14
22 15
22 18
22 20
22 23
23 4
23 7
23 18
23 20
1 6
1 7
1 9
1 15
1 20
6 2
6 4
6 5
6 7
6 9
6 15
6 16
6 18
6 20
7 2
7 5
7 14
7 15
7 16
7 24
9 2
9 20
9 21
15 2
15 4
15 14
15 16
15 24
20 4
2 4
2 14
2 21
2 24
4 5
4 14
4 18
4 21
14 5
14 16
14 18
14 24
24 5
24 18