18 5 16 13 23 20 24 1 7 10 11 15 4 0 19 9 17 14 3 2 12 6 21 22 8
18 5
18 10
18 4
18 20
18 9
18 3
18 2
18 15
18 0
18 22
18 12
18 6
5 16
5 13
5 20
5 24
5 6
5 19
5 12
5 10
16 17
16 1
16 4
16 12
13 23
13 12
13 1
13 21
13 6
23 1
23 7
23 10
23 15
23 20
23 3
23 0
23 24
23 4
23 19
23 22
20 9
20 19
20 15
24 15
24 4
24 12
24 0
24 6
24 10
24 8
1 11
1 10
1 6
1 17
1 4
1 19
7 0
7 15
7 19
10 11
10 15
10 8
11 17
15 0
15 14
15 9
15 4
15 12
4 0
4 9
4 12
4 17
0 19
0 9
0 17
0 6
19 9
19 17
19 6
9 17
9 12
17 6
14 6
14 12
14 22
3 2
3 6
2 22
12 21
12 22
6 21
6 22