0 5 6 7 8 9 10 14 15 17 19 1 11 12 2 18 3 4 20 21 13 16 22 23 24
0 5
0 6
0 7
0 8
0 9
0 10
0 14
0 15
0 17
0 19
5 1
5 2
5 3
5 4
5 8
5 11
5 13
5 14
5 16
5 17
5 20
5 22
5 23
6 1
6 2
6 3
6 4
6 7
6 8
6 9
6 11
6 13
6 15
6 19
6 22
6 24
7 1
7 2
7 3
7 9
7 10
7 16
7 17
7 20
8 2
8 3
8 9
8 10
8 12
8 14
8 15
8 16
8 18
8 19
8 21
8 22
8 24
9 4
9 10
9 11
9 12
9 14
9 15
9 19
9 23
10 1
10 13
10 21
10 22
14 1
14 16
14 18
14 21
14 24
15 12
15 17
17 2
17 23
19 11
19 23
1 11
1 12
11 3
11 13
11 21
11 22
11 24
12 2
12 3
12 13
12 16
2 18
18 4
18 16
18 20
4 20
4 21
20 16
21 23
16 24