0 9 11 12 13 17 24 1 10 15 16 19 20 2 14 21 3 18 4 22 5 6 7 23 8
0 9
0 11
0 12
0 13
0 17
0 24
9 1
9 2
9 3
9 4
9 5
9 6
9 7
9 8
9 10
9 11
9 12
9 14
9 15
9 16
9 18
9 20
9 22
9 23
11 1
11 2
11 3
11 4
11 6
11 8
11 10
11 12
11 13
11 14
11 15
11 16
11 17
11 18
11 19
11 20
11 22
11 23
11 24
12 1
12 2
12 3
12 7
12 8
12 10
12 13
12 14
12 15
12 16
12 18
12 20
12 21
12 22
12 23
13 1
13 2
13 4
13 7
13 8
13 10
13 14
13 16
13 18
13 22
13 24
17 1
17 4
17 5
17 7
17 8
17 10
17 14
17 18
17 20
17 21
24 3
24 5
24 8
24 10
24 15
24 22
1 10
1 15
1 16
1 19
1 20
10 2
10 3
10 4
10 5
10 6
10 7
10 8
10 14
10 15
10 18
10 19
10 20
15 2
15 3
15 4
15 5
15 20
15 21
15 22
15 23
16 5
16 7
16 8
16 14
16 18
16 19
16 21
16 22
19 2
19 5
19 7
19 8
19 14
20 14
20 18
2 14
2 21
14 3
14 6
14 7
14 23
21 4
21 5
21 7
21 8
3 18
18 7
18 23
4 22
22 5
22 8
22 23
7 23
23 8