20 13 3 8 21 4 5 16 10 9 18 17 15 2 14 19 11 7 12 1 6 0
20 13
20 5
20 16
20 18
20 0
20 15
20 4
20 11
20 9
20 19
20 1
20 6
20 14
20 21
20 12
20 10
20 2
20 7
13 3
13 8
13 15
13 4
13 2
13 17
13 10
13 1
13 19
13 14
13 18
13 0
13 11
13 16
13 7
13 6
3 21
3 1
3 11
3 2
3 16
3 5
3 15
3 17
3 14
3 9
3 10
3 6
3 4
3 0
3 8
3 12
3 7
8 4
8 12
8 15
8 18
8 21
8 16
8 1
8 17
8 5
8 2
8 10
21 15
21 1
21 6
21 11
21 17
21 12
21 4
21 16
21 19
21 10
21 18
21 2
21 5
4 14
4 10
4 12
4 2
4 6
4 18
4 11
4 15
4 0
4 7
4 5
4 9
4 1
4 17
4 16
5 10
5 9
5 17
5 16
5 6
5 18
5 15
5 0
5 14
5 11
5 12
5 1
16 1
16 15
16 0
16 10
16 7
16 11
16 12
16 18
16 14
16 6
16 19
16 9
10 12
10 14
10 7
10 9
10 15
10 0
10 6
10 18
10 11
10 1
9 18
9 2
9 0
9 19
9 6
9 11
9 1
9 15
9 12
9 7
9 17
18 19
18 7
18 6
18 14
18 2
18 12
18 15
18 0
17 0
17 14
17 11
17 2
17 1
15 11
15 12
15 2
15 6
15 19
15 7
15 1
2 11
2 7
2 0
2 12
2 14
2 1
2 19
2 6
14 19
14 0
14 6
14 7
14 11
14 12
14 1
19 7
19 6
19 0
19 11
19 12
11 0
11 7
11 12
11 1
7 12
7 6
7 1
12 1
6 0