14 15 9 21 12 19 7 18 8 3 1 22 11 4 0 6 13 20 10 2 5 16 17
14 14
14 21
14 0
14 17
14 18
14 8
14 13
14 19
14 1
14 2
14 20
14 9
14 22
14 4
14 15
14 12
14 5
14 7
14 11
15 9
15 19
15 1
15 2
15 3
15 13
15 10
15 5
15 22
15 11
15 6
15 8
15 18
15 21
15 7
9 0
9 19
9 6
9 20
9 9
9 17
9 18
9 3
9 1
9 10
9 12
9 8
9 5
9 22
21 12
21 21
21 6
21 20
21 3
21 17
21 4
21 5
21 13
21 1
21 22
21 18
21 16
21 19
21 2
12 7
12 3
12 13
12 19
12 6
12 22
12 8
12 0
12 12
12 5
12 20
12 4
12 16
12 2
19 0
19 2
19 4
19 6
19 17
19 18
19 13
19 1
19 10
19 7
19 20
19 19
19 8
19 5
19 22
19 16
7 5
7 11
7 18
7 4
7 6
7 20
7 22
7 17
7 7
7 3
7 2
7 1
18 8
18 5
18 10
18 11
18 18
18 13
18 17
18 3
18 22
18 1
18 6
8 16
8 10
8 13
8 2
8 4
8 11
8 1
8 20
8 6
8 8
8 17
3 1
3 22
3 13
3 5
3 4
3 0
3 17
3 10
3 3
3 20
3 6
1 6
1 2
1 10
1 0
1 20
1 22
1 11
1 13
22 11
22 4
22 6
22 0
22 2
22 13
22 22
22 17
22 5
11 13
11 0
11 2
11 20
11 17
11 4
11 16
11 10
4 13
4 0
4 4
4 17
4 6
4 5
4 10
0 0
0 10
0 6
0 13
0 20
0 2
0 16
0 17
0 5
6 6
6 2
6 17
6 16
6 10
13 16
13 20
13 13
13 17
13 2
20 2
20 10
20 5
20 20
10 2
10 5
10 16
2 17
5 16
5 17
16 17
17 17