4 12 18 16 0 23 8 2 10 6 17 3 7 1 9 22 13 11 15 20 14 21 5 24 19
4 12
4 19
4 0
4 8
4 13
4 23
4 9
4 17
12 18
12 23
12 22
12 13
12 16
18 16
18 5
18 20
18 9
18 2
18 11
16 0
16 15
16 10
16 2
16 6
0 23
0 10
0 21
0 8
0 20
23 8
23 20
23 9
23 2
23 10
8 2
8 15
8 19
2 10
2 17
2 21
10 6
10 1
10 11
10 15
6 17
6 3
6 11
6 24
17 3
17 19
17 14
3 7
3 24
3 20
3 13
3 22
7 1
7 19
7 15
7 21
7 13
1 9
1 14
1 20
1 11
9 22
9 5
22 13
22 5
22 14
13 11
13 21
11 15
11 24
11 14
15 20
15 24
20 14
20 5
14 21
14 24
14 5
21 5
21 19
5 24
24 19