0 23 6 19 22 14 20 21 18 11 4 1 17 2 7 13 3 24 10 5 8 9 12 15 16
0 23
0 6
0 19
0 22
0 14
0 20
0 21
0 18
0 11
0 4
0 13
0 24
23 6
23 12
23 20
23 21
23 1
23 16
23 7
23 22
23 15
23 13
6 2
6 5
6 11
6 10
6 20
6 13
6 19
6 22
6 24
19 17
19 18
19 8
19 4
19 24
19 16
19 12
19 2
19 9
19 20
19 22
22 7
22 9
22 13
22 14
22 15
22 20
22 21
22 3
22 1
22 5
22 18
22 8
22 2
22 16
14 3
14 13
14 4
14 8
14 1
14 24
14 17
14 21
20 17
20 18
20 21
20 4
20 9
20 15
21 4
21 7
21 13
21 1
21 8
21 17
21 24
21 18
18 1
18 10
18 11
18 13
18 17
18 24
18 15
18 5
11 7
11 8
11 10
11 2
11 13
11 9
4 24
4 10
4 1
4 5
4 17
1 17
1 10
1 13
17 7
17 10
17 9
17 24
17 5
2 7
2 13
7 13
7 5
7 24
13 12
13 3
13 8
13 9
13 24
3 8
24 16
24 15
10 8