0 2 3 4 14 17 19 21 1 6 8 10 12 15 18 13 22 23 5 11 20 24 9 16 7
0 2
0 3
0 4
0 14
0 17
0 19
0 21
2 1
2 4
2 8
2 12
2 13
2 22
3 1
3 4
3 6
3 10
3 14
3 23
4 5
4 11
4 17
4 18
4 20
4 23
4 24
14 6
14 7
14 10
14 12
14 13
14 18
14 19
14 22
14 24
17 5
17 8
17 11
17 19
17 20
17 23
19 8
19 10
19 12
19 13
19 15
19 22
19 23
21 5
21 7
21 16
21 24
1 6
1 8
1 10
1 12
1 15
1 18
6 9
6 11
6 13
6 16
6 20
6 24
8 5
8 13
8 20
8 23
8 24
10 11
10 20
10 23
10 24
12 7
12 18
12 20
15 5
15 9
15 16
15 20
18 5
18 7
18 11
18 13
18 22
18 23
13 5
13 22
13 23
22 11
23 7
23 20
23 24
5 9
5 16
5 20
11 7
11 16
9 7
16 7