0 18 24 17 5 7 10 1 9 6 19 14 2 20 13 3 22 4 8 16 11 12 21 15 23
0 18
0 24
0 17
0 5
0 7
0 10
0 2
0 3
0 4
0 8
0 9
0 11
0 12
0 15
0 16
0 21
0 22
0 23
18 2
18 12
18 9
18 10
18 4
18 8
18 5
18 7
18 3
18 17
18 6
18 19
18 20
18 21
18 22
18 23
24 3
24 11
24 12
24 15
24 20
24 4
17 1
17 3
17 5
17 7
17 8
17 12
17 13
17 15
17 2
17 9
17 16
17 20
17 23
5 4
5 13
5 3
5 6
5 7
5 8
5 11
5 12
5 14
5 15
5 20
5 21
5 22
5 23
7 2
7 3
7 9
7 16
7 19
7 4
7 11
7 1
7 8
7 12
7 14
7 15
7 20
7 22
7 23
10 2
10 3
10 4
10 8
10 9
10 11
10 12
10 15
10 16
10 20
10 21
10 22
1 9
1 6
1 19
1 14
1 2
1 3
1 4
1 8
1 11
1 12
1 15
1 20
1 21
1 22
1 23
9 2
9 4
9 8
9 3
9 12
9 13
9 15
9 16
9 20
9 21
9 22
9 23
6 2
6 3
6 4
6 8
6 12
6 15
6 16
6 21
6 22
6 23
19 8
19 11
19 14
19 15
19 4
19 20
19 21
19 22
19 23
14 2
14 8
14 11
14 12
14 3
14 4
14 21
14 15
14 20
14 22
14 23
2 20
2 13
2 3
2 4
2 11
2 12
2 15
2 16
2 21
2 22
2 23
20 4
20 15
20 16
20 8
20 12
20 13
20 11
20 21
20 22
20 23
13 3
13 8
13 11
13 12
13 4
13 15
13 16
13 21
13 23
3 22
3 4
3 8
3 11
3 12
3 15
3 16
3 21
3 23
22 8
22 21
22 12
22 16
22 15
22 11
22 4
22 23
4 8
4 11
4 12
4 15
4 16
4 21
4 23
8 12
8 15
8 16
8 21
16 12
16 15
16 11
16 21
16 23
11 12
11 15
11 21
11 23
12 21
12 15
12 23
21 15
21 23
15 23