8 0 3 6 20 9 17 11 15 23 18 13 2 14 22 4 7 16 10 1 5 19 21 12
8 0
8 18
0 3
0 23
0 18
3 6
3 23
6 20
6 23
6 4
6 7
6 15
6 11
6 17
20 9
20 23
20 22
20 13
20 2
20 18
20 11
20 17
20 15
9 17
9 11
9 22
9 4
9 7
9 13
9 18
9 2
9 14
17 11
17 15
17 4
17 7
11 15
11 4
11 7
23 18
23 7
23 4
18 13
18 2
18 22
18 4
18 7
13 2
13 22
13 4
13 7
2 14
2 22
2 16
2 21
2 12
14 22
14 16
14 21
14 12
14 10
14 19
14 4
22 4
22 7
22 16
22 21
22 12
4 7
4 16
4 10
4 19
4 5
4 21
4 12
7 10
16 10
16 1
16 19
16 12
16 21
10 1
10 12
1 19
1 5
5 19
19 21
21 12