0 19 8 3 24 12 15 21 20 10 5 2 23 18 9 11 6 7 17 22 16 4 1 14 13
0 19
0 12
0 18
0 9
0 17
0 1
0 16
19 8
19 15
19 21
19 23
19 12
19 4
19 17
8 3
8 23
8 24
8 10
8 4
8 12
8 18
8 21
8 1
3 24
3 15
3 12
3 11
3 7
3 14
3 21
24 12
24 6
24 11
24 9
24 1
24 21
24 5
24 13
12 15
12 11
12 4
12 17
12 7
15 6
15 11
15 9
15 16
15 17
15 23
15 22
15 1
15 2
15 18
15 20
21 20
21 14
21 2
21 18
20 10
20 16
20 7
20 14
20 18
20 5
10 5
10 7
10 1
10 2
5 2
5 17
5 23
5 16
5 1
2 23
2 9
2 11
2 16
23 18
23 1
23 11
18 9
18 11
9 7
9 22
9 14
11 1
7 17
17 22
17 1
22 4
16 1