0 3 5 8 11 12 23 1 6 10 15 19 20 21 22 2 13 14 16 7 4 17 24 9 18
0 3
0 5
0 8
0 11
0 12
0 23
0 6
0 7
0 10
0 13
0 15
0 16
0 20
0 24
3 1
3 2
3 7
3 10
3 11
3 12
3 13
3 16
3 20
3 21
3 4
3 6
3 9
3 15
3 19
3 22
3 24
5 1
5 4
5 11
5 21
5 22
5 7
5 13
5 15
5 16
5 17
5 23
8 1
8 4
8 6
8 7
8 9
8 10
8 11
8 12
8 13
8 14
8 15
8 16
8 19
8 22
8 23
8 20
11 1
11 4
11 6
11 7
11 2
11 9
11 10
11 13
11 17
11 19
11 20
11 22
11 23
11 24
11 14
11 15
11 16
11 18
12 1
12 4
12 6
12 7
12 2
12 15
12 16
12 17
12 19
12 20
12 22
12 23
12 13
12 14
12 18
12 24
23 13
23 14
23 15
23 16
23 17
23 18
23 19
23 20
23 22
23 4
23 9
23 21
23 24
1 6
1 10
1 15
1 19
1 20
1 21
1 22
1 4
1 13
1 16
1 17
6 2
6 4
6 7
6 9
6 10
6 13
6 14
6 15
6 18
6 20
6 21
6 22
10 4
10 7
10 9
10 13
10 15
10 16
10 19
10 20
10 22
10 24
15 4
15 7
15 13
15 14
15 2
15 9
15 16
15 17
15 18
15 19
15 21
15 24
15 20
19 2
19 13
19 16
19 17
19 18
19 9
19 20
19 24
19 22
20 7
20 13
20 16
20 18
20 2
20 4
20 9
20 14
20 17
20 24
20 22
21 4
21 13
21 16
21 17
21 18
21 2
21 24
22 4
22 7
22 13
22 16
22 9
22 17
22 18
22 24
2 13
2 14
2 16
2 4
2 17
2 24
13 4
13 7
13 9
13 14
13 16
13 17
13 18
13 24
14 4
14 7
14 9
14 16
14 18
14 24
16 4
16 7
16 9
16 17
16 18
16 24
7 4
7 9
7 17
7 24
7 18
4 17
4 24
17 9
17 24
17 18
24 18
24 9
9 18