0 7 9 12 3 24 21 23 2 6 5 11 4 22 16 20 19 18 15 8 17 10 13 14 1
0 7
0 24
0 4
0 15
0 5
0 6
0 17
0 20
0 14
7 3
7 15
7 10
7 23
7 8
7 16
7 18
7 20
7 11
9 12
9 2
9 4
9 15
9 5
9 19
9 21
9 18
9 3
12 4
12 11
12 2
12 20
12 16
3 22
3 5
3 6
3 16
3 14
3 18
3 17
3 8
24 16
24 22
24 23
24 10
24 6
24 19
24 8
24 1
24 13
21 23
21 4
21 5
21 15
21 18
21 17
21 10
21 2
21 16
21 6
21 14
23 6
23 14
23 8
2 6
2 20
2 13
2 11
2 19
2 15
2 4
6 19
6 4
6 14
6 1
6 18
6 8
6 13
5 11
5 13
5 20
5 18
11 22
11 19
11 10
11 14
11 13
4 17
4 10
4 14
4 15
22 17
22 1
22 10
22 20
22 18
16 18
20 17
20 14
20 1
20 13
19 18
19 14
19 15
18 14
18 8
15 8
15 1
15 14
8 1
17 1
17 13
10 14
10 1
13 14