0 1 3 17 5 6 22 9 18 24 2 19 7 21 15 23 10 8 4 20 11 13 12 14 16
0 1
0 3
0 17
0 5
0 6
0 22
0 9
0 18
0 24
0 2
0 19
0 7
0 21
0 15
1 19
1 6
1 21
1 23
1 22
1 7
1 17
1 5
1 9
1 2
3 12
3 5
3 19
3 13
3 14
3 24
3 18
3 4
3 15
3 20
3 7
3 22
17 6
17 7
17 9
17 13
17 15
17 16
17 21
17 19
17 24
5 2
5 4
5 11
5 7
5 8
5 23
5 14
5 16
5 9
5 24
6 21
6 16
6 13
6 15
6 23
6 18
6 20
6 8
6 14
6 22
22 8
22 9
22 12
22 14
22 15
22 18
22 19
22 21
22 23
22 24
9 2
9 8
9 16
9 21
9 10
9 18
9 24
18 4
18 8
18 10
18 12
18 13
18 16
18 24
18 21
18 19
24 2
24 4
24 10
24 11
24 14
24 15
24 16
24 19
24 20
24 21
2 10
2 7
2 19
2 8
2 4
2 20
2 11
2 13
19 7
19 10
19 11
19 12
19 14
19 15
19 16
19 21
7 21
7 13
7 15
7 16
7 12
7 8
21 8
21 10
21 11
21 12
21 13
21 14
21 15
21 23
15 8
15 11
15 13
15 14
15 16
23 4
23 12
23 14
10 4
10 8
10 14
10 20
8 13
8 14
8 12
4 13
4 11
4 12
4 20
20 12
20 13
20 14
20 16
11 16
11 14
11 13
11 12
13 12
12 16
14 16