0 1 10 12 13 14 15 16 17 18 20 22 23 4 5 6 7 19 3 8 9 11 21 2
0 1
0 10
0 12
0 13
0 14
0 15
0 16
0 17
0 18
0 20
0 22
0 23
0 4
0 5
0 6
0 7
1 10
1 13
1 15
1 16
1 17
1 19
1 20
1 22
1 23
1 3
1 4
1 8
1 9
10 11
10 12
10 13
10 14
10 15
10 17
10 19
10 20
10 22
10 23
10 4
10 5
10 6
12 15
12 16
12 18
12 19
12 20
12 21
12 22
12 23
12 3
12 4
12 5
12 6
12 9
13 11
13 16
13 18
13 19
13 20
13 21
13 2
13 3
13 4
13 5
13 7
13 9
14 11
14 17
14 18
14 19
14 20
14 21
14 22
14 3
14 5
14 7
14 9
15 16
15 17
15 18
15 20
15 22
15 23
15 2
15 3
15 6
15 8
15 9
16 11
16 17
16 19
16 22
16 23
16 3
16 5
16 6
16 7
17 18
17 20
17 21
17 22
17 23
17 2
17 3
17 4
17 6
17 7
17 9
18 11
18 19
18 20
18 23
18 3
18 5
18 6
18 7
18 8
18 9
20 11
20 19
20 2
20 22
20 23
20 3
20 5
22 11
22 23
22 3
22 4
22 6
22 9
23 11
23 19
23 2
23 3
23 4
23 5
23 6
23 8
23 9
4 11
4 19
4 7
4 8
4 9
5 3
5 11
5 19
5 6
5 7
6 2
6 3
6 11
6 19
6 8
6 9
7 19
7 21
19 11
19 21
19 3
19 8
19 9
3 2
3 11
8 9
9 11
9 21