0 2 5 7 8 9 10 14 15 17 18 19 20 21 22 23 24 1 13 16 4 11 3 6 12
0 2
0 5
0 7
0 8
0 9
0 10
0 14
0 15
0 17
0 18
0 19
0 20
0 21
0 22
0 23
0 24
2 4
2 7
2 8
2 10
2 11
2 13
2 14
2 15
2 16
2 19
2 20
2 21
2 23
5 1
5 3
5 7
5 9
5 11
5 12
5 15
5 18
5 20
5 21
5 24
7 1
7 3
7 8
7 9
7 13
7 14
7 16
7 18
7 20
7 21
7 22
8 3
8 6
8 10
8 11
8 13
8 16
8 18
8 20
8 21
8 22
8 23
8 24
9 1
9 3
9 4
9 11
9 14
9 16
9 18
9 19
9 20
9 21
9 22
9 23
9 24
10 1
10 3
10 4
10 12
10 13
10 15
10 19
10 20
10 21
10 22
10 24
14 1
14 3
14 6
14 11
14 12
14 15
14 16
14 21
15 3
15 11
15 12
15 16
15 21
15 23
15 24
17 1
17 3
17 6
17 13
17 20
18 1
18 3
18 6
18 13
18 16
18 19
18 20
19 4
19 11
19 16
19 21
19 22
20 1
20 3
20 21
20 24
21 1
21 12
21 13
21 16
22 6
22 11
22 16
22 23
23 11
23 12
24 4
24 12
24 13
1 13
1 16
13 6
13 11
13 12
13 16
16 11
4 3
4 6
4 12
11 3
11 6
11 12
3 6
6 12