0 15 6 7 2 11 4 5 9 10 12 1 21 14 3 17 18 19 24 13 20 16 23 8 22
0 15
0 6
0 7
0 2
0 11
0 4
0 5
0 9
0 10
0 12
15 3
15 4
15 12
15 22
15 20
6 1
6 2
6 23
6 13
6 24
7 3
7 4
7 22
7 20
7 9
7 8
7 11
2 1
2 13
2 24
2 14
2 9
2 5
2 10
2 17
2 18
2 19
2 20
11 3
11 4
11 5
11 22
11 14
11 16
11 18
11 23
4 9
4 14
4 10
4 16
5 1
5 3
5 23
5 8
5 9
5 16
9 8
9 14
9 17
9 24
10 21
10 13
10 18
10 16
10 17
10 19
12 1
12 21
12 18
12 20
12 17
1 21
1 14
1 3
1 17
1 18
1 19
1 24
21 18
21 19
21 23
14 13
3 20
3 13
3 19
3 16
17 8
17 23
18 19
19 22
24 8
24 22
13 20
16 22
23 8
8 22