0 1 8 13 14 16 19 21 22 5 4 17 9 2 3 10 12 15 18 24 6 20 23 7 11
0 1
0 8
0 13
0 14
0 16
0 19
0 21
0 22
0 5
1 4
1 17
1 22
1 8
1 9
1 5
8 2
8 3
8 19
8 20
8 24
8 21
8 10
8 16
8 9
8 12
8 14
13 3
13 4
13 5
13 10
13 11
13 12
13 14
13 19
13 22
13 24
13 21
14 5
14 10
14 16
14 21
14 24
16 4
16 6
16 9
16 11
16 12
16 21
16 24
16 17
19 3
19 6
19 7
19 11
19 20
19 23
19 24
21 3
21 5
21 15
21 18
21 20
21 24
22 4
22 6
22 18
22 24
5 6
5 7
5 12
5 24
5 9
4 2
4 3
4 9
4 10
4 15
4 18
4 23
4 17
17 2
17 3
17 6
17 10
17 11
17 12
17 15
17 20
17 23
17 24
9 2
9 12
2 3
2 10
2 12
2 15
2 18
2 24
3 6
3 10
3 12
3 20
10 15
12 23
15 6
15 11
15 20
15 18
18 6
18 7
18 20
18 23
24 6
24 7
24 11
24 20
6 11
20 7
20 11
23 11