0 1 11 9 16 2 7 15 24 23 14 6 18 13 19 22 3 12 4 8 10 5 17 21 20
0 1
0 11
0 9
0 16
0 2
0 7
0 12
0 18
0 19
0 21
0 22
1 2
1 7
1 15
1 24
1 11
1 23
1 14
1 6
1 18
1 13
1 19
1 22
1 16
1 3
1 21
11 4
11 7
11 9
11 10
11 12
11 3
11 5
11 21
11 18
11 17
11 20
11 8
11 24
11 15
11 16
11 14
11 23
9 4
9 7
9 8
9 10
9 14
9 24
9 15
9 13
9 23
9 22
9 17
9 18
9 19
16 6
16 7
16 8
16 10
16 15
16 17
16 2
16 4
16 24
2 3
2 12
2 4
2 23
2 7
2 17
2 19
2 21
7 3
7 4
7 6
7 8
7 14
7 10
7 15
7 21
7 18
7 23
7 22
7 5
7 17
7 19
15 4
15 8
15 10
15 12
15 14
15 20
15 22
24 3
24 12
24 17
24 18
24 19
24 20
24 23
23 3
23 4
23 10
23 12
23 18
23 19
23 21
23 22
23 17
23 13
14 3
14 4
14 10
14 13
14 19
6 4
6 5
6 20
6 8
6 12
6 13
18 3
18 17
18 19
18 22
18 21
18 5
18 10
18 20
13 3
13 8
13 12
13 17
19 3
19 4
19 12
19 20
19 8
19 21
19 17
22 4
22 10
22 17
22 21
22 12
3 4
3 12
3 8
3 10
3 17
12 8
12 21
12 17
4 5
4 10
4 17
4 8
4 21
8 17
10 20
10 21
5 17
5 20
5 21
17 21
21 20