0 2 7 12 13 15 16 18 19 1 4 23 3 6 11 24 10 14 17 21 5 8 9 20 22
0 2
0 7
0 12
0 13
0 15
0 16
0 18
0 19
2 3
2 6
2 7
2 11
2 12
2 13
2 15
2 18
2 19
2 23
2 24
7 1
7 3
7 11
7 15
7 19
7 20
7 23
7 24
12 9
12 15
12 23
13 1
13 4
13 9
13 11
13 23
15 1
15 4
15 10
15 18
15 21
15 22
15 23
15 24
16 1
16 3
16 4
16 5
16 6
16 11
16 22
16 24
18 1
18 4
18 11
18 14
18 20
18 24
19 1
19 4
19 5
19 6
19 8
19 14
19 21
19 22
1 4
1 23
4 5
4 6
4 8
4 23
23 9
23 11
23 14
3 10
3 14
3 17
3 21
6 20
6 21
6 24
11 9
11 14
11 17
11 21
24 9
24 21
10 8
10 17
10 22
14 8
14 22
17 8
17 21
21 5
5 8
5 9