0 6 7 8 10 13 14 15 20 21 22 24 1 16 17 19 2 9 11 12 18 3 4 5 23
0 6
0 7
0 8
0 10
0 13
0 14
0 15
0 20
0 21
0 22
0 24
6 1
6 2
6 3
6 4
6 5
6 7
6 8
6 9
6 10
6 12
6 14
6 16
6 17
6 19
6 20
6 21
7 1
7 2
7 4
7 5
7 8
7 9
7 10
7 11
7 13
7 14
7 15
7 16
7 18
7 21
7 22
7 23
8 1
8 2
8 5
8 9
8 10
8 11
8 12
8 14
8 16
8 17
10 1
10 3
10 13
10 14
10 20
13 1
13 2
13 9
13 18
13 19
14 4
14 17
14 18
14 24
15 2
15 9
15 11
15 12
20 1
20 12
20 16
20 23
21 2
21 3
21 12
22 2
22 12
22 18
22 19
22 23
24 3
24 5
24 11
24 17
1 16
1 17
1 19
16 2
16 12
16 23
17 5
17 12
19 11
19 12
19 18
2 9
2 11
2 12
2 18
9 3
9 5
9 11
9 12
9 18
11 3
11 5
11 18
12 4
12 5
12 23
18 23