24 0 2 12 19 4 3 7 9 21 13 15 18 22 23 14 1 8 10 20 6 11 5 16 17
24 0
24 2
24 12
24 19
24 4
24 3
24 7
24 9
24 21
24 13
24 15
24 18
24 22
24 23
24 14
24 1
24 8
24 10
24 20
24 6
0 11
0 19
0 8
0 2
0 12
0 20
0 7
0 18
0 5
0 16
0 9
0 21
0 10
0 23
0 13
2 11
2 3
2 13
2 23
2 5
2 21
2 6
2 17
2 18
2 16
2 9
2 10
2 8
2 12
2 20
12 11
12 19
12 7
12 13
12 17
12 4
12 21
12 1
12 3
12 16
12 8
12 23
12 5
12 18
12 10
12 6
12 15
12 14
19 22
19 4
19 3
19 13
19 6
19 23
19 8
19 15
19 16
19 5
19 7
19 18
19 1
19 14
19 20
19 17
19 21
19 10
4 9
4 7
4 13
4 17
4 1
4 10
4 16
4 23
4 6
4 3
4 8
4 21
3 11
3 22
3 7
3 17
3 21
3 1
3 18
3 16
3 10
3 14
3 15
3 20
3 23
3 5
3 6
3 8
7 11
7 9
7 8
7 13
7 5
7 1
7 17
7 10
7 16
7 20
7 6
7 15
9 11
9 22
9 6
9 18
9 10
9 15
9 17
9 14
9 23
9 1
9 21
9 16
9 5
21 22
21 13
21 17
21 1
21 15
21 18
21 10
21 23
21 14
21 16
13 11
13 22
13 16
13 8
13 5
13 6
13 15
13 14
13 10
13 23
15 11
15 17
15 16
15 20
15 23
15 5
15 6
15 18
15 10
15 14
18 11
18 22
18 1
18 8
18 20
18 23
18 5
18 6
22 16
22 23
22 14
22 8
22 17
22 20
22 1
22 5
23 11
23 17
23 1
23 16
23 8
23 20
23 5
23 6
23 10
23 14
14 11
14 17
14 8
14 20
14 5
14 6
14 10
1 8
1 20
1 5
1 16
8 10
8 6
10 11
10 17
10 16
10 20
10 5
20 16
20 5
20 6
6 11
6 17
6 16
6 5
11 16
11 5
11 17
5 17
5 16