0 1 10 19 2 23 4 8 12 16 21 9 11 15 17 22 24 14 13 18 20 3 5 6 7
0 1
0 10
0 19
0 2
0 23
0 4
0 8
1 10
1 12
1 16
1 19
1 2
1 21
1 23
1 4
1 8
1 9
10 11
10 12
10 15
10 17
10 19
10 21
10 22
10 23
10 24
10 2
10 4
10 5
10 6
10 8
10 9
19 13
19 15
19 16
19 18
19 20
19 21
19 24
19 3
19 4
19 5
19 6
19 7
2 12
2 13
2 14
2 16
2 17
2 18
2 22
2 3
2 5
2 6
2 9
23 12
23 16
23 17
23 18
23 20
23 22
23 24
23 4
23 5
23 7
4 3
4 15
4 16
4 24
4 5
4 9
8 3
8 5
8 7
8 11
8 12
8 13
8 14
8 15
8 21
8 24
8 9
12 11
12 13
12 14
12 18
12 21
12 22
12 5
12 6
12 7
12 9
16 11
16 13
16 15
16 17
16 18
16 3
16 6
16 7
16 9
21 17
21 20
21 22
21 24
21 6
21 7
21 9
9 5
9 7
11 14
11 5
11 7
15 14
15 18
15 3
15 5
15 6
17 13
17 18
17 20
17 5
17 7
22 14
22 3
22 6
22 7
24 5
14 13
14 20
14 5
14 6
18 20
18 3
18 6
20 3
20 5
20 6
20 7
3 5
5 6
6 7