0 23 17 21 2 10 14 6 8 7 1 22 5 20 15 16 3 13 12 18 4 24 11 9 19
0 23
0 17
0 21
0 2
0 10
0 14
0 6
0 8
0 7
0 1
0 9
0 13
0 15
0 19
0 24
23 6
23 9
23 12
23 13
23 17
23 18
23 20
23 21
23 22
23 11
23 1
23 19
23 14
23 24
17 1
17 2
17 5
17 9
17 12
17 14
17 8
17 16
17 22
17 24
17 15
17 13
17 4
21 1
21 2
21 3
21 4
21 5
21 7
21 9
21 11
21 12
21 16
21 8
21 15
21 13
21 10
21 24
2 1
2 6
2 16
2 5
2 7
2 9
2 12
2 13
2 15
2 18
2 19
2 20
2 24
10 1
10 5
10 3
10 15
10 4
10 18
10 14
10 19
10 24
10 8
10 6
10 13
10 11
10 16
10 22
14 1
14 5
14 7
14 15
14 6
14 20
14 3
14 11
14 4
14 16
14 18
14 19
14 22
6 3
6 24
6 5
6 20
6 7
6 1
6 9
6 19
6 22
8 4
8 7
8 5
8 12
8 15
8 1
8 3
8 9
8 18
8 19
8 20
8 22
8 24
7 5
7 9
7 1
7 13
7 19
7 15
7 3
7 16
7 18
7 22
1 22
1 5
1 20
1 15
1 4
1 11
1 12
1 19
22 3
22 19
22 18
22 9
22 11
5 4
5 15
5 11
5 24
5 3
5 9
5 16
5 20
20 4
20 12
20 13
20 16
20 19
20 9
20 15
15 4
15 9
15 11
15 16
15 19
15 24
15 3
15 18
15 13
16 9
16 11
16 13
16 4
16 24
3 13
3 12
3 18
3 9
3 19
13 12
13 9
13 4
13 24
13 11
13 19
12 9
12 18
12 4
12 24
18 9
18 11
18 24
18 19
4 24
24 9
24 19
11 19
9 19