0 1 2 3 4 5 6 7 8 9 10 11 12 13 14 15 16 17 18 19 20 21 22 23 24
0 1
0 2
0 3
0 4
0 5
0 6
0 7
0 8
0 9
0 10
0 11
0 12
0 13
0 14
0 15
0 16
0 17
0 18
0 19
0 20
0 21
0 22
0 23
0 24
1 2
1 3
1 4
1 5
1 6
1 7
1 8
1 9
1 10
1 11
1 12
1 13
1 14
1 15
1 16
1 17
1 18
1 19
1 20
1 21
1 22
1 23
1 24
2 3
2 4
2 5
2 6
2 7
2 8
2 9
2 10
2 11
2 12
2 13
2 14
2 15
2 16
2 17
2 18
2 20
2 21
2 22
2 23
2 24
3 14
3 15
3 17
3 22
4 5
4 8
4 9
4 13
4 14
4 15
4 17
4 20
4 23
5 7
5 8
5 9
5 10
5 11
5 14
5 16
5 17
5 18
5 19
5 20
5 24
6 11
6 17
6 21
6 22
7 13
8 10
8 11
8 15
8 18
8 22
8 24
9 10
9 12
9 15
9 20
9 22
10 11
10 12
10 14
10 15
10 18
10 21
10 22
10 23
10 24
11 12
11 13
11 15
11 16
11 17
11 18
11 19
11 20
11 21
11 22
11 24
12 13
12 14
12 15
12 16
12 17
12 18
12 19
12 20
12 21
12 22
12 23
12 24
13 14
13 16
13 18
13 22
13 23
13 24
14 15
14 16
14 18
14 19
14 20
14 21
14 22
14 23
15 20
16 17
17 18
17 19
17 20
17 21
17 22
17 23
17 24
18 19
18 20
18 21
18 23
19 21
19 22
20 21
21 23
22 24
23 24