0 1 2 3 4 5 6 7 8 9 10 11 12 13 14 15 16 17 18 19 20 21 22 23 24
0 1
0 14
0 3
0 13
0 8
0 19
0 2
0 16
0 4
0 15
0 11
0 18
0 12
0 6
0 23
0 5
0 9
0 20
0 24
0 22
0 21
1 2
1 21
1 6
1 17
1 23
1 8
1 7
1 22
1 16
1 14
1 15
1 4
1 13
1 3
1 10
1 18
1 12
2 3
2 20
2 21
2 6
2 11
2 5
2 7
2 23
2 15
2 10
2 16
2 18
2 14
2 22
2 12
2 4
2 19
2 24
2 17
2 13
2 9
3 4
3 7
3 8
3 11
3 21
3 18
3 13
3 16
3 23
3 15
3 19
3 14
3 12
3 5
3 9
3 6
3 17
3 20
3 22
3 24
4 5
4 17
4 14
4 10
4 24
4 20
4 11
4 13
4 12
4 8
4 7
4 18
4 23
4 15
4 9
4 22
4 21
5 6
5 17
5 24
5 8
5 14
5 22
5 13
5 16
5 18
5 21
5 15
5 7
5 19
5 10
6 7
6 13
6 19
6 8
6 14
6 16
6 18
6 12
6 21
6 15
6 23
6 22
6 24
6 20
7 8
7 9
7 15
7 18
7 19
7 23
7 12
7 11
7 17
7 21
7 10
7 14
7 16
7 20
7 22
7 24
7 13
8 9
8 14
8 24
8 16
8 18
8 13
8 10
8 12
8 11
8 19
8 21
9 10
9 13
9 21
9 14
9 20
9 24
9 23
9 16
9 19
9 18
9 11
9 17
9 12
9 15
10 11
10 15
10 13
10 14
10 19
10 23
10 20
10 16
10 12
10 22
11 12
11 15
11 20
11 18
11 23
11 13
11 24
11 21
11 19
11 17
12 13
12 22
12 21
12 23
12 17
12 15
12 19
12 24
12 16
12 20
12 18
13 14
13 20
13 15
13 24
13 23
13 19
13 18
13 16
13 17
13 21
14 15
14 22
14 20
14 23
14 16
14 19
14 17
14 18
15 16
15 19
15 23
15 20
15 22
15 17
15 21
15 18
15 24
16 17
16 19
16 22
16 20
16 24
16 23
17 18
17 24
17 21
17 19
18 19
18 21
18 20
19 20
19 21
19 23
20 21
20 24
20 23
20 22
21 22
21 24
22 23
22 24
23 24