0 1 3 4 5 7 8 10 16 2 13 19 9 11 12 14 15 22 6 20 24 18 21 23 17
0 1
0 3
0 4
0 5
0 7
0 8
0 10
0 16
1 2
1 4
1 5
1 7
1 8
1 13
1 19
3 2
3 9
3 11
3 22
4 6
4 8
4 13
4 20
4 24
5 2
5 6
5 7
5 8
5 9
5 11
5 14
5 18
5 19
5 21
5 22
7 8
7 9
7 14
7 19
7 20
8 2
8 14
8 16
8 19
8 20
8 22
8 23
10 9
10 11
10 12
10 22
10 23
16 2
16 18
16 21
2 9
2 11
2 12
2 14
2 15
13 6
13 12
13 19
13 22
13 24
19 11
19 12
19 15
19 21
19 22
19 23
9 11
9 14
9 15
9 21
9 22
9 23
9 24
11 6
11 12
11 15
11 23
11 24
12 14
12 15
12 17
12 18
12 20
14 15
14 17
14 18
22 24
6 18
6 23
20 17
20 21
24 17
24 18
24 21
21 17