14 5 2 11 1 7 4 6 17 13 10 3 15 19 24 23 20 12 0 21 22 8 18 9 16
14 5
14 4
14 19
14 2
14 9
14 0
14 18
14 13
14 15
14 12
14 11
14 1
14 21
5 20
5 19
5 12
5 1
5 23
5 9
5 22
5 0
5 3
5 21
2 11
2 0
2 4
2 17
2 23
11 1
11 6
11 20
11 4
11 0
11 12
11 9
11 17
11 24
1 7
1 17
1 3
1 15
1 19
1 23
1 20
7 6
7 23
7 20
7 19
7 4
7 12
4 10
4 20
4 17
4 13
4 8
4 0
4 3
6 10
6 9
6 20
6 3
6 16
6 18
6 22
17 13
17 10
17 3
17 12
17 19
17 18
17 22
17 0
17 20
17 15
13 3
13 18
10 23
10 0
10 24
10 3
10 22
10 15
10 12
10 18
10 9
10 8
10 16
3 18
15 22
15 9
15 16
15 8
15 12
15 21
15 20
19 24
19 21
19 0
19 9
19 20
19 12
24 23
24 12
24 20
24 8
23 12
23 0
20 21
20 9
12 18
12 8
12 9
0 22
0 21
0 18
21 22
21 16
22 8
22 18
18 16