0 12 6 9 23 4 16 1 24 13 3 22 14 18 17 2 20 10 8 21 19 11 7 15 5
0 12
0 6
0 9
0 23
0 4
0 16
0 1
0 2
0 3
0 5
0 7
0 11
0 13
0 14
0 17
0 18
0 21
0 24
12 1
12 2
12 3
12 4
12 5
12 7
12 10
12 11
12 14
12 15
12 18
12 19
12 9
12 21
12 6
12 24
12 13
12 16
12 17
12 20
12 22
12 23
6 1
6 2
6 3
6 4
6 5
6 17
6 19
6 7
6 8
6 9
6 11
6 14
6 18
6 20
9 1
9 2
9 3
9 4
9 5
9 7
9 19
9 23
9 10
9 15
9 21
9 8
9 22
9 16
9 11
9 24
9 18
9 13
9 14
9 20
23 1
23 2
23 3
23 4
23 5
23 7
23 8
23 11
23 13
23 14
23 22
23 17
23 24
4 1
4 2
4 3
4 24
4 11
4 14
4 5
4 17
4 18
4 19
4 10
4 22
4 7
4 13
4 16
16 1
16 2
16 5
16 7
16 8
16 10
16 11
16 13
16 14
16 15
16 21
16 17
16 3
16 24
16 19
1 24
1 13
1 3
1 22
1 14
1 18
1 17
1 2
1 20
1 10
1 8
1 21
1 19
1 11
1 7
1 15
1 5
24 2
24 5
24 7
24 13
24 14
24 17
24 19
24 20
24 11
24 21
13 2
13 3
13 5
13 7
13 11
13 21
13 19
13 20
13 22
13 14
13 18
3 2
3 14
3 7
3 17
3 18
3 20
3 22
3 8
3 5
3 11
3 15
22 5
22 7
22 11
22 14
22 17
22 18
22 19
22 8
14 2
14 5
14 7
14 8
14 11
14 18
14 19
14 15
14 17
14 20
18 2
18 5
18 7
18 10
18 11
18 17
18 21
18 15
18 20
17 2
17 5
17 7
17 11
17 20
17 10
17 15
17 8
17 19
17 21
2 21
2 5
2 15
2 7
2 10
2 8
2 19
20 5
20 7
20 11
20 15
20 8
20 21
20 10
10 5
10 7
10 11
10 15
10 21
8 5
8 7
8 11
8 15
21 5
21 7
21 11
21 15
19 5
19 11
11 5
11 7
11 15
7 5
7 15
15 5