0 14 10 6 9 15 16 4 1 2 8 12 19 3 5 7 11 18 13 17
0 14
0 10
0 6
0 9
0 15
0 16
0 4
0 1
0 2
0 8
0 12
0 19
14 3
14 11
14 12
14 13
14 16
14 4
14 18
14 9
14 15
14 8
14 6
10 19
10 3
10 4
10 5
10 7
10 8
10 9
10 6
10 12
10 2
10 11
10 15
10 16
10 18
6 19
6 2
6 4
6 1
6 15
6 16
6 9
6 8
6 18
6 5
6 11
6 7
9 19
9 5
9 9
9 13
9 17
9 18
9 2
9 11
15 19
15 2
15 3
15 7
15 11
15 12
15 13
15 8
15 17
15 18
15 4
15 16
16 19
16 2
16 4
16 11
16 16
16 12
16 17
4 19
4 2
4 13
4 18
4 11
4 17
1 19
1 11
1 8
1 12
1 18
1 3
1 5
1 17
2 11
2 12
2 18
2 3
2 5
2 2
2 13
8 19
8 11
8 3
8 5
8 7
8 13
8 12
12 19
12 11
12 5
12 18
19 3
19 5
19 7
19 11
19 18
19 19
3 11
3 13
3 7
5 18
5 13
5 17
5 7
7 13
11 18
11 11
11 13
11 17
18 18
18 17
13 13
13 17
17 17