0 6 7 8 11 12 13 14 15 20 22 23 24 1 9 21 2 5 10 19 3 4 16 17 18
0 6
0 7
0 8
0 11
0 12
0 13
0 14
0 15
0 20
0 22
0 23
0 24
6 7
6 16
6 21
6 24
7 2
7 4
7 5
7 8
7 12
7 14
7 19
7 20
7 23
7 24
8 3
8 11
8 17
8 18
8 19
8 21
8 23
11 10
11 15
11 18
11 19
12 3
12 4
12 17
12 18
12 19
12 20
12 21
13 3
13 4
13 5
13 16
13 20
14 5
14 15
14 16
14 21
14 23
15 3
15 16
15 19
15 21
15 23
20 5
22 9
22 21
22 24
23 5
23 9
24 4
24 10
24 16
24 17
24 18
1 9
1 21
9 3
9 17
21 5
21 10
21 16
2 5
2 10
2 19
5 4
5 10
5 17
5 19
10 4
10 16
10 19
19 3
19 17
4 16
4 17
4 18
17 18