0 1 2 3 5 8 11 12 13 14 15 18 20 7 16 19 4 6 9 10 17
0 1
0 2
0 3
0 5
0 8
0 11
0 12
0 13
0 14
0 15
0 18
0 20
1 3
1 7
1 12
1 13
1 14
1 16
1 18
1 19
2 3
2 4
2 5
2 6
2 8
2 9
2 11
2 12
2 13
2 15
2 16
3 7
3 8
3 10
3 13
3 14
3 15
3 17
3 20
5 4
5 6
5 7
5 8
5 9
5 12
5 15
5 17
8 4
8 7
8 9
8 11
8 12
8 13
8 16
8 17
8 20
11 4
11 7
11 9
11 10
11 12
11 13
11 14
11 16
11 19
12 4
12 6
12 7
12 9
12 13
12 14
12 16
12 17
12 19
12 20
13 9
13 10
13 15
13 16
13 18
14 7
14 15
14 16
14 17
15 7
15 9
15 10
15 16
15 18
15 19
18 6
18 7
18 9
18 17
20 6
20 10
20 16
20 17
20 19
7 4
7 6
7 9
7 10
16 6
16 19
19 4
19 10
19 17
4 6
4 9
4 10
6 9
6 17
9 17
10 17