0 1 2 3 23 13 6 9 11 8 24 20 4 14 21 5 10 17 18 16 7 19 12 15 22
0 1
0 2
0 3
0 23
0 13
0 6
0 9
0 11
0 8
0 24
0 20
0 4
0 14
0 21
0 5
0 10
0 17
0 18
0 16
0 7
0 0
1 24
1 14
1 3
1 7
1 9
1 4
1 16
1 19
1 17
1 12
1 6
1 2
1 10
1 20
1 1
2 4
2 6
2 9
2 11
2 8
2 12
2 17
2 7
2 13
2 5
2 3
2 18
2 2
3 7
3 8
3 14
3 20
3 18
3 16
3 15
3 9
3 5
3 21
3 3
23 4
23 7
23 9
23 11
23 13
23 15
23 17
23 18
23 19
23 20
23 21
23 24
23 23
13 4
13 5
13 6
13 7
13 9
13 11
13 21
13 15
13 19
13 16
13 24
13 14
13 13
6 4
6 5
6 16
6 9
6 22
6 24
6 19
6 11
6 12
6 7
6 8
6 6
9 5
9 7
9 8
9 24
9 15
9 20
9 21
9 10
9 16
9 9
11 4
11 7
11 17
11 20
11 18
11 22
11 19
11 16
11 15
11 21
11 11
8 4
8 12
8 22
8 20
8 10
8 24
8 19
8 17
8 8
24 4
24 5
24 12
24 17
24 18
24 19
24 20
24 22
24 24
20 4
20 5
20 14
20 17
20 18
20 19
20 21
20 20
4 5
4 14
4 10
4 18
4 17
4 15
4 4
14 10
14 18
14 21
14 16
14 15
14 14
21 7
21 12
21 15
21 16
21 19
21 21
5 22
5 16
5 15
5 7
5 19
5 5
10 7
10 19
10 22
10 15
10 12
10 10
17 7
17 12
17 15
17 18
17 22
17 17
18 7
18 12
18 22
18 18
16 15
16 19
16 16
7 15
7 22
7 19
7 12
7 7
19 12
19 22
19 19
12 12
15 15
22 22