0 16 1 3 2 24 14 4 5 10 6 7 8 23 9 15 11 12 13 18 17 19 20 21 22
0 16
0 4
0 11
0 20
0 1
0 15
16 7
16 3
16 22
16 20
16 14
16 13
16 4
16 8
16 12
16 9
16 23
1 3
1 9
1 15
1 6
1 7
1 5
1 10
1 17
1 22
3 14
3 19
3 12
3 20
3 6
3 22
3 5
2 24
2 17
2 4
2 22
2 8
2 7
2 13
2 20
2 19
24 21
24 14
24 7
24 5
24 6
14 6
14 11
14 21
14 12
14 5
4 12
4 20
4 15
5 10
5 6
5 15
10 9
10 8
10 19
10 17
10 7
10 20
10 13
6 8
6 13
6 11
7 22
7 9
7 20
7 12
7 18
7 8
8 23
8 20
23 19
23 12
23 17
23 9
9 15
9 18
9 20
15 13
15 18
15 22
15 17
11 18
12 13
12 22
13 18
18 19
18 17
18 22
18 21
17 21
17 20
19 20
20 22
21 22