1 0 2 3 4 5 6 7 8 9 10 11 12 13 14 15 16 17 18 19 20 21 22 23 24
1 0
1 5
1 6
1 8
1 12
1 18
1 20
1 21
1 24
1 1
0 2
0 3
0 4
0 5
0 6
0 7
0 12
0 16
0 17
0 22
0 0
2 3
2 4
2 8
2 9
2 10
2 12
2 2
3 6
3 7
3 9
3 13
3 17
3 3
4 5
4 7
4 9
4 22
4 4
5 11
5 14
5 15
5 16
5 23
5 5
6 7
6 8
6 10
6 14
6 15
6 18
6 20
6 6
7 9
7 13
7 17
7 18
7 21
7 24
7 7
8 12
8 13
8 18
8 20
8 21
8 24
8 8
9 10
9 11
9 19
9 23
9 24
9 9
10 10
11 19
11 20
11 11
12 13
12 12
13 14
13 15
13 16
13 19
13 21
13 22
13 13
14 14
15 16
15 15
16 16
17 23
17 17
18 23
18 18
19 22
19 19
20 20
21 21
22 22
23 23
24 24