0 1 2 3 4 6 8 10 11 12 13 14 15 16 18 19 20 22 23 5 24 9 17 21 7
0 1
0 2
0 3
0 4
0 6
0 8
0 10
0 11
0 12
0 13
0 14
0 15
0 16
0 18
0 19
0 20
0 22
0 23
1 2
1 5
1 8
1 10
1 14
1 15
1 22
1 24
2 3
2 5
2 9
2 10
2 11
2 12
2 13
2 15
2 16
2 17
2 19
2 20
2 21
3 8
3 9
3 10
3 12
3 14
3 15
3 16
3 17
3 18
3 19
3 20
3 21
3 22
3 23
3 24
4 5
4 6
4 7
4 9
4 11
4 13
4 14
4 16
4 17
4 21
4 24
6 5
6 8
6 13
6 15
6 19
6 22
6 24
8 7
8 13
8 16
8 19
8 20
8 21
8 23
10 7
10 12
10 14
10 15
10 18
10 20
10 22
10 23
11 7
11 12
11 14
11 15
11 16
11 19
11 21
11 22
11 24
12 5
12 7
12 16
12 18
12 19
12 22
12 23
13 9
13 14
13 17
13 19
13 23
14 7
14 16
14 17
14 19
14 20
14 21
14 22
14 23
15 7
15 9
15 16
15 17
15 18
15 23
16 5
16 7
16 9
16 17
16 18
16 19
16 20
16 22
16 23
18 9
18 17
18 19
18 20
18 21
18 22
18 23
18 24
19 7
19 20
19 22
19 24
20 9
20 17
20 23
22 5
22 7
22 17
22 23
22 24
23 5
23 7
23 9
23 24
5 7
5 9
5 17
5 24
24 21
9 21
21 7