0 5 7 9 11 12 14 16 18 19 20 1 10 23 2 3 4 8 15 17 22 6 13 21 24
0 5
0 7
0 9
0 11
0 12
0 14
0 16
0 18
0 19
0 20
5 3
5 6
5 7
5 11
5 12
5 13
5 16
5 21
5 24
7 1
7 9
7 22
9 10
9 14
9 16
9 24
11 3
11 8
11 10
11 13
11 14
11 18
11 24
12 15
12 18
12 23
14 2
14 3
14 13
14 15
14 16
14 20
16 1
16 2
16 6
16 10
16 13
16 15
16 17
16 24
18 2
18 4
18 6
18 20
18 24
19 1
19 17
19 20
19 22
20 1
20 4
20 22
1 10
1 23
10 13
23 2
23 6
23 8
23 24
2 3
2 4
2 8
2 15
2 17
2 22
3 4
3 6
3 17
4 13
4 15
8 21
15 21
15 22
17 6
17 13
22 6
6 21
21 24