6 9 1 2 23 13 3 20 17 18 8 0 5 21 22 12 19 14 24 4 15 10 16 11 7
6 9
6 1
6 2
6 23
6 13
6 3
6 20
6 17
6 18
6 8
6 0
6 5
6 21
6 22
6 12
6 19
9 21
9 14
9 8
9 20
9 23
9 18
9 24
9 3
9 1
9 0
9 4
9 2
9 15
9 17
9 10
1 7
1 15
1 20
1 2
1 22
1 11
1 0
1 16
1 3
1 14
1 18
1 24
1 13
1 8
2 17
2 7
2 12
2 15
2 20
2 22
2 11
2 18
2 19
2 13
2 3
2 14
2 4
23 10
23 17
23 7
23 12
23 15
23 22
23 19
23 11
23 5
23 8
23 3
23 21
23 16
23 0
13 7
13 12
13 20
13 22
13 18
13 19
13 11
13 8
13 24
13 4
13 21
13 16
13 0
3 10
3 12
3 15
3 19
3 5
3 8
3 24
3 21
3 4
3 0
3 14
20 7
20 12
20 15
20 18
20 21
20 11
20 16
20 22
20 24
20 14
20 4
17 10
17 12
17 18
17 24
17 22
17 4
17 7
17 21
17 19
17 8
17 15
17 11
18 10
18 12
18 19
18 14
18 5
18 8
18 0
18 11
18 24
8 10
8 7
8 19
8 5
8 0
8 4
8 16
8 14
0 12
0 19
0 11
0 5
0 24
0 21
0 14
0 16
5 7
5 12
5 15
5 22
5 19
5 11
5 4
5 24
5 21
5 14
21 10
21 7
21 15
21 22
21 19
21 14
21 16
22 10
22 11
22 16
22 14
22 4
22 19
22 24
12 10
12 7
12 24
12 16
12 11
12 15
19 10
19 15
19 4
19 16
14 10
14 7
14 15
14 4
14 16
24 10
24 7
24 11
24 4
24 16
4 7
4 15
4 11
4 16
15 10
15 11
15 16
10 16
10 11
10 7
16 7
11 7