0 4 5 9 10 13 14 17 20 24 1 3 6 8 18 2 11 16 19 23 12 21 7 15 22
0 4
0 5
0 9
0 10
0 13
0 14
0 17
0 20
0 24
0 7
0 8
0 11
0 12
4 1
4 9
4 10
4 12
4 13
4 14
4 21
4 24
4 7
4 8
5 2
5 9
5 19
5 24
5 6
5 15
5 17
5 18
5 22
9 3
9 8
9 6
9 11
9 14
9 15
9 18
9 20
9 22
9 19
10 3
10 6
10 7
10 14
10 16
10 20
10 23
10 12
10 22
13 6
13 11
13 1
13 3
13 19
13 15
13 16
13 20
13 21
14 6
14 17
14 18
14 23
14 24
14 16
14 19
14 22
17 3
17 11
17 1
17 2
17 12
17 18
17 21
20 2
20 3
20 8
20 11
20 21
20 22
24 3
24 1
24 11
24 12
24 18
1 3
1 6
1 8
1 18
1 2
1 11
1 15
1 21
3 2
3 8
3 16
3 19
3 23
3 12
3 18
6 2
6 11
6 21
6 23
6 15
6 16
8 11
8 16
18 15
18 7
18 19
2 11
11 7
11 15
11 22
11 12
11 19
16 12
19 15
19 7
19 21
19 23
23 15
12 22
12 15
21 7