0 14 20 17 1 2 10 11 18 22 8 5 7 9 13 3 12 15 6 21 23 16 24 4 19
0 14
0 20
0 17
0 1
0 2
0 10
0 11
0 18
0 22
0 8
0 5
0 7
0 9
0 13
0 3
14 2
14 3
14 4
14 7
14 9
14 10
14 11
14 12
14 13
14 17
14 21
14 24
14 22
14 15
20 1
20 5
20 6
20 8
20 9
20 10
20 17
20 18
20 21
17 1
17 3
17 5
17 6
17 7
17 10
17 11
17 12
17 13
17 15
17 16
17 19
17 18
17 23
17 22
1 12
1 5
1 13
1 10
1 15
1 9
1 18
1 7
1 22
1 6
2 18
2 22
2 7
2 21
2 3
2 9
2 10
2 6
2 5
2 12
2 23
2 16
10 4
10 6
10 9
10 13
10 12
10 24
10 19
10 22
10 18
10 16
11 3
11 4
11 6
11 8
11 9
11 16
11 19
11 15
11 13
11 18
11 23
18 3
18 6
18 8
18 12
18 15
18 22
18 24
22 3
22 4
22 5
22 13
22 16
8 3
8 5
8 15
8 23
8 21
8 13
8 9
5 4
5 15
5 12
5 24
5 23
5 6
7 3
7 12
7 9
7 15
7 21
7 16
7 13
7 24
9 3
9 24
9 15
9 19
9 12
9 13
13 3
13 4
13 6
13 15
3 12
3 15
3 24
3 21
12 4
12 19
12 24
12 15
12 21
12 16
15 6
15 21
15 19
15 24
6 23
6 19
21 16
21 23
23 16
23 24
16 19
16 24
4 19