0 1 2 3 4 5 6 7 8 9 10 11 12 13 14 15 16 17 18 19 20 21 22 23 24
0 1
0 2
0 3
0 4
0 5
0 6
0 7
0 8
0 9
0 10
0 11
0 12
0 13
0 14
0 15
0 16
0 17
0 18
0 19
0 20
0 21
0 22
0 23
0 24
1 21
1 18
1 16
1 2
1 4
1 5
1 8
1 15
1 17
1 24
2 5
2 20
2 18
2 11
2 9
2 4
2 19
2 24
2 17
2 6
2 8
2 16
3 15
3 20
3 16
3 21
3 7
3 5
3 10
3 9
3 22
3 6
3 11
3 18
4 22
4 21
4 5
4 12
4 23
4 13
4 17
4 6
4 10
4 7
4 8
4 9
4 14
4 15
5 18
5 12
5 15
5 8
5 20
5 17
5 7
5 11
5 9
5 19
6 13
6 9
6 21
6 7
6 8
6 11
6 14
6 15
6 17
6 19
7 9
7 18
7 19
7 20
7 10
7 11
7 15
7 21
7 23
8 12
8 10
8 9
8 11
8 14
8 13
8 15
8 18
8 21
9 20
9 12
9 21
9 19
9 24
9 14
9 22
9 10
9 23
10 24
10 20
10 16
10 15
10 11
10 14
10 18
10 19
11 13
11 12
11 17
11 18
11 16
11 15
11 21
12 14
12 16
12 18
12 19
12 20
13 18
13 24
13 23
13 20
13 14
13 17
13 21
13 19
14 18
14 22
14 15
14 19
14 24
14 20
14 23
15 17
15 24
15 23
15 18
15 20
15 21
16 24
16 18
16 20
17 20
17 23
18 24
18 19
19 24
19 20
20 24
21 22
22 23
23 24