0 18 22 20 4 21 1 14 24 2 10 15 3 13 7 12 5 8 6 9 19 11 16 17 23
0 18
0 22
0 20
0 4
0 21
0 2
0 6
0 8
0 10
0 11
0 12
0 13
0 14
0 15
0 17
0 23
18 5
18 14
18 17
18 2
18 22
18 21
18 23
22 21
22 6
22 2
22 13
22 24
20 2
20 14
20 19
4 5
4 3
4 8
4 1
4 13
4 10
4 7
4 9
4 12
4 14
4 15
4 17
4 19
4 21
4 23
4 24
21 1
21 5
21 8
21 14
21 15
21 9
21 17
21 7
21 16
21 19
21 24
21 12
1 14
1 24
1 3
1 5
1 7
1 9
1 12
1 13
1 15
1 19
14 5
14 6
14 11
24 11
24 16
24 19
24 15
24 3
24 13
2 10
2 15
2 7
2 8
2 23
10 3
15 11
15 13
15 5
15 3
15 7
15 19
3 13
3 7
3 12
3 16
3 19
13 8
13 16
7 5
7 19
12 5
12 6
12 19
12 23
5 16
5 19
8 23
6 9
6 19
9 19
19 17
19 11