0 12 8 17 7 15 1 10 3 23 19 16 18 14 11 4 5 20 6 22 9 21 2 24 13
0 12
0 8
0 17
0 7
0 15
0 1
0 10
0 3
0 23
0 19
0 16
0 18
0 14
0 11
0 4
0 5
0 20
12 1
12 2
12 3
12 4
12 7
12 8
12 9
12 11
12 13
12 14
12 16
12 22
12 21
12 18
12 24
8 1
8 2
8 3
8 5
8 6
8 7
8 21
8 13
8 11
8 16
8 14
8 24
8 10
8 18
8 22
8 15
8 23
8 20
17 1
17 2
17 3
17 5
17 6
17 7
17 13
17 16
17 22
17 24
17 21
17 20
17 19
17 23
7 2
7 3
7 4
7 5
7 24
7 18
7 20
7 9
7 10
7 23
7 22
7 15
7 19
7 13
15 1
15 2
15 3
15 5
15 6
15 9
15 10
15 13
15 22
15 23
15 18
15 21
15 24
15 19
15 20
1 6
1 4
1 10
1 23
1 14
1 22
1 16
1 3
1 11
1 9
1 19
1 21
1 2
1 24
1 18
1 13
10 2
10 4
10 5
10 6
10 9
10 23
10 19
10 13
10 22
10 20
10 14
10 11
10 18
3 13
3 23
3 21
3 18
3 19
3 16
3 14
23 2
23 4
23 9
23 11
23 13
23 14
23 16
23 20
23 21
23 22
19 2
19 4
19 5
19 6
19 9
19 11
19 13
19 14
19 16
19 20
19 24
19 21
16 2
16 5
16 9
16 11
16 13
16 24
16 22
16 21
16 20
16 18
18 4
18 6
18 11
18 13
18 20
18 22
18 21
14 2
14 5
14 6
14 9
14 11
14 22
14 21
14 24
11 2
11 5
11 6
11 24
11 21
4 2
4 9
4 20
4 6
4 13
4 22
5 20
5 22
5 9
5 13
5 6
20 2
20 6
20 13
20 21
20 22
6 2
6 22
6 9
22 2
22 9
22 13
22 21
9 24
9 13
21 2
21 13
21 24
2 24
2 13