0 10 13 18 23 1 2 5 6 9 15 16 19 21 24 4 17 22 3 12 20 7 11 8 14
0 10
0 13
0 18
0 23
10 2
10 3
10 9
10 11
10 12
10 13
10 16
10 18
10 19
10 21
10 24
13 3
13 4
13 6
13 7
13 8
13 9
13 12
13 23
18 5
18 8
18 12
18 16
18 21
23 2
23 19
23 21
23 24
1 2
1 5
1 6
1 9
1 15
1 16
1 19
1 21
1 24
2 4
2 17
2 19
2 22
5 3
5 6
5 7
5 11
5 12
6 3
6 4
6 8
6 11
6 12
6 14
6 19
6 21
6 22
6 24
9 4
9 7
9 8
9 14
9 15
9 20
9 24
15 3
15 4
15 11
16 4
16 7
16 11
16 21
19 11
19 12
19 17
19 20
21 12
21 14
21 20
24 11
24 12
4 12
4 20
4 22
17 3
22 8
20 11
20 14
7 8
7 11
11 8
11 14